
*** Running vivado
    with args -log design_1_v_vid_in_axi4s_0_0.vds -m64 -product Vivado -mode batch -messageDb vivado.pb -notrace -source design_1_v_vid_in_axi4s_0_0.tcl



****** Vivado v2023.1 (64-bit)
  **** SW Build 3865809 on Sun May  7 15:05:29 MDT 2023
  **** IP Build 3864474 on Sun May  7 20:36:21 MDT 2023
  **** SharedData Build 3865790 on Sun May 07 13:33:03 MDT 2023
    ** Copyright 1986-2022 Xilinx, Inc. All Rights Reserved.
    ** Copyright 2022-2023 Advanced Micro Devices, Inc. All Rights Reserved.

source design_1_v_vid_in_axi4s_0_0.tcl -notrace
create_project: Time (s): cpu = 00:00:07 ; elapsed = 00:00:08 . Memory (MB): peak = 1390.531 ; gain = 161.277
INFO: [IP_Flow 19-234] Refreshing IP repositories
INFO: [IP_Flow 19-1700] Loaded user IP repository 'c:/Users/Santiago/OneDrive/Escritorio/ov5640_spipeline_800x600/ip_repo'.
INFO: [IP_Flow 19-2313] Loaded Vivado IP repository 'C:/Xilinx/Vivado/2023.1/data/ip'.
WARNING: [IP_Flow 19-4995] The host OS only allows 260 characters in a normal path. The IP cache path is more than 80 characters. If you experience issues with IP caching, please consider changing the IP cache to a location with a shorter path. Alternately consider using the OS subst command to map part of the path to a drive letter. 
Current IP cache path is c:/Users/Santiago/OneDrive/Escritorio/ov5640_sv_ed_800x600_v1/ov5640_sv_ed.cache/ip 
INFO: [IP_Flow 19-6924] IPCACHE: Running cache check for IP inst: design_1_v_vid_in_axi4s_0_0
Command: synth_design -top design_1_v_vid_in_axi4s_0_0 -part xc7z020clg400-1 -incremental_mode off -mode out_of_context
Starting synth_design
Attempting to get a license for feature 'Synthesis' and/or device 'xc7z020'
INFO: [Common 17-349] Got license for feature 'Synthesis' and/or device 'xc7z020'
INFO: [Device 21-403] Loading part xc7z020clg400-1
INFO: [Synth 8-7079] Multithreading enabled for synth_design using a maximum of 2 processes.
INFO: [Synth 8-7078] Launching helper process for spawning children vivado processes
INFO: [Synth 8-7075] Helper process launched with PID 5888
---------------------------------------------------------------------------------
Starting RTL Elaboration : Time (s): cpu = 00:00:06 ; elapsed = 00:00:06 . Memory (MB): peak = 2246.340 ; gain = 409.129
---------------------------------------------------------------------------------
INFO: [Synth 8-6157] synthesizing module 'design_1_v_vid_in_axi4s_0_0' [c:/Users/Santiago/OneDrive/Escritorio/ov5640_sv_ed_800x600_v1/ov5640_sv_ed.gen/sources_1/bd/design_1/ip/design_1_v_vid_in_axi4s_0_0/synth/design_1_v_vid_in_axi4s_0_0.v:53]
INFO: [Synth 8-6157] synthesizing module 'v_vid_in_axi4s_v5_0_2' [c:/Users/Santiago/OneDrive/Escritorio/ov5640_sv_ed_800x600_v1/ov5640_sv_ed.gen/sources_1/bd/design_1/ipshared/9649/hdl/v_vid_in_axi4s_v5_0_vl_rfs.v:1901]
INFO: [Synth 8-6157] synthesizing module 'v_vid_in_axi4s_v5_0_2_cdc_single' [c:/Users/Santiago/OneDrive/Escritorio/ov5640_sv_ed_800x600_v1/ov5640_sv_ed.gen/sources_1/bd/design_1/ipshared/9649/hdl/v_vid_in_axi4s_v5_0_vl_rfs.v:207]
INFO: [Synth 8-6157] synthesizing module 'xpm_cdc_single' [C:/Xilinx/Vivado/2023.1/data/ip/xpm/xpm_cdc/hdl/xpm_cdc.sv:152]
INFO: [Synth 8-6155] done synthesizing module 'xpm_cdc_single' (0#1) [C:/Xilinx/Vivado/2023.1/data/ip/xpm/xpm_cdc/hdl/xpm_cdc.sv:152]
INFO: [Synth 8-6155] done synthesizing module 'v_vid_in_axi4s_v5_0_2_cdc_single' (0#1) [c:/Users/Santiago/OneDrive/Escritorio/ov5640_sv_ed_800x600_v1/ov5640_sv_ed.gen/sources_1/bd/design_1/ipshared/9649/hdl/v_vid_in_axi4s_v5_0_vl_rfs.v:207]
INFO: [Synth 8-6157] synthesizing module 'v_vid_in_axi4s_v5_0_2_formatter' [c:/Users/Santiago/OneDrive/Escritorio/ov5640_sv_ed_800x600_v1/ov5640_sv_ed.gen/sources_1/bd/design_1/ipshared/9649/hdl/v_vid_in_axi4s_v5_0_vl_rfs.v:518]
INFO: [Synth 8-6155] done synthesizing module 'v_vid_in_axi4s_v5_0_2_formatter' (0#1) [c:/Users/Santiago/OneDrive/Escritorio/ov5640_sv_ed_800x600_v1/ov5640_sv_ed.gen/sources_1/bd/design_1/ipshared/9649/hdl/v_vid_in_axi4s_v5_0_vl_rfs.v:518]
INFO: [Synth 8-6157] synthesizing module 'v_vid_in_axi4s_v5_0_2_coupler' [c:/Users/Santiago/OneDrive/Escritorio/ov5640_sv_ed_800x600_v1/ov5640_sv_ed.gen/sources_1/bd/design_1/ipshared/9649/hdl/v_vid_in_axi4s_v5_0_vl_rfs.v:291]
INFO: [Synth 8-6157] synthesizing module 'v_vid_in_axi4s_v5_0_2_fifo_async' [c:/Users/Santiago/OneDrive/Escritorio/ov5640_sv_ed_800x600_v1/ov5640_sv_ed.gen/sources_1/bd/design_1/ipshared/9649/hdl/v_vid_in_axi4s_v5_0_vl_rfs.v:57]
INFO: [Synth 8-6157] synthesizing module 'xpm_fifo_async' [C:/Xilinx/Vivado/2023.1/data/ip/xpm/xpm_fifo/hdl/xpm_fifo.sv:2151]
INFO: [Synth 8-6157] synthesizing module 'xpm_fifo_base' [C:/Xilinx/Vivado/2023.1/data/ip/xpm/xpm_fifo/hdl/xpm_fifo.sv:55]
INFO: [Synth 8-6157] synthesizing module 'xpm_memory_base' [C:/Xilinx/Vivado/2023.1/data/ip/xpm/xpm_memory/hdl/xpm_memory.sv:56]
INFO: [Synth 8-6059] Synth Info: [XPM_MEMORY 20-1] MEMORY_PRIMITIVE (0) instructs Vivado Synthesis to choose the memory primitive type. Depending on their values, other XPM_MEMORY parameters may preclude the choice of certain memory primitive types. Review XPM_MEMORY documentation and parameter values to understand any limitations, or set MEMORY_PRIMITIVE to a different value.   [C:/Xilinx/Vivado/2023.1/data/ip/xpm/xpm_memory/hdl/xpm_memory.sv:508]
INFO: [Synth 8-6155] done synthesizing module 'xpm_memory_base' (0#1) [C:/Xilinx/Vivado/2023.1/data/ip/xpm/xpm_memory/hdl/xpm_memory.sv:56]
INFO: [Synth 8-6157] synthesizing module 'xpm_cdc_gray' [C:/Xilinx/Vivado/2023.1/data/ip/xpm/xpm_cdc/hdl/xpm_cdc.sv:283]
INFO: [Synth 8-6155] done synthesizing module 'xpm_cdc_gray' (0#1) [C:/Xilinx/Vivado/2023.1/data/ip/xpm/xpm_cdc/hdl/xpm_cdc.sv:283]
INFO: [Synth 8-6157] synthesizing module 'xpm_fifo_reg_vec' [C:/Xilinx/Vivado/2023.1/data/ip/xpm/xpm_fifo/hdl/xpm_fifo.sv:1885]
INFO: [Synth 8-6155] done synthesizing module 'xpm_fifo_reg_vec' (0#1) [C:/Xilinx/Vivado/2023.1/data/ip/xpm/xpm_fifo/hdl/xpm_fifo.sv:1885]
INFO: [Synth 8-6157] synthesizing module 'xpm_cdc_gray__parameterized0' [C:/Xilinx/Vivado/2023.1/data/ip/xpm/xpm_cdc/hdl/xpm_cdc.sv:283]
INFO: [Synth 8-6155] done synthesizing module 'xpm_cdc_gray__parameterized0' (0#1) [C:/Xilinx/Vivado/2023.1/data/ip/xpm/xpm_cdc/hdl/xpm_cdc.sv:283]
INFO: [Synth 8-6157] synthesizing module 'xpm_fifo_reg_vec__parameterized0' [C:/Xilinx/Vivado/2023.1/data/ip/xpm/xpm_fifo/hdl/xpm_fifo.sv:1885]
INFO: [Synth 8-6155] done synthesizing module 'xpm_fifo_reg_vec__parameterized0' (0#1) [C:/Xilinx/Vivado/2023.1/data/ip/xpm/xpm_fifo/hdl/xpm_fifo.sv:1885]
INFO: [Synth 8-6157] synthesizing module 'xpm_cdc_gray__parameterized1' [C:/Xilinx/Vivado/2023.1/data/ip/xpm/xpm_cdc/hdl/xpm_cdc.sv:283]
INFO: [Synth 8-6155] done synthesizing module 'xpm_cdc_gray__parameterized1' (0#1) [C:/Xilinx/Vivado/2023.1/data/ip/xpm/xpm_cdc/hdl/xpm_cdc.sv:283]
INFO: [Synth 8-226] default block is never used [C:/Xilinx/Vivado/2023.1/data/ip/xpm/xpm_fifo/hdl/xpm_fifo.sv:1207]
INFO: [Synth 8-226] default block is never used [C:/Xilinx/Vivado/2023.1/data/ip/xpm/xpm_fifo/hdl/xpm_fifo.sv:1274]
INFO: [Synth 8-226] default block is never used [C:/Xilinx/Vivado/2023.1/data/ip/xpm/xpm_fifo/hdl/xpm_fifo.sv:1296]
INFO: [Synth 8-6157] synthesizing module 'xpm_fifo_reg_bit' [C:/Xilinx/Vivado/2023.1/data/ip/xpm/xpm_fifo/hdl/xpm_fifo.sv:1907]
INFO: [Synth 8-6155] done synthesizing module 'xpm_fifo_reg_bit' (0#1) [C:/Xilinx/Vivado/2023.1/data/ip/xpm/xpm_fifo/hdl/xpm_fifo.sv:1907]
INFO: [Synth 8-6157] synthesizing module 'xpm_counter_updn' [C:/Xilinx/Vivado/2023.1/data/ip/xpm/xpm_fifo/hdl/xpm_fifo.sv:1859]
INFO: [Synth 8-6155] done synthesizing module 'xpm_counter_updn' (0#1) [C:/Xilinx/Vivado/2023.1/data/ip/xpm/xpm_fifo/hdl/xpm_fifo.sv:1859]
INFO: [Synth 8-6157] synthesizing module 'xpm_fifo_rst' [C:/Xilinx/Vivado/2023.1/data/ip/xpm/xpm_fifo/hdl/xpm_fifo.sv:1619]
INFO: [Synth 8-6157] synthesizing module 'xpm_cdc_sync_rst' [C:/Xilinx/Vivado/2023.1/data/ip/xpm/xpm_cdc/hdl/xpm_cdc.sv:1058]
INFO: [Synth 8-6155] done synthesizing module 'xpm_cdc_sync_rst' (0#1) [C:/Xilinx/Vivado/2023.1/data/ip/xpm/xpm_cdc/hdl/xpm_cdc.sv:1058]
INFO: [Synth 8-6155] done synthesizing module 'xpm_fifo_rst' (0#1) [C:/Xilinx/Vivado/2023.1/data/ip/xpm/xpm_fifo/hdl/xpm_fifo.sv:1619]
INFO: [Synth 8-6157] synthesizing module 'xpm_counter_updn__parameterized0' [C:/Xilinx/Vivado/2023.1/data/ip/xpm/xpm_fifo/hdl/xpm_fifo.sv:1859]
INFO: [Synth 8-6155] done synthesizing module 'xpm_counter_updn__parameterized0' (0#1) [C:/Xilinx/Vivado/2023.1/data/ip/xpm/xpm_fifo/hdl/xpm_fifo.sv:1859]
INFO: [Synth 8-6157] synthesizing module 'xpm_counter_updn__parameterized1' [C:/Xilinx/Vivado/2023.1/data/ip/xpm/xpm_fifo/hdl/xpm_fifo.sv:1859]
INFO: [Synth 8-6155] done synthesizing module 'xpm_counter_updn__parameterized1' (0#1) [C:/Xilinx/Vivado/2023.1/data/ip/xpm/xpm_fifo/hdl/xpm_fifo.sv:1859]
INFO: [Synth 8-6157] synthesizing module 'xpm_counter_updn__parameterized2' [C:/Xilinx/Vivado/2023.1/data/ip/xpm/xpm_fifo/hdl/xpm_fifo.sv:1859]
INFO: [Synth 8-6155] done synthesizing module 'xpm_counter_updn__parameterized2' (0#1) [C:/Xilinx/Vivado/2023.1/data/ip/xpm/xpm_fifo/hdl/xpm_fifo.sv:1859]
INFO: [Synth 8-6155] done synthesizing module 'xpm_fifo_base' (0#1) [C:/Xilinx/Vivado/2023.1/data/ip/xpm/xpm_fifo/hdl/xpm_fifo.sv:55]
INFO: [Synth 8-6155] done synthesizing module 'xpm_fifo_async' (0#1) [C:/Xilinx/Vivado/2023.1/data/ip/xpm/xpm_fifo/hdl/xpm_fifo.sv:2151]
WARNING: [Synth 8-7071] port 'almost_full' of module 'xpm_fifo_async' is unconnected for instance 'XPM_FIFO_ASYNC_INST' [c:/Users/Santiago/OneDrive/Escritorio/ov5640_sv_ed_800x600_v1/ov5640_sv_ed.gen/sources_1/bd/design_1/ipshared/9649/hdl/v_vid_in_axi4s_v5_0_vl_rfs.v:108]
WARNING: [Synth 8-7071] port 'wr_ack' of module 'xpm_fifo_async' is unconnected for instance 'XPM_FIFO_ASYNC_INST' [c:/Users/Santiago/OneDrive/Escritorio/ov5640_sv_ed_800x600_v1/ov5640_sv_ed.gen/sources_1/bd/design_1/ipshared/9649/hdl/v_vid_in_axi4s_v5_0_vl_rfs.v:108]
WARNING: [Synth 8-7071] port 'almost_empty' of module 'xpm_fifo_async' is unconnected for instance 'XPM_FIFO_ASYNC_INST' [c:/Users/Santiago/OneDrive/Escritorio/ov5640_sv_ed_800x600_v1/ov5640_sv_ed.gen/sources_1/bd/design_1/ipshared/9649/hdl/v_vid_in_axi4s_v5_0_vl_rfs.v:108]
WARNING: [Synth 8-7071] port 'data_valid' of module 'xpm_fifo_async' is unconnected for instance 'XPM_FIFO_ASYNC_INST' [c:/Users/Santiago/OneDrive/Escritorio/ov5640_sv_ed_800x600_v1/ov5640_sv_ed.gen/sources_1/bd/design_1/ipshared/9649/hdl/v_vid_in_axi4s_v5_0_vl_rfs.v:108]
WARNING: [Synth 8-7023] instance 'XPM_FIFO_ASYNC_INST' of module 'xpm_fifo_async' has 26 connections declared, but only 22 given [c:/Users/Santiago/OneDrive/Escritorio/ov5640_sv_ed_800x600_v1/ov5640_sv_ed.gen/sources_1/bd/design_1/ipshared/9649/hdl/v_vid_in_axi4s_v5_0_vl_rfs.v:108]
INFO: [Synth 8-6155] done synthesizing module 'v_vid_in_axi4s_v5_0_2_fifo_async' (0#1) [c:/Users/Santiago/OneDrive/Escritorio/ov5640_sv_ed_800x600_v1/ov5640_sv_ed.gen/sources_1/bd/design_1/ipshared/9649/hdl/v_vid_in_axi4s_v5_0_vl_rfs.v:57]
INFO: [Synth 8-6155] done synthesizing module 'v_vid_in_axi4s_v5_0_2_coupler' (0#1) [c:/Users/Santiago/OneDrive/Escritorio/ov5640_sv_ed_800x600_v1/ov5640_sv_ed.gen/sources_1/bd/design_1/ipshared/9649/hdl/v_vid_in_axi4s_v5_0_vl_rfs.v:291]
INFO: [Synth 8-6155] done synthesizing module 'v_vid_in_axi4s_v5_0_2' (0#1) [c:/Users/Santiago/OneDrive/Escritorio/ov5640_sv_ed_800x600_v1/ov5640_sv_ed.gen/sources_1/bd/design_1/ipshared/9649/hdl/v_vid_in_axi4s_v5_0_vl_rfs.v:1901]
INFO: [Synth 8-6155] done synthesizing module 'design_1_v_vid_in_axi4s_0_0' (0#1) [c:/Users/Santiago/OneDrive/Escritorio/ov5640_sv_ed_800x600_v1/ov5640_sv_ed.gen/sources_1/bd/design_1/ip/design_1_v_vid_in_axi4s_0_0/synth/design_1_v_vid_in_axi4s_0_0.v:53]
WARNING: [Synth 8-6014] Unused sequential element gen_rd_b.gen_doutb_pipe.enb_pipe_reg[0] was removed.  [C:/Xilinx/Vivado/2023.1/data/ip/xpm/xpm_memory/hdl/xpm_memory.sv:3071]
WARNING: [Synth 8-6014] Unused sequential element dest_out_bin_ff_reg was removed.  [C:/Xilinx/Vivado/2023.1/data/ip/xpm/xpm_cdc/hdl/xpm_cdc.sv:417]
WARNING: [Synth 8-6014] Unused sequential element dest_out_bin_ff_reg was removed.  [C:/Xilinx/Vivado/2023.1/data/ip/xpm/xpm_cdc/hdl/xpm_cdc.sv:417]
WARNING: [Synth 8-6014] Unused sequential element dest_out_bin_ff_reg was removed.  [C:/Xilinx/Vivado/2023.1/data/ip/xpm/xpm_cdc/hdl/xpm_cdc.sv:417]
WARNING: [Synth 8-6014] Unused sequential element gen_fwft.empty_fwft_fb_reg was removed.  [C:/Xilinx/Vivado/2023.1/data/ip/xpm/xpm_fifo/hdl/xpm_fifo.sv:1391]
WARNING: [Synth 8-3848] Net fifo_overflow_from_remap in module/entity v_vid_in_axi4s_v5_0_2 does not have driver. [c:/Users/Santiago/OneDrive/Escritorio/ov5640_sv_ed_800x600_v1/ov5640_sv_ed.gen/sources_1/bd/design_1/ipshared/9649/hdl/v_vid_in_axi4s_v5_0_vl_rfs.v:2020]
WARNING: [Synth 8-7129] Port sleep in module xpm_memory_base is either unconnected or has no load
WARNING: [Synth 8-7129] Port rsta in module xpm_memory_base is either unconnected or has no load
WARNING: [Synth 8-7129] Port regcea in module xpm_memory_base is either unconnected or has no load
WARNING: [Synth 8-7129] Port injectsbiterra in module xpm_memory_base is either unconnected or has no load
WARNING: [Synth 8-7129] Port injectdbiterra in module xpm_memory_base is either unconnected or has no load
WARNING: [Synth 8-7129] Port dinb[18] in module xpm_memory_base is either unconnected or has no load
WARNING: [Synth 8-7129] Port dinb[17] in module xpm_memory_base is either unconnected or has no load
WARNING: [Synth 8-7129] Port dinb[16] in module xpm_memory_base is either unconnected or has no load
WARNING: [Synth 8-7129] Port dinb[15] in module xpm_memory_base is either unconnected or has no load
WARNING: [Synth 8-7129] Port dinb[14] in module xpm_memory_base is either unconnected or has no load
WARNING: [Synth 8-7129] Port dinb[13] in module xpm_memory_base is either unconnected or has no load
WARNING: [Synth 8-7129] Port dinb[12] in module xpm_memory_base is either unconnected or has no load
WARNING: [Synth 8-7129] Port dinb[11] in module xpm_memory_base is either unconnected or has no load
WARNING: [Synth 8-7129] Port dinb[10] in module xpm_memory_base is either unconnected or has no load
WARNING: [Synth 8-7129] Port dinb[9] in module xpm_memory_base is either unconnected or has no load
WARNING: [Synth 8-7129] Port dinb[8] in module xpm_memory_base is either unconnected or has no load
WARNING: [Synth 8-7129] Port dinb[7] in module xpm_memory_base is either unconnected or has no load
WARNING: [Synth 8-7129] Port dinb[6] in module xpm_memory_base is either unconnected or has no load
WARNING: [Synth 8-7129] Port dinb[5] in module xpm_memory_base is either unconnected or has no load
WARNING: [Synth 8-7129] Port dinb[4] in module xpm_memory_base is either unconnected or has no load
WARNING: [Synth 8-7129] Port dinb[3] in module xpm_memory_base is either unconnected or has no load
WARNING: [Synth 8-7129] Port dinb[2] in module xpm_memory_base is either unconnected or has no load
WARNING: [Synth 8-7129] Port dinb[1] in module xpm_memory_base is either unconnected or has no load
WARNING: [Synth 8-7129] Port dinb[0] in module xpm_memory_base is either unconnected or has no load
WARNING: [Synth 8-7129] Port injectsbiterrb in module xpm_memory_base is either unconnected or has no load
WARNING: [Synth 8-7129] Port injectdbiterrb in module xpm_memory_base is either unconnected or has no load
WARNING: [Synth 8-7129] Port ARESETN in module v_vid_in_axi4s_v5_0_2_coupler is either unconnected or has no load
WARNING: [Synth 8-7129] Port VID_FORMAT[1] in module v_vid_in_axi4s_v5_0_2_formatter is either unconnected or has no load
WARNING: [Synth 8-7129] Port VID_FORMAT[0] in module v_vid_in_axi4s_v5_0_2_formatter is either unconnected or has no load
WARNING: [Synth 8-7129] Port src_clk in module xpm_cdc_single is either unconnected or has no load
WARNING: [Synth 8-7129] Port vid_de_arb[0] in module v_vid_in_axi4s_v5_0_2 is either unconnected or has no load
WARNING: [Synth 8-7129] Port vid_vsync_arb[0] in module v_vid_in_axi4s_v5_0_2 is either unconnected or has no load
WARNING: [Synth 8-7129] Port vid_hsync_arb[0] in module v_vid_in_axi4s_v5_0_2 is either unconnected or has no load
WARNING: [Synth 8-7129] Port vid_field_id_arb in module v_vid_in_axi4s_v5_0_2 is either unconnected or has no load
WARNING: [Synth 8-7129] Port vid_data_arb[15] in module v_vid_in_axi4s_v5_0_2 is either unconnected or has no load
WARNING: [Synth 8-7129] Port vid_data_arb[14] in module v_vid_in_axi4s_v5_0_2 is either unconnected or has no load
WARNING: [Synth 8-7129] Port vid_data_arb[13] in module v_vid_in_axi4s_v5_0_2 is either unconnected or has no load
WARNING: [Synth 8-7129] Port vid_data_arb[12] in module v_vid_in_axi4s_v5_0_2 is either unconnected or has no load
WARNING: [Synth 8-7129] Port vid_data_arb[11] in module v_vid_in_axi4s_v5_0_2 is either unconnected or has no load
WARNING: [Synth 8-7129] Port vid_data_arb[10] in module v_vid_in_axi4s_v5_0_2 is either unconnected or has no load
WARNING: [Synth 8-7129] Port vid_data_arb[9] in module v_vid_in_axi4s_v5_0_2 is either unconnected or has no load
WARNING: [Synth 8-7129] Port vid_data_arb[8] in module v_vid_in_axi4s_v5_0_2 is either unconnected or has no load
WARNING: [Synth 8-7129] Port vid_data_arb[7] in module v_vid_in_axi4s_v5_0_2 is either unconnected or has no load
WARNING: [Synth 8-7129] Port vid_data_arb[6] in module v_vid_in_axi4s_v5_0_2 is either unconnected or has no load
WARNING: [Synth 8-7129] Port vid_data_arb[5] in module v_vid_in_axi4s_v5_0_2 is either unconnected or has no load
WARNING: [Synth 8-7129] Port vid_data_arb[4] in module v_vid_in_axi4s_v5_0_2 is either unconnected or has no load
WARNING: [Synth 8-7129] Port vid_data_arb[3] in module v_vid_in_axi4s_v5_0_2 is either unconnected or has no load
WARNING: [Synth 8-7129] Port vid_data_arb[2] in module v_vid_in_axi4s_v5_0_2 is either unconnected or has no load
WARNING: [Synth 8-7129] Port vid_data_arb[1] in module v_vid_in_axi4s_v5_0_2 is either unconnected or has no load
WARNING: [Synth 8-7129] Port vid_data_arb[0] in module v_vid_in_axi4s_v5_0_2 is either unconnected or has no load
WARNING: [Synth 8-7129] Port vid_format[1] in module v_vid_in_axi4s_v5_0_2 is either unconnected or has no load
WARNING: [Synth 8-7129] Port vid_format[0] in module v_vid_in_axi4s_v5_0_2 is either unconnected or has no load
WARNING: [Synth 8-7129] Port drop_en in module v_vid_in_axi4s_v5_0_2 is either unconnected or has no load
WARNING: [Synth 8-7129] Port remap_420_en in module v_vid_in_axi4s_v5_0_2 is either unconnected or has no load
---------------------------------------------------------------------------------
Finished RTL Elaboration : Time (s): cpu = 00:00:09 ; elapsed = 00:00:09 . Memory (MB): peak = 2348.871 ; gain = 511.660
---------------------------------------------------------------------------------
---------------------------------------------------------------------------------
Start Handling Custom Attributes
---------------------------------------------------------------------------------
---------------------------------------------------------------------------------
Finished Handling Custom Attributes : Time (s): cpu = 00:00:09 ; elapsed = 00:00:09 . Memory (MB): peak = 2366.781 ; gain = 529.570
---------------------------------------------------------------------------------
---------------------------------------------------------------------------------
Finished RTL Optimization Phase 1 : Time (s): cpu = 00:00:09 ; elapsed = 00:00:09 . Memory (MB): peak = 2366.781 ; gain = 529.570
---------------------------------------------------------------------------------
Netlist sorting complete. Time (s): cpu = 00:00:00 ; elapsed = 00:00:00.014 . Memory (MB): peak = 2366.781 ; gain = 0.000
INFO: [Project 1-570] Preparing netlist for logic optimization

Processing XDC Constraints
Initializing timing engine
Parsing XDC File [c:/Users/Santiago/OneDrive/Escritorio/ov5640_sv_ed_800x600_v1/ov5640_sv_ed.gen/sources_1/bd/design_1/ip/design_1_v_vid_in_axi4s_0_0/design_1_v_vid_in_axi4s_0_0_ooc.xdc] for cell 'inst'
Finished Parsing XDC File [c:/Users/Santiago/OneDrive/Escritorio/ov5640_sv_ed_800x600_v1/ov5640_sv_ed.gen/sources_1/bd/design_1/ip/design_1_v_vid_in_axi4s_0_0/design_1_v_vid_in_axi4s_0_0_ooc.xdc] for cell 'inst'
Parsing XDC File [C:/Users/Santiago/OneDrive/Escritorio/ov5640_sv_ed_800x600_v1/ov5640_sv_ed.runs/design_1_v_vid_in_axi4s_0_0_synth_1/dont_touch.xdc]
Finished Parsing XDC File [C:/Users/Santiago/OneDrive/Escritorio/ov5640_sv_ed_800x600_v1/ov5640_sv_ed.runs/design_1_v_vid_in_axi4s_0_0_synth_1/dont_touch.xdc]
Parsing XDC File [c:/Users/Santiago/OneDrive/Escritorio/ov5640_sv_ed_800x600_v1/ov5640_sv_ed.gen/sources_1/bd/design_1/ip/design_1_v_vid_in_axi4s_0_0/design_1_v_vid_in_axi4s_0_0_clocks.xdc] for cell 'inst'
Finished Parsing XDC File [c:/Users/Santiago/OneDrive/Escritorio/ov5640_sv_ed_800x600_v1/ov5640_sv_ed.gen/sources_1/bd/design_1/ip/design_1_v_vid_in_axi4s_0_0/design_1_v_vid_in_axi4s_0_0_clocks.xdc] for cell 'inst'
INFO: [Project 1-236] Implementation specific constraints were found while reading constraint file [C:/Xilinx/Vivado/2023.1/data/ip/xpm/xpm_cdc/tcl/xpm_cdc_gray.tcl]. These constraints will be ignored for synthesis but will be used in implementation. Impacted constraints are listed in the file [.Xil/design_1_v_vid_in_axi4s_0_0_propImpl.xdc].
Resolution: To avoid this warning, move constraints listed in [.Xil/design_1_v_vid_in_axi4s_0_0_propImpl.xdc] to another XDC file and exclude this new file from synthesis with the used_in_synthesis property (File Properties dialog in GUI) and re-run elaboration/synthesis.
INFO: [Project 1-236] Implementation specific constraints were found while reading constraint file [C:/Xilinx/Vivado/2023.1/data/ip/xpm/xpm_cdc/tcl/xpm_cdc_single.tcl]. These constraints will be ignored for synthesis but will be used in implementation. Impacted constraints are listed in the file [.Xil/design_1_v_vid_in_axi4s_0_0_propImpl.xdc].
Resolution: To avoid this warning, move constraints listed in [.Xil/design_1_v_vid_in_axi4s_0_0_propImpl.xdc] to another XDC file and exclude this new file from synthesis with the used_in_synthesis property (File Properties dialog in GUI) and re-run elaboration/synthesis.
INFO: [Project 1-236] Implementation specific constraints were found while reading constraint file [C:/Xilinx/Vivado/2023.1/data/ip/xpm/xpm_fifo/tcl/xpm_fifo_rst.tcl]. These constraints will be ignored for synthesis but will be used in implementation. Impacted constraints are listed in the file [.Xil/design_1_v_vid_in_axi4s_0_0_propImpl.xdc].
Resolution: To avoid this warning, move constraints listed in [.Xil/design_1_v_vid_in_axi4s_0_0_propImpl.xdc] to another XDC file and exclude this new file from synthesis with the used_in_synthesis property (File Properties dialog in GUI) and re-run elaboration/synthesis.
INFO: [Project 1-1714] 9 XPM XDC files have been applied to the design.
Completed Processing XDC Constraints

Netlist sorting complete. Time (s): cpu = 00:00:00 ; elapsed = 00:00:00 . Memory (MB): peak = 2479.496 ; gain = 0.000
INFO: [Project 1-111] Unisim Transformation Summary:
No Unisim elements were transformed.

Constraint Validation Runtime : Time (s): cpu = 00:00:00 ; elapsed = 00:00:00.032 . Memory (MB): peak = 2479.496 ; gain = 0.000
INFO: [Designutils 20-5008] Incremental synthesis strategy off
---------------------------------------------------------------------------------
Finished Constraint Validation : Time (s): cpu = 00:00:17 ; elapsed = 00:00:17 . Memory (MB): peak = 2479.496 ; gain = 642.285
---------------------------------------------------------------------------------
---------------------------------------------------------------------------------
Start Loading Part and Timing Information
---------------------------------------------------------------------------------
Loading part: xc7z020clg400-1
---------------------------------------------------------------------------------
Finished Loading Part and Timing Information : Time (s): cpu = 00:00:17 ; elapsed = 00:00:17 . Memory (MB): peak = 2479.496 ; gain = 642.285
---------------------------------------------------------------------------------
---------------------------------------------------------------------------------
Start Applying 'set_property' XDC Constraints
---------------------------------------------------------------------------------
Applied set_property KEEP_HIERARCHY = SOFT for inst. (constraint file  C:/Users/Santiago/OneDrive/Escritorio/ov5640_sv_ed_800x600_v1/ov5640_sv_ed.runs/design_1_v_vid_in_axi4s_0_0_synth_1/dont_touch.xdc, line 9).
Applied set_property KEEP_HIERARCHY = SOFT for inst/COUPLER_INST/\generate_async_fifo.FIFO_INST /XPM_FIFO_ASYNC_INST/\gnuram_async_fifo.xpm_fifo_base_inst /\gen_cdc_pntr.rd_pntr_cdc_inst . (constraint file  auto generated constraint).
Applied set_property KEEP_HIERARCHY = SOFT for inst/COUPLER_INST/\generate_async_fifo.FIFO_INST /XPM_FIFO_ASYNC_INST/\gnuram_async_fifo.xpm_fifo_base_inst /\gen_cdc_pntr.wr_pntr_cdc_inst . (constraint file  auto generated constraint).
Applied set_property KEEP_HIERARCHY = SOFT for inst/COUPLER_INST/\generate_async_fifo.FIFO_INST /XPM_FIFO_ASYNC_INST/\gnuram_async_fifo.xpm_fifo_base_inst /\gen_cdc_pntr.rd_pntr_cdc_dc_inst . (constraint file  auto generated constraint).
Applied set_property KEEP_HIERARCHY = SOFT for inst/COUPLER_INST/\generate_async_fifo.FIFO_INST /XPM_FIFO_ASYNC_INST/\gnuram_async_fifo.xpm_fifo_base_inst /\gen_cdc_pntr.wr_pntr_cdc_dc_inst . (constraint file  auto generated constraint).
Applied set_property KEEP_HIERARCHY = SOFT for inst/CDC_SINGLE_RESET_PULSE_INST/xpm_cdc_single_inst. (constraint file  auto generated constraint).
Applied set_property KEEP_HIERARCHY = SOFT for inst/CDC_SINGLE_REMAP_OVERFLOW_INST/xpm_cdc_single_inst. (constraint file  auto generated constraint).
Applied set_property KEEP_HIERARCHY = SOFT for inst/COUPLER_INST/\generate_async_fifo.FIFO_INST /XPM_FIFO_ASYNC_INST/\gnuram_async_fifo.xpm_fifo_base_inst /xpm_fifo_rst_inst/\gen_rst_ic.rrst_wr_inst . (constraint file  auto generated constraint).
Applied set_property KEEP_HIERARCHY = SOFT for inst/COUPLER_INST/\generate_async_fifo.FIFO_INST /XPM_FIFO_ASYNC_INST/\gnuram_async_fifo.xpm_fifo_base_inst /xpm_fifo_rst_inst/\gen_rst_ic.wrst_rd_inst . (constraint file  auto generated constraint).
Applied set_property KEEP_HIERARCHY = SOFT for inst/COUPLER_INST/\generate_async_fifo.FIFO_INST /XPM_FIFO_ASYNC_INST. (constraint file  auto generated constraint).
---------------------------------------------------------------------------------
Finished applying 'set_property' XDC Constraints : Time (s): cpu = 00:00:17 ; elapsed = 00:00:18 . Memory (MB): peak = 2479.496 ; gain = 642.285
---------------------------------------------------------------------------------
INFO: [Synth 8-802] inferred FSM for state register 'gen_rst_ic.curr_wrst_state_reg' in module 'xpm_fifo_rst'
INFO: [Synth 8-802] inferred FSM for state register 'gen_rst_ic.curr_rrst_state_reg' in module 'xpm_fifo_rst'
INFO: [Synth 8-802] inferred FSM for state register 'gen_fwft.curr_fwft_state_reg' in module 'xpm_fifo_base'
INFO: [Synth 8-5552] Implemented safe state 'default_state' for state register 'gen_rst_ic.curr_wrst_state_reg' in module 'xpm_fifo_rst'
---------------------------------------------------------------------------------------------------
                   State |                     New Encoding |                Previous Encoding 
---------------------------------------------------------------------------------------------------
*
               WRST_IDLE |                            00001 |                              000
                 WRST_IN |                            00010 |                              010
                WRST_OUT |                            00100 |                              111
               WRST_EXIT |                            01000 |                              110
            WRST_GO2IDLE |                            10000 |                              100
---------------------------------------------------------------------------------------------------
INFO: [Synth 8-3354] encoded FSM with state register 'gen_rst_ic.curr_wrst_state_reg' using encoding 'one-hot' in module 'xpm_fifo_rst'
INFO: [Synth 8-5552] Implemented safe state 'default_state' for state register 'gen_rst_ic.curr_rrst_state_reg' in module 'xpm_fifo_rst'
---------------------------------------------------------------------------------------------------
                   State |                     New Encoding |                Previous Encoding 
---------------------------------------------------------------------------------------------------
*
               RRST_IDLE |                               00 |                               00
                 RRST_IN |                               01 |                               10
                RRST_OUT |                               10 |                               11
               RRST_EXIT |                               11 |                               01
---------------------------------------------------------------------------------------------------
INFO: [Synth 8-3354] encoded FSM with state register 'gen_rst_ic.curr_rrst_state_reg' using encoding 'sequential' in module 'xpm_fifo_rst'
---------------------------------------------------------------------------------------------------
                   State |                     New Encoding |                Previous Encoding 
---------------------------------------------------------------------------------------------------
                 invalid |                               00 |                               00
            stage1_valid |                               01 |                               10
       both_stages_valid |                               10 |                               11
            stage2_valid |                               11 |                               01
---------------------------------------------------------------------------------------------------
INFO: [Synth 8-3354] encoded FSM with state register 'gen_fwft.curr_fwft_state_reg' using encoding 'sequential' in module 'xpm_fifo_base'
---------------------------------------------------------------------------------
Finished RTL Optimization Phase 2 : Time (s): cpu = 00:00:18 ; elapsed = 00:00:18 . Memory (MB): peak = 2479.496 ; gain = 642.285
---------------------------------------------------------------------------------
---------------------------------------------------------------------------------
Start RTL Component Statistics 
---------------------------------------------------------------------------------
Detailed RTL Component Info : 
+---Adders : 
	   4 Input   12 Bit       Adders := 3     
	   2 Input   12 Bit       Adders := 1     
	   3 Input   12 Bit       Adders := 2     
	   4 Input   11 Bit       Adders := 3     
	   3 Input   11 Bit       Adders := 1     
	   4 Input    2 Bit       Adders := 1     
+---XORs : 
	   2 Input     12 Bit         XORs := 2     
	   2 Input     11 Bit         XORs := 2     
	   2 Input      1 Bit         XORs := 42    
+---Registers : 
	               19 Bit    Registers := 2     
	               16 Bit    Registers := 4     
	               12 Bit    Registers := 19    
	               11 Bit    Registers := 16    
	                4 Bit    Registers := 4     
	                2 Bit    Registers := 2     
	                1 Bit    Registers := 34    
+---RAMs : 
	              38K Bit	(2048 X 19 bit)          RAMs := 1     
+---Muxes : 
	   6 Input    5 Bit        Muxes := 1     
	   2 Input    5 Bit        Muxes := 8     
	   5 Input    2 Bit        Muxes := 1     
	   2 Input    2 Bit        Muxes := 33    
	   4 Input    2 Bit        Muxes := 7     
	   2 Input    1 Bit        Muxes := 5     
	   6 Input    1 Bit        Muxes := 2     
	   5 Input    1 Bit        Muxes := 3     
	   4 Input    1 Bit        Muxes := 2     
---------------------------------------------------------------------------------
Finished RTL Component Statistics 
---------------------------------------------------------------------------------
---------------------------------------------------------------------------------
Start Part Resource Summary
---------------------------------------------------------------------------------
Part Resources:
DSPs: 220 (col length:60)
BRAMs: 280 (col length: RAMB18 60 RAMB36 30)
---------------------------------------------------------------------------------
Finished Part Resource Summary
---------------------------------------------------------------------------------
---------------------------------------------------------------------------------
Start Cross Boundary and Area Optimization
---------------------------------------------------------------------------------
WARNING: [Synth 8-7080] Parallel synthesis criteria is not met
WARNING: [Synth 8-7129] Port rsta in module xpm_memory_base is either unconnected or has no load
WARNING: [Synth 8-7129] Port regcea in module xpm_memory_base is either unconnected or has no load
WARNING: [Synth 8-7129] Port injectsbiterra in module xpm_memory_base is either unconnected or has no load
WARNING: [Synth 8-7129] Port injectdbiterra in module xpm_memory_base is either unconnected or has no load
WARNING: [Synth 8-7129] Port dinb[18] in module xpm_memory_base is either unconnected or has no load
WARNING: [Synth 8-7129] Port dinb[17] in module xpm_memory_base is either unconnected or has no load
WARNING: [Synth 8-7129] Port dinb[16] in module xpm_memory_base is either unconnected or has no load
WARNING: [Synth 8-7129] Port dinb[15] in module xpm_memory_base is either unconnected or has no load
WARNING: [Synth 8-7129] Port dinb[14] in module xpm_memory_base is either unconnected or has no load
WARNING: [Synth 8-7129] Port dinb[13] in module xpm_memory_base is either unconnected or has no load
WARNING: [Synth 8-7129] Port dinb[12] in module xpm_memory_base is either unconnected or has no load
WARNING: [Synth 8-7129] Port dinb[11] in module xpm_memory_base is either unconnected or has no load
WARNING: [Synth 8-7129] Port dinb[10] in module xpm_memory_base is either unconnected or has no load
WARNING: [Synth 8-7129] Port dinb[9] in module xpm_memory_base is either unconnected or has no load
WARNING: [Synth 8-7129] Port dinb[8] in module xpm_memory_base is either unconnected or has no load
WARNING: [Synth 8-7129] Port dinb[7] in module xpm_memory_base is either unconnected or has no load
WARNING: [Synth 8-7129] Port dinb[6] in module xpm_memory_base is either unconnected or has no load
WARNING: [Synth 8-7129] Port dinb[5] in module xpm_memory_base is either unconnected or has no load
WARNING: [Synth 8-7129] Port dinb[4] in module xpm_memory_base is either unconnected or has no load
WARNING: [Synth 8-7129] Port dinb[3] in module xpm_memory_base is either unconnected or has no load
WARNING: [Synth 8-7129] Port dinb[2] in module xpm_memory_base is either unconnected or has no load
WARNING: [Synth 8-7129] Port dinb[1] in module xpm_memory_base is either unconnected or has no load
WARNING: [Synth 8-7129] Port dinb[0] in module xpm_memory_base is either unconnected or has no load
WARNING: [Synth 8-7129] Port injectsbiterrb in module xpm_memory_base is either unconnected or has no load
WARNING: [Synth 8-7129] Port injectdbiterrb in module xpm_memory_base is either unconnected or has no load
WARNING: [Synth 8-7129] Port src_clk in module xpm_cdc_single is either unconnected or has no load
WARNING: [Synth 8-7129] Port vid_de_arb[0] in module v_vid_in_axi4s_v5_0_2 is either unconnected or has no load
WARNING: [Synth 8-7129] Port vid_vsync_arb[0] in module v_vid_in_axi4s_v5_0_2 is either unconnected or has no load
WARNING: [Synth 8-7129] Port vid_hsync_arb[0] in module v_vid_in_axi4s_v5_0_2 is either unconnected or has no load
WARNING: [Synth 8-7129] Port vid_field_id_arb in module v_vid_in_axi4s_v5_0_2 is either unconnected or has no load
WARNING: [Synth 8-7129] Port vid_data_arb[15] in module v_vid_in_axi4s_v5_0_2 is either unconnected or has no load
WARNING: [Synth 8-7129] Port vid_data_arb[14] in module v_vid_in_axi4s_v5_0_2 is either unconnected or has no load
WARNING: [Synth 8-7129] Port vid_data_arb[13] in module v_vid_in_axi4s_v5_0_2 is either unconnected or has no load
WARNING: [Synth 8-7129] Port vid_data_arb[12] in module v_vid_in_axi4s_v5_0_2 is either unconnected or has no load
WARNING: [Synth 8-7129] Port vid_data_arb[11] in module v_vid_in_axi4s_v5_0_2 is either unconnected or has no load
WARNING: [Synth 8-7129] Port vid_data_arb[10] in module v_vid_in_axi4s_v5_0_2 is either unconnected or has no load
WARNING: [Synth 8-7129] Port vid_data_arb[9] in module v_vid_in_axi4s_v5_0_2 is either unconnected or has no load
WARNING: [Synth 8-7129] Port vid_data_arb[8] in module v_vid_in_axi4s_v5_0_2 is either unconnected or has no load
WARNING: [Synth 8-7129] Port vid_data_arb[7] in module v_vid_in_axi4s_v5_0_2 is either unconnected or has no load
WARNING: [Synth 8-7129] Port vid_data_arb[6] in module v_vid_in_axi4s_v5_0_2 is either unconnected or has no load
WARNING: [Synth 8-7129] Port vid_data_arb[5] in module v_vid_in_axi4s_v5_0_2 is either unconnected or has no load
WARNING: [Synth 8-7129] Port vid_data_arb[4] in module v_vid_in_axi4s_v5_0_2 is either unconnected or has no load
WARNING: [Synth 8-7129] Port vid_data_arb[3] in module v_vid_in_axi4s_v5_0_2 is either unconnected or has no load
WARNING: [Synth 8-7129] Port vid_data_arb[2] in module v_vid_in_axi4s_v5_0_2 is either unconnected or has no load
WARNING: [Synth 8-7129] Port vid_data_arb[1] in module v_vid_in_axi4s_v5_0_2 is either unconnected or has no load
WARNING: [Synth 8-7129] Port vid_data_arb[0] in module v_vid_in_axi4s_v5_0_2 is either unconnected or has no load
INFO: [Common 17-14] Message 'Synth 8-7129' appears 100 times and further instances of the messages will be disabled. Use the Tcl command set_msg_config to change the current settings.
---------------------------------------------------------------------------------
Finished Cross Boundary and Area Optimization : Time (s): cpu = 00:00:20 ; elapsed = 00:00:21 . Memory (MB): peak = 2479.496 ; gain = 642.285
---------------------------------------------------------------------------------
---------------------------------------------------------------------------------
Start ROM, RAM, DSP, Shift Register and Retiming Reporting
---------------------------------------------------------------------------------

Block RAM: Preliminary Mapping Report (see note below)
+-----------------------------------------------------------------------------------------------------------------------------------------------+----------------------------------+------------------------+---+---+------------------------+---+---+------------------+--------+--------+
|Module Name                                                                                                                                    | RTL Object                       | PORT A (Depth x Width) | W | R | PORT B (Depth x Width) | W | R | Ports driving FF | RAMB18 | RAMB36 | 
+-----------------------------------------------------------------------------------------------------------------------------------------------+----------------------------------+------------------------+---+---+------------------------+---+---+------------------+--------+--------+
|inst/\COUPLER_INST/generate_async_fifo.FIFO_INST/XPM_FIFO_ASYNC_INST /\gnuram_async_fifo.xpm_fifo_base_inst /\gen_sdpram.xpm_memory_base_inst  | gen_wr_a.gen_word_narrow.mem_reg | 2 K x 19(NO_CHANGE)    | W |   | 2 K x 19(WRITE_FIRST)  |   | R | Port A and B     | 1      | 1      | 
+-----------------------------------------------------------------------------------------------------------------------------------------------+----------------------------------+------------------------+---+---+------------------------+---+---+------------------+--------+--------+

Note: The table above is a preliminary report that shows the Block RAMs at the current stage of the synthesis flow. Some Block RAMs may be reimplemented as non Block RAM primitives later in the synthesis flow. Multiple instantiated Block RAMs are reported only once. 
---------------------------------------------------------------------------------
Finished ROM, RAM, DSP, Shift Register and Retiming Reporting
---------------------------------------------------------------------------------
---------------------------------------------------------------------------------
Start Applying XDC Timing Constraints
---------------------------------------------------------------------------------
---------------------------------------------------------------------------------
Finished Applying XDC Timing Constraints : Time (s): cpu = 00:00:26 ; elapsed = 00:00:27 . Memory (MB): peak = 2479.496 ; gain = 642.285
---------------------------------------------------------------------------------
---------------------------------------------------------------------------------
Start Timing Optimization
---------------------------------------------------------------------------------
---------------------------------------------------------------------------------
Finished Timing Optimization : Time (s): cpu = 00:00:26 ; elapsed = 00:00:27 . Memory (MB): peak = 2479.496 ; gain = 642.285
---------------------------------------------------------------------------------
---------------------------------------------------------------------------------
Start ROM, RAM, DSP, Shift Register and Retiming Reporting
---------------------------------------------------------------------------------

Block RAM: Final Mapping Report
+-----------------------------------------------------------------------------------------------------------------------------------------------+----------------------------------+------------------------+---+---+------------------------+---+---+------------------+--------+--------+
|Module Name                                                                                                                                    | RTL Object                       | PORT A (Depth x Width) | W | R | PORT B (Depth x Width) | W | R | Ports driving FF | RAMB18 | RAMB36 | 
+-----------------------------------------------------------------------------------------------------------------------------------------------+----------------------------------+------------------------+---+---+------------------------+---+---+------------------+--------+--------+
|inst/\COUPLER_INST/generate_async_fifo.FIFO_INST/XPM_FIFO_ASYNC_INST /\gnuram_async_fifo.xpm_fifo_base_inst /\gen_sdpram.xpm_memory_base_inst  | gen_wr_a.gen_word_narrow.mem_reg | 2 K x 19(NO_CHANGE)    | W |   | 2 K x 19(WRITE_FIRST)  |   | R | Port A and B     | 1      | 1      | 
+-----------------------------------------------------------------------------------------------------------------------------------------------+----------------------------------+------------------------+---+---+------------------------+---+---+------------------+--------+--------+

---------------------------------------------------------------------------------
Finished ROM, RAM, DSP, Shift Register and Retiming Reporting
---------------------------------------------------------------------------------
---------------------------------------------------------------------------------
Start Technology Mapping
---------------------------------------------------------------------------------
---------------------------------------------------------------------------------
Finished Technology Mapping : Time (s): cpu = 00:00:27 ; elapsed = 00:00:27 . Memory (MB): peak = 2479.496 ; gain = 642.285
---------------------------------------------------------------------------------
---------------------------------------------------------------------------------
Start IO Insertion
---------------------------------------------------------------------------------
---------------------------------------------------------------------------------
Start Flattening Before IO Insertion
---------------------------------------------------------------------------------
---------------------------------------------------------------------------------
Finished Flattening Before IO Insertion
---------------------------------------------------------------------------------
---------------------------------------------------------------------------------
Start Final Netlist Cleanup
---------------------------------------------------------------------------------
---------------------------------------------------------------------------------
Finished Final Netlist Cleanup
---------------------------------------------------------------------------------
INFO: [Synth 8-3295] tying undriven pin CDC_SINGLE_REMAP_OVERFLOW_INST/xpm_cdc_single_inst:src_in to constant 0
---------------------------------------------------------------------------------
Finished IO Insertion : Time (s): cpu = 00:00:32 ; elapsed = 00:00:33 . Memory (MB): peak = 2479.496 ; gain = 642.285
---------------------------------------------------------------------------------
---------------------------------------------------------------------------------
Start Renaming Generated Instances
---------------------------------------------------------------------------------
---------------------------------------------------------------------------------
Finished Renaming Generated Instances : Time (s): cpu = 00:00:32 ; elapsed = 00:00:33 . Memory (MB): peak = 2479.496 ; gain = 642.285
---------------------------------------------------------------------------------
---------------------------------------------------------------------------------
Start Rebuilding User Hierarchy
---------------------------------------------------------------------------------
---------------------------------------------------------------------------------
Finished Rebuilding User Hierarchy : Time (s): cpu = 00:00:32 ; elapsed = 00:00:33 . Memory (MB): peak = 2479.496 ; gain = 642.285
---------------------------------------------------------------------------------
---------------------------------------------------------------------------------
Start Renaming Generated Ports
---------------------------------------------------------------------------------
---------------------------------------------------------------------------------
Finished Renaming Generated Ports : Time (s): cpu = 00:00:32 ; elapsed = 00:00:33 . Memory (MB): peak = 2479.496 ; gain = 642.285
---------------------------------------------------------------------------------
---------------------------------------------------------------------------------
Start Handling Custom Attributes
---------------------------------------------------------------------------------
---------------------------------------------------------------------------------
Finished Handling Custom Attributes : Time (s): cpu = 00:00:32 ; elapsed = 00:00:33 . Memory (MB): peak = 2479.496 ; gain = 642.285
---------------------------------------------------------------------------------
---------------------------------------------------------------------------------
Start Renaming Generated Nets
---------------------------------------------------------------------------------
---------------------------------------------------------------------------------
Finished Renaming Generated Nets : Time (s): cpu = 00:00:32 ; elapsed = 00:00:33 . Memory (MB): peak = 2479.496 ; gain = 642.285
---------------------------------------------------------------------------------
---------------------------------------------------------------------------------
Start Writing Synthesis Report
---------------------------------------------------------------------------------

Report BlackBoxes: 
+-+--------------+----------+
| |BlackBox name |Instances |
+-+--------------+----------+
+-+--------------+----------+

Report Cell Usage: 
+------+---------+------+
|      |Cell     |Count |
+------+---------+------+
|1     |CARRY4   |    34|
|2     |LUT1     |    12|
|3     |LUT2     |   102|
|4     |LUT3     |    20|
|5     |LUT4     |    32|
|6     |LUT5     |    25|
|7     |LUT6     |    51|
|8     |RAMB18E1 |     1|
|9     |RAMB36E1 |     1|
|10    |FDRE     |   514|
|11    |FDSE     |     8|
+------+---------+------+
---------------------------------------------------------------------------------
Finished Writing Synthesis Report : Time (s): cpu = 00:00:32 ; elapsed = 00:00:33 . Memory (MB): peak = 2479.496 ; gain = 642.285
---------------------------------------------------------------------------------
Synthesis finished with 0 errors, 0 critical warnings and 52 warnings.
Synthesis Optimization Runtime : Time (s): cpu = 00:00:22 ; elapsed = 00:00:31 . Memory (MB): peak = 2479.496 ; gain = 529.570
Synthesis Optimization Complete : Time (s): cpu = 00:00:33 ; elapsed = 00:00:33 . Memory (MB): peak = 2479.496 ; gain = 642.285
INFO: [Project 1-571] Translating synthesized netlist
Netlist sorting complete. Time (s): cpu = 00:00:00 ; elapsed = 00:00:00.013 . Memory (MB): peak = 2479.496 ; gain = 0.000
INFO: [Netlist 29-17] Analyzing 36 Unisim elements for replacement
INFO: [Netlist 29-28] Unisim Transformation completed in 0 CPU seconds
INFO: [Project 1-570] Preparing netlist for logic optimization
INFO: [Opt 31-138] Pushed 0 inverter(s) to 0 load pin(s).
Netlist sorting complete. Time (s): cpu = 00:00:00 ; elapsed = 00:00:00 . Memory (MB): peak = 2479.496 ; gain = 0.000
INFO: [Project 1-111] Unisim Transformation Summary:
No Unisim elements were transformed.

Synth Design complete | Checksum: df7c3aa1
INFO: [Common 17-83] Releasing license: Synthesis
81 Infos, 113 Warnings, 0 Critical Warnings and 0 Errors encountered.
synth_design completed successfully
synth_design: Time (s): cpu = 00:00:38 ; elapsed = 00:00:39 . Memory (MB): peak = 2479.496 ; gain = 1046.195
INFO: [Common 17-1381] The checkpoint 'C:/Users/Santiago/OneDrive/Escritorio/ov5640_sv_ed_800x600_v1/ov5640_sv_ed.runs/design_1_v_vid_in_axi4s_0_0_synth_1/design_1_v_vid_in_axi4s_0_0.dcp' has been generated.
INFO: [Coretcl 2-1648] Added synthesis output to IP cache for IP design_1_v_vid_in_axi4s_0_0, cache-ID = 9fe30b2dcf2af355
INFO: [Coretcl 2-1174] Renamed 29 cell refs.
INFO: [Common 17-1381] The checkpoint 'C:/Users/Santiago/OneDrive/Escritorio/ov5640_sv_ed_800x600_v1/ov5640_sv_ed.runs/design_1_v_vid_in_axi4s_0_0_synth_1/design_1_v_vid_in_axi4s_0_0.dcp' has been generated.
INFO: [runtcl-4] Executing : report_utilization -file design_1_v_vid_in_axi4s_0_0_utilization_synth.rpt -pb design_1_v_vid_in_axi4s_0_0_utilization_synth.pb
INFO: [Common 17-206] Exiting Vivado at Tue Jun 24 20:44:28 2025...
