

================================================================
== Vitis HLS Report for 'Bytes2MultiPixStream'
================================================================
* Date:           Tue Jun 24 20:46:52 2025

* Version:        2023.1 (Build 3854077 on May  4 2023)
* Project:        prj
* Solution:       sol (Vivado IP Flow Target)
* Product family: zynq
* Target device:  xc7z020-clg400-1


================================================================
== Performance Estimates
================================================================
+ Timing: 
    * Summary: 
    +--------+----------+----------+------------+
    |  Clock |  Target  | Estimated| Uncertainty|
    +--------+----------+----------+------------+
    |ap_clk  |  10.00 ns|  7.268 ns|     2.70 ns|
    +--------+----------+----------+------------+

+ Latency: 
    * Summary: 
    +---------+-----------+-----------+-----------+-----+-----------+---------+
    |   Latency (cycles)  |   Latency (absolute)  |     Interval    | Pipeline|
    |   min   |    max    |    min    |    max    | min |    max    |   Type  |
    +---------+-----------+-----------+-----------+-----+-----------+---------+
    |        1|  283132802|  10.000 ns|  2.831 sec|    1|  283132802|       no|
    +---------+-----------+-----------+-----------+-----+-----------+---------+

    + Detail: 
        * Instance: 
        +------------------------------------------------------------+-------------------------------------------------+---------+---------+-----------+----------+-----+-------+---------+
        |                                                            |                                                 |  Latency (cycles) |  Latency (absolute)  |   Interval  | Pipeline|
        |                          Instance                          |                      Module                     |   min   |   max   |    min    |    max   | min |  max  |   Type  |
        +------------------------------------------------------------+-------------------------------------------------+---------+---------+-----------+----------+-----+-------+---------+
        |grp_Bytes2MultiPixStream_Pipeline_VITIS_LOOP_1262_1_fu_176  |Bytes2MultiPixStream_Pipeline_VITIS_LOOP_1262_1  |        2|    65538|  20.000 ns|  0.655 ms|    2|  65538|       no|
        +------------------------------------------------------------+-------------------------------------------------+---------+---------+-----------+----------+-----+-------+---------+

        * Loop: 
        +-----------+---------+-----------+-----------+-----------+-----------+----------+----------+
        |           |   Latency (cycles)  | Iteration |  Initiation Interval  |   Trip   |          |
        | Loop Name |   min   |    max    |  Latency  |  achieved |   target  |   Count  | Pipelined|
        +-----------+---------+-----------+-----------+-----------+-----------+----------+----------+
        |- loop_Y8  |        0|  283132800|  4 ~ 65540|          -|          -|  0 ~ 4320|        no|
        +-----------+---------+-----------+-----------+-----------+-----------+----------+----------+

============================================================
+ Verbose Summary: Synthesis Manager
============================================================
InlineROM: 1
ExposeGlobal: 0
============================================================
+ Verbose Summary: CDFG Model
============================================================
IsTopModel: 0
ResetActiveHigh: 1
IsCombinational: 2
IsDatapathOnly: 0
HasWiredReturn: 1
HasMFsm: 0
HasVarLatency: 1
IsPipeline: 0
IsRtlPipelined: 0
IsInstanceOverlapped: 0
IsDontTouch: 0
HasImplIP: 0
IsGatedGlobalClock: 0


============================================================
+ Verbose Summary: Schedule
============================================================
* Number of FSM states : 4
* Pipeline : 0
* Dataflow Pipeline: 0

* FSM state transitions: 
1 --> 2 3 
2 --> 3 
3 --> 4 
4 --> 3 

* FSM state operations: 

State 1 <SV = 0> <Delay = 7.26>
ST_1 : Operation 5 [1/1] (0.00ns)   --->   "%specinterface_ln0 = specinterface void @_ssdm_op_SpecInterface, i15 %WidthInBytes, void @ap_fifo_str, i32 0, i32 0, void @p_str, i32 0, i32 0, void @p_str, void @p_str, void @p_str, i32 2, i32 2, i32 16, i32 16, void @p_str, void @ScalarProp_str, i32 4294967295, i32 0"   --->   Operation 5 'specinterface' 'specinterface_ln0' <Predicate = true> <Delay = 0.00>
ST_1 : Operation 6 [1/1] (3.63ns)   --->   "%widthInPix = read i15 @_ssdm_op_Read.ap_fifo.i15P0A, i15 %WidthInBytes"   --->   Operation 6 'read' 'widthInPix' <Predicate = true> <Delay = 3.63> <CoreInst = "FIFO_SRL">   --->   Core 81 'FIFO_SRL' <Latency = 0> <II = 1> <Delay = 3.63> <Storage> <Opcode : 'read' 'write' 'nbread' 'nbwrite'> <Ports = 0> <Width = 15> <Depth = 2> <FIFO>
ST_1 : Operation 7 [1/1] (0.00ns)   --->   "%specinterface_ln0 = specinterface void @_ssdm_op_SpecInterface, i6 %VideoFormat, void @ap_fifo_str, i32 0, i32 0, void @p_str, i32 0, i32 0, void @p_str, void @p_str, void @p_str, i32 2, i32 2, i32 16, i32 16, void @p_str, void @ScalarProp_str, i32 4294967295, i32 0"   --->   Operation 7 'specinterface' 'specinterface_ln0' <Predicate = true> <Delay = 0.00>
ST_1 : Operation 8 [1/1] (3.63ns)   --->   "%VideoFormat_read = read i6 @_ssdm_op_Read.ap_fifo.i6P0A, i6 %VideoFormat"   --->   Operation 8 'read' 'VideoFormat_read' <Predicate = true> <Delay = 3.63> <CoreInst = "FIFO_SRL">   --->   Core 81 'FIFO_SRL' <Latency = 0> <II = 1> <Delay = 3.63> <Storage> <Opcode : 'read' 'write' 'nbread' 'nbwrite'> <Ports = 0> <Width = 6> <Depth = 3> <FIFO>
ST_1 : Operation 9 [1/1] (0.00ns)   --->   "%specinterface_ln0 = specinterface void @_ssdm_op_SpecInterface, i12 %Height, void @ap_fifo_str, i32 0, i32 0, void @p_str, i32 0, i32 0, void @p_str, void @p_str, void @p_str, i32 2, i32 2, i32 16, i32 16, void @p_str, void @ScalarProp_str, i32 4294967295, i32 0"   --->   Operation 9 'specinterface' 'specinterface_ln0' <Predicate = true> <Delay = 0.00>
ST_1 : Operation 10 [1/1] (3.63ns)   --->   "%Height_read = read i12 @_ssdm_op_Read.ap_fifo.i12P0A, i12 %Height"   --->   Operation 10 'read' 'Height_read' <Predicate = true> <Delay = 3.63> <CoreInst = "FIFO_SRL">   --->   Core 81 'FIFO_SRL' <Latency = 0> <II = 1> <Delay = 3.63> <Storage> <Opcode : 'read' 'write' 'nbread' 'nbwrite'> <Ports = 0> <Width = 12> <Depth = 2> <FIFO>
ST_1 : Operation 11 [1/1] (0.00ns)   --->   "%specinterface_ln0 = specinterface void @_ssdm_op_SpecInterface, i12 %height_c, void @ap_fifo_str, i32 0, i32 0, void @p_str, i32 0, i32 0, void @p_str, void @p_str, void @p_str, i32 2, i32 2, i32 16, i32 16, void @p_str, void @ScalarProp_str, i32 4294967295, i32 0"   --->   Operation 11 'specinterface' 'specinterface_ln0' <Predicate = true> <Delay = 0.00>
ST_1 : Operation 12 [1/1] (3.63ns)   --->   "%write_ln0 = write void @_ssdm_op_Write.ap_fifo.i12P0A, i12 %height_c, i12 %Height_read"   --->   Operation 12 'write' 'write_ln0' <Predicate = true> <Delay = 3.63> <CoreInst = "FIFO_SRL">   --->   Core 81 'FIFO_SRL' <Latency = 0> <II = 1> <Delay = 3.63> <Storage> <Opcode : 'read' 'write' 'nbread' 'nbwrite'> <Ports = 0> <Width = 12> <Depth = 2> <FIFO>
ST_1 : Operation 13 [1/1] (0.00ns)   --->   "%specmemcore_ln0 = specmemcore void @_ssdm_op_SpecMemCore, i64 %bytePlanes, i64 666, i64 8, i64 18446744073709551615"   --->   Operation 13 'specmemcore' 'specmemcore_ln0' <Predicate = true> <Delay = 0.00>
ST_1 : Operation 14 [1/1] (0.00ns)   --->   "%specinterface_ln0 = specinterface void @_ssdm_op_SpecInterface, i64 %bytePlanes, void @empty_4, i32 0, i32 0, void @empty_7, i32 0, i32 0, void @empty_7, void @empty_7, void @empty_7, i32 0, i32 0, i32 0, i32 0, void @empty_7, void @empty_7, i32 4294967295, i32 0"   --->   Operation 14 'specinterface' 'specinterface_ln0' <Predicate = true> <Delay = 0.00>
ST_1 : Operation 15 [1/1] (0.00ns)   --->   "%specinterface_ln0 = specinterface void @_ssdm_op_SpecInterface, i24 %img, void @empty_4, i32 0, i32 0, void @empty_7, i32 0, i32 0, void @empty_7, void @empty_7, void @empty_7, i32 0, i32 0, i32 0, i32 0, void @empty_7, void @empty_7, i32 4294967295, i32 0"   --->   Operation 15 'specinterface' 'specinterface_ln0' <Predicate = true> <Delay = 0.00>
ST_1 : Operation 16 [1/1] (1.91ns)   --->   "%switch_ln573 = switch i6 %VideoFormat_read, void %if.end169, i6 43, void %if.end183, i6 42, void %if.end182, i6 19, void %if.end181, i6 18, void %if.end181, i6 23, void %if.end180, i6 22, void %if.end180, i6 33, void %if.end179, i6 32, void %if.end179, i6 38, void %if.end178, i6 37, void %if.end178, i6 12, void %if.end177, i6 28, void %if.end176, i6 21, void %if.end175, i6 20, void %if.end175, i6 31, void %if.end174, i6 30, void %if.end174, i6 36, void %if.end173, i6 35, void %if.end173, i6 29, void %if.end172, i6 11, void %if.end171, i6 10, void %if.end171, i6 16, void %if.end170, i6 15, void %if.end170, i6 24, void %if.then81" [C:/Users/Santiago/OneDrive/Escritorio/ov5640_sv_ed_800x600_v1/ov5640_sv_ed.runs/design_1_v_frmbuf_rd_2_0_synth_1/prj/sol/.autopilot/db/v_frmbuf_rd.cpp:573]   --->   Operation 16 'switch' 'switch_ln573' <Predicate = true> <Delay = 1.91>

State 2 <SV = 1> <Delay = 4.40>
ST_2 : Operation 17 [1/1] (0.00ns)   --->   "%y = alloca i32 1"   --->   Operation 17 'alloca' 'y' <Predicate = true> <Delay = 0.00>
ST_2 : Operation 18 [1/1] (0.00ns)   --->   "%remainPix = trunc i15 %widthInPix" [C:/Users/Santiago/OneDrive/Escritorio/ov5640_sv_ed_800x600_v1/ov5640_sv_ed.runs/design_1_v_frmbuf_rd_2_0_synth_1/prj/sol/.autopilot/db/v_frmbuf_rd.cpp:1249]   --->   Operation 18 'trunc' 'remainPix' <Predicate = true> <Delay = 0.00>
ST_2 : Operation 19 [1/1] (0.00ns)   --->   "%zext_ln1249 = zext i15 %widthInPix" [C:/Users/Santiago/OneDrive/Escritorio/ov5640_sv_ed_800x600_v1/ov5640_sv_ed.runs/design_1_v_frmbuf_rd_2_0_synth_1/prj/sol/.autopilot/db/v_frmbuf_rd.cpp:1249]   --->   Operation 19 'zext' 'zext_ln1249' <Predicate = true> <Delay = 0.00>
ST_2 : Operation 20 [1/1] (1.94ns)   --->   "%add_ln1249 = add i16 %zext_ln1249, i16 7" [C:/Users/Santiago/OneDrive/Escritorio/ov5640_sv_ed_800x600_v1/ov5640_sv_ed.runs/design_1_v_frmbuf_rd_2_0_synth_1/prj/sol/.autopilot/db/v_frmbuf_rd.cpp:1249]   --->   Operation 20 'add' 'add_ln1249' <Predicate = true> <Delay = 1.94> <CoreInst = "Adder">   --->   Core 1 'Adder' <Latency = 0> <II = 1> <Delay = 1.94> <FuncUnit> <Opcode : 'add' 'sub'> <InPorts = 2> <OutPorts = 1>
ST_2 : Operation 21 [1/1] (0.00ns)   --->   "%trunc_ln1249_1 = partselect i13 @_ssdm_op_PartSelect.i13.i16.i32.i32, i16 %add_ln1249, i32 3, i32 15" [C:/Users/Santiago/OneDrive/Escritorio/ov5640_sv_ed_800x600_v1/ov5640_sv_ed.runs/design_1_v_frmbuf_rd_2_0_synth_1/prj/sol/.autopilot/db/v_frmbuf_rd.cpp:1249]   --->   Operation 21 'partselect' 'trunc_ln1249_1' <Predicate = true> <Delay = 0.00>
ST_2 : Operation 22 [1/1] (0.00ns)   --->   "%zext_ln1251 = zext i3 %remainPix" [C:/Users/Santiago/OneDrive/Escritorio/ov5640_sv_ed_800x600_v1/ov5640_sv_ed.runs/design_1_v_frmbuf_rd_2_0_synth_1/prj/sol/.autopilot/db/v_frmbuf_rd.cpp:1251]   --->   Operation 22 'zext' 'zext_ln1251' <Predicate = true> <Delay = 0.00>
ST_2 : Operation 23 [1/1] (1.65ns)   --->   "%icmp_ln1252 = icmp_eq  i3 %remainPix, i3 0" [C:/Users/Santiago/OneDrive/Escritorio/ov5640_sv_ed_800x600_v1/ov5640_sv_ed.runs/design_1_v_frmbuf_rd_2_0_synth_1/prj/sol/.autopilot/db/v_frmbuf_rd.cpp:1252]   --->   Operation 23 'icmp' 'icmp_ln1252' <Predicate = true> <Delay = 1.65> <CoreInst = "Cmp">   --->   Core 9 'Cmp' <Latency = 0> <II = 1> <Delay = 1.65> <FuncUnit> <Opcode : 'icmp'> <InPorts = 2> <OutPorts = 1>
ST_2 : Operation 24 [1/1] (1.02ns)   --->   "%remainPix_1 = select i1 %icmp_ln1252, i4 8, i4 %zext_ln1251" [C:/Users/Santiago/OneDrive/Escritorio/ov5640_sv_ed_800x600_v1/ov5640_sv_ed.runs/design_1_v_frmbuf_rd_2_0_synth_1/prj/sol/.autopilot/db/v_frmbuf_rd.cpp:1252]   --->   Operation 24 'select' 'remainPix_1' <Predicate = true> <Delay = 1.02> <CoreInst = "Sel">   --->   Core 73 'Sel' <Latency = 0> <II = 1> <Delay = 1.02> <FuncUnit> <Opcode : 'select'> <InPorts = 3> <OutPorts = 1>
ST_2 : Operation 25 [1/1] (1.67ns)   --->   "%sub121 = add i13 %trunc_ln1249_1, i13 8191" [C:/Users/Santiago/OneDrive/Escritorio/ov5640_sv_ed_800x600_v1/ov5640_sv_ed.runs/design_1_v_frmbuf_rd_2_0_synth_1/prj/sol/.autopilot/db/v_frmbuf_rd.cpp:1249]   --->   Operation 25 'add' 'sub121' <Predicate = true> <Delay = 1.67> <CoreInst = "Adder">   --->   Core 1 'Adder' <Latency = 0> <II = 1> <Delay = 1.67> <FuncUnit> <Opcode : 'add' 'sub'> <InPorts = 2> <OutPorts = 1>
ST_2 : Operation 26 [1/1] (0.00ns)   --->   "%tmp = partselect i3 @_ssdm_op_PartSelect.i3.i4.i32.i32, i4 %remainPix_1, i32 1, i32 3" [C:/Users/Santiago/OneDrive/Escritorio/ov5640_sv_ed_800x600_v1/ov5640_sv_ed.runs/design_1_v_frmbuf_rd_2_0_synth_1/prj/sol/.autopilot/db/v_frmbuf_rd.cpp:1252]   --->   Operation 26 'partselect' 'tmp' <Predicate = true> <Delay = 0.00>
ST_2 : Operation 27 [1/1] (1.65ns)   --->   "%icmp = icmp_ne  i3 %tmp, i3 0" [C:/Users/Santiago/OneDrive/Escritorio/ov5640_sv_ed_800x600_v1/ov5640_sv_ed.runs/design_1_v_frmbuf_rd_2_0_synth_1/prj/sol/.autopilot/db/v_frmbuf_rd.cpp:1252]   --->   Operation 27 'icmp' 'icmp' <Predicate = true> <Delay = 1.65> <CoreInst = "Cmp">   --->   Core 9 'Cmp' <Latency = 0> <II = 1> <Delay = 1.65> <FuncUnit> <Opcode : 'icmp'> <InPorts = 2> <OutPorts = 1>
ST_2 : Operation 28 [1/1] (1.73ns)   --->   "%cmp125_2 = icmp_ugt  i4 %remainPix_1, i4 2" [C:/Users/Santiago/OneDrive/Escritorio/ov5640_sv_ed_800x600_v1/ov5640_sv_ed.runs/design_1_v_frmbuf_rd_2_0_synth_1/prj/sol/.autopilot/db/v_frmbuf_rd.cpp:1252]   --->   Operation 28 'icmp' 'cmp125_2' <Predicate = true> <Delay = 1.73> <CoreInst = "Cmp">   --->   Core 9 'Cmp' <Latency = 0> <II = 1> <Delay = 1.73> <FuncUnit> <Opcode : 'icmp'> <InPorts = 2> <OutPorts = 1>
ST_2 : Operation 29 [1/1] (0.00ns)   --->   "%tmp_1 = partselect i2 @_ssdm_op_PartSelect.i2.i4.i32.i32, i4 %remainPix_1, i32 2, i32 3" [C:/Users/Santiago/OneDrive/Escritorio/ov5640_sv_ed_800x600_v1/ov5640_sv_ed.runs/design_1_v_frmbuf_rd_2_0_synth_1/prj/sol/.autopilot/db/v_frmbuf_rd.cpp:1252]   --->   Operation 29 'partselect' 'tmp_1' <Predicate = true> <Delay = 0.00>
ST_2 : Operation 30 [1/1] (1.56ns)   --->   "%icmp12 = icmp_ne  i2 %tmp_1, i2 0" [C:/Users/Santiago/OneDrive/Escritorio/ov5640_sv_ed_800x600_v1/ov5640_sv_ed.runs/design_1_v_frmbuf_rd_2_0_synth_1/prj/sol/.autopilot/db/v_frmbuf_rd.cpp:1252]   --->   Operation 30 'icmp' 'icmp12' <Predicate = true> <Delay = 1.56> <CoreInst = "Cmp">   --->   Core 9 'Cmp' <Latency = 0> <II = 1> <Delay = 1.56> <FuncUnit> <Opcode : 'icmp'> <InPorts = 2> <OutPorts = 1>
ST_2 : Operation 31 [1/1] (1.73ns)   --->   "%cmp125_4 = icmp_ugt  i4 %remainPix_1, i4 4" [C:/Users/Santiago/OneDrive/Escritorio/ov5640_sv_ed_800x600_v1/ov5640_sv_ed.runs/design_1_v_frmbuf_rd_2_0_synth_1/prj/sol/.autopilot/db/v_frmbuf_rd.cpp:1252]   --->   Operation 31 'icmp' 'cmp125_4' <Predicate = true> <Delay = 1.73> <CoreInst = "Cmp">   --->   Core 9 'Cmp' <Latency = 0> <II = 1> <Delay = 1.73> <FuncUnit> <Opcode : 'icmp'> <InPorts = 2> <OutPorts = 1>
ST_2 : Operation 32 [1/1] (1.73ns)   --->   "%cmp125_5 = icmp_ugt  i4 %remainPix_1, i4 5" [C:/Users/Santiago/OneDrive/Escritorio/ov5640_sv_ed_800x600_v1/ov5640_sv_ed.runs/design_1_v_frmbuf_rd_2_0_synth_1/prj/sol/.autopilot/db/v_frmbuf_rd.cpp:1252]   --->   Operation 32 'icmp' 'cmp125_5' <Predicate = true> <Delay = 1.73> <CoreInst = "Cmp">   --->   Core 9 'Cmp' <Latency = 0> <II = 1> <Delay = 1.73> <FuncUnit> <Opcode : 'icmp'> <InPorts = 2> <OutPorts = 1>
ST_2 : Operation 33 [1/1] (1.73ns)   --->   "%cmp125_6 = icmp_ugt  i4 %remainPix_1, i4 6" [C:/Users/Santiago/OneDrive/Escritorio/ov5640_sv_ed_800x600_v1/ov5640_sv_ed.runs/design_1_v_frmbuf_rd_2_0_synth_1/prj/sol/.autopilot/db/v_frmbuf_rd.cpp:1252]   --->   Operation 33 'icmp' 'cmp125_6' <Predicate = true> <Delay = 1.73> <CoreInst = "Cmp">   --->   Core 9 'Cmp' <Latency = 0> <II = 1> <Delay = 1.73> <FuncUnit> <Opcode : 'icmp'> <InPorts = 2> <OutPorts = 1>
ST_2 : Operation 34 [1/1] (1.58ns)   --->   "%store_ln1255 = store i12 0, i12 %y" [C:/Users/Santiago/OneDrive/Escritorio/ov5640_sv_ed_800x600_v1/ov5640_sv_ed.runs/design_1_v_frmbuf_rd_2_0_synth_1/prj/sol/.autopilot/db/v_frmbuf_rd.cpp:1255]   --->   Operation 34 'store' 'store_ln1255' <Predicate = true> <Delay = 1.58>
ST_2 : Operation 35 [1/1] (0.00ns)   --->   "%br_ln1255 = br void %VITIS_LOOP_1262_1" [C:/Users/Santiago/OneDrive/Escritorio/ov5640_sv_ed_800x600_v1/ov5640_sv_ed.runs/design_1_v_frmbuf_rd_2_0_synth_1/prj/sol/.autopilot/db/v_frmbuf_rd.cpp:1255]   --->   Operation 35 'br' 'br_ln1255' <Predicate = true> <Delay = 0.00>

State 3 <SV = 2> <Delay = 4.81>
ST_3 : Operation 36 [1/1] (0.00ns)   --->   "%y_1 = load i12 %y" [C:/Users/Santiago/OneDrive/Escritorio/ov5640_sv_ed_800x600_v1/ov5640_sv_ed.runs/design_1_v_frmbuf_rd_2_0_synth_1/prj/sol/.autopilot/db/v_frmbuf_rd.cpp:1255]   --->   Operation 36 'load' 'y_1' <Predicate = (VideoFormat_read == 24)> <Delay = 0.00>
ST_3 : Operation 37 [1/1] (1.54ns)   --->   "%icmp_ln1255 = icmp_eq  i12 %y_1, i12 %Height_read" [C:/Users/Santiago/OneDrive/Escritorio/ov5640_sv_ed_800x600_v1/ov5640_sv_ed.runs/design_1_v_frmbuf_rd_2_0_synth_1/prj/sol/.autopilot/db/v_frmbuf_rd.cpp:1255]   --->   Operation 37 'icmp' 'icmp_ln1255' <Predicate = (VideoFormat_read == 24)> <Delay = 1.54> <CoreInst = "Cmp">   --->   Core 9 'Cmp' <Latency = 0> <II = 1> <Delay = 1.54> <FuncUnit> <Opcode : 'icmp'> <InPorts = 2> <OutPorts = 1>
ST_3 : Operation 38 [1/1] (1.54ns)   --->   "%y_2 = add i12 %y_1, i12 1" [C:/Users/Santiago/OneDrive/Escritorio/ov5640_sv_ed_800x600_v1/ov5640_sv_ed.runs/design_1_v_frmbuf_rd_2_0_synth_1/prj/sol/.autopilot/db/v_frmbuf_rd.cpp:1255]   --->   Operation 38 'add' 'y_2' <Predicate = (VideoFormat_read == 24)> <Delay = 1.54> <CoreInst = "Adder">   --->   Core 1 'Adder' <Latency = 0> <II = 1> <Delay = 1.54> <FuncUnit> <Opcode : 'add' 'sub'> <InPorts = 2> <OutPorts = 1>
ST_3 : Operation 39 [1/1] (0.00ns)   --->   "%br_ln1255 = br i1 %icmp_ln1255, void %VITIS_LOOP_1262_1.split, void %if.end169.loopexit" [C:/Users/Santiago/OneDrive/Escritorio/ov5640_sv_ed_800x600_v1/ov5640_sv_ed.runs/design_1_v_frmbuf_rd_2_0_synth_1/prj/sol/.autopilot/db/v_frmbuf_rd.cpp:1255]   --->   Operation 39 'br' 'br_ln1255' <Predicate = (VideoFormat_read == 24)> <Delay = 0.00>
ST_3 : Operation 40 [1/1] (0.00ns)   --->   "%empty = wait i32 @_ssdm_op_Wait"   --->   Operation 40 'wait' 'empty' <Predicate = (VideoFormat_read == 24 & !icmp_ln1255)> <Delay = 0.00>
ST_3 : Operation 41 [2/2] (3.26ns)   --->   "%call_ln1249 = call void @Bytes2MultiPixStream_Pipeline_VITIS_LOOP_1262_1, i13 %trunc_ln1249_1, i1 %icmp_ln1252, i1 %cmp125_6, i1 %cmp125_5, i1 %cmp125_4, i1 %icmp12, i1 %cmp125_2, i64 %bytePlanes, i13 %sub121, i24 %img, i1 %icmp" [C:/Users/Santiago/OneDrive/Escritorio/ov5640_sv_ed_800x600_v1/ov5640_sv_ed.runs/design_1_v_frmbuf_rd_2_0_synth_1/prj/sol/.autopilot/db/v_frmbuf_rd.cpp:1249]   --->   Operation 41 'call' 'call_ln1249' <Predicate = (VideoFormat_read == 24 & !icmp_ln1255)> <Delay = 3.26> <CoreType = "Generic">   --->   Core 0 '' <Latency = 0> <II = 1> <Delay = 1.00> <Generic> <Opcode : >
ST_3 : Operation 42 [1/1] (1.58ns)   --->   "%store_ln1255 = store i12 %y_2, i12 %y" [C:/Users/Santiago/OneDrive/Escritorio/ov5640_sv_ed_800x600_v1/ov5640_sv_ed.runs/design_1_v_frmbuf_rd_2_0_synth_1/prj/sol/.autopilot/db/v_frmbuf_rd.cpp:1255]   --->   Operation 42 'store' 'store_ln1255' <Predicate = (VideoFormat_read == 24 & !icmp_ln1255)> <Delay = 1.58>
ST_3 : Operation 43 [1/1] (0.00ns)   --->   "%br_ln0 = br void %if.end169"   --->   Operation 43 'br' 'br_ln0' <Predicate = (VideoFormat_read == 24 & icmp_ln1255)> <Delay = 0.00>
ST_3 : Operation 44 [1/1] (0.00ns)   --->   "%br_ln0 = br void %if.end170"   --->   Operation 44 'br' 'br_ln0' <Predicate = (VideoFormat_read == 63) | (VideoFormat_read == 62) | (VideoFormat_read == 61) | (VideoFormat_read == 60) | (VideoFormat_read == 59) | (VideoFormat_read == 58) | (VideoFormat_read == 57) | (VideoFormat_read == 56) | (VideoFormat_read == 55) | (VideoFormat_read == 54) | (VideoFormat_read == 53) | (VideoFormat_read == 52) | (VideoFormat_read == 51) | (VideoFormat_read == 50) | (VideoFormat_read == 49) | (VideoFormat_read == 48) | (VideoFormat_read == 47) | (VideoFormat_read == 46) | (VideoFormat_read == 45) | (VideoFormat_read == 44) | (VideoFormat_read == 41) | (VideoFormat_read == 40) | (VideoFormat_read == 39) | (VideoFormat_read == 34) | (VideoFormat_read == 27) | (VideoFormat_read == 26) | (VideoFormat_read == 25) | (VideoFormat_read == 17) | (VideoFormat_read == 14) | (VideoFormat_read == 13) | (VideoFormat_read == 9) | (VideoFormat_read == 8) | (VideoFormat_read == 7) | (VideoFormat_read == 6) | (VideoFormat_read == 5) | (VideoFormat_read == 4) | (VideoFormat_read == 3) | (VideoFormat_read == 2) | (VideoFormat_read == 1) | (VideoFormat_read == 0) | (VideoFormat_read == 24 & icmp_ln1255)> <Delay = 0.00>
ST_3 : Operation 45 [1/1] (0.00ns)   --->   "%br_ln0 = br void %if.end171"   --->   Operation 45 'br' 'br_ln0' <Predicate = (VideoFormat_read == 24 & icmp_ln1255) | (VideoFormat_read != 43 & VideoFormat_read != 42 & VideoFormat_read != 19 & VideoFormat_read != 18 & VideoFormat_read != 23 & VideoFormat_read != 22 & VideoFormat_read != 33 & VideoFormat_read != 32 & VideoFormat_read != 38 & VideoFormat_read != 37 & VideoFormat_read != 12 & VideoFormat_read != 28 & VideoFormat_read != 21 & VideoFormat_read != 20 & VideoFormat_read != 31 & VideoFormat_read != 30 & VideoFormat_read != 36 & VideoFormat_read != 35 & VideoFormat_read != 29 & VideoFormat_read != 11 & VideoFormat_read != 10 & VideoFormat_read != 24)> <Delay = 0.00>
ST_3 : Operation 46 [1/1] (0.00ns)   --->   "%br_ln0 = br void %if.end172"   --->   Operation 46 'br' 'br_ln0' <Predicate = (VideoFormat_read == 24 & icmp_ln1255) | (VideoFormat_read != 43 & VideoFormat_read != 42 & VideoFormat_read != 19 & VideoFormat_read != 18 & VideoFormat_read != 23 & VideoFormat_read != 22 & VideoFormat_read != 33 & VideoFormat_read != 32 & VideoFormat_read != 38 & VideoFormat_read != 37 & VideoFormat_read != 12 & VideoFormat_read != 28 & VideoFormat_read != 21 & VideoFormat_read != 20 & VideoFormat_read != 31 & VideoFormat_read != 30 & VideoFormat_read != 36 & VideoFormat_read != 35 & VideoFormat_read != 29 & VideoFormat_read != 24)> <Delay = 0.00>
ST_3 : Operation 47 [1/1] (0.00ns)   --->   "%br_ln0 = br void %if.end173"   --->   Operation 47 'br' 'br_ln0' <Predicate = (VideoFormat_read == 24 & icmp_ln1255) | (VideoFormat_read != 43 & VideoFormat_read != 42 & VideoFormat_read != 19 & VideoFormat_read != 18 & VideoFormat_read != 23 & VideoFormat_read != 22 & VideoFormat_read != 33 & VideoFormat_read != 32 & VideoFormat_read != 38 & VideoFormat_read != 37 & VideoFormat_read != 12 & VideoFormat_read != 28 & VideoFormat_read != 21 & VideoFormat_read != 20 & VideoFormat_read != 31 & VideoFormat_read != 30 & VideoFormat_read != 36 & VideoFormat_read != 35 & VideoFormat_read != 24)> <Delay = 0.00>
ST_3 : Operation 48 [1/1] (0.00ns)   --->   "%br_ln0 = br void %if.end174"   --->   Operation 48 'br' 'br_ln0' <Predicate = (VideoFormat_read == 24 & icmp_ln1255) | (VideoFormat_read != 43 & VideoFormat_read != 42 & VideoFormat_read != 19 & VideoFormat_read != 18 & VideoFormat_read != 23 & VideoFormat_read != 22 & VideoFormat_read != 33 & VideoFormat_read != 32 & VideoFormat_read != 38 & VideoFormat_read != 37 & VideoFormat_read != 12 & VideoFormat_read != 28 & VideoFormat_read != 21 & VideoFormat_read != 20 & VideoFormat_read != 31 & VideoFormat_read != 30 & VideoFormat_read != 24)> <Delay = 0.00>
ST_3 : Operation 49 [1/1] (0.00ns)   --->   "%br_ln0 = br void %if.end175"   --->   Operation 49 'br' 'br_ln0' <Predicate = (VideoFormat_read == 24 & icmp_ln1255) | (VideoFormat_read != 43 & VideoFormat_read != 42 & VideoFormat_read != 19 & VideoFormat_read != 18 & VideoFormat_read != 23 & VideoFormat_read != 22 & VideoFormat_read != 33 & VideoFormat_read != 32 & VideoFormat_read != 38 & VideoFormat_read != 37 & VideoFormat_read != 12 & VideoFormat_read != 28 & VideoFormat_read != 21 & VideoFormat_read != 20 & VideoFormat_read != 24)> <Delay = 0.00>
ST_3 : Operation 50 [1/1] (0.00ns)   --->   "%br_ln0 = br void %if.end176"   --->   Operation 50 'br' 'br_ln0' <Predicate = (VideoFormat_read == 24 & icmp_ln1255) | (VideoFormat_read != 43 & VideoFormat_read != 42 & VideoFormat_read != 19 & VideoFormat_read != 18 & VideoFormat_read != 23 & VideoFormat_read != 22 & VideoFormat_read != 33 & VideoFormat_read != 32 & VideoFormat_read != 38 & VideoFormat_read != 37 & VideoFormat_read != 12 & VideoFormat_read != 28 & VideoFormat_read != 24)> <Delay = 0.00>
ST_3 : Operation 51 [1/1] (0.00ns)   --->   "%br_ln0 = br void %if.end177"   --->   Operation 51 'br' 'br_ln0' <Predicate = (VideoFormat_read == 24 & icmp_ln1255) | (VideoFormat_read != 43 & VideoFormat_read != 42 & VideoFormat_read != 19 & VideoFormat_read != 18 & VideoFormat_read != 23 & VideoFormat_read != 22 & VideoFormat_read != 33 & VideoFormat_read != 32 & VideoFormat_read != 38 & VideoFormat_read != 37 & VideoFormat_read != 12 & VideoFormat_read != 24)> <Delay = 0.00>
ST_3 : Operation 52 [1/1] (0.00ns)   --->   "%br_ln0 = br void %if.end178"   --->   Operation 52 'br' 'br_ln0' <Predicate = (VideoFormat_read == 24 & icmp_ln1255) | (VideoFormat_read != 43 & VideoFormat_read != 42 & VideoFormat_read != 19 & VideoFormat_read != 18 & VideoFormat_read != 23 & VideoFormat_read != 22 & VideoFormat_read != 33 & VideoFormat_read != 32 & VideoFormat_read != 38 & VideoFormat_read != 37 & VideoFormat_read != 24)> <Delay = 0.00>
ST_3 : Operation 53 [1/1] (0.00ns)   --->   "%br_ln0 = br void %if.end179"   --->   Operation 53 'br' 'br_ln0' <Predicate = (VideoFormat_read == 24 & icmp_ln1255) | (VideoFormat_read != 43 & VideoFormat_read != 42 & VideoFormat_read != 19 & VideoFormat_read != 18 & VideoFormat_read != 23 & VideoFormat_read != 22 & VideoFormat_read != 33 & VideoFormat_read != 32 & VideoFormat_read != 24)> <Delay = 0.00>
ST_3 : Operation 54 [1/1] (0.00ns)   --->   "%br_ln0 = br void %if.end180"   --->   Operation 54 'br' 'br_ln0' <Predicate = (VideoFormat_read == 24 & icmp_ln1255) | (VideoFormat_read != 43 & VideoFormat_read != 42 & VideoFormat_read != 19 & VideoFormat_read != 18 & VideoFormat_read != 23 & VideoFormat_read != 22 & VideoFormat_read != 24)> <Delay = 0.00>
ST_3 : Operation 55 [1/1] (0.00ns)   --->   "%br_ln0 = br void %if.end181"   --->   Operation 55 'br' 'br_ln0' <Predicate = (VideoFormat_read == 24 & icmp_ln1255) | (VideoFormat_read != 43 & VideoFormat_read != 42 & VideoFormat_read != 19 & VideoFormat_read != 18 & VideoFormat_read != 24)> <Delay = 0.00>
ST_3 : Operation 56 [1/1] (0.00ns)   --->   "%br_ln0 = br void %if.end182"   --->   Operation 56 'br' 'br_ln0' <Predicate = (VideoFormat_read == 24 & icmp_ln1255) | (VideoFormat_read != 43 & VideoFormat_read != 42 & VideoFormat_read != 24)> <Delay = 0.00>
ST_3 : Operation 57 [1/1] (0.00ns)   --->   "%br_ln0 = br void %if.end183"   --->   Operation 57 'br' 'br_ln0' <Predicate = (VideoFormat_read != 43 & icmp_ln1255) | (VideoFormat_read != 43 & VideoFormat_read != 24) | (VideoFormat_read != 43 & VideoFormat_read == 15) | (VideoFormat_read != 43 & VideoFormat_read == 16) | (VideoFormat_read != 43 & VideoFormat_read == 10) | (VideoFormat_read != 43 & VideoFormat_read == 11) | (VideoFormat_read != 43 & VideoFormat_read == 29) | (VideoFormat_read != 43 & VideoFormat_read == 35) | (VideoFormat_read != 43 & VideoFormat_read == 36) | (VideoFormat_read != 43 & VideoFormat_read == 30) | (VideoFormat_read != 43 & VideoFormat_read == 31) | (VideoFormat_read != 43 & VideoFormat_read == 20) | (VideoFormat_read != 43 & VideoFormat_read == 21) | (VideoFormat_read != 43 & VideoFormat_read == 28) | (VideoFormat_read != 43 & VideoFormat_read == 12) | (VideoFormat_read != 43 & VideoFormat_read == 37) | (VideoFormat_read != 43 & VideoFormat_read == 38) | (VideoFormat_read != 43 & VideoFormat_read == 32) | (VideoFormat_read != 43 & VideoFormat_read == 33) | (VideoFormat_read != 43 & VideoFormat_read == 22) | (VideoFormat_read != 43 & VideoFormat_read == 23) | (VideoFormat_read != 43 & VideoFormat_read == 18) | (VideoFormat_read != 43 & VideoFormat_read == 19) | (VideoFormat_read != 43 & VideoFormat_read == 42)> <Delay = 0.00>
ST_3 : Operation 58 [1/1] (0.00ns)   --->   "%ret_ln1526 = ret" [C:/Users/Santiago/OneDrive/Escritorio/ov5640_sv_ed_800x600_v1/ov5640_sv_ed.runs/design_1_v_frmbuf_rd_2_0_synth_1/prj/sol/.autopilot/db/v_frmbuf_rd.cpp:1526]   --->   Operation 58 'ret' 'ret_ln1526' <Predicate = (icmp_ln1255) | (VideoFormat_read != 24)> <Delay = 0.00>

State 4 <SV = 3> <Delay = 0.00>
ST_4 : Operation 59 [1/1] (0.00ns)   --->   "%speclooptripcount_ln1257 = speclooptripcount void @_ssdm_op_SpecLoopTripCount, i64 0, i64 4320, i64 2160" [C:/Users/Santiago/OneDrive/Escritorio/ov5640_sv_ed_800x600_v1/ov5640_sv_ed.runs/design_1_v_frmbuf_rd_2_0_synth_1/prj/sol/.autopilot/db/v_frmbuf_rd.cpp:1257]   --->   Operation 59 'speclooptripcount' 'speclooptripcount_ln1257' <Predicate = true> <Delay = 0.00>
ST_4 : Operation 60 [1/1] (0.00ns)   --->   "%specloopname_ln1255 = specloopname void @_ssdm_op_SpecLoopName, void @empty_25" [C:/Users/Santiago/OneDrive/Escritorio/ov5640_sv_ed_800x600_v1/ov5640_sv_ed.runs/design_1_v_frmbuf_rd_2_0_synth_1/prj/sol/.autopilot/db/v_frmbuf_rd.cpp:1255]   --->   Operation 60 'specloopname' 'specloopname_ln1255' <Predicate = true> <Delay = 0.00>
ST_4 : Operation 61 [1/2] (0.00ns)   --->   "%call_ln1249 = call void @Bytes2MultiPixStream_Pipeline_VITIS_LOOP_1262_1, i13 %trunc_ln1249_1, i1 %icmp_ln1252, i1 %cmp125_6, i1 %cmp125_5, i1 %cmp125_4, i1 %icmp12, i1 %cmp125_2, i64 %bytePlanes, i13 %sub121, i24 %img, i1 %icmp" [C:/Users/Santiago/OneDrive/Escritorio/ov5640_sv_ed_800x600_v1/ov5640_sv_ed.runs/design_1_v_frmbuf_rd_2_0_synth_1/prj/sol/.autopilot/db/v_frmbuf_rd.cpp:1249]   --->   Operation 61 'call' 'call_ln1249' <Predicate = true> <Delay = 0.00> <CoreType = "Generic">   --->   Core 0 '' <Latency = 0> <II = 1> <Delay = 1.00> <Generic> <Opcode : >
ST_4 : Operation 62 [1/1] (0.00ns)   --->   "%br_ln1255 = br void %VITIS_LOOP_1262_1" [C:/Users/Santiago/OneDrive/Escritorio/ov5640_sv_ed_800x600_v1/ov5640_sv_ed.runs/design_1_v_frmbuf_rd_2_0_synth_1/prj/sol/.autopilot/db/v_frmbuf_rd.cpp:1255]   --->   Operation 62 'br' 'br_ln1255' <Predicate = true> <Delay = 0.00>


============================================================
+ Verbose Summary: Binding
============================================================
STG Binding: 
---------------- STG Properties BEGIN ----------------
- Is combinational: 0
- Is one-state seq: 0
- Is datapath-only: 0
- Is pipelined: 0
- Is top level: 0
Port [ Return ] is wired: 1; IO mode=ap_ctrl_hs:ce=0
Port [ bytePlanes]:  wired=1; compound=1; hidden=0; nouse=0; global=0; static=0; extern=0; dir=0; type=3; pingpong=0; private_global=0; IO mode=ap_fifo:ce=0
Port [ img]:  wired=1; compound=1; hidden=0; nouse=0; global=0; static=0; extern=0; dir=1; type=3; pingpong=0; private_global=0; IO mode=ap_fifo:ce=0
Port [ Height]:  wired=1; compound=1; hidden=0; nouse=0; global=0; static=0; extern=0; dir=0; type=3; pingpong=0; private_global=0; IO mode=ap_fifo:ce=0
Port [ WidthInBytes]:  wired=1; compound=1; hidden=0; nouse=0; global=0; static=0; extern=0; dir=0; type=3; pingpong=0; private_global=0; IO mode=ap_fifo:ce=0
Port [ VideoFormat]:  wired=1; compound=1; hidden=0; nouse=0; global=0; static=0; extern=0; dir=0; type=3; pingpong=0; private_global=0; IO mode=ap_fifo:ce=0
Port [ height_c]:  wired=1; compound=1; hidden=0; nouse=0; global=0; static=0; extern=0; dir=1; type=3; pingpong=0; private_global=0; IO mode=ap_fifo:ce=0
---------------- STG Properties END ------------------

---------------- Datapath Model BEGIN ----------------

<LifeTime>
<method=bitvector/>
specinterface_ln0        (specinterface    ) [ 00000]
widthInPix               (read             ) [ 00100]
specinterface_ln0        (specinterface    ) [ 00000]
VideoFormat_read         (read             ) [ 01111]
specinterface_ln0        (specinterface    ) [ 00000]
Height_read              (read             ) [ 00111]
specinterface_ln0        (specinterface    ) [ 00000]
write_ln0                (write            ) [ 00000]
specmemcore_ln0          (specmemcore      ) [ 00000]
specinterface_ln0        (specinterface    ) [ 00000]
specinterface_ln0        (specinterface    ) [ 00000]
switch_ln573             (switch           ) [ 00000]
y                        (alloca           ) [ 00111]
remainPix                (trunc            ) [ 00000]
zext_ln1249              (zext             ) [ 00000]
add_ln1249               (add              ) [ 00000]
trunc_ln1249_1           (partselect       ) [ 00011]
zext_ln1251              (zext             ) [ 00000]
icmp_ln1252              (icmp             ) [ 00011]
remainPix_1              (select           ) [ 00000]
sub121                   (add              ) [ 00011]
tmp                      (partselect       ) [ 00000]
icmp                     (icmp             ) [ 00011]
cmp125_2                 (icmp             ) [ 00011]
tmp_1                    (partselect       ) [ 00000]
icmp12                   (icmp             ) [ 00011]
cmp125_4                 (icmp             ) [ 00011]
cmp125_5                 (icmp             ) [ 00011]
cmp125_6                 (icmp             ) [ 00011]
store_ln1255             (store            ) [ 00000]
br_ln1255                (br               ) [ 00000]
y_1                      (load             ) [ 00000]
icmp_ln1255              (icmp             ) [ 00011]
y_2                      (add              ) [ 00000]
br_ln1255                (br               ) [ 00000]
empty                    (wait             ) [ 00000]
store_ln1255             (store            ) [ 00000]
br_ln0                   (br               ) [ 00000]
br_ln0                   (br               ) [ 00000]
br_ln0                   (br               ) [ 00000]
br_ln0                   (br               ) [ 00000]
br_ln0                   (br               ) [ 00000]
br_ln0                   (br               ) [ 00000]
br_ln0                   (br               ) [ 00000]
br_ln0                   (br               ) [ 00000]
br_ln0                   (br               ) [ 00000]
br_ln0                   (br               ) [ 00000]
br_ln0                   (br               ) [ 00000]
br_ln0                   (br               ) [ 00000]
br_ln0                   (br               ) [ 00000]
br_ln0                   (br               ) [ 00000]
br_ln0                   (br               ) [ 00000]
ret_ln1526               (ret              ) [ 00000]
speclooptripcount_ln1257 (speclooptripcount) [ 00000]
specloopname_ln1255      (specloopname     ) [ 00000]
call_ln1249              (call             ) [ 00000]
br_ln1255                (br               ) [ 00000]
</LifeTime>

<model>

<comp_list>
<comp id="0" class="1000" name="bytePlanes">
<pin_list>
<pin id="1" dir="1" index="0" bw="1" slack="0"/>
</pin_list>
<bind>
<StgValue><ssdm name="bytePlanes"/></StgValue>
</bind>
</comp>

<comp id="2" class="1000" name="img">
<pin_list>
<pin id="3" dir="1" index="0" bw="1" slack="0"/>
</pin_list>
<bind>
<StgValue><ssdm name="img"/></StgValue>
</bind>
</comp>

<comp id="4" class="1000" name="Height">
<pin_list>
<pin id="5" dir="1" index="0" bw="1" slack="0"/>
</pin_list>
<bind>
<StgValue><ssdm name="Height"/></StgValue>
</bind>
</comp>

<comp id="6" class="1000" name="WidthInBytes">
<pin_list>
<pin id="7" dir="1" index="0" bw="1" slack="0"/>
</pin_list>
<bind>
<StgValue><ssdm name="WidthInBytes"/></StgValue>
</bind>
</comp>

<comp id="8" class="1000" name="VideoFormat">
<pin_list>
<pin id="9" dir="1" index="0" bw="1" slack="0"/>
</pin_list>
<bind>
<StgValue><ssdm name="VideoFormat"/></StgValue>
</bind>
</comp>

<comp id="10" class="1000" name="height_c">
<pin_list>
<pin id="11" dir="1" index="0" bw="1" slack="0"/>
</pin_list>
<bind>
<StgValue><ssdm name="height_c"/></StgValue>
</bind>
</comp>

<comp id="12" class="1001" name="const_12">
<pin_list>
<pin id="13" dir="1" index="0" bw="1" slack="2147483647"/>
</pin_list>
<bind>
<StgValue><ssdm name="_ssdm_op_SpecInterface"/></StgValue>
</bind>
</comp>

<comp id="14" class="1001" name="const_14">
<pin_list>
<pin id="15" dir="1" index="0" bw="1" slack="2147483647"/>
</pin_list>
<bind>
<StgValue><ssdm name="ap_fifo_str"/></StgValue>
</bind>
</comp>

<comp id="16" class="1001" name="const_16">
<pin_list>
<pin id="17" dir="1" index="0" bw="1" slack="2147483647"/>
</pin_list>
<bind>
<StgValue><ssdm name=""/></StgValue>
</bind>
</comp>

<comp id="18" class="1001" name="const_18">
<pin_list>
<pin id="19" dir="1" index="0" bw="1" slack="2147483647"/>
</pin_list>
<bind>
<StgValue><ssdm name="p_str"/></StgValue>
</bind>
</comp>

<comp id="20" class="1001" name="const_20">
<pin_list>
<pin id="21" dir="1" index="0" bw="1" slack="0"/>
</pin_list>
<bind>
<StgValue><ssdm name=""/></StgValue>
</bind>
</comp>

<comp id="22" class="1001" name="const_22">
<pin_list>
<pin id="23" dir="1" index="0" bw="1" slack="2147483647"/>
</pin_list>
<bind>
<StgValue><ssdm name=""/></StgValue>
</bind>
</comp>

<comp id="24" class="1001" name="const_24">
<pin_list>
<pin id="25" dir="1" index="0" bw="1" slack="2147483647"/>
</pin_list>
<bind>
<StgValue><ssdm name="ScalarProp_str"/></StgValue>
</bind>
</comp>

<comp id="26" class="1001" name="const_26">
<pin_list>
<pin id="27" dir="1" index="0" bw="1" slack="2147483647"/>
</pin_list>
<bind>
<StgValue><ssdm name=""/></StgValue>
</bind>
</comp>

<comp id="28" class="1001" name="const_28">
<pin_list>
<pin id="29" dir="1" index="0" bw="1" slack="0"/>
</pin_list>
<bind>
<StgValue><ssdm name="_ssdm_op_Read.ap_fifo.i15P0A"/></StgValue>
</bind>
</comp>

<comp id="30" class="1001" name="const_30">
<pin_list>
<pin id="31" dir="1" index="0" bw="1" slack="0"/>
</pin_list>
<bind>
<StgValue><ssdm name="_ssdm_op_Read.ap_fifo.i6P0A"/></StgValue>
</bind>
</comp>

<comp id="32" class="1001" name="const_32">
<pin_list>
<pin id="33" dir="1" index="0" bw="1" slack="0"/>
</pin_list>
<bind>
<StgValue><ssdm name="_ssdm_op_Read.ap_fifo.i12P0A"/></StgValue>
</bind>
</comp>

<comp id="34" class="1001" name="const_34">
<pin_list>
<pin id="35" dir="1" index="0" bw="1" slack="0"/>
</pin_list>
<bind>
<StgValue><ssdm name="_ssdm_op_Write.ap_fifo.i12P0A"/></StgValue>
</bind>
</comp>

<comp id="36" class="1001" name="const_36">
<pin_list>
<pin id="37" dir="1" index="0" bw="1" slack="2147483647"/>
</pin_list>
<bind>
<StgValue><ssdm name="_ssdm_op_SpecMemCore"/></StgValue>
</bind>
</comp>

<comp id="38" class="1001" name="const_38">
<pin_list>
<pin id="39" dir="1" index="0" bw="1" slack="2147483647"/>
</pin_list>
<bind>
<StgValue><ssdm name=""/></StgValue>
</bind>
</comp>

<comp id="40" class="1001" name="const_40">
<pin_list>
<pin id="41" dir="1" index="0" bw="1" slack="2147483647"/>
</pin_list>
<bind>
<StgValue><ssdm name=""/></StgValue>
</bind>
</comp>

<comp id="42" class="1001" name="const_42">
<pin_list>
<pin id="43" dir="1" index="0" bw="1" slack="2147483647"/>
</pin_list>
<bind>
<StgValue><ssdm name=""/></StgValue>
</bind>
</comp>

<comp id="44" class="1001" name="const_44">
<pin_list>
<pin id="45" dir="1" index="0" bw="1" slack="2147483647"/>
</pin_list>
<bind>
<StgValue><ssdm name="empty_4"/></StgValue>
</bind>
</comp>

<comp id="46" class="1001" name="const_46">
<pin_list>
<pin id="47" dir="1" index="0" bw="1" slack="2147483647"/>
</pin_list>
<bind>
<StgValue><ssdm name="empty_7"/></StgValue>
</bind>
</comp>

<comp id="48" class="1001" name="const_48">
<pin_list>
<pin id="49" dir="1" index="0" bw="1" slack="2147483647"/>
</pin_list>
<bind>
<StgValue><ssdm name=""/></StgValue>
</bind>
</comp>

<comp id="50" class="1001" name="const_50">
<pin_list>
<pin id="51" dir="1" index="0" bw="1" slack="2147483647"/>
</pin_list>
<bind>
<StgValue><ssdm name=""/></StgValue>
</bind>
</comp>

<comp id="52" class="1001" name="const_52">
<pin_list>
<pin id="53" dir="1" index="0" bw="1" slack="2147483647"/>
</pin_list>
<bind>
<StgValue><ssdm name=""/></StgValue>
</bind>
</comp>

<comp id="54" class="1001" name="const_54">
<pin_list>
<pin id="55" dir="1" index="0" bw="1" slack="2147483647"/>
</pin_list>
<bind>
<StgValue><ssdm name=""/></StgValue>
</bind>
</comp>

<comp id="56" class="1001" name="const_56">
<pin_list>
<pin id="57" dir="1" index="0" bw="1" slack="2147483647"/>
</pin_list>
<bind>
<StgValue><ssdm name=""/></StgValue>
</bind>
</comp>

<comp id="58" class="1001" name="const_58">
<pin_list>
<pin id="59" dir="1" index="0" bw="1" slack="2147483647"/>
</pin_list>
<bind>
<StgValue><ssdm name=""/></StgValue>
</bind>
</comp>

<comp id="60" class="1001" name="const_60">
<pin_list>
<pin id="61" dir="1" index="0" bw="1" slack="2147483647"/>
</pin_list>
<bind>
<StgValue><ssdm name=""/></StgValue>
</bind>
</comp>

<comp id="62" class="1001" name="const_62">
<pin_list>
<pin id="63" dir="1" index="0" bw="1" slack="2147483647"/>
</pin_list>
<bind>
<StgValue><ssdm name=""/></StgValue>
</bind>
</comp>

<comp id="64" class="1001" name="const_64">
<pin_list>
<pin id="65" dir="1" index="0" bw="1" slack="2147483647"/>
</pin_list>
<bind>
<StgValue><ssdm name=""/></StgValue>
</bind>
</comp>

<comp id="66" class="1001" name="const_66">
<pin_list>
<pin id="67" dir="1" index="0" bw="1" slack="2147483647"/>
</pin_list>
<bind>
<StgValue><ssdm name=""/></StgValue>
</bind>
</comp>

<comp id="68" class="1001" name="const_68">
<pin_list>
<pin id="69" dir="1" index="0" bw="1" slack="2147483647"/>
</pin_list>
<bind>
<StgValue><ssdm name=""/></StgValue>
</bind>
</comp>

<comp id="70" class="1001" name="const_70">
<pin_list>
<pin id="71" dir="1" index="0" bw="1" slack="2147483647"/>
</pin_list>
<bind>
<StgValue><ssdm name=""/></StgValue>
</bind>
</comp>

<comp id="72" class="1001" name="const_72">
<pin_list>
<pin id="73" dir="1" index="0" bw="1" slack="2147483647"/>
</pin_list>
<bind>
<StgValue><ssdm name=""/></StgValue>
</bind>
</comp>

<comp id="74" class="1001" name="const_74">
<pin_list>
<pin id="75" dir="1" index="0" bw="1" slack="2147483647"/>
</pin_list>
<bind>
<StgValue><ssdm name=""/></StgValue>
</bind>
</comp>

<comp id="76" class="1001" name="const_76">
<pin_list>
<pin id="77" dir="1" index="0" bw="1" slack="2147483647"/>
</pin_list>
<bind>
<StgValue><ssdm name=""/></StgValue>
</bind>
</comp>

<comp id="78" class="1001" name="const_78">
<pin_list>
<pin id="79" dir="1" index="0" bw="1" slack="2147483647"/>
</pin_list>
<bind>
<StgValue><ssdm name=""/></StgValue>
</bind>
</comp>

<comp id="80" class="1001" name="const_80">
<pin_list>
<pin id="81" dir="1" index="0" bw="1" slack="2147483647"/>
</pin_list>
<bind>
<StgValue><ssdm name=""/></StgValue>
</bind>
</comp>

<comp id="82" class="1001" name="const_82">
<pin_list>
<pin id="83" dir="1" index="0" bw="1" slack="2147483647"/>
</pin_list>
<bind>
<StgValue><ssdm name=""/></StgValue>
</bind>
</comp>

<comp id="84" class="1001" name="const_84">
<pin_list>
<pin id="85" dir="1" index="0" bw="1" slack="2147483647"/>
</pin_list>
<bind>
<StgValue><ssdm name=""/></StgValue>
</bind>
</comp>

<comp id="86" class="1001" name="const_86">
<pin_list>
<pin id="87" dir="1" index="0" bw="1" slack="2147483647"/>
</pin_list>
<bind>
<StgValue><ssdm name=""/></StgValue>
</bind>
</comp>

<comp id="88" class="1001" name="const_88">
<pin_list>
<pin id="89" dir="1" index="0" bw="1" slack="2147483647"/>
</pin_list>
<bind>
<StgValue><ssdm name=""/></StgValue>
</bind>
</comp>

<comp id="90" class="1001" name="const_90">
<pin_list>
<pin id="91" dir="1" index="0" bw="1" slack="2147483647"/>
</pin_list>
<bind>
<StgValue><ssdm name=""/></StgValue>
</bind>
</comp>

<comp id="92" class="1001" name="const_92">
<pin_list>
<pin id="93" dir="1" index="0" bw="1" slack="2147483647"/>
</pin_list>
<bind>
<StgValue><ssdm name=""/></StgValue>
</bind>
</comp>

<comp id="94" class="1001" name="const_94">
<pin_list>
<pin id="95" dir="1" index="0" bw="1" slack="2147483647"/>
</pin_list>
<bind>
<StgValue><ssdm name=""/></StgValue>
</bind>
</comp>

<comp id="96" class="1001" name="const_96">
<pin_list>
<pin id="97" dir="1" index="0" bw="1" slack="0"/>
</pin_list>
<bind>
<StgValue><ssdm name=""/></StgValue>
</bind>
</comp>

<comp id="98" class="1001" name="const_98">
<pin_list>
<pin id="99" dir="1" index="0" bw="1" slack="0"/>
</pin_list>
<bind>
<StgValue><ssdm name=""/></StgValue>
</bind>
</comp>

<comp id="100" class="1001" name="const_100">
<pin_list>
<pin id="101" dir="1" index="0" bw="1" slack="0"/>
</pin_list>
<bind>
<StgValue><ssdm name="_ssdm_op_PartSelect.i13.i16.i32.i32"/></StgValue>
</bind>
</comp>

<comp id="102" class="1001" name="const_102">
<pin_list>
<pin id="103" dir="1" index="0" bw="1" slack="0"/>
</pin_list>
<bind>
<StgValue><ssdm name=""/></StgValue>
</bind>
</comp>

<comp id="104" class="1001" name="const_104">
<pin_list>
<pin id="105" dir="1" index="0" bw="1" slack="0"/>
</pin_list>
<bind>
<StgValue><ssdm name=""/></StgValue>
</bind>
</comp>

<comp id="106" class="1001" name="const_106">
<pin_list>
<pin id="107" dir="1" index="0" bw="1" slack="0"/>
</pin_list>
<bind>
<StgValue><ssdm name=""/></StgValue>
</bind>
</comp>

<comp id="108" class="1001" name="const_108">
<pin_list>
<pin id="109" dir="1" index="0" bw="1" slack="0"/>
</pin_list>
<bind>
<StgValue><ssdm name=""/></StgValue>
</bind>
</comp>

<comp id="110" class="1001" name="const_110">
<pin_list>
<pin id="111" dir="1" index="0" bw="1" slack="0"/>
</pin_list>
<bind>
<StgValue><ssdm name=""/></StgValue>
</bind>
</comp>

<comp id="112" class="1001" name="const_112">
<pin_list>
<pin id="113" dir="1" index="0" bw="1" slack="0"/>
</pin_list>
<bind>
<StgValue><ssdm name="_ssdm_op_PartSelect.i3.i4.i32.i32"/></StgValue>
</bind>
</comp>

<comp id="114" class="1001" name="const_114">
<pin_list>
<pin id="115" dir="1" index="0" bw="1" slack="0"/>
</pin_list>
<bind>
<StgValue><ssdm name=""/></StgValue>
</bind>
</comp>

<comp id="116" class="1001" name="const_116">
<pin_list>
<pin id="117" dir="1" index="0" bw="1" slack="0"/>
</pin_list>
<bind>
<StgValue><ssdm name="_ssdm_op_PartSelect.i2.i4.i32.i32"/></StgValue>
</bind>
</comp>

<comp id="118" class="1001" name="const_118">
<pin_list>
<pin id="119" dir="1" index="0" bw="1" slack="0"/>
</pin_list>
<bind>
<StgValue><ssdm name=""/></StgValue>
</bind>
</comp>

<comp id="120" class="1001" name="const_120">
<pin_list>
<pin id="121" dir="1" index="0" bw="1" slack="0"/>
</pin_list>
<bind>
<StgValue><ssdm name=""/></StgValue>
</bind>
</comp>

<comp id="122" class="1001" name="const_122">
<pin_list>
<pin id="123" dir="1" index="0" bw="1" slack="0"/>
</pin_list>
<bind>
<StgValue><ssdm name=""/></StgValue>
</bind>
</comp>

<comp id="124" class="1001" name="const_124">
<pin_list>
<pin id="125" dir="1" index="0" bw="1" slack="0"/>
</pin_list>
<bind>
<StgValue><ssdm name=""/></StgValue>
</bind>
</comp>

<comp id="126" class="1001" name="const_126">
<pin_list>
<pin id="127" dir="1" index="0" bw="1" slack="0"/>
</pin_list>
<bind>
<StgValue><ssdm name=""/></StgValue>
</bind>
</comp>

<comp id="128" class="1001" name="const_128">
<pin_list>
<pin id="129" dir="1" index="0" bw="1" slack="0"/>
</pin_list>
<bind>
<StgValue><ssdm name=""/></StgValue>
</bind>
</comp>

<comp id="130" class="1001" name="const_130">
<pin_list>
<pin id="131" dir="1" index="0" bw="1" slack="2147483647"/>
</pin_list>
<bind>
<StgValue><ssdm name="_ssdm_op_Wait"/></StgValue>
</bind>
</comp>

<comp id="132" class="1001" name="const_132">
<pin_list>
<pin id="133" dir="1" index="0" bw="1" slack="0"/>
</pin_list>
<bind>
<StgValue><ssdm name="Bytes2MultiPixStream_Pipeline_VITIS_LOOP_1262_1"/></StgValue>
</bind>
</comp>

<comp id="134" class="1001" name="const_134">
<pin_list>
<pin id="135" dir="1" index="0" bw="1" slack="2147483647"/>
</pin_list>
<bind>
<StgValue><ssdm name="_ssdm_op_SpecLoopTripCount"/></StgValue>
</bind>
</comp>

<comp id="136" class="1001" name="const_136">
<pin_list>
<pin id="137" dir="1" index="0" bw="1" slack="2147483647"/>
</pin_list>
<bind>
<StgValue><ssdm name=""/></StgValue>
</bind>
</comp>

<comp id="138" class="1001" name="const_138">
<pin_list>
<pin id="139" dir="1" index="0" bw="1" slack="2147483647"/>
</pin_list>
<bind>
<StgValue><ssdm name=""/></StgValue>
</bind>
</comp>

<comp id="140" class="1001" name="const_140">
<pin_list>
<pin id="141" dir="1" index="0" bw="1" slack="2147483647"/>
</pin_list>
<bind>
<StgValue><ssdm name=""/></StgValue>
</bind>
</comp>

<comp id="142" class="1001" name="const_142">
<pin_list>
<pin id="143" dir="1" index="0" bw="1" slack="2147483647"/>
</pin_list>
<bind>
<StgValue><ssdm name="_ssdm_op_SpecLoopName"/></StgValue>
</bind>
</comp>

<comp id="144" class="1001" name="const_144">
<pin_list>
<pin id="145" dir="1" index="0" bw="1" slack="2147483647"/>
</pin_list>
<bind>
<StgValue><ssdm name="empty_25"/></StgValue>
</bind>
</comp>

<comp id="146" class="1004" name="y_fu_146">
<pin_list>
<pin id="147" dir="0" index="0" bw="1" slack="0"/>
<pin id="148" dir="1" index="1" bw="12" slack="0"/>
</pin_list>
<bind>
<opcode="alloca(26) " fcode="alloca"/>
<opset="y/2 "/>
</bind>
</comp>

<comp id="150" class="1004" name="widthInPix_read_fu_150">
<pin_list>
<pin id="151" dir="0" index="0" bw="15" slack="0"/>
<pin id="152" dir="0" index="1" bw="15" slack="0"/>
<pin id="153" dir="1" index="2" bw="15" slack="1"/>
</pin_list>
<bind>
<opcode="read(1150) " fcode="read"/>
<opset="widthInPix/1 "/>
</bind>
</comp>

<comp id="156" class="1004" name="VideoFormat_read_read_fu_156">
<pin_list>
<pin id="157" dir="0" index="0" bw="6" slack="0"/>
<pin id="158" dir="0" index="1" bw="6" slack="0"/>
<pin id="159" dir="1" index="2" bw="6" slack="2"/>
</pin_list>
<bind>
<opcode="read(1150) " fcode="read"/>
<opset="VideoFormat_read/1 "/>
</bind>
</comp>

<comp id="162" class="1004" name="Height_read_read_fu_162">
<pin_list>
<pin id="163" dir="0" index="0" bw="12" slack="0"/>
<pin id="164" dir="0" index="1" bw="12" slack="0"/>
<pin id="165" dir="1" index="2" bw="12" slack="0"/>
</pin_list>
<bind>
<opcode="read(1150) " fcode="read"/>
<opset="Height_read/1 "/>
</bind>
</comp>

<comp id="168" class="1004" name="write_ln0_write_fu_168">
<pin_list>
<pin id="169" dir="0" index="0" bw="0" slack="0"/>
<pin id="170" dir="0" index="1" bw="12" slack="0"/>
<pin id="171" dir="0" index="2" bw="12" slack="0"/>
<pin id="172" dir="1" index="3" bw="0" slack="2147483647"/>
</pin_list>
<bind>
<opcode="write(1151) " fcode="write"/>
<opset="write_ln0/1 "/>
</bind>
</comp>

<comp id="176" class="1004" name="grp_Bytes2MultiPixStream_Pipeline_VITIS_LOOP_1262_1_fu_176">
<pin_list>
<pin id="177" dir="0" index="0" bw="0" slack="0"/>
<pin id="178" dir="0" index="1" bw="13" slack="1"/>
<pin id="179" dir="0" index="2" bw="1" slack="1"/>
<pin id="180" dir="0" index="3" bw="1" slack="1"/>
<pin id="181" dir="0" index="4" bw="1" slack="1"/>
<pin id="182" dir="0" index="5" bw="1" slack="1"/>
<pin id="183" dir="0" index="6" bw="1" slack="1"/>
<pin id="184" dir="0" index="7" bw="1" slack="1"/>
<pin id="185" dir="0" index="8" bw="64" slack="0"/>
<pin id="186" dir="0" index="9" bw="13" slack="1"/>
<pin id="187" dir="0" index="10" bw="24" slack="0"/>
<pin id="188" dir="0" index="11" bw="1" slack="1"/>
<pin id="189" dir="1" index="12" bw="0" slack="2147483647"/>
</pin_list>
<bind>
<opcode="call(48) " fcode="call"/>
<opset="call_ln1249/3 "/>
</bind>
</comp>

<comp id="193" class="1004" name="remainPix_fu_193">
<pin_list>
<pin id="194" dir="0" index="0" bw="15" slack="1"/>
<pin id="195" dir="1" index="1" bw="3" slack="0"/>
</pin_list>
<bind>
<opcode="trunc(33) " fcode="trunc"/>
<opset="remainPix/2 "/>
</bind>
</comp>

<comp id="196" class="1004" name="zext_ln1249_fu_196">
<pin_list>
<pin id="197" dir="0" index="0" bw="15" slack="1"/>
<pin id="198" dir="1" index="1" bw="16" slack="0"/>
</pin_list>
<bind>
<opcode="zext(34) " fcode="zext"/>
<opset="zext_ln1249/2 "/>
</bind>
</comp>

<comp id="199" class="1004" name="add_ln1249_fu_199">
<pin_list>
<pin id="200" dir="0" index="0" bw="15" slack="0"/>
<pin id="201" dir="0" index="1" bw="4" slack="0"/>
<pin id="202" dir="1" index="2" bw="16" slack="0"/>
</pin_list>
<bind>
<opcode="add(8) " fcode="add"/>
<opset="add_ln1249/2 "/>
</bind>
</comp>

<comp id="205" class="1004" name="trunc_ln1249_1_fu_205">
<pin_list>
<pin id="206" dir="0" index="0" bw="13" slack="0"/>
<pin id="207" dir="0" index="1" bw="16" slack="0"/>
<pin id="208" dir="0" index="2" bw="3" slack="0"/>
<pin id="209" dir="0" index="3" bw="5" slack="0"/>
<pin id="210" dir="1" index="4" bw="13" slack="0"/>
</pin_list>
<bind>
<opcode="partselect(1002) " fcode="partselect"/>
<opset="trunc_ln1249_1/2 "/>
</bind>
</comp>

<comp id="215" class="1004" name="zext_ln1251_fu_215">
<pin_list>
<pin id="216" dir="0" index="0" bw="3" slack="0"/>
<pin id="217" dir="1" index="1" bw="4" slack="0"/>
</pin_list>
<bind>
<opcode="zext(34) " fcode="zext"/>
<opset="zext_ln1251/2 "/>
</bind>
</comp>

<comp id="219" class="1004" name="icmp_ln1252_fu_219">
<pin_list>
<pin id="220" dir="0" index="0" bw="3" slack="0"/>
<pin id="221" dir="0" index="1" bw="1" slack="0"/>
<pin id="222" dir="1" index="2" bw="1" slack="0"/>
</pin_list>
<bind>
<opcode="icmp(45) " fcode="icmp"/>
<opset="icmp_ln1252/2 "/>
</bind>
</comp>

<comp id="225" class="1004" name="remainPix_1_fu_225">
<pin_list>
<pin id="226" dir="0" index="0" bw="1" slack="0"/>
<pin id="227" dir="0" index="1" bw="4" slack="0"/>
<pin id="228" dir="0" index="2" bw="3" slack="0"/>
<pin id="229" dir="1" index="3" bw="4" slack="0"/>
</pin_list>
<bind>
<opcode="select(49) " fcode="select"/>
<opset="remainPix_1/2 "/>
</bind>
</comp>

<comp id="233" class="1004" name="sub121_fu_233">
<pin_list>
<pin id="234" dir="0" index="0" bw="13" slack="0"/>
<pin id="235" dir="0" index="1" bw="1" slack="0"/>
<pin id="236" dir="1" index="2" bw="13" slack="1"/>
</pin_list>
<bind>
<opcode="add(8) " fcode="add"/>
<opset="sub121/2 "/>
</bind>
</comp>

<comp id="239" class="1004" name="tmp_fu_239">
<pin_list>
<pin id="240" dir="0" index="0" bw="3" slack="0"/>
<pin id="241" dir="0" index="1" bw="4" slack="0"/>
<pin id="242" dir="0" index="2" bw="1" slack="0"/>
<pin id="243" dir="0" index="3" bw="3" slack="0"/>
<pin id="244" dir="1" index="4" bw="3" slack="0"/>
</pin_list>
<bind>
<opcode="partselect(1002) " fcode="partselect"/>
<opset="tmp/2 "/>
</bind>
</comp>

<comp id="249" class="1004" name="icmp_fu_249">
<pin_list>
<pin id="250" dir="0" index="0" bw="3" slack="0"/>
<pin id="251" dir="0" index="1" bw="1" slack="0"/>
<pin id="252" dir="1" index="2" bw="1" slack="1"/>
</pin_list>
<bind>
<opcode="icmp(45) " fcode="icmp"/>
<opset="icmp/2 "/>
</bind>
</comp>

<comp id="255" class="1004" name="cmp125_2_fu_255">
<pin_list>
<pin id="256" dir="0" index="0" bw="4" slack="0"/>
<pin id="257" dir="0" index="1" bw="3" slack="0"/>
<pin id="258" dir="1" index="2" bw="1" slack="1"/>
</pin_list>
<bind>
<opcode="icmp(45) " fcode="icmp"/>
<opset="cmp125_2/2 "/>
</bind>
</comp>

<comp id="261" class="1004" name="tmp_1_fu_261">
<pin_list>
<pin id="262" dir="0" index="0" bw="2" slack="0"/>
<pin id="263" dir="0" index="1" bw="4" slack="0"/>
<pin id="264" dir="0" index="2" bw="3" slack="0"/>
<pin id="265" dir="0" index="3" bw="3" slack="0"/>
<pin id="266" dir="1" index="4" bw="2" slack="0"/>
</pin_list>
<bind>
<opcode="partselect(1002) " fcode="partselect"/>
<opset="tmp_1/2 "/>
</bind>
</comp>

<comp id="271" class="1004" name="icmp12_fu_271">
<pin_list>
<pin id="272" dir="0" index="0" bw="2" slack="0"/>
<pin id="273" dir="0" index="1" bw="1" slack="0"/>
<pin id="274" dir="1" index="2" bw="1" slack="1"/>
</pin_list>
<bind>
<opcode="icmp(45) " fcode="icmp"/>
<opset="icmp12/2 "/>
</bind>
</comp>

<comp id="277" class="1004" name="cmp125_4_fu_277">
<pin_list>
<pin id="278" dir="0" index="0" bw="4" slack="0"/>
<pin id="279" dir="0" index="1" bw="4" slack="0"/>
<pin id="280" dir="1" index="2" bw="1" slack="1"/>
</pin_list>
<bind>
<opcode="icmp(45) " fcode="icmp"/>
<opset="cmp125_4/2 "/>
</bind>
</comp>

<comp id="283" class="1004" name="cmp125_5_fu_283">
<pin_list>
<pin id="284" dir="0" index="0" bw="4" slack="0"/>
<pin id="285" dir="0" index="1" bw="4" slack="0"/>
<pin id="286" dir="1" index="2" bw="1" slack="1"/>
</pin_list>
<bind>
<opcode="icmp(45) " fcode="icmp"/>
<opset="cmp125_5/2 "/>
</bind>
</comp>

<comp id="289" class="1004" name="cmp125_6_fu_289">
<pin_list>
<pin id="290" dir="0" index="0" bw="4" slack="0"/>
<pin id="291" dir="0" index="1" bw="4" slack="0"/>
<pin id="292" dir="1" index="2" bw="1" slack="1"/>
</pin_list>
<bind>
<opcode="icmp(45) " fcode="icmp"/>
<opset="cmp125_6/2 "/>
</bind>
</comp>

<comp id="295" class="1004" name="store_ln1255_store_fu_295">
<pin_list>
<pin id="296" dir="0" index="0" bw="1" slack="0"/>
<pin id="297" dir="0" index="1" bw="12" slack="0"/>
<pin id="298" dir="1" index="2" bw="0" slack="2147483647"/>
</pin_list>
<bind>
<opcode="store(28) " fcode="store"/>
<opset="store_ln1255/2 "/>
</bind>
</comp>

<comp id="300" class="1004" name="y_1_load_fu_300">
<pin_list>
<pin id="301" dir="0" index="0" bw="12" slack="1"/>
<pin id="302" dir="1" index="1" bw="12" slack="0"/>
</pin_list>
<bind>
<opcode="load(27) " fcode="load"/>
<opset="y_1/3 "/>
</bind>
</comp>

<comp id="303" class="1004" name="icmp_ln1255_fu_303">
<pin_list>
<pin id="304" dir="0" index="0" bw="12" slack="0"/>
<pin id="305" dir="0" index="1" bw="12" slack="2"/>
<pin id="306" dir="1" index="2" bw="1" slack="2147483647"/>
</pin_list>
<bind>
<opcode="icmp(45) " fcode="icmp"/>
<opset="icmp_ln1255/3 "/>
</bind>
</comp>

<comp id="308" class="1004" name="y_2_fu_308">
<pin_list>
<pin id="309" dir="0" index="0" bw="12" slack="0"/>
<pin id="310" dir="0" index="1" bw="1" slack="0"/>
<pin id="311" dir="1" index="2" bw="12" slack="0"/>
</pin_list>
<bind>
<opcode="add(8) " fcode="add"/>
<opset="y_2/3 "/>
</bind>
</comp>

<comp id="314" class="1004" name="store_ln1255_store_fu_314">
<pin_list>
<pin id="315" dir="0" index="0" bw="12" slack="0"/>
<pin id="316" dir="0" index="1" bw="12" slack="1"/>
<pin id="317" dir="1" index="2" bw="0" slack="2147483647"/>
</pin_list>
<bind>
<opcode="store(28) " fcode="store"/>
<opset="store_ln1255/3 "/>
</bind>
</comp>

<comp id="319" class="1005" name="widthInPix_reg_319">
<pin_list>
<pin id="320" dir="0" index="0" bw="15" slack="1"/>
<pin id="321" dir="1" index="1" bw="15" slack="1"/>
</pin_list>
<bind>
<opset="widthInPix "/>
</bind>
</comp>

<comp id="325" class="1005" name="VideoFormat_read_reg_325">
<pin_list>
<pin id="326" dir="0" index="0" bw="6" slack="2"/>
<pin id="327" dir="1" index="1" bw="6" slack="2147483647"/>
</pin_list>
<bind>
<opset="VideoFormat_read "/>
</bind>
</comp>

<comp id="329" class="1005" name="Height_read_reg_329">
<pin_list>
<pin id="330" dir="0" index="0" bw="12" slack="2"/>
<pin id="331" dir="1" index="1" bw="12" slack="2"/>
</pin_list>
<bind>
<opset="Height_read "/>
</bind>
</comp>

<comp id="334" class="1005" name="y_reg_334">
<pin_list>
<pin id="335" dir="0" index="0" bw="12" slack="0"/>
<pin id="336" dir="1" index="1" bw="12" slack="0"/>
</pin_list>
<bind>
<opset="y "/>
</bind>
</comp>

<comp id="341" class="1005" name="trunc_ln1249_1_reg_341">
<pin_list>
<pin id="342" dir="0" index="0" bw="13" slack="1"/>
<pin id="343" dir="1" index="1" bw="13" slack="1"/>
</pin_list>
<bind>
<opset="trunc_ln1249_1 "/>
</bind>
</comp>

<comp id="346" class="1005" name="icmp_ln1252_reg_346">
<pin_list>
<pin id="347" dir="0" index="0" bw="1" slack="1"/>
<pin id="348" dir="1" index="1" bw="1" slack="1"/>
</pin_list>
<bind>
<opset="icmp_ln1252 "/>
</bind>
</comp>

<comp id="351" class="1005" name="sub121_reg_351">
<pin_list>
<pin id="352" dir="0" index="0" bw="13" slack="1"/>
<pin id="353" dir="1" index="1" bw="13" slack="1"/>
</pin_list>
<bind>
<opset="sub121 "/>
</bind>
</comp>

<comp id="356" class="1005" name="icmp_reg_356">
<pin_list>
<pin id="357" dir="0" index="0" bw="1" slack="1"/>
<pin id="358" dir="1" index="1" bw="1" slack="1"/>
</pin_list>
<bind>
<opset="icmp "/>
</bind>
</comp>

<comp id="361" class="1005" name="cmp125_2_reg_361">
<pin_list>
<pin id="362" dir="0" index="0" bw="1" slack="1"/>
<pin id="363" dir="1" index="1" bw="1" slack="1"/>
</pin_list>
<bind>
<opset="cmp125_2 "/>
</bind>
</comp>

<comp id="366" class="1005" name="icmp12_reg_366">
<pin_list>
<pin id="367" dir="0" index="0" bw="1" slack="1"/>
<pin id="368" dir="1" index="1" bw="1" slack="1"/>
</pin_list>
<bind>
<opset="icmp12 "/>
</bind>
</comp>

<comp id="371" class="1005" name="cmp125_4_reg_371">
<pin_list>
<pin id="372" dir="0" index="0" bw="1" slack="1"/>
<pin id="373" dir="1" index="1" bw="1" slack="1"/>
</pin_list>
<bind>
<opset="cmp125_4 "/>
</bind>
</comp>

<comp id="376" class="1005" name="cmp125_5_reg_376">
<pin_list>
<pin id="377" dir="0" index="0" bw="1" slack="1"/>
<pin id="378" dir="1" index="1" bw="1" slack="1"/>
</pin_list>
<bind>
<opset="cmp125_5 "/>
</bind>
</comp>

<comp id="381" class="1005" name="cmp125_6_reg_381">
<pin_list>
<pin id="382" dir="0" index="0" bw="1" slack="1"/>
<pin id="383" dir="1" index="1" bw="1" slack="1"/>
</pin_list>
<bind>
<opset="cmp125_6 "/>
</bind>
</comp>

</comp_list>

<net_list>
<net id="149"><net_src comp="96" pin="0"/><net_sink comp="146" pin=0"/></net>

<net id="154"><net_src comp="28" pin="0"/><net_sink comp="150" pin=0"/></net>

<net id="155"><net_src comp="6" pin="0"/><net_sink comp="150" pin=1"/></net>

<net id="160"><net_src comp="30" pin="0"/><net_sink comp="156" pin=0"/></net>

<net id="161"><net_src comp="8" pin="0"/><net_sink comp="156" pin=1"/></net>

<net id="166"><net_src comp="32" pin="0"/><net_sink comp="162" pin=0"/></net>

<net id="167"><net_src comp="4" pin="0"/><net_sink comp="162" pin=1"/></net>

<net id="173"><net_src comp="34" pin="0"/><net_sink comp="168" pin=0"/></net>

<net id="174"><net_src comp="10" pin="0"/><net_sink comp="168" pin=1"/></net>

<net id="175"><net_src comp="162" pin="2"/><net_sink comp="168" pin=2"/></net>

<net id="190"><net_src comp="132" pin="0"/><net_sink comp="176" pin=0"/></net>

<net id="191"><net_src comp="0" pin="0"/><net_sink comp="176" pin=8"/></net>

<net id="192"><net_src comp="2" pin="0"/><net_sink comp="176" pin=10"/></net>

<net id="203"><net_src comp="196" pin="1"/><net_sink comp="199" pin=0"/></net>

<net id="204"><net_src comp="98" pin="0"/><net_sink comp="199" pin=1"/></net>

<net id="211"><net_src comp="100" pin="0"/><net_sink comp="205" pin=0"/></net>

<net id="212"><net_src comp="199" pin="2"/><net_sink comp="205" pin=1"/></net>

<net id="213"><net_src comp="102" pin="0"/><net_sink comp="205" pin=2"/></net>

<net id="214"><net_src comp="104" pin="0"/><net_sink comp="205" pin=3"/></net>

<net id="218"><net_src comp="193" pin="1"/><net_sink comp="215" pin=0"/></net>

<net id="223"><net_src comp="193" pin="1"/><net_sink comp="219" pin=0"/></net>

<net id="224"><net_src comp="106" pin="0"/><net_sink comp="219" pin=1"/></net>

<net id="230"><net_src comp="219" pin="2"/><net_sink comp="225" pin=0"/></net>

<net id="231"><net_src comp="108" pin="0"/><net_sink comp="225" pin=1"/></net>

<net id="232"><net_src comp="215" pin="1"/><net_sink comp="225" pin=2"/></net>

<net id="237"><net_src comp="205" pin="4"/><net_sink comp="233" pin=0"/></net>

<net id="238"><net_src comp="110" pin="0"/><net_sink comp="233" pin=1"/></net>

<net id="245"><net_src comp="112" pin="0"/><net_sink comp="239" pin=0"/></net>

<net id="246"><net_src comp="225" pin="3"/><net_sink comp="239" pin=1"/></net>

<net id="247"><net_src comp="96" pin="0"/><net_sink comp="239" pin=2"/></net>

<net id="248"><net_src comp="102" pin="0"/><net_sink comp="239" pin=3"/></net>

<net id="253"><net_src comp="239" pin="4"/><net_sink comp="249" pin=0"/></net>

<net id="254"><net_src comp="106" pin="0"/><net_sink comp="249" pin=1"/></net>

<net id="259"><net_src comp="225" pin="3"/><net_sink comp="255" pin=0"/></net>

<net id="260"><net_src comp="114" pin="0"/><net_sink comp="255" pin=1"/></net>

<net id="267"><net_src comp="116" pin="0"/><net_sink comp="261" pin=0"/></net>

<net id="268"><net_src comp="225" pin="3"/><net_sink comp="261" pin=1"/></net>

<net id="269"><net_src comp="20" pin="0"/><net_sink comp="261" pin=2"/></net>

<net id="270"><net_src comp="102" pin="0"/><net_sink comp="261" pin=3"/></net>

<net id="275"><net_src comp="261" pin="4"/><net_sink comp="271" pin=0"/></net>

<net id="276"><net_src comp="118" pin="0"/><net_sink comp="271" pin=1"/></net>

<net id="281"><net_src comp="225" pin="3"/><net_sink comp="277" pin=0"/></net>

<net id="282"><net_src comp="120" pin="0"/><net_sink comp="277" pin=1"/></net>

<net id="287"><net_src comp="225" pin="3"/><net_sink comp="283" pin=0"/></net>

<net id="288"><net_src comp="122" pin="0"/><net_sink comp="283" pin=1"/></net>

<net id="293"><net_src comp="225" pin="3"/><net_sink comp="289" pin=0"/></net>

<net id="294"><net_src comp="124" pin="0"/><net_sink comp="289" pin=1"/></net>

<net id="299"><net_src comp="126" pin="0"/><net_sink comp="295" pin=0"/></net>

<net id="307"><net_src comp="300" pin="1"/><net_sink comp="303" pin=0"/></net>

<net id="312"><net_src comp="300" pin="1"/><net_sink comp="308" pin=0"/></net>

<net id="313"><net_src comp="128" pin="0"/><net_sink comp="308" pin=1"/></net>

<net id="318"><net_src comp="308" pin="2"/><net_sink comp="314" pin=0"/></net>

<net id="322"><net_src comp="150" pin="2"/><net_sink comp="319" pin=0"/></net>

<net id="323"><net_src comp="319" pin="1"/><net_sink comp="193" pin=0"/></net>

<net id="324"><net_src comp="319" pin="1"/><net_sink comp="196" pin=0"/></net>

<net id="328"><net_src comp="156" pin="2"/><net_sink comp="325" pin=0"/></net>

<net id="332"><net_src comp="162" pin="2"/><net_sink comp="329" pin=0"/></net>

<net id="333"><net_src comp="329" pin="1"/><net_sink comp="303" pin=1"/></net>

<net id="337"><net_src comp="146" pin="1"/><net_sink comp="334" pin=0"/></net>

<net id="338"><net_src comp="334" pin="1"/><net_sink comp="295" pin=1"/></net>

<net id="339"><net_src comp="334" pin="1"/><net_sink comp="300" pin=0"/></net>

<net id="340"><net_src comp="334" pin="1"/><net_sink comp="314" pin=1"/></net>

<net id="344"><net_src comp="205" pin="4"/><net_sink comp="341" pin=0"/></net>

<net id="345"><net_src comp="341" pin="1"/><net_sink comp="176" pin=1"/></net>

<net id="349"><net_src comp="219" pin="2"/><net_sink comp="346" pin=0"/></net>

<net id="350"><net_src comp="346" pin="1"/><net_sink comp="176" pin=2"/></net>

<net id="354"><net_src comp="233" pin="2"/><net_sink comp="351" pin=0"/></net>

<net id="355"><net_src comp="351" pin="1"/><net_sink comp="176" pin=9"/></net>

<net id="359"><net_src comp="249" pin="2"/><net_sink comp="356" pin=0"/></net>

<net id="360"><net_src comp="356" pin="1"/><net_sink comp="176" pin=11"/></net>

<net id="364"><net_src comp="255" pin="2"/><net_sink comp="361" pin=0"/></net>

<net id="365"><net_src comp="361" pin="1"/><net_sink comp="176" pin=7"/></net>

<net id="369"><net_src comp="271" pin="2"/><net_sink comp="366" pin=0"/></net>

<net id="370"><net_src comp="366" pin="1"/><net_sink comp="176" pin=6"/></net>

<net id="374"><net_src comp="277" pin="2"/><net_sink comp="371" pin=0"/></net>

<net id="375"><net_src comp="371" pin="1"/><net_sink comp="176" pin=5"/></net>

<net id="379"><net_src comp="283" pin="2"/><net_sink comp="376" pin=0"/></net>

<net id="380"><net_src comp="376" pin="1"/><net_sink comp="176" pin=4"/></net>

<net id="384"><net_src comp="289" pin="2"/><net_sink comp="381" pin=0"/></net>

<net id="385"><net_src comp="381" pin="1"/><net_sink comp="176" pin=3"/></net>

</net_list>

</model> 
---------------- Datapath Model END ------------------

* FSMD analyzer results:
  - Output states:
	Port: img | {3 4 }
	Port: height_c | {1 }
 - Input state : 
	Port: Bytes2MultiPixStream : bytePlanes | {3 4 }
	Port: Bytes2MultiPixStream : Height | {1 }
	Port: Bytes2MultiPixStream : WidthInBytes | {1 }
	Port: Bytes2MultiPixStream : VideoFormat | {1 }
  - Chain level:
	State 1
	State 2
		add_ln1249 : 1
		trunc_ln1249_1 : 2
		zext_ln1251 : 1
		icmp_ln1252 : 1
		remainPix_1 : 2
		sub121 : 3
		tmp : 3
		icmp : 4
		cmp125_2 : 3
		tmp_1 : 3
		icmp12 : 4
		cmp125_4 : 3
		cmp125_5 : 3
		cmp125_6 : 3
		store_ln1255 : 1
	State 3
		icmp_ln1255 : 1
		y_2 : 1
		br_ln1255 : 2
		store_ln1255 : 2
	State 4


============================================================
+ Verbose Summary: Datapath Resource usage 
============================================================

* Functional unit list:
|----------|------------------------------------------------------------|---------|---------|---------|
| Operation|                       Functional Unit                      |  Delay  |    FF   |   LUT   |
|----------|------------------------------------------------------------|---------|---------|---------|
|   call   | grp_Bytes2MultiPixStream_Pipeline_VITIS_LOOP_1262_1_fu_176 |  2.3038 |    77   |    98   |
|----------|------------------------------------------------------------|---------|---------|---------|
|          |                     icmp_ln1252_fu_219                     |    0    |    0    |    11   |
|          |                         icmp_fu_249                        |    0    |    0    |    11   |
|          |                       cmp125_2_fu_255                      |    0    |    0    |    13   |
|   icmp   |                        icmp12_fu_271                       |    0    |    0    |    10   |
|          |                       cmp125_4_fu_277                      |    0    |    0    |    13   |
|          |                       cmp125_5_fu_283                      |    0    |    0    |    13   |
|          |                       cmp125_6_fu_289                      |    0    |    0    |    13   |
|          |                     icmp_ln1255_fu_303                     |    0    |    0    |    12   |
|----------|------------------------------------------------------------|---------|---------|---------|
|          |                      add_ln1249_fu_199                     |    0    |    0    |    20   |
|    add   |                        sub121_fu_233                       |    0    |    0    |    14   |
|          |                         y_2_fu_308                         |    0    |    0    |    12   |
|----------|------------------------------------------------------------|---------|---------|---------|
|  select  |                     remainPix_1_fu_225                     |    0    |    0    |    4    |
|----------|------------------------------------------------------------|---------|---------|---------|
|          |                   widthInPix_read_fu_150                   |    0    |    0    |    0    |
|   read   |                VideoFormat_read_read_fu_156                |    0    |    0    |    0    |
|          |                   Height_read_read_fu_162                  |    0    |    0    |    0    |
|----------|------------------------------------------------------------|---------|---------|---------|
|   write  |                   write_ln0_write_fu_168                   |    0    |    0    |    0    |
|----------|------------------------------------------------------------|---------|---------|---------|
|   trunc  |                      remainPix_fu_193                      |    0    |    0    |    0    |
|----------|------------------------------------------------------------|---------|---------|---------|
|   zext   |                     zext_ln1249_fu_196                     |    0    |    0    |    0    |
|          |                     zext_ln1251_fu_215                     |    0    |    0    |    0    |
|----------|------------------------------------------------------------|---------|---------|---------|
|          |                    trunc_ln1249_1_fu_205                   |    0    |    0    |    0    |
|partselect|                         tmp_fu_239                         |    0    |    0    |    0    |
|          |                        tmp_1_fu_261                        |    0    |    0    |    0    |
|----------|------------------------------------------------------------|---------|---------|---------|
|   Total  |                                                            |  2.3038 |    77   |   244   |
|----------|------------------------------------------------------------|---------|---------|---------|

Memories:
N/A

* Register list:
+------------------------+--------+
|                        |   FF   |
+------------------------+--------+
|   Height_read_reg_329  |   12   |
|VideoFormat_read_reg_325|    6   |
|    cmp125_2_reg_361    |    1   |
|    cmp125_4_reg_371    |    1   |
|    cmp125_5_reg_376    |    1   |
|    cmp125_6_reg_381    |    1   |
|     icmp12_reg_366     |    1   |
|   icmp_ln1252_reg_346  |    1   |
|      icmp_reg_356      |    1   |
|     sub121_reg_351     |   13   |
| trunc_ln1249_1_reg_341 |   13   |
|   widthInPix_reg_319   |   15   |
|        y_reg_334       |   12   |
+------------------------+--------+
|          Total         |   78   |
+------------------------+--------+

* Multiplexer (MUX) list: 
|--------|------|------|------|--------|
|  Comp  |  Pin | Size |  BW  | S x BW |
|--------|------|------|------|--------|
|  Total |      |      |      |    0   |
|--------|------|------|------|--------|



* Summary:
+-----------+--------+--------+--------+
|           |  Delay |   FF   |   LUT  |
+-----------+--------+--------+--------+
|  Function |    2   |   77   |   244  |
|   Memory  |    -   |    -   |    -   |
|Multiplexer|    -   |    -   |    -   |
|  Register |    -   |   78   |    -   |
+-----------+--------+--------+--------+
|   Total   |    2   |   155  |   244  |
+-----------+--------+--------+--------+
