

================================================================
== Vitis HLS Report for 'MultiPixStream2AXIvideo'
================================================================
* Date:           Tue Jun 24 20:46:53 2025

* Version:        2023.1 (Build 3854077 on May  4 2023)
* Project:        prj
* Solution:       sol (Vivado IP Flow Target)
* Product family: zynq
* Target device:  xc7z020-clg400-1


================================================================
== Performance Estimates
================================================================
+ Timing: 
    * Summary: 
    +--------+----------+----------+------------+
    |  Clock |  Target  | Estimated| Uncertainty|
    +--------+----------+----------+------------+
    |ap_clk  |  10.00 ns|  5.792 ns|     2.70 ns|
    +--------+----------+----------+------------+

+ Latency: 
    * Summary: 
    +---------+---------+----------+-----------+-----+---------+---------+
    |  Latency (cycles) |  Latency (absolute)  |    Interval   | Pipeline|
    |   min   |   max   |    min   |    max    | min |   max   |   Type  |
    +---------+---------+----------+-----------+-----+---------+---------+
    |       10|  8858170|  0.100 us|  88.582 ms|   10|  8858170|       no|
    +---------+---------+----------+-----------+-----+---------+---------+

    + Detail: 
        * Instance: 
        N/A

        * Loop: 
        +--------------------+---------+---------+----------+-----------+-----------+----------+----------+
        |                    |  Latency (cycles) | Iteration|  Initiation Interval  |   Trip   |          |
        |      Loop Name     |   min   |   max   |  Latency |  achieved |   target  |   Count  | Pipelined|
        +--------------------+---------+---------+----------+-----------+-----------+----------+----------+
        |- VITIS_LOOP_296_2  |        0|  8858160|  2 ~ 4101|          -|          -|  0 ~ 2160|        no|
        +--------------------+---------+---------+----------+-----------+-----------+----------+----------+

============================================================
+ Verbose Summary: Synthesis Manager
============================================================
InlineROM: 1
ExposeGlobal: 0
============================================================
+ Verbose Summary: CDFG Model
============================================================
IsTopModel: 0
ResetActiveHigh: 1
IsCombinational: 2
IsDatapathOnly: 0
HasWiredReturn: 1
HasMFsm: 0
HasVarLatency: 1
IsPipeline: 0
IsRtlPipelined: 0
IsInstanceOverlapped: 0
IsDontTouch: 0
HasImplIP: 0
IsGatedGlobalClock: 0


============================================================
+ Verbose Summary: Schedule
============================================================
* Number of FSM states : 6
* Pipeline : 0
* Dataflow Pipeline: 0

* FSM state transitions: 
1 --> 2 
2 --> 3 
3 --> 4 
4 --> 5 
5 --> 6 
6 --> 5 

* FSM state operations: 

State 1 <SV = 0> <Delay = 3.63>
ST_1 : Operation 7 [1/1] (0.00ns)   --->   "%i_1 = alloca i32 1"   --->   Operation 7 'alloca' 'i_1' <Predicate = true> <Delay = 0.00>
ST_1 : Operation 8 [1/1] (0.00ns)   --->   "%sof = alloca i32 1"   --->   Operation 8 'alloca' 'sof' <Predicate = true> <Delay = 0.00>
ST_1 : Operation 9 [1/1] (0.00ns)   --->   "%map_loc = alloca i32 1"   --->   Operation 9 'alloca' 'map_loc' <Predicate = true> <Delay = 0.00>
ST_1 : Operation 10 [1/1] (0.00ns)   --->   "%map_1_loc = alloca i32 1"   --->   Operation 10 'alloca' 'map_1_loc' <Predicate = true> <Delay = 0.00>
ST_1 : Operation 11 [1/1] (0.00ns)   --->   "%map_2_loc = alloca i32 1"   --->   Operation 11 'alloca' 'map_2_loc' <Predicate = true> <Delay = 0.00>
ST_1 : Operation 12 [1/1] (3.63ns)   --->   "%colorFormat_read = read i2 @_ssdm_op_Read.ap_fifo.i2P0A, i2 %colorFormat"   --->   Operation 12 'read' 'colorFormat_read' <Predicate = true> <Delay = 3.63> <CoreInst = "FIFO_SRL">   --->   Core 81 'FIFO_SRL' <Latency = 0> <II = 1> <Delay = 3.63> <Storage> <Opcode : 'read' 'write' 'nbread' 'nbwrite'> <Ports = 0> <Width = 2> <Depth = 4> <FIFO>
ST_1 : Operation 13 [1/1] (3.63ns)   --->   "%Height_read = read i12 @_ssdm_op_Read.ap_fifo.i12P0A, i12 %Height"   --->   Operation 13 'read' 'Height_read' <Predicate = true> <Delay = 3.63> <CoreInst = "FIFO_SRL">   --->   Core 81 'FIFO_SRL' <Latency = 0> <II = 1> <Delay = 3.63> <Storage> <Opcode : 'read' 'write' 'nbread' 'nbwrite'> <Ports = 0> <Width = 12> <Depth = 2> <FIFO>
ST_1 : Operation 14 [1/1] (3.63ns)   --->   "%WidthOut_read = read i13 @_ssdm_op_Read.ap_fifo.i13P0A, i13 %WidthOut"   --->   Operation 14 'read' 'WidthOut_read' <Predicate = true> <Delay = 3.63> <CoreInst = "FIFO_SRL">   --->   Core 81 'FIFO_SRL' <Latency = 0> <II = 1> <Delay = 3.63> <Storage> <Opcode : 'read' 'write' 'nbread' 'nbwrite'> <Ports = 0> <Width = 13> <Depth = 4> <FIFO>
ST_1 : Operation 15 [1/1] (1.58ns)   --->   "%store_ln296 = store i1 1, i1 %sof" [C:/Users/Santiago/OneDrive/Escritorio/ov5640_sv_ed_800x600_v1/ov5640_sv_ed.runs/design_1_v_frmbuf_rd_2_0_synth_1/prj/sol/.autopilot/db/v_frmbuf_rd.cpp:296]   --->   Operation 15 'store' 'store_ln296' <Predicate = true> <Delay = 1.58>
ST_1 : Operation 16 [1/1] (1.58ns)   --->   "%store_ln296 = store i12 0, i12 %i_1" [C:/Users/Santiago/OneDrive/Escritorio/ov5640_sv_ed_800x600_v1/ov5640_sv_ed.runs/design_1_v_frmbuf_rd_2_0_synth_1/prj/sol/.autopilot/db/v_frmbuf_rd.cpp:296]   --->   Operation 16 'store' 'store_ln296' <Predicate = true> <Delay = 1.58>

State 2 <SV = 1> <Delay = 5.79>
ST_2 : Operation 17 [1/1] (0.00ns)   --->   "%zext_ln291 = zext i2 %colorFormat_read" [C:/Users/Santiago/OneDrive/Escritorio/ov5640_sv_ed_800x600_v1/ov5640_sv_ed.runs/design_1_v_frmbuf_rd_2_0_synth_1/prj/sol/.autopilot/db/v_frmbuf_rd.cpp:291]   --->   Operation 17 'zext' 'zext_ln291' <Predicate = true> <Delay = 0.00>
ST_2 : Operation 18 [1/1] (0.00ns)   --->   "%tmp = bitconcatenate i4 @_ssdm_op_BitConcatenate.i4.i2.i2, i2 %colorFormat_read, i2 0" [C:/Users/Santiago/OneDrive/Escritorio/ov5640_sv_ed_800x600_v1/ov5640_sv_ed.runs/design_1_v_frmbuf_rd_2_0_synth_1/prj/sol/.autopilot/db/v_frmbuf_rd.cpp:291]   --->   Operation 18 'bitconcatenate' 'tmp' <Predicate = true> <Delay = 0.00>
ST_2 : Operation 19 [1/1] (1.73ns)   --->   "%sub_ln291 = sub i4 %tmp, i4 %zext_ln291" [C:/Users/Santiago/OneDrive/Escritorio/ov5640_sv_ed_800x600_v1/ov5640_sv_ed.runs/design_1_v_frmbuf_rd_2_0_synth_1/prj/sol/.autopilot/db/v_frmbuf_rd.cpp:291]   --->   Operation 19 'sub' 'sub_ln291' <Predicate = true> <Delay = 1.73> <CoreInst = "Adder">   --->   Core 1 'Adder' <Latency = 0> <II = 1> <Delay = 1.73> <FuncUnit> <Opcode : 'add' 'sub'> <InPorts = 2> <OutPorts = 1>
ST_2 : Operation 20 [2/2] (4.05ns)   --->   "%call_ln291 = call void @MultiPixStream2AXIvideo_Pipeline_VITIS_LOOP_289_1, i4 %sub_ln291, i2 %map_2_loc, i2 %map_1_loc, i2 %map_loc, i2 %mapComp" [C:/Users/Santiago/OneDrive/Escritorio/ov5640_sv_ed_800x600_v1/ov5640_sv_ed.runs/design_1_v_frmbuf_rd_2_0_synth_1/prj/sol/.autopilot/db/v_frmbuf_rd.cpp:291]   --->   Operation 20 'call' 'call_ln291' <Predicate = true> <Delay = 4.05> <CoreType = "Generic">   --->   Core 0 '' <Latency = 0> <II = 1> <Delay = 1.00> <Generic> <Opcode : >

State 3 <SV = 2> <Delay = 0.00>
ST_3 : Operation 21 [1/1] (0.00ns)   --->   "%zext_ln246 = zext i12 %Height_read" [C:/Users/Santiago/OneDrive/Escritorio/ov5640_sv_ed_800x600_v1/ov5640_sv_ed.runs/design_1_v_frmbuf_rd_2_0_synth_1/prj/sol/.autopilot/db/v_frmbuf_rd.cpp:246]   --->   Operation 21 'zext' 'zext_ln246' <Predicate = true> <Delay = 0.00>
ST_3 : Operation 22 [2/2] (0.00ns)   --->   "%rows = call i13 @reg<unsigned short>, i13 %zext_ln246" [C:/Users/Santiago/OneDrive/Escritorio/ov5640_sv_ed_800x600_v1/ov5640_sv_ed.runs/design_1_v_frmbuf_rd_2_0_synth_1/prj/sol/.autopilot/db/v_frmbuf_rd.cpp:246]   --->   Operation 22 'call' 'rows' <Predicate = true> <Delay = 0.00> <CoreType = "Generic">   --->   Core 0 '' <Latency = 0> <II = 1> <Delay = 1.00> <Generic> <Opcode : >
ST_3 : Operation 23 [2/2] (0.00ns)   --->   "%cols = call i13 @reg<unsigned short>, i13 %WidthOut_read" [C:/Users/Santiago/OneDrive/Escritorio/ov5640_sv_ed_800x600_v1/ov5640_sv_ed.runs/design_1_v_frmbuf_rd_2_0_synth_1/prj/sol/.autopilot/db/v_frmbuf_rd.cpp:247]   --->   Operation 23 'call' 'cols' <Predicate = true> <Delay = 0.00> <CoreType = "Generic">   --->   Core 0 '' <Latency = 0> <II = 1> <Delay = 1.00> <Generic> <Opcode : >
ST_3 : Operation 24 [1/2] (0.00ns)   --->   "%call_ln291 = call void @MultiPixStream2AXIvideo_Pipeline_VITIS_LOOP_289_1, i4 %sub_ln291, i2 %map_2_loc, i2 %map_1_loc, i2 %map_loc, i2 %mapComp" [C:/Users/Santiago/OneDrive/Escritorio/ov5640_sv_ed_800x600_v1/ov5640_sv_ed.runs/design_1_v_frmbuf_rd_2_0_synth_1/prj/sol/.autopilot/db/v_frmbuf_rd.cpp:291]   --->   Operation 24 'call' 'call_ln291' <Predicate = true> <Delay = 0.00> <CoreType = "Generic">   --->   Core 0 '' <Latency = 0> <II = 1> <Delay = 1.00> <Generic> <Opcode : >

State 4 <SV = 3> <Delay = 1.67>
ST_4 : Operation 25 [1/1] (0.00ns)   --->   "%specinterface_ln0 = specinterface void @_ssdm_op_SpecInterface, i2 %colorFormat, void @ap_fifo_str, i32 0, i32 0, void @p_str, i32 0, i32 0, void @p_str, void @p_str, void @p_str, i32 2, i32 2, i32 16, i32 16, void @p_str, void @ScalarProp_str, i32 4294967295, i32 0"   --->   Operation 25 'specinterface' 'specinterface_ln0' <Predicate = true> <Delay = 0.00>
ST_4 : Operation 26 [1/1] (0.00ns)   --->   "%specinterface_ln0 = specinterface void @_ssdm_op_SpecInterface, i12 %Height, void @ap_fifo_str, i32 0, i32 0, void @p_str, i32 0, i32 0, void @p_str, void @p_str, void @p_str, i32 2, i32 2, i32 16, i32 16, void @p_str, void @ScalarProp_str, i32 4294967295, i32 0"   --->   Operation 26 'specinterface' 'specinterface_ln0' <Predicate = true> <Delay = 0.00>
ST_4 : Operation 27 [1/1] (0.00ns)   --->   "%specinterface_ln0 = specinterface void @_ssdm_op_SpecInterface, i13 %WidthOut, void @ap_fifo_str, i32 0, i32 0, void @p_str, i32 0, i32 0, void @p_str, void @p_str, void @p_str, i32 2, i32 2, i32 16, i32 16, void @p_str, void @ScalarProp_str, i32 4294967295, i32 0"   --->   Operation 27 'specinterface' 'specinterface_ln0' <Predicate = true> <Delay = 0.00>
ST_4 : Operation 28 [1/1] (0.00ns)   --->   "%specaxissidechannel_ln0 = specaxissidechannel void @_ssdm_op_SpecAXISSideChannel, i24 %m_axis_video_V_data_V, i3 %m_axis_video_V_keep_V, i3 %m_axis_video_V_strb_V, i1 %m_axis_video_V_user_V, i1 %m_axis_video_V_last_V, i1 %m_axis_video_V_id_V, i1 %m_axis_video_V_dest_V, void @empty_18"   --->   Operation 28 'specaxissidechannel' 'specaxissidechannel_ln0' <Predicate = true> <Delay = 0.00>
ST_4 : Operation 29 [1/1] (0.00ns)   --->   "%specinterface_ln0 = specinterface void @_ssdm_op_SpecInterface, i24 %img, void @empty_4, i32 0, i32 0, void @empty_7, i32 0, i32 0, void @empty_7, void @empty_7, void @empty_7, i32 0, i32 0, i32 0, i32 0, void @empty_7, void @empty_7, i32 4294967295, i32 0"   --->   Operation 29 'specinterface' 'specinterface_ln0' <Predicate = true> <Delay = 0.00>
ST_4 : Operation 30 [1/1] (0.00ns)   --->   "%specinterface_ln0 = specinterface void @_ssdm_op_SpecInterface, i24 %m_axis_video_V_data_V, i3 %m_axis_video_V_keep_V, i3 %m_axis_video_V_strb_V, i1 %m_axis_video_V_user_V, i1 %m_axis_video_V_last_V, i1 %m_axis_video_V_id_V, i1 %m_axis_video_V_dest_V, void @empty_1, i32 0, i32 0, void @empty_2, i32 0, i32 0, void @empty_7, void @empty_7, void @empty_7, i32 0, i32 0, i32 0, i32 0, void @empty_7, void @empty_7, i32 4294967295, i32 0"   --->   Operation 30 'specinterface' 'specinterface_ln0' <Predicate = true> <Delay = 0.00>
ST_4 : Operation 31 [1/2] (0.00ns)   --->   "%rows = call i13 @reg<unsigned short>, i13 %zext_ln246" [C:/Users/Santiago/OneDrive/Escritorio/ov5640_sv_ed_800x600_v1/ov5640_sv_ed.runs/design_1_v_frmbuf_rd_2_0_synth_1/prj/sol/.autopilot/db/v_frmbuf_rd.cpp:246]   --->   Operation 31 'call' 'rows' <Predicate = true> <Delay = 0.00> <CoreType = "Generic">   --->   Core 0 '' <Latency = 0> <II = 1> <Delay = 1.00> <Generic> <Opcode : >
ST_4 : Operation 32 [1/2] (0.00ns)   --->   "%cols = call i13 @reg<unsigned short>, i13 %WidthOut_read" [C:/Users/Santiago/OneDrive/Escritorio/ov5640_sv_ed_800x600_v1/ov5640_sv_ed.runs/design_1_v_frmbuf_rd_2_0_synth_1/prj/sol/.autopilot/db/v_frmbuf_rd.cpp:247]   --->   Operation 32 'call' 'cols' <Predicate = true> <Delay = 0.00> <CoreType = "Generic">   --->   Core 0 '' <Latency = 0> <II = 1> <Delay = 1.00> <Generic> <Opcode : >
ST_4 : Operation 33 [1/1] (0.00ns)   --->   "%map_2_loc_load = load i2 %map_2_loc"   --->   Operation 33 'load' 'map_2_loc_load' <Predicate = true> <Delay = 0.00>
ST_4 : Operation 34 [1/1] (0.00ns)   --->   "%map_1_loc_load = load i2 %map_1_loc"   --->   Operation 34 'load' 'map_1_loc_load' <Predicate = true> <Delay = 0.00>
ST_4 : Operation 35 [1/1] (0.00ns)   --->   "%map_loc_load = load i2 %map_loc"   --->   Operation 35 'load' 'map_loc_load' <Predicate = true> <Delay = 0.00>
ST_4 : Operation 36 [1/1] (0.00ns)   --->   "%trunc_ln247 = trunc i13 %rows" [C:/Users/Santiago/OneDrive/Escritorio/ov5640_sv_ed_800x600_v1/ov5640_sv_ed.runs/design_1_v_frmbuf_rd_2_0_synth_1/prj/sol/.autopilot/db/v_frmbuf_rd.cpp:247]   --->   Operation 36 'trunc' 'trunc_ln247' <Predicate = true> <Delay = 0.00>
ST_4 : Operation 37 [1/1] (1.67ns)   --->   "%sub = add i13 %cols, i13 8191" [C:/Users/Santiago/OneDrive/Escritorio/ov5640_sv_ed_800x600_v1/ov5640_sv_ed.runs/design_1_v_frmbuf_rd_2_0_synth_1/prj/sol/.autopilot/db/v_frmbuf_rd.cpp:247]   --->   Operation 37 'add' 'sub' <Predicate = true> <Delay = 1.67> <CoreInst = "Adder">   --->   Core 1 'Adder' <Latency = 0> <II = 1> <Delay = 1.67> <FuncUnit> <Opcode : 'add' 'sub'> <InPorts = 2> <OutPorts = 1>
ST_4 : Operation 38 [1/1] (1.67ns)   --->   "%cmp33109 = icmp_eq  i13 %cols, i13 0" [C:/Users/Santiago/OneDrive/Escritorio/ov5640_sv_ed_800x600_v1/ov5640_sv_ed.runs/design_1_v_frmbuf_rd_2_0_synth_1/prj/sol/.autopilot/db/v_frmbuf_rd.cpp:247]   --->   Operation 38 'icmp' 'cmp33109' <Predicate = true> <Delay = 1.67> <CoreInst = "Cmp">   --->   Core 9 'Cmp' <Latency = 0> <II = 1> <Delay = 1.67> <FuncUnit> <Opcode : 'icmp'> <InPorts = 2> <OutPorts = 1>
ST_4 : Operation 39 [1/1] (0.00ns)   --->   "%br_ln296 = br void %VITIS_LOOP_298_3" [C:/Users/Santiago/OneDrive/Escritorio/ov5640_sv_ed_800x600_v1/ov5640_sv_ed.runs/design_1_v_frmbuf_rd_2_0_synth_1/prj/sol/.autopilot/db/v_frmbuf_rd.cpp:296]   --->   Operation 39 'br' 'br_ln296' <Predicate = true> <Delay = 0.00>

State 5 <SV = 4> <Delay = 4.81>
ST_5 : Operation 40 [1/1] (0.00ns)   --->   "%i = load i12 %i_1" [C:/Users/Santiago/OneDrive/Escritorio/ov5640_sv_ed_800x600_v1/ov5640_sv_ed.runs/design_1_v_frmbuf_rd_2_0_synth_1/prj/sol/.autopilot/db/v_frmbuf_rd.cpp:296]   --->   Operation 40 'load' 'i' <Predicate = true> <Delay = 0.00>
ST_5 : Operation 41 [1/1] (1.54ns)   --->   "%icmp_ln296 = icmp_eq  i12 %i, i12 %trunc_ln247" [C:/Users/Santiago/OneDrive/Escritorio/ov5640_sv_ed_800x600_v1/ov5640_sv_ed.runs/design_1_v_frmbuf_rd_2_0_synth_1/prj/sol/.autopilot/db/v_frmbuf_rd.cpp:296]   --->   Operation 41 'icmp' 'icmp_ln296' <Predicate = true> <Delay = 1.54> <CoreInst = "Cmp">   --->   Core 9 'Cmp' <Latency = 0> <II = 1> <Delay = 1.54> <FuncUnit> <Opcode : 'icmp'> <InPorts = 2> <OutPorts = 1>
ST_5 : Operation 42 [1/1] (0.00ns)   --->   "%speclooptripcount_ln0 = speclooptripcount void @_ssdm_op_SpecLoopTripCount, i64 0, i64 2160, i64 0"   --->   Operation 42 'speclooptripcount' 'speclooptripcount_ln0' <Predicate = true> <Delay = 0.00>
ST_5 : Operation 43 [1/1] (1.54ns)   --->   "%i_2 = add i12 %i, i12 1" [C:/Users/Santiago/OneDrive/Escritorio/ov5640_sv_ed_800x600_v1/ov5640_sv_ed.runs/design_1_v_frmbuf_rd_2_0_synth_1/prj/sol/.autopilot/db/v_frmbuf_rd.cpp:296]   --->   Operation 43 'add' 'i_2' <Predicate = true> <Delay = 1.54> <CoreInst = "Adder">   --->   Core 1 'Adder' <Latency = 0> <II = 1> <Delay = 1.54> <FuncUnit> <Opcode : 'add' 'sub'> <InPorts = 2> <OutPorts = 1>
ST_5 : Operation 44 [1/1] (0.00ns)   --->   "%br_ln296 = br i1 %icmp_ln296, void %VITIS_LOOP_298_3.split, void %for.end81.loopexit" [C:/Users/Santiago/OneDrive/Escritorio/ov5640_sv_ed_800x600_v1/ov5640_sv_ed.runs/design_1_v_frmbuf_rd_2_0_synth_1/prj/sol/.autopilot/db/v_frmbuf_rd.cpp:296]   --->   Operation 44 'br' 'br_ln296' <Predicate = true> <Delay = 0.00>
ST_5 : Operation 45 [1/1] (0.00ns)   --->   "%specloopname_ln296 = specloopname void @_ssdm_op_SpecLoopName, void @empty_8" [C:/Users/Santiago/OneDrive/Escritorio/ov5640_sv_ed_800x600_v1/ov5640_sv_ed.runs/design_1_v_frmbuf_rd_2_0_synth_1/prj/sol/.autopilot/db/v_frmbuf_rd.cpp:296]   --->   Operation 45 'specloopname' 'specloopname_ln296' <Predicate = (!icmp_ln296)> <Delay = 0.00>
ST_5 : Operation 46 [1/1] (0.00ns)   --->   "%br_ln298 = br i1 %cmp33109, void %for.body35.preheader, void %for.inc79" [C:/Users/Santiago/OneDrive/Escritorio/ov5640_sv_ed_800x600_v1/ov5640_sv_ed.runs/design_1_v_frmbuf_rd_2_0_synth_1/prj/sol/.autopilot/db/v_frmbuf_rd.cpp:298]   --->   Operation 46 'br' 'br_ln298' <Predicate = (!icmp_ln296)> <Delay = 0.00>
ST_5 : Operation 47 [1/1] (0.00ns)   --->   "%sof_load = load i1 %sof"   --->   Operation 47 'load' 'sof_load' <Predicate = (!icmp_ln296 & !cmp33109)> <Delay = 0.00>
ST_5 : Operation 48 [1/1] (0.00ns)   --->   "%empty = wait i32 @_ssdm_op_Wait"   --->   Operation 48 'wait' 'empty' <Predicate = (!icmp_ln296 & !cmp33109)> <Delay = 0.00>
ST_5 : Operation 49 [2/2] (3.26ns)   --->   "%call_ln247 = call void @MultiPixStream2AXIvideo_Pipeline_VITIS_LOOP_298_3, i1 %sof_load, i13 %cols, i13 %sub, i24 %img, i2 %map_2_loc_load, i2 %map_1_loc_load, i2 %map_loc_load, i24 %m_axis_video_V_data_V, i3 %m_axis_video_V_keep_V, i3 %m_axis_video_V_strb_V, i1 %m_axis_video_V_user_V, i1 %m_axis_video_V_last_V, i1 %m_axis_video_V_id_V, i1 %m_axis_video_V_dest_V" [C:/Users/Santiago/OneDrive/Escritorio/ov5640_sv_ed_800x600_v1/ov5640_sv_ed.runs/design_1_v_frmbuf_rd_2_0_synth_1/prj/sol/.autopilot/db/v_frmbuf_rd.cpp:247]   --->   Operation 49 'call' 'call_ln247' <Predicate = (!icmp_ln296 & !cmp33109)> <Delay = 3.26> <CoreType = "Generic">   --->   Core 0 '' <Latency = 0> <II = 1> <Delay = 1.00> <Generic> <Opcode : >
ST_5 : Operation 50 [1/1] (0.00ns)   --->   "%ret_ln342 = ret" [C:/Users/Santiago/OneDrive/Escritorio/ov5640_sv_ed_800x600_v1/ov5640_sv_ed.runs/design_1_v_frmbuf_rd_2_0_synth_1/prj/sol/.autopilot/db/v_frmbuf_rd.cpp:342]   --->   Operation 50 'ret' 'ret_ln342' <Predicate = (icmp_ln296)> <Delay = 0.00>

State 6 <SV = 5> <Delay = 5.34>
ST_6 : Operation 51 [1/2] (5.34ns)   --->   "%call_ln247 = call void @MultiPixStream2AXIvideo_Pipeline_VITIS_LOOP_298_3, i1 %sof_load, i13 %cols, i13 %sub, i24 %img, i2 %map_2_loc_load, i2 %map_1_loc_load, i2 %map_loc_load, i24 %m_axis_video_V_data_V, i3 %m_axis_video_V_keep_V, i3 %m_axis_video_V_strb_V, i1 %m_axis_video_V_user_V, i1 %m_axis_video_V_last_V, i1 %m_axis_video_V_id_V, i1 %m_axis_video_V_dest_V" [C:/Users/Santiago/OneDrive/Escritorio/ov5640_sv_ed_800x600_v1/ov5640_sv_ed.runs/design_1_v_frmbuf_rd_2_0_synth_1/prj/sol/.autopilot/db/v_frmbuf_rd.cpp:247]   --->   Operation 51 'call' 'call_ln247' <Predicate = (!cmp33109)> <Delay = 5.34> <CoreType = "Generic">   --->   Core 0 '' <Latency = 0> <II = 1> <Delay = 1.00> <Generic> <Opcode : >
ST_6 : Operation 52 [1/1] (1.58ns)   --->   "%store_ln0 = store i1 0, i1 %sof"   --->   Operation 52 'store' 'store_ln0' <Predicate = (!cmp33109)> <Delay = 1.58>
ST_6 : Operation 53 [1/1] (0.00ns)   --->   "%br_ln0 = br void %for.inc79"   --->   Operation 53 'br' 'br_ln0' <Predicate = (!cmp33109)> <Delay = 0.00>
ST_6 : Operation 54 [1/1] (1.58ns)   --->   "%store_ln296 = store i12 %i_2, i12 %i_1" [C:/Users/Santiago/OneDrive/Escritorio/ov5640_sv_ed_800x600_v1/ov5640_sv_ed.runs/design_1_v_frmbuf_rd_2_0_synth_1/prj/sol/.autopilot/db/v_frmbuf_rd.cpp:296]   --->   Operation 54 'store' 'store_ln296' <Predicate = true> <Delay = 1.58>
ST_6 : Operation 55 [1/1] (0.00ns)   --->   "%br_ln296 = br void %VITIS_LOOP_298_3" [C:/Users/Santiago/OneDrive/Escritorio/ov5640_sv_ed_800x600_v1/ov5640_sv_ed.runs/design_1_v_frmbuf_rd_2_0_synth_1/prj/sol/.autopilot/db/v_frmbuf_rd.cpp:296]   --->   Operation 55 'br' 'br_ln296' <Predicate = true> <Delay = 0.00>


============================================================
+ Verbose Summary: Timing violations
============================================================
Target clock period: 10.000ns, clock uncertainty: 2.700ns.

 <State 1>: 3.634ns
The critical path consists of the following:
	fifo read operation ('colorFormat_read') on port 'colorFormat' [19]  (3.634 ns)

 <State 2>: 5.792ns
The critical path consists of the following:
	'sub' operation ('sub_ln291', C:/Users/Santiago/OneDrive/Escritorio/ov5640_sv_ed_800x600_v1/ov5640_sv_ed.runs/design_1_v_frmbuf_rd_2_0_synth_1/prj/sol/.autopilot/db/v_frmbuf_rd.cpp:291) [32]  (1.735 ns)
	'call' operation ('call_ln291', C:/Users/Santiago/OneDrive/Escritorio/ov5640_sv_ed_800x600_v1/ov5640_sv_ed.runs/design_1_v_frmbuf_rd_2_0_synth_1/prj/sol/.autopilot/db/v_frmbuf_rd.cpp:291) to 'MultiPixStream2AXIvideo_Pipeline_VITIS_LOOP_289_1' [33]  (4.057 ns)

 <State 3>: 0.000ns
The critical path consists of the following:

 <State 4>: 1.679ns
The critical path consists of the following:
	'call' operation ('cols', C:/Users/Santiago/OneDrive/Escritorio/ov5640_sv_ed_800x600_v1/ov5640_sv_ed.runs/design_1_v_frmbuf_rd_2_0_synth_1/prj/sol/.autopilot/db/v_frmbuf_rd.cpp:247) to 'reg<unsigned short>' [29]  (0.000 ns)
	'add' operation ('sub', C:/Users/Santiago/OneDrive/Escritorio/ov5640_sv_ed_800x600_v1/ov5640_sv_ed.runs/design_1_v_frmbuf_rd_2_0_synth_1/prj/sol/.autopilot/db/v_frmbuf_rd.cpp:247) [38]  (1.679 ns)

 <State 5>: 4.814ns
The critical path consists of the following:
	'load' operation ('sof_load') on local variable 'sof' [53]  (0.000 ns)
	'call' operation ('call_ln247', C:/Users/Santiago/OneDrive/Escritorio/ov5640_sv_ed_800x600_v1/ov5640_sv_ed.runs/design_1_v_frmbuf_rd_2_0_synth_1/prj/sol/.autopilot/db/v_frmbuf_rd.cpp:247) to 'MultiPixStream2AXIvideo_Pipeline_VITIS_LOOP_298_3' [55]  (3.268 ns)
	blocking operation 1.547 ns on control path)

 <State 6>: 5.341ns
The critical path consists of the following:
	'call' operation ('call_ln247', C:/Users/Santiago/OneDrive/Escritorio/ov5640_sv_ed_800x600_v1/ov5640_sv_ed.runs/design_1_v_frmbuf_rd_2_0_synth_1/prj/sol/.autopilot/db/v_frmbuf_rd.cpp:247) to 'MultiPixStream2AXIvideo_Pipeline_VITIS_LOOP_298_3' [55]  (5.341 ns)


============================================================
+ Verbose Summary: Binding
============================================================
N/A
* FSMD analyzer results:
  - Output states:
 - Input state : 
  - Chain level:
	State 1
	State 2
	State 3
	State 4
	State 5
	State 6


============================================================
+ Verbose Summary: Datapath Resource usage 
============================================================
N/A
