

================================================================
== Vitis HLS Report for 'MultiPixStream2AXIvideo'
================================================================
* Date:           Tue Jun 24 20:46:56 2025

* Version:        2023.1 (Build 3854077 on May  4 2023)
* Project:        prj
* Solution:       sol (Vivado IP Flow Target)
* Product family: zynq
* Target device:  xc7z020-clg400-1


================================================================
== Performance Estimates
================================================================
+ Timing: 
    * Summary: 
    +--------+----------+----------+------------+
    |  Clock |  Target  | Estimated| Uncertainty|
    +--------+----------+----------+------------+
    |ap_clk  |  10.00 ns|  5.792 ns|     2.70 ns|
    +--------+----------+----------+------------+

+ Latency: 
    * Summary: 
    +---------+---------+----------+-----------+-----+---------+---------+
    |  Latency (cycles) |  Latency (absolute)  |    Interval   | Pipeline|
    |   min   |   max   |    min   |    max    | min |   max   |   Type  |
    +---------+---------+----------+-----------+-----+---------+---------+
    |       10|  8858170|  0.100 us|  88.582 ms|   10|  8858170|       no|
    +---------+---------+----------+-----------+-----+---------+---------+

    + Detail: 
        * Instance: 
        +--------------------------------------------------------------+---------------------------------------------------+---------+---------+-----------+-----------+-----+------+---------+
        |                                                              |                                                   |  Latency (cycles) |   Latency (absolute)  |  Interval  | Pipeline|
        |                           Instance                           |                       Module                      |   min   |   max   |    min    |    max    | min |  max |   Type  |
        +--------------------------------------------------------------+---------------------------------------------------+---------+---------+-----------+-----------+-----+------+---------+
        |grp_MultiPixStream2AXIvideo_Pipeline_VITIS_LOOP_289_1_fu_132  |MultiPixStream2AXIvideo_Pipeline_VITIS_LOOP_289_1  |        6|        6|  60.000 ns|  60.000 ns|    6|     6|       no|
        |grp_MultiPixStream2AXIvideo_Pipeline_VITIS_LOOP_298_3_fu_142  |MultiPixStream2AXIvideo_Pipeline_VITIS_LOOP_298_3  |        4|     4099|  40.000 ns|  40.990 us|    4|  4099|       no|
        |grp_reg_unsigned_short_s_fu_198                               |reg_unsigned_short_s                               |        1|        1|  10.000 ns|  10.000 ns|    1|     1|      yes|
        |grp_reg_unsigned_short_s_fu_204                               |reg_unsigned_short_s                               |        1|        1|  10.000 ns|  10.000 ns|    1|     1|      yes|
        +--------------------------------------------------------------+---------------------------------------------------+---------+---------+-----------+-----------+-----+------+---------+

        * Loop: 
        +--------------------+---------+---------+----------+-----------+-----------+----------+----------+
        |                    |  Latency (cycles) | Iteration|  Initiation Interval  |   Trip   |          |
        |      Loop Name     |   min   |   max   |  Latency |  achieved |   target  |   Count  | Pipelined|
        +--------------------+---------+---------+----------+-----------+-----------+----------+----------+
        |- VITIS_LOOP_296_2  |        0|  8858160|  2 ~ 4101|          -|          -|  0 ~ 2160|        no|
        +--------------------+---------+---------+----------+-----------+-----------+----------+----------+



================================================================
== Utilization Estimates
================================================================
* Summary: 
+-----------------+---------+-----+--------+-------+-----+
|       Name      | BRAM_18K| DSP |   FF   |  LUT  | URAM|
+-----------------+---------+-----+--------+-------+-----+
|DSP              |        -|    -|       -|      -|    -|
|Expression       |        -|    -|       0|     71|    -|
|FIFO             |        -|    -|       -|      -|    -|
|Instance         |        0|    -|      91|    262|    -|
|Memory           |        -|    -|       -|      -|    -|
|Multiplexer      |        -|    -|       -|     91|    -|
|Register         |        -|    -|     110|      -|    -|
+-----------------+---------+-----+--------+-------+-----+
|Total            |        0|    0|     201|    424|    0|
+-----------------+---------+-----+--------+-------+-----+
|Available        |      280|  220|  106400|  53200|    0|
+-----------------+---------+-----+--------+-------+-----+
|Utilization (%)  |        0|    0|      ~0|     ~0|    0|
+-----------------+---------+-----+--------+-------+-----+

+ Detail: 
    * Instance: 
    +--------------------------------------------------------------+---------------------------------------------------+---------+----+----+-----+-----+
    |                           Instance                           |                       Module                      | BRAM_18K| DSP| FF | LUT | URAM|
    +--------------------------------------------------------------+---------------------------------------------------+---------+----+----+-----+-----+
    |grp_MultiPixStream2AXIvideo_Pipeline_VITIS_LOOP_289_1_fu_132  |MultiPixStream2AXIvideo_Pipeline_VITIS_LOOP_289_1  |        0|   0|  17|   72|    0|
    |grp_MultiPixStream2AXIvideo_Pipeline_VITIS_LOOP_298_3_fu_142  |MultiPixStream2AXIvideo_Pipeline_VITIS_LOOP_298_3  |        0|   0|  20|  162|    0|
    |grp_reg_unsigned_short_s_fu_198                               |reg_unsigned_short_s                               |        0|   0|  27|   14|    0|
    |grp_reg_unsigned_short_s_fu_204                               |reg_unsigned_short_s                               |        0|   0|  27|   14|    0|
    +--------------------------------------------------------------+---------------------------------------------------+---------+----+----+-----+-----+
    |Total                                                         |                                                   |        0|   0|  91|  262|    0|
    +--------------------------------------------------------------+---------------------------------------------------+---------+----+----+-----+-----+

    * DSP: 
    N/A

    * Memory: 
    N/A

    * FIFO: 
    N/A

    * Expression: 
    +----------------------------------------------------------------------------------+----------+----+---+----+------------+------------+
    |                                   Variable Name                                  | Operation| DSP| FF| LUT| Bitwidth P0| Bitwidth P1|
    +----------------------------------------------------------------------------------+----------+----+---+----+------------+------------+
    |i_2_fu_242_p2                                                                     |         +|   0|  0|  12|          12|           1|
    |sub_fu_222_p2                                                                     |         +|   0|  0|  14|          13|           2|
    |sub_ln291_fu_188_p2                                                               |         -|   0|  0|  13|           4|           4|
    |ap_block_state6_on_subcall_done                                                   |       and|   0|  0|   2|           1|           1|
    |grp_MultiPixStream2AXIvideo_Pipeline_VITIS_LOOP_298_3_fu_142_m_axis_video_TREADY  |       and|   0|  0|   2|           1|           1|
    |cmp33109_fu_228_p2                                                                |      icmp|   0|  0|  14|          13|           1|
    |icmp_ln296_fu_237_p2                                                              |      icmp|   0|  0|  12|          12|          12|
    |ap_block_state1                                                                   |        or|   0|  0|   2|           1|           1|
    +----------------------------------------------------------------------------------+----------+----+---+----+------------+------------+
    |Total                                                                             |          |   0|  0|  71|          57|          23|
    +----------------------------------------------------------------------------------+----------+----+---+----+------------+------------+

    * Multiplexer: 
    +-------------------+----+-----------+-----+-----------+
    |        Name       | LUT| Input Size| Bits| Total Bits|
    +-------------------+----+-----------+-----+-----------+
    |Height_blk_n       |   9|          2|    1|          2|
    |WidthOut_blk_n     |   9|          2|    1|          2|
    |ap_NS_fsm          |  37|          7|    1|          7|
    |ap_done            |   9|          2|    1|          2|
    |colorFormat_blk_n  |   9|          2|    1|          2|
    |i_1_fu_94          |   9|          2|   12|         24|
    |img_read           |   9|          2|    1|          2|
    +-------------------+----+-----------+-----+-----------+
    |Total              |  91|         19|   18|         41|
    +-------------------+----+-----------+-----+-----------+

    * Register: 
    +---------------------------------------------------------------------------+----+----+-----+-----------+
    |                                    Name                                   | FF | LUT| Bits| Const Bits|
    +---------------------------------------------------------------------------+----+----+-----+-----------+
    |Height_read_reg_299                                                        |  12|   0|   12|          0|
    |WidthOut_read_reg_304                                                      |  13|   0|   13|          0|
    |ap_CS_fsm                                                                  |   6|   0|    6|          0|
    |ap_done_reg                                                                |   1|   0|    1|          0|
    |cmp33109_reg_338                                                           |   1|   0|    1|          0|
    |colorFormat_read_reg_293                                                   |   2|   0|    2|          0|
    |cols_reg_314                                                               |  13|   0|   13|          0|
    |grp_MultiPixStream2AXIvideo_Pipeline_VITIS_LOOP_289_1_fu_132_ap_start_reg  |   1|   0|    1|          0|
    |grp_MultiPixStream2AXIvideo_Pipeline_VITIS_LOOP_298_3_fu_142_ap_start_reg  |   1|   0|    1|          0|
    |i_1_fu_94                                                                  |  12|   0|   12|          0|
    |i_2_reg_345                                                                |  12|   0|   12|          0|
    |map_1_loc_fu_106                                                           |   2|   0|    2|          0|
    |map_2_loc_fu_110                                                           |   2|   0|    2|          0|
    |map_loc_fu_102                                                             |   2|   0|    2|          0|
    |sof_fu_98                                                                  |   1|   0|    1|          0|
    |sub_ln291_reg_309                                                          |   4|   0|    4|          0|
    |sub_reg_333                                                                |  13|   0|   13|          0|
    |trunc_ln247_reg_328                                                        |  12|   0|   12|          0|
    +---------------------------------------------------------------------------+----+----+-----+-----------+
    |Total                                                                      | 110|   0|  110|          0|
    +---------------------------------------------------------------------------+----+----+-----+-----------+



================================================================
== Interface
================================================================
* Summary: 
+----------------------------+-----+-----+------------+-------------------------+--------------+
|          RTL Ports         | Dir | Bits|  Protocol  |      Source Object      |    C Type    |
+----------------------------+-----+-----+------------+-------------------------+--------------+
|ap_clk                      |   in|    1|  ap_ctrl_hs|  MultiPixStream2AXIvideo|  return value|
|ap_rst                      |   in|    1|  ap_ctrl_hs|  MultiPixStream2AXIvideo|  return value|
|ap_start                    |   in|    1|  ap_ctrl_hs|  MultiPixStream2AXIvideo|  return value|
|ap_done                     |  out|    1|  ap_ctrl_hs|  MultiPixStream2AXIvideo|  return value|
|ap_continue                 |   in|    1|  ap_ctrl_hs|  MultiPixStream2AXIvideo|  return value|
|ap_idle                     |  out|    1|  ap_ctrl_hs|  MultiPixStream2AXIvideo|  return value|
|ap_ready                    |  out|    1|  ap_ctrl_hs|  MultiPixStream2AXIvideo|  return value|
|img_dout                    |   in|   24|     ap_fifo|                      img|       pointer|
|img_num_data_valid          |   in|    2|     ap_fifo|                      img|       pointer|
|img_fifo_cap                |   in|    2|     ap_fifo|                      img|       pointer|
|img_empty_n                 |   in|    1|     ap_fifo|                      img|       pointer|
|img_read                    |  out|    1|     ap_fifo|                      img|       pointer|
|m_axis_video_TDATA          |  out|   24|        axis|    m_axis_video_V_data_V|       pointer|
|m_axis_video_TVALID         |  out|    1|        axis|    m_axis_video_V_dest_V|       pointer|
|m_axis_video_TREADY         |   in|    1|        axis|    m_axis_video_V_dest_V|       pointer|
|m_axis_video_TDEST          |  out|    1|        axis|    m_axis_video_V_dest_V|       pointer|
|m_axis_video_TKEEP          |  out|    3|        axis|    m_axis_video_V_keep_V|       pointer|
|m_axis_video_TSTRB          |  out|    3|        axis|    m_axis_video_V_strb_V|       pointer|
|m_axis_video_TUSER          |  out|    1|        axis|    m_axis_video_V_user_V|       pointer|
|m_axis_video_TLAST          |  out|    1|        axis|    m_axis_video_V_last_V|       pointer|
|m_axis_video_TID            |  out|    1|        axis|      m_axis_video_V_id_V|       pointer|
|Height_dout                 |   in|   12|     ap_fifo|                   Height|       pointer|
|Height_num_data_valid       |   in|    2|     ap_fifo|                   Height|       pointer|
|Height_fifo_cap             |   in|    2|     ap_fifo|                   Height|       pointer|
|Height_empty_n              |   in|    1|     ap_fifo|                   Height|       pointer|
|Height_read                 |  out|    1|     ap_fifo|                   Height|       pointer|
|WidthOut_dout               |   in|   13|     ap_fifo|                 WidthOut|       pointer|
|WidthOut_num_data_valid     |   in|    3|     ap_fifo|                 WidthOut|       pointer|
|WidthOut_fifo_cap           |   in|    3|     ap_fifo|                 WidthOut|       pointer|
|WidthOut_empty_n            |   in|    1|     ap_fifo|                 WidthOut|       pointer|
|WidthOut_read               |  out|    1|     ap_fifo|                 WidthOut|       pointer|
|colorFormat_dout            |   in|    2|     ap_fifo|              colorFormat|       pointer|
|colorFormat_num_data_valid  |   in|    3|     ap_fifo|              colorFormat|       pointer|
|colorFormat_fifo_cap        |   in|    3|     ap_fifo|              colorFormat|       pointer|
|colorFormat_empty_n         |   in|    1|     ap_fifo|              colorFormat|       pointer|
|colorFormat_read            |  out|    1|     ap_fifo|              colorFormat|       pointer|
+----------------------------+-----+-----+------------+-------------------------+--------------+

============================================================
+ Verbose Summary: Synthesis Manager
============================================================
InlineROM: 1
ExposeGlobal: 0
============================================================
+ Verbose Summary: CDFG Model
============================================================
IsTopModel: 0
ResetActiveHigh: 1
IsCombinational: 2
IsDatapathOnly: 0
HasWiredReturn: 1
HasMFsm: 0
HasVarLatency: 1
IsPipeline: 0
IsRtlPipelined: 0
IsInstanceOverlapped: 0
IsDontTouch: 0
HasImplIP: 0
IsGatedGlobalClock: 0


============================================================
+ Verbose Summary: Schedule
============================================================
* Number of FSM states : 6
* Pipeline : 0
* Dataflow Pipeline: 0

* FSM state transitions: 
1 --> 2 
2 --> 3 
3 --> 4 
4 --> 5 
5 --> 6 
6 --> 5 

* FSM state operations: 

State 1 <SV = 0> <Delay = 3.63>
ST_1 : Operation 7 [1/1] (0.00ns)   --->   "%i_1 = alloca i32 1"   --->   Operation 7 'alloca' 'i_1' <Predicate = true> <Delay = 0.00>
ST_1 : Operation 8 [1/1] (0.00ns)   --->   "%sof = alloca i32 1"   --->   Operation 8 'alloca' 'sof' <Predicate = true> <Delay = 0.00>
ST_1 : Operation 9 [1/1] (0.00ns)   --->   "%map_loc = alloca i32 1"   --->   Operation 9 'alloca' 'map_loc' <Predicate = true> <Delay = 0.00>
ST_1 : Operation 10 [1/1] (0.00ns)   --->   "%map_1_loc = alloca i32 1"   --->   Operation 10 'alloca' 'map_1_loc' <Predicate = true> <Delay = 0.00>
ST_1 : Operation 11 [1/1] (0.00ns)   --->   "%map_2_loc = alloca i32 1"   --->   Operation 11 'alloca' 'map_2_loc' <Predicate = true> <Delay = 0.00>
ST_1 : Operation 12 [1/1] (3.63ns)   --->   "%colorFormat_read = read i2 @_ssdm_op_Read.ap_fifo.i2P0A, i2 %colorFormat"   --->   Operation 12 'read' 'colorFormat_read' <Predicate = true> <Delay = 3.63> <CoreInst = "FIFO_SRL">   --->   Core 81 'FIFO_SRL' <Latency = 0> <II = 1> <Delay = 3.63> <Storage> <Opcode : 'read' 'write' 'nbread' 'nbwrite'> <Ports = 0> <Width = 2> <Depth = 4> <FIFO>
ST_1 : Operation 13 [1/1] (3.63ns)   --->   "%Height_read = read i12 @_ssdm_op_Read.ap_fifo.i12P0A, i12 %Height"   --->   Operation 13 'read' 'Height_read' <Predicate = true> <Delay = 3.63> <CoreInst = "FIFO_SRL">   --->   Core 81 'FIFO_SRL' <Latency = 0> <II = 1> <Delay = 3.63> <Storage> <Opcode : 'read' 'write' 'nbread' 'nbwrite'> <Ports = 0> <Width = 12> <Depth = 2> <FIFO>
ST_1 : Operation 14 [1/1] (3.63ns)   --->   "%WidthOut_read = read i13 @_ssdm_op_Read.ap_fifo.i13P0A, i13 %WidthOut"   --->   Operation 14 'read' 'WidthOut_read' <Predicate = true> <Delay = 3.63> <CoreInst = "FIFO_SRL">   --->   Core 81 'FIFO_SRL' <Latency = 0> <II = 1> <Delay = 3.63> <Storage> <Opcode : 'read' 'write' 'nbread' 'nbwrite'> <Ports = 0> <Width = 13> <Depth = 4> <FIFO>
ST_1 : Operation 15 [1/1] (1.58ns)   --->   "%store_ln296 = store i1 1, i1 %sof" [C:/Users/Santiago/OneDrive/Escritorio/ov5640_sv_ed_800x600_v1/ov5640_sv_ed.runs/design_1_v_frmbuf_rd_2_0_synth_1/prj/sol/.autopilot/db/v_frmbuf_rd.cpp:296]   --->   Operation 15 'store' 'store_ln296' <Predicate = true> <Delay = 1.58>
ST_1 : Operation 16 [1/1] (1.58ns)   --->   "%store_ln296 = store i12 0, i12 %i_1" [C:/Users/Santiago/OneDrive/Escritorio/ov5640_sv_ed_800x600_v1/ov5640_sv_ed.runs/design_1_v_frmbuf_rd_2_0_synth_1/prj/sol/.autopilot/db/v_frmbuf_rd.cpp:296]   --->   Operation 16 'store' 'store_ln296' <Predicate = true> <Delay = 1.58>

State 2 <SV = 1> <Delay = 5.79>
ST_2 : Operation 17 [1/1] (0.00ns)   --->   "%zext_ln291 = zext i2 %colorFormat_read" [C:/Users/Santiago/OneDrive/Escritorio/ov5640_sv_ed_800x600_v1/ov5640_sv_ed.runs/design_1_v_frmbuf_rd_2_0_synth_1/prj/sol/.autopilot/db/v_frmbuf_rd.cpp:291]   --->   Operation 17 'zext' 'zext_ln291' <Predicate = true> <Delay = 0.00>
ST_2 : Operation 18 [1/1] (0.00ns)   --->   "%tmp = bitconcatenate i4 @_ssdm_op_BitConcatenate.i4.i2.i2, i2 %colorFormat_read, i2 0" [C:/Users/Santiago/OneDrive/Escritorio/ov5640_sv_ed_800x600_v1/ov5640_sv_ed.runs/design_1_v_frmbuf_rd_2_0_synth_1/prj/sol/.autopilot/db/v_frmbuf_rd.cpp:291]   --->   Operation 18 'bitconcatenate' 'tmp' <Predicate = true> <Delay = 0.00>
ST_2 : Operation 19 [1/1] (1.73ns)   --->   "%sub_ln291 = sub i4 %tmp, i4 %zext_ln291" [C:/Users/Santiago/OneDrive/Escritorio/ov5640_sv_ed_800x600_v1/ov5640_sv_ed.runs/design_1_v_frmbuf_rd_2_0_synth_1/prj/sol/.autopilot/db/v_frmbuf_rd.cpp:291]   --->   Operation 19 'sub' 'sub_ln291' <Predicate = true> <Delay = 1.73> <CoreInst = "Adder">   --->   Core 1 'Adder' <Latency = 0> <II = 1> <Delay = 1.73> <FuncUnit> <Opcode : 'add' 'sub'> <InPorts = 2> <OutPorts = 1>
ST_2 : Operation 20 [2/2] (4.05ns)   --->   "%call_ln291 = call void @MultiPixStream2AXIvideo_Pipeline_VITIS_LOOP_289_1, i4 %sub_ln291, i2 %map_2_loc, i2 %map_1_loc, i2 %map_loc, i2 %mapComp" [C:/Users/Santiago/OneDrive/Escritorio/ov5640_sv_ed_800x600_v1/ov5640_sv_ed.runs/design_1_v_frmbuf_rd_2_0_synth_1/prj/sol/.autopilot/db/v_frmbuf_rd.cpp:291]   --->   Operation 20 'call' 'call_ln291' <Predicate = true> <Delay = 4.05> <CoreType = "Generic">   --->   Core 0 '' <Latency = 0> <II = 1> <Delay = 1.00> <Generic> <Opcode : >

State 3 <SV = 2> <Delay = 0.00>
ST_3 : Operation 21 [1/1] (0.00ns)   --->   "%zext_ln246 = zext i12 %Height_read" [C:/Users/Santiago/OneDrive/Escritorio/ov5640_sv_ed_800x600_v1/ov5640_sv_ed.runs/design_1_v_frmbuf_rd_2_0_synth_1/prj/sol/.autopilot/db/v_frmbuf_rd.cpp:246]   --->   Operation 21 'zext' 'zext_ln246' <Predicate = true> <Delay = 0.00>
ST_3 : Operation 22 [2/2] (0.00ns)   --->   "%rows = call i13 @reg<unsigned short>, i13 %zext_ln246" [C:/Users/Santiago/OneDrive/Escritorio/ov5640_sv_ed_800x600_v1/ov5640_sv_ed.runs/design_1_v_frmbuf_rd_2_0_synth_1/prj/sol/.autopilot/db/v_frmbuf_rd.cpp:246]   --->   Operation 22 'call' 'rows' <Predicate = true> <Delay = 0.00> <CoreType = "Generic">   --->   Core 0 '' <Latency = 0> <II = 1> <Delay = 1.00> <Generic> <Opcode : >
ST_3 : Operation 23 [2/2] (0.00ns)   --->   "%cols = call i13 @reg<unsigned short>, i13 %WidthOut_read" [C:/Users/Santiago/OneDrive/Escritorio/ov5640_sv_ed_800x600_v1/ov5640_sv_ed.runs/design_1_v_frmbuf_rd_2_0_synth_1/prj/sol/.autopilot/db/v_frmbuf_rd.cpp:247]   --->   Operation 23 'call' 'cols' <Predicate = true> <Delay = 0.00> <CoreType = "Generic">   --->   Core 0 '' <Latency = 0> <II = 1> <Delay = 1.00> <Generic> <Opcode : >
ST_3 : Operation 24 [1/2] (0.00ns)   --->   "%call_ln291 = call void @MultiPixStream2AXIvideo_Pipeline_VITIS_LOOP_289_1, i4 %sub_ln291, i2 %map_2_loc, i2 %map_1_loc, i2 %map_loc, i2 %mapComp" [C:/Users/Santiago/OneDrive/Escritorio/ov5640_sv_ed_800x600_v1/ov5640_sv_ed.runs/design_1_v_frmbuf_rd_2_0_synth_1/prj/sol/.autopilot/db/v_frmbuf_rd.cpp:291]   --->   Operation 24 'call' 'call_ln291' <Predicate = true> <Delay = 0.00> <CoreType = "Generic">   --->   Core 0 '' <Latency = 0> <II = 1> <Delay = 1.00> <Generic> <Opcode : >

State 4 <SV = 3> <Delay = 1.67>
ST_4 : Operation 25 [1/1] (0.00ns)   --->   "%specinterface_ln0 = specinterface void @_ssdm_op_SpecInterface, i2 %colorFormat, void @ap_fifo_str, i32 0, i32 0, void @p_str, i32 0, i32 0, void @p_str, void @p_str, void @p_str, i32 2, i32 2, i32 16, i32 16, void @p_str, void @ScalarProp_str, i32 4294967295, i32 0"   --->   Operation 25 'specinterface' 'specinterface_ln0' <Predicate = true> <Delay = 0.00>
ST_4 : Operation 26 [1/1] (0.00ns)   --->   "%specinterface_ln0 = specinterface void @_ssdm_op_SpecInterface, i12 %Height, void @ap_fifo_str, i32 0, i32 0, void @p_str, i32 0, i32 0, void @p_str, void @p_str, void @p_str, i32 2, i32 2, i32 16, i32 16, void @p_str, void @ScalarProp_str, i32 4294967295, i32 0"   --->   Operation 26 'specinterface' 'specinterface_ln0' <Predicate = true> <Delay = 0.00>
ST_4 : Operation 27 [1/1] (0.00ns)   --->   "%specinterface_ln0 = specinterface void @_ssdm_op_SpecInterface, i13 %WidthOut, void @ap_fifo_str, i32 0, i32 0, void @p_str, i32 0, i32 0, void @p_str, void @p_str, void @p_str, i32 2, i32 2, i32 16, i32 16, void @p_str, void @ScalarProp_str, i32 4294967295, i32 0"   --->   Operation 27 'specinterface' 'specinterface_ln0' <Predicate = true> <Delay = 0.00>
ST_4 : Operation 28 [1/1] (0.00ns)   --->   "%specaxissidechannel_ln0 = specaxissidechannel void @_ssdm_op_SpecAXISSideChannel, i24 %m_axis_video_V_data_V, i3 %m_axis_video_V_keep_V, i3 %m_axis_video_V_strb_V, i1 %m_axis_video_V_user_V, i1 %m_axis_video_V_last_V, i1 %m_axis_video_V_id_V, i1 %m_axis_video_V_dest_V, void @empty_18"   --->   Operation 28 'specaxissidechannel' 'specaxissidechannel_ln0' <Predicate = true> <Delay = 0.00>
ST_4 : Operation 29 [1/1] (0.00ns)   --->   "%specinterface_ln0 = specinterface void @_ssdm_op_SpecInterface, i24 %img, void @empty_4, i32 0, i32 0, void @empty_7, i32 0, i32 0, void @empty_7, void @empty_7, void @empty_7, i32 0, i32 0, i32 0, i32 0, void @empty_7, void @empty_7, i32 4294967295, i32 0"   --->   Operation 29 'specinterface' 'specinterface_ln0' <Predicate = true> <Delay = 0.00>
ST_4 : Operation 30 [1/1] (0.00ns)   --->   "%specinterface_ln0 = specinterface void @_ssdm_op_SpecInterface, i24 %m_axis_video_V_data_V, i3 %m_axis_video_V_keep_V, i3 %m_axis_video_V_strb_V, i1 %m_axis_video_V_user_V, i1 %m_axis_video_V_last_V, i1 %m_axis_video_V_id_V, i1 %m_axis_video_V_dest_V, void @empty_1, i32 0, i32 0, void @empty_2, i32 0, i32 0, void @empty_7, void @empty_7, void @empty_7, i32 0, i32 0, i32 0, i32 0, void @empty_7, void @empty_7, i32 4294967295, i32 0"   --->   Operation 30 'specinterface' 'specinterface_ln0' <Predicate = true> <Delay = 0.00>
ST_4 : Operation 31 [1/2] (0.00ns)   --->   "%rows = call i13 @reg<unsigned short>, i13 %zext_ln246" [C:/Users/Santiago/OneDrive/Escritorio/ov5640_sv_ed_800x600_v1/ov5640_sv_ed.runs/design_1_v_frmbuf_rd_2_0_synth_1/prj/sol/.autopilot/db/v_frmbuf_rd.cpp:246]   --->   Operation 31 'call' 'rows' <Predicate = true> <Delay = 0.00> <CoreType = "Generic">   --->   Core 0 '' <Latency = 0> <II = 1> <Delay = 1.00> <Generic> <Opcode : >
ST_4 : Operation 32 [1/2] (0.00ns)   --->   "%cols = call i13 @reg<unsigned short>, i13 %WidthOut_read" [C:/Users/Santiago/OneDrive/Escritorio/ov5640_sv_ed_800x600_v1/ov5640_sv_ed.runs/design_1_v_frmbuf_rd_2_0_synth_1/prj/sol/.autopilot/db/v_frmbuf_rd.cpp:247]   --->   Operation 32 'call' 'cols' <Predicate = true> <Delay = 0.00> <CoreType = "Generic">   --->   Core 0 '' <Latency = 0> <II = 1> <Delay = 1.00> <Generic> <Opcode : >
ST_4 : Operation 33 [1/1] (0.00ns)   --->   "%map_2_loc_load = load i2 %map_2_loc"   --->   Operation 33 'load' 'map_2_loc_load' <Predicate = true> <Delay = 0.00>
ST_4 : Operation 34 [1/1] (0.00ns)   --->   "%map_1_loc_load = load i2 %map_1_loc"   --->   Operation 34 'load' 'map_1_loc_load' <Predicate = true> <Delay = 0.00>
ST_4 : Operation 35 [1/1] (0.00ns)   --->   "%map_loc_load = load i2 %map_loc"   --->   Operation 35 'load' 'map_loc_load' <Predicate = true> <Delay = 0.00>
ST_4 : Operation 36 [1/1] (0.00ns)   --->   "%trunc_ln247 = trunc i13 %rows" [C:/Users/Santiago/OneDrive/Escritorio/ov5640_sv_ed_800x600_v1/ov5640_sv_ed.runs/design_1_v_frmbuf_rd_2_0_synth_1/prj/sol/.autopilot/db/v_frmbuf_rd.cpp:247]   --->   Operation 36 'trunc' 'trunc_ln247' <Predicate = true> <Delay = 0.00>
ST_4 : Operation 37 [1/1] (1.67ns)   --->   "%sub = add i13 %cols, i13 8191" [C:/Users/Santiago/OneDrive/Escritorio/ov5640_sv_ed_800x600_v1/ov5640_sv_ed.runs/design_1_v_frmbuf_rd_2_0_synth_1/prj/sol/.autopilot/db/v_frmbuf_rd.cpp:247]   --->   Operation 37 'add' 'sub' <Predicate = true> <Delay = 1.67> <CoreInst = "Adder">   --->   Core 1 'Adder' <Latency = 0> <II = 1> <Delay = 1.67> <FuncUnit> <Opcode : 'add' 'sub'> <InPorts = 2> <OutPorts = 1>
ST_4 : Operation 38 [1/1] (1.67ns)   --->   "%cmp33109 = icmp_eq  i13 %cols, i13 0" [C:/Users/Santiago/OneDrive/Escritorio/ov5640_sv_ed_800x600_v1/ov5640_sv_ed.runs/design_1_v_frmbuf_rd_2_0_synth_1/prj/sol/.autopilot/db/v_frmbuf_rd.cpp:247]   --->   Operation 38 'icmp' 'cmp33109' <Predicate = true> <Delay = 1.67> <CoreInst = "Cmp">   --->   Core 9 'Cmp' <Latency = 0> <II = 1> <Delay = 1.67> <FuncUnit> <Opcode : 'icmp'> <InPorts = 2> <OutPorts = 1>
ST_4 : Operation 39 [1/1] (0.00ns)   --->   "%br_ln296 = br void %VITIS_LOOP_298_3" [C:/Users/Santiago/OneDrive/Escritorio/ov5640_sv_ed_800x600_v1/ov5640_sv_ed.runs/design_1_v_frmbuf_rd_2_0_synth_1/prj/sol/.autopilot/db/v_frmbuf_rd.cpp:296]   --->   Operation 39 'br' 'br_ln296' <Predicate = true> <Delay = 0.00>

State 5 <SV = 4> <Delay = 4.81>
ST_5 : Operation 40 [1/1] (0.00ns)   --->   "%i = load i12 %i_1" [C:/Users/Santiago/OneDrive/Escritorio/ov5640_sv_ed_800x600_v1/ov5640_sv_ed.runs/design_1_v_frmbuf_rd_2_0_synth_1/prj/sol/.autopilot/db/v_frmbuf_rd.cpp:296]   --->   Operation 40 'load' 'i' <Predicate = true> <Delay = 0.00>
ST_5 : Operation 41 [1/1] (1.54ns)   --->   "%icmp_ln296 = icmp_eq  i12 %i, i12 %trunc_ln247" [C:/Users/Santiago/OneDrive/Escritorio/ov5640_sv_ed_800x600_v1/ov5640_sv_ed.runs/design_1_v_frmbuf_rd_2_0_synth_1/prj/sol/.autopilot/db/v_frmbuf_rd.cpp:296]   --->   Operation 41 'icmp' 'icmp_ln296' <Predicate = true> <Delay = 1.54> <CoreInst = "Cmp">   --->   Core 9 'Cmp' <Latency = 0> <II = 1> <Delay = 1.54> <FuncUnit> <Opcode : 'icmp'> <InPorts = 2> <OutPorts = 1>
ST_5 : Operation 42 [1/1] (0.00ns)   --->   "%speclooptripcount_ln0 = speclooptripcount void @_ssdm_op_SpecLoopTripCount, i64 0, i64 2160, i64 0"   --->   Operation 42 'speclooptripcount' 'speclooptripcount_ln0' <Predicate = true> <Delay = 0.00>
ST_5 : Operation 43 [1/1] (1.54ns)   --->   "%i_2 = add i12 %i, i12 1" [C:/Users/Santiago/OneDrive/Escritorio/ov5640_sv_ed_800x600_v1/ov5640_sv_ed.runs/design_1_v_frmbuf_rd_2_0_synth_1/prj/sol/.autopilot/db/v_frmbuf_rd.cpp:296]   --->   Operation 43 'add' 'i_2' <Predicate = true> <Delay = 1.54> <CoreInst = "Adder">   --->   Core 1 'Adder' <Latency = 0> <II = 1> <Delay = 1.54> <FuncUnit> <Opcode : 'add' 'sub'> <InPorts = 2> <OutPorts = 1>
ST_5 : Operation 44 [1/1] (0.00ns)   --->   "%br_ln296 = br i1 %icmp_ln296, void %VITIS_LOOP_298_3.split, void %for.end81.loopexit" [C:/Users/Santiago/OneDrive/Escritorio/ov5640_sv_ed_800x600_v1/ov5640_sv_ed.runs/design_1_v_frmbuf_rd_2_0_synth_1/prj/sol/.autopilot/db/v_frmbuf_rd.cpp:296]   --->   Operation 44 'br' 'br_ln296' <Predicate = true> <Delay = 0.00>
ST_5 : Operation 45 [1/1] (0.00ns)   --->   "%specloopname_ln296 = specloopname void @_ssdm_op_SpecLoopName, void @empty_8" [C:/Users/Santiago/OneDrive/Escritorio/ov5640_sv_ed_800x600_v1/ov5640_sv_ed.runs/design_1_v_frmbuf_rd_2_0_synth_1/prj/sol/.autopilot/db/v_frmbuf_rd.cpp:296]   --->   Operation 45 'specloopname' 'specloopname_ln296' <Predicate = (!icmp_ln296)> <Delay = 0.00>
ST_5 : Operation 46 [1/1] (0.00ns)   --->   "%br_ln298 = br i1 %cmp33109, void %for.body35.preheader, void %for.inc79" [C:/Users/Santiago/OneDrive/Escritorio/ov5640_sv_ed_800x600_v1/ov5640_sv_ed.runs/design_1_v_frmbuf_rd_2_0_synth_1/prj/sol/.autopilot/db/v_frmbuf_rd.cpp:298]   --->   Operation 46 'br' 'br_ln298' <Predicate = (!icmp_ln296)> <Delay = 0.00>
ST_5 : Operation 47 [1/1] (0.00ns)   --->   "%sof_load = load i1 %sof"   --->   Operation 47 'load' 'sof_load' <Predicate = (!icmp_ln296 & !cmp33109)> <Delay = 0.00>
ST_5 : Operation 48 [1/1] (0.00ns)   --->   "%empty = wait i32 @_ssdm_op_Wait"   --->   Operation 48 'wait' 'empty' <Predicate = (!icmp_ln296 & !cmp33109)> <Delay = 0.00>
ST_5 : Operation 49 [2/2] (3.26ns)   --->   "%call_ln247 = call void @MultiPixStream2AXIvideo_Pipeline_VITIS_LOOP_298_3, i1 %sof_load, i13 %cols, i13 %sub, i24 %img, i2 %map_2_loc_load, i2 %map_1_loc_load, i2 %map_loc_load, i24 %m_axis_video_V_data_V, i3 %m_axis_video_V_keep_V, i3 %m_axis_video_V_strb_V, i1 %m_axis_video_V_user_V, i1 %m_axis_video_V_last_V, i1 %m_axis_video_V_id_V, i1 %m_axis_video_V_dest_V" [C:/Users/Santiago/OneDrive/Escritorio/ov5640_sv_ed_800x600_v1/ov5640_sv_ed.runs/design_1_v_frmbuf_rd_2_0_synth_1/prj/sol/.autopilot/db/v_frmbuf_rd.cpp:247]   --->   Operation 49 'call' 'call_ln247' <Predicate = (!icmp_ln296 & !cmp33109)> <Delay = 3.26> <CoreType = "Generic">   --->   Core 0 '' <Latency = 0> <II = 1> <Delay = 1.00> <Generic> <Opcode : >
ST_5 : Operation 50 [1/1] (0.00ns)   --->   "%ret_ln342 = ret" [C:/Users/Santiago/OneDrive/Escritorio/ov5640_sv_ed_800x600_v1/ov5640_sv_ed.runs/design_1_v_frmbuf_rd_2_0_synth_1/prj/sol/.autopilot/db/v_frmbuf_rd.cpp:342]   --->   Operation 50 'ret' 'ret_ln342' <Predicate = (icmp_ln296)> <Delay = 0.00>

State 6 <SV = 5> <Delay = 5.34>
ST_6 : Operation 51 [1/2] (5.34ns)   --->   "%call_ln247 = call void @MultiPixStream2AXIvideo_Pipeline_VITIS_LOOP_298_3, i1 %sof_load, i13 %cols, i13 %sub, i24 %img, i2 %map_2_loc_load, i2 %map_1_loc_load, i2 %map_loc_load, i24 %m_axis_video_V_data_V, i3 %m_axis_video_V_keep_V, i3 %m_axis_video_V_strb_V, i1 %m_axis_video_V_user_V, i1 %m_axis_video_V_last_V, i1 %m_axis_video_V_id_V, i1 %m_axis_video_V_dest_V" [C:/Users/Santiago/OneDrive/Escritorio/ov5640_sv_ed_800x600_v1/ov5640_sv_ed.runs/design_1_v_frmbuf_rd_2_0_synth_1/prj/sol/.autopilot/db/v_frmbuf_rd.cpp:247]   --->   Operation 51 'call' 'call_ln247' <Predicate = (!cmp33109)> <Delay = 5.34> <CoreType = "Generic">   --->   Core 0 '' <Latency = 0> <II = 1> <Delay = 1.00> <Generic> <Opcode : >
ST_6 : Operation 52 [1/1] (1.58ns)   --->   "%store_ln0 = store i1 0, i1 %sof"   --->   Operation 52 'store' 'store_ln0' <Predicate = (!cmp33109)> <Delay = 1.58>
ST_6 : Operation 53 [1/1] (0.00ns)   --->   "%br_ln0 = br void %for.inc79"   --->   Operation 53 'br' 'br_ln0' <Predicate = (!cmp33109)> <Delay = 0.00>
ST_6 : Operation 54 [1/1] (1.58ns)   --->   "%store_ln296 = store i12 %i_2, i12 %i_1" [C:/Users/Santiago/OneDrive/Escritorio/ov5640_sv_ed_800x600_v1/ov5640_sv_ed.runs/design_1_v_frmbuf_rd_2_0_synth_1/prj/sol/.autopilot/db/v_frmbuf_rd.cpp:296]   --->   Operation 54 'store' 'store_ln296' <Predicate = true> <Delay = 1.58>
ST_6 : Operation 55 [1/1] (0.00ns)   --->   "%br_ln296 = br void %VITIS_LOOP_298_3" [C:/Users/Santiago/OneDrive/Escritorio/ov5640_sv_ed_800x600_v1/ov5640_sv_ed.runs/design_1_v_frmbuf_rd_2_0_synth_1/prj/sol/.autopilot/db/v_frmbuf_rd.cpp:296]   --->   Operation 55 'br' 'br_ln296' <Predicate = true> <Delay = 0.00>


============================================================
+ Verbose Summary: Binding
============================================================
STG Binding: 
---------------- STG Properties BEGIN ----------------
- Is combinational: 0
- Is one-state seq: 0
- Is datapath-only: 0
- Is pipelined: 0
- Is top level: 0
Port [ Return ] is wired: 1; IO mode=ap_ctrl_hs:ce=0
Port [ img]:  wired=1; compound=1; hidden=0; nouse=0; global=0; static=0; extern=0; dir=0; type=3; pingpong=0; private_global=0; IO mode=ap_fifo:ce=0
Port [ m_axis_video_V_data_V]:  wired=1; compound=1; hidden=0; nouse=0; global=0; static=0; extern=0; dir=1; type=0; pingpong=0; private_global=0; IO mode=axis:ce=0
Port [ m_axis_video_V_keep_V]:  wired=1; compound=1; hidden=0; nouse=0; global=0; static=0; extern=0; dir=1; type=0; pingpong=0; private_global=0; IO mode=axis:ce=0
Port [ m_axis_video_V_strb_V]:  wired=1; compound=1; hidden=0; nouse=0; global=0; static=0; extern=0; dir=1; type=0; pingpong=0; private_global=0; IO mode=axis:ce=0
Port [ m_axis_video_V_user_V]:  wired=1; compound=1; hidden=0; nouse=0; global=0; static=0; extern=0; dir=1; type=0; pingpong=0; private_global=0; IO mode=axis:ce=0
Port [ m_axis_video_V_last_V]:  wired=1; compound=1; hidden=0; nouse=0; global=0; static=0; extern=0; dir=1; type=0; pingpong=0; private_global=0; IO mode=axis:ce=0
Port [ m_axis_video_V_id_V]:  wired=1; compound=1; hidden=0; nouse=0; global=0; static=0; extern=0; dir=1; type=0; pingpong=0; private_global=0; IO mode=axis:ce=0
Port [ m_axis_video_V_dest_V]:  wired=1; compound=1; hidden=0; nouse=0; global=0; static=0; extern=0; dir=1; type=0; pingpong=0; private_global=0; IO mode=axis:ce=0
Port [ Height]:  wired=1; compound=1; hidden=0; nouse=0; global=0; static=0; extern=0; dir=0; type=3; pingpong=0; private_global=0; IO mode=ap_fifo:ce=0
Port [ WidthOut]:  wired=1; compound=1; hidden=0; nouse=0; global=0; static=0; extern=0; dir=0; type=3; pingpong=0; private_global=0; IO mode=ap_fifo:ce=0
Port [ colorFormat]:  wired=1; compound=1; hidden=0; nouse=0; global=0; static=0; extern=0; dir=0; type=3; pingpong=0; private_global=0; IO mode=ap_fifo:ce=0
Port [ mapComp]:  wired=0; compound=1; hidden=1; nouse=1; global=1; static=1; extern=0; dir=0; type=1; pingpong=0; private_global=0; MemPort=[1]; IO mode=ap_memory:ce=0
---------------- STG Properties END ------------------

---------------- Datapath Model BEGIN ----------------

<LifeTime>
<method=bitvector/>
i_1                     (alloca             ) [ 0111111]
sof                     (alloca             ) [ 0111111]
map_loc                 (alloca             ) [ 0011100]
map_1_loc               (alloca             ) [ 0011100]
map_2_loc               (alloca             ) [ 0011100]
colorFormat_read        (read               ) [ 0010000]
Height_read             (read               ) [ 0011000]
WidthOut_read           (read               ) [ 0011000]
store_ln296             (store              ) [ 0000000]
store_ln296             (store              ) [ 0000000]
zext_ln291              (zext               ) [ 0000000]
tmp                     (bitconcatenate     ) [ 0000000]
sub_ln291               (sub                ) [ 0001000]
zext_ln246              (zext               ) [ 0000000]
call_ln291              (call               ) [ 0000000]
specinterface_ln0       (specinterface      ) [ 0000000]
specinterface_ln0       (specinterface      ) [ 0000000]
specinterface_ln0       (specinterface      ) [ 0000000]
specaxissidechannel_ln0 (specaxissidechannel) [ 0000000]
specinterface_ln0       (specinterface      ) [ 0000000]
specinterface_ln0       (specinterface      ) [ 0000000]
rows                    (call               ) [ 0000000]
cols                    (call               ) [ 0000011]
map_2_loc_load          (load               ) [ 0000011]
map_1_loc_load          (load               ) [ 0000011]
map_loc_load            (load               ) [ 0000011]
trunc_ln247             (trunc              ) [ 0000011]
sub                     (add                ) [ 0000011]
cmp33109                (icmp               ) [ 0000011]
br_ln296                (br                 ) [ 0000000]
i                       (load               ) [ 0000000]
icmp_ln296              (icmp               ) [ 0000011]
speclooptripcount_ln0   (speclooptripcount  ) [ 0000000]
i_2                     (add                ) [ 0000001]
br_ln296                (br                 ) [ 0000000]
specloopname_ln296      (specloopname       ) [ 0000000]
br_ln298                (br                 ) [ 0000000]
sof_load                (load               ) [ 0000001]
empty                   (wait               ) [ 0000000]
ret_ln342               (ret                ) [ 0000000]
call_ln247              (call               ) [ 0000000]
store_ln0               (store              ) [ 0000000]
br_ln0                  (br                 ) [ 0000000]
store_ln296             (store              ) [ 0000000]
br_ln296                (br                 ) [ 0000000]
</LifeTime>

<model>

<comp_list>
<comp id="0" class="1000" name="img">
<pin_list>
<pin id="1" dir="1" index="0" bw="1" slack="0"/>
</pin_list>
<bind>
<StgValue><ssdm name="img"/></StgValue>
</bind>
</comp>

<comp id="2" class="1000" name="m_axis_video_V_data_V">
<pin_list>
<pin id="3" dir="1" index="0" bw="1" slack="0"/>
</pin_list>
<bind>
<StgValue><ssdm name="m_axis_video_V_data_V"/></StgValue>
</bind>
</comp>

<comp id="4" class="1000" name="m_axis_video_V_keep_V">
<pin_list>
<pin id="5" dir="1" index="0" bw="1" slack="0"/>
</pin_list>
<bind>
<StgValue><ssdm name="m_axis_video_V_keep_V"/></StgValue>
</bind>
</comp>

<comp id="6" class="1000" name="m_axis_video_V_strb_V">
<pin_list>
<pin id="7" dir="1" index="0" bw="1" slack="0"/>
</pin_list>
<bind>
<StgValue><ssdm name="m_axis_video_V_strb_V"/></StgValue>
</bind>
</comp>

<comp id="8" class="1000" name="m_axis_video_V_user_V">
<pin_list>
<pin id="9" dir="1" index="0" bw="1" slack="0"/>
</pin_list>
<bind>
<StgValue><ssdm name="m_axis_video_V_user_V"/></StgValue>
</bind>
</comp>

<comp id="10" class="1000" name="m_axis_video_V_last_V">
<pin_list>
<pin id="11" dir="1" index="0" bw="1" slack="0"/>
</pin_list>
<bind>
<StgValue><ssdm name="m_axis_video_V_last_V"/></StgValue>
</bind>
</comp>

<comp id="12" class="1000" name="m_axis_video_V_id_V">
<pin_list>
<pin id="13" dir="1" index="0" bw="1" slack="0"/>
</pin_list>
<bind>
<StgValue><ssdm name="m_axis_video_V_id_V"/></StgValue>
</bind>
</comp>

<comp id="14" class="1000" name="m_axis_video_V_dest_V">
<pin_list>
<pin id="15" dir="1" index="0" bw="1" slack="0"/>
</pin_list>
<bind>
<StgValue><ssdm name="m_axis_video_V_dest_V"/></StgValue>
</bind>
</comp>

<comp id="16" class="1000" name="Height">
<pin_list>
<pin id="17" dir="1" index="0" bw="1" slack="0"/>
</pin_list>
<bind>
<StgValue><ssdm name="Height"/></StgValue>
</bind>
</comp>

<comp id="18" class="1000" name="WidthOut">
<pin_list>
<pin id="19" dir="1" index="0" bw="1" slack="0"/>
</pin_list>
<bind>
<StgValue><ssdm name="WidthOut"/></StgValue>
</bind>
</comp>

<comp id="20" class="1000" name="colorFormat">
<pin_list>
<pin id="21" dir="1" index="0" bw="1" slack="0"/>
</pin_list>
<bind>
<StgValue><ssdm name="colorFormat"/></StgValue>
</bind>
</comp>

<comp id="22" class="1000" name="mapComp">
<pin_list>
<pin id="23" dir="1" index="0" bw="1" slack="0"/>
</pin_list>
<bind>
<StgValue><ssdm name="mapComp"/><MemPortTyVec>1 </MemPortTyVec>
</StgValue>
</bind>
</comp>

<comp id="24" class="1001" name="const_24">
<pin_list>
<pin id="25" dir="1" index="0" bw="1" slack="0"/>
</pin_list>
<bind>
<StgValue><ssdm name=""/></StgValue>
</bind>
</comp>

<comp id="26" class="1001" name="const_26">
<pin_list>
<pin id="27" dir="1" index="0" bw="1" slack="0"/>
</pin_list>
<bind>
<StgValue><ssdm name="_ssdm_op_Read.ap_fifo.i2P0A"/></StgValue>
</bind>
</comp>

<comp id="28" class="1001" name="const_28">
<pin_list>
<pin id="29" dir="1" index="0" bw="1" slack="0"/>
</pin_list>
<bind>
<StgValue><ssdm name="_ssdm_op_Read.ap_fifo.i12P0A"/></StgValue>
</bind>
</comp>

<comp id="30" class="1001" name="const_30">
<pin_list>
<pin id="31" dir="1" index="0" bw="1" slack="0"/>
</pin_list>
<bind>
<StgValue><ssdm name="_ssdm_op_Read.ap_fifo.i13P0A"/></StgValue>
</bind>
</comp>

<comp id="32" class="1001" name="const_32">
<pin_list>
<pin id="33" dir="1" index="0" bw="1" slack="0"/>
</pin_list>
<bind>
<StgValue><ssdm name=""/></StgValue>
</bind>
</comp>

<comp id="34" class="1001" name="const_34">
<pin_list>
<pin id="35" dir="1" index="0" bw="1" slack="0"/>
</pin_list>
<bind>
<StgValue><ssdm name=""/></StgValue>
</bind>
</comp>

<comp id="36" class="1001" name="const_36">
<pin_list>
<pin id="37" dir="1" index="0" bw="1" slack="0"/>
</pin_list>
<bind>
<StgValue><ssdm name="_ssdm_op_BitConcatenate.i4.i2.i2"/></StgValue>
</bind>
</comp>

<comp id="38" class="1001" name="const_38">
<pin_list>
<pin id="39" dir="1" index="0" bw="1" slack="0"/>
</pin_list>
<bind>
<StgValue><ssdm name=""/></StgValue>
</bind>
</comp>

<comp id="40" class="1001" name="const_40">
<pin_list>
<pin id="41" dir="1" index="0" bw="1" slack="0"/>
</pin_list>
<bind>
<StgValue><ssdm name="MultiPixStream2AXIvideo_Pipeline_VITIS_LOOP_289_1"/></StgValue>
</bind>
</comp>

<comp id="42" class="1001" name="const_42">
<pin_list>
<pin id="43" dir="1" index="0" bw="1" slack="0"/>
</pin_list>
<bind>
<StgValue><ssdm name="reg<unsigned short>"/></StgValue>
</bind>
</comp>

<comp id="44" class="1001" name="const_44">
<pin_list>
<pin id="45" dir="1" index="0" bw="1" slack="2147483647"/>
</pin_list>
<bind>
<StgValue><ssdm name="_ssdm_op_SpecInterface"/></StgValue>
</bind>
</comp>

<comp id="46" class="1001" name="const_46">
<pin_list>
<pin id="47" dir="1" index="0" bw="1" slack="2147483647"/>
</pin_list>
<bind>
<StgValue><ssdm name="ap_fifo_str"/></StgValue>
</bind>
</comp>

<comp id="48" class="1001" name="const_48">
<pin_list>
<pin id="49" dir="1" index="0" bw="1" slack="2147483647"/>
</pin_list>
<bind>
<StgValue><ssdm name=""/></StgValue>
</bind>
</comp>

<comp id="50" class="1001" name="const_50">
<pin_list>
<pin id="51" dir="1" index="0" bw="1" slack="2147483647"/>
</pin_list>
<bind>
<StgValue><ssdm name="p_str"/></StgValue>
</bind>
</comp>

<comp id="52" class="1001" name="const_52">
<pin_list>
<pin id="53" dir="1" index="0" bw="1" slack="2147483647"/>
</pin_list>
<bind>
<StgValue><ssdm name=""/></StgValue>
</bind>
</comp>

<comp id="54" class="1001" name="const_54">
<pin_list>
<pin id="55" dir="1" index="0" bw="1" slack="2147483647"/>
</pin_list>
<bind>
<StgValue><ssdm name=""/></StgValue>
</bind>
</comp>

<comp id="56" class="1001" name="const_56">
<pin_list>
<pin id="57" dir="1" index="0" bw="1" slack="2147483647"/>
</pin_list>
<bind>
<StgValue><ssdm name="ScalarProp_str"/></StgValue>
</bind>
</comp>

<comp id="58" class="1001" name="const_58">
<pin_list>
<pin id="59" dir="1" index="0" bw="1" slack="2147483647"/>
</pin_list>
<bind>
<StgValue><ssdm name=""/></StgValue>
</bind>
</comp>

<comp id="60" class="1001" name="const_60">
<pin_list>
<pin id="61" dir="1" index="0" bw="1" slack="2147483647"/>
</pin_list>
<bind>
<StgValue><ssdm name="_ssdm_op_SpecAXISSideChannel"/></StgValue>
</bind>
</comp>

<comp id="62" class="1001" name="const_62">
<pin_list>
<pin id="63" dir="1" index="0" bw="1" slack="2147483647"/>
</pin_list>
<bind>
<StgValue><ssdm name="empty_18"/></StgValue>
</bind>
</comp>

<comp id="64" class="1001" name="const_64">
<pin_list>
<pin id="65" dir="1" index="0" bw="1" slack="2147483647"/>
</pin_list>
<bind>
<StgValue><ssdm name="empty_4"/></StgValue>
</bind>
</comp>

<comp id="66" class="1001" name="const_66">
<pin_list>
<pin id="67" dir="1" index="0" bw="1" slack="2147483647"/>
</pin_list>
<bind>
<StgValue><ssdm name="empty_7"/></StgValue>
</bind>
</comp>

<comp id="68" class="1001" name="const_68">
<pin_list>
<pin id="69" dir="1" index="0" bw="1" slack="2147483647"/>
</pin_list>
<bind>
<StgValue><ssdm name="empty_1"/></StgValue>
</bind>
</comp>

<comp id="70" class="1001" name="const_70">
<pin_list>
<pin id="71" dir="1" index="0" bw="1" slack="2147483647"/>
</pin_list>
<bind>
<StgValue><ssdm name="empty_2"/></StgValue>
</bind>
</comp>

<comp id="72" class="1001" name="const_72">
<pin_list>
<pin id="73" dir="1" index="0" bw="1" slack="0"/>
</pin_list>
<bind>
<StgValue><ssdm name=""/></StgValue>
</bind>
</comp>

<comp id="74" class="1001" name="const_74">
<pin_list>
<pin id="75" dir="1" index="0" bw="1" slack="0"/>
</pin_list>
<bind>
<StgValue><ssdm name=""/></StgValue>
</bind>
</comp>

<comp id="76" class="1001" name="const_76">
<pin_list>
<pin id="77" dir="1" index="0" bw="1" slack="2147483647"/>
</pin_list>
<bind>
<StgValue><ssdm name="_ssdm_op_SpecLoopTripCount"/></StgValue>
</bind>
</comp>

<comp id="78" class="1001" name="const_78">
<pin_list>
<pin id="79" dir="1" index="0" bw="1" slack="2147483647"/>
</pin_list>
<bind>
<StgValue><ssdm name=""/></StgValue>
</bind>
</comp>

<comp id="80" class="1001" name="const_80">
<pin_list>
<pin id="81" dir="1" index="0" bw="1" slack="2147483647"/>
</pin_list>
<bind>
<StgValue><ssdm name=""/></StgValue>
</bind>
</comp>

<comp id="82" class="1001" name="const_82">
<pin_list>
<pin id="83" dir="1" index="0" bw="1" slack="0"/>
</pin_list>
<bind>
<StgValue><ssdm name=""/></StgValue>
</bind>
</comp>

<comp id="84" class="1001" name="const_84">
<pin_list>
<pin id="85" dir="1" index="0" bw="1" slack="2147483647"/>
</pin_list>
<bind>
<StgValue><ssdm name="_ssdm_op_SpecLoopName"/></StgValue>
</bind>
</comp>

<comp id="86" class="1001" name="const_86">
<pin_list>
<pin id="87" dir="1" index="0" bw="1" slack="2147483647"/>
</pin_list>
<bind>
<StgValue><ssdm name="empty_8"/></StgValue>
</bind>
</comp>

<comp id="88" class="1001" name="const_88">
<pin_list>
<pin id="89" dir="1" index="0" bw="1" slack="2147483647"/>
</pin_list>
<bind>
<StgValue><ssdm name="_ssdm_op_Wait"/></StgValue>
</bind>
</comp>

<comp id="90" class="1001" name="const_90">
<pin_list>
<pin id="91" dir="1" index="0" bw="1" slack="0"/>
</pin_list>
<bind>
<StgValue><ssdm name="MultiPixStream2AXIvideo_Pipeline_VITIS_LOOP_298_3"/></StgValue>
</bind>
</comp>

<comp id="92" class="1001" name="const_92">
<pin_list>
<pin id="93" dir="1" index="0" bw="1" slack="0"/>
</pin_list>
<bind>
<StgValue><ssdm name=""/></StgValue>
</bind>
</comp>

<comp id="94" class="1004" name="i_1_fu_94">
<pin_list>
<pin id="95" dir="0" index="0" bw="1" slack="0"/>
<pin id="96" dir="1" index="1" bw="12" slack="0"/>
</pin_list>
<bind>
<opcode="alloca(26) " fcode="alloca"/>
<opset="i_1/1 "/>
</bind>
</comp>

<comp id="98" class="1004" name="sof_fu_98">
<pin_list>
<pin id="99" dir="0" index="0" bw="1" slack="0"/>
<pin id="100" dir="1" index="1" bw="1" slack="0"/>
</pin_list>
<bind>
<opcode="alloca(26) " fcode="alloca"/>
<opset="sof/1 "/>
</bind>
</comp>

<comp id="102" class="1004" name="map_loc_fu_102">
<pin_list>
<pin id="103" dir="0" index="0" bw="1" slack="0"/>
<pin id="104" dir="1" index="1" bw="2" slack="1"/>
</pin_list>
<bind>
<opcode="alloca(26) " fcode="alloca"/>
<opset="map_loc/1 "/>
</bind>
</comp>

<comp id="106" class="1004" name="map_1_loc_fu_106">
<pin_list>
<pin id="107" dir="0" index="0" bw="1" slack="0"/>
<pin id="108" dir="1" index="1" bw="2" slack="1"/>
</pin_list>
<bind>
<opcode="alloca(26) " fcode="alloca"/>
<opset="map_1_loc/1 "/>
</bind>
</comp>

<comp id="110" class="1004" name="map_2_loc_fu_110">
<pin_list>
<pin id="111" dir="0" index="0" bw="1" slack="0"/>
<pin id="112" dir="1" index="1" bw="2" slack="1"/>
</pin_list>
<bind>
<opcode="alloca(26) " fcode="alloca"/>
<opset="map_2_loc/1 "/>
</bind>
</comp>

<comp id="114" class="1004" name="colorFormat_read_read_fu_114">
<pin_list>
<pin id="115" dir="0" index="0" bw="2" slack="0"/>
<pin id="116" dir="0" index="1" bw="2" slack="0"/>
<pin id="117" dir="1" index="2" bw="2" slack="1"/>
</pin_list>
<bind>
<opcode="read(1150) " fcode="read"/>
<opset="colorFormat_read/1 "/>
</bind>
</comp>

<comp id="120" class="1004" name="Height_read_read_fu_120">
<pin_list>
<pin id="121" dir="0" index="0" bw="12" slack="0"/>
<pin id="122" dir="0" index="1" bw="12" slack="0"/>
<pin id="123" dir="1" index="2" bw="12" slack="2"/>
</pin_list>
<bind>
<opcode="read(1150) " fcode="read"/>
<opset="Height_read/1 "/>
</bind>
</comp>

<comp id="126" class="1004" name="WidthOut_read_read_fu_126">
<pin_list>
<pin id="127" dir="0" index="0" bw="13" slack="0"/>
<pin id="128" dir="0" index="1" bw="13" slack="0"/>
<pin id="129" dir="1" index="2" bw="13" slack="2"/>
</pin_list>
<bind>
<opcode="read(1150) " fcode="read"/>
<opset="WidthOut_read/1 "/>
</bind>
</comp>

<comp id="132" class="1004" name="grp_MultiPixStream2AXIvideo_Pipeline_VITIS_LOOP_289_1_fu_132">
<pin_list>
<pin id="133" dir="0" index="0" bw="0" slack="0"/>
<pin id="134" dir="0" index="1" bw="4" slack="0"/>
<pin id="135" dir="0" index="2" bw="2" slack="1"/>
<pin id="136" dir="0" index="3" bw="2" slack="1"/>
<pin id="137" dir="0" index="4" bw="2" slack="1"/>
<pin id="138" dir="0" index="5" bw="2" slack="0"/>
<pin id="139" dir="1" index="6" bw="0" slack="2147483647"/>
</pin_list>
<bind>
<opcode="call(48) " fcode="call"/>
<opset="call_ln291/2 "/>
</bind>
</comp>

<comp id="142" class="1004" name="grp_MultiPixStream2AXIvideo_Pipeline_VITIS_LOOP_298_3_fu_142">
<pin_list>
<pin id="143" dir="0" index="0" bw="0" slack="0"/>
<pin id="144" dir="0" index="1" bw="1" slack="0"/>
<pin id="145" dir="0" index="2" bw="13" slack="1"/>
<pin id="146" dir="0" index="3" bw="13" slack="1"/>
<pin id="147" dir="0" index="4" bw="24" slack="0"/>
<pin id="148" dir="0" index="5" bw="2" slack="2147483647"/>
<pin id="149" dir="0" index="6" bw="2" slack="2147483647"/>
<pin id="150" dir="0" index="7" bw="2" slack="2147483647"/>
<pin id="151" dir="0" index="8" bw="24" slack="0"/>
<pin id="152" dir="0" index="9" bw="3" slack="0"/>
<pin id="153" dir="0" index="10" bw="3" slack="0"/>
<pin id="154" dir="0" index="11" bw="1" slack="0"/>
<pin id="155" dir="0" index="12" bw="1" slack="0"/>
<pin id="156" dir="0" index="13" bw="1" slack="0"/>
<pin id="157" dir="0" index="14" bw="1" slack="0"/>
<pin id="158" dir="1" index="15" bw="0" slack="2147483647"/>
</pin_list>
<bind>
<opcode="call(48) " fcode="call"/>
<opset="call_ln247/5 "/>
</bind>
</comp>

<comp id="168" class="1004" name="store_ln296_store_fu_168">
<pin_list>
<pin id="169" dir="0" index="0" bw="1" slack="0"/>
<pin id="170" dir="0" index="1" bw="1" slack="0"/>
<pin id="171" dir="1" index="2" bw="0" slack="2147483647"/>
</pin_list>
<bind>
<opcode="store(28) " fcode="store"/>
<opset="store_ln296/1 "/>
</bind>
</comp>

<comp id="173" class="1004" name="store_ln296_store_fu_173">
<pin_list>
<pin id="174" dir="0" index="0" bw="1" slack="0"/>
<pin id="175" dir="0" index="1" bw="12" slack="0"/>
<pin id="176" dir="1" index="2" bw="0" slack="2147483647"/>
</pin_list>
<bind>
<opcode="store(28) " fcode="store"/>
<opset="store_ln296/1 "/>
</bind>
</comp>

<comp id="178" class="1004" name="zext_ln291_fu_178">
<pin_list>
<pin id="179" dir="0" index="0" bw="2" slack="1"/>
<pin id="180" dir="1" index="1" bw="4" slack="0"/>
</pin_list>
<bind>
<opcode="zext(34) " fcode="zext"/>
<opset="zext_ln291/2 "/>
</bind>
</comp>

<comp id="181" class="1004" name="tmp_fu_181">
<pin_list>
<pin id="182" dir="0" index="0" bw="4" slack="0"/>
<pin id="183" dir="0" index="1" bw="2" slack="1"/>
<pin id="184" dir="0" index="2" bw="1" slack="0"/>
<pin id="185" dir="1" index="3" bw="4" slack="0"/>
</pin_list>
<bind>
<opcode="bitconcatenate(1004) " fcode="bitconcatenate"/>
<opset="tmp/2 "/>
</bind>
</comp>

<comp id="188" class="1004" name="sub_ln291_fu_188">
<pin_list>
<pin id="189" dir="0" index="0" bw="4" slack="0"/>
<pin id="190" dir="0" index="1" bw="2" slack="0"/>
<pin id="191" dir="1" index="2" bw="4" slack="0"/>
</pin_list>
<bind>
<opcode="sub(10) " fcode="sub"/>
<opset="sub_ln291/2 "/>
</bind>
</comp>

<comp id="195" class="1004" name="zext_ln246_fu_195">
<pin_list>
<pin id="196" dir="0" index="0" bw="12" slack="2"/>
<pin id="197" dir="1" index="1" bw="13" slack="0"/>
</pin_list>
<bind>
<opcode="zext(34) " fcode="zext"/>
<opset="zext_ln246/3 "/>
</bind>
</comp>

<comp id="198" class="1004" name="grp_reg_unsigned_short_s_fu_198">
<pin_list>
<pin id="199" dir="0" index="0" bw="13" slack="0"/>
<pin id="200" dir="0" index="1" bw="12" slack="0"/>
<pin id="201" dir="1" index="2" bw="13" slack="0"/>
</pin_list>
<bind>
<opcode="call(48) " fcode="call"/>
<opset="rows/3 "/>
</bind>
</comp>

<comp id="204" class="1004" name="grp_reg_unsigned_short_s_fu_204">
<pin_list>
<pin id="205" dir="0" index="0" bw="13" slack="0"/>
<pin id="206" dir="0" index="1" bw="13" slack="2"/>
<pin id="207" dir="1" index="2" bw="13" slack="0"/>
</pin_list>
<bind>
<opcode="call(48) " fcode="call"/>
<opset="cols/3 "/>
</bind>
</comp>

<comp id="209" class="1004" name="map_2_loc_load_load_fu_209">
<pin_list>
<pin id="210" dir="0" index="0" bw="2" slack="3"/>
<pin id="211" dir="1" index="1" bw="2" slack="2147483647"/>
</pin_list>
<bind>
<opcode="load(27) " fcode="load"/>
<opset="map_2_loc_load/4 "/>
</bind>
</comp>

<comp id="212" class="1004" name="map_1_loc_load_load_fu_212">
<pin_list>
<pin id="213" dir="0" index="0" bw="2" slack="3"/>
<pin id="214" dir="1" index="1" bw="2" slack="2147483647"/>
</pin_list>
<bind>
<opcode="load(27) " fcode="load"/>
<opset="map_1_loc_load/4 "/>
</bind>
</comp>

<comp id="215" class="1004" name="map_loc_load_load_fu_215">
<pin_list>
<pin id="216" dir="0" index="0" bw="2" slack="3"/>
<pin id="217" dir="1" index="1" bw="2" slack="2147483647"/>
</pin_list>
<bind>
<opcode="load(27) " fcode="load"/>
<opset="map_loc_load/4 "/>
</bind>
</comp>

<comp id="218" class="1004" name="trunc_ln247_fu_218">
<pin_list>
<pin id="219" dir="0" index="0" bw="13" slack="0"/>
<pin id="220" dir="1" index="1" bw="12" slack="1"/>
</pin_list>
<bind>
<opcode="trunc(33) " fcode="trunc"/>
<opset="trunc_ln247/4 "/>
</bind>
</comp>

<comp id="222" class="1004" name="sub_fu_222">
<pin_list>
<pin id="223" dir="0" index="0" bw="13" slack="0"/>
<pin id="224" dir="0" index="1" bw="1" slack="0"/>
<pin id="225" dir="1" index="2" bw="13" slack="1"/>
</pin_list>
<bind>
<opcode="add(8) " fcode="add"/>
<opset="sub/4 "/>
</bind>
</comp>

<comp id="228" class="1004" name="cmp33109_fu_228">
<pin_list>
<pin id="229" dir="0" index="0" bw="13" slack="0"/>
<pin id="230" dir="0" index="1" bw="13" slack="0"/>
<pin id="231" dir="1" index="2" bw="1" slack="1"/>
</pin_list>
<bind>
<opcode="icmp(45) " fcode="icmp"/>
<opset="cmp33109/4 "/>
</bind>
</comp>

<comp id="234" class="1004" name="i_load_fu_234">
<pin_list>
<pin id="235" dir="0" index="0" bw="12" slack="4"/>
<pin id="236" dir="1" index="1" bw="12" slack="0"/>
</pin_list>
<bind>
<opcode="load(27) " fcode="load"/>
<opset="i/5 "/>
</bind>
</comp>

<comp id="237" class="1004" name="icmp_ln296_fu_237">
<pin_list>
<pin id="238" dir="0" index="0" bw="12" slack="0"/>
<pin id="239" dir="0" index="1" bw="12" slack="1"/>
<pin id="240" dir="1" index="2" bw="1" slack="2147483647"/>
</pin_list>
<bind>
<opcode="icmp(45) " fcode="icmp"/>
<opset="icmp_ln296/5 "/>
</bind>
</comp>

<comp id="242" class="1004" name="i_2_fu_242">
<pin_list>
<pin id="243" dir="0" index="0" bw="12" slack="0"/>
<pin id="244" dir="0" index="1" bw="1" slack="0"/>
<pin id="245" dir="1" index="2" bw="12" slack="1"/>
</pin_list>
<bind>
<opcode="add(8) " fcode="add"/>
<opset="i_2/5 "/>
</bind>
</comp>

<comp id="248" class="1004" name="sof_load_load_fu_248">
<pin_list>
<pin id="249" dir="0" index="0" bw="1" slack="4"/>
<pin id="250" dir="1" index="1" bw="1" slack="0"/>
</pin_list>
<bind>
<opcode="load(27) " fcode="load"/>
<opset="sof_load/5 "/>
</bind>
</comp>

<comp id="252" class="1004" name="store_ln0_store_fu_252">
<pin_list>
<pin id="253" dir="0" index="0" bw="1" slack="0"/>
<pin id="254" dir="0" index="1" bw="1" slack="5"/>
<pin id="255" dir="1" index="2" bw="0" slack="2147483647"/>
</pin_list>
<bind>
<opcode="store(28) " fcode="store"/>
<opset="store_ln0/6 "/>
</bind>
</comp>

<comp id="257" class="1004" name="store_ln296_store_fu_257">
<pin_list>
<pin id="258" dir="0" index="0" bw="12" slack="1"/>
<pin id="259" dir="0" index="1" bw="12" slack="5"/>
<pin id="260" dir="1" index="2" bw="0" slack="2147483647"/>
</pin_list>
<bind>
<opcode="store(28) " fcode="store"/>
<opset="store_ln296/6 "/>
</bind>
</comp>

<comp id="261" class="1005" name="i_1_reg_261">
<pin_list>
<pin id="262" dir="0" index="0" bw="12" slack="0"/>
<pin id="263" dir="1" index="1" bw="12" slack="0"/>
</pin_list>
<bind>
<opset="i_1 "/>
</bind>
</comp>

<comp id="268" class="1005" name="sof_reg_268">
<pin_list>
<pin id="269" dir="0" index="0" bw="1" slack="0"/>
<pin id="270" dir="1" index="1" bw="1" slack="0"/>
</pin_list>
<bind>
<opset="sof "/>
</bind>
</comp>

<comp id="275" class="1005" name="map_loc_reg_275">
<pin_list>
<pin id="276" dir="0" index="0" bw="2" slack="1"/>
<pin id="277" dir="1" index="1" bw="2" slack="1"/>
</pin_list>
<bind>
<opset="map_loc "/>
</bind>
</comp>

<comp id="281" class="1005" name="map_1_loc_reg_281">
<pin_list>
<pin id="282" dir="0" index="0" bw="2" slack="1"/>
<pin id="283" dir="1" index="1" bw="2" slack="1"/>
</pin_list>
<bind>
<opset="map_1_loc "/>
</bind>
</comp>

<comp id="287" class="1005" name="map_2_loc_reg_287">
<pin_list>
<pin id="288" dir="0" index="0" bw="2" slack="1"/>
<pin id="289" dir="1" index="1" bw="2" slack="1"/>
</pin_list>
<bind>
<opset="map_2_loc "/>
</bind>
</comp>

<comp id="293" class="1005" name="colorFormat_read_reg_293">
<pin_list>
<pin id="294" dir="0" index="0" bw="2" slack="1"/>
<pin id="295" dir="1" index="1" bw="2" slack="1"/>
</pin_list>
<bind>
<opset="colorFormat_read "/>
</bind>
</comp>

<comp id="299" class="1005" name="Height_read_reg_299">
<pin_list>
<pin id="300" dir="0" index="0" bw="12" slack="2"/>
<pin id="301" dir="1" index="1" bw="12" slack="2"/>
</pin_list>
<bind>
<opset="Height_read "/>
</bind>
</comp>

<comp id="304" class="1005" name="WidthOut_read_reg_304">
<pin_list>
<pin id="305" dir="0" index="0" bw="13" slack="2"/>
<pin id="306" dir="1" index="1" bw="13" slack="2"/>
</pin_list>
<bind>
<opset="WidthOut_read "/>
</bind>
</comp>

<comp id="309" class="1005" name="sub_ln291_reg_309">
<pin_list>
<pin id="310" dir="0" index="0" bw="4" slack="1"/>
<pin id="311" dir="1" index="1" bw="4" slack="1"/>
</pin_list>
<bind>
<opset="sub_ln291 "/>
</bind>
</comp>

<comp id="314" class="1005" name="cols_reg_314">
<pin_list>
<pin id="315" dir="0" index="0" bw="13" slack="1"/>
<pin id="316" dir="1" index="1" bw="13" slack="1"/>
</pin_list>
<bind>
<opset="cols "/>
</bind>
</comp>

<comp id="328" class="1005" name="trunc_ln247_reg_328">
<pin_list>
<pin id="329" dir="0" index="0" bw="12" slack="1"/>
<pin id="330" dir="1" index="1" bw="12" slack="1"/>
</pin_list>
<bind>
<opset="trunc_ln247 "/>
</bind>
</comp>

<comp id="333" class="1005" name="sub_reg_333">
<pin_list>
<pin id="334" dir="0" index="0" bw="13" slack="1"/>
<pin id="335" dir="1" index="1" bw="13" slack="1"/>
</pin_list>
<bind>
<opset="sub "/>
</bind>
</comp>

<comp id="338" class="1005" name="cmp33109_reg_338">
<pin_list>
<pin id="339" dir="0" index="0" bw="1" slack="1"/>
<pin id="340" dir="1" index="1" bw="1" slack="2147483647"/>
</pin_list>
<bind>
<opset="cmp33109 "/>
</bind>
</comp>

<comp id="345" class="1005" name="i_2_reg_345">
<pin_list>
<pin id="346" dir="0" index="0" bw="12" slack="1"/>
<pin id="347" dir="1" index="1" bw="12" slack="1"/>
</pin_list>
<bind>
<opset="i_2 "/>
</bind>
</comp>

</comp_list>

<net_list>
<net id="97"><net_src comp="24" pin="0"/><net_sink comp="94" pin=0"/></net>

<net id="101"><net_src comp="24" pin="0"/><net_sink comp="98" pin=0"/></net>

<net id="105"><net_src comp="24" pin="0"/><net_sink comp="102" pin=0"/></net>

<net id="109"><net_src comp="24" pin="0"/><net_sink comp="106" pin=0"/></net>

<net id="113"><net_src comp="24" pin="0"/><net_sink comp="110" pin=0"/></net>

<net id="118"><net_src comp="26" pin="0"/><net_sink comp="114" pin=0"/></net>

<net id="119"><net_src comp="20" pin="0"/><net_sink comp="114" pin=1"/></net>

<net id="124"><net_src comp="28" pin="0"/><net_sink comp="120" pin=0"/></net>

<net id="125"><net_src comp="16" pin="0"/><net_sink comp="120" pin=1"/></net>

<net id="130"><net_src comp="30" pin="0"/><net_sink comp="126" pin=0"/></net>

<net id="131"><net_src comp="18" pin="0"/><net_sink comp="126" pin=1"/></net>

<net id="140"><net_src comp="40" pin="0"/><net_sink comp="132" pin=0"/></net>

<net id="141"><net_src comp="22" pin="0"/><net_sink comp="132" pin=5"/></net>

<net id="159"><net_src comp="90" pin="0"/><net_sink comp="142" pin=0"/></net>

<net id="160"><net_src comp="0" pin="0"/><net_sink comp="142" pin=4"/></net>

<net id="161"><net_src comp="2" pin="0"/><net_sink comp="142" pin=8"/></net>

<net id="162"><net_src comp="4" pin="0"/><net_sink comp="142" pin=9"/></net>

<net id="163"><net_src comp="6" pin="0"/><net_sink comp="142" pin=10"/></net>

<net id="164"><net_src comp="8" pin="0"/><net_sink comp="142" pin=11"/></net>

<net id="165"><net_src comp="10" pin="0"/><net_sink comp="142" pin=12"/></net>

<net id="166"><net_src comp="12" pin="0"/><net_sink comp="142" pin=13"/></net>

<net id="167"><net_src comp="14" pin="0"/><net_sink comp="142" pin=14"/></net>

<net id="172"><net_src comp="32" pin="0"/><net_sink comp="168" pin=0"/></net>

<net id="177"><net_src comp="34" pin="0"/><net_sink comp="173" pin=0"/></net>

<net id="186"><net_src comp="36" pin="0"/><net_sink comp="181" pin=0"/></net>

<net id="187"><net_src comp="38" pin="0"/><net_sink comp="181" pin=2"/></net>

<net id="192"><net_src comp="181" pin="3"/><net_sink comp="188" pin=0"/></net>

<net id="193"><net_src comp="178" pin="1"/><net_sink comp="188" pin=1"/></net>

<net id="194"><net_src comp="188" pin="2"/><net_sink comp="132" pin=1"/></net>

<net id="202"><net_src comp="42" pin="0"/><net_sink comp="198" pin=0"/></net>

<net id="203"><net_src comp="195" pin="1"/><net_sink comp="198" pin=1"/></net>

<net id="208"><net_src comp="42" pin="0"/><net_sink comp="204" pin=0"/></net>

<net id="221"><net_src comp="198" pin="2"/><net_sink comp="218" pin=0"/></net>

<net id="226"><net_src comp="204" pin="2"/><net_sink comp="222" pin=0"/></net>

<net id="227"><net_src comp="72" pin="0"/><net_sink comp="222" pin=1"/></net>

<net id="232"><net_src comp="204" pin="2"/><net_sink comp="228" pin=0"/></net>

<net id="233"><net_src comp="74" pin="0"/><net_sink comp="228" pin=1"/></net>

<net id="241"><net_src comp="234" pin="1"/><net_sink comp="237" pin=0"/></net>

<net id="246"><net_src comp="234" pin="1"/><net_sink comp="242" pin=0"/></net>

<net id="247"><net_src comp="82" pin="0"/><net_sink comp="242" pin=1"/></net>

<net id="251"><net_src comp="248" pin="1"/><net_sink comp="142" pin=1"/></net>

<net id="256"><net_src comp="92" pin="0"/><net_sink comp="252" pin=0"/></net>

<net id="264"><net_src comp="94" pin="1"/><net_sink comp="261" pin=0"/></net>

<net id="265"><net_src comp="261" pin="1"/><net_sink comp="173" pin=1"/></net>

<net id="266"><net_src comp="261" pin="1"/><net_sink comp="234" pin=0"/></net>

<net id="267"><net_src comp="261" pin="1"/><net_sink comp="257" pin=1"/></net>

<net id="271"><net_src comp="98" pin="1"/><net_sink comp="268" pin=0"/></net>

<net id="272"><net_src comp="268" pin="1"/><net_sink comp="168" pin=1"/></net>

<net id="273"><net_src comp="268" pin="1"/><net_sink comp="248" pin=0"/></net>

<net id="274"><net_src comp="268" pin="1"/><net_sink comp="252" pin=1"/></net>

<net id="278"><net_src comp="102" pin="1"/><net_sink comp="275" pin=0"/></net>

<net id="279"><net_src comp="275" pin="1"/><net_sink comp="132" pin=4"/></net>

<net id="280"><net_src comp="275" pin="1"/><net_sink comp="215" pin=0"/></net>

<net id="284"><net_src comp="106" pin="1"/><net_sink comp="281" pin=0"/></net>

<net id="285"><net_src comp="281" pin="1"/><net_sink comp="132" pin=3"/></net>

<net id="286"><net_src comp="281" pin="1"/><net_sink comp="212" pin=0"/></net>

<net id="290"><net_src comp="110" pin="1"/><net_sink comp="287" pin=0"/></net>

<net id="291"><net_src comp="287" pin="1"/><net_sink comp="132" pin=2"/></net>

<net id="292"><net_src comp="287" pin="1"/><net_sink comp="209" pin=0"/></net>

<net id="296"><net_src comp="114" pin="2"/><net_sink comp="293" pin=0"/></net>

<net id="297"><net_src comp="293" pin="1"/><net_sink comp="178" pin=0"/></net>

<net id="298"><net_src comp="293" pin="1"/><net_sink comp="181" pin=1"/></net>

<net id="302"><net_src comp="120" pin="2"/><net_sink comp="299" pin=0"/></net>

<net id="303"><net_src comp="299" pin="1"/><net_sink comp="195" pin=0"/></net>

<net id="307"><net_src comp="126" pin="2"/><net_sink comp="304" pin=0"/></net>

<net id="308"><net_src comp="304" pin="1"/><net_sink comp="204" pin=1"/></net>

<net id="312"><net_src comp="188" pin="2"/><net_sink comp="309" pin=0"/></net>

<net id="313"><net_src comp="309" pin="1"/><net_sink comp="132" pin=1"/></net>

<net id="317"><net_src comp="204" pin="2"/><net_sink comp="314" pin=0"/></net>

<net id="318"><net_src comp="314" pin="1"/><net_sink comp="142" pin=2"/></net>

<net id="331"><net_src comp="218" pin="1"/><net_sink comp="328" pin=0"/></net>

<net id="332"><net_src comp="328" pin="1"/><net_sink comp="237" pin=1"/></net>

<net id="336"><net_src comp="222" pin="2"/><net_sink comp="333" pin=0"/></net>

<net id="337"><net_src comp="333" pin="1"/><net_sink comp="142" pin=3"/></net>

<net id="341"><net_src comp="228" pin="2"/><net_sink comp="338" pin=0"/></net>

<net id="348"><net_src comp="242" pin="2"/><net_sink comp="345" pin=0"/></net>

<net id="349"><net_src comp="345" pin="1"/><net_sink comp="257" pin=0"/></net>

</net_list>

</model> 
---------------- Datapath Model END ------------------

* FSMD analyzer results:
  - Output states:
	Port: m_axis_video_V_data_V | {5 6 }
	Port: m_axis_video_V_keep_V | {5 6 }
	Port: m_axis_video_V_strb_V | {5 6 }
	Port: m_axis_video_V_user_V | {5 6 }
	Port: m_axis_video_V_last_V | {5 6 }
	Port: m_axis_video_V_id_V | {5 6 }
	Port: m_axis_video_V_dest_V | {5 6 }
	Port: mapComp | {}
 - Input state : 
	Port: MultiPixStream2AXIvideo : img | {5 6 }
	Port: MultiPixStream2AXIvideo : m_axis_video_V_data_V | {}
	Port: MultiPixStream2AXIvideo : m_axis_video_V_keep_V | {}
	Port: MultiPixStream2AXIvideo : m_axis_video_V_strb_V | {}
	Port: MultiPixStream2AXIvideo : m_axis_video_V_user_V | {}
	Port: MultiPixStream2AXIvideo : m_axis_video_V_last_V | {}
	Port: MultiPixStream2AXIvideo : m_axis_video_V_id_V | {}
	Port: MultiPixStream2AXIvideo : m_axis_video_V_dest_V | {}
	Port: MultiPixStream2AXIvideo : Height | {1 }
	Port: MultiPixStream2AXIvideo : WidthOut | {1 }
	Port: MultiPixStream2AXIvideo : colorFormat | {1 }
	Port: MultiPixStream2AXIvideo : mapComp | {2 3 }
  - Chain level:
	State 1
		store_ln296 : 1
		store_ln296 : 1
	State 2
		sub_ln291 : 1
		call_ln291 : 2
	State 3
		rows : 1
	State 4
		trunc_ln247 : 1
		sub : 1
		cmp33109 : 1
	State 5
		icmp_ln296 : 1
		i_2 : 1
		br_ln296 : 2
		call_ln247 : 1
	State 6


============================================================
+ Verbose Summary: Datapath Resource usage 
============================================================

* Functional unit list:
|----------|--------------------------------------------------------------|---------|---------|---------|
| Operation|                        Functional Unit                       |  Delay  |    FF   |   LUT   |
|----------|--------------------------------------------------------------|---------|---------|---------|
|          | grp_MultiPixStream2AXIvideo_Pipeline_VITIS_LOOP_289_1_fu_132 |  1.588  |    24   |    42   |
|   call   | grp_MultiPixStream2AXIvideo_Pipeline_VITIS_LOOP_298_3_fu_142 |    0    |    23   |    84   |
|          |                grp_reg_unsigned_short_s_fu_198               |    0    |    13   |    0    |
|          |                grp_reg_unsigned_short_s_fu_204               |    0    |    13   |    0    |
|----------|--------------------------------------------------------------|---------|---------|---------|
|    add   |                          sub_fu_222                          |    0    |    0    |    14   |
|          |                          i_2_fu_242                          |    0    |    0    |    12   |
|----------|--------------------------------------------------------------|---------|---------|---------|
|   icmp   |                        cmp33109_fu_228                       |    0    |    0    |    14   |
|          |                       icmp_ln296_fu_237                      |    0    |    0    |    12   |
|----------|--------------------------------------------------------------|---------|---------|---------|
|    sub   |                       sub_ln291_fu_188                       |    0    |    0    |    13   |
|----------|--------------------------------------------------------------|---------|---------|---------|
|          |                 colorFormat_read_read_fu_114                 |    0    |    0    |    0    |
|   read   |                    Height_read_read_fu_120                   |    0    |    0    |    0    |
|          |                   WidthOut_read_read_fu_126                  |    0    |    0    |    0    |
|----------|--------------------------------------------------------------|---------|---------|---------|
|   zext   |                       zext_ln291_fu_178                      |    0    |    0    |    0    |
|          |                       zext_ln246_fu_195                      |    0    |    0    |    0    |
|----------|--------------------------------------------------------------|---------|---------|---------|
|bitconcatenate|                          tmp_fu_181                          |    0    |    0    |    0    |
|----------|--------------------------------------------------------------|---------|---------|---------|
|   trunc  |                      trunc_ln247_fu_218                      |    0    |    0    |    0    |
|----------|--------------------------------------------------------------|---------|---------|---------|
|   Total  |                                                              |  1.588  |    73   |   191   |
|----------|--------------------------------------------------------------|---------|---------|---------|

Memories:
N/A

* Register list:
+------------------------+--------+
|                        |   FF   |
+------------------------+--------+
|   Height_read_reg_299  |   12   |
|  WidthOut_read_reg_304 |   13   |
|    cmp33109_reg_338    |    1   |
|colorFormat_read_reg_293|    2   |
|      cols_reg_314      |   13   |
|       i_1_reg_261      |   12   |
|       i_2_reg_345      |   12   |
|    map_1_loc_reg_281   |    2   |
|    map_2_loc_reg_287   |    2   |
|     map_loc_reg_275    |    2   |
|       sof_reg_268      |    1   |
|    sub_ln291_reg_309   |    4   |
|       sub_reg_333      |   13   |
|   trunc_ln247_reg_328  |   12   |
+------------------------+--------+
|          Total         |   101  |
+------------------------+--------+

* Multiplexer (MUX) list: 
|--------------------------------------------------------------|------|------|------|--------||---------||---------|
|                             Comp                             |  Pin | Size |  BW  | S x BW ||  Delay  ||   LUT   |
|--------------------------------------------------------------|------|------|------|--------||---------||---------|
| grp_MultiPixStream2AXIvideo_Pipeline_VITIS_LOOP_289_1_fu_132 |  p1  |   2  |   4  |    8   ||    9    |
|--------------------------------------------------------------|------|------|------|--------||---------||---------|
|                             Total                            |      |      |      |    8   ||  1.588  ||    9    |
|--------------------------------------------------------------|------|------|------|--------||---------||---------|



* Summary:
+-----------+--------+--------+--------+
|           |  Delay |   FF   |   LUT  |
+-----------+--------+--------+--------+
|  Function |    1   |   73   |   191  |
|   Memory  |    -   |    -   |    -   |
|Multiplexer|    1   |    -   |    9   |
|  Register |    -   |   101  |    -   |
+-----------+--------+--------+--------+
|   Total   |    3   |   174  |   200  |
+-----------+--------+--------+--------+
