

================================================================
== Vitis HLS Report for 'AXIvideo2xfMat_8_0_600_800_1_2_1_Pipeline_loop_start_hunt'
================================================================
* Date:           Tue Jun 24 19:14:41 2025

* Version:        2023.1 (Build 3854077 on May  4 2023)
* Project:        stereolbm_axis_cambm.prj
* Solution:       sol1 (Vivado IP Flow Target)
* Product family: zynq
* Target device:  xc7z020-clg400-1


================================================================
== Performance Estimates
================================================================
+ Timing: 
    * Summary: 
    +--------+----------+----------+------------+
    |  Clock |  Target  | Estimated| Uncertainty|
    +--------+----------+----------+------------+
    |ap_clk  |  10.00 ns|  3.176 ns|     2.70 ns|
    +--------+----------+----------+------------+

+ Latency: 
    * Summary: 
    +---------+---------+-----------+-----------+-----+-----+---------+
    |  Latency (cycles) |   Latency (absolute)  |  Interval | Pipeline|
    |   min   |   max   |    min    |    max    | min | max |   Type  |
    +---------+---------+-----------+-----------+-----+-----+---------+
    |        2|        3|  20.000 ns|  30.000 ns|    2|    3|       no|
    +---------+---------+-----------+-----------+-----+-----+---------+

    + Detail: 
        * Instance: 
        N/A

        * Loop: 
        +-------------------+---------+---------+----------+-----------+-----------+-------+----------+
        |                   |  Latency (cycles) | Iteration|  Initiation Interval  |  Trip |          |
        |     Loop Name     |   min   |   max   |  Latency |  achieved |   target  | Count | Pipelined|
        +-------------------+---------+---------+----------+-----------+-----------+-------+----------+
        |- loop_start_hunt  |        0|        1|         1|          1|          1|  0 ~ 1|       yes|
        +-------------------+---------+---------+----------+-----------+-----------+-------+----------+

============================================================
+ Verbose Summary: Synthesis Manager
============================================================
InlineROM: 1
ExposeGlobal: 0
============================================================
+ Verbose Summary: CDFG Model
============================================================
IsTopModel: 0
ResetActiveHigh: 1
IsCombinational: 0
IsDatapathOnly: 0
HasWiredReturn: 1
HasMFsm: 2
HasVarLatency: 1
IsPipeline: 0
IsRtlPipelined: 0
IsInstanceOverlapped: 0
IsDontTouch: 0
HasImplIP: 0
IsGatedGlobalClock: 0

+ Individual pipeline summary: 
  * Pipeline-0: initiation interval (II) = 1, depth = 1


============================================================
+ Verbose Summary: Schedule
============================================================
* Number of FSM states : 1
* Pipeline : 1
  Pipeline-0 : II = 1, D = 1, States = { 1 }
* Dataflow Pipeline: 0

* FSM state transitions: 
1 --> 

* FSM state operations: 

State 1 <SV = 0> <Delay = 3.17>
ST_1 : Operation 4 [1/1] (0.00ns)   --->   "%axi_last = alloca i32 1"   --->   Operation 4 'alloca' 'axi_last' <Predicate = true> <Delay = 0.00>
ST_1 : Operation 5 [1/1] (0.00ns)   --->   "%specaxissidechannel_ln0 = specaxissidechannel void @_ssdm_op_SpecAXISSideChannel, i8 %vid_inL_V_data_V, i1 %vid_inL_V_keep_V, i1 %vid_inL_V_strb_V, i1 %vid_inL_V_user_V, i1 %vid_inL_V_last_V, i1 %vid_inL_V_id_V, i1 %vid_inL_V_dest_V, void @empty_9"   --->   Operation 5 'specaxissidechannel' 'specaxissidechannel_ln0' <Predicate = true> <Delay = 0.00>
ST_1 : Operation 6 [1/1] (0.00ns)   --->   "%specinterface_ln0 = specinterface void @_ssdm_op_SpecInterface, i8 %vid_inL_V_data_V, void @empty_82, i32 0, i32 0, void @empty_83, i32 0, i32 0, void @empty_84, void @empty_84, void @empty_84, i32 0, i32 0, i32 0, i32 0, void @empty_84, void @empty_84, i32 4294967295, i32 0"   --->   Operation 6 'specinterface' 'specinterface_ln0' <Predicate = true> <Delay = 0.00>
ST_1 : Operation 7 [1/1] (0.00ns)   --->   "%specinterface_ln0 = specinterface void @_ssdm_op_SpecInterface, i1 %vid_inL_V_keep_V, void @empty_82, i32 0, i32 0, void @empty_83, i32 0, i32 0, void @empty_84, void @empty_84, void @empty_84, i32 0, i32 0, i32 0, i32 0, void @empty_84, void @empty_84, i32 4294967295, i32 0"   --->   Operation 7 'specinterface' 'specinterface_ln0' <Predicate = true> <Delay = 0.00>
ST_1 : Operation 8 [1/1] (0.00ns)   --->   "%specinterface_ln0 = specinterface void @_ssdm_op_SpecInterface, i1 %vid_inL_V_strb_V, void @empty_82, i32 0, i32 0, void @empty_83, i32 0, i32 0, void @empty_84, void @empty_84, void @empty_84, i32 0, i32 0, i32 0, i32 0, void @empty_84, void @empty_84, i32 4294967295, i32 0"   --->   Operation 8 'specinterface' 'specinterface_ln0' <Predicate = true> <Delay = 0.00>
ST_1 : Operation 9 [1/1] (0.00ns)   --->   "%specinterface_ln0 = specinterface void @_ssdm_op_SpecInterface, i1 %vid_inL_V_user_V, void @empty_82, i32 0, i32 0, void @empty_83, i32 0, i32 0, void @empty_84, void @empty_84, void @empty_84, i32 0, i32 0, i32 0, i32 0, void @empty_84, void @empty_84, i32 4294967295, i32 0"   --->   Operation 9 'specinterface' 'specinterface_ln0' <Predicate = true> <Delay = 0.00>
ST_1 : Operation 10 [1/1] (0.00ns)   --->   "%specinterface_ln0 = specinterface void @_ssdm_op_SpecInterface, i1 %vid_inL_V_last_V, void @empty_82, i32 0, i32 0, void @empty_83, i32 0, i32 0, void @empty_84, void @empty_84, void @empty_84, i32 0, i32 0, i32 0, i32 0, void @empty_84, void @empty_84, i32 4294967295, i32 0"   --->   Operation 10 'specinterface' 'specinterface_ln0' <Predicate = true> <Delay = 0.00>
ST_1 : Operation 11 [1/1] (0.00ns)   --->   "%specinterface_ln0 = specinterface void @_ssdm_op_SpecInterface, i1 %vid_inL_V_id_V, void @empty_82, i32 0, i32 0, void @empty_83, i32 0, i32 0, void @empty_84, void @empty_84, void @empty_84, i32 0, i32 0, i32 0, i32 0, void @empty_84, void @empty_84, i32 4294967295, i32 0"   --->   Operation 11 'specinterface' 'specinterface_ln0' <Predicate = true> <Delay = 0.00>
ST_1 : Operation 12 [1/1] (0.00ns)   --->   "%specinterface_ln0 = specinterface void @_ssdm_op_SpecInterface, i1 %vid_inL_V_dest_V, void @empty_82, i32 0, i32 0, void @empty_83, i32 0, i32 0, void @empty_84, void @empty_84, void @empty_84, i32 0, i32 0, i32 0, i32 0, void @empty_84, void @empty_84, i32 4294967295, i32 0"   --->   Operation 12 'specinterface' 'specinterface_ln0' <Predicate = true> <Delay = 0.00>
ST_1 : Operation 13 [1/1] (1.58ns)   --->   "%store_ln0 = store i8 0, i8 %axi_data_out"   --->   Operation 13 'store' 'store_ln0' <Predicate = true> <Delay = 1.58>
ST_1 : Operation 14 [1/1] (1.58ns)   --->   "%br_ln0 = br void %while.cond"   --->   Operation 14 'br' 'br_ln0' <Predicate = true> <Delay = 1.58>
ST_1 : Operation 15 [1/1] (0.00ns)   --->   "%start = phi i1 %axi_user, void %while.body, i1 0, void %newFuncRoot"   --->   Operation 15 'phi' 'start' <Predicate = true> <Delay = 0.00>
ST_1 : Operation 16 [1/1] (0.00ns)   --->   "%br_ln118 = br i1 %start, void %while.body, void %loop_row_axi2mat.exitStub" [C:/Xilinx/Vitis_Libraries/vision/L1/include\common/xf_infra.hpp:118]   --->   Operation 16 'br' 'br_ln118' <Predicate = true> <Delay = 0.00>
ST_1 : Operation 17 [1/1] (0.00ns)   --->   "%specpipeline_ln120 = specpipeline void @_ssdm_op_SpecPipeline, i32 1, i32 0, i32 0, i32 0, void @empty_84" [C:/Xilinx/Vitis_Libraries/vision/L1/include\common/xf_infra.hpp:120]   --->   Operation 17 'specpipeline' 'specpipeline_ln120' <Predicate = (!start)> <Delay = 0.00>
ST_1 : Operation 18 [1/1] (0.00ns)   --->   "%speclooptripcount_ln121 = speclooptripcount void @_ssdm_op_SpecLoopTripCount, i64 0, i64 1, i64 1" [C:/Xilinx/Vitis_Libraries/vision/L1/include\common/xf_infra.hpp:121]   --->   Operation 18 'speclooptripcount' 'speclooptripcount_ln121' <Predicate = (!start)> <Delay = 0.00>
ST_1 : Operation 19 [1/1] (0.00ns)   --->   "%specloopname_ln118 = specloopname void @_ssdm_op_SpecLoopName, void @empty_35" [C:/Xilinx/Vitis_Libraries/vision/L1/include\common/xf_infra.hpp:118]   --->   Operation 19 'specloopname' 'specloopname_ln118' <Predicate = (!start)> <Delay = 0.00>
ST_1 : Operation 20 [1/1] (0.00ns)   --->   "%empty = read i14 @_ssdm_op_Read.axis.volatile.i8P0A.i1P0A.i1P0A.i1P0A.i1P0A.i1P0A.i1P0A, i8 %vid_inL_V_data_V, i1 %vid_inL_V_keep_V, i1 %vid_inL_V_strb_V, i1 %vid_inL_V_user_V, i1 %vid_inL_V_last_V, i1 %vid_inL_V_id_V, i1 %vid_inL_V_dest_V" [C:/Xilinx/Vitis_Libraries/vision/L1/include\common/xf_infra.hpp:124]   --->   Operation 20 'read' 'empty' <Predicate = (!start)> <Delay = 0.00> <CoreInst = "axis">   --->   Core 115 'axis' <Latency = 0> <II = 1> <Delay = 1.00> <Adapter> <Opcode : >
ST_1 : Operation 21 [1/1] (0.00ns)   --->   "%axi_data = extractvalue i14 %empty" [C:/Xilinx/Vitis_Libraries/vision/L1/include\common/xf_infra.hpp:124]   --->   Operation 21 'extractvalue' 'axi_data' <Predicate = (!start)> <Delay = 0.00>
ST_1 : Operation 22 [1/1] (0.00ns)   --->   "%axi_user = extractvalue i14 %empty" [C:/Xilinx/Vitis_Libraries/vision/L1/include\common/xf_infra.hpp:124]   --->   Operation 22 'extractvalue' 'axi_user' <Predicate = (!start)> <Delay = 0.00>
ST_1 : Operation 23 [1/1] (0.00ns)   --->   "%axi_last_7 = extractvalue i14 %empty" [C:/Xilinx/Vitis_Libraries/vision/L1/include\common/xf_infra.hpp:124]   --->   Operation 23 'extractvalue' 'axi_last_7' <Predicate = (!start)> <Delay = 0.00>
ST_1 : Operation 24 [1/1] (1.58ns)   --->   "%store_ln118 = store i8 %axi_data, i8 %axi_data_out" [C:/Xilinx/Vitis_Libraries/vision/L1/include\common/xf_infra.hpp:118]   --->   Operation 24 'store' 'store_ln118' <Predicate = (!start)> <Delay = 1.58>
ST_1 : Operation 25 [1/1] (0.00ns)   --->   "%store_ln118 = store i1 %axi_last_7, i1 %axi_last" [C:/Xilinx/Vitis_Libraries/vision/L1/include\common/xf_infra.hpp:118]   --->   Operation 25 'store' 'store_ln118' <Predicate = (!start)> <Delay = 0.00>
ST_1 : Operation 26 [1/1] (0.00ns)   --->   "%br_ln118 = br void %while.cond" [C:/Xilinx/Vitis_Libraries/vision/L1/include\common/xf_infra.hpp:118]   --->   Operation 26 'br' 'br_ln118' <Predicate = (!start)> <Delay = 0.00>
ST_1 : Operation 27 [1/1] (0.00ns)   --->   "%axi_last_load = load i1 %axi_last"   --->   Operation 27 'load' 'axi_last_load' <Predicate = (start)> <Delay = 0.00>
ST_1 : Operation 28 [1/1] (0.00ns)   --->   "%write_ln0 = write void @_ssdm_op_Write.ap_auto.i1P0A, i1 %axi_last_out, i1 %axi_last_load"   --->   Operation 28 'write' 'write_ln0' <Predicate = (start)> <Delay = 0.00>
ST_1 : Operation 29 [1/1] (0.00ns)   --->   "%ret_ln0 = ret"   --->   Operation 29 'ret' 'ret_ln0' <Predicate = (start)> <Delay = 0.00>


============================================================
+ Verbose Summary: Binding
============================================================
STG Binding: 
---------------- STG Properties BEGIN ----------------
- Is combinational: 0
- Is one-state seq: 0
- Is datapath-only: 0
- Is pipelined: 0
- Is top level: 0
Port [ Return ] is wired: 1; IO mode=ap_ctrl_hs:ce=0
Port [ vid_inL_V_data_V]:  wired=1; compound=1; hidden=0; nouse=0; global=0; static=0; extern=0; dir=0; type=0; pingpong=0; private_global=0; IO mode=axis:ce=0
Port [ vid_inL_V_keep_V]:  wired=1; compound=1; hidden=0; nouse=0; global=0; static=0; extern=0; dir=0; type=0; pingpong=0; private_global=0; IO mode=axis:ce=0
Port [ vid_inL_V_strb_V]:  wired=1; compound=1; hidden=0; nouse=0; global=0; static=0; extern=0; dir=0; type=0; pingpong=0; private_global=0; IO mode=axis:ce=0
Port [ vid_inL_V_user_V]:  wired=1; compound=1; hidden=0; nouse=0; global=0; static=0; extern=0; dir=0; type=0; pingpong=0; private_global=0; IO mode=axis:ce=0
Port [ vid_inL_V_last_V]:  wired=1; compound=1; hidden=0; nouse=0; global=0; static=0; extern=0; dir=0; type=0; pingpong=0; private_global=0; IO mode=axis:ce=0
Port [ vid_inL_V_id_V]:  wired=1; compound=1; hidden=0; nouse=0; global=0; static=0; extern=0; dir=0; type=0; pingpong=0; private_global=0; IO mode=axis:ce=0
Port [ vid_inL_V_dest_V]:  wired=1; compound=1; hidden=0; nouse=0; global=0; static=0; extern=0; dir=0; type=0; pingpong=0; private_global=0; IO mode=axis:ce=0
Port [ axi_last_out]:  wired=1; compound=0; hidden=0; nouse=0; global=0; static=0; extern=0; dir=1; type=0; pingpong=0; private_global=0; IO mode=ap_vld:ce=0
Port [ axi_data_out]:  wired=1; compound=0; hidden=0; nouse=0; global=0; static=0; extern=0; dir=1; type=0; pingpong=0; private_global=0; IO mode=ap_vld:ce=0
---------------- STG Properties END ------------------

---------------- Datapath Model BEGIN ----------------

<LifeTime>
<method=bitvector/>
axi_last                (alloca             ) [ 01]
specaxissidechannel_ln0 (specaxissidechannel) [ 00]
specinterface_ln0       (specinterface      ) [ 00]
specinterface_ln0       (specinterface      ) [ 00]
specinterface_ln0       (specinterface      ) [ 00]
specinterface_ln0       (specinterface      ) [ 00]
specinterface_ln0       (specinterface      ) [ 00]
specinterface_ln0       (specinterface      ) [ 00]
specinterface_ln0       (specinterface      ) [ 00]
store_ln0               (store              ) [ 00]
br_ln0                  (br                 ) [ 00]
start                   (phi                ) [ 01]
br_ln118                (br                 ) [ 00]
specpipeline_ln120      (specpipeline       ) [ 00]
speclooptripcount_ln121 (speclooptripcount  ) [ 00]
specloopname_ln118      (specloopname       ) [ 00]
empty                   (read               ) [ 00]
axi_data                (extractvalue       ) [ 00]
axi_user                (extractvalue       ) [ 01]
axi_last_7              (extractvalue       ) [ 00]
store_ln118             (store              ) [ 00]
store_ln118             (store              ) [ 00]
br_ln118                (br                 ) [ 01]
axi_last_load           (load               ) [ 00]
write_ln0               (write              ) [ 00]
ret_ln0                 (ret                ) [ 00]
</LifeTime>

<model>

<comp_list>
<comp id="0" class="1000" name="vid_inL_V_data_V">
<pin_list>
<pin id="1" dir="1" index="0" bw="1" slack="0"/>
</pin_list>
<bind>
<StgValue><ssdm name="vid_inL_V_data_V"/></StgValue>
</bind>
</comp>

<comp id="2" class="1000" name="vid_inL_V_keep_V">
<pin_list>
<pin id="3" dir="1" index="0" bw="1" slack="0"/>
</pin_list>
<bind>
<StgValue><ssdm name="vid_inL_V_keep_V"/></StgValue>
</bind>
</comp>

<comp id="4" class="1000" name="vid_inL_V_strb_V">
<pin_list>
<pin id="5" dir="1" index="0" bw="1" slack="0"/>
</pin_list>
<bind>
<StgValue><ssdm name="vid_inL_V_strb_V"/></StgValue>
</bind>
</comp>

<comp id="6" class="1000" name="vid_inL_V_user_V">
<pin_list>
<pin id="7" dir="1" index="0" bw="1" slack="0"/>
</pin_list>
<bind>
<StgValue><ssdm name="vid_inL_V_user_V"/></StgValue>
</bind>
</comp>

<comp id="8" class="1000" name="vid_inL_V_last_V">
<pin_list>
<pin id="9" dir="1" index="0" bw="1" slack="0"/>
</pin_list>
<bind>
<StgValue><ssdm name="vid_inL_V_last_V"/></StgValue>
</bind>
</comp>

<comp id="10" class="1000" name="vid_inL_V_id_V">
<pin_list>
<pin id="11" dir="1" index="0" bw="1" slack="0"/>
</pin_list>
<bind>
<StgValue><ssdm name="vid_inL_V_id_V"/></StgValue>
</bind>
</comp>

<comp id="12" class="1000" name="vid_inL_V_dest_V">
<pin_list>
<pin id="13" dir="1" index="0" bw="1" slack="0"/>
</pin_list>
<bind>
<StgValue><ssdm name="vid_inL_V_dest_V"/></StgValue>
</bind>
</comp>

<comp id="14" class="1000" name="axi_last_out">
<pin_list>
<pin id="15" dir="1" index="0" bw="1" slack="0"/>
</pin_list>
<bind>
<StgValue><ssdm name="axi_last_out"/></StgValue>
</bind>
</comp>

<comp id="16" class="1000" name="axi_data_out">
<pin_list>
<pin id="17" dir="1" index="0" bw="1" slack="0"/>
</pin_list>
<bind>
<StgValue><ssdm name="axi_data_out"/></StgValue>
</bind>
</comp>

<comp id="18" class="1001" name="const_18">
<pin_list>
<pin id="19" dir="1" index="0" bw="1" slack="0"/>
</pin_list>
<bind>
<StgValue><ssdm name=""/></StgValue>
</bind>
</comp>

<comp id="20" class="1001" name="const_20">
<pin_list>
<pin id="21" dir="1" index="0" bw="1" slack="2147483647"/>
</pin_list>
<bind>
<StgValue><ssdm name="_ssdm_op_SpecAXISSideChannel"/></StgValue>
</bind>
</comp>

<comp id="22" class="1001" name="const_22">
<pin_list>
<pin id="23" dir="1" index="0" bw="1" slack="2147483647"/>
</pin_list>
<bind>
<StgValue><ssdm name="empty_9"/></StgValue>
</bind>
</comp>

<comp id="24" class="1001" name="const_24">
<pin_list>
<pin id="25" dir="1" index="0" bw="1" slack="2147483647"/>
</pin_list>
<bind>
<StgValue><ssdm name="_ssdm_op_SpecInterface"/></StgValue>
</bind>
</comp>

<comp id="26" class="1001" name="const_26">
<pin_list>
<pin id="27" dir="1" index="0" bw="1" slack="2147483647"/>
</pin_list>
<bind>
<StgValue><ssdm name="empty_82"/></StgValue>
</bind>
</comp>

<comp id="28" class="1001" name="const_28">
<pin_list>
<pin id="29" dir="1" index="0" bw="1" slack="2147483647"/>
</pin_list>
<bind>
<StgValue><ssdm name=""/></StgValue>
</bind>
</comp>

<comp id="30" class="1001" name="const_30">
<pin_list>
<pin id="31" dir="1" index="0" bw="1" slack="2147483647"/>
</pin_list>
<bind>
<StgValue><ssdm name="empty_83"/></StgValue>
</bind>
</comp>

<comp id="32" class="1001" name="const_32">
<pin_list>
<pin id="33" dir="1" index="0" bw="1" slack="2147483647"/>
</pin_list>
<bind>
<StgValue><ssdm name="empty_84"/></StgValue>
</bind>
</comp>

<comp id="34" class="1001" name="const_34">
<pin_list>
<pin id="35" dir="1" index="0" bw="1" slack="2147483647"/>
</pin_list>
<bind>
<StgValue><ssdm name=""/></StgValue>
</bind>
</comp>

<comp id="36" class="1001" name="const_36">
<pin_list>
<pin id="37" dir="1" index="0" bw="1" slack="0"/>
</pin_list>
<bind>
<StgValue><ssdm name=""/></StgValue>
</bind>
</comp>

<comp id="38" class="1001" name="const_38">
<pin_list>
<pin id="39" dir="1" index="0" bw="1" slack="0"/>
</pin_list>
<bind>
<StgValue><ssdm name=""/></StgValue>
</bind>
</comp>

<comp id="40" class="1001" name="const_40">
<pin_list>
<pin id="41" dir="1" index="0" bw="1" slack="2147483647"/>
</pin_list>
<bind>
<StgValue><ssdm name="_ssdm_op_SpecPipeline"/></StgValue>
</bind>
</comp>

<comp id="42" class="1001" name="const_42">
<pin_list>
<pin id="43" dir="1" index="0" bw="1" slack="2147483647"/>
</pin_list>
<bind>
<StgValue><ssdm name="_ssdm_op_SpecLoopTripCount"/></StgValue>
</bind>
</comp>

<comp id="44" class="1001" name="const_44">
<pin_list>
<pin id="45" dir="1" index="0" bw="1" slack="2147483647"/>
</pin_list>
<bind>
<StgValue><ssdm name=""/></StgValue>
</bind>
</comp>

<comp id="46" class="1001" name="const_46">
<pin_list>
<pin id="47" dir="1" index="0" bw="1" slack="2147483647"/>
</pin_list>
<bind>
<StgValue><ssdm name=""/></StgValue>
</bind>
</comp>

<comp id="48" class="1001" name="const_48">
<pin_list>
<pin id="49" dir="1" index="0" bw="1" slack="2147483647"/>
</pin_list>
<bind>
<StgValue><ssdm name="_ssdm_op_SpecLoopName"/></StgValue>
</bind>
</comp>

<comp id="50" class="1001" name="const_50">
<pin_list>
<pin id="51" dir="1" index="0" bw="1" slack="2147483647"/>
</pin_list>
<bind>
<StgValue><ssdm name="empty_35"/></StgValue>
</bind>
</comp>

<comp id="52" class="1001" name="const_52">
<pin_list>
<pin id="53" dir="1" index="0" bw="1" slack="0"/>
</pin_list>
<bind>
<StgValue><ssdm name="_ssdm_op_Read.axis.volatile.i8P0A.i1P0A.i1P0A.i1P0A.i1P0A.i1P0A.i1P0A"/></StgValue>
</bind>
</comp>

<comp id="54" class="1001" name="const_54">
<pin_list>
<pin id="55" dir="1" index="0" bw="1" slack="0"/>
</pin_list>
<bind>
<StgValue><ssdm name="_ssdm_op_Write.ap_auto.i1P0A"/></StgValue>
</bind>
</comp>

<comp id="56" class="1004" name="axi_last_fu_56">
<pin_list>
<pin id="57" dir="0" index="0" bw="1" slack="0"/>
<pin id="58" dir="1" index="1" bw="1" slack="0"/>
</pin_list>
<bind>
<opcode="alloca(26) " fcode="alloca"/>
<opset="axi_last/1 "/>
</bind>
</comp>

<comp id="60" class="1004" name="empty_read_fu_60">
<pin_list>
<pin id="61" dir="0" index="0" bw="14" slack="0"/>
<pin id="62" dir="0" index="1" bw="8" slack="0"/>
<pin id="63" dir="0" index="2" bw="1" slack="0"/>
<pin id="64" dir="0" index="3" bw="1" slack="0"/>
<pin id="65" dir="0" index="4" bw="1" slack="0"/>
<pin id="66" dir="0" index="5" bw="1" slack="0"/>
<pin id="67" dir="0" index="6" bw="1" slack="0"/>
<pin id="68" dir="0" index="7" bw="1" slack="0"/>
<pin id="69" dir="1" index="8" bw="14" slack="0"/>
</pin_list>
<bind>
<opcode="read(1150) " fcode="read"/>
<opset="empty/1 "/>
</bind>
</comp>

<comp id="78" class="1004" name="write_ln0_write_fu_78">
<pin_list>
<pin id="79" dir="0" index="0" bw="0" slack="0"/>
<pin id="80" dir="0" index="1" bw="1" slack="0"/>
<pin id="81" dir="0" index="2" bw="1" slack="0"/>
<pin id="82" dir="1" index="3" bw="0" slack="2147483647"/>
</pin_list>
<bind>
<opcode="write(1151) " fcode="write"/>
<opset="write_ln0/1 "/>
</bind>
</comp>

<comp id="85" class="1005" name="start_reg_85">
<pin_list>
<pin id="86" dir="0" index="0" bw="1" slack="2147483647"/>
<pin id="87" dir="1" index="1" bw="1" slack="2147483647"/>
</pin_list>
<bind>
<opset="start (phireg) "/>
</bind>
</comp>

<comp id="88" class="1004" name="start_phi_fu_88">
<pin_list>
<pin id="89" dir="0" index="0" bw="1" slack="0"/>
<pin id="90" dir="0" index="1" bw="0" slack="2147483647"/>
<pin id="91" dir="0" index="2" bw="1" slack="0"/>
<pin id="92" dir="0" index="3" bw="0" slack="2147483647"/>
<pin id="93" dir="1" index="4" bw="1" slack="2147483647"/>
</pin_list>
<bind>
<opcode="phi(47) " fcode="phi"/>
<opset="start/1 "/>
</bind>
</comp>

<comp id="95" class="1004" name="store_ln0_store_fu_95">
<pin_list>
<pin id="96" dir="0" index="0" bw="1" slack="0"/>
<pin id="97" dir="0" index="1" bw="8" slack="0"/>
<pin id="98" dir="1" index="2" bw="0" slack="2147483647"/>
</pin_list>
<bind>
<opcode="store(28) " fcode="store"/>
<opset="store_ln0/1 "/>
</bind>
</comp>

<comp id="101" class="1004" name="axi_data_fu_101">
<pin_list>
<pin id="102" dir="0" index="0" bw="14" slack="0"/>
<pin id="103" dir="1" index="1" bw="8" slack="0"/>
</pin_list>
<bind>
<opcode="extractvalue(56) " fcode="extractvalue"/>
<opset="axi_data/1 "/>
</bind>
</comp>

<comp id="105" class="1004" name="axi_user_fu_105">
<pin_list>
<pin id="106" dir="0" index="0" bw="14" slack="0"/>
<pin id="107" dir="1" index="1" bw="1" slack="0"/>
</pin_list>
<bind>
<opcode="extractvalue(56) " fcode="extractvalue"/>
<opset="axi_user/1 "/>
</bind>
</comp>

<comp id="109" class="1004" name="axi_last_7_fu_109">
<pin_list>
<pin id="110" dir="0" index="0" bw="14" slack="0"/>
<pin id="111" dir="1" index="1" bw="1" slack="0"/>
</pin_list>
<bind>
<opcode="extractvalue(56) " fcode="extractvalue"/>
<opset="axi_last_7/1 "/>
</bind>
</comp>

<comp id="113" class="1004" name="store_ln118_store_fu_113">
<pin_list>
<pin id="114" dir="0" index="0" bw="8" slack="0"/>
<pin id="115" dir="0" index="1" bw="8" slack="0"/>
<pin id="116" dir="1" index="2" bw="0" slack="2147483647"/>
</pin_list>
<bind>
<opcode="store(28) " fcode="store"/>
<opset="store_ln118/1 "/>
</bind>
</comp>

<comp id="119" class="1004" name="store_ln118_store_fu_119">
<pin_list>
<pin id="120" dir="0" index="0" bw="1" slack="0"/>
<pin id="121" dir="0" index="1" bw="1" slack="0"/>
<pin id="122" dir="1" index="2" bw="0" slack="2147483647"/>
</pin_list>
<bind>
<opcode="store(28) " fcode="store"/>
<opset="store_ln118/1 "/>
</bind>
</comp>

<comp id="124" class="1004" name="axi_last_load_load_fu_124">
<pin_list>
<pin id="125" dir="0" index="0" bw="1" slack="0"/>
<pin id="126" dir="1" index="1" bw="1" slack="0"/>
</pin_list>
<bind>
<opcode="load(27) " fcode="load"/>
<opset="axi_last_load/1 "/>
</bind>
</comp>

<comp id="128" class="1005" name="axi_last_reg_128">
<pin_list>
<pin id="129" dir="0" index="0" bw="1" slack="0"/>
<pin id="130" dir="1" index="1" bw="1" slack="0"/>
</pin_list>
<bind>
<opset="axi_last "/>
</bind>
</comp>

<comp id="134" class="1005" name="axi_user_reg_134">
<pin_list>
<pin id="135" dir="0" index="0" bw="1" slack="0"/>
<pin id="136" dir="1" index="1" bw="1" slack="0"/>
</pin_list>
<bind>
<opset="axi_user "/>
</bind>
</comp>

</comp_list>

<net_list>
<net id="59"><net_src comp="18" pin="0"/><net_sink comp="56" pin=0"/></net>

<net id="70"><net_src comp="52" pin="0"/><net_sink comp="60" pin=0"/></net>

<net id="71"><net_src comp="0" pin="0"/><net_sink comp="60" pin=1"/></net>

<net id="72"><net_src comp="2" pin="0"/><net_sink comp="60" pin=2"/></net>

<net id="73"><net_src comp="4" pin="0"/><net_sink comp="60" pin=3"/></net>

<net id="74"><net_src comp="6" pin="0"/><net_sink comp="60" pin=4"/></net>

<net id="75"><net_src comp="8" pin="0"/><net_sink comp="60" pin=5"/></net>

<net id="76"><net_src comp="10" pin="0"/><net_sink comp="60" pin=6"/></net>

<net id="77"><net_src comp="12" pin="0"/><net_sink comp="60" pin=7"/></net>

<net id="83"><net_src comp="54" pin="0"/><net_sink comp="78" pin=0"/></net>

<net id="84"><net_src comp="14" pin="0"/><net_sink comp="78" pin=1"/></net>

<net id="94"><net_src comp="38" pin="0"/><net_sink comp="88" pin=2"/></net>

<net id="99"><net_src comp="36" pin="0"/><net_sink comp="95" pin=0"/></net>

<net id="100"><net_src comp="16" pin="0"/><net_sink comp="95" pin=1"/></net>

<net id="104"><net_src comp="60" pin="8"/><net_sink comp="101" pin=0"/></net>

<net id="108"><net_src comp="60" pin="8"/><net_sink comp="105" pin=0"/></net>

<net id="112"><net_src comp="60" pin="8"/><net_sink comp="109" pin=0"/></net>

<net id="117"><net_src comp="101" pin="1"/><net_sink comp="113" pin=0"/></net>

<net id="118"><net_src comp="16" pin="0"/><net_sink comp="113" pin=1"/></net>

<net id="123"><net_src comp="109" pin="1"/><net_sink comp="119" pin=0"/></net>

<net id="127"><net_src comp="124" pin="1"/><net_sink comp="78" pin=2"/></net>

<net id="131"><net_src comp="56" pin="1"/><net_sink comp="128" pin=0"/></net>

<net id="132"><net_src comp="128" pin="1"/><net_sink comp="119" pin=1"/></net>

<net id="133"><net_src comp="128" pin="1"/><net_sink comp="124" pin=0"/></net>

<net id="137"><net_src comp="105" pin="1"/><net_sink comp="134" pin=0"/></net>

<net id="138"><net_src comp="134" pin="1"/><net_sink comp="88" pin=0"/></net>

</net_list>

</model> 
---------------- Datapath Model END ------------------

* FSMD analyzer results:
  - Output states:
	Port: axi_last_out | {1 }
	Port: axi_data_out | {1 }
 - Input state : 
	Port: AXIvideo2xfMat<8, 0, 600, 800, 1, 2>.1_Pipeline_loop_start_hunt : vid_inL_V_data_V | {1 }
	Port: AXIvideo2xfMat<8, 0, 600, 800, 1, 2>.1_Pipeline_loop_start_hunt : vid_inL_V_keep_V | {1 }
	Port: AXIvideo2xfMat<8, 0, 600, 800, 1, 2>.1_Pipeline_loop_start_hunt : vid_inL_V_strb_V | {1 }
	Port: AXIvideo2xfMat<8, 0, 600, 800, 1, 2>.1_Pipeline_loop_start_hunt : vid_inL_V_user_V | {1 }
	Port: AXIvideo2xfMat<8, 0, 600, 800, 1, 2>.1_Pipeline_loop_start_hunt : vid_inL_V_last_V | {1 }
	Port: AXIvideo2xfMat<8, 0, 600, 800, 1, 2>.1_Pipeline_loop_start_hunt : vid_inL_V_id_V | {1 }
	Port: AXIvideo2xfMat<8, 0, 600, 800, 1, 2>.1_Pipeline_loop_start_hunt : vid_inL_V_dest_V | {1 }
  - Chain level:
	State 1
		start : 1
		br_ln118 : 2
		store_ln118 : 1
		store_ln118 : 1
		axi_last_load : 1
		write_ln0 : 2


============================================================
+ Verbose Summary: Datapath Resource usage 
============================================================

* Functional unit list:
|----------|-----------------------|
| Operation|    Functional Unit    |
|----------|-----------------------|
|   read   |    empty_read_fu_60   |
|----------|-----------------------|
|   write  | write_ln0_write_fu_78 |
|----------|-----------------------|
|          |    axi_data_fu_101    |
|extractvalue|    axi_user_fu_105    |
|          |   axi_last_7_fu_109   |
|----------|-----------------------|
|   Total  |                       |
|----------|-----------------------|

Memories:
N/A

* Register list:
+----------------+--------+
|                |   FF   |
+----------------+--------+
|axi_last_reg_128|    1   |
|axi_user_reg_134|    1   |
|  start_reg_85  |    1   |
+----------------+--------+
|      Total     |    3   |
+----------------+--------+

* Multiplexer (MUX) list: 
|--------|------|------|------|--------|
|  Comp  |  Pin | Size |  BW  | S x BW |
|--------|------|------|------|--------|
|  Total |      |      |      |    0   |
|--------|------|------|------|--------|



* Summary:
+-----------+--------+
|           |   FF   |
+-----------+--------+
|  Function |    -   |
|   Memory  |    -   |
|Multiplexer|    -   |
|  Register |    3   |
+-----------+--------+
|   Total   |    3   |
+-----------+--------+
