

================================================================
== Vitis HLS Report for 'xFFindStereoCorrespondenceLBMNO_Loop_VITIS_LOOP_816_1_proc13'
================================================================
* Date:           Tue Jun 24 19:15:07 2025

* Version:        2023.1 (Build 3854077 on May  4 2023)
* Project:        stereolbm_axis_cambm.prj
* Solution:       sol1 (Vivado IP Flow Target)
* Product family: zynq
* Target device:  xc7z020-clg400-1


================================================================
== Performance Estimates
================================================================
+ Timing: 
    * Summary: 
    +--------+----------+----------+------------+
    |  Clock |  Target  | Estimated| Uncertainty|
    +--------+----------+----------+------------+
    |ap_clk  |  10.00 ns|  7.268 ns|     2.70 ns|
    +--------+----------+----------+------------+

+ Latency: 
    * Summary: 
    +---------+---------+-----------+----------+-----+--------+---------+
    |  Latency (cycles) |  Latency (absolute)  |   Interval   | Pipeline|
    |   min   |   max   |    min    |    max   | min |   max  |   Type  |
    +---------+---------+-----------+----------+-----+--------+---------+
    |        6|   480005|  60.000 ns|  4.800 ms|    6|  480005|       no|
    +---------+---------+-----------+----------+-----+--------+---------+

    + Detail: 
        * Instance: 
        N/A

        * Loop: 
        N/A

============================================================
+ Verbose Summary: Synthesis Manager
============================================================
InlineROM: 1
ExposeGlobal: 0
============================================================
+ Verbose Summary: CDFG Model
============================================================
IsTopModel: 0
ResetActiveHigh: 1
IsCombinational: 2
IsDatapathOnly: 0
HasWiredReturn: 1
HasMFsm: 0
HasVarLatency: 1
IsPipeline: 0
IsRtlPipelined: 0
IsInstanceOverlapped: 0
IsDontTouch: 0
HasImplIP: 0
IsGatedGlobalClock: 0


============================================================
+ Verbose Summary: Schedule
============================================================
* Number of FSM states : 4
* Pipeline : 0
* Dataflow Pipeline: 0

* FSM state transitions: 
1 --> 2 
2 --> 3 
3 --> 4 
4 --> 

* FSM state operations: 

State 1 <SV = 0> <Delay = 3.63>
ST_1 : Operation 5 [1/1] (3.63ns)   --->   "%width_read = read i16 @_ssdm_op_Read.ap_fifo.i16P0A, i16 %width"   --->   Operation 5 'read' 'width_read' <Predicate = true> <Delay = 3.63> <CoreInst = "FIFO_SRL">   --->   Core 81 'FIFO_SRL' <Latency = 0> <II = 1> <Delay = 3.63> <Storage> <Opcode : 'read' 'write' 'nbread' 'nbwrite'> <Ports = 0> <Width = 16> <Depth = 2> <FIFO>
ST_1 : Operation 6 [1/1] (3.63ns)   --->   "%height_read = read i16 @_ssdm_op_Read.ap_fifo.i16P0A, i16 %height"   --->   Operation 6 'read' 'height_read' <Predicate = true> <Delay = 3.63> <CoreInst = "FIFO_SRL">   --->   Core 81 'FIFO_SRL' <Latency = 0> <II = 1> <Delay = 3.63> <Storage> <Opcode : 'read' 'write' 'nbread' 'nbwrite'> <Ports = 0> <Width = 16> <Depth = 2> <FIFO>

State 2 <SV = 1> <Delay = 5.58>
ST_2 : Operation 7 [1/1] (0.00ns)   --->   "%conv3 = sext i16 %width_read"   --->   Operation 7 'sext' 'conv3' <Predicate = true> <Delay = 0.00>
ST_2 : Operation 8 [1/1] (0.00ns)   --->   "%conv = sext i16 %height_read"   --->   Operation 8 'sext' 'conv' <Predicate = true> <Delay = 0.00>
ST_2 : Operation 9 [1/1] (5.58ns)   --->   "%mul = mul i32 %conv3, i32 %conv"   --->   Operation 9 'mul' 'mul' <Predicate = true> <Delay = 5.58> <CoreInst = "Multiplier">   --->   Core 3 'Multiplier' <Latency = 0> <II = 1> <Delay = 5.58> <FuncUnit> <Opcode : 'mul'> <InPorts = 2> <OutPorts = 1>
ST_2 : Operation 10 [1/1] (0.00ns)   --->   "%empty = wait i32 @_ssdm_op_Wait"   --->   Operation 10 'wait' 'empty' <Predicate = true> <Delay = 0.00>

State 3 <SV = 2> <Delay = 4.14>
ST_3 : Operation 11 [2/2] (4.14ns)   --->   "%call_ln0 = call void @xFFindStereoCorrespondenceLBMNO_Loop_VITIS_LOOP_816_1_proc13_Pipeline_VITIS_LOOP, i32 %mul, i16 %p_disp_strm, i16 %img_disp16u_data"   --->   Operation 11 'call' 'call_ln0' <Predicate = true> <Delay = 4.14> <CoreType = "Generic">   --->   Core 0 '' <Latency = 0> <II = 1> <Delay = 1.00> <Generic> <Opcode : >

State 4 <SV = 3> <Delay = 0.00>
ST_4 : Operation 12 [1/1] (0.00ns)   --->   "%specinterface_ln0 = specinterface void @_ssdm_op_SpecInterface, i16 %width, void @ap_fifo_str, i32 0, i32 0, void @p_str, i32 0, i32 0, void @p_str, void @p_str, void @p_str, i32 2, i32 2, i32 16, i32 16, void @p_str, void @ScalarProp_str, i32 4294967295, i32 0"   --->   Operation 12 'specinterface' 'specinterface_ln0' <Predicate = true> <Delay = 0.00>
ST_4 : Operation 13 [1/1] (0.00ns)   --->   "%specinterface_ln0 = specinterface void @_ssdm_op_SpecInterface, i16 %height, void @ap_fifo_str, i32 0, i32 0, void @p_str, i32 0, i32 0, void @p_str, void @p_str, void @p_str, i32 2, i32 2, i32 16, i32 16, void @p_str, void @ScalarProp_str, i32 4294967295, i32 0"   --->   Operation 13 'specinterface' 'specinterface_ln0' <Predicate = true> <Delay = 0.00>
ST_4 : Operation 14 [1/1] (0.00ns)   --->   "%specinterface_ln0 = specinterface void @_ssdm_op_SpecInterface, i16 %p_disp_strm, void @empty_7, i32 0, i32 0, void @empty_84, i32 0, i32 0, void @empty_84, void @empty_84, void @empty_84, i32 0, i32 0, i32 0, i32 0, void @empty_84, void @empty_84, i32 4294967295, i32 0"   --->   Operation 14 'specinterface' 'specinterface_ln0' <Predicate = true> <Delay = 0.00>
ST_4 : Operation 15 [1/1] (0.00ns)   --->   "%specinterface_ln0 = specinterface void @_ssdm_op_SpecInterface, i16 %img_disp16u_data, void @empty_7, i32 0, i32 0, void @empty_84, i32 0, i32 0, void @empty_84, void @empty_84, void @empty_84, i32 0, i32 0, i32 0, i32 0, void @empty_84, void @empty_84, i32 4294967295, i32 0"   --->   Operation 15 'specinterface' 'specinterface_ln0' <Predicate = true> <Delay = 0.00>
ST_4 : Operation 16 [1/2] (0.00ns)   --->   "%call_ln0 = call void @xFFindStereoCorrespondenceLBMNO_Loop_VITIS_LOOP_816_1_proc13_Pipeline_VITIS_LOOP, i32 %mul, i16 %p_disp_strm, i16 %img_disp16u_data"   --->   Operation 16 'call' 'call_ln0' <Predicate = true> <Delay = 0.00> <CoreType = "Generic">   --->   Core 0 '' <Latency = 0> <II = 1> <Delay = 1.00> <Generic> <Opcode : >
ST_4 : Operation 17 [1/1] (0.00ns)   --->   "%ret_ln0 = ret"   --->   Operation 17 'ret' 'ret_ln0' <Predicate = true> <Delay = 0.00>


============================================================
+ Verbose Summary: Timing violations
============================================================
Target clock period: 10.000ns, clock uncertainty: 2.700ns.

 <State 1>: 3.634ns
The critical path consists of the following:
	fifo read operation ('width_read') on port 'width' [6]  (3.634 ns)

 <State 2>: 5.580ns
The critical path consists of the following:
	'mul' operation ('mul') [13]  (5.580 ns)

 <State 3>: 4.140ns
The critical path consists of the following:
	'call' operation ('call_ln0') to 'xFFindStereoCorrespondenceLBMNO_Loop_VITIS_LOOP_816_1_proc13_Pipeline_VITIS_LOOP' [15]  (4.140 ns)

 <State 4>: 0.000ns
The critical path consists of the following:


============================================================
+ Verbose Summary: Binding
============================================================
N/A
* FSMD analyzer results:
  - Output states:
 - Input state : 
  - Chain level:
	State 1
	State 2
	State 3
	State 4


============================================================
+ Verbose Summary: Datapath Resource usage 
============================================================
N/A
