

================================================================
== Vitis HLS Report for 'xFImageClip_600_800_1_2_4_0_3_0_800_s'
================================================================
* Date:           Tue Jun 24 19:14:51 2025

* Version:        2023.1 (Build 3854077 on May  4 2023)
* Project:        stereolbm_axis_cambm.prj
* Solution:       sol1 (Vivado IP Flow Target)
* Product family: zynq
* Target device:  xc7z020-clg400-1


================================================================
== Performance Estimates
================================================================
+ Timing: 
    * Summary: 
    +--------+----------+----------+------------+
    |  Clock |  Target  | Estimated| Uncertainty|
    +--------+----------+----------+------------+
    |ap_clk  |  10.00 ns|  7.077 ns|     2.70 ns|
    +--------+----------+----------+------------+

+ Latency: 
    * Summary: 
    +---------+---------+----------+----------+--------+--------+---------+
    |  Latency (cycles) |  Latency (absolute) |     Interval    | Pipeline|
    |   min   |   max   |    min   |    max   |   min  |   max  |   Type  |
    +---------+---------+----------+----------+--------+--------+---------+
    |   484201|   484201|  4.842 ms|  4.842 ms|  484201|  484201|       no|
    +---------+---------+----------+----------+--------+--------+---------+

    + Detail: 
        * Instance: 
        N/A

        * Loop: 
        +-----------------+---------+---------+----------+-----------+-----------+------+----------+
        |                 |  Latency (cycles) | Iteration|  Initiation Interval  | Trip |          |
        |    Loop Name    |   min   |   max   |  Latency |  achieved |   target  | Count| Pipelined|
        +-----------------+---------+---------+----------+-----------+-----------+------+----------+
        |- loop_row_clip  |   484200|   484200|       807|          -|          -|   600|        no|
        +-----------------+---------+---------+----------+-----------+-----------+------+----------+

============================================================
+ Verbose Summary: Synthesis Manager
============================================================
InlineROM: 1
ExposeGlobal: 0
============================================================
+ Verbose Summary: CDFG Model
============================================================
IsTopModel: 0
ResetActiveHigh: 1
IsCombinational: 2
IsDatapathOnly: 0
HasWiredReturn: 1
HasMFsm: 0
HasVarLatency: 1
IsPipeline: 0
IsRtlPipelined: 0
IsInstanceOverlapped: 0
IsDontTouch: 0
HasImplIP: 0
IsGatedGlobalClock: 0


============================================================
+ Verbose Summary: Schedule
============================================================
* Number of FSM states : 3
* Pipeline : 0
* Dataflow Pipeline: 0

* FSM state transitions: 
1 --> 2 
2 --> 3 
3 --> 2 

* FSM state operations: 

State 1 <SV = 0> <Delay = 6.18>
ST_1 : Operation 4 [1/1] (0.00ns)   --->   "%i = alloca i32 1"   --->   Operation 4 'alloca' 'i' <Predicate = true> <Delay = 0.00>
ST_1 : Operation 5 [1/1] (0.00ns)   --->   "%specinterface_ln0 = specinterface void @_ssdm_op_SpecInterface, i16 %width, void @ap_fifo_str, i32 0, i32 0, void @p_str, i32 0, i32 0, void @p_str, void @p_str, void @p_str, i32 2, i32 2, i32 16, i32 16, void @p_str, void @ScalarProp_str, i32 4294967295, i32 0"   --->   Operation 5 'specinterface' 'specinterface_ln0' <Predicate = true> <Delay = 0.00>
ST_1 : Operation 6 [1/1] (3.63ns)   --->   "%width_read = read i16 @_ssdm_op_Read.ap_fifo.i16P0A, i16 %width"   --->   Operation 6 'read' 'width_read' <Predicate = true> <Delay = 3.63> <CoreInst = "FIFO_SRL">   --->   Core 81 'FIFO_SRL' <Latency = 0> <II = 1> <Delay = 3.63> <Storage> <Opcode : 'read' 'write' 'nbread' 'nbwrite'> <Ports = 0> <Width = 16> <Depth = 3> <FIFO>
ST_1 : Operation 7 [1/1] (0.00ns)   --->   "%specinterface_ln0 = specinterface void @_ssdm_op_SpecInterface, i16 %height, void @ap_fifo_str, i32 0, i32 0, void @p_str, i32 0, i32 0, void @p_str, void @p_str, void @p_str, i32 2, i32 2, i32 16, i32 16, void @p_str, void @ScalarProp_str, i32 4294967295, i32 0"   --->   Operation 7 'specinterface' 'specinterface_ln0' <Predicate = true> <Delay = 0.00>
ST_1 : Operation 8 [1/1] (3.63ns)   --->   "%height_read = read i16 @_ssdm_op_Read.ap_fifo.i16P0A, i16 %height"   --->   Operation 8 'read' 'height_read' <Predicate = true> <Delay = 3.63> <CoreInst = "FIFO_SRL">   --->   Core 81 'FIFO_SRL' <Latency = 0> <II = 1> <Delay = 3.63> <Storage> <Opcode : 'read' 'write' 'nbread' 'nbwrite'> <Ports = 0> <Width = 16> <Depth = 3> <FIFO>
ST_1 : Operation 9 [1/1] (0.00ns)   --->   "%specinterface_ln0 = specinterface void @_ssdm_op_SpecInterface, i32 %sbmstate_preFilterCap, void @ap_fifo_str, i32 0, i32 0, void @p_str, i32 0, i32 0, void @p_str, void @p_str, void @p_str, i32 2, i32 2, i32 16, i32 16, void @p_str, void @ScalarProp_str, i32 4294967295, i32 0"   --->   Operation 9 'specinterface' 'specinterface_ln0' <Predicate = true> <Delay = 0.00>
ST_1 : Operation 10 [1/1] (3.63ns)   --->   "%sbmstate_preFilterCap_read = read i32 @_ssdm_op_Read.ap_fifo.i32P0A, i32 %sbmstate_preFilterCap"   --->   Operation 10 'read' 'sbmstate_preFilterCap_read' <Predicate = true> <Delay = 3.63> <CoreInst = "FIFO_SRL">   --->   Core 81 'FIFO_SRL' <Latency = 0> <II = 1> <Delay = 3.63> <Storage> <Opcode : 'read' 'write' 'nbread' 'nbwrite'> <Ports = 0> <Width = 32> <Depth = 3> <FIFO>
ST_1 : Operation 11 [1/1] (0.00ns)   --->   "%specinterface_ln0 = specinterface void @_ssdm_op_SpecInterface, i8 %right_clipped, void @empty_7, i32 0, i32 0, void @empty_84, i32 0, i32 0, void @empty_84, void @empty_84, void @empty_84, i32 0, i32 0, i32 0, i32 0, void @empty_84, void @empty_84, i32 4294967295, i32 0"   --->   Operation 11 'specinterface' 'specinterface_ln0' <Predicate = true> <Delay = 0.00>
ST_1 : Operation 12 [1/1] (0.00ns)   --->   "%specinterface_ln0 = specinterface void @_ssdm_op_SpecInterface, i16 %in_sobel_x_data_1, void @empty_7, i32 0, i32 0, void @empty_84, i32 0, i32 0, void @empty_84, void @empty_84, void @empty_84, i32 0, i32 0, i32 0, i32 0, void @empty_84, void @empty_84, i32 4294967295, i32 0"   --->   Operation 12 'specinterface' 'specinterface_ln0' <Predicate = true> <Delay = 0.00>
ST_1 : Operation 13 [1/1] (2.55ns)   --->   "%sub25_i = sub i32 0, i32 %sbmstate_preFilterCap_read"   --->   Operation 13 'sub' 'sub25_i' <Predicate = true> <Delay = 2.55> <CoreInst = "Adder">   --->   Core 1 'Adder' <Latency = 0> <II = 1> <Delay = 2.55> <FuncUnit> <Opcode : 'add' 'sub'> <InPorts = 2> <OutPorts = 1>
ST_1 : Operation 14 [1/1] (0.00ns)   --->   "%empty = trunc i32 %sbmstate_preFilterCap_read"   --->   Operation 14 'trunc' 'empty' <Predicate = true> <Delay = 0.00>
ST_1 : Operation 15 [1/1] (1.58ns)   --->   "%store_ln623 = store i15 0, i15 %i" [C:/Xilinx/Vitis_Libraries/vision/L1/include\imgproc/xf_stereolbm.hpp:623->C:/Xilinx/Vitis_Libraries/vision/L1/include\imgproc/xf_stereolbm.hpp:701->C:/Xilinx/Vitis_Libraries/vision/L1/include\imgproc/xf_stereolbm.hpp:808]   --->   Operation 15 'store' 'store_ln623' <Predicate = true> <Delay = 1.58>
ST_1 : Operation 16 [1/1] (0.00ns)   --->   "%br_ln623 = br void %loop_col_clip.i" [C:/Xilinx/Vitis_Libraries/vision/L1/include\imgproc/xf_stereolbm.hpp:623->C:/Xilinx/Vitis_Libraries/vision/L1/include\imgproc/xf_stereolbm.hpp:701->C:/Xilinx/Vitis_Libraries/vision/L1/include\imgproc/xf_stereolbm.hpp:808]   --->   Operation 16 'br' 'br_ln623' <Predicate = true> <Delay = 0.00>

State 2 <SV = 1> <Delay = 5.74>
ST_2 : Operation 17 [1/1] (0.00ns)   --->   "%i_12 = load i15 %i" [C:/Xilinx/Vitis_Libraries/vision/L1/include\imgproc/xf_stereolbm.hpp:623->C:/Xilinx/Vitis_Libraries/vision/L1/include\imgproc/xf_stereolbm.hpp:701->C:/Xilinx/Vitis_Libraries/vision/L1/include\imgproc/xf_stereolbm.hpp:808]   --->   Operation 17 'load' 'i_12' <Predicate = true> <Delay = 0.00>
ST_2 : Operation 18 [1/1] (0.00ns)   --->   "%zext_ln623 = zext i15 %i_12" [C:/Xilinx/Vitis_Libraries/vision/L1/include\imgproc/xf_stereolbm.hpp:623->C:/Xilinx/Vitis_Libraries/vision/L1/include\imgproc/xf_stereolbm.hpp:701->C:/Xilinx/Vitis_Libraries/vision/L1/include\imgproc/xf_stereolbm.hpp:808]   --->   Operation 18 'zext' 'zext_ln623' <Predicate = true> <Delay = 0.00>
ST_2 : Operation 19 [1/1] (2.07ns)   --->   "%icmp_ln623 = icmp_slt  i16 %zext_ln623, i16 %height_read" [C:/Xilinx/Vitis_Libraries/vision/L1/include\imgproc/xf_stereolbm.hpp:623->C:/Xilinx/Vitis_Libraries/vision/L1/include\imgproc/xf_stereolbm.hpp:701->C:/Xilinx/Vitis_Libraries/vision/L1/include\imgproc/xf_stereolbm.hpp:808]   --->   Operation 19 'icmp' 'icmp_ln623' <Predicate = true> <Delay = 2.07> <CoreInst = "Cmp">   --->   Core 9 'Cmp' <Latency = 0> <II = 1> <Delay = 2.07> <FuncUnit> <Opcode : 'icmp'> <InPorts = 2> <OutPorts = 1>
ST_2 : Operation 20 [1/1] (1.94ns)   --->   "%add_ln623 = add i15 %i_12, i15 1" [C:/Xilinx/Vitis_Libraries/vision/L1/include\imgproc/xf_stereolbm.hpp:623->C:/Xilinx/Vitis_Libraries/vision/L1/include\imgproc/xf_stereolbm.hpp:701->C:/Xilinx/Vitis_Libraries/vision/L1/include\imgproc/xf_stereolbm.hpp:808]   --->   Operation 20 'add' 'add_ln623' <Predicate = true> <Delay = 1.94> <CoreInst = "Adder">   --->   Core 1 'Adder' <Latency = 0> <II = 1> <Delay = 1.94> <FuncUnit> <Opcode : 'add' 'sub'> <InPorts = 2> <OutPorts = 1>
ST_2 : Operation 21 [1/1] (0.00ns)   --->   "%br_ln623 = br i1 %icmp_ln623, void %xFImageClip<600, 800, 1, 2, 4, 0, 3, 0, 800>.exit, void %loop_col_clip.split.i" [C:/Xilinx/Vitis_Libraries/vision/L1/include\imgproc/xf_stereolbm.hpp:623->C:/Xilinx/Vitis_Libraries/vision/L1/include\imgproc/xf_stereolbm.hpp:701->C:/Xilinx/Vitis_Libraries/vision/L1/include\imgproc/xf_stereolbm.hpp:808]   --->   Operation 21 'br' 'br_ln623' <Predicate = true> <Delay = 0.00>
ST_2 : Operation 22 [1/1] (0.00ns)   --->   "%empty_158 = wait i32 @_ssdm_op_Wait"   --->   Operation 22 'wait' 'empty_158' <Predicate = (icmp_ln623)> <Delay = 0.00>
ST_2 : Operation 23 [2/2] (3.66ns)   --->   "%call_ln623 = call void @xFImageClip<600, 800, 1, 2, 4, 0, 3, 0, 800>_Pipeline_loop_col_clip, i16 %width_read, i16 %in_sobel_x_data_1, i15 %i_12, i16 %height_read, i32 %sub25_i, i32 %sbmstate_preFilterCap_read, i8 %empty, i8 %right_clipped" [C:/Xilinx/Vitis_Libraries/vision/L1/include\imgproc/xf_stereolbm.hpp:623->C:/Xilinx/Vitis_Libraries/vision/L1/include\imgproc/xf_stereolbm.hpp:701->C:/Xilinx/Vitis_Libraries/vision/L1/include\imgproc/xf_stereolbm.hpp:808]   --->   Operation 23 'call' 'call_ln623' <Predicate = (icmp_ln623)> <Delay = 3.66> <CoreType = "Generic">   --->   Core 0 '' <Latency = 0> <II = 1> <Delay = 1.00> <Generic> <Opcode : >
ST_2 : Operation 24 [1/1] (1.58ns)   --->   "%store_ln623 = store i15 %add_ln623, i15 %i" [C:/Xilinx/Vitis_Libraries/vision/L1/include\imgproc/xf_stereolbm.hpp:623->C:/Xilinx/Vitis_Libraries/vision/L1/include\imgproc/xf_stereolbm.hpp:701->C:/Xilinx/Vitis_Libraries/vision/L1/include\imgproc/xf_stereolbm.hpp:808]   --->   Operation 24 'store' 'store_ln623' <Predicate = (icmp_ln623)> <Delay = 1.58>
ST_2 : Operation 25 [1/1] (0.00ns)   --->   "%ret_ln701 = ret" [C:/Xilinx/Vitis_Libraries/vision/L1/include\imgproc/xf_stereolbm.hpp:701->C:/Xilinx/Vitis_Libraries/vision/L1/include\imgproc/xf_stereolbm.hpp:808]   --->   Operation 25 'ret' 'ret_ln701' <Predicate = (!icmp_ln623)> <Delay = 0.00>

State 3 <SV = 2> <Delay = 0.00>
ST_3 : Operation 26 [1/1] (0.00ns)   --->   "%speclooptripcount_ln625 = speclooptripcount void @_ssdm_op_SpecLoopTripCount, i64 600, i64 600, i64 600" [C:/Xilinx/Vitis_Libraries/vision/L1/include\imgproc/xf_stereolbm.hpp:625->C:/Xilinx/Vitis_Libraries/vision/L1/include\imgproc/xf_stereolbm.hpp:701->C:/Xilinx/Vitis_Libraries/vision/L1/include\imgproc/xf_stereolbm.hpp:808]   --->   Operation 26 'speclooptripcount' 'speclooptripcount_ln625' <Predicate = true> <Delay = 0.00>
ST_3 : Operation 27 [1/1] (0.00ns)   --->   "%specloopname_ln623 = specloopname void @_ssdm_op_SpecLoopName, void @empty_30" [C:/Xilinx/Vitis_Libraries/vision/L1/include\imgproc/xf_stereolbm.hpp:623->C:/Xilinx/Vitis_Libraries/vision/L1/include\imgproc/xf_stereolbm.hpp:701->C:/Xilinx/Vitis_Libraries/vision/L1/include\imgproc/xf_stereolbm.hpp:808]   --->   Operation 27 'specloopname' 'specloopname_ln623' <Predicate = true> <Delay = 0.00>
ST_3 : Operation 28 [1/2] (0.00ns)   --->   "%call_ln623 = call void @xFImageClip<600, 800, 1, 2, 4, 0, 3, 0, 800>_Pipeline_loop_col_clip, i16 %width_read, i16 %in_sobel_x_data_1, i15 %i_12, i16 %height_read, i32 %sub25_i, i32 %sbmstate_preFilterCap_read, i8 %empty, i8 %right_clipped" [C:/Xilinx/Vitis_Libraries/vision/L1/include\imgproc/xf_stereolbm.hpp:623->C:/Xilinx/Vitis_Libraries/vision/L1/include\imgproc/xf_stereolbm.hpp:701->C:/Xilinx/Vitis_Libraries/vision/L1/include\imgproc/xf_stereolbm.hpp:808]   --->   Operation 28 'call' 'call_ln623' <Predicate = true> <Delay = 0.00> <CoreType = "Generic">   --->   Core 0 '' <Latency = 0> <II = 1> <Delay = 1.00> <Generic> <Opcode : >
ST_3 : Operation 29 [1/1] (0.00ns)   --->   "%br_ln623 = br void %loop_col_clip.i" [C:/Xilinx/Vitis_Libraries/vision/L1/include\imgproc/xf_stereolbm.hpp:623->C:/Xilinx/Vitis_Libraries/vision/L1/include\imgproc/xf_stereolbm.hpp:701->C:/Xilinx/Vitis_Libraries/vision/L1/include\imgproc/xf_stereolbm.hpp:808]   --->   Operation 29 'br' 'br_ln623' <Predicate = true> <Delay = 0.00>


============================================================
+ Verbose Summary: Timing violations
============================================================
Target clock period: 10.000ns, clock uncertainty: 2.700ns.

 <State 1>: 6.186ns
The critical path consists of the following:
	fifo read operation ('sbmstate_preFilterCap_read') on port 'sbmstate_preFilterCap' [12]  (3.634 ns)
	'sub' operation ('sub25_i') [15]  (2.552 ns)

 <State 2>: 5.742ns
The critical path consists of the following:
	'load' operation ('i', C:/Xilinx/Vitis_Libraries/vision/L1/include\imgproc/xf_stereolbm.hpp:623->C:/Xilinx/Vitis_Libraries/vision/L1/include\imgproc/xf_stereolbm.hpp:701->C:/Xilinx/Vitis_Libraries/vision/L1/include\imgproc/xf_stereolbm.hpp:808) on local variable 'i' [20]  (0.000 ns)
	'call' operation ('call_ln623', C:/Xilinx/Vitis_Libraries/vision/L1/include\imgproc/xf_stereolbm.hpp:623->C:/Xilinx/Vitis_Libraries/vision/L1/include\imgproc/xf_stereolbm.hpp:701->C:/Xilinx/Vitis_Libraries/vision/L1/include\imgproc/xf_stereolbm.hpp:808) to 'xFImageClip<600, 800, 1, 2, 4, 0, 3, 0, 800>_Pipeline_loop_col_clip' [29]  (3.665 ns)
	blocking operation 2.077 ns on control path)

 <State 3>: 0.000ns
The critical path consists of the following:


============================================================
+ Verbose Summary: Binding
============================================================
N/A
* FSMD analyzer results:
  - Output states:
 - Input state : 
  - Chain level:
	State 1
	State 2
	State 3


============================================================
+ Verbose Summary: Datapath Resource usage 
============================================================
N/A
