

================================================================
== Vitis HLS Report for 'xFInitUndistortRectifyMapInverseKernel_Pipeline_VITIS_LOOP_171_1'
================================================================
* Date:           Tue Jun 24 19:15:16 2025

* Version:        2023.1 (Build 3854077 on May  4 2023)
* Project:        stereolbm_axis_cambm.prj
* Solution:       sol1 (Vivado IP Flow Target)
* Product family: zynq
* Target device:  xc7z020-clg400-1


================================================================
== Performance Estimates
================================================================
+ Timing: 
    * Summary: 
    +--------+----------+----------+------------+
    |  Clock |  Target  | Estimated| Uncertainty|
    +--------+----------+----------+------------+
    |ap_clk  |  10.00 ns|  3.323 ns|     2.70 ns|
    +--------+----------+----------+------------+

+ Latency: 
    * Summary: 
    +---------+---------+----------+----------+-----+-----+---------+
    |  Latency (cycles) |  Latency (absolute) |  Interval | Pipeline|
    |   min   |   max   |    min   |    max   | min | max |   Type  |
    +---------+---------+----------+----------+-----+-----+---------+
    |       11|       11|  0.110 us|  0.110 us|   11|   11|       no|
    +---------+---------+----------+----------+-----+-----+---------+

    + Detail: 
        * Instance: 
        N/A

        * Loop: 
        +--------------------+---------+---------+----------+-----------+-----------+------+----------+
        |                    |  Latency (cycles) | Iteration|  Initiation Interval  | Trip |          |
        |      Loop Name     |   min   |   max   |  Latency |  achieved |   target  | Count| Pipelined|
        +--------------------+---------+---------+----------+-----------+-----------+------+----------+
        |- VITIS_LOOP_171_1  |        9|        9|         2|          1|          1|     9|       yes|
        +--------------------+---------+---------+----------+-----------+-----------+------+----------+



================================================================
== Utilization Estimates
================================================================
* Summary: 
+-----------------+---------+-----+--------+-------+-----+
|       Name      | BRAM_18K| DSP |   FF   |  LUT  | URAM|
+-----------------+---------+-----+--------+-------+-----+
|DSP              |        -|    -|       -|      -|    -|
|Expression       |        -|    -|       0|     28|    -|
|FIFO             |        -|    -|       -|      -|    -|
|Instance         |        -|    -|       -|      -|    -|
|Memory           |        -|    -|       -|      -|    -|
|Multiplexer      |        -|    -|       -|     36|    -|
|Register         |        -|    -|     427|      -|    -|
+-----------------+---------+-----+--------+-------+-----+
|Total            |        0|    0|     427|     64|    0|
+-----------------+---------+-----+--------+-------+-----+
|Available        |      280|  220|  106400|  53200|    0|
+-----------------+---------+-----+--------+-------+-----+
|Utilization (%)  |        0|    0|      ~0|     ~0|    0|
+-----------------+---------+-----+--------+-------+-----+

+ Detail: 
    * Instance: 
    N/A

    * DSP: 
    N/A

    * Memory: 
    N/A

    * FIFO: 
    N/A

    * Expression: 
    +----------------------+----------+----+---+----+------------+------------+
    |     Variable Name    | Operation| DSP| FF| LUT| Bitwidth P0| Bitwidth P1|
    +----------------------+----------+----+---+----+------------+------------+
    |add_ln171_fu_255_p2   |         +|   0|  0|  13|           4|           1|
    |icmp_ln171_fu_249_p2  |      icmp|   0|  0|  13|           4|           4|
    |ap_enable_pp0         |       xor|   0|  0|   2|           1|           2|
    +----------------------+----------+----+---+----+------------+------------+
    |Total                 |          |   0|  0|  28|           9|           7|
    +----------------------+----------+----+---+----+------------+------------+

    * Multiplexer: 
    +-------------------------+----+-----------+-----+-----------+
    |           Name          | LUT| Input Size| Bits| Total Bits|
    +-------------------------+----+-----------+-----+-----------+
    |ap_done_int              |   9|          2|    1|          2|
    |ap_enable_reg_pp0_iter1  |   9|          2|    1|          2|
    |ap_sig_allocacmp_i_10    |   9|          2|    4|          8|
    |i_fu_68                  |   9|          2|    4|          8|
    +-------------------------+----+-----------+-----+-----------+
    |Total                    |  36|          8|   10|         20|
    +-------------------------+----+-----------+-----+-----------+

    * Register: 
    +-------------------------------+----+----+-----+-----------+
    |              Name             | FF | LUT| Bits| Const Bits|
    +-------------------------------+----+----+-----+-----------+
    |ap_CS_fsm                      |   1|   0|    1|          0|
    |ap_done_reg                    |   1|   0|    1|          0|
    |ap_enable_reg_pp0_iter1        |   1|   0|    1|          0|
    |cameraMatrixHLS_1_fu_80        |  32|   0|   32|          0|
    |cameraMatrixHLS_2_fu_88        |  32|   0|   32|          0|
    |cameraMatrixHLS_3_fu_100       |  32|   0|   32|          0|
    |cameraMatrixHLS_4_fu_112       |  32|   0|   32|          0|
    |iRnewCameraMatrixHLS_1_fu_76   |  32|   0|   32|          0|
    |iRnewCameraMatrixHLS_2_fu_84   |  32|   0|   32|          0|
    |iRnewCameraMatrixHLS_3_fu_92   |  32|   0|   32|          0|
    |iRnewCameraMatrixHLS_4_fu_96   |  32|   0|   32|          0|
    |iRnewCameraMatrixHLS_5_fu_104  |  32|   0|   32|          0|
    |iRnewCameraMatrixHLS_6_fu_108  |  32|   0|   32|          0|
    |iRnewCameraMatrixHLS_7_fu_116  |  32|   0|   32|          0|
    |iRnewCameraMatrixHLS_8_fu_120  |  32|   0|   32|          0|
    |iRnewCameraMatrixHLS_fu_72     |  32|   0|   32|          0|
    |i_10_reg_474                   |   4|   0|    4|          0|
    |i_fu_68                        |   4|   0|    4|          0|
    +-------------------------------+----+----+-----+-----------+
    |Total                          | 427|   0|  427|          0|
    +-------------------------------+----+----+-----+-----------+



================================================================
== Interface
================================================================
* Summary: 
+-------------------------+-----+-----+------------+------------------------------------------------------------------+--------------+
|        RTL Ports        | Dir | Bits|  Protocol  |                           Source Object                          |    C Type    |
+-------------------------+-----+-----+------------+------------------------------------------------------------------+--------------+
|ap_clk                   |   in|    1|  ap_ctrl_hs|  xFInitUndistortRectifyMapInverseKernel_Pipeline_VITIS_LOOP_171_1|  return value|
|ap_rst                   |   in|    1|  ap_ctrl_hs|  xFInitUndistortRectifyMapInverseKernel_Pipeline_VITIS_LOOP_171_1|  return value|
|ap_start                 |   in|    1|  ap_ctrl_hs|  xFInitUndistortRectifyMapInverseKernel_Pipeline_VITIS_LOOP_171_1|  return value|
|ap_done                  |  out|    1|  ap_ctrl_hs|  xFInitUndistortRectifyMapInverseKernel_Pipeline_VITIS_LOOP_171_1|  return value|
|ap_idle                  |  out|    1|  ap_ctrl_hs|  xFInitUndistortRectifyMapInverseKernel_Pipeline_VITIS_LOOP_171_1|  return value|
|ap_ready                 |  out|    1|  ap_ctrl_hs|  xFInitUndistortRectifyMapInverseKernel_Pipeline_VITIS_LOOP_171_1|  return value|
|cameraMatrix_address0    |  out|    4|   ap_memory|                                                      cameraMatrix|         array|
|cameraMatrix_ce0         |  out|    1|   ap_memory|                                                      cameraMatrix|         array|
|cameraMatrix_q0          |   in|   32|   ap_memory|                                                      cameraMatrix|         array|
|ir_address0              |  out|    4|   ap_memory|                                                                ir|         array|
|ir_ce0                   |  out|    1|   ap_memory|                                                                ir|         array|
|ir_q0                    |   in|   32|   ap_memory|                                                                ir|         array|
|p_0_0_010442_out         |  out|   32|      ap_vld|                                                  p_0_0_010442_out|       pointer|
|p_0_0_010442_out_ap_vld  |  out|    1|      ap_vld|                                                  p_0_0_010442_out|       pointer|
|p_0_0_010440_out         |  out|   32|      ap_vld|                                                  p_0_0_010440_out|       pointer|
|p_0_0_010440_out_ap_vld  |  out|    1|      ap_vld|                                                  p_0_0_010440_out|       pointer|
|p_0_0_010538_out         |  out|   32|      ap_vld|                                                  p_0_0_010538_out|       pointer|
|p_0_0_010538_out_ap_vld  |  out|    1|      ap_vld|                                                  p_0_0_010538_out|       pointer|
|p_0_0_010436_out         |  out|   32|      ap_vld|                                                  p_0_0_010436_out|       pointer|
|p_0_0_010436_out_ap_vld  |  out|    1|      ap_vld|                                                  p_0_0_010436_out|       pointer|
|p_0_0_010434_out         |  out|   32|      ap_vld|                                                  p_0_0_010434_out|       pointer|
|p_0_0_010434_out_ap_vld  |  out|    1|      ap_vld|                                                  p_0_0_010434_out|       pointer|
|p_0_0_010532_out         |  out|   32|      ap_vld|                                                  p_0_0_010532_out|       pointer|
|p_0_0_010532_out_ap_vld  |  out|    1|      ap_vld|                                                  p_0_0_010532_out|       pointer|
|p_0_0_010430_out         |  out|   32|      ap_vld|                                                  p_0_0_010430_out|       pointer|
|p_0_0_010430_out_ap_vld  |  out|    1|      ap_vld|                                                  p_0_0_010430_out|       pointer|
|p_0_0_010428_out         |  out|   32|      ap_vld|                                                  p_0_0_010428_out|       pointer|
|p_0_0_010428_out_ap_vld  |  out|    1|      ap_vld|                                                  p_0_0_010428_out|       pointer|
|p_0_0_010526_out         |  out|   32|      ap_vld|                                                  p_0_0_010526_out|       pointer|
|p_0_0_010526_out_ap_vld  |  out|    1|      ap_vld|                                                  p_0_0_010526_out|       pointer|
|p_0_0_010424_out         |  out|   32|      ap_vld|                                                  p_0_0_010424_out|       pointer|
|p_0_0_010424_out_ap_vld  |  out|    1|      ap_vld|                                                  p_0_0_010424_out|       pointer|
|p_0_0_010522_out         |  out|   32|      ap_vld|                                                  p_0_0_010522_out|       pointer|
|p_0_0_010522_out_ap_vld  |  out|    1|      ap_vld|                                                  p_0_0_010522_out|       pointer|
|p_0_0_010420_out         |  out|   32|      ap_vld|                                                  p_0_0_010420_out|       pointer|
|p_0_0_010420_out_ap_vld  |  out|    1|      ap_vld|                                                  p_0_0_010420_out|       pointer|
|p_0_0_010418_out         |  out|   32|      ap_vld|                                                  p_0_0_010418_out|       pointer|
|p_0_0_010418_out_ap_vld  |  out|    1|      ap_vld|                                                  p_0_0_010418_out|       pointer|
+-------------------------+-----+-----+------------+------------------------------------------------------------------+--------------+

============================================================
+ Verbose Summary: Synthesis Manager
============================================================
InlineROM: 1
ExposeGlobal: 0
============================================================
+ Verbose Summary: CDFG Model
============================================================
IsTopModel: 0
ResetActiveHigh: 1
IsCombinational: 2
IsDatapathOnly: 2
HasWiredReturn: 1
HasMFsm: 2
HasVarLatency: 1
IsPipeline: 0
IsRtlPipelined: 0
IsInstanceOverlapped: 0
IsDontTouch: 0
HasImplIP: 0
IsGatedGlobalClock: 0

+ Individual pipeline summary: 
  * Pipeline-0: initiation interval (II) = 1, depth = 2


============================================================
+ Verbose Summary: Schedule
============================================================
* Number of FSM states : 2
* Pipeline : 1
  Pipeline-0 : II = 1, D = 2, States = { 1 2 }
* Dataflow Pipeline: 0

* FSM state transitions: 
1 --> 2 
2 --> 

* FSM state operations: 

State 1 <SV = 0> <Delay = 3.32>
ST_1 : Operation 5 [1/1] (0.00ns)   --->   "%i = alloca i32 1"   --->   Operation 5 'alloca' 'i' <Predicate = true> <Delay = 0.00>
ST_1 : Operation 6 [1/1] (0.00ns)   --->   "%iRnewCameraMatrixHLS = alloca i32 1"   --->   Operation 6 'alloca' 'iRnewCameraMatrixHLS' <Predicate = true> <Delay = 0.00>
ST_1 : Operation 7 [1/1] (0.00ns)   --->   "%iRnewCameraMatrixHLS_1 = alloca i32 1"   --->   Operation 7 'alloca' 'iRnewCameraMatrixHLS_1' <Predicate = true> <Delay = 0.00>
ST_1 : Operation 8 [1/1] (0.00ns)   --->   "%cameraMatrixHLS_1 = alloca i32 1"   --->   Operation 8 'alloca' 'cameraMatrixHLS_1' <Predicate = true> <Delay = 0.00>
ST_1 : Operation 9 [1/1] (0.00ns)   --->   "%iRnewCameraMatrixHLS_2 = alloca i32 1"   --->   Operation 9 'alloca' 'iRnewCameraMatrixHLS_2' <Predicate = true> <Delay = 0.00>
ST_1 : Operation 10 [1/1] (0.00ns)   --->   "%cameraMatrixHLS_2 = alloca i32 1"   --->   Operation 10 'alloca' 'cameraMatrixHLS_2' <Predicate = true> <Delay = 0.00>
ST_1 : Operation 11 [1/1] (0.00ns)   --->   "%iRnewCameraMatrixHLS_3 = alloca i32 1"   --->   Operation 11 'alloca' 'iRnewCameraMatrixHLS_3' <Predicate = true> <Delay = 0.00>
ST_1 : Operation 12 [1/1] (0.00ns)   --->   "%iRnewCameraMatrixHLS_4 = alloca i32 1"   --->   Operation 12 'alloca' 'iRnewCameraMatrixHLS_4' <Predicate = true> <Delay = 0.00>
ST_1 : Operation 13 [1/1] (0.00ns)   --->   "%cameraMatrixHLS_3 = alloca i32 1"   --->   Operation 13 'alloca' 'cameraMatrixHLS_3' <Predicate = true> <Delay = 0.00>
ST_1 : Operation 14 [1/1] (0.00ns)   --->   "%iRnewCameraMatrixHLS_5 = alloca i32 1"   --->   Operation 14 'alloca' 'iRnewCameraMatrixHLS_5' <Predicate = true> <Delay = 0.00>
ST_1 : Operation 15 [1/1] (0.00ns)   --->   "%iRnewCameraMatrixHLS_6 = alloca i32 1"   --->   Operation 15 'alloca' 'iRnewCameraMatrixHLS_6' <Predicate = true> <Delay = 0.00>
ST_1 : Operation 16 [1/1] (0.00ns)   --->   "%cameraMatrixHLS_4 = alloca i32 1"   --->   Operation 16 'alloca' 'cameraMatrixHLS_4' <Predicate = true> <Delay = 0.00>
ST_1 : Operation 17 [1/1] (0.00ns)   --->   "%iRnewCameraMatrixHLS_7 = alloca i32 1"   --->   Operation 17 'alloca' 'iRnewCameraMatrixHLS_7' <Predicate = true> <Delay = 0.00>
ST_1 : Operation 18 [1/1] (0.00ns)   --->   "%iRnewCameraMatrixHLS_8 = alloca i32 1"   --->   Operation 18 'alloca' 'iRnewCameraMatrixHLS_8' <Predicate = true> <Delay = 0.00>
ST_1 : Operation 19 [1/1] (1.58ns)   --->   "%store_ln0 = store i4 0, i4 %i"   --->   Operation 19 'store' 'store_ln0' <Predicate = true> <Delay = 1.58>
ST_1 : Operation 20 [1/1] (0.00ns)   --->   "%br_ln0 = br void %for.inc"   --->   Operation 20 'br' 'br_ln0' <Predicate = true> <Delay = 0.00>
ST_1 : Operation 21 [1/1] (0.00ns)   --->   "%i_10 = load i4 %i" [C:/Xilinx/Vitis_Libraries/vision/L1/include\imgproc/xf_stereo_pipeline.hpp:171]   --->   Operation 21 'load' 'i_10' <Predicate = true> <Delay = 0.00>
ST_1 : Operation 22 [1/1] (1.73ns)   --->   "%icmp_ln171 = icmp_eq  i4 %i_10, i4 9" [C:/Xilinx/Vitis_Libraries/vision/L1/include\imgproc/xf_stereo_pipeline.hpp:171]   --->   Operation 22 'icmp' 'icmp_ln171' <Predicate = true> <Delay = 1.73> <CoreInst = "Cmp">   --->   Core 9 'Cmp' <Latency = 0> <II = 1> <Delay = 1.73> <FuncUnit> <Opcode : 'icmp'> <InPorts = 2> <OutPorts = 1>
ST_1 : Operation 23 [1/1] (1.73ns)   --->   "%add_ln171 = add i4 %i_10, i4 1" [C:/Xilinx/Vitis_Libraries/vision/L1/include\imgproc/xf_stereo_pipeline.hpp:171]   --->   Operation 23 'add' 'add_ln171' <Predicate = true> <Delay = 1.73> <CoreInst = "Adder">   --->   Core 1 'Adder' <Latency = 0> <II = 1> <Delay = 1.73> <FuncUnit> <Opcode : 'add' 'sub'> <InPorts = 2> <OutPorts = 1>
ST_1 : Operation 24 [1/1] (0.00ns)   --->   "%br_ln171 = br i1 %icmp_ln171, void %for.inc.split, void %for.inc32.preheader.exitStub" [C:/Xilinx/Vitis_Libraries/vision/L1/include\imgproc/xf_stereo_pipeline.hpp:171]   --->   Operation 24 'br' 'br_ln171' <Predicate = true> <Delay = 0.00>
ST_1 : Operation 25 [1/1] (0.00ns)   --->   "%zext_ln171 = zext i4 %i_10" [C:/Xilinx/Vitis_Libraries/vision/L1/include\imgproc/xf_stereo_pipeline.hpp:171]   --->   Operation 25 'zext' 'zext_ln171' <Predicate = (!icmp_ln171)> <Delay = 0.00>
ST_1 : Operation 26 [1/1] (0.00ns)   --->   "%cameraMatrix_addr = getelementptr i32 %cameraMatrix, i64 0, i64 %zext_ln171" [C:/Xilinx/Vitis_Libraries/vision/L1/include\imgproc/xf_stereo_pipeline.hpp:175]   --->   Operation 26 'getelementptr' 'cameraMatrix_addr' <Predicate = (!icmp_ln171)> <Delay = 0.00>
ST_1 : Operation 27 [2/2] (2.32ns)   --->   "%cameraMatrixHLS = load i4 %cameraMatrix_addr" [C:/Xilinx/Vitis_Libraries/vision/L1/include\imgproc/xf_stereo_pipeline.hpp:175]   --->   Operation 27 'load' 'cameraMatrixHLS' <Predicate = (!icmp_ln171)> <Delay = 2.32> <CoreInst = "RAM">   --->   Core 82 'RAM' <Latency = 1> <II = 1> <Delay = 2.32> <Storage> <Opcode : 'load' 'store'> <Ports = 2> <Width = 32> <Depth = 9> <RAM>
ST_1 : Operation 28 [1/1] (0.00ns)   --->   "%ir_addr = getelementptr i32 %ir, i64 0, i64 %zext_ln171" [C:/Xilinx/Vitis_Libraries/vision/L1/include\imgproc/xf_stereo_pipeline.hpp:176]   --->   Operation 28 'getelementptr' 'ir_addr' <Predicate = (!icmp_ln171)> <Delay = 0.00>
ST_1 : Operation 29 [2/2] (2.32ns)   --->   "%ir_load = load i4 %ir_addr" [C:/Xilinx/Vitis_Libraries/vision/L1/include\imgproc/xf_stereo_pipeline.hpp:176]   --->   Operation 29 'load' 'ir_load' <Predicate = (!icmp_ln171)> <Delay = 2.32> <CoreInst = "RAM">   --->   Core 82 'RAM' <Latency = 1> <II = 1> <Delay = 2.32> <Storage> <Opcode : 'load' 'store'> <Ports = 2> <Width = 32> <Depth = 9> <RAM>
ST_1 : Operation 30 [1/1] (1.88ns)   --->   "%switch_ln175 = switch i4 %i_10, void %arrayidx22.case.8, i4 0, void %for.inc.split.arrayidx22.exit_crit_edge1, i4 1, void %arrayidx22.case.1, i4 2, void %arrayidx22.case.2, i4 3, void %arrayidx22.case.3, i4 4, void %arrayidx22.case.4, i4 5, void %arrayidx22.case.5, i4 6, void %arrayidx22.case.6, i4 7, void %for.inc.split.arrayidx22.exit_crit_edge" [C:/Xilinx/Vitis_Libraries/vision/L1/include\imgproc/xf_stereo_pipeline.hpp:175]   --->   Operation 30 'switch' 'switch_ln175' <Predicate = (!icmp_ln171)> <Delay = 1.88>
ST_1 : Operation 31 [1/1] (1.58ns)   --->   "%store_ln171 = store i4 %add_ln171, i4 %i" [C:/Xilinx/Vitis_Libraries/vision/L1/include\imgproc/xf_stereo_pipeline.hpp:171]   --->   Operation 31 'store' 'store_ln171' <Predicate = (!icmp_ln171)> <Delay = 1.58>
ST_1 : Operation 32 [1/1] (0.00ns)   --->   "%br_ln171 = br void %for.inc" [C:/Xilinx/Vitis_Libraries/vision/L1/include\imgproc/xf_stereo_pipeline.hpp:171]   --->   Operation 32 'br' 'br_ln171' <Predicate = (!icmp_ln171)> <Delay = 0.00>
ST_1 : Operation 60 [1/1] (0.00ns)   --->   "%iRnewCameraMatrixHLS_load = load i32 %iRnewCameraMatrixHLS"   --->   Operation 60 'load' 'iRnewCameraMatrixHLS_load' <Predicate = (icmp_ln171)> <Delay = 0.00>
ST_1 : Operation 61 [1/1] (0.00ns)   --->   "%iRnewCameraMatrixHLS_1_load = load i32 %iRnewCameraMatrixHLS_1"   --->   Operation 61 'load' 'iRnewCameraMatrixHLS_1_load' <Predicate = (icmp_ln171)> <Delay = 0.00>
ST_1 : Operation 62 [1/1] (0.00ns)   --->   "%cameraMatrixHLS_1_load = load i32 %cameraMatrixHLS_1"   --->   Operation 62 'load' 'cameraMatrixHLS_1_load' <Predicate = (icmp_ln171)> <Delay = 0.00>
ST_1 : Operation 63 [1/1] (0.00ns)   --->   "%iRnewCameraMatrixHLS_2_load = load i32 %iRnewCameraMatrixHLS_2"   --->   Operation 63 'load' 'iRnewCameraMatrixHLS_2_load' <Predicate = (icmp_ln171)> <Delay = 0.00>
ST_1 : Operation 64 [1/1] (0.00ns)   --->   "%cameraMatrixHLS_2_load = load i32 %cameraMatrixHLS_2"   --->   Operation 64 'load' 'cameraMatrixHLS_2_load' <Predicate = (icmp_ln171)> <Delay = 0.00>
ST_1 : Operation 65 [1/1] (0.00ns)   --->   "%iRnewCameraMatrixHLS_3_load = load i32 %iRnewCameraMatrixHLS_3"   --->   Operation 65 'load' 'iRnewCameraMatrixHLS_3_load' <Predicate = (icmp_ln171)> <Delay = 0.00>
ST_1 : Operation 66 [1/1] (0.00ns)   --->   "%iRnewCameraMatrixHLS_4_load = load i32 %iRnewCameraMatrixHLS_4"   --->   Operation 66 'load' 'iRnewCameraMatrixHLS_4_load' <Predicate = (icmp_ln171)> <Delay = 0.00>
ST_1 : Operation 67 [1/1] (0.00ns)   --->   "%cameraMatrixHLS_3_load = load i32 %cameraMatrixHLS_3"   --->   Operation 67 'load' 'cameraMatrixHLS_3_load' <Predicate = (icmp_ln171)> <Delay = 0.00>
ST_1 : Operation 68 [1/1] (0.00ns)   --->   "%iRnewCameraMatrixHLS_5_load = load i32 %iRnewCameraMatrixHLS_5"   --->   Operation 68 'load' 'iRnewCameraMatrixHLS_5_load' <Predicate = (icmp_ln171)> <Delay = 0.00>
ST_1 : Operation 69 [1/1] (0.00ns)   --->   "%iRnewCameraMatrixHLS_6_load = load i32 %iRnewCameraMatrixHLS_6"   --->   Operation 69 'load' 'iRnewCameraMatrixHLS_6_load' <Predicate = (icmp_ln171)> <Delay = 0.00>
ST_1 : Operation 70 [1/1] (0.00ns)   --->   "%cameraMatrixHLS_4_load = load i32 %cameraMatrixHLS_4"   --->   Operation 70 'load' 'cameraMatrixHLS_4_load' <Predicate = (icmp_ln171)> <Delay = 0.00>
ST_1 : Operation 71 [1/1] (0.00ns)   --->   "%iRnewCameraMatrixHLS_7_load = load i32 %iRnewCameraMatrixHLS_7"   --->   Operation 71 'load' 'iRnewCameraMatrixHLS_7_load' <Predicate = (icmp_ln171)> <Delay = 0.00>
ST_1 : Operation 72 [1/1] (0.00ns)   --->   "%iRnewCameraMatrixHLS_8_load = load i32 %iRnewCameraMatrixHLS_8"   --->   Operation 72 'load' 'iRnewCameraMatrixHLS_8_load' <Predicate = (icmp_ln171)> <Delay = 0.00>
ST_1 : Operation 73 [1/1] (0.00ns)   --->   "%write_ln0 = write void @_ssdm_op_Write.ap_auto.i32P0A, i32 %p_0_0_010442_out, i32 %iRnewCameraMatrixHLS_8_load"   --->   Operation 73 'write' 'write_ln0' <Predicate = (icmp_ln171)> <Delay = 0.00>
ST_1 : Operation 74 [1/1] (0.00ns)   --->   "%write_ln0 = write void @_ssdm_op_Write.ap_auto.i32P0A, i32 %p_0_0_010440_out, i32 %iRnewCameraMatrixHLS_7_load"   --->   Operation 74 'write' 'write_ln0' <Predicate = (icmp_ln171)> <Delay = 0.00>
ST_1 : Operation 75 [1/1] (0.00ns)   --->   "%write_ln0 = write void @_ssdm_op_Write.ap_auto.i32P0A, i32 %p_0_0_010538_out, i32 %cameraMatrixHLS_4_load"   --->   Operation 75 'write' 'write_ln0' <Predicate = (icmp_ln171)> <Delay = 0.00>
ST_1 : Operation 76 [1/1] (0.00ns)   --->   "%write_ln0 = write void @_ssdm_op_Write.ap_auto.i32P0A, i32 %p_0_0_010436_out, i32 %iRnewCameraMatrixHLS_6_load"   --->   Operation 76 'write' 'write_ln0' <Predicate = (icmp_ln171)> <Delay = 0.00>
ST_1 : Operation 77 [1/1] (0.00ns)   --->   "%write_ln0 = write void @_ssdm_op_Write.ap_auto.i32P0A, i32 %p_0_0_010434_out, i32 %iRnewCameraMatrixHLS_5_load"   --->   Operation 77 'write' 'write_ln0' <Predicate = (icmp_ln171)> <Delay = 0.00>
ST_1 : Operation 78 [1/1] (0.00ns)   --->   "%write_ln0 = write void @_ssdm_op_Write.ap_auto.i32P0A, i32 %p_0_0_010532_out, i32 %cameraMatrixHLS_3_load"   --->   Operation 78 'write' 'write_ln0' <Predicate = (icmp_ln171)> <Delay = 0.00>
ST_1 : Operation 79 [1/1] (0.00ns)   --->   "%write_ln0 = write void @_ssdm_op_Write.ap_auto.i32P0A, i32 %p_0_0_010430_out, i32 %iRnewCameraMatrixHLS_4_load"   --->   Operation 79 'write' 'write_ln0' <Predicate = (icmp_ln171)> <Delay = 0.00>
ST_1 : Operation 80 [1/1] (0.00ns)   --->   "%write_ln0 = write void @_ssdm_op_Write.ap_auto.i32P0A, i32 %p_0_0_010428_out, i32 %iRnewCameraMatrixHLS_3_load"   --->   Operation 80 'write' 'write_ln0' <Predicate = (icmp_ln171)> <Delay = 0.00>
ST_1 : Operation 81 [1/1] (0.00ns)   --->   "%write_ln0 = write void @_ssdm_op_Write.ap_auto.i32P0A, i32 %p_0_0_010526_out, i32 %cameraMatrixHLS_2_load"   --->   Operation 81 'write' 'write_ln0' <Predicate = (icmp_ln171)> <Delay = 0.00>
ST_1 : Operation 82 [1/1] (0.00ns)   --->   "%write_ln0 = write void @_ssdm_op_Write.ap_auto.i32P0A, i32 %p_0_0_010424_out, i32 %iRnewCameraMatrixHLS_2_load"   --->   Operation 82 'write' 'write_ln0' <Predicate = (icmp_ln171)> <Delay = 0.00>
ST_1 : Operation 83 [1/1] (0.00ns)   --->   "%write_ln0 = write void @_ssdm_op_Write.ap_auto.i32P0A, i32 %p_0_0_010522_out, i32 %cameraMatrixHLS_1_load"   --->   Operation 83 'write' 'write_ln0' <Predicate = (icmp_ln171)> <Delay = 0.00>
ST_1 : Operation 84 [1/1] (0.00ns)   --->   "%write_ln0 = write void @_ssdm_op_Write.ap_auto.i32P0A, i32 %p_0_0_010420_out, i32 %iRnewCameraMatrixHLS_1_load"   --->   Operation 84 'write' 'write_ln0' <Predicate = (icmp_ln171)> <Delay = 0.00>
ST_1 : Operation 85 [1/1] (0.00ns)   --->   "%write_ln0 = write void @_ssdm_op_Write.ap_auto.i32P0A, i32 %p_0_0_010418_out, i32 %iRnewCameraMatrixHLS_load"   --->   Operation 85 'write' 'write_ln0' <Predicate = (icmp_ln171)> <Delay = 0.00>
ST_1 : Operation 86 [1/1] (0.00ns)   --->   "%ret_ln0 = ret"   --->   Operation 86 'ret' 'ret_ln0' <Predicate = (icmp_ln171)> <Delay = 0.00>

State 2 <SV = 1> <Delay = 2.32>
ST_2 : Operation 33 [1/1] (0.00ns)   --->   "%specpipeline_ln173 = specpipeline void @_ssdm_op_SpecPipeline, i32 1, i32 0, i32 0, i32 0, void @empty_84" [C:/Xilinx/Vitis_Libraries/vision/L1/include\imgproc/xf_stereo_pipeline.hpp:173]   --->   Operation 33 'specpipeline' 'specpipeline_ln173' <Predicate = true> <Delay = 0.00>
ST_2 : Operation 34 [1/1] (0.00ns)   --->   "%speclooptripcount_ln171 = speclooptripcount void @_ssdm_op_SpecLoopTripCount, i64 9, i64 9, i64 9" [C:/Xilinx/Vitis_Libraries/vision/L1/include\imgproc/xf_stereo_pipeline.hpp:171]   --->   Operation 34 'speclooptripcount' 'speclooptripcount_ln171' <Predicate = true> <Delay = 0.00>
ST_2 : Operation 35 [1/1] (0.00ns)   --->   "%specloopname_ln171 = specloopname void @_ssdm_op_SpecLoopName, void @empty_44" [C:/Xilinx/Vitis_Libraries/vision/L1/include\imgproc/xf_stereo_pipeline.hpp:171]   --->   Operation 35 'specloopname' 'specloopname_ln171' <Predicate = true> <Delay = 0.00>
ST_2 : Operation 36 [1/2] (2.32ns)   --->   "%cameraMatrixHLS = load i4 %cameraMatrix_addr" [C:/Xilinx/Vitis_Libraries/vision/L1/include\imgproc/xf_stereo_pipeline.hpp:175]   --->   Operation 36 'load' 'cameraMatrixHLS' <Predicate = true> <Delay = 2.32> <CoreInst = "RAM">   --->   Core 82 'RAM' <Latency = 1> <II = 1> <Delay = 2.32> <Storage> <Opcode : 'load' 'store'> <Ports = 2> <Width = 32> <Depth = 9> <RAM>
ST_2 : Operation 37 [1/2] (2.32ns)   --->   "%ir_load = load i4 %ir_addr" [C:/Xilinx/Vitis_Libraries/vision/L1/include\imgproc/xf_stereo_pipeline.hpp:176]   --->   Operation 37 'load' 'ir_load' <Predicate = true> <Delay = 2.32> <CoreInst = "RAM">   --->   Core 82 'RAM' <Latency = 1> <II = 1> <Delay = 2.32> <Storage> <Opcode : 'load' 'store'> <Ports = 2> <Width = 32> <Depth = 9> <RAM>
ST_2 : Operation 38 [1/1] (0.00ns)   --->   "%store_ln175 = store i32 %ir_load, i32 %iRnewCameraMatrixHLS" [C:/Xilinx/Vitis_Libraries/vision/L1/include\imgproc/xf_stereo_pipeline.hpp:175]   --->   Operation 38 'store' 'store_ln175' <Predicate = (i_10 == 7)> <Delay = 0.00>
ST_2 : Operation 39 [1/1] (0.00ns)   --->   "%br_ln175 = br void %arrayidx22.exit" [C:/Xilinx/Vitis_Libraries/vision/L1/include\imgproc/xf_stereo_pipeline.hpp:175]   --->   Operation 39 'br' 'br_ln175' <Predicate = (i_10 == 7)> <Delay = 0.00>
ST_2 : Operation 40 [1/1] (0.00ns)   --->   "%store_ln176 = store i32 %ir_load, i32 %iRnewCameraMatrixHLS_1" [C:/Xilinx/Vitis_Libraries/vision/L1/include\imgproc/xf_stereo_pipeline.hpp:176]   --->   Operation 40 'store' 'store_ln176' <Predicate = (i_10 == 6)> <Delay = 0.00>
ST_2 : Operation 41 [1/1] (0.00ns)   --->   "%br_ln176 = br void %arrayidx22.exit" [C:/Xilinx/Vitis_Libraries/vision/L1/include\imgproc/xf_stereo_pipeline.hpp:176]   --->   Operation 41 'br' 'br_ln176' <Predicate = (i_10 == 6)> <Delay = 0.00>
ST_2 : Operation 42 [1/1] (0.00ns)   --->   "%store_ln176 = store i32 %ir_load, i32 %iRnewCameraMatrixHLS_2" [C:/Xilinx/Vitis_Libraries/vision/L1/include\imgproc/xf_stereo_pipeline.hpp:176]   --->   Operation 42 'store' 'store_ln176' <Predicate = (i_10 == 5)> <Delay = 0.00>
ST_2 : Operation 43 [1/1] (0.00ns)   --->   "%store_ln176 = store i32 %cameraMatrixHLS, i32 %cameraMatrixHLS_1" [C:/Xilinx/Vitis_Libraries/vision/L1/include\imgproc/xf_stereo_pipeline.hpp:176]   --->   Operation 43 'store' 'store_ln176' <Predicate = (i_10 == 5)> <Delay = 0.00>
ST_2 : Operation 44 [1/1] (0.00ns)   --->   "%br_ln176 = br void %arrayidx22.exit" [C:/Xilinx/Vitis_Libraries/vision/L1/include\imgproc/xf_stereo_pipeline.hpp:176]   --->   Operation 44 'br' 'br_ln176' <Predicate = (i_10 == 5)> <Delay = 0.00>
ST_2 : Operation 45 [1/1] (0.00ns)   --->   "%store_ln176 = store i32 %ir_load, i32 %iRnewCameraMatrixHLS_3" [C:/Xilinx/Vitis_Libraries/vision/L1/include\imgproc/xf_stereo_pipeline.hpp:176]   --->   Operation 45 'store' 'store_ln176' <Predicate = (i_10 == 4)> <Delay = 0.00>
ST_2 : Operation 46 [1/1] (0.00ns)   --->   "%store_ln176 = store i32 %cameraMatrixHLS, i32 %cameraMatrixHLS_2" [C:/Xilinx/Vitis_Libraries/vision/L1/include\imgproc/xf_stereo_pipeline.hpp:176]   --->   Operation 46 'store' 'store_ln176' <Predicate = (i_10 == 4)> <Delay = 0.00>
ST_2 : Operation 47 [1/1] (0.00ns)   --->   "%br_ln176 = br void %arrayidx22.exit" [C:/Xilinx/Vitis_Libraries/vision/L1/include\imgproc/xf_stereo_pipeline.hpp:176]   --->   Operation 47 'br' 'br_ln176' <Predicate = (i_10 == 4)> <Delay = 0.00>
ST_2 : Operation 48 [1/1] (0.00ns)   --->   "%store_ln176 = store i32 %ir_load, i32 %iRnewCameraMatrixHLS_4" [C:/Xilinx/Vitis_Libraries/vision/L1/include\imgproc/xf_stereo_pipeline.hpp:176]   --->   Operation 48 'store' 'store_ln176' <Predicate = (i_10 == 3)> <Delay = 0.00>
ST_2 : Operation 49 [1/1] (0.00ns)   --->   "%br_ln176 = br void %arrayidx22.exit" [C:/Xilinx/Vitis_Libraries/vision/L1/include\imgproc/xf_stereo_pipeline.hpp:176]   --->   Operation 49 'br' 'br_ln176' <Predicate = (i_10 == 3)> <Delay = 0.00>
ST_2 : Operation 50 [1/1] (0.00ns)   --->   "%store_ln176 = store i32 %ir_load, i32 %iRnewCameraMatrixHLS_5" [C:/Xilinx/Vitis_Libraries/vision/L1/include\imgproc/xf_stereo_pipeline.hpp:176]   --->   Operation 50 'store' 'store_ln176' <Predicate = (i_10 == 2)> <Delay = 0.00>
ST_2 : Operation 51 [1/1] (0.00ns)   --->   "%store_ln176 = store i32 %cameraMatrixHLS, i32 %cameraMatrixHLS_3" [C:/Xilinx/Vitis_Libraries/vision/L1/include\imgproc/xf_stereo_pipeline.hpp:176]   --->   Operation 51 'store' 'store_ln176' <Predicate = (i_10 == 2)> <Delay = 0.00>
ST_2 : Operation 52 [1/1] (0.00ns)   --->   "%br_ln176 = br void %arrayidx22.exit" [C:/Xilinx/Vitis_Libraries/vision/L1/include\imgproc/xf_stereo_pipeline.hpp:176]   --->   Operation 52 'br' 'br_ln176' <Predicate = (i_10 == 2)> <Delay = 0.00>
ST_2 : Operation 53 [1/1] (0.00ns)   --->   "%store_ln176 = store i32 %ir_load, i32 %iRnewCameraMatrixHLS_6" [C:/Xilinx/Vitis_Libraries/vision/L1/include\imgproc/xf_stereo_pipeline.hpp:176]   --->   Operation 53 'store' 'store_ln176' <Predicate = (i_10 == 1)> <Delay = 0.00>
ST_2 : Operation 54 [1/1] (0.00ns)   --->   "%br_ln176 = br void %arrayidx22.exit" [C:/Xilinx/Vitis_Libraries/vision/L1/include\imgproc/xf_stereo_pipeline.hpp:176]   --->   Operation 54 'br' 'br_ln176' <Predicate = (i_10 == 1)> <Delay = 0.00>
ST_2 : Operation 55 [1/1] (0.00ns)   --->   "%store_ln175 = store i32 %ir_load, i32 %iRnewCameraMatrixHLS_7" [C:/Xilinx/Vitis_Libraries/vision/L1/include\imgproc/xf_stereo_pipeline.hpp:175]   --->   Operation 55 'store' 'store_ln175' <Predicate = (i_10 == 0)> <Delay = 0.00>
ST_2 : Operation 56 [1/1] (0.00ns)   --->   "%store_ln175 = store i32 %cameraMatrixHLS, i32 %cameraMatrixHLS_4" [C:/Xilinx/Vitis_Libraries/vision/L1/include\imgproc/xf_stereo_pipeline.hpp:175]   --->   Operation 56 'store' 'store_ln175' <Predicate = (i_10 == 0)> <Delay = 0.00>
ST_2 : Operation 57 [1/1] (0.00ns)   --->   "%br_ln175 = br void %arrayidx22.exit" [C:/Xilinx/Vitis_Libraries/vision/L1/include\imgproc/xf_stereo_pipeline.hpp:175]   --->   Operation 57 'br' 'br_ln175' <Predicate = (i_10 == 0)> <Delay = 0.00>
ST_2 : Operation 58 [1/1] (0.00ns)   --->   "%store_ln176 = store i32 %ir_load, i32 %iRnewCameraMatrixHLS_8" [C:/Xilinx/Vitis_Libraries/vision/L1/include\imgproc/xf_stereo_pipeline.hpp:176]   --->   Operation 58 'store' 'store_ln176' <Predicate = (i_10 != 0 & i_10 != 1 & i_10 != 2 & i_10 != 3 & i_10 != 4 & i_10 != 5 & i_10 != 6 & i_10 != 7)> <Delay = 0.00>
ST_2 : Operation 59 [1/1] (0.00ns)   --->   "%br_ln176 = br void %arrayidx22.exit" [C:/Xilinx/Vitis_Libraries/vision/L1/include\imgproc/xf_stereo_pipeline.hpp:176]   --->   Operation 59 'br' 'br_ln176' <Predicate = (i_10 != 0 & i_10 != 1 & i_10 != 2 & i_10 != 3 & i_10 != 4 & i_10 != 5 & i_10 != 6 & i_10 != 7)> <Delay = 0.00>


============================================================
+ Verbose Summary: Binding
============================================================
STG Binding: 
---------------- STG Properties BEGIN ----------------
- Is combinational: 0
- Is one-state seq: 0
- Is datapath-only: 0
- Is pipelined: 0
- Is top level: 0
Port [ Return ] is wired: 1; IO mode=ap_ctrl_hs:ce=0
Port [ cameraMatrix]:  wired=1; compound=1; hidden=0; nouse=0; global=0; static=0; extern=0; dir=0; type=1; pingpong=1; private_global=0; MemPort=[13]; IO mode=ap_memory:ce=0
Port [ ir]:  wired=1; compound=1; hidden=0; nouse=0; global=0; static=0; extern=0; dir=0; type=1; pingpong=1; private_global=0; MemPort=[13]; IO mode=ap_memory:ce=0
Port [ p_0_0_010442_out]:  wired=1; compound=0; hidden=0; nouse=0; global=0; static=0; extern=0; dir=1; type=0; pingpong=0; private_global=0; IO mode=ap_vld:ce=0
Port [ p_0_0_010440_out]:  wired=1; compound=0; hidden=0; nouse=0; global=0; static=0; extern=0; dir=1; type=0; pingpong=0; private_global=0; IO mode=ap_vld:ce=0
Port [ p_0_0_010538_out]:  wired=1; compound=0; hidden=0; nouse=0; global=0; static=0; extern=0; dir=1; type=0; pingpong=0; private_global=0; IO mode=ap_vld:ce=0
Port [ p_0_0_010436_out]:  wired=1; compound=0; hidden=0; nouse=0; global=0; static=0; extern=0; dir=1; type=0; pingpong=0; private_global=0; IO mode=ap_vld:ce=0
Port [ p_0_0_010434_out]:  wired=1; compound=0; hidden=0; nouse=0; global=0; static=0; extern=0; dir=1; type=0; pingpong=0; private_global=0; IO mode=ap_vld:ce=0
Port [ p_0_0_010532_out]:  wired=1; compound=0; hidden=0; nouse=0; global=0; static=0; extern=0; dir=1; type=0; pingpong=0; private_global=0; IO mode=ap_vld:ce=0
Port [ p_0_0_010430_out]:  wired=1; compound=0; hidden=0; nouse=0; global=0; static=0; extern=0; dir=1; type=0; pingpong=0; private_global=0; IO mode=ap_vld:ce=0
Port [ p_0_0_010428_out]:  wired=1; compound=0; hidden=0; nouse=0; global=0; static=0; extern=0; dir=1; type=0; pingpong=0; private_global=0; IO mode=ap_vld:ce=0
Port [ p_0_0_010526_out]:  wired=1; compound=0; hidden=0; nouse=0; global=0; static=0; extern=0; dir=1; type=0; pingpong=0; private_global=0; IO mode=ap_vld:ce=0
Port [ p_0_0_010424_out]:  wired=1; compound=0; hidden=0; nouse=0; global=0; static=0; extern=0; dir=1; type=0; pingpong=0; private_global=0; IO mode=ap_vld:ce=0
Port [ p_0_0_010522_out]:  wired=1; compound=0; hidden=0; nouse=0; global=0; static=0; extern=0; dir=1; type=0; pingpong=0; private_global=0; IO mode=ap_vld:ce=0
Port [ p_0_0_010420_out]:  wired=1; compound=0; hidden=0; nouse=0; global=0; static=0; extern=0; dir=1; type=0; pingpong=0; private_global=0; IO mode=ap_vld:ce=0
Port [ p_0_0_010418_out]:  wired=1; compound=0; hidden=0; nouse=0; global=0; static=0; extern=0; dir=1; type=0; pingpong=0; private_global=0; IO mode=ap_vld:ce=0
---------------- STG Properties END ------------------

---------------- Datapath Model BEGIN ----------------

<LifeTime>
<method=bitvector/>
i                           (alloca           ) [ 010]
iRnewCameraMatrixHLS        (alloca           ) [ 011]
iRnewCameraMatrixHLS_1      (alloca           ) [ 011]
cameraMatrixHLS_1           (alloca           ) [ 011]
iRnewCameraMatrixHLS_2      (alloca           ) [ 011]
cameraMatrixHLS_2           (alloca           ) [ 011]
iRnewCameraMatrixHLS_3      (alloca           ) [ 011]
iRnewCameraMatrixHLS_4      (alloca           ) [ 011]
cameraMatrixHLS_3           (alloca           ) [ 011]
iRnewCameraMatrixHLS_5      (alloca           ) [ 011]
iRnewCameraMatrixHLS_6      (alloca           ) [ 011]
cameraMatrixHLS_4           (alloca           ) [ 011]
iRnewCameraMatrixHLS_7      (alloca           ) [ 011]
iRnewCameraMatrixHLS_8      (alloca           ) [ 011]
store_ln0                   (store            ) [ 000]
br_ln0                      (br               ) [ 000]
i_10                        (load             ) [ 011]
icmp_ln171                  (icmp             ) [ 010]
add_ln171                   (add              ) [ 000]
br_ln171                    (br               ) [ 000]
zext_ln171                  (zext             ) [ 000]
cameraMatrix_addr           (getelementptr    ) [ 011]
ir_addr                     (getelementptr    ) [ 011]
switch_ln175                (switch           ) [ 000]
store_ln171                 (store            ) [ 000]
br_ln171                    (br               ) [ 000]
specpipeline_ln173          (specpipeline     ) [ 000]
speclooptripcount_ln171     (speclooptripcount) [ 000]
specloopname_ln171          (specloopname     ) [ 000]
cameraMatrixHLS             (load             ) [ 000]
ir_load                     (load             ) [ 000]
store_ln175                 (store            ) [ 000]
br_ln175                    (br               ) [ 000]
store_ln176                 (store            ) [ 000]
br_ln176                    (br               ) [ 000]
store_ln176                 (store            ) [ 000]
store_ln176                 (store            ) [ 000]
br_ln176                    (br               ) [ 000]
store_ln176                 (store            ) [ 000]
store_ln176                 (store            ) [ 000]
br_ln176                    (br               ) [ 000]
store_ln176                 (store            ) [ 000]
br_ln176                    (br               ) [ 000]
store_ln176                 (store            ) [ 000]
store_ln176                 (store            ) [ 000]
br_ln176                    (br               ) [ 000]
store_ln176                 (store            ) [ 000]
br_ln176                    (br               ) [ 000]
store_ln175                 (store            ) [ 000]
store_ln175                 (store            ) [ 000]
br_ln175                    (br               ) [ 000]
store_ln176                 (store            ) [ 000]
br_ln176                    (br               ) [ 000]
iRnewCameraMatrixHLS_load   (load             ) [ 000]
iRnewCameraMatrixHLS_1_load (load             ) [ 000]
cameraMatrixHLS_1_load      (load             ) [ 000]
iRnewCameraMatrixHLS_2_load (load             ) [ 000]
cameraMatrixHLS_2_load      (load             ) [ 000]
iRnewCameraMatrixHLS_3_load (load             ) [ 000]
iRnewCameraMatrixHLS_4_load (load             ) [ 000]
cameraMatrixHLS_3_load      (load             ) [ 000]
iRnewCameraMatrixHLS_5_load (load             ) [ 000]
iRnewCameraMatrixHLS_6_load (load             ) [ 000]
cameraMatrixHLS_4_load      (load             ) [ 000]
iRnewCameraMatrixHLS_7_load (load             ) [ 000]
iRnewCameraMatrixHLS_8_load (load             ) [ 000]
write_ln0                   (write            ) [ 000]
write_ln0                   (write            ) [ 000]
write_ln0                   (write            ) [ 000]
write_ln0                   (write            ) [ 000]
write_ln0                   (write            ) [ 000]
write_ln0                   (write            ) [ 000]
write_ln0                   (write            ) [ 000]
write_ln0                   (write            ) [ 000]
write_ln0                   (write            ) [ 000]
write_ln0                   (write            ) [ 000]
write_ln0                   (write            ) [ 000]
write_ln0                   (write            ) [ 000]
write_ln0                   (write            ) [ 000]
ret_ln0                     (ret              ) [ 000]
</LifeTime>

<model>

<comp_list>
<comp id="0" class="1000" name="cameraMatrix">
<pin_list>
<pin id="1" dir="1" index="0" bw="1" slack="0"/>
</pin_list>
<bind>
<StgValue><ssdm name="cameraMatrix"/><MemPortTyVec>1 3 </MemPortTyVec>
</StgValue>
</bind>
</comp>

<comp id="2" class="1000" name="ir">
<pin_list>
<pin id="3" dir="1" index="0" bw="1" slack="0"/>
</pin_list>
<bind>
<StgValue><ssdm name="ir"/><MemPortTyVec>1 3 </MemPortTyVec>
</StgValue>
</bind>
</comp>

<comp id="4" class="1000" name="p_0_0_010442_out">
<pin_list>
<pin id="5" dir="1" index="0" bw="1" slack="0"/>
</pin_list>
<bind>
<StgValue><ssdm name="p_0_0_010442_out"/></StgValue>
</bind>
</comp>

<comp id="6" class="1000" name="p_0_0_010440_out">
<pin_list>
<pin id="7" dir="1" index="0" bw="1" slack="0"/>
</pin_list>
<bind>
<StgValue><ssdm name="p_0_0_010440_out"/></StgValue>
</bind>
</comp>

<comp id="8" class="1000" name="p_0_0_010538_out">
<pin_list>
<pin id="9" dir="1" index="0" bw="1" slack="0"/>
</pin_list>
<bind>
<StgValue><ssdm name="p_0_0_010538_out"/></StgValue>
</bind>
</comp>

<comp id="10" class="1000" name="p_0_0_010436_out">
<pin_list>
<pin id="11" dir="1" index="0" bw="1" slack="0"/>
</pin_list>
<bind>
<StgValue><ssdm name="p_0_0_010436_out"/></StgValue>
</bind>
</comp>

<comp id="12" class="1000" name="p_0_0_010434_out">
<pin_list>
<pin id="13" dir="1" index="0" bw="1" slack="0"/>
</pin_list>
<bind>
<StgValue><ssdm name="p_0_0_010434_out"/></StgValue>
</bind>
</comp>

<comp id="14" class="1000" name="p_0_0_010532_out">
<pin_list>
<pin id="15" dir="1" index="0" bw="1" slack="0"/>
</pin_list>
<bind>
<StgValue><ssdm name="p_0_0_010532_out"/></StgValue>
</bind>
</comp>

<comp id="16" class="1000" name="p_0_0_010430_out">
<pin_list>
<pin id="17" dir="1" index="0" bw="1" slack="0"/>
</pin_list>
<bind>
<StgValue><ssdm name="p_0_0_010430_out"/></StgValue>
</bind>
</comp>

<comp id="18" class="1000" name="p_0_0_010428_out">
<pin_list>
<pin id="19" dir="1" index="0" bw="1" slack="0"/>
</pin_list>
<bind>
<StgValue><ssdm name="p_0_0_010428_out"/></StgValue>
</bind>
</comp>

<comp id="20" class="1000" name="p_0_0_010526_out">
<pin_list>
<pin id="21" dir="1" index="0" bw="1" slack="0"/>
</pin_list>
<bind>
<StgValue><ssdm name="p_0_0_010526_out"/></StgValue>
</bind>
</comp>

<comp id="22" class="1000" name="p_0_0_010424_out">
<pin_list>
<pin id="23" dir="1" index="0" bw="1" slack="0"/>
</pin_list>
<bind>
<StgValue><ssdm name="p_0_0_010424_out"/></StgValue>
</bind>
</comp>

<comp id="24" class="1000" name="p_0_0_010522_out">
<pin_list>
<pin id="25" dir="1" index="0" bw="1" slack="0"/>
</pin_list>
<bind>
<StgValue><ssdm name="p_0_0_010522_out"/></StgValue>
</bind>
</comp>

<comp id="26" class="1000" name="p_0_0_010420_out">
<pin_list>
<pin id="27" dir="1" index="0" bw="1" slack="0"/>
</pin_list>
<bind>
<StgValue><ssdm name="p_0_0_010420_out"/></StgValue>
</bind>
</comp>

<comp id="28" class="1000" name="p_0_0_010418_out">
<pin_list>
<pin id="29" dir="1" index="0" bw="1" slack="0"/>
</pin_list>
<bind>
<StgValue><ssdm name="p_0_0_010418_out"/></StgValue>
</bind>
</comp>

<comp id="30" class="1001" name="const_30">
<pin_list>
<pin id="31" dir="1" index="0" bw="1" slack="0"/>
</pin_list>
<bind>
<StgValue><ssdm name=""/></StgValue>
</bind>
</comp>

<comp id="32" class="1001" name="const_32">
<pin_list>
<pin id="33" dir="1" index="0" bw="1" slack="0"/>
</pin_list>
<bind>
<StgValue><ssdm name=""/></StgValue>
</bind>
</comp>

<comp id="34" class="1001" name="const_34">
<pin_list>
<pin id="35" dir="1" index="0" bw="1" slack="0"/>
</pin_list>
<bind>
<StgValue><ssdm name=""/></StgValue>
</bind>
</comp>

<comp id="36" class="1001" name="const_36">
<pin_list>
<pin id="37" dir="1" index="0" bw="1" slack="0"/>
</pin_list>
<bind>
<StgValue><ssdm name=""/></StgValue>
</bind>
</comp>

<comp id="38" class="1001" name="const_38">
<pin_list>
<pin id="39" dir="1" index="0" bw="1" slack="0"/>
</pin_list>
<bind>
<StgValue><ssdm name=""/></StgValue>
</bind>
</comp>

<comp id="40" class="1001" name="const_40">
<pin_list>
<pin id="41" dir="1" index="0" bw="1" slack="2147483647"/>
</pin_list>
<bind>
<StgValue><ssdm name=""/></StgValue>
</bind>
</comp>

<comp id="42" class="1001" name="const_42">
<pin_list>
<pin id="43" dir="1" index="0" bw="1" slack="2147483647"/>
</pin_list>
<bind>
<StgValue><ssdm name=""/></StgValue>
</bind>
</comp>

<comp id="44" class="1001" name="const_44">
<pin_list>
<pin id="45" dir="1" index="0" bw="1" slack="2147483647"/>
</pin_list>
<bind>
<StgValue><ssdm name=""/></StgValue>
</bind>
</comp>

<comp id="46" class="1001" name="const_46">
<pin_list>
<pin id="47" dir="1" index="0" bw="1" slack="2147483647"/>
</pin_list>
<bind>
<StgValue><ssdm name=""/></StgValue>
</bind>
</comp>

<comp id="48" class="1001" name="const_48">
<pin_list>
<pin id="49" dir="1" index="0" bw="1" slack="2147483647"/>
</pin_list>
<bind>
<StgValue><ssdm name=""/></StgValue>
</bind>
</comp>

<comp id="50" class="1001" name="const_50">
<pin_list>
<pin id="51" dir="1" index="0" bw="1" slack="2147483647"/>
</pin_list>
<bind>
<StgValue><ssdm name=""/></StgValue>
</bind>
</comp>

<comp id="52" class="1001" name="const_52">
<pin_list>
<pin id="53" dir="1" index="0" bw="1" slack="2147483647"/>
</pin_list>
<bind>
<StgValue><ssdm name="_ssdm_op_SpecPipeline"/></StgValue>
</bind>
</comp>

<comp id="54" class="1001" name="const_54">
<pin_list>
<pin id="55" dir="1" index="0" bw="1" slack="2147483647"/>
</pin_list>
<bind>
<StgValue><ssdm name=""/></StgValue>
</bind>
</comp>

<comp id="56" class="1001" name="const_56">
<pin_list>
<pin id="57" dir="1" index="0" bw="1" slack="2147483647"/>
</pin_list>
<bind>
<StgValue><ssdm name="empty_84"/></StgValue>
</bind>
</comp>

<comp id="58" class="1001" name="const_58">
<pin_list>
<pin id="59" dir="1" index="0" bw="1" slack="2147483647"/>
</pin_list>
<bind>
<StgValue><ssdm name="_ssdm_op_SpecLoopTripCount"/></StgValue>
</bind>
</comp>

<comp id="60" class="1001" name="const_60">
<pin_list>
<pin id="61" dir="1" index="0" bw="1" slack="2147483647"/>
</pin_list>
<bind>
<StgValue><ssdm name=""/></StgValue>
</bind>
</comp>

<comp id="62" class="1001" name="const_62">
<pin_list>
<pin id="63" dir="1" index="0" bw="1" slack="2147483647"/>
</pin_list>
<bind>
<StgValue><ssdm name="_ssdm_op_SpecLoopName"/></StgValue>
</bind>
</comp>

<comp id="64" class="1001" name="const_64">
<pin_list>
<pin id="65" dir="1" index="0" bw="1" slack="2147483647"/>
</pin_list>
<bind>
<StgValue><ssdm name="empty_44"/></StgValue>
</bind>
</comp>

<comp id="66" class="1001" name="const_66">
<pin_list>
<pin id="67" dir="1" index="0" bw="1" slack="0"/>
</pin_list>
<bind>
<StgValue><ssdm name="_ssdm_op_Write.ap_auto.i32P0A"/></StgValue>
</bind>
</comp>

<comp id="68" class="1004" name="i_fu_68">
<pin_list>
<pin id="69" dir="0" index="0" bw="1" slack="0"/>
<pin id="70" dir="1" index="1" bw="4" slack="0"/>
</pin_list>
<bind>
<opcode="alloca(26) " fcode="alloca"/>
<opset="i/1 "/>
</bind>
</comp>

<comp id="72" class="1004" name="iRnewCameraMatrixHLS_fu_72">
<pin_list>
<pin id="73" dir="0" index="0" bw="1" slack="0"/>
<pin id="74" dir="1" index="1" bw="32" slack="0"/>
</pin_list>
<bind>
<opcode="alloca(26) " fcode="alloca"/>
<opset="iRnewCameraMatrixHLS/1 "/>
</bind>
</comp>

<comp id="76" class="1004" name="iRnewCameraMatrixHLS_1_fu_76">
<pin_list>
<pin id="77" dir="0" index="0" bw="1" slack="0"/>
<pin id="78" dir="1" index="1" bw="32" slack="0"/>
</pin_list>
<bind>
<opcode="alloca(26) " fcode="alloca"/>
<opset="iRnewCameraMatrixHLS_1/1 "/>
</bind>
</comp>

<comp id="80" class="1004" name="cameraMatrixHLS_1_fu_80">
<pin_list>
<pin id="81" dir="0" index="0" bw="1" slack="0"/>
<pin id="82" dir="1" index="1" bw="32" slack="0"/>
</pin_list>
<bind>
<opcode="alloca(26) " fcode="alloca"/>
<opset="cameraMatrixHLS_1/1 "/>
</bind>
</comp>

<comp id="84" class="1004" name="iRnewCameraMatrixHLS_2_fu_84">
<pin_list>
<pin id="85" dir="0" index="0" bw="1" slack="0"/>
<pin id="86" dir="1" index="1" bw="32" slack="0"/>
</pin_list>
<bind>
<opcode="alloca(26) " fcode="alloca"/>
<opset="iRnewCameraMatrixHLS_2/1 "/>
</bind>
</comp>

<comp id="88" class="1004" name="cameraMatrixHLS_2_fu_88">
<pin_list>
<pin id="89" dir="0" index="0" bw="1" slack="0"/>
<pin id="90" dir="1" index="1" bw="32" slack="0"/>
</pin_list>
<bind>
<opcode="alloca(26) " fcode="alloca"/>
<opset="cameraMatrixHLS_2/1 "/>
</bind>
</comp>

<comp id="92" class="1004" name="iRnewCameraMatrixHLS_3_fu_92">
<pin_list>
<pin id="93" dir="0" index="0" bw="1" slack="0"/>
<pin id="94" dir="1" index="1" bw="32" slack="0"/>
</pin_list>
<bind>
<opcode="alloca(26) " fcode="alloca"/>
<opset="iRnewCameraMatrixHLS_3/1 "/>
</bind>
</comp>

<comp id="96" class="1004" name="iRnewCameraMatrixHLS_4_fu_96">
<pin_list>
<pin id="97" dir="0" index="0" bw="1" slack="0"/>
<pin id="98" dir="1" index="1" bw="32" slack="0"/>
</pin_list>
<bind>
<opcode="alloca(26) " fcode="alloca"/>
<opset="iRnewCameraMatrixHLS_4/1 "/>
</bind>
</comp>

<comp id="100" class="1004" name="cameraMatrixHLS_3_fu_100">
<pin_list>
<pin id="101" dir="0" index="0" bw="1" slack="0"/>
<pin id="102" dir="1" index="1" bw="32" slack="0"/>
</pin_list>
<bind>
<opcode="alloca(26) " fcode="alloca"/>
<opset="cameraMatrixHLS_3/1 "/>
</bind>
</comp>

<comp id="104" class="1004" name="iRnewCameraMatrixHLS_5_fu_104">
<pin_list>
<pin id="105" dir="0" index="0" bw="1" slack="0"/>
<pin id="106" dir="1" index="1" bw="32" slack="0"/>
</pin_list>
<bind>
<opcode="alloca(26) " fcode="alloca"/>
<opset="iRnewCameraMatrixHLS_5/1 "/>
</bind>
</comp>

<comp id="108" class="1004" name="iRnewCameraMatrixHLS_6_fu_108">
<pin_list>
<pin id="109" dir="0" index="0" bw="1" slack="0"/>
<pin id="110" dir="1" index="1" bw="32" slack="0"/>
</pin_list>
<bind>
<opcode="alloca(26) " fcode="alloca"/>
<opset="iRnewCameraMatrixHLS_6/1 "/>
</bind>
</comp>

<comp id="112" class="1004" name="cameraMatrixHLS_4_fu_112">
<pin_list>
<pin id="113" dir="0" index="0" bw="1" slack="0"/>
<pin id="114" dir="1" index="1" bw="32" slack="0"/>
</pin_list>
<bind>
<opcode="alloca(26) " fcode="alloca"/>
<opset="cameraMatrixHLS_4/1 "/>
</bind>
</comp>

<comp id="116" class="1004" name="iRnewCameraMatrixHLS_7_fu_116">
<pin_list>
<pin id="117" dir="0" index="0" bw="1" slack="0"/>
<pin id="118" dir="1" index="1" bw="32" slack="0"/>
</pin_list>
<bind>
<opcode="alloca(26) " fcode="alloca"/>
<opset="iRnewCameraMatrixHLS_7/1 "/>
</bind>
</comp>

<comp id="120" class="1004" name="iRnewCameraMatrixHLS_8_fu_120">
<pin_list>
<pin id="121" dir="0" index="0" bw="1" slack="0"/>
<pin id="122" dir="1" index="1" bw="32" slack="0"/>
</pin_list>
<bind>
<opcode="alloca(26) " fcode="alloca"/>
<opset="iRnewCameraMatrixHLS_8/1 "/>
</bind>
</comp>

<comp id="124" class="1004" name="write_ln0_write_fu_124">
<pin_list>
<pin id="125" dir="0" index="0" bw="0" slack="0"/>
<pin id="126" dir="0" index="1" bw="32" slack="0"/>
<pin id="127" dir="0" index="2" bw="32" slack="0"/>
<pin id="128" dir="1" index="3" bw="0" slack="2147483647"/>
</pin_list>
<bind>
<opcode="write(1151) " fcode="write"/>
<opset="write_ln0/1 "/>
</bind>
</comp>

<comp id="131" class="1004" name="write_ln0_write_fu_131">
<pin_list>
<pin id="132" dir="0" index="0" bw="0" slack="0"/>
<pin id="133" dir="0" index="1" bw="32" slack="0"/>
<pin id="134" dir="0" index="2" bw="32" slack="0"/>
<pin id="135" dir="1" index="3" bw="0" slack="2147483647"/>
</pin_list>
<bind>
<opcode="write(1151) " fcode="write"/>
<opset="write_ln0/1 "/>
</bind>
</comp>

<comp id="138" class="1004" name="write_ln0_write_fu_138">
<pin_list>
<pin id="139" dir="0" index="0" bw="0" slack="0"/>
<pin id="140" dir="0" index="1" bw="32" slack="0"/>
<pin id="141" dir="0" index="2" bw="32" slack="0"/>
<pin id="142" dir="1" index="3" bw="0" slack="2147483647"/>
</pin_list>
<bind>
<opcode="write(1151) " fcode="write"/>
<opset="write_ln0/1 "/>
</bind>
</comp>

<comp id="145" class="1004" name="write_ln0_write_fu_145">
<pin_list>
<pin id="146" dir="0" index="0" bw="0" slack="0"/>
<pin id="147" dir="0" index="1" bw="32" slack="0"/>
<pin id="148" dir="0" index="2" bw="32" slack="0"/>
<pin id="149" dir="1" index="3" bw="0" slack="2147483647"/>
</pin_list>
<bind>
<opcode="write(1151) " fcode="write"/>
<opset="write_ln0/1 "/>
</bind>
</comp>

<comp id="152" class="1004" name="write_ln0_write_fu_152">
<pin_list>
<pin id="153" dir="0" index="0" bw="0" slack="0"/>
<pin id="154" dir="0" index="1" bw="32" slack="0"/>
<pin id="155" dir="0" index="2" bw="32" slack="0"/>
<pin id="156" dir="1" index="3" bw="0" slack="2147483647"/>
</pin_list>
<bind>
<opcode="write(1151) " fcode="write"/>
<opset="write_ln0/1 "/>
</bind>
</comp>

<comp id="159" class="1004" name="write_ln0_write_fu_159">
<pin_list>
<pin id="160" dir="0" index="0" bw="0" slack="0"/>
<pin id="161" dir="0" index="1" bw="32" slack="0"/>
<pin id="162" dir="0" index="2" bw="32" slack="0"/>
<pin id="163" dir="1" index="3" bw="0" slack="2147483647"/>
</pin_list>
<bind>
<opcode="write(1151) " fcode="write"/>
<opset="write_ln0/1 "/>
</bind>
</comp>

<comp id="166" class="1004" name="write_ln0_write_fu_166">
<pin_list>
<pin id="167" dir="0" index="0" bw="0" slack="0"/>
<pin id="168" dir="0" index="1" bw="32" slack="0"/>
<pin id="169" dir="0" index="2" bw="32" slack="0"/>
<pin id="170" dir="1" index="3" bw="0" slack="2147483647"/>
</pin_list>
<bind>
<opcode="write(1151) " fcode="write"/>
<opset="write_ln0/1 "/>
</bind>
</comp>

<comp id="173" class="1004" name="write_ln0_write_fu_173">
<pin_list>
<pin id="174" dir="0" index="0" bw="0" slack="0"/>
<pin id="175" dir="0" index="1" bw="32" slack="0"/>
<pin id="176" dir="0" index="2" bw="32" slack="0"/>
<pin id="177" dir="1" index="3" bw="0" slack="2147483647"/>
</pin_list>
<bind>
<opcode="write(1151) " fcode="write"/>
<opset="write_ln0/1 "/>
</bind>
</comp>

<comp id="180" class="1004" name="write_ln0_write_fu_180">
<pin_list>
<pin id="181" dir="0" index="0" bw="0" slack="0"/>
<pin id="182" dir="0" index="1" bw="32" slack="0"/>
<pin id="183" dir="0" index="2" bw="32" slack="0"/>
<pin id="184" dir="1" index="3" bw="0" slack="2147483647"/>
</pin_list>
<bind>
<opcode="write(1151) " fcode="write"/>
<opset="write_ln0/1 "/>
</bind>
</comp>

<comp id="187" class="1004" name="write_ln0_write_fu_187">
<pin_list>
<pin id="188" dir="0" index="0" bw="0" slack="0"/>
<pin id="189" dir="0" index="1" bw="32" slack="0"/>
<pin id="190" dir="0" index="2" bw="32" slack="0"/>
<pin id="191" dir="1" index="3" bw="0" slack="2147483647"/>
</pin_list>
<bind>
<opcode="write(1151) " fcode="write"/>
<opset="write_ln0/1 "/>
</bind>
</comp>

<comp id="194" class="1004" name="write_ln0_write_fu_194">
<pin_list>
<pin id="195" dir="0" index="0" bw="0" slack="0"/>
<pin id="196" dir="0" index="1" bw="32" slack="0"/>
<pin id="197" dir="0" index="2" bw="32" slack="0"/>
<pin id="198" dir="1" index="3" bw="0" slack="2147483647"/>
</pin_list>
<bind>
<opcode="write(1151) " fcode="write"/>
<opset="write_ln0/1 "/>
</bind>
</comp>

<comp id="201" class="1004" name="write_ln0_write_fu_201">
<pin_list>
<pin id="202" dir="0" index="0" bw="0" slack="0"/>
<pin id="203" dir="0" index="1" bw="32" slack="0"/>
<pin id="204" dir="0" index="2" bw="32" slack="0"/>
<pin id="205" dir="1" index="3" bw="0" slack="2147483647"/>
</pin_list>
<bind>
<opcode="write(1151) " fcode="write"/>
<opset="write_ln0/1 "/>
</bind>
</comp>

<comp id="208" class="1004" name="write_ln0_write_fu_208">
<pin_list>
<pin id="209" dir="0" index="0" bw="0" slack="0"/>
<pin id="210" dir="0" index="1" bw="32" slack="0"/>
<pin id="211" dir="0" index="2" bw="32" slack="0"/>
<pin id="212" dir="1" index="3" bw="0" slack="2147483647"/>
</pin_list>
<bind>
<opcode="write(1151) " fcode="write"/>
<opset="write_ln0/1 "/>
</bind>
</comp>

<comp id="215" class="1004" name="cameraMatrix_addr_gep_fu_215">
<pin_list>
<pin id="216" dir="0" index="0" bw="32" slack="0"/>
<pin id="217" dir="0" index="1" bw="1" slack="0"/>
<pin id="218" dir="0" index="2" bw="4" slack="0"/>
<pin id="219" dir="1" index="3" bw="4" slack="0"/>
</pin_list>
<bind>
<opcode="getelementptr(29) " fcode="getelementptr"/>
<opset="cameraMatrix_addr/1 "/>
</bind>
</comp>

<comp id="222" class="1004" name="grp_access_fu_222">
<pin_list>
<pin id="223" dir="0" index="0" bw="4" slack="0"/>
<pin id="224" dir="0" index="1" bw="32" slack="2147483647"/>
<pin id="225" dir="0" index="2" bw="0" slack="2147483647"/>
<pin id="226" dir="1" index="3" bw="32" slack="0"/>
</pin_list>
<bind>
<opcode="load(27) " fcode="load"/>
<opset="cameraMatrixHLS/1 "/>
</bind>
</comp>

<comp id="228" class="1004" name="ir_addr_gep_fu_228">
<pin_list>
<pin id="229" dir="0" index="0" bw="32" slack="0"/>
<pin id="230" dir="0" index="1" bw="1" slack="0"/>
<pin id="231" dir="0" index="2" bw="4" slack="0"/>
<pin id="232" dir="1" index="3" bw="4" slack="0"/>
</pin_list>
<bind>
<opcode="getelementptr(29) " fcode="getelementptr"/>
<opset="ir_addr/1 "/>
</bind>
</comp>

<comp id="235" class="1004" name="grp_access_fu_235">
<pin_list>
<pin id="236" dir="0" index="0" bw="4" slack="0"/>
<pin id="237" dir="0" index="1" bw="32" slack="2147483647"/>
<pin id="238" dir="0" index="2" bw="0" slack="2147483647"/>
<pin id="239" dir="1" index="3" bw="32" slack="0"/>
</pin_list>
<bind>
<opcode="load(27) " fcode="load"/>
<opset="ir_load/1 "/>
</bind>
</comp>

<comp id="241" class="1004" name="store_ln0_store_fu_241">
<pin_list>
<pin id="242" dir="0" index="0" bw="1" slack="0"/>
<pin id="243" dir="0" index="1" bw="4" slack="0"/>
<pin id="244" dir="1" index="2" bw="0" slack="2147483647"/>
</pin_list>
<bind>
<opcode="store(28) " fcode="store"/>
<opset="store_ln0/1 "/>
</bind>
</comp>

<comp id="246" class="1004" name="i_10_load_fu_246">
<pin_list>
<pin id="247" dir="0" index="0" bw="4" slack="0"/>
<pin id="248" dir="1" index="1" bw="4" slack="0"/>
</pin_list>
<bind>
<opcode="load(27) " fcode="load"/>
<opset="i_10/1 "/>
</bind>
</comp>

<comp id="249" class="1004" name="icmp_ln171_fu_249">
<pin_list>
<pin id="250" dir="0" index="0" bw="4" slack="0"/>
<pin id="251" dir="0" index="1" bw="4" slack="0"/>
<pin id="252" dir="1" index="2" bw="1" slack="2147483647"/>
</pin_list>
<bind>
<opcode="icmp(45) " fcode="icmp"/>
<opset="icmp_ln171/1 "/>
</bind>
</comp>

<comp id="255" class="1004" name="add_ln171_fu_255">
<pin_list>
<pin id="256" dir="0" index="0" bw="4" slack="0"/>
<pin id="257" dir="0" index="1" bw="1" slack="0"/>
<pin id="258" dir="1" index="2" bw="4" slack="0"/>
</pin_list>
<bind>
<opcode="add(8) " fcode="add"/>
<opset="add_ln171/1 "/>
</bind>
</comp>

<comp id="261" class="1004" name="zext_ln171_fu_261">
<pin_list>
<pin id="262" dir="0" index="0" bw="4" slack="0"/>
<pin id="263" dir="1" index="1" bw="64" slack="0"/>
</pin_list>
<bind>
<opcode="zext(34) " fcode="zext"/>
<opset="zext_ln171/1 "/>
</bind>
</comp>

<comp id="267" class="1004" name="store_ln171_store_fu_267">
<pin_list>
<pin id="268" dir="0" index="0" bw="4" slack="0"/>
<pin id="269" dir="0" index="1" bw="4" slack="0"/>
<pin id="270" dir="1" index="2" bw="0" slack="2147483647"/>
</pin_list>
<bind>
<opcode="store(28) " fcode="store"/>
<opset="store_ln171/1 "/>
</bind>
</comp>

<comp id="272" class="1004" name="store_ln175_store_fu_272">
<pin_list>
<pin id="273" dir="0" index="0" bw="32" slack="0"/>
<pin id="274" dir="0" index="1" bw="32" slack="1"/>
<pin id="275" dir="1" index="2" bw="0" slack="2147483647"/>
</pin_list>
<bind>
<opcode="store(28) " fcode="store"/>
<opset="store_ln175/2 "/>
</bind>
</comp>

<comp id="277" class="1004" name="store_ln176_store_fu_277">
<pin_list>
<pin id="278" dir="0" index="0" bw="32" slack="0"/>
<pin id="279" dir="0" index="1" bw="32" slack="1"/>
<pin id="280" dir="1" index="2" bw="0" slack="2147483647"/>
</pin_list>
<bind>
<opcode="store(28) " fcode="store"/>
<opset="store_ln176/2 "/>
</bind>
</comp>

<comp id="282" class="1004" name="store_ln176_store_fu_282">
<pin_list>
<pin id="283" dir="0" index="0" bw="32" slack="0"/>
<pin id="284" dir="0" index="1" bw="32" slack="1"/>
<pin id="285" dir="1" index="2" bw="0" slack="2147483647"/>
</pin_list>
<bind>
<opcode="store(28) " fcode="store"/>
<opset="store_ln176/2 "/>
</bind>
</comp>

<comp id="287" class="1004" name="store_ln176_store_fu_287">
<pin_list>
<pin id="288" dir="0" index="0" bw="32" slack="0"/>
<pin id="289" dir="0" index="1" bw="32" slack="1"/>
<pin id="290" dir="1" index="2" bw="0" slack="2147483647"/>
</pin_list>
<bind>
<opcode="store(28) " fcode="store"/>
<opset="store_ln176/2 "/>
</bind>
</comp>

<comp id="292" class="1004" name="store_ln176_store_fu_292">
<pin_list>
<pin id="293" dir="0" index="0" bw="32" slack="0"/>
<pin id="294" dir="0" index="1" bw="32" slack="1"/>
<pin id="295" dir="1" index="2" bw="0" slack="2147483647"/>
</pin_list>
<bind>
<opcode="store(28) " fcode="store"/>
<opset="store_ln176/2 "/>
</bind>
</comp>

<comp id="297" class="1004" name="store_ln176_store_fu_297">
<pin_list>
<pin id="298" dir="0" index="0" bw="32" slack="0"/>
<pin id="299" dir="0" index="1" bw="32" slack="1"/>
<pin id="300" dir="1" index="2" bw="0" slack="2147483647"/>
</pin_list>
<bind>
<opcode="store(28) " fcode="store"/>
<opset="store_ln176/2 "/>
</bind>
</comp>

<comp id="302" class="1004" name="store_ln176_store_fu_302">
<pin_list>
<pin id="303" dir="0" index="0" bw="32" slack="0"/>
<pin id="304" dir="0" index="1" bw="32" slack="1"/>
<pin id="305" dir="1" index="2" bw="0" slack="2147483647"/>
</pin_list>
<bind>
<opcode="store(28) " fcode="store"/>
<opset="store_ln176/2 "/>
</bind>
</comp>

<comp id="307" class="1004" name="store_ln176_store_fu_307">
<pin_list>
<pin id="308" dir="0" index="0" bw="32" slack="0"/>
<pin id="309" dir="0" index="1" bw="32" slack="1"/>
<pin id="310" dir="1" index="2" bw="0" slack="2147483647"/>
</pin_list>
<bind>
<opcode="store(28) " fcode="store"/>
<opset="store_ln176/2 "/>
</bind>
</comp>

<comp id="312" class="1004" name="store_ln176_store_fu_312">
<pin_list>
<pin id="313" dir="0" index="0" bw="32" slack="0"/>
<pin id="314" dir="0" index="1" bw="32" slack="1"/>
<pin id="315" dir="1" index="2" bw="0" slack="2147483647"/>
</pin_list>
<bind>
<opcode="store(28) " fcode="store"/>
<opset="store_ln176/2 "/>
</bind>
</comp>

<comp id="317" class="1004" name="store_ln176_store_fu_317">
<pin_list>
<pin id="318" dir="0" index="0" bw="32" slack="0"/>
<pin id="319" dir="0" index="1" bw="32" slack="1"/>
<pin id="320" dir="1" index="2" bw="0" slack="2147483647"/>
</pin_list>
<bind>
<opcode="store(28) " fcode="store"/>
<opset="store_ln176/2 "/>
</bind>
</comp>

<comp id="322" class="1004" name="store_ln175_store_fu_322">
<pin_list>
<pin id="323" dir="0" index="0" bw="32" slack="0"/>
<pin id="324" dir="0" index="1" bw="32" slack="1"/>
<pin id="325" dir="1" index="2" bw="0" slack="2147483647"/>
</pin_list>
<bind>
<opcode="store(28) " fcode="store"/>
<opset="store_ln175/2 "/>
</bind>
</comp>

<comp id="327" class="1004" name="store_ln175_store_fu_327">
<pin_list>
<pin id="328" dir="0" index="0" bw="32" slack="0"/>
<pin id="329" dir="0" index="1" bw="32" slack="1"/>
<pin id="330" dir="1" index="2" bw="0" slack="2147483647"/>
</pin_list>
<bind>
<opcode="store(28) " fcode="store"/>
<opset="store_ln175/2 "/>
</bind>
</comp>

<comp id="332" class="1004" name="store_ln176_store_fu_332">
<pin_list>
<pin id="333" dir="0" index="0" bw="32" slack="0"/>
<pin id="334" dir="0" index="1" bw="32" slack="1"/>
<pin id="335" dir="1" index="2" bw="0" slack="2147483647"/>
</pin_list>
<bind>
<opcode="store(28) " fcode="store"/>
<opset="store_ln176/2 "/>
</bind>
</comp>

<comp id="337" class="1004" name="iRnewCameraMatrixHLS_load_load_fu_337">
<pin_list>
<pin id="338" dir="0" index="0" bw="32" slack="0"/>
<pin id="339" dir="1" index="1" bw="32" slack="0"/>
</pin_list>
<bind>
<opcode="load(27) " fcode="load"/>
<opset="iRnewCameraMatrixHLS_load/1 "/>
</bind>
</comp>

<comp id="341" class="1004" name="iRnewCameraMatrixHLS_1_load_load_fu_341">
<pin_list>
<pin id="342" dir="0" index="0" bw="32" slack="0"/>
<pin id="343" dir="1" index="1" bw="32" slack="0"/>
</pin_list>
<bind>
<opcode="load(27) " fcode="load"/>
<opset="iRnewCameraMatrixHLS_1_load/1 "/>
</bind>
</comp>

<comp id="345" class="1004" name="cameraMatrixHLS_1_load_load_fu_345">
<pin_list>
<pin id="346" dir="0" index="0" bw="32" slack="0"/>
<pin id="347" dir="1" index="1" bw="32" slack="0"/>
</pin_list>
<bind>
<opcode="load(27) " fcode="load"/>
<opset="cameraMatrixHLS_1_load/1 "/>
</bind>
</comp>

<comp id="349" class="1004" name="iRnewCameraMatrixHLS_2_load_load_fu_349">
<pin_list>
<pin id="350" dir="0" index="0" bw="32" slack="0"/>
<pin id="351" dir="1" index="1" bw="32" slack="0"/>
</pin_list>
<bind>
<opcode="load(27) " fcode="load"/>
<opset="iRnewCameraMatrixHLS_2_load/1 "/>
</bind>
</comp>

<comp id="353" class="1004" name="cameraMatrixHLS_2_load_load_fu_353">
<pin_list>
<pin id="354" dir="0" index="0" bw="32" slack="0"/>
<pin id="355" dir="1" index="1" bw="32" slack="0"/>
</pin_list>
<bind>
<opcode="load(27) " fcode="load"/>
<opset="cameraMatrixHLS_2_load/1 "/>
</bind>
</comp>

<comp id="357" class="1004" name="iRnewCameraMatrixHLS_3_load_load_fu_357">
<pin_list>
<pin id="358" dir="0" index="0" bw="32" slack="0"/>
<pin id="359" dir="1" index="1" bw="32" slack="0"/>
</pin_list>
<bind>
<opcode="load(27) " fcode="load"/>
<opset="iRnewCameraMatrixHLS_3_load/1 "/>
</bind>
</comp>

<comp id="361" class="1004" name="iRnewCameraMatrixHLS_4_load_load_fu_361">
<pin_list>
<pin id="362" dir="0" index="0" bw="32" slack="0"/>
<pin id="363" dir="1" index="1" bw="32" slack="0"/>
</pin_list>
<bind>
<opcode="load(27) " fcode="load"/>
<opset="iRnewCameraMatrixHLS_4_load/1 "/>
</bind>
</comp>

<comp id="365" class="1004" name="cameraMatrixHLS_3_load_load_fu_365">
<pin_list>
<pin id="366" dir="0" index="0" bw="32" slack="0"/>
<pin id="367" dir="1" index="1" bw="32" slack="0"/>
</pin_list>
<bind>
<opcode="load(27) " fcode="load"/>
<opset="cameraMatrixHLS_3_load/1 "/>
</bind>
</comp>

<comp id="369" class="1004" name="iRnewCameraMatrixHLS_5_load_load_fu_369">
<pin_list>
<pin id="370" dir="0" index="0" bw="32" slack="0"/>
<pin id="371" dir="1" index="1" bw="32" slack="0"/>
</pin_list>
<bind>
<opcode="load(27) " fcode="load"/>
<opset="iRnewCameraMatrixHLS_5_load/1 "/>
</bind>
</comp>

<comp id="373" class="1004" name="iRnewCameraMatrixHLS_6_load_load_fu_373">
<pin_list>
<pin id="374" dir="0" index="0" bw="32" slack="0"/>
<pin id="375" dir="1" index="1" bw="32" slack="0"/>
</pin_list>
<bind>
<opcode="load(27) " fcode="load"/>
<opset="iRnewCameraMatrixHLS_6_load/1 "/>
</bind>
</comp>

<comp id="377" class="1004" name="cameraMatrixHLS_4_load_load_fu_377">
<pin_list>
<pin id="378" dir="0" index="0" bw="32" slack="0"/>
<pin id="379" dir="1" index="1" bw="32" slack="0"/>
</pin_list>
<bind>
<opcode="load(27) " fcode="load"/>
<opset="cameraMatrixHLS_4_load/1 "/>
</bind>
</comp>

<comp id="381" class="1004" name="iRnewCameraMatrixHLS_7_load_load_fu_381">
<pin_list>
<pin id="382" dir="0" index="0" bw="32" slack="0"/>
<pin id="383" dir="1" index="1" bw="32" slack="0"/>
</pin_list>
<bind>
<opcode="load(27) " fcode="load"/>
<opset="iRnewCameraMatrixHLS_7_load/1 "/>
</bind>
</comp>

<comp id="385" class="1004" name="iRnewCameraMatrixHLS_8_load_load_fu_385">
<pin_list>
<pin id="386" dir="0" index="0" bw="32" slack="0"/>
<pin id="387" dir="1" index="1" bw="32" slack="0"/>
</pin_list>
<bind>
<opcode="load(27) " fcode="load"/>
<opset="iRnewCameraMatrixHLS_8_load/1 "/>
</bind>
</comp>

<comp id="389" class="1005" name="i_reg_389">
<pin_list>
<pin id="390" dir="0" index="0" bw="4" slack="0"/>
<pin id="391" dir="1" index="1" bw="4" slack="0"/>
</pin_list>
<bind>
<opset="i "/>
</bind>
</comp>

<comp id="396" class="1005" name="iRnewCameraMatrixHLS_reg_396">
<pin_list>
<pin id="397" dir="0" index="0" bw="32" slack="0"/>
<pin id="398" dir="1" index="1" bw="32" slack="0"/>
</pin_list>
<bind>
<opset="iRnewCameraMatrixHLS "/>
</bind>
</comp>

<comp id="402" class="1005" name="iRnewCameraMatrixHLS_1_reg_402">
<pin_list>
<pin id="403" dir="0" index="0" bw="32" slack="0"/>
<pin id="404" dir="1" index="1" bw="32" slack="0"/>
</pin_list>
<bind>
<opset="iRnewCameraMatrixHLS_1 "/>
</bind>
</comp>

<comp id="408" class="1005" name="cameraMatrixHLS_1_reg_408">
<pin_list>
<pin id="409" dir="0" index="0" bw="32" slack="0"/>
<pin id="410" dir="1" index="1" bw="32" slack="0"/>
</pin_list>
<bind>
<opset="cameraMatrixHLS_1 "/>
</bind>
</comp>

<comp id="414" class="1005" name="iRnewCameraMatrixHLS_2_reg_414">
<pin_list>
<pin id="415" dir="0" index="0" bw="32" slack="0"/>
<pin id="416" dir="1" index="1" bw="32" slack="0"/>
</pin_list>
<bind>
<opset="iRnewCameraMatrixHLS_2 "/>
</bind>
</comp>

<comp id="420" class="1005" name="cameraMatrixHLS_2_reg_420">
<pin_list>
<pin id="421" dir="0" index="0" bw="32" slack="0"/>
<pin id="422" dir="1" index="1" bw="32" slack="0"/>
</pin_list>
<bind>
<opset="cameraMatrixHLS_2 "/>
</bind>
</comp>

<comp id="426" class="1005" name="iRnewCameraMatrixHLS_3_reg_426">
<pin_list>
<pin id="427" dir="0" index="0" bw="32" slack="0"/>
<pin id="428" dir="1" index="1" bw="32" slack="0"/>
</pin_list>
<bind>
<opset="iRnewCameraMatrixHLS_3 "/>
</bind>
</comp>

<comp id="432" class="1005" name="iRnewCameraMatrixHLS_4_reg_432">
<pin_list>
<pin id="433" dir="0" index="0" bw="32" slack="0"/>
<pin id="434" dir="1" index="1" bw="32" slack="0"/>
</pin_list>
<bind>
<opset="iRnewCameraMatrixHLS_4 "/>
</bind>
</comp>

<comp id="438" class="1005" name="cameraMatrixHLS_3_reg_438">
<pin_list>
<pin id="439" dir="0" index="0" bw="32" slack="0"/>
<pin id="440" dir="1" index="1" bw="32" slack="0"/>
</pin_list>
<bind>
<opset="cameraMatrixHLS_3 "/>
</bind>
</comp>

<comp id="444" class="1005" name="iRnewCameraMatrixHLS_5_reg_444">
<pin_list>
<pin id="445" dir="0" index="0" bw="32" slack="0"/>
<pin id="446" dir="1" index="1" bw="32" slack="0"/>
</pin_list>
<bind>
<opset="iRnewCameraMatrixHLS_5 "/>
</bind>
</comp>

<comp id="450" class="1005" name="iRnewCameraMatrixHLS_6_reg_450">
<pin_list>
<pin id="451" dir="0" index="0" bw="32" slack="0"/>
<pin id="452" dir="1" index="1" bw="32" slack="0"/>
</pin_list>
<bind>
<opset="iRnewCameraMatrixHLS_6 "/>
</bind>
</comp>

<comp id="456" class="1005" name="cameraMatrixHLS_4_reg_456">
<pin_list>
<pin id="457" dir="0" index="0" bw="32" slack="0"/>
<pin id="458" dir="1" index="1" bw="32" slack="0"/>
</pin_list>
<bind>
<opset="cameraMatrixHLS_4 "/>
</bind>
</comp>

<comp id="462" class="1005" name="iRnewCameraMatrixHLS_7_reg_462">
<pin_list>
<pin id="463" dir="0" index="0" bw="32" slack="0"/>
<pin id="464" dir="1" index="1" bw="32" slack="0"/>
</pin_list>
<bind>
<opset="iRnewCameraMatrixHLS_7 "/>
</bind>
</comp>

<comp id="468" class="1005" name="iRnewCameraMatrixHLS_8_reg_468">
<pin_list>
<pin id="469" dir="0" index="0" bw="32" slack="0"/>
<pin id="470" dir="1" index="1" bw="32" slack="0"/>
</pin_list>
<bind>
<opset="iRnewCameraMatrixHLS_8 "/>
</bind>
</comp>

<comp id="474" class="1005" name="i_10_reg_474">
<pin_list>
<pin id="475" dir="0" index="0" bw="4" slack="1"/>
<pin id="476" dir="1" index="1" bw="4" slack="2147483647"/>
</pin_list>
<bind>
<opset="i_10 "/>
</bind>
</comp>

<comp id="481" class="1005" name="cameraMatrix_addr_reg_481">
<pin_list>
<pin id="482" dir="0" index="0" bw="4" slack="1"/>
<pin id="483" dir="1" index="1" bw="4" slack="1"/>
</pin_list>
<bind>
<opset="cameraMatrix_addr "/>
</bind>
</comp>

<comp id="486" class="1005" name="ir_addr_reg_486">
<pin_list>
<pin id="487" dir="0" index="0" bw="4" slack="1"/>
<pin id="488" dir="1" index="1" bw="4" slack="1"/>
</pin_list>
<bind>
<opset="ir_addr "/>
</bind>
</comp>

</comp_list>

<net_list>
<net id="71"><net_src comp="30" pin="0"/><net_sink comp="68" pin=0"/></net>

<net id="75"><net_src comp="30" pin="0"/><net_sink comp="72" pin=0"/></net>

<net id="79"><net_src comp="30" pin="0"/><net_sink comp="76" pin=0"/></net>

<net id="83"><net_src comp="30" pin="0"/><net_sink comp="80" pin=0"/></net>

<net id="87"><net_src comp="30" pin="0"/><net_sink comp="84" pin=0"/></net>

<net id="91"><net_src comp="30" pin="0"/><net_sink comp="88" pin=0"/></net>

<net id="95"><net_src comp="30" pin="0"/><net_sink comp="92" pin=0"/></net>

<net id="99"><net_src comp="30" pin="0"/><net_sink comp="96" pin=0"/></net>

<net id="103"><net_src comp="30" pin="0"/><net_sink comp="100" pin=0"/></net>

<net id="107"><net_src comp="30" pin="0"/><net_sink comp="104" pin=0"/></net>

<net id="111"><net_src comp="30" pin="0"/><net_sink comp="108" pin=0"/></net>

<net id="115"><net_src comp="30" pin="0"/><net_sink comp="112" pin=0"/></net>

<net id="119"><net_src comp="30" pin="0"/><net_sink comp="116" pin=0"/></net>

<net id="123"><net_src comp="30" pin="0"/><net_sink comp="120" pin=0"/></net>

<net id="129"><net_src comp="66" pin="0"/><net_sink comp="124" pin=0"/></net>

<net id="130"><net_src comp="4" pin="0"/><net_sink comp="124" pin=1"/></net>

<net id="136"><net_src comp="66" pin="0"/><net_sink comp="131" pin=0"/></net>

<net id="137"><net_src comp="6" pin="0"/><net_sink comp="131" pin=1"/></net>

<net id="143"><net_src comp="66" pin="0"/><net_sink comp="138" pin=0"/></net>

<net id="144"><net_src comp="8" pin="0"/><net_sink comp="138" pin=1"/></net>

<net id="150"><net_src comp="66" pin="0"/><net_sink comp="145" pin=0"/></net>

<net id="151"><net_src comp="10" pin="0"/><net_sink comp="145" pin=1"/></net>

<net id="157"><net_src comp="66" pin="0"/><net_sink comp="152" pin=0"/></net>

<net id="158"><net_src comp="12" pin="0"/><net_sink comp="152" pin=1"/></net>

<net id="164"><net_src comp="66" pin="0"/><net_sink comp="159" pin=0"/></net>

<net id="165"><net_src comp="14" pin="0"/><net_sink comp="159" pin=1"/></net>

<net id="171"><net_src comp="66" pin="0"/><net_sink comp="166" pin=0"/></net>

<net id="172"><net_src comp="16" pin="0"/><net_sink comp="166" pin=1"/></net>

<net id="178"><net_src comp="66" pin="0"/><net_sink comp="173" pin=0"/></net>

<net id="179"><net_src comp="18" pin="0"/><net_sink comp="173" pin=1"/></net>

<net id="185"><net_src comp="66" pin="0"/><net_sink comp="180" pin=0"/></net>

<net id="186"><net_src comp="20" pin="0"/><net_sink comp="180" pin=1"/></net>

<net id="192"><net_src comp="66" pin="0"/><net_sink comp="187" pin=0"/></net>

<net id="193"><net_src comp="22" pin="0"/><net_sink comp="187" pin=1"/></net>

<net id="199"><net_src comp="66" pin="0"/><net_sink comp="194" pin=0"/></net>

<net id="200"><net_src comp="24" pin="0"/><net_sink comp="194" pin=1"/></net>

<net id="206"><net_src comp="66" pin="0"/><net_sink comp="201" pin=0"/></net>

<net id="207"><net_src comp="26" pin="0"/><net_sink comp="201" pin=1"/></net>

<net id="213"><net_src comp="66" pin="0"/><net_sink comp="208" pin=0"/></net>

<net id="214"><net_src comp="28" pin="0"/><net_sink comp="208" pin=1"/></net>

<net id="220"><net_src comp="0" pin="0"/><net_sink comp="215" pin=0"/></net>

<net id="221"><net_src comp="38" pin="0"/><net_sink comp="215" pin=1"/></net>

<net id="227"><net_src comp="215" pin="3"/><net_sink comp="222" pin=0"/></net>

<net id="233"><net_src comp="2" pin="0"/><net_sink comp="228" pin=0"/></net>

<net id="234"><net_src comp="38" pin="0"/><net_sink comp="228" pin=1"/></net>

<net id="240"><net_src comp="228" pin="3"/><net_sink comp="235" pin=0"/></net>

<net id="245"><net_src comp="32" pin="0"/><net_sink comp="241" pin=0"/></net>

<net id="253"><net_src comp="246" pin="1"/><net_sink comp="249" pin=0"/></net>

<net id="254"><net_src comp="34" pin="0"/><net_sink comp="249" pin=1"/></net>

<net id="259"><net_src comp="246" pin="1"/><net_sink comp="255" pin=0"/></net>

<net id="260"><net_src comp="36" pin="0"/><net_sink comp="255" pin=1"/></net>

<net id="264"><net_src comp="246" pin="1"/><net_sink comp="261" pin=0"/></net>

<net id="265"><net_src comp="261" pin="1"/><net_sink comp="215" pin=2"/></net>

<net id="266"><net_src comp="261" pin="1"/><net_sink comp="228" pin=2"/></net>

<net id="271"><net_src comp="255" pin="2"/><net_sink comp="267" pin=0"/></net>

<net id="276"><net_src comp="235" pin="3"/><net_sink comp="272" pin=0"/></net>

<net id="281"><net_src comp="235" pin="3"/><net_sink comp="277" pin=0"/></net>

<net id="286"><net_src comp="235" pin="3"/><net_sink comp="282" pin=0"/></net>

<net id="291"><net_src comp="222" pin="3"/><net_sink comp="287" pin=0"/></net>

<net id="296"><net_src comp="235" pin="3"/><net_sink comp="292" pin=0"/></net>

<net id="301"><net_src comp="222" pin="3"/><net_sink comp="297" pin=0"/></net>

<net id="306"><net_src comp="235" pin="3"/><net_sink comp="302" pin=0"/></net>

<net id="311"><net_src comp="235" pin="3"/><net_sink comp="307" pin=0"/></net>

<net id="316"><net_src comp="222" pin="3"/><net_sink comp="312" pin=0"/></net>

<net id="321"><net_src comp="235" pin="3"/><net_sink comp="317" pin=0"/></net>

<net id="326"><net_src comp="235" pin="3"/><net_sink comp="322" pin=0"/></net>

<net id="331"><net_src comp="222" pin="3"/><net_sink comp="327" pin=0"/></net>

<net id="336"><net_src comp="235" pin="3"/><net_sink comp="332" pin=0"/></net>

<net id="340"><net_src comp="337" pin="1"/><net_sink comp="208" pin=2"/></net>

<net id="344"><net_src comp="341" pin="1"/><net_sink comp="201" pin=2"/></net>

<net id="348"><net_src comp="345" pin="1"/><net_sink comp="194" pin=2"/></net>

<net id="352"><net_src comp="349" pin="1"/><net_sink comp="187" pin=2"/></net>

<net id="356"><net_src comp="353" pin="1"/><net_sink comp="180" pin=2"/></net>

<net id="360"><net_src comp="357" pin="1"/><net_sink comp="173" pin=2"/></net>

<net id="364"><net_src comp="361" pin="1"/><net_sink comp="166" pin=2"/></net>

<net id="368"><net_src comp="365" pin="1"/><net_sink comp="159" pin=2"/></net>

<net id="372"><net_src comp="369" pin="1"/><net_sink comp="152" pin=2"/></net>

<net id="376"><net_src comp="373" pin="1"/><net_sink comp="145" pin=2"/></net>

<net id="380"><net_src comp="377" pin="1"/><net_sink comp="138" pin=2"/></net>

<net id="384"><net_src comp="381" pin="1"/><net_sink comp="131" pin=2"/></net>

<net id="388"><net_src comp="385" pin="1"/><net_sink comp="124" pin=2"/></net>

<net id="392"><net_src comp="68" pin="1"/><net_sink comp="389" pin=0"/></net>

<net id="393"><net_src comp="389" pin="1"/><net_sink comp="241" pin=1"/></net>

<net id="394"><net_src comp="389" pin="1"/><net_sink comp="246" pin=0"/></net>

<net id="395"><net_src comp="389" pin="1"/><net_sink comp="267" pin=1"/></net>

<net id="399"><net_src comp="72" pin="1"/><net_sink comp="396" pin=0"/></net>

<net id="400"><net_src comp="396" pin="1"/><net_sink comp="272" pin=1"/></net>

<net id="401"><net_src comp="396" pin="1"/><net_sink comp="337" pin=0"/></net>

<net id="405"><net_src comp="76" pin="1"/><net_sink comp="402" pin=0"/></net>

<net id="406"><net_src comp="402" pin="1"/><net_sink comp="277" pin=1"/></net>

<net id="407"><net_src comp="402" pin="1"/><net_sink comp="341" pin=0"/></net>

<net id="411"><net_src comp="80" pin="1"/><net_sink comp="408" pin=0"/></net>

<net id="412"><net_src comp="408" pin="1"/><net_sink comp="287" pin=1"/></net>

<net id="413"><net_src comp="408" pin="1"/><net_sink comp="345" pin=0"/></net>

<net id="417"><net_src comp="84" pin="1"/><net_sink comp="414" pin=0"/></net>

<net id="418"><net_src comp="414" pin="1"/><net_sink comp="282" pin=1"/></net>

<net id="419"><net_src comp="414" pin="1"/><net_sink comp="349" pin=0"/></net>

<net id="423"><net_src comp="88" pin="1"/><net_sink comp="420" pin=0"/></net>

<net id="424"><net_src comp="420" pin="1"/><net_sink comp="297" pin=1"/></net>

<net id="425"><net_src comp="420" pin="1"/><net_sink comp="353" pin=0"/></net>

<net id="429"><net_src comp="92" pin="1"/><net_sink comp="426" pin=0"/></net>

<net id="430"><net_src comp="426" pin="1"/><net_sink comp="292" pin=1"/></net>

<net id="431"><net_src comp="426" pin="1"/><net_sink comp="357" pin=0"/></net>

<net id="435"><net_src comp="96" pin="1"/><net_sink comp="432" pin=0"/></net>

<net id="436"><net_src comp="432" pin="1"/><net_sink comp="302" pin=1"/></net>

<net id="437"><net_src comp="432" pin="1"/><net_sink comp="361" pin=0"/></net>

<net id="441"><net_src comp="100" pin="1"/><net_sink comp="438" pin=0"/></net>

<net id="442"><net_src comp="438" pin="1"/><net_sink comp="312" pin=1"/></net>

<net id="443"><net_src comp="438" pin="1"/><net_sink comp="365" pin=0"/></net>

<net id="447"><net_src comp="104" pin="1"/><net_sink comp="444" pin=0"/></net>

<net id="448"><net_src comp="444" pin="1"/><net_sink comp="307" pin=1"/></net>

<net id="449"><net_src comp="444" pin="1"/><net_sink comp="369" pin=0"/></net>

<net id="453"><net_src comp="108" pin="1"/><net_sink comp="450" pin=0"/></net>

<net id="454"><net_src comp="450" pin="1"/><net_sink comp="317" pin=1"/></net>

<net id="455"><net_src comp="450" pin="1"/><net_sink comp="373" pin=0"/></net>

<net id="459"><net_src comp="112" pin="1"/><net_sink comp="456" pin=0"/></net>

<net id="460"><net_src comp="456" pin="1"/><net_sink comp="327" pin=1"/></net>

<net id="461"><net_src comp="456" pin="1"/><net_sink comp="377" pin=0"/></net>

<net id="465"><net_src comp="116" pin="1"/><net_sink comp="462" pin=0"/></net>

<net id="466"><net_src comp="462" pin="1"/><net_sink comp="322" pin=1"/></net>

<net id="467"><net_src comp="462" pin="1"/><net_sink comp="381" pin=0"/></net>

<net id="471"><net_src comp="120" pin="1"/><net_sink comp="468" pin=0"/></net>

<net id="472"><net_src comp="468" pin="1"/><net_sink comp="332" pin=1"/></net>

<net id="473"><net_src comp="468" pin="1"/><net_sink comp="385" pin=0"/></net>

<net id="477"><net_src comp="246" pin="1"/><net_sink comp="474" pin=0"/></net>

<net id="484"><net_src comp="215" pin="3"/><net_sink comp="481" pin=0"/></net>

<net id="485"><net_src comp="481" pin="1"/><net_sink comp="222" pin=0"/></net>

<net id="489"><net_src comp="228" pin="3"/><net_sink comp="486" pin=0"/></net>

<net id="490"><net_src comp="486" pin="1"/><net_sink comp="235" pin=0"/></net>

</net_list>

</model> 
---------------- Datapath Model END ------------------

* FSMD analyzer results:
  - Output states:
	Port: cameraMatrix | {}
	Port: ir | {}
	Port: p_0_0_010442_out | {1 }
	Port: p_0_0_010440_out | {1 }
	Port: p_0_0_010538_out | {1 }
	Port: p_0_0_010436_out | {1 }
	Port: p_0_0_010434_out | {1 }
	Port: p_0_0_010532_out | {1 }
	Port: p_0_0_010430_out | {1 }
	Port: p_0_0_010428_out | {1 }
	Port: p_0_0_010526_out | {1 }
	Port: p_0_0_010424_out | {1 }
	Port: p_0_0_010522_out | {1 }
	Port: p_0_0_010420_out | {1 }
	Port: p_0_0_010418_out | {1 }
 - Input state : 
	Port: xFInitUndistortRectifyMapInverseKernel_Pipeline_VITIS_LOOP_171_1 : cameraMatrix | {1 2 }
	Port: xFInitUndistortRectifyMapInverseKernel_Pipeline_VITIS_LOOP_171_1 : ir | {1 2 }
  - Chain level:
	State 1
		store_ln0 : 1
		i_10 : 1
		icmp_ln171 : 2
		add_ln171 : 2
		br_ln171 : 3
		zext_ln171 : 2
		cameraMatrix_addr : 3
		cameraMatrixHLS : 4
		ir_addr : 3
		ir_load : 4
		switch_ln175 : 2
		store_ln171 : 3
		iRnewCameraMatrixHLS_load : 1
		iRnewCameraMatrixHLS_1_load : 1
		cameraMatrixHLS_1_load : 1
		iRnewCameraMatrixHLS_2_load : 1
		cameraMatrixHLS_2_load : 1
		iRnewCameraMatrixHLS_3_load : 1
		iRnewCameraMatrixHLS_4_load : 1
		cameraMatrixHLS_3_load : 1
		iRnewCameraMatrixHLS_5_load : 1
		iRnewCameraMatrixHLS_6_load : 1
		cameraMatrixHLS_4_load : 1
		iRnewCameraMatrixHLS_7_load : 1
		iRnewCameraMatrixHLS_8_load : 1
		write_ln0 : 2
		write_ln0 : 2
		write_ln0 : 2
		write_ln0 : 2
		write_ln0 : 2
		write_ln0 : 2
		write_ln0 : 2
		write_ln0 : 2
		write_ln0 : 2
		write_ln0 : 2
		write_ln0 : 2
		write_ln0 : 2
		write_ln0 : 2
	State 2
		store_ln175 : 1
		store_ln176 : 1
		store_ln176 : 1
		store_ln176 : 1
		store_ln176 : 1
		store_ln176 : 1
		store_ln176 : 1
		store_ln176 : 1
		store_ln176 : 1
		store_ln176 : 1
		store_ln175 : 1
		store_ln175 : 1
		store_ln176 : 1


============================================================
+ Verbose Summary: Datapath Resource usage 
============================================================

* Functional unit list:
|----------|------------------------|---------|---------|
| Operation|     Functional Unit    |    FF   |   LUT   |
|----------|------------------------|---------|---------|
|   icmp   |    icmp_ln171_fu_249   |    0    |    13   |
|----------|------------------------|---------|---------|
|    add   |    add_ln171_fu_255    |    0    |    13   |
|----------|------------------------|---------|---------|
|          | write_ln0_write_fu_124 |    0    |    0    |
|          | write_ln0_write_fu_131 |    0    |    0    |
|          | write_ln0_write_fu_138 |    0    |    0    |
|          | write_ln0_write_fu_145 |    0    |    0    |
|          | write_ln0_write_fu_152 |    0    |    0    |
|          | write_ln0_write_fu_159 |    0    |    0    |
|   write  | write_ln0_write_fu_166 |    0    |    0    |
|          | write_ln0_write_fu_173 |    0    |    0    |
|          | write_ln0_write_fu_180 |    0    |    0    |
|          | write_ln0_write_fu_187 |    0    |    0    |
|          | write_ln0_write_fu_194 |    0    |    0    |
|          | write_ln0_write_fu_201 |    0    |    0    |
|          | write_ln0_write_fu_208 |    0    |    0    |
|----------|------------------------|---------|---------|
|   zext   |    zext_ln171_fu_261   |    0    |    0    |
|----------|------------------------|---------|---------|
|   Total  |                        |    0    |    26   |
|----------|------------------------|---------|---------|

Memories:
N/A

* Register list:
+------------------------------+--------+
|                              |   FF   |
+------------------------------+--------+
|   cameraMatrixHLS_1_reg_408  |   32   |
|   cameraMatrixHLS_2_reg_420  |   32   |
|   cameraMatrixHLS_3_reg_438  |   32   |
|   cameraMatrixHLS_4_reg_456  |   32   |
|   cameraMatrix_addr_reg_481  |    4   |
|iRnewCameraMatrixHLS_1_reg_402|   32   |
|iRnewCameraMatrixHLS_2_reg_414|   32   |
|iRnewCameraMatrixHLS_3_reg_426|   32   |
|iRnewCameraMatrixHLS_4_reg_432|   32   |
|iRnewCameraMatrixHLS_5_reg_444|   32   |
|iRnewCameraMatrixHLS_6_reg_450|   32   |
|iRnewCameraMatrixHLS_7_reg_462|   32   |
|iRnewCameraMatrixHLS_8_reg_468|   32   |
| iRnewCameraMatrixHLS_reg_396 |   32   |
|         i_10_reg_474         |    4   |
|           i_reg_389          |    4   |
|        ir_addr_reg_486       |    4   |
+------------------------------+--------+
|             Total            |   432  |
+------------------------------+--------+

* Multiplexer (MUX) list: 
|-------------------|------|------|------|--------||---------||---------|
|        Comp       |  Pin | Size |  BW  | S x BW ||  Delay  ||   LUT   |
|-------------------|------|------|------|--------||---------||---------|
| grp_access_fu_222 |  p0  |   2  |   4  |    8   ||    9    |
| grp_access_fu_235 |  p0  |   2  |   4  |    8   ||    9    |
|-------------------|------|------|------|--------||---------||---------|
|       Total       |      |      |      |   16   ||  3.176  ||    18   |
|-------------------|------|------|------|--------||---------||---------|



* Summary:
+-----------+--------+--------+--------+
|           |  Delay |   FF   |   LUT  |
+-----------+--------+--------+--------+
|  Function |    -   |    0   |   26   |
|   Memory  |    -   |    -   |    -   |
|Multiplexer|    3   |    -   |   18   |
|  Register |    -   |   432  |    -   |
+-----------+--------+--------+--------+
|   Total   |    3   |   432  |   44   |
+-----------+--------+--------+--------+
