

================================================================
== Vitis HLS Report for 'xFSADBlockMatching'
================================================================
* Date:           Tue Jun 24 19:15:06 2025

* Version:        2023.1 (Build 3854077 on May  4 2023)
* Project:        stereolbm_axis_cambm.prj
* Solution:       sol1 (Vivado IP Flow Target)
* Product family: zynq
* Target device:  xc7z020-clg400-1


================================================================
== Performance Estimates
================================================================
+ Timing: 
    * Summary: 
    +--------+----------+----------+------------+
    |  Clock |  Target  | Estimated| Uncertainty|
    +--------+----------+----------+------------+
    |ap_clk  |  10.00 ns|  7.570 ns|     2.70 ns|
    +--------+----------+----------+------------+

+ Latency: 
    * Summary: 
    +---------+---------+-----------+-----------+---------+---------+---------+
    |  Latency (cycles) |   Latency (absolute)  |      Interval     | Pipeline|
    |   min   |   max   |    min    |    max    |   min   |   max   |   Type  |
    +---------+---------+-----------+-----------+---------+---------+---------+
    |  3998414|  3998414|  39.984 ms|  39.984 ms|  3998414|  3998414|       no|
    +---------+---------+-----------+-----------+---------+---------+---------+

    + Detail: 
        * Instance: 
        N/A

        * Loop: 
        N/A

============================================================
+ Verbose Summary: Synthesis Manager
============================================================
InlineROM: 1
ExposeGlobal: 0
============================================================
+ Verbose Summary: CDFG Model
============================================================
IsTopModel: 0
ResetActiveHigh: 1
IsCombinational: 2
IsDatapathOnly: 0
HasWiredReturn: 1
HasMFsm: 0
HasVarLatency: 1
IsPipeline: 0
IsRtlPipelined: 0
IsInstanceOverlapped: 0
IsDontTouch: 0
HasImplIP: 0
IsGatedGlobalClock: 0


============================================================
+ Verbose Summary: Schedule
============================================================
* Number of FSM states : 4
* Pipeline : 0
* Dataflow Pipeline: 0

* FSM state transitions: 
1 --> 2 
2 --> 3 
3 --> 4 
4 --> 

* FSM state operations: 

State 1 <SV = 0> <Delay = 7.26>
ST_1 : Operation 5 [1/1] (3.63ns)   --->   "%width_read = read i16 @_ssdm_op_Read.ap_fifo.i16P0A, i16 %width"   --->   Operation 5 'read' 'width_read' <Predicate = true> <Delay = 3.63> <CoreInst = "FIFO_SRL">   --->   Core 81 'FIFO_SRL' <Latency = 0> <II = 1> <Delay = 3.63> <Storage> <Opcode : 'read' 'write' 'nbread' 'nbwrite'> <Ports = 0> <Width = 16> <Depth = 2> <FIFO>
ST_1 : Operation 6 [1/1] (3.63ns)   --->   "%write_ln0 = write void @_ssdm_op_Write.ap_fifo.i16P0A, i16 %width_c, i16 %width_read"   --->   Operation 6 'write' 'write_ln0' <Predicate = true> <Delay = 3.63> <CoreInst = "FIFO_SRL">   --->   Core 81 'FIFO_SRL' <Latency = 0> <II = 1> <Delay = 3.63> <Storage> <Opcode : 'read' 'write' 'nbread' 'nbwrite'> <Ports = 0> <Width = 16> <Depth = 2> <FIFO>
ST_1 : Operation 7 [1/1] (3.63ns)   --->   "%height_read = read i16 @_ssdm_op_Read.ap_fifo.i16P0A, i16 %height"   --->   Operation 7 'read' 'height_read' <Predicate = true> <Delay = 3.63> <CoreInst = "FIFO_SRL">   --->   Core 81 'FIFO_SRL' <Latency = 0> <II = 1> <Delay = 3.63> <Storage> <Opcode : 'read' 'write' 'nbread' 'nbwrite'> <Ports = 0> <Width = 16> <Depth = 2> <FIFO>
ST_1 : Operation 8 [1/1] (3.63ns)   --->   "%write_ln0 = write void @_ssdm_op_Write.ap_fifo.i16P0A, i16 %height_c, i16 %height_read"   --->   Operation 8 'write' 'write_ln0' <Predicate = true> <Delay = 3.63> <CoreInst = "FIFO_SRL">   --->   Core 81 'FIFO_SRL' <Latency = 0> <II = 1> <Delay = 3.63> <Storage> <Opcode : 'read' 'write' 'nbread' 'nbwrite'> <Ports = 0> <Width = 16> <Depth = 2> <FIFO>
ST_1 : Operation 9 [1/1] (3.63ns)   --->   "%state_uniquenessRatio_read = read i32 @_ssdm_op_Read.ap_fifo.i32P0A, i32 %state_uniquenessRatio"   --->   Operation 9 'read' 'state_uniquenessRatio_read' <Predicate = true> <Delay = 3.63> <CoreInst = "FIFO_SRL">   --->   Core 81 'FIFO_SRL' <Latency = 0> <II = 1> <Delay = 3.63> <Storage> <Opcode : 'read' 'write' 'nbread' 'nbwrite'> <Ports = 0> <Width = 32> <Depth = 4> <FIFO>
ST_1 : Operation 10 [1/1] (3.63ns)   --->   "%state_textureThreshold_read = read i32 @_ssdm_op_Read.ap_fifo.i32P0A, i32 %state_textureThreshold"   --->   Operation 10 'read' 'state_textureThreshold_read' <Predicate = true> <Delay = 3.63> <CoreInst = "FIFO_SRL">   --->   Core 81 'FIFO_SRL' <Latency = 0> <II = 1> <Delay = 3.63> <Storage> <Opcode : 'read' 'write' 'nbread' 'nbwrite'> <Ports = 0> <Width = 32> <Depth = 4> <FIFO>
ST_1 : Operation 11 [1/1] (3.63ns)   --->   "%state_preFilterCap_read = read i32 @_ssdm_op_Read.ap_fifo.i32P0A, i32 %state_preFilterCap"   --->   Operation 11 'read' 'state_preFilterCap_read' <Predicate = true> <Delay = 3.63> <CoreInst = "FIFO_SRL">   --->   Core 81 'FIFO_SRL' <Latency = 0> <II = 1> <Delay = 3.63> <Storage> <Opcode : 'read' 'write' 'nbread' 'nbwrite'> <Ports = 0> <Width = 32> <Depth = 2> <FIFO>
ST_1 : Operation 12 [1/1] (0.00ns)   --->   "%tmp_r = trunc i32 %state_preFilterCap_read" [C:/Xilinx/Vitis_Libraries/vision/L1/include\imgproc/xf_stereolbm.hpp:317]   --->   Operation 12 'trunc' 'tmp_r' <Predicate = true> <Delay = 0.00>
ST_1 : Operation 13 [1/1] (0.00ns)   --->   "%height_cast = sext i16 %height_read"   --->   Operation 13 'sext' 'height_cast' <Predicate = true> <Delay = 0.00>
ST_1 : Operation 14 [1/1] (2.07ns)   --->   "%sub = add i17 %height_cast, i17 14"   --->   Operation 14 'add' 'sub' <Predicate = true> <Delay = 2.07> <CoreInst = "Adder">   --->   Core 1 'Adder' <Latency = 0> <II = 1> <Delay = 2.07> <FuncUnit> <Opcode : 'add' 'sub'> <InPorts = 2> <OutPorts = 1>
ST_1 : Operation 15 [1/1] (0.00ns)   --->   "%width_cast = sext i16 %width_read"   --->   Operation 15 'sext' 'width_cast' <Predicate = true> <Delay = 0.00>
ST_1 : Operation 16 [1/1] (2.07ns)   --->   "%sub57 = add i17 %width_cast, i17 14"   --->   Operation 16 'add' 'sub57' <Predicate = true> <Delay = 2.07> <CoreInst = "Adder">   --->   Core 1 'Adder' <Latency = 0> <II = 1> <Delay = 2.07> <FuncUnit> <Opcode : 'add' 'sub'> <InPorts = 2> <OutPorts = 1>

State 2 <SV = 1> <Delay = 5.86>
ST_2 : Operation 17 [1/1] (0.00ns)   --->   "%tmp_2 = bitconcatenate i20 @_ssdm_op_BitConcatenate.i20.i17.i3, i17 %sub57, i3 0"   --->   Operation 17 'bitconcatenate' 'tmp_2' <Predicate = true> <Delay = 0.00>
ST_2 : Operation 18 [1/1] (0.00ns)   --->   "%sub_cast = zext i17 %sub"   --->   Operation 18 'zext' 'sub_cast' <Predicate = true> <Delay = 0.00>
ST_2 : Operation 19 [1/1] (0.00ns)   --->   "%tmp_2_cast = zext i20 %tmp_2"   --->   Operation 19 'zext' 'tmp_2_cast' <Predicate = true> <Delay = 0.00>
ST_2 : Operation 20 [1/1] (5.86ns)   --->   "%bound4 = mul i37 %sub_cast, i37 %tmp_2_cast"   --->   Operation 20 'mul' 'bound4' <Predicate = true> <Delay = 5.86> <CoreInst = "Multiplier">   --->   Core 3 'Multiplier' <Latency = 0> <II = 1> <Delay = 5.86> <FuncUnit> <Opcode : 'mul'> <InPorts = 2> <OutPorts = 1>
ST_2 : Operation 21 [1/1] (0.00ns)   --->   "%empty = wait i32 @_ssdm_op_Wait"   --->   Operation 21 'wait' 'empty' <Predicate = true> <Delay = 0.00>

State 3 <SV = 2> <Delay = 2.55>
ST_3 : Operation 22 [1/1] (2.07ns)   --->   "%add103 = add i17 %height_cast, i17 7"   --->   Operation 22 'add' 'add103' <Predicate = true> <Delay = 2.07> <CoreInst = "Adder">   --->   Core 1 'Adder' <Latency = 0> <II = 1> <Delay = 2.07> <FuncUnit> <Opcode : 'add' 'sub'> <InPorts = 2> <OutPorts = 1>
ST_3 : Operation 23 [1/1] (2.07ns)   --->   "%add111 = add i17 %width_cast, i17 7"   --->   Operation 23 'add' 'add111' <Predicate = true> <Delay = 2.07> <CoreInst = "Adder">   --->   Core 1 'Adder' <Latency = 0> <II = 1> <Delay = 2.07> <FuncUnit> <Opcode : 'add' 'sub'> <InPorts = 2> <OutPorts = 1>
ST_3 : Operation 24 [1/1] (2.07ns)   --->   "%sub233 = add i17 %height_cast, i17 131065"   --->   Operation 24 'add' 'sub233' <Predicate = true> <Delay = 2.07> <CoreInst = "Adder">   --->   Core 1 'Adder' <Latency = 0> <II = 1> <Delay = 2.07> <FuncUnit> <Opcode : 'add' 'sub'> <InPorts = 2> <OutPorts = 1>
ST_3 : Operation 25 [1/1] (2.07ns)   --->   "%sub246 = add i17 %width_cast, i17 131065"   --->   Operation 25 'add' 'sub246' <Predicate = true> <Delay = 2.07> <CoreInst = "Adder">   --->   Core 1 'Adder' <Latency = 0> <II = 1> <Delay = 2.07> <FuncUnit> <Opcode : 'add' 'sub'> <InPorts = 2> <OutPorts = 1>
ST_3 : Operation 26 [1/1] (2.55ns)   --->   "%cmp288 = icmp_sgt  i32 %state_uniquenessRatio_read, i32 0"   --->   Operation 26 'icmp' 'cmp288' <Predicate = true> <Delay = 2.55> <CoreInst = "Cmp">   --->   Core 9 'Cmp' <Latency = 0> <II = 1> <Delay = 2.55> <FuncUnit> <Opcode : 'icmp'> <InPorts = 2> <OutPorts = 1>
ST_3 : Operation 27 [2/2] (0.00ns)   --->   "%call_ln317 = call void @xFSADBlockMatching_Pipeline_loop_row_loop_mux_loop_col, i17 %sub57, i37 %bound4, i32 %state_preFilterCap_read, i8 %tmp_r, i17 %add111, i20 %tmp_2, i17 %add103, i17 %sub233, i8 %left_clipped, i8 %right_clipped, i32 %state_textureThreshold_read, i17 %sub246, i32 %state_uniquenessRatio_read, i1 %cmp288, i16 %p_disp_strm" [C:/Xilinx/Vitis_Libraries/vision/L1/include\imgproc/xf_stereolbm.hpp:317]   --->   Operation 27 'call' 'call_ln317' <Predicate = true> <Delay = 0.00> <CoreType = "Generic">   --->   Core 0 '' <Latency = 0> <II = 1> <Delay = 1.00> <Generic> <Opcode : >

State 4 <SV = 3> <Delay = 0.00>
ST_4 : Operation 28 [1/1] (0.00ns)   --->   "%specinterface_ln0 = specinterface void @_ssdm_op_SpecInterface, i16 %width, void @ap_fifo_str, i32 0, i32 0, void @p_str, i32 0, i32 0, void @p_str, void @p_str, void @p_str, i32 2, i32 2, i32 16, i32 16, void @p_str, void @ScalarProp_str, i32 4294967295, i32 0"   --->   Operation 28 'specinterface' 'specinterface_ln0' <Predicate = true> <Delay = 0.00>
ST_4 : Operation 29 [1/1] (0.00ns)   --->   "%specinterface_ln0 = specinterface void @_ssdm_op_SpecInterface, i16 %width_c, void @ap_fifo_str, i32 0, i32 0, void @p_str, i32 0, i32 0, void @p_str, void @p_str, void @p_str, i32 2, i32 2, i32 16, i32 16, void @p_str, void @ScalarProp_str, i32 4294967295, i32 0"   --->   Operation 29 'specinterface' 'specinterface_ln0' <Predicate = true> <Delay = 0.00>
ST_4 : Operation 30 [1/1] (0.00ns)   --->   "%specinterface_ln0 = specinterface void @_ssdm_op_SpecInterface, i16 %height, void @ap_fifo_str, i32 0, i32 0, void @p_str, i32 0, i32 0, void @p_str, void @p_str, void @p_str, i32 2, i32 2, i32 16, i32 16, void @p_str, void @ScalarProp_str, i32 4294967295, i32 0"   --->   Operation 30 'specinterface' 'specinterface_ln0' <Predicate = true> <Delay = 0.00>
ST_4 : Operation 31 [1/1] (0.00ns)   --->   "%specinterface_ln0 = specinterface void @_ssdm_op_SpecInterface, i16 %height_c, void @ap_fifo_str, i32 0, i32 0, void @p_str, i32 0, i32 0, void @p_str, void @p_str, void @p_str, i32 2, i32 2, i32 16, i32 16, void @p_str, void @ScalarProp_str, i32 4294967295, i32 0"   --->   Operation 31 'specinterface' 'specinterface_ln0' <Predicate = true> <Delay = 0.00>
ST_4 : Operation 32 [1/1] (0.00ns)   --->   "%specinterface_ln0 = specinterface void @_ssdm_op_SpecInterface, i32 %state_uniquenessRatio, void @ap_fifo_str, i32 0, i32 0, void @p_str, i32 0, i32 0, void @p_str, void @p_str, void @p_str, i32 2, i32 2, i32 16, i32 16, void @p_str, void @ScalarProp_str, i32 4294967295, i32 0"   --->   Operation 32 'specinterface' 'specinterface_ln0' <Predicate = true> <Delay = 0.00>
ST_4 : Operation 33 [1/1] (0.00ns)   --->   "%specinterface_ln0 = specinterface void @_ssdm_op_SpecInterface, i32 %state_textureThreshold, void @ap_fifo_str, i32 0, i32 0, void @p_str, i32 0, i32 0, void @p_str, void @p_str, void @p_str, i32 2, i32 2, i32 16, i32 16, void @p_str, void @ScalarProp_str, i32 4294967295, i32 0"   --->   Operation 33 'specinterface' 'specinterface_ln0' <Predicate = true> <Delay = 0.00>
ST_4 : Operation 34 [1/1] (0.00ns)   --->   "%specinterface_ln0 = specinterface void @_ssdm_op_SpecInterface, i32 %state_preFilterCap, void @ap_fifo_str, i32 0, i32 0, void @p_str, i32 0, i32 0, void @p_str, void @p_str, void @p_str, i32 2, i32 2, i32 16, i32 16, void @p_str, void @ScalarProp_str, i32 4294967295, i32 0"   --->   Operation 34 'specinterface' 'specinterface_ln0' <Predicate = true> <Delay = 0.00>
ST_4 : Operation 35 [1/1] (0.00ns)   --->   "%specinterface_ln0 = specinterface void @_ssdm_op_SpecInterface, i16 %p_disp_strm, void @empty_7, i32 0, i32 0, void @empty_84, i32 0, i32 0, void @empty_84, void @empty_84, void @empty_84, i32 0, i32 0, i32 0, i32 0, void @empty_84, void @empty_84, i32 4294967295, i32 0"   --->   Operation 35 'specinterface' 'specinterface_ln0' <Predicate = true> <Delay = 0.00>
ST_4 : Operation 36 [1/1] (0.00ns)   --->   "%specinterface_ln0 = specinterface void @_ssdm_op_SpecInterface, i8 %right_clipped, void @empty_7, i32 0, i32 0, void @empty_84, i32 0, i32 0, void @empty_84, void @empty_84, void @empty_84, i32 0, i32 0, i32 0, i32 0, void @empty_84, void @empty_84, i32 4294967295, i32 0"   --->   Operation 36 'specinterface' 'specinterface_ln0' <Predicate = true> <Delay = 0.00>
ST_4 : Operation 37 [1/1] (0.00ns)   --->   "%specinterface_ln0 = specinterface void @_ssdm_op_SpecInterface, i8 %left_clipped, void @empty_7, i32 0, i32 0, void @empty_84, i32 0, i32 0, void @empty_84, void @empty_84, void @empty_84, i32 0, i32 0, i32 0, i32 0, void @empty_84, void @empty_84, i32 4294967295, i32 0"   --->   Operation 37 'specinterface' 'specinterface_ln0' <Predicate = true> <Delay = 0.00>
ST_4 : Operation 38 [1/2] (0.00ns)   --->   "%call_ln317 = call void @xFSADBlockMatching_Pipeline_loop_row_loop_mux_loop_col, i17 %sub57, i37 %bound4, i32 %state_preFilterCap_read, i8 %tmp_r, i17 %add111, i20 %tmp_2, i17 %add103, i17 %sub233, i8 %left_clipped, i8 %right_clipped, i32 %state_textureThreshold_read, i17 %sub246, i32 %state_uniquenessRatio_read, i1 %cmp288, i16 %p_disp_strm" [C:/Xilinx/Vitis_Libraries/vision/L1/include\imgproc/xf_stereolbm.hpp:317]   --->   Operation 38 'call' 'call_ln317' <Predicate = true> <Delay = 0.00> <CoreType = "Generic">   --->   Core 0 '' <Latency = 0> <II = 1> <Delay = 1.00> <Generic> <Opcode : >
ST_4 : Operation 39 [1/1] (0.00ns)   --->   "%ret_ln594 = ret" [C:/Xilinx/Vitis_Libraries/vision/L1/include\imgproc/xf_stereolbm.hpp:594]   --->   Operation 39 'ret' 'ret_ln594' <Predicate = true> <Delay = 0.00>


============================================================
+ Verbose Summary: Timing violations
============================================================
Target clock period: 10.000ns, clock uncertainty: 2.700ns.

 <State 1>: 7.268ns
The critical path consists of the following:
	fifo read operation ('width_read') on port 'width' [12]  (3.634 ns)
	fifo write operation ('write_ln0') on port 'width_c' [14]  (3.634 ns)

 <State 2>: 5.860ns
The critical path consists of the following:
	'mul' operation ('bound4') [41]  (5.860 ns)

 <State 3>: 2.552ns
The critical path consists of the following:
	'icmp' operation ('cmp288') [37]  (2.552 ns)

 <State 4>: 0.000ns
The critical path consists of the following:


============================================================
+ Verbose Summary: Binding
============================================================
N/A
* FSMD analyzer results:
  - Output states:
 - Input state : 
  - Chain level:
	State 1
	State 2
	State 3
	State 4


============================================================
+ Verbose Summary: Datapath Resource usage 
============================================================
N/A
