

================================================================
== Vitis HLS Report for 'Bytes2MultiPixStream_Pipeline_VITIS_LOOP_1262_1'
================================================================
* Date:           Tue Jun 24 20:46:52 2025

* Version:        2023.1 (Build 3854077 on May  4 2023)
* Project:        prj
* Solution:       sol (Vivado IP Flow Target)
* Product family: zynq
* Target device:  xc7z020-clg400-1


================================================================
== Performance Estimates
================================================================
+ Timing: 
    * Summary: 
    +--------+----------+----------+------------+
    |  Clock |  Target  | Estimated| Uncertainty|
    +--------+----------+----------+------------+
    |ap_clk  |  10.00 ns|  7.141 ns|     2.70 ns|
    +--------+----------+----------+------------+

+ Latency: 
    * Summary: 
    +---------+---------+-----------+----------+-----+-------+---------+
    |  Latency (cycles) |  Latency (absolute)  |   Interval  | Pipeline|
    |   min   |   max   |    min    |    max   | min |  max  |   Type  |
    +---------+---------+-----------+----------+-----+-------+---------+
    |        2|    65538|  20.000 ns|  0.655 ms|    2|  65538|       no|
    +---------+---------+-----------+----------+-----+-------+---------+

    + Detail: 
        * Instance: 
        N/A

        * Loop: 
        +---------------------+---------+---------+----------+-----------+-----------+----------+----------+
        |                     |  Latency (cycles) | Iteration|  Initiation Interval  |   Trip   |          |
        |      Loop Name      |   min   |   max   |  Latency |  achieved |   target  |   Count  | Pipelined|
        +---------------------+---------+---------+----------+-----------+-----------+----------+----------+
        |- VITIS_LOOP_1262_1  |        0|    65536|         9|          8|          8|  0 ~ 8192|       yes|
        +---------------------+---------+---------+----------+-----------+-----------+----------+----------+

============================================================
+ Verbose Summary: Synthesis Manager
============================================================
InlineROM: 1
ExposeGlobal: 0
============================================================
+ Verbose Summary: CDFG Model
============================================================
IsTopModel: 0
ResetActiveHigh: 1
IsCombinational: 0
IsDatapathOnly: 0
HasWiredReturn: 1
HasMFsm: 2
HasVarLatency: 1
IsPipeline: 0
IsRtlPipelined: 0
IsInstanceOverlapped: 0
IsDontTouch: 0
HasImplIP: 0
IsGatedGlobalClock: 0

+ Individual pipeline summary: 
  * Pipeline-0: initiation interval (II) = 8, depth = 9


============================================================
+ Verbose Summary: Schedule
============================================================
* Number of FSM states : 9
* Pipeline : 1
  Pipeline-0 : II = 8, D = 9, States = { 1 2 3 4 5 6 7 8 9 }
* Dataflow Pipeline: 0

* FSM state transitions: 
1 --> 2 
2 --> 3 
3 --> 4 
4 --> 5 
5 --> 6 
6 --> 7 
7 --> 8 
8 --> 9 
9 --> 

* FSM state operations: 

State 1 <SV = 0> <Delay = 3.26>
ST_1 : Operation 12 [1/1] (0.00ns)   --->   "%x = alloca i32 1"   --->   Operation 12 'alloca' 'x' <Predicate = true> <Delay = 0.00>
ST_1 : Operation 13 [1/1] (0.00ns)   --->   "%cmp125_1_read = read i1 @_ssdm_op_Read.ap_auto.i1, i1 %cmp125_1"   --->   Operation 13 'read' 'cmp125_1_read' <Predicate = true> <Delay = 0.00>
ST_1 : Operation 14 [1/1] (0.00ns)   --->   "%sub121_cast3_read = read i13 @_ssdm_op_Read.ap_auto.i13, i13 %sub121_cast3"   --->   Operation 14 'read' 'sub121_cast3_read' <Predicate = true> <Delay = 0.00>
ST_1 : Operation 15 [1/1] (0.00ns)   --->   "%cmp125_2_read = read i1 @_ssdm_op_Read.ap_auto.i1, i1 %cmp125_2"   --->   Operation 15 'read' 'cmp125_2_read' <Predicate = true> <Delay = 0.00>
ST_1 : Operation 16 [1/1] (0.00ns)   --->   "%cmp125_3_read = read i1 @_ssdm_op_Read.ap_auto.i1, i1 %cmp125_3"   --->   Operation 16 'read' 'cmp125_3_read' <Predicate = true> <Delay = 0.00>
ST_1 : Operation 17 [1/1] (0.00ns)   --->   "%cmp125_4_read = read i1 @_ssdm_op_Read.ap_auto.i1, i1 %cmp125_4"   --->   Operation 17 'read' 'cmp125_4_read' <Predicate = true> <Delay = 0.00>
ST_1 : Operation 18 [1/1] (0.00ns)   --->   "%cmp125_5_read = read i1 @_ssdm_op_Read.ap_auto.i1, i1 %cmp125_5"   --->   Operation 18 'read' 'cmp125_5_read' <Predicate = true> <Delay = 0.00>
ST_1 : Operation 19 [1/1] (0.00ns)   --->   "%cmp125_6_read = read i1 @_ssdm_op_Read.ap_auto.i1, i1 %cmp125_6"   --->   Operation 19 'read' 'cmp125_6_read' <Predicate = true> <Delay = 0.00>
ST_1 : Operation 20 [1/1] (0.00ns)   --->   "%icmp_ln1252_read = read i1 @_ssdm_op_Read.ap_auto.i1, i1 %icmp_ln1252"   --->   Operation 20 'read' 'icmp_ln1252_read' <Predicate = true> <Delay = 0.00>
ST_1 : Operation 21 [1/1] (0.00ns)   --->   "%trunc_ln1249_1_read = read i13 @_ssdm_op_Read.ap_auto.i13, i13 %trunc_ln1249_1"   --->   Operation 21 'read' 'trunc_ln1249_1_read' <Predicate = true> <Delay = 0.00>
ST_1 : Operation 22 [1/1] (0.00ns)   --->   "%sub121_cast3_cast = sext i13 %sub121_cast3_read"   --->   Operation 22 'sext' 'sub121_cast3_cast' <Predicate = true> <Delay = 0.00>
ST_1 : Operation 23 [1/1] (0.00ns)   --->   "%specmemcore_ln0 = specmemcore void @_ssdm_op_SpecMemCore, i64 %bytePlanes, i64 666, i64 8, i64 18446744073709551615"   --->   Operation 23 'specmemcore' 'specmemcore_ln0' <Predicate = true> <Delay = 0.00>
ST_1 : Operation 24 [1/1] (0.00ns)   --->   "%specinterface_ln0 = specinterface void @_ssdm_op_SpecInterface, i24 %img, void @empty_4, i32 0, i32 0, void @empty_7, i32 0, i32 0, void @empty_7, void @empty_7, void @empty_7, i32 0, i32 0, i32 0, i32 0, void @empty_7, void @empty_7, i32 4294967295, i32 0"   --->   Operation 24 'specinterface' 'specinterface_ln0' <Predicate = true> <Delay = 0.00>
ST_1 : Operation 25 [1/1] (0.00ns)   --->   "%specinterface_ln0 = specinterface void @_ssdm_op_SpecInterface, i64 %bytePlanes, void @empty_4, i32 0, i32 0, void @empty_7, i32 0, i32 0, void @empty_7, void @empty_7, void @empty_7, i32 0, i32 0, i32 0, i32 0, void @empty_7, void @empty_7, i32 4294967295, i32 0"   --->   Operation 25 'specinterface' 'specinterface_ln0' <Predicate = true> <Delay = 0.00>
ST_1 : Operation 26 [1/1] (1.58ns)   --->   "%store_ln0 = store i13 0, i13 %x"   --->   Operation 26 'store' 'store_ln0' <Predicate = true> <Delay = 1.58>
ST_1 : Operation 27 [1/1] (0.00ns)   --->   "%br_ln0 = br void %for.inc"   --->   Operation 27 'br' 'br_ln0' <Predicate = true> <Delay = 0.00>
ST_1 : Operation 28 [1/1] (0.00ns)   --->   "%x_1 = load i13 %x" [C:/Users/Santiago/OneDrive/Escritorio/ov5640_sv_ed_800x600_v1/ov5640_sv_ed.runs/design_1_v_frmbuf_rd_0_1_synth_1/prj/sol/.autopilot/db/v_frmbuf_rd.cpp:1262]   --->   Operation 28 'load' 'x_1' <Predicate = true> <Delay = 0.00>
ST_1 : Operation 29 [1/1] (0.00ns)   --->   "%speclooptripcount_ln0 = speclooptripcount void @_ssdm_op_SpecLoopTripCount, i64 0, i64 8192, i64 8191"   --->   Operation 29 'speclooptripcount' 'speclooptripcount_ln0' <Predicate = true> <Delay = 0.00>
ST_1 : Operation 30 [1/1] (1.67ns)   --->   "%icmp_ln1262 = icmp_eq  i13 %x_1, i13 %trunc_ln1249_1_read" [C:/Users/Santiago/OneDrive/Escritorio/ov5640_sv_ed_800x600_v1/ov5640_sv_ed.runs/design_1_v_frmbuf_rd_0_1_synth_1/prj/sol/.autopilot/db/v_frmbuf_rd.cpp:1262]   --->   Operation 30 'icmp' 'icmp_ln1262' <Predicate = true> <Delay = 1.67> <CoreInst = "Cmp">   --->   Core 9 'Cmp' <Latency = 0> <II = 1> <Delay = 1.67> <FuncUnit> <Opcode : 'icmp'> <InPorts = 2> <OutPorts = 1>
ST_1 : Operation 31 [1/1] (1.67ns)   --->   "%x_2 = add i13 %x_1, i13 1" [C:/Users/Santiago/OneDrive/Escritorio/ov5640_sv_ed_800x600_v1/ov5640_sv_ed.runs/design_1_v_frmbuf_rd_0_1_synth_1/prj/sol/.autopilot/db/v_frmbuf_rd.cpp:1262]   --->   Operation 31 'add' 'x_2' <Predicate = true> <Delay = 1.67> <CoreInst = "Adder">   --->   Core 1 'Adder' <Latency = 0> <II = 1> <Delay = 1.67> <FuncUnit> <Opcode : 'add' 'sub'> <InPorts = 2> <OutPorts = 1>
ST_1 : Operation 32 [1/1] (0.00ns)   --->   "%br_ln1262 = br i1 %icmp_ln1262, void %for.inc.split, void %for.inc133.loopexit.exitStub" [C:/Users/Santiago/OneDrive/Escritorio/ov5640_sv_ed_800x600_v1/ov5640_sv_ed.runs/design_1_v_frmbuf_rd_0_1_synth_1/prj/sol/.autopilot/db/v_frmbuf_rd.cpp:1262]   --->   Operation 32 'br' 'br_ln1262' <Predicate = true> <Delay = 0.00>
ST_1 : Operation 33 [1/1] (0.00ns)   --->   "%x_cast = zext i13 %x_1" [C:/Users/Santiago/OneDrive/Escritorio/ov5640_sv_ed_800x600_v1/ov5640_sv_ed.runs/design_1_v_frmbuf_rd_0_1_synth_1/prj/sol/.autopilot/db/v_frmbuf_rd.cpp:1262]   --->   Operation 33 'zext' 'x_cast' <Predicate = (!icmp_ln1262)> <Delay = 0.00>
ST_1 : Operation 34 [1/1] (1.67ns)   --->   "%cmp122 = icmp_slt  i14 %x_cast, i14 %sub121_cast3_cast" [C:/Users/Santiago/OneDrive/Escritorio/ov5640_sv_ed_800x600_v1/ov5640_sv_ed.runs/design_1_v_frmbuf_rd_0_1_synth_1/prj/sol/.autopilot/db/v_frmbuf_rd.cpp:1262]   --->   Operation 34 'icmp' 'cmp122' <Predicate = (!icmp_ln1262)> <Delay = 1.67> <CoreInst = "Cmp">   --->   Core 9 'Cmp' <Latency = 0> <II = 1> <Delay = 1.67> <FuncUnit> <Opcode : 'icmp'> <InPorts = 2> <OutPorts = 1>
ST_1 : Operation 35 [1/1] (0.97ns)   --->   "%or_ln1278 = or i1 %cmp122, i1 %cmp125_1_read" [C:/Users/Santiago/OneDrive/Escritorio/ov5640_sv_ed_800x600_v1/ov5640_sv_ed.runs/design_1_v_frmbuf_rd_0_1_synth_1/prj/sol/.autopilot/db/v_frmbuf_rd.cpp:1278]   --->   Operation 35 'or' 'or_ln1278' <Predicate = (!icmp_ln1262)> <Delay = 0.97> <CoreInst = "LogicGate">   --->   Core 74 'LogicGate' <Latency = 0> <II = 1> <Delay = 0.97> <FuncUnit> <Opcode : 'and' 'or' 'xor'> <InPorts = 2> <OutPorts = 1>
ST_1 : Operation 36 [1/1] (0.00ns)   --->   "%br_ln1278 = br i1 %or_ln1278, void %for.inc.2, void %if.then126.1" [C:/Users/Santiago/OneDrive/Escritorio/ov5640_sv_ed_800x600_v1/ov5640_sv_ed.runs/design_1_v_frmbuf_rd_0_1_synth_1/prj/sol/.autopilot/db/v_frmbuf_rd.cpp:1278]   --->   Operation 36 'br' 'br_ln1278' <Predicate = (!icmp_ln1262)> <Delay = 0.00>
ST_1 : Operation 37 [1/1] (0.97ns)   --->   "%or_ln1278_1 = or i1 %cmp122, i1 %cmp125_2_read" [C:/Users/Santiago/OneDrive/Escritorio/ov5640_sv_ed_800x600_v1/ov5640_sv_ed.runs/design_1_v_frmbuf_rd_0_1_synth_1/prj/sol/.autopilot/db/v_frmbuf_rd.cpp:1278]   --->   Operation 37 'or' 'or_ln1278_1' <Predicate = (!icmp_ln1262)> <Delay = 0.97> <CoreInst = "LogicGate">   --->   Core 74 'LogicGate' <Latency = 0> <II = 1> <Delay = 0.97> <FuncUnit> <Opcode : 'and' 'or' 'xor'> <InPorts = 2> <OutPorts = 1>
ST_1 : Operation 38 [1/1] (0.00ns)   --->   "%br_ln1278 = br i1 %or_ln1278_1, void %for.inc.3, void %if.then126.2" [C:/Users/Santiago/OneDrive/Escritorio/ov5640_sv_ed_800x600_v1/ov5640_sv_ed.runs/design_1_v_frmbuf_rd_0_1_synth_1/prj/sol/.autopilot/db/v_frmbuf_rd.cpp:1278]   --->   Operation 38 'br' 'br_ln1278' <Predicate = (!icmp_ln1262)> <Delay = 0.00>
ST_1 : Operation 39 [1/1] (0.97ns)   --->   "%or_ln1278_2 = or i1 %cmp122, i1 %cmp125_3_read" [C:/Users/Santiago/OneDrive/Escritorio/ov5640_sv_ed_800x600_v1/ov5640_sv_ed.runs/design_1_v_frmbuf_rd_0_1_synth_1/prj/sol/.autopilot/db/v_frmbuf_rd.cpp:1278]   --->   Operation 39 'or' 'or_ln1278_2' <Predicate = (!icmp_ln1262)> <Delay = 0.97> <CoreInst = "LogicGate">   --->   Core 74 'LogicGate' <Latency = 0> <II = 1> <Delay = 0.97> <FuncUnit> <Opcode : 'and' 'or' 'xor'> <InPorts = 2> <OutPorts = 1>
ST_1 : Operation 40 [1/1] (0.00ns)   --->   "%br_ln1278 = br i1 %or_ln1278_2, void %for.inc.4, void %if.then126.3" [C:/Users/Santiago/OneDrive/Escritorio/ov5640_sv_ed_800x600_v1/ov5640_sv_ed.runs/design_1_v_frmbuf_rd_0_1_synth_1/prj/sol/.autopilot/db/v_frmbuf_rd.cpp:1278]   --->   Operation 40 'br' 'br_ln1278' <Predicate = (!icmp_ln1262)> <Delay = 0.00>
ST_1 : Operation 41 [1/1] (0.97ns)   --->   "%or_ln1278_3 = or i1 %cmp122, i1 %cmp125_4_read" [C:/Users/Santiago/OneDrive/Escritorio/ov5640_sv_ed_800x600_v1/ov5640_sv_ed.runs/design_1_v_frmbuf_rd_0_1_synth_1/prj/sol/.autopilot/db/v_frmbuf_rd.cpp:1278]   --->   Operation 41 'or' 'or_ln1278_3' <Predicate = (!icmp_ln1262)> <Delay = 0.97> <CoreInst = "LogicGate">   --->   Core 74 'LogicGate' <Latency = 0> <II = 1> <Delay = 0.97> <FuncUnit> <Opcode : 'and' 'or' 'xor'> <InPorts = 2> <OutPorts = 1>
ST_1 : Operation 42 [1/1] (0.00ns)   --->   "%br_ln1278 = br i1 %or_ln1278_3, void %for.inc.5, void %if.then126.4" [C:/Users/Santiago/OneDrive/Escritorio/ov5640_sv_ed_800x600_v1/ov5640_sv_ed.runs/design_1_v_frmbuf_rd_0_1_synth_1/prj/sol/.autopilot/db/v_frmbuf_rd.cpp:1278]   --->   Operation 42 'br' 'br_ln1278' <Predicate = (!icmp_ln1262)> <Delay = 0.00>
ST_1 : Operation 43 [1/1] (0.97ns)   --->   "%or_ln1278_4 = or i1 %cmp122, i1 %cmp125_5_read" [C:/Users/Santiago/OneDrive/Escritorio/ov5640_sv_ed_800x600_v1/ov5640_sv_ed.runs/design_1_v_frmbuf_rd_0_1_synth_1/prj/sol/.autopilot/db/v_frmbuf_rd.cpp:1278]   --->   Operation 43 'or' 'or_ln1278_4' <Predicate = (!icmp_ln1262)> <Delay = 0.97> <CoreInst = "LogicGate">   --->   Core 74 'LogicGate' <Latency = 0> <II = 1> <Delay = 0.97> <FuncUnit> <Opcode : 'and' 'or' 'xor'> <InPorts = 2> <OutPorts = 1>
ST_1 : Operation 44 [1/1] (0.00ns)   --->   "%br_ln1278 = br i1 %or_ln1278_4, void %for.inc.6, void %if.then126.5" [C:/Users/Santiago/OneDrive/Escritorio/ov5640_sv_ed_800x600_v1/ov5640_sv_ed.runs/design_1_v_frmbuf_rd_0_1_synth_1/prj/sol/.autopilot/db/v_frmbuf_rd.cpp:1278]   --->   Operation 44 'br' 'br_ln1278' <Predicate = (!icmp_ln1262)> <Delay = 0.00>
ST_1 : Operation 45 [1/1] (0.97ns)   --->   "%or_ln1278_5 = or i1 %cmp122, i1 %cmp125_6_read" [C:/Users/Santiago/OneDrive/Escritorio/ov5640_sv_ed_800x600_v1/ov5640_sv_ed.runs/design_1_v_frmbuf_rd_0_1_synth_1/prj/sol/.autopilot/db/v_frmbuf_rd.cpp:1278]   --->   Operation 45 'or' 'or_ln1278_5' <Predicate = (!icmp_ln1262)> <Delay = 0.97> <CoreInst = "LogicGate">   --->   Core 74 'LogicGate' <Latency = 0> <II = 1> <Delay = 0.97> <FuncUnit> <Opcode : 'and' 'or' 'xor'> <InPorts = 2> <OutPorts = 1>
ST_1 : Operation 46 [1/1] (0.00ns)   --->   "%br_ln1278 = br i1 %or_ln1278_5, void %for.inc.7, void %if.then126.6" [C:/Users/Santiago/OneDrive/Escritorio/ov5640_sv_ed_800x600_v1/ov5640_sv_ed.runs/design_1_v_frmbuf_rd_0_1_synth_1/prj/sol/.autopilot/db/v_frmbuf_rd.cpp:1278]   --->   Operation 46 'br' 'br_ln1278' <Predicate = (!icmp_ln1262)> <Delay = 0.00>
ST_1 : Operation 47 [1/1] (0.97ns)   --->   "%or_ln1278_6 = or i1 %cmp122, i1 %icmp_ln1252_read" [C:/Users/Santiago/OneDrive/Escritorio/ov5640_sv_ed_800x600_v1/ov5640_sv_ed.runs/design_1_v_frmbuf_rd_0_1_synth_1/prj/sol/.autopilot/db/v_frmbuf_rd.cpp:1278]   --->   Operation 47 'or' 'or_ln1278_6' <Predicate = (!icmp_ln1262)> <Delay = 0.97> <CoreInst = "LogicGate">   --->   Core 74 'LogicGate' <Latency = 0> <II = 1> <Delay = 0.97> <FuncUnit> <Opcode : 'and' 'or' 'xor'> <InPorts = 2> <OutPorts = 1>
ST_1 : Operation 48 [1/1] (0.00ns)   --->   "%br_ln1278 = br i1 %or_ln1278_6, void %for.inc127.7, void %if.then126.7" [C:/Users/Santiago/OneDrive/Escritorio/ov5640_sv_ed_800x600_v1/ov5640_sv_ed.runs/design_1_v_frmbuf_rd_0_1_synth_1/prj/sol/.autopilot/db/v_frmbuf_rd.cpp:1278]   --->   Operation 48 'br' 'br_ln1278' <Predicate = (!icmp_ln1262)> <Delay = 0.00>
ST_1 : Operation 49 [1/1] (1.58ns)   --->   "%store_ln1262 = store i13 %x_2, i13 %x" [C:/Users/Santiago/OneDrive/Escritorio/ov5640_sv_ed_800x600_v1/ov5640_sv_ed.runs/design_1_v_frmbuf_rd_0_1_synth_1/prj/sol/.autopilot/db/v_frmbuf_rd.cpp:1262]   --->   Operation 49 'store' 'store_ln1262' <Predicate = (!icmp_ln1262)> <Delay = 1.58>
ST_1 : Operation 50 [1/1] (0.00ns)   --->   "%br_ln1262 = br void %for.inc" [C:/Users/Santiago/OneDrive/Escritorio/ov5640_sv_ed_800x600_v1/ov5640_sv_ed.runs/design_1_v_frmbuf_rd_0_1_synth_1/prj/sol/.autopilot/db/v_frmbuf_rd.cpp:1262]   --->   Operation 50 'br' 'br_ln1262' <Predicate = (!icmp_ln1262)> <Delay = 0.00>
ST_1 : Operation 85 [1/1] (0.00ns)   --->   "%ret_ln0 = ret"   --->   Operation 85 'ret' 'ret_ln0' <Predicate = (icmp_ln1262)> <Delay = 0.00>

State 2 <SV = 1> <Delay = 7.14>
ST_2 : Operation 51 [1/1] (0.00ns)   --->   "%specpipeline_ln1264 = specpipeline void @_ssdm_op_SpecPipeline, i32 8, i32 0, i32 0, i32 0, void @empty_7" [C:/Users/Santiago/OneDrive/Escritorio/ov5640_sv_ed_800x600_v1/ov5640_sv_ed.runs/design_1_v_frmbuf_rd_0_1_synth_1/prj/sol/.autopilot/db/v_frmbuf_rd.cpp:1264]   --->   Operation 51 'specpipeline' 'specpipeline_ln1264' <Predicate = (!icmp_ln1262)> <Delay = 0.00>
ST_2 : Operation 52 [1/1] (0.00ns)   --->   "%specloopname_ln1262 = specloopname void @_ssdm_op_SpecLoopName, void @empty_12" [C:/Users/Santiago/OneDrive/Escritorio/ov5640_sv_ed_800x600_v1/ov5640_sv_ed.runs/design_1_v_frmbuf_rd_0_1_synth_1/prj/sol/.autopilot/db/v_frmbuf_rd.cpp:1262]   --->   Operation 52 'specloopname' 'specloopname_ln1262' <Predicate = (!icmp_ln1262)> <Delay = 0.00>
ST_2 : Operation 53 [1/1] (3.50ns)   --->   "%rd = read i64 @_ssdm_op_Read.ap_fifo.volatile.i64P0A, i64 %bytePlanes" [C:/Users/Santiago/OneDrive/Escritorio/ov5640_sv_ed_800x600_v1/ov5640_sv_ed.runs/design_1_v_frmbuf_rd_0_1_synth_1/prj/sol/.autopilot/db/v_frmbuf_rd.cpp:1267]   --->   Operation 53 'read' 'rd' <Predicate = (!icmp_ln1262)> <Delay = 3.50> <CoreInst = "FIFO_BRAM">   --->   Core 79 'FIFO_BRAM' <Latency = 0> <II = 1> <Delay = 3.50> <Storage> <Opcode : 'read' 'write' 'nbread' 'nbwrite'> <Ports = 0> <Width = 64> <Depth = 1024> <FIFO>
ST_2 : Operation 54 [1/1] (0.00ns)   --->   "%trunc_ln1274 = trunc i64 %rd" [C:/Users/Santiago/OneDrive/Escritorio/ov5640_sv_ed_800x600_v1/ov5640_sv_ed.runs/design_1_v_frmbuf_rd_0_1_synth_1/prj/sol/.autopilot/db/v_frmbuf_rd.cpp:1274]   --->   Operation 54 'trunc' 'trunc_ln1274' <Predicate = (!icmp_ln1262)> <Delay = 0.00>
ST_2 : Operation 55 [1/1] (0.00ns)   --->   "%p_s = bitconcatenate i24 @_ssdm_op_BitConcatenate.i24.i16.i8, i16 32896, i8 %trunc_ln1274" [C:/Users/Santiago/OneDrive/Escritorio/ov5640_sv_ed_800x600_v1/ov5640_sv_ed.runs/design_1_v_frmbuf_rd_0_1_synth_1/prj/sol/.autopilot/db/v_frmbuf_rd.cpp:1279]   --->   Operation 55 'bitconcatenate' 'p_s' <Predicate = (!icmp_ln1262)> <Delay = 0.00>
ST_2 : Operation 56 [1/1] (3.63ns)   --->   "%write_ln1279 = write void @_ssdm_op_Write.ap_fifo.volatile.i24P0A, i24 %img, i24 %p_s" [C:/Users/Santiago/OneDrive/Escritorio/ov5640_sv_ed_800x600_v1/ov5640_sv_ed.runs/design_1_v_frmbuf_rd_0_1_synth_1/prj/sol/.autopilot/db/v_frmbuf_rd.cpp:1279]   --->   Operation 56 'write' 'write_ln1279' <Predicate = (!icmp_ln1262)> <Delay = 3.63> <CoreInst = "FIFO_SRL">   --->   Core 81 'FIFO_SRL' <Latency = 0> <II = 1> <Delay = 3.63> <Storage> <Opcode : 'read' 'write' 'nbread' 'nbwrite'> <Ports = 0> <Width = 24> <Depth = 2> <FIFO>
ST_2 : Operation 57 [1/1] (0.00ns)   --->   "%tmp_s = partselect i8 @_ssdm_op_PartSelect.i8.i64.i32.i32, i64 %rd, i32 8, i32 15" [C:/Users/Santiago/OneDrive/Escritorio/ov5640_sv_ed_800x600_v1/ov5640_sv_ed.runs/design_1_v_frmbuf_rd_0_1_synth_1/prj/sol/.autopilot/db/v_frmbuf_rd.cpp:1274]   --->   Operation 57 'partselect' 'tmp_s' <Predicate = (!icmp_ln1262)> <Delay = 0.00>
ST_2 : Operation 58 [1/1] (0.00ns)   --->   "%tmp_1 = partselect i8 @_ssdm_op_PartSelect.i8.i64.i32.i32, i64 %rd, i32 16, i32 23" [C:/Users/Santiago/OneDrive/Escritorio/ov5640_sv_ed_800x600_v1/ov5640_sv_ed.runs/design_1_v_frmbuf_rd_0_1_synth_1/prj/sol/.autopilot/db/v_frmbuf_rd.cpp:1274]   --->   Operation 58 'partselect' 'tmp_1' <Predicate = (!icmp_ln1262)> <Delay = 0.00>
ST_2 : Operation 59 [1/1] (0.00ns)   --->   "%tmp_2 = partselect i8 @_ssdm_op_PartSelect.i8.i64.i32.i32, i64 %rd, i32 24, i32 31" [C:/Users/Santiago/OneDrive/Escritorio/ov5640_sv_ed_800x600_v1/ov5640_sv_ed.runs/design_1_v_frmbuf_rd_0_1_synth_1/prj/sol/.autopilot/db/v_frmbuf_rd.cpp:1274]   --->   Operation 59 'partselect' 'tmp_2' <Predicate = (!icmp_ln1262)> <Delay = 0.00>
ST_2 : Operation 60 [1/1] (0.00ns)   --->   "%tmp_3 = partselect i8 @_ssdm_op_PartSelect.i8.i64.i32.i32, i64 %rd, i32 32, i32 39" [C:/Users/Santiago/OneDrive/Escritorio/ov5640_sv_ed_800x600_v1/ov5640_sv_ed.runs/design_1_v_frmbuf_rd_0_1_synth_1/prj/sol/.autopilot/db/v_frmbuf_rd.cpp:1274]   --->   Operation 60 'partselect' 'tmp_3' <Predicate = (!icmp_ln1262)> <Delay = 0.00>
ST_2 : Operation 61 [1/1] (0.00ns)   --->   "%tmp_4 = partselect i8 @_ssdm_op_PartSelect.i8.i64.i32.i32, i64 %rd, i32 40, i32 47" [C:/Users/Santiago/OneDrive/Escritorio/ov5640_sv_ed_800x600_v1/ov5640_sv_ed.runs/design_1_v_frmbuf_rd_0_1_synth_1/prj/sol/.autopilot/db/v_frmbuf_rd.cpp:1274]   --->   Operation 61 'partselect' 'tmp_4' <Predicate = (!icmp_ln1262)> <Delay = 0.00>
ST_2 : Operation 62 [1/1] (0.00ns)   --->   "%tmp_5 = partselect i8 @_ssdm_op_PartSelect.i8.i64.i32.i32, i64 %rd, i32 48, i32 55" [C:/Users/Santiago/OneDrive/Escritorio/ov5640_sv_ed_800x600_v1/ov5640_sv_ed.runs/design_1_v_frmbuf_rd_0_1_synth_1/prj/sol/.autopilot/db/v_frmbuf_rd.cpp:1274]   --->   Operation 62 'partselect' 'tmp_5' <Predicate = (!icmp_ln1262)> <Delay = 0.00>
ST_2 : Operation 63 [1/1] (0.00ns)   --->   "%tmp_6 = partselect i8 @_ssdm_op_PartSelect.i8.i64.i32.i32, i64 %rd, i32 56, i32 63" [C:/Users/Santiago/OneDrive/Escritorio/ov5640_sv_ed_800x600_v1/ov5640_sv_ed.runs/design_1_v_frmbuf_rd_0_1_synth_1/prj/sol/.autopilot/db/v_frmbuf_rd.cpp:1274]   --->   Operation 63 'partselect' 'tmp_6' <Predicate = (!icmp_ln1262)> <Delay = 0.00>

State 3 <SV = 2> <Delay = 3.63>
ST_3 : Operation 64 [1/1] (0.00ns)   --->   "%p_1 = bitconcatenate i24 @_ssdm_op_BitConcatenate.i24.i16.i8, i16 32896, i8 %tmp_s" [C:/Users/Santiago/OneDrive/Escritorio/ov5640_sv_ed_800x600_v1/ov5640_sv_ed.runs/design_1_v_frmbuf_rd_0_1_synth_1/prj/sol/.autopilot/db/v_frmbuf_rd.cpp:1279]   --->   Operation 64 'bitconcatenate' 'p_1' <Predicate = (!icmp_ln1262 & or_ln1278)> <Delay = 0.00>
ST_3 : Operation 65 [1/1] (3.63ns)   --->   "%write_ln1279 = write void @_ssdm_op_Write.ap_fifo.volatile.i24P0A, i24 %img, i24 %p_1" [C:/Users/Santiago/OneDrive/Escritorio/ov5640_sv_ed_800x600_v1/ov5640_sv_ed.runs/design_1_v_frmbuf_rd_0_1_synth_1/prj/sol/.autopilot/db/v_frmbuf_rd.cpp:1279]   --->   Operation 65 'write' 'write_ln1279' <Predicate = (!icmp_ln1262 & or_ln1278)> <Delay = 3.63> <CoreInst = "FIFO_SRL">   --->   Core 81 'FIFO_SRL' <Latency = 0> <II = 1> <Delay = 3.63> <Storage> <Opcode : 'read' 'write' 'nbread' 'nbwrite'> <Ports = 0> <Width = 24> <Depth = 2> <FIFO>
ST_3 : Operation 66 [1/1] (0.00ns)   --->   "%br_ln1279 = br void %for.inc.2" [C:/Users/Santiago/OneDrive/Escritorio/ov5640_sv_ed_800x600_v1/ov5640_sv_ed.runs/design_1_v_frmbuf_rd_0_1_synth_1/prj/sol/.autopilot/db/v_frmbuf_rd.cpp:1279]   --->   Operation 66 'br' 'br_ln1279' <Predicate = (!icmp_ln1262 & or_ln1278)> <Delay = 0.00>

State 4 <SV = 3> <Delay = 3.63>
ST_4 : Operation 67 [1/1] (0.00ns)   --->   "%p_2 = bitconcatenate i24 @_ssdm_op_BitConcatenate.i24.i16.i8, i16 32896, i8 %tmp_1" [C:/Users/Santiago/OneDrive/Escritorio/ov5640_sv_ed_800x600_v1/ov5640_sv_ed.runs/design_1_v_frmbuf_rd_0_1_synth_1/prj/sol/.autopilot/db/v_frmbuf_rd.cpp:1279]   --->   Operation 67 'bitconcatenate' 'p_2' <Predicate = (!icmp_ln1262 & or_ln1278_1)> <Delay = 0.00>
ST_4 : Operation 68 [1/1] (3.63ns)   --->   "%write_ln1279 = write void @_ssdm_op_Write.ap_fifo.volatile.i24P0A, i24 %img, i24 %p_2" [C:/Users/Santiago/OneDrive/Escritorio/ov5640_sv_ed_800x600_v1/ov5640_sv_ed.runs/design_1_v_frmbuf_rd_0_1_synth_1/prj/sol/.autopilot/db/v_frmbuf_rd.cpp:1279]   --->   Operation 68 'write' 'write_ln1279' <Predicate = (!icmp_ln1262 & or_ln1278_1)> <Delay = 3.63> <CoreInst = "FIFO_SRL">   --->   Core 81 'FIFO_SRL' <Latency = 0> <II = 1> <Delay = 3.63> <Storage> <Opcode : 'read' 'write' 'nbread' 'nbwrite'> <Ports = 0> <Width = 24> <Depth = 2> <FIFO>
ST_4 : Operation 69 [1/1] (0.00ns)   --->   "%br_ln1279 = br void %for.inc.3" [C:/Users/Santiago/OneDrive/Escritorio/ov5640_sv_ed_800x600_v1/ov5640_sv_ed.runs/design_1_v_frmbuf_rd_0_1_synth_1/prj/sol/.autopilot/db/v_frmbuf_rd.cpp:1279]   --->   Operation 69 'br' 'br_ln1279' <Predicate = (!icmp_ln1262 & or_ln1278_1)> <Delay = 0.00>

State 5 <SV = 4> <Delay = 3.63>
ST_5 : Operation 70 [1/1] (0.00ns)   --->   "%p_3 = bitconcatenate i24 @_ssdm_op_BitConcatenate.i24.i16.i8, i16 32896, i8 %tmp_2" [C:/Users/Santiago/OneDrive/Escritorio/ov5640_sv_ed_800x600_v1/ov5640_sv_ed.runs/design_1_v_frmbuf_rd_0_1_synth_1/prj/sol/.autopilot/db/v_frmbuf_rd.cpp:1279]   --->   Operation 70 'bitconcatenate' 'p_3' <Predicate = (!icmp_ln1262 & or_ln1278_2)> <Delay = 0.00>
ST_5 : Operation 71 [1/1] (3.63ns)   --->   "%write_ln1279 = write void @_ssdm_op_Write.ap_fifo.volatile.i24P0A, i24 %img, i24 %p_3" [C:/Users/Santiago/OneDrive/Escritorio/ov5640_sv_ed_800x600_v1/ov5640_sv_ed.runs/design_1_v_frmbuf_rd_0_1_synth_1/prj/sol/.autopilot/db/v_frmbuf_rd.cpp:1279]   --->   Operation 71 'write' 'write_ln1279' <Predicate = (!icmp_ln1262 & or_ln1278_2)> <Delay = 3.63> <CoreInst = "FIFO_SRL">   --->   Core 81 'FIFO_SRL' <Latency = 0> <II = 1> <Delay = 3.63> <Storage> <Opcode : 'read' 'write' 'nbread' 'nbwrite'> <Ports = 0> <Width = 24> <Depth = 2> <FIFO>
ST_5 : Operation 72 [1/1] (0.00ns)   --->   "%br_ln1279 = br void %for.inc.4" [C:/Users/Santiago/OneDrive/Escritorio/ov5640_sv_ed_800x600_v1/ov5640_sv_ed.runs/design_1_v_frmbuf_rd_0_1_synth_1/prj/sol/.autopilot/db/v_frmbuf_rd.cpp:1279]   --->   Operation 72 'br' 'br_ln1279' <Predicate = (!icmp_ln1262 & or_ln1278_2)> <Delay = 0.00>

State 6 <SV = 5> <Delay = 3.63>
ST_6 : Operation 73 [1/1] (0.00ns)   --->   "%p_4 = bitconcatenate i24 @_ssdm_op_BitConcatenate.i24.i16.i8, i16 32896, i8 %tmp_3" [C:/Users/Santiago/OneDrive/Escritorio/ov5640_sv_ed_800x600_v1/ov5640_sv_ed.runs/design_1_v_frmbuf_rd_0_1_synth_1/prj/sol/.autopilot/db/v_frmbuf_rd.cpp:1279]   --->   Operation 73 'bitconcatenate' 'p_4' <Predicate = (!icmp_ln1262 & or_ln1278_3)> <Delay = 0.00>
ST_6 : Operation 74 [1/1] (3.63ns)   --->   "%write_ln1279 = write void @_ssdm_op_Write.ap_fifo.volatile.i24P0A, i24 %img, i24 %p_4" [C:/Users/Santiago/OneDrive/Escritorio/ov5640_sv_ed_800x600_v1/ov5640_sv_ed.runs/design_1_v_frmbuf_rd_0_1_synth_1/prj/sol/.autopilot/db/v_frmbuf_rd.cpp:1279]   --->   Operation 74 'write' 'write_ln1279' <Predicate = (!icmp_ln1262 & or_ln1278_3)> <Delay = 3.63> <CoreInst = "FIFO_SRL">   --->   Core 81 'FIFO_SRL' <Latency = 0> <II = 1> <Delay = 3.63> <Storage> <Opcode : 'read' 'write' 'nbread' 'nbwrite'> <Ports = 0> <Width = 24> <Depth = 2> <FIFO>
ST_6 : Operation 75 [1/1] (0.00ns)   --->   "%br_ln1279 = br void %for.inc.5" [C:/Users/Santiago/OneDrive/Escritorio/ov5640_sv_ed_800x600_v1/ov5640_sv_ed.runs/design_1_v_frmbuf_rd_0_1_synth_1/prj/sol/.autopilot/db/v_frmbuf_rd.cpp:1279]   --->   Operation 75 'br' 'br_ln1279' <Predicate = (!icmp_ln1262 & or_ln1278_3)> <Delay = 0.00>

State 7 <SV = 6> <Delay = 3.63>
ST_7 : Operation 76 [1/1] (0.00ns)   --->   "%p_5 = bitconcatenate i24 @_ssdm_op_BitConcatenate.i24.i16.i8, i16 32896, i8 %tmp_4" [C:/Users/Santiago/OneDrive/Escritorio/ov5640_sv_ed_800x600_v1/ov5640_sv_ed.runs/design_1_v_frmbuf_rd_0_1_synth_1/prj/sol/.autopilot/db/v_frmbuf_rd.cpp:1279]   --->   Operation 76 'bitconcatenate' 'p_5' <Predicate = (!icmp_ln1262 & or_ln1278_4)> <Delay = 0.00>
ST_7 : Operation 77 [1/1] (3.63ns)   --->   "%write_ln1279 = write void @_ssdm_op_Write.ap_fifo.volatile.i24P0A, i24 %img, i24 %p_5" [C:/Users/Santiago/OneDrive/Escritorio/ov5640_sv_ed_800x600_v1/ov5640_sv_ed.runs/design_1_v_frmbuf_rd_0_1_synth_1/prj/sol/.autopilot/db/v_frmbuf_rd.cpp:1279]   --->   Operation 77 'write' 'write_ln1279' <Predicate = (!icmp_ln1262 & or_ln1278_4)> <Delay = 3.63> <CoreInst = "FIFO_SRL">   --->   Core 81 'FIFO_SRL' <Latency = 0> <II = 1> <Delay = 3.63> <Storage> <Opcode : 'read' 'write' 'nbread' 'nbwrite'> <Ports = 0> <Width = 24> <Depth = 2> <FIFO>
ST_7 : Operation 78 [1/1] (0.00ns)   --->   "%br_ln1279 = br void %for.inc.6" [C:/Users/Santiago/OneDrive/Escritorio/ov5640_sv_ed_800x600_v1/ov5640_sv_ed.runs/design_1_v_frmbuf_rd_0_1_synth_1/prj/sol/.autopilot/db/v_frmbuf_rd.cpp:1279]   --->   Operation 78 'br' 'br_ln1279' <Predicate = (!icmp_ln1262 & or_ln1278_4)> <Delay = 0.00>

State 8 <SV = 7> <Delay = 3.63>
ST_8 : Operation 79 [1/1] (0.00ns)   --->   "%p_6 = bitconcatenate i24 @_ssdm_op_BitConcatenate.i24.i16.i8, i16 32896, i8 %tmp_5" [C:/Users/Santiago/OneDrive/Escritorio/ov5640_sv_ed_800x600_v1/ov5640_sv_ed.runs/design_1_v_frmbuf_rd_0_1_synth_1/prj/sol/.autopilot/db/v_frmbuf_rd.cpp:1279]   --->   Operation 79 'bitconcatenate' 'p_6' <Predicate = (!icmp_ln1262 & or_ln1278_5)> <Delay = 0.00>
ST_8 : Operation 80 [1/1] (3.63ns)   --->   "%write_ln1279 = write void @_ssdm_op_Write.ap_fifo.volatile.i24P0A, i24 %img, i24 %p_6" [C:/Users/Santiago/OneDrive/Escritorio/ov5640_sv_ed_800x600_v1/ov5640_sv_ed.runs/design_1_v_frmbuf_rd_0_1_synth_1/prj/sol/.autopilot/db/v_frmbuf_rd.cpp:1279]   --->   Operation 80 'write' 'write_ln1279' <Predicate = (!icmp_ln1262 & or_ln1278_5)> <Delay = 3.63> <CoreInst = "FIFO_SRL">   --->   Core 81 'FIFO_SRL' <Latency = 0> <II = 1> <Delay = 3.63> <Storage> <Opcode : 'read' 'write' 'nbread' 'nbwrite'> <Ports = 0> <Width = 24> <Depth = 2> <FIFO>
ST_8 : Operation 81 [1/1] (0.00ns)   --->   "%br_ln1279 = br void %for.inc.7" [C:/Users/Santiago/OneDrive/Escritorio/ov5640_sv_ed_800x600_v1/ov5640_sv_ed.runs/design_1_v_frmbuf_rd_0_1_synth_1/prj/sol/.autopilot/db/v_frmbuf_rd.cpp:1279]   --->   Operation 81 'br' 'br_ln1279' <Predicate = (!icmp_ln1262 & or_ln1278_5)> <Delay = 0.00>

State 9 <SV = 8> <Delay = 3.63>
ST_9 : Operation 82 [1/1] (0.00ns)   --->   "%p_0 = bitconcatenate i24 @_ssdm_op_BitConcatenate.i24.i16.i8, i16 32896, i8 %tmp_6" [C:/Users/Santiago/OneDrive/Escritorio/ov5640_sv_ed_800x600_v1/ov5640_sv_ed.runs/design_1_v_frmbuf_rd_0_1_synth_1/prj/sol/.autopilot/db/v_frmbuf_rd.cpp:1279]   --->   Operation 82 'bitconcatenate' 'p_0' <Predicate = (or_ln1278_6)> <Delay = 0.00>
ST_9 : Operation 83 [1/1] (3.63ns)   --->   "%write_ln1279 = write void @_ssdm_op_Write.ap_fifo.volatile.i24P0A, i24 %img, i24 %p_0" [C:/Users/Santiago/OneDrive/Escritorio/ov5640_sv_ed_800x600_v1/ov5640_sv_ed.runs/design_1_v_frmbuf_rd_0_1_synth_1/prj/sol/.autopilot/db/v_frmbuf_rd.cpp:1279]   --->   Operation 83 'write' 'write_ln1279' <Predicate = (or_ln1278_6)> <Delay = 3.63> <CoreInst = "FIFO_SRL">   --->   Core 81 'FIFO_SRL' <Latency = 0> <II = 1> <Delay = 3.63> <Storage> <Opcode : 'read' 'write' 'nbread' 'nbwrite'> <Ports = 0> <Width = 24> <Depth = 2> <FIFO>
ST_9 : Operation 84 [1/1] (0.00ns)   --->   "%br_ln1279 = br void %for.inc127.7" [C:/Users/Santiago/OneDrive/Escritorio/ov5640_sv_ed_800x600_v1/ov5640_sv_ed.runs/design_1_v_frmbuf_rd_0_1_synth_1/prj/sol/.autopilot/db/v_frmbuf_rd.cpp:1279]   --->   Operation 84 'br' 'br_ln1279' <Predicate = (or_ln1278_6)> <Delay = 0.00>


============================================================
+ Verbose Summary: Timing violations
============================================================
Target clock period: 10.000ns, clock uncertainty: 2.700ns.

 <State 1>: 3.268ns
The critical path consists of the following:
	'alloca' operation ('x') [12]  (0.000 ns)
	'load' operation ('x', C:/Users/Santiago/OneDrive/Escritorio/ov5640_sv_ed_800x600_v1/ov5640_sv_ed.runs/design_1_v_frmbuf_rd_0_1_synth_1/prj/sol/.autopilot/db/v_frmbuf_rd.cpp:1262) on local variable 'x' [29]  (0.000 ns)
	'add' operation ('x', C:/Users/Santiago/OneDrive/Escritorio/ov5640_sv_ed_800x600_v1/ov5640_sv_ed.runs/design_1_v_frmbuf_rd_0_1_synth_1/prj/sol/.autopilot/db/v_frmbuf_rd.cpp:1262) [32]  (1.679 ns)
	'store' operation ('store_ln1262', C:/Users/Santiago/OneDrive/Escritorio/ov5640_sv_ed_800x600_v1/ov5640_sv_ed.runs/design_1_v_frmbuf_rd_0_1_synth_1/prj/sol/.autopilot/db/v_frmbuf_rd.cpp:1262) of variable 'x', C:/Users/Santiago/OneDrive/Escritorio/ov5640_sv_ed_800x600_v1/ov5640_sv_ed.runs/design_1_v_frmbuf_rd_0_1_synth_1/prj/sol/.autopilot/db/v_frmbuf_rd.cpp:1262 on local variable 'x' [99]  (1.588 ns)

 <State 2>: 7.141ns
The critical path consists of the following:
	fifo read operation ('rd', C:/Users/Santiago/OneDrive/Escritorio/ov5640_sv_ed_800x600_v1/ov5640_sv_ed.runs/design_1_v_frmbuf_rd_0_1_synth_1/prj/sol/.autopilot/db/v_frmbuf_rd.cpp:1267) on port 'bytePlanes' (C:/Users/Santiago/OneDrive/Escritorio/ov5640_sv_ed_800x600_v1/ov5640_sv_ed.runs/design_1_v_frmbuf_rd_0_1_synth_1/prj/sol/.autopilot/db/v_frmbuf_rd.cpp:1267) [38]  (3.507 ns)
	fifo write operation ('write_ln1279', C:/Users/Santiago/OneDrive/Escritorio/ov5640_sv_ed_800x600_v1/ov5640_sv_ed.runs/design_1_v_frmbuf_rd_0_1_synth_1/prj/sol/.autopilot/db/v_frmbuf_rd.cpp:1279) on port 'img' (C:/Users/Santiago/OneDrive/Escritorio/ov5640_sv_ed_800x600_v1/ov5640_sv_ed.runs/design_1_v_frmbuf_rd_0_1_synth_1/prj/sol/.autopilot/db/v_frmbuf_rd.cpp:1279) [42]  (3.634 ns)

 <State 3>: 3.634ns
The critical path consists of the following:
	fifo write operation ('write_ln1279', C:/Users/Santiago/OneDrive/Escritorio/ov5640_sv_ed_800x600_v1/ov5640_sv_ed.runs/design_1_v_frmbuf_rd_0_1_synth_1/prj/sol/.autopilot/db/v_frmbuf_rd.cpp:1279) on port 'img' (C:/Users/Santiago/OneDrive/Escritorio/ov5640_sv_ed_800x600_v1/ov5640_sv_ed.runs/design_1_v_frmbuf_rd_0_1_synth_1/prj/sol/.autopilot/db/v_frmbuf_rd.cpp:1279) [48]  (3.634 ns)

 <State 4>: 3.634ns
The critical path consists of the following:
	fifo write operation ('write_ln1279', C:/Users/Santiago/OneDrive/Escritorio/ov5640_sv_ed_800x600_v1/ov5640_sv_ed.runs/design_1_v_frmbuf_rd_0_1_synth_1/prj/sol/.autopilot/db/v_frmbuf_rd.cpp:1279) on port 'img' (C:/Users/Santiago/OneDrive/Escritorio/ov5640_sv_ed_800x600_v1/ov5640_sv_ed.runs/design_1_v_frmbuf_rd_0_1_synth_1/prj/sol/.autopilot/db/v_frmbuf_rd.cpp:1279) [56]  (3.634 ns)

 <State 5>: 3.634ns
The critical path consists of the following:
	fifo write operation ('write_ln1279', C:/Users/Santiago/OneDrive/Escritorio/ov5640_sv_ed_800x600_v1/ov5640_sv_ed.runs/design_1_v_frmbuf_rd_0_1_synth_1/prj/sol/.autopilot/db/v_frmbuf_rd.cpp:1279) on port 'img' (C:/Users/Santiago/OneDrive/Escritorio/ov5640_sv_ed_800x600_v1/ov5640_sv_ed.runs/design_1_v_frmbuf_rd_0_1_synth_1/prj/sol/.autopilot/db/v_frmbuf_rd.cpp:1279) [64]  (3.634 ns)

 <State 6>: 3.634ns
The critical path consists of the following:
	fifo write operation ('write_ln1279', C:/Users/Santiago/OneDrive/Escritorio/ov5640_sv_ed_800x600_v1/ov5640_sv_ed.runs/design_1_v_frmbuf_rd_0_1_synth_1/prj/sol/.autopilot/db/v_frmbuf_rd.cpp:1279) on port 'img' (C:/Users/Santiago/OneDrive/Escritorio/ov5640_sv_ed_800x600_v1/ov5640_sv_ed.runs/design_1_v_frmbuf_rd_0_1_synth_1/prj/sol/.autopilot/db/v_frmbuf_rd.cpp:1279) [72]  (3.634 ns)

 <State 7>: 3.634ns
The critical path consists of the following:
	fifo write operation ('write_ln1279', C:/Users/Santiago/OneDrive/Escritorio/ov5640_sv_ed_800x600_v1/ov5640_sv_ed.runs/design_1_v_frmbuf_rd_0_1_synth_1/prj/sol/.autopilot/db/v_frmbuf_rd.cpp:1279) on port 'img' (C:/Users/Santiago/OneDrive/Escritorio/ov5640_sv_ed_800x600_v1/ov5640_sv_ed.runs/design_1_v_frmbuf_rd_0_1_synth_1/prj/sol/.autopilot/db/v_frmbuf_rd.cpp:1279) [80]  (3.634 ns)

 <State 8>: 3.634ns
The critical path consists of the following:
	fifo write operation ('write_ln1279', C:/Users/Santiago/OneDrive/Escritorio/ov5640_sv_ed_800x600_v1/ov5640_sv_ed.runs/design_1_v_frmbuf_rd_0_1_synth_1/prj/sol/.autopilot/db/v_frmbuf_rd.cpp:1279) on port 'img' (C:/Users/Santiago/OneDrive/Escritorio/ov5640_sv_ed_800x600_v1/ov5640_sv_ed.runs/design_1_v_frmbuf_rd_0_1_synth_1/prj/sol/.autopilot/db/v_frmbuf_rd.cpp:1279) [88]  (3.634 ns)

 <State 9>: 3.634ns
The critical path consists of the following:
	fifo write operation ('write_ln1279', C:/Users/Santiago/OneDrive/Escritorio/ov5640_sv_ed_800x600_v1/ov5640_sv_ed.runs/design_1_v_frmbuf_rd_0_1_synth_1/prj/sol/.autopilot/db/v_frmbuf_rd.cpp:1279) on port 'img' (C:/Users/Santiago/OneDrive/Escritorio/ov5640_sv_ed_800x600_v1/ov5640_sv_ed.runs/design_1_v_frmbuf_rd_0_1_synth_1/prj/sol/.autopilot/db/v_frmbuf_rd.cpp:1279) [96]  (3.634 ns)


============================================================
+ Verbose Summary: Binding
============================================================
N/A
* FSMD analyzer results:
  - Output states:
 - Input state : 
  - Chain level:
	State 1
	State 2
	State 3
	State 4
	State 5
	State 6
	State 7
	State 8
	State 9


============================================================
+ Verbose Summary: Datapath Resource usage 
============================================================
N/A
