

================================================================
== Vitis HLS Report for 'AXIvideo2MultiPixStream_Pipeline_loop_width'
================================================================
* Date:           Tue Jun 24 20:47:03 2025

* Version:        2023.1 (Build 3854077 on May  4 2023)
* Project:        prj
* Solution:       sol (Vivado IP Flow Target)
* Product family: zynq
* Target device:  xc7z020-clg400-1


================================================================
== Performance Estimates
================================================================
+ Timing: 
    * Summary: 
    +--------+----------+----------+------------+
    |  Clock |  Target  | Estimated| Uncertainty|
    +--------+----------+----------+------------+
    |ap_clk  |  10.00 ns|  5.132 ns|     2.70 ns|
    +--------+----------+----------+------------+

+ Latency: 
    * Summary: 
    +---------+---------+-----------+-----------+-----+------+---------+
    |  Latency (cycles) |   Latency (absolute)  |  Interval  | Pipeline|
    |   min   |   max   |    min    |    max    | min |  max |   Type  |
    +---------+---------+-----------+-----------+-----+------+---------+
    |        3|     4098|  30.000 ns|  40.980 us|    3|  4098|       no|
    +---------+---------+-----------+-----------+-----+------+---------+

    + Detail: 
        * Instance: 
        N/A

        * Loop: 
        +--------------+---------+---------+----------+-----------+-----------+----------+----------+
        |              |  Latency (cycles) | Iteration|  Initiation Interval  |   Trip   |          |
        |   Loop Name  |   min   |   max   |  Latency |  achieved |   target  |   Count  | Pipelined|
        +--------------+---------+---------+----------+-----------+-----------+----------+----------+
        |- loop_width  |        1|     4096|         2|          1|          1|  1 ~ 4096|       yes|
        +--------------+---------+---------+----------+-----------+-----------+----------+----------+



================================================================
== Utilization Estimates
================================================================
* Summary: 
+-----------------+---------+-----+--------+-------+-----+
|       Name      | BRAM_18K| DSP |   FF   |  LUT  | URAM|
+-----------------+---------+-----+--------+-------+-----+
|DSP              |        -|    -|       -|      -|    -|
|Expression       |        -|    -|       0|     70|    -|
|FIFO             |        -|    -|       -|      -|    -|
|Instance         |        -|    -|       -|      -|    -|
|Memory           |        -|    -|       -|      -|    -|
|Multiplexer      |        -|    -|       -|    104|    -|
|Register         |        -|    -|      43|      -|    -|
+-----------------+---------+-----+--------+-------+-----+
|Total            |        0|    0|      43|    174|    0|
+-----------------+---------+-----+--------+-------+-----+
|Available        |      280|  220|  106400|  53200|    0|
+-----------------+---------+-----+--------+-------+-----+
|Utilization (%)  |        0|    0|      ~0|     ~0|    0|
+-----------------+---------+-----+--------+-------+-----+

+ Detail: 
    * Instance: 
    N/A

    * DSP: 
    N/A

    * Memory: 
    N/A

    * FIFO: 
    N/A

    * Expression: 
    +----------------------------------+----------+----+---+----+------------+------------+
    |           Variable Name          | Operation| DSP| FF| LUT| Bitwidth P0| Bitwidth P1|
    +----------------------------------+----------+----+---+----+------------+------------+
    |j_2_fu_223_p2                     |         +|   0|  0|  14|          13|           1|
    |ap_block_state1_pp0_stage0_iter0  |       and|   0|  0|   2|           1|           1|
    |ap_block_state2_pp0_stage0_iter1  |       and|   0|  0|   2|           1|           1|
    |ap_condition_259                  |       and|   0|  0|   2|           1|           1|
    |ap_condition_262                  |       and|   0|  0|   2|           1|           1|
    |ap_condition_266                  |       and|   0|  0|   2|           1|           1|
    |ap_predicate_op37_read_state1     |       and|   0|  0|   2|           1|           1|
    |icmp_ln207_fu_217_p2              |      icmp|   0|  0|  14|          13|          13|
    |ap_block_pp0_stage0_01001         |        or|   0|  0|   2|           1|           1|
    |or_ln210_fu_229_p2                |        or|   0|  0|   2|           1|           1|
    |select_ln235_1_fu_295_p3          |    select|   0|  0|   8|           1|           8|
    |select_ln235_2_fu_302_p3          |    select|   0|  0|   8|           1|           8|
    |select_ln235_fu_278_p3            |    select|   0|  0|   8|           1|           8|
    |ap_enable_pp0                     |       xor|   0|  0|   2|           1|           2|
    +----------------------------------+----------+----+---+----+------------+------------+
    |Total                             |          |   0|  0|  70|          38|          48|
    +----------------------------------+----------+----+---+----+------------+------------+

    * Multiplexer: 
    +------------------------------+----+-----------+-----+-----------+
    |             Name             | LUT| Input Size| Bits| Total Bits|
    +------------------------------+----+-----------+-----+-----------+
    |ap_done_int                   |   9|          2|    1|          2|
    |ap_enable_reg_pp0_iter1       |   9|          2|    1|          2|
    |ap_phi_mux_eol_phi_fu_180_p4  |  14|          3|    1|          3|
    |ap_phi_mux_sof_phi_fu_191_p4  |   9|          2|    1|          2|
    |ap_sig_allocacmp_j_1          |   9|          2|   13|         26|
    |axi_data_fu_100               |   9|          2|   24|         48|
    |axi_last_fu_104               |   9|          2|    1|          2|
    |eol_reg_177                   |   9|          2|    1|          2|
    |img_blk_n                     |   9|          2|    1|          2|
    |j_fu_96                       |   9|          2|   13|         26|
    |s_axis_video_TDATA_blk_n      |   9|          2|    1|          2|
    +------------------------------+----+-----------+-----+-----------+
    |Total                         | 104|         23|   58|        117|
    +------------------------------+----+-----------+-----+-----------+

    * Register: 
    +-------------------------+----+----+-----+-----------+
    |           Name          | FF | LUT| Bits| Const Bits|
    +-------------------------+----+----+-----+-----------+
    |ap_CS_fsm                |   1|   0|    1|          0|
    |ap_done_reg              |   1|   0|    1|          0|
    |ap_enable_reg_pp0_iter1  |   1|   0|    1|          0|
    |axi_data_fu_100          |  24|   0|   24|          0|
    |axi_last_fu_104          |   1|   0|    1|          0|
    |eol_reg_177              |   1|   0|    1|          0|
    |icmp_ln207_reg_353       |   1|   0|    1|          0|
    |j_fu_96                  |  13|   0|   13|          0|
    +-------------------------+----+----+-----+-----------+
    |Total                    |  43|   0|   43|          0|
    +-------------------------+----+----+-----+-----------+



================================================================
== Interface
================================================================
* Summary: 
+-----------------------+-----+-----+------------+---------------------------------------------+--------------+
|       RTL Ports       | Dir | Bits|  Protocol  |                Source Object                |    C Type    |
+-----------------------+-----+-----+------------+---------------------------------------------+--------------+
|ap_clk                 |   in|    1|  ap_ctrl_hs|  AXIvideo2MultiPixStream_Pipeline_loop_width|  return value|
|ap_rst                 |   in|    1|  ap_ctrl_hs|  AXIvideo2MultiPixStream_Pipeline_loop_width|  return value|
|ap_start               |   in|    1|  ap_ctrl_hs|  AXIvideo2MultiPixStream_Pipeline_loop_width|  return value|
|ap_done                |  out|    1|  ap_ctrl_hs|  AXIvideo2MultiPixStream_Pipeline_loop_width|  return value|
|ap_idle                |  out|    1|  ap_ctrl_hs|  AXIvideo2MultiPixStream_Pipeline_loop_width|  return value|
|ap_ready               |  out|    1|  ap_ctrl_hs|  AXIvideo2MultiPixStream_Pipeline_loop_width|  return value|
|s_axis_video_TVALID    |   in|    1|        axis|                        s_axis_video_V_data_V|       pointer|
|s_axis_video_TDATA     |   in|   24|        axis|                        s_axis_video_V_data_V|       pointer|
|img_din                |  out|   24|     ap_fifo|                                          img|       pointer|
|img_num_data_valid     |   in|    2|     ap_fifo|                                          img|       pointer|
|img_fifo_cap           |   in|    2|     ap_fifo|                                          img|       pointer|
|img_full_n             |   in|    1|     ap_fifo|                                          img|       pointer|
|img_write              |  out|    1|     ap_fifo|                                          img|       pointer|
|sof_2                  |   in|    1|     ap_none|                                        sof_2|        scalar|
|axi_last_2             |   in|    1|     ap_none|                                   axi_last_2|        scalar|
|axi_data_2             |   in|   24|     ap_none|                                   axi_data_2|        scalar|
|cols                   |   in|   13|     ap_none|                                         cols|        scalar|
|cond                   |   in|    1|     ap_none|                                         cond|        scalar|
|s_axis_video_TREADY    |  out|    1|        axis|                        s_axis_video_V_dest_V|       pointer|
|s_axis_video_TDEST     |   in|    1|        axis|                        s_axis_video_V_dest_V|       pointer|
|s_axis_video_TKEEP     |   in|    3|        axis|                        s_axis_video_V_keep_V|       pointer|
|s_axis_video_TSTRB     |   in|    3|        axis|                        s_axis_video_V_strb_V|       pointer|
|s_axis_video_TUSER     |   in|    1|        axis|                        s_axis_video_V_user_V|       pointer|
|s_axis_video_TLAST     |   in|    1|        axis|                        s_axis_video_V_last_V|       pointer|
|s_axis_video_TID       |   in|    1|        axis|                          s_axis_video_V_id_V|       pointer|
|eol_out                |  out|    1|      ap_vld|                                      eol_out|       pointer|
|eol_out_ap_vld         |  out|    1|      ap_vld|                                      eol_out|       pointer|
|axi_data_3_out         |  out|   24|      ap_vld|                               axi_data_3_out|       pointer|
|axi_data_3_out_ap_vld  |  out|    1|      ap_vld|                               axi_data_3_out|       pointer|
+-----------------------+-----+-----+------------+---------------------------------------------+--------------+

============================================================
+ Verbose Summary: Synthesis Manager
============================================================
InlineROM: 1
ExposeGlobal: 0
============================================================
+ Verbose Summary: CDFG Model
============================================================
IsTopModel: 0
ResetActiveHigh: 1
IsCombinational: 2
IsDatapathOnly: 2
HasWiredReturn: 1
HasMFsm: 2
HasVarLatency: 1
IsPipeline: 0
IsRtlPipelined: 0
IsInstanceOverlapped: 0
IsDontTouch: 0
HasImplIP: 0
IsGatedGlobalClock: 0

+ Individual pipeline summary: 
  * Pipeline-0: initiation interval (II) = 1, depth = 2


============================================================
+ Verbose Summary: Schedule
============================================================
* Number of FSM states : 2
* Pipeline : 1
  Pipeline-0 : II = 1, D = 2, States = { 1 2 }
* Dataflow Pipeline: 0

* FSM state transitions: 
1 --> 2 
2 --> 

* FSM state operations: 

State 1 <SV = 0> <Delay = 5.13>
ST_1 : Operation 5 [1/1] (0.00ns)   --->   "%j = alloca i32 1"   --->   Operation 5 'alloca' 'j' <Predicate = true> <Delay = 0.00>
ST_1 : Operation 6 [1/1] (0.00ns)   --->   "%axi_data = alloca i32 1"   --->   Operation 6 'alloca' 'axi_data' <Predicate = true> <Delay = 0.00>
ST_1 : Operation 7 [1/1] (0.00ns)   --->   "%axi_last = alloca i32 1"   --->   Operation 7 'alloca' 'axi_last' <Predicate = true> <Delay = 0.00>
ST_1 : Operation 8 [1/1] (0.00ns)   --->   "%specaxissidechannel_ln0 = specaxissidechannel void @_ssdm_op_SpecAXISSideChannel, i24 %s_axis_video_V_data_V, i3 %s_axis_video_V_keep_V, i3 %s_axis_video_V_strb_V, i1 %s_axis_video_V_user_V, i1 %s_axis_video_V_last_V, i1 %s_axis_video_V_id_V, i1 %s_axis_video_V_dest_V, void @empty_2"   --->   Operation 8 'specaxissidechannel' 'specaxissidechannel_ln0' <Predicate = true> <Delay = 0.00>
ST_1 : Operation 9 [1/1] (0.00ns)   --->   "%specinterface_ln0 = specinterface void @_ssdm_op_SpecInterface, i1 %s_axis_video_V_dest_V, void @empty_0, i32 0, i32 0, void @empty_1, i32 0, i32 0, void @empty_14, void @empty_14, void @empty_14, i32 0, i32 0, i32 0, i32 0, void @empty_14, void @empty_14, i32 4294967295, i32 0"   --->   Operation 9 'specinterface' 'specinterface_ln0' <Predicate = true> <Delay = 0.00>
ST_1 : Operation 10 [1/1] (0.00ns)   --->   "%specinterface_ln0 = specinterface void @_ssdm_op_SpecInterface, i1 %s_axis_video_V_id_V, void @empty_0, i32 0, i32 0, void @empty_1, i32 0, i32 0, void @empty_14, void @empty_14, void @empty_14, i32 0, i32 0, i32 0, i32 0, void @empty_14, void @empty_14, i32 4294967295, i32 0"   --->   Operation 10 'specinterface' 'specinterface_ln0' <Predicate = true> <Delay = 0.00>
ST_1 : Operation 11 [1/1] (0.00ns)   --->   "%specinterface_ln0 = specinterface void @_ssdm_op_SpecInterface, i1 %s_axis_video_V_last_V, void @empty_0, i32 0, i32 0, void @empty_1, i32 0, i32 0, void @empty_14, void @empty_14, void @empty_14, i32 0, i32 0, i32 0, i32 0, void @empty_14, void @empty_14, i32 4294967295, i32 0"   --->   Operation 11 'specinterface' 'specinterface_ln0' <Predicate = true> <Delay = 0.00>
ST_1 : Operation 12 [1/1] (0.00ns)   --->   "%specinterface_ln0 = specinterface void @_ssdm_op_SpecInterface, i1 %s_axis_video_V_user_V, void @empty_0, i32 0, i32 0, void @empty_1, i32 0, i32 0, void @empty_14, void @empty_14, void @empty_14, i32 0, i32 0, i32 0, i32 0, void @empty_14, void @empty_14, i32 4294967295, i32 0"   --->   Operation 12 'specinterface' 'specinterface_ln0' <Predicate = true> <Delay = 0.00>
ST_1 : Operation 13 [1/1] (0.00ns)   --->   "%specinterface_ln0 = specinterface void @_ssdm_op_SpecInterface, i3 %s_axis_video_V_strb_V, void @empty_0, i32 0, i32 0, void @empty_1, i32 0, i32 0, void @empty_14, void @empty_14, void @empty_14, i32 0, i32 0, i32 0, i32 0, void @empty_14, void @empty_14, i32 4294967295, i32 0"   --->   Operation 13 'specinterface' 'specinterface_ln0' <Predicate = true> <Delay = 0.00>
ST_1 : Operation 14 [1/1] (0.00ns)   --->   "%specinterface_ln0 = specinterface void @_ssdm_op_SpecInterface, i3 %s_axis_video_V_keep_V, void @empty_0, i32 0, i32 0, void @empty_1, i32 0, i32 0, void @empty_14, void @empty_14, void @empty_14, i32 0, i32 0, i32 0, i32 0, void @empty_14, void @empty_14, i32 4294967295, i32 0"   --->   Operation 14 'specinterface' 'specinterface_ln0' <Predicate = true> <Delay = 0.00>
ST_1 : Operation 15 [1/1] (0.00ns)   --->   "%specinterface_ln0 = specinterface void @_ssdm_op_SpecInterface, i24 %s_axis_video_V_data_V, void @empty_0, i32 0, i32 0, void @empty_1, i32 0, i32 0, void @empty_14, void @empty_14, void @empty_14, i32 0, i32 0, i32 0, i32 0, void @empty_14, void @empty_14, i32 4294967295, i32 0"   --->   Operation 15 'specinterface' 'specinterface_ln0' <Predicate = true> <Delay = 0.00>
ST_1 : Operation 16 [1/1] (0.00ns)   --->   "%specinterface_ln0 = specinterface void @_ssdm_op_SpecInterface, i24 %img, void @empty_3, i32 0, i32 0, void @empty_14, i32 0, i32 0, void @empty_14, void @empty_14, void @empty_14, i32 0, i32 0, i32 0, i32 0, void @empty_14, void @empty_14, i32 4294967295, i32 0"   --->   Operation 16 'specinterface' 'specinterface_ln0' <Predicate = true> <Delay = 0.00>
ST_1 : Operation 17 [1/1] (0.00ns)   --->   "%cond_read = read i1 @_ssdm_op_Read.ap_auto.i1, i1 %cond"   --->   Operation 17 'read' 'cond_read' <Predicate = true> <Delay = 0.00>
ST_1 : Operation 18 [1/1] (0.00ns)   --->   "%cols_read = read i13 @_ssdm_op_Read.ap_auto.i13, i13 %cols"   --->   Operation 18 'read' 'cols_read' <Predicate = true> <Delay = 0.00>
ST_1 : Operation 19 [1/1] (0.00ns)   --->   "%axi_data_2_read = read i24 @_ssdm_op_Read.ap_auto.i24, i24 %axi_data_2"   --->   Operation 19 'read' 'axi_data_2_read' <Predicate = true> <Delay = 0.00>
ST_1 : Operation 20 [1/1] (0.00ns)   --->   "%axi_last_2_read = read i1 @_ssdm_op_Read.ap_auto.i1, i1 %axi_last_2"   --->   Operation 20 'read' 'axi_last_2_read' <Predicate = true> <Delay = 0.00>
ST_1 : Operation 21 [1/1] (0.00ns)   --->   "%sof_2_read = read i1 @_ssdm_op_Read.ap_auto.i1, i1 %sof_2"   --->   Operation 21 'read' 'sof_2_read' <Predicate = true> <Delay = 0.00>
ST_1 : Operation 22 [1/1] (1.58ns)   --->   "%store_ln0 = store i1 %axi_last_2_read, i1 %axi_last"   --->   Operation 22 'store' 'store_ln0' <Predicate = true> <Delay = 1.58>
ST_1 : Operation 23 [1/1] (1.58ns)   --->   "%store_ln0 = store i24 %axi_data_2_read, i24 %axi_data"   --->   Operation 23 'store' 'store_ln0' <Predicate = true> <Delay = 1.58>
ST_1 : Operation 24 [1/1] (1.58ns)   --->   "%store_ln0 = store i13 0, i13 %j"   --->   Operation 24 'store' 'store_ln0' <Predicate = true> <Delay = 1.58>
ST_1 : Operation 25 [1/1] (1.58ns)   --->   "%br_ln0 = br void %for.body12"   --->   Operation 25 'br' 'br_ln0' <Predicate = true> <Delay = 1.58>
ST_1 : Operation 26 [1/1] (0.00ns)   --->   "%eol = phi i1 %axi_last_4, void %if.end, i1 0, void %newFuncRoot"   --->   Operation 26 'phi' 'eol' <Predicate = true> <Delay = 0.00>
ST_1 : Operation 27 [1/1] (0.00ns)   --->   "%sof = phi i1 0, void %if.end, i1 %sof_2_read, void %newFuncRoot"   --->   Operation 27 'phi' 'sof' <Predicate = true> <Delay = 0.00>
ST_1 : Operation 28 [1/1] (0.00ns)   --->   "%j_1 = load i13 %j" [C:/Users/Santiago/OneDrive/Escritorio/ov5640_sv_ed_800x600_v1/ov5640_sv_ed.runs/design_1_v_frmbuf_wr_2_0_synth_1/prj/sol/.autopilot/db/v_frmbuf_wr.cpp:207]   --->   Operation 28 'load' 'j_1' <Predicate = true> <Delay = 0.00>
ST_1 : Operation 29 [1/1] (1.67ns)   --->   "%icmp_ln207 = icmp_eq  i13 %j_1, i13 %cols_read" [C:/Users/Santiago/OneDrive/Escritorio/ov5640_sv_ed_800x600_v1/ov5640_sv_ed.runs/design_1_v_frmbuf_wr_2_0_synth_1/prj/sol/.autopilot/db/v_frmbuf_wr.cpp:207]   --->   Operation 29 'icmp' 'icmp_ln207' <Predicate = true> <Delay = 1.67> <CoreInst = "Cmp">   --->   Core 9 'Cmp' <Latency = 0> <II = 1> <Delay = 1.67> <FuncUnit> <Opcode : 'icmp'> <InPorts = 2> <OutPorts = 1>
ST_1 : Operation 30 [1/1] (0.00ns)   --->   "%speclooptripcount_ln0 = speclooptripcount void @_ssdm_op_SpecLoopTripCount, i64 1, i64 4096, i64 0"   --->   Operation 30 'speclooptripcount' 'speclooptripcount_ln0' <Predicate = true> <Delay = 0.00>
ST_1 : Operation 31 [1/1] (1.67ns)   --->   "%j_2 = add i13 %j_1, i13 1" [C:/Users/Santiago/OneDrive/Escritorio/ov5640_sv_ed_800x600_v1/ov5640_sv_ed.runs/design_1_v_frmbuf_wr_2_0_synth_1/prj/sol/.autopilot/db/v_frmbuf_wr.cpp:207]   --->   Operation 31 'add' 'j_2' <Predicate = true> <Delay = 1.67> <CoreInst = "Adder">   --->   Core 1 'Adder' <Latency = 0> <II = 1> <Delay = 1.67> <FuncUnit> <Opcode : 'add' 'sub'> <InPorts = 2> <OutPorts = 1>
ST_1 : Operation 32 [1/1] (0.00ns)   --->   "%br_ln207 = br i1 %icmp_ln207, void %for.body12.split, void %loop_wait_for_eol.loopexit.exitStub" [C:/Users/Santiago/OneDrive/Escritorio/ov5640_sv_ed_800x600_v1/ov5640_sv_ed.runs/design_1_v_frmbuf_wr_2_0_synth_1/prj/sol/.autopilot/db/v_frmbuf_wr.cpp:207]   --->   Operation 32 'br' 'br_ln207' <Predicate = true> <Delay = 0.00>
ST_1 : Operation 33 [1/1] (0.00ns)   --->   "%specpipeline_ln209 = specpipeline void @_ssdm_op_SpecPipeline, i32 1, i32 0, i32 0, i32 0, void @empty_14" [C:/Users/Santiago/OneDrive/Escritorio/ov5640_sv_ed_800x600_v1/ov5640_sv_ed.runs/design_1_v_frmbuf_wr_2_0_synth_1/prj/sol/.autopilot/db/v_frmbuf_wr.cpp:209]   --->   Operation 33 'specpipeline' 'specpipeline_ln209' <Predicate = (!icmp_ln207)> <Delay = 0.00>
ST_1 : Operation 34 [1/1] (0.00ns)   --->   "%specloopname_ln207 = specloopname void @_ssdm_op_SpecLoopName, void @empty_5" [C:/Users/Santiago/OneDrive/Escritorio/ov5640_sv_ed_800x600_v1/ov5640_sv_ed.runs/design_1_v_frmbuf_wr_2_0_synth_1/prj/sol/.autopilot/db/v_frmbuf_wr.cpp:207]   --->   Operation 34 'specloopname' 'specloopname_ln207' <Predicate = (!icmp_ln207)> <Delay = 0.00>
ST_1 : Operation 35 [1/1] (0.97ns)   --->   "%or_ln210 = or i1 %sof, i1 %eol" [C:/Users/Santiago/OneDrive/Escritorio/ov5640_sv_ed_800x600_v1/ov5640_sv_ed.runs/design_1_v_frmbuf_wr_2_0_synth_1/prj/sol/.autopilot/db/v_frmbuf_wr.cpp:210]   --->   Operation 35 'or' 'or_ln210' <Predicate = (!icmp_ln207)> <Delay = 0.97> <CoreInst = "LogicGate">   --->   Core 74 'LogicGate' <Latency = 0> <II = 1> <Delay = 0.97> <FuncUnit> <Opcode : 'and' 'or' 'xor'> <InPorts = 2> <OutPorts = 1>
ST_1 : Operation 36 [1/1] (0.00ns)   --->   "%br_ln210 = br i1 %or_ln210, void %if.else, void %if.end" [C:/Users/Santiago/OneDrive/Escritorio/ov5640_sv_ed_800x600_v1/ov5640_sv_ed.runs/design_1_v_frmbuf_wr_2_0_synth_1/prj/sol/.autopilot/db/v_frmbuf_wr.cpp:210]   --->   Operation 36 'br' 'br_ln210' <Predicate = (!icmp_ln207)> <Delay = 0.00>
ST_1 : Operation 37 [1/1] (0.00ns)   --->   "%empty = read i34 @_ssdm_op_Read.axis.volatile.i24P0A.i3P0A.i3P0A.i1P0A.i1P0A.i1P0A.i1P0A, i24 %s_axis_video_V_data_V, i3 %s_axis_video_V_keep_V, i3 %s_axis_video_V_strb_V, i1 %s_axis_video_V_user_V, i1 %s_axis_video_V_last_V, i1 %s_axis_video_V_id_V, i1 %s_axis_video_V_dest_V" [C:/Users/Santiago/OneDrive/Escritorio/ov5640_sv_ed_800x600_v1/ov5640_sv_ed.runs/design_1_v_frmbuf_wr_2_0_synth_1/prj/sol/.autopilot/db/v_frmbuf_wr.cpp:214]   --->   Operation 37 'read' 'empty' <Predicate = (!icmp_ln207 & !or_ln210)> <Delay = 0.00> <CoreInst = "axis">   --->   Core 115 'axis' <Latency = 0> <II = 1> <Delay = 1.00> <Adapter> <Opcode : >
ST_1 : Operation 38 [1/1] (0.00ns)   --->   "%axi_data_1 = extractvalue i34 %empty" [C:/Users/Santiago/OneDrive/Escritorio/ov5640_sv_ed_800x600_v1/ov5640_sv_ed.runs/design_1_v_frmbuf_wr_2_0_synth_1/prj/sol/.autopilot/db/v_frmbuf_wr.cpp:214]   --->   Operation 38 'extractvalue' 'axi_data_1' <Predicate = (!icmp_ln207 & !or_ln210)> <Delay = 0.00>
ST_1 : Operation 39 [1/1] (0.00ns)   --->   "%axi_last_5 = extractvalue i34 %empty" [C:/Users/Santiago/OneDrive/Escritorio/ov5640_sv_ed_800x600_v1/ov5640_sv_ed.runs/design_1_v_frmbuf_wr_2_0_synth_1/prj/sol/.autopilot/db/v_frmbuf_wr.cpp:214]   --->   Operation 39 'extractvalue' 'axi_last_5' <Predicate = (!icmp_ln207 & !or_ln210)> <Delay = 0.00>
ST_1 : Operation 40 [1/1] (1.58ns)   --->   "%store_ln214 = store i1 %axi_last_5, i1 %axi_last" [C:/Users/Santiago/OneDrive/Escritorio/ov5640_sv_ed_800x600_v1/ov5640_sv_ed.runs/design_1_v_frmbuf_wr_2_0_synth_1/prj/sol/.autopilot/db/v_frmbuf_wr.cpp:214]   --->   Operation 40 'store' 'store_ln214' <Predicate = (!icmp_ln207 & !or_ln210)> <Delay = 1.58>
ST_1 : Operation 41 [1/1] (1.58ns)   --->   "%store_ln214 = store i24 %axi_data_1, i24 %axi_data" [C:/Users/Santiago/OneDrive/Escritorio/ov5640_sv_ed_800x600_v1/ov5640_sv_ed.runs/design_1_v_frmbuf_wr_2_0_synth_1/prj/sol/.autopilot/db/v_frmbuf_wr.cpp:214]   --->   Operation 41 'store' 'store_ln214' <Predicate = (!icmp_ln207 & !or_ln210)> <Delay = 1.58>
ST_1 : Operation 42 [1/1] (0.00ns)   --->   "%br_ln0 = br void %if.end"   --->   Operation 42 'br' 'br_ln0' <Predicate = (!icmp_ln207 & !or_ln210)> <Delay = 0.00>
ST_1 : Operation 43 [1/1] (1.58ns)   --->   "%store_ln207 = store i13 %j_2, i13 %j" [C:/Users/Santiago/OneDrive/Escritorio/ov5640_sv_ed_800x600_v1/ov5640_sv_ed.runs/design_1_v_frmbuf_wr_2_0_synth_1/prj/sol/.autopilot/db/v_frmbuf_wr.cpp:207]   --->   Operation 43 'store' 'store_ln207' <Predicate = (!icmp_ln207)> <Delay = 1.58>
ST_1 : Operation 44 [1/1] (0.00ns)   --->   "%br_ln207 = br void %for.body12" [C:/Users/Santiago/OneDrive/Escritorio/ov5640_sv_ed_800x600_v1/ov5640_sv_ed.runs/design_1_v_frmbuf_wr_2_0_synth_1/prj/sol/.autopilot/db/v_frmbuf_wr.cpp:207]   --->   Operation 44 'br' 'br_ln207' <Predicate = (!icmp_ln207)> <Delay = 0.00>
ST_1 : Operation 55 [1/1] (0.00ns)   --->   "%axi_data_load = load i24 %axi_data"   --->   Operation 55 'load' 'axi_data_load' <Predicate = (icmp_ln207)> <Delay = 0.00>
ST_1 : Operation 56 [1/1] (0.00ns)   --->   "%write_ln0 = write void @_ssdm_op_Write.ap_auto.i1P0A, i1 %eol_out, i1 %eol"   --->   Operation 56 'write' 'write_ln0' <Predicate = (icmp_ln207)> <Delay = 0.00>
ST_1 : Operation 57 [1/1] (0.00ns)   --->   "%write_ln0 = write void @_ssdm_op_Write.ap_auto.i24P0A, i24 %axi_data_3_out, i24 %axi_data_load"   --->   Operation 57 'write' 'write_ln0' <Predicate = (icmp_ln207)> <Delay = 0.00>
ST_1 : Operation 58 [1/1] (0.00ns)   --->   "%ret_ln0 = ret"   --->   Operation 58 'ret' 'ret_ln0' <Predicate = (icmp_ln207)> <Delay = 0.00>

State 2 <SV = 1> <Delay = 4.88>
ST_2 : Operation 45 [1/1] (0.00ns)   --->   "%axi_data_4 = load i24 %axi_data" [c:/Users/Santiago/OneDrive/Escritorio/ov5640_sv_ed_800x600_v1/ov5640_sv_ed.gen/sources_1/bd/design_1/ip/design_1_v_frmbuf_wr_2_0/src/hls/hls_axi_io.h:49->c:/Users/Santiago/OneDrive/Escritorio/ov5640_sv_ed_800x600_v1/ov5640_sv_ed.gen/sources_1/bd/design_1/ip/design_1_v_frmbuf_wr_2_0/src/hls/hls_axi_io.h:71->C:/Users/Santiago/OneDrive/Escritorio/ov5640_sv_ed_800x600_v1/ov5640_sv_ed.runs/design_1_v_frmbuf_wr_2_0_synth_1/prj/sol/.autopilot/db/v_frmbuf_wr.cpp:231]   --->   Operation 45 'load' 'axi_data_4' <Predicate = (!icmp_ln207)> <Delay = 0.00>
ST_2 : Operation 46 [1/1] (0.00ns)   --->   "%axi_last_4 = load i1 %axi_last"   --->   Operation 46 'load' 'axi_last_4' <Predicate = (!icmp_ln207)> <Delay = 0.00>
ST_2 : Operation 47 [1/1] (0.00ns)   --->   "%tmp_s = partselect i8 @_ssdm_op_PartSelect.i8.i24.i32.i32, i24 %axi_data_4, i32 16, i32 23" [c:/Users/Santiago/OneDrive/Escritorio/ov5640_sv_ed_800x600_v1/ov5640_sv_ed.gen/sources_1/bd/design_1/ip/design_1_v_frmbuf_wr_2_0/src/hls/hls_axi_io.h:49->c:/Users/Santiago/OneDrive/Escritorio/ov5640_sv_ed_800x600_v1/ov5640_sv_ed.gen/sources_1/bd/design_1/ip/design_1_v_frmbuf_wr_2_0/src/hls/hls_axi_io.h:71->C:/Users/Santiago/OneDrive/Escritorio/ov5640_sv_ed_800x600_v1/ov5640_sv_ed.runs/design_1_v_frmbuf_wr_2_0_synth_1/prj/sol/.autopilot/db/v_frmbuf_wr.cpp:229]   --->   Operation 47 'partselect' 'tmp_s' <Predicate = (!icmp_ln207)> <Delay = 0.00>
ST_2 : Operation 48 [1/1] (0.00ns)   --->   "%trunc_ln49 = trunc i24 %axi_data_4" [c:/Users/Santiago/OneDrive/Escritorio/ov5640_sv_ed_800x600_v1/ov5640_sv_ed.gen/sources_1/bd/design_1/ip/design_1_v_frmbuf_wr_2_0/src/hls/hls_axi_io.h:49->c:/Users/Santiago/OneDrive/Escritorio/ov5640_sv_ed_800x600_v1/ov5640_sv_ed.gen/sources_1/bd/design_1/ip/design_1_v_frmbuf_wr_2_0/src/hls/hls_axi_io.h:71->C:/Users/Santiago/OneDrive/Escritorio/ov5640_sv_ed_800x600_v1/ov5640_sv_ed.runs/design_1_v_frmbuf_wr_2_0_synth_1/prj/sol/.autopilot/db/v_frmbuf_wr.cpp:231]   --->   Operation 48 'trunc' 'trunc_ln49' <Predicate = (!icmp_ln207)> <Delay = 0.00>
ST_2 : Operation 49 [1/1] (1.24ns)   --->   "%select_ln235 = select i1 %cond_read, i8 %tmp_s, i8 %trunc_ln49" [C:/Users/Santiago/OneDrive/Escritorio/ov5640_sv_ed_800x600_v1/ov5640_sv_ed.runs/design_1_v_frmbuf_wr_2_0_synth_1/prj/sol/.autopilot/db/v_frmbuf_wr.cpp:235]   --->   Operation 49 'select' 'select_ln235' <Predicate = (!icmp_ln207)> <Delay = 1.24> <CoreInst = "Sel">   --->   Core 73 'Sel' <Latency = 0> <II = 1> <Delay = 1.24> <FuncUnit> <Opcode : 'select'> <InPorts = 3> <OutPorts = 1>
ST_2 : Operation 50 [1/1] (0.00ns)   --->   "%tmp_1 = partselect i8 @_ssdm_op_PartSelect.i8.i24.i32.i32, i24 %axi_data_4, i32 8, i32 15" [c:/Users/Santiago/OneDrive/Escritorio/ov5640_sv_ed_800x600_v1/ov5640_sv_ed.gen/sources_1/bd/design_1/ip/design_1_v_frmbuf_wr_2_0/src/hls/hls_axi_io.h:49->c:/Users/Santiago/OneDrive/Escritorio/ov5640_sv_ed_800x600_v1/ov5640_sv_ed.gen/sources_1/bd/design_1/ip/design_1_v_frmbuf_wr_2_0/src/hls/hls_axi_io.h:71->C:/Users/Santiago/OneDrive/Escritorio/ov5640_sv_ed_800x600_v1/ov5640_sv_ed.runs/design_1_v_frmbuf_wr_2_0_synth_1/prj/sol/.autopilot/db/v_frmbuf_wr.cpp:231]   --->   Operation 50 'partselect' 'tmp_1' <Predicate = (!icmp_ln207)> <Delay = 0.00>
ST_2 : Operation 51 [1/1] (1.24ns)   --->   "%select_ln235_1 = select i1 %cond_read, i8 %trunc_ln49, i8 %tmp_1" [C:/Users/Santiago/OneDrive/Escritorio/ov5640_sv_ed_800x600_v1/ov5640_sv_ed.runs/design_1_v_frmbuf_wr_2_0_synth_1/prj/sol/.autopilot/db/v_frmbuf_wr.cpp:235]   --->   Operation 51 'select' 'select_ln235_1' <Predicate = (!icmp_ln207)> <Delay = 1.24> <CoreInst = "Sel">   --->   Core 73 'Sel' <Latency = 0> <II = 1> <Delay = 1.24> <FuncUnit> <Opcode : 'select'> <InPorts = 3> <OutPorts = 1>
ST_2 : Operation 52 [1/1] (1.24ns)   --->   "%select_ln235_2 = select i1 %cond_read, i8 %tmp_1, i8 %tmp_s" [C:/Users/Santiago/OneDrive/Escritorio/ov5640_sv_ed_800x600_v1/ov5640_sv_ed.runs/design_1_v_frmbuf_wr_2_0_synth_1/prj/sol/.autopilot/db/v_frmbuf_wr.cpp:235]   --->   Operation 52 'select' 'select_ln235_2' <Predicate = (!icmp_ln207)> <Delay = 1.24> <CoreInst = "Sel">   --->   Core 73 'Sel' <Latency = 0> <II = 1> <Delay = 1.24> <FuncUnit> <Opcode : 'select'> <InPorts = 3> <OutPorts = 1>
ST_2 : Operation 53 [1/1] (0.00ns)   --->   "%p_0 = bitconcatenate i24 @_ssdm_op_BitConcatenate.i24.i8.i8.i8, i8 %select_ln235_2, i8 %select_ln235_1, i8 %select_ln235" [C:/Users/Santiago/OneDrive/Escritorio/ov5640_sv_ed_800x600_v1/ov5640_sv_ed.runs/design_1_v_frmbuf_wr_2_0_synth_1/prj/sol/.autopilot/db/v_frmbuf_wr.cpp:247]   --->   Operation 53 'bitconcatenate' 'p_0' <Predicate = (!icmp_ln207)> <Delay = 0.00>
ST_2 : Operation 54 [1/1] (3.63ns)   --->   "%write_ln247 = write void @_ssdm_op_Write.ap_fifo.volatile.i24P0A, i24 %img, i24 %p_0" [C:/Users/Santiago/OneDrive/Escritorio/ov5640_sv_ed_800x600_v1/ov5640_sv_ed.runs/design_1_v_frmbuf_wr_2_0_synth_1/prj/sol/.autopilot/db/v_frmbuf_wr.cpp:247]   --->   Operation 54 'write' 'write_ln247' <Predicate = (!icmp_ln207)> <Delay = 3.63> <CoreInst = "FIFO_SRL">   --->   Core 81 'FIFO_SRL' <Latency = 0> <II = 1> <Delay = 3.63> <Storage> <Opcode : 'read' 'write' 'nbread' 'nbwrite'> <Ports = 0> <Width = 24> <Depth = 2> <FIFO>


============================================================
+ Verbose Summary: Binding
============================================================
STG Binding: 
---------------- STG Properties BEGIN ----------------
- Is combinational: 0
- Is one-state seq: 0
- Is datapath-only: 0
- Is pipelined: 0
- Is top level: 0
Port [ Return ] is wired: 1; IO mode=ap_ctrl_hs:ce=0
Port [ sof_2]:  wired=1; compound=0; hidden=0; nouse=0; global=0; static=0; extern=0; dir=0; type=0; pingpong=0; private_global=0; IO mode=ap_none:ce=0
Port [ axi_last_2]:  wired=1; compound=0; hidden=0; nouse=0; global=0; static=0; extern=0; dir=0; type=0; pingpong=0; private_global=0; IO mode=ap_none:ce=0
Port [ axi_data_2]:  wired=1; compound=0; hidden=0; nouse=0; global=0; static=0; extern=0; dir=0; type=0; pingpong=0; private_global=0; IO mode=ap_none:ce=0
Port [ cols]:  wired=1; compound=0; hidden=0; nouse=0; global=0; static=0; extern=0; dir=0; type=0; pingpong=0; private_global=0; IO mode=ap_none:ce=0
Port [ cond]:  wired=1; compound=0; hidden=0; nouse=0; global=0; static=0; extern=0; dir=0; type=0; pingpong=0; private_global=0; IO mode=ap_none:ce=0
Port [ img]:  wired=1; compound=1; hidden=0; nouse=0; global=0; static=0; extern=0; dir=1; type=3; pingpong=0; private_global=0; IO mode=ap_fifo:ce=0
Port [ s_axis_video_V_data_V]:  wired=1; compound=1; hidden=0; nouse=0; global=0; static=0; extern=0; dir=0; type=0; pingpong=0; private_global=0; IO mode=axis:ce=0
Port [ s_axis_video_V_keep_V]:  wired=1; compound=1; hidden=0; nouse=0; global=0; static=0; extern=0; dir=0; type=0; pingpong=0; private_global=0; IO mode=axis:ce=0
Port [ s_axis_video_V_strb_V]:  wired=1; compound=1; hidden=0; nouse=0; global=0; static=0; extern=0; dir=0; type=0; pingpong=0; private_global=0; IO mode=axis:ce=0
Port [ s_axis_video_V_user_V]:  wired=1; compound=1; hidden=0; nouse=0; global=0; static=0; extern=0; dir=0; type=0; pingpong=0; private_global=0; IO mode=axis:ce=0
Port [ s_axis_video_V_last_V]:  wired=1; compound=1; hidden=0; nouse=0; global=0; static=0; extern=0; dir=0; type=0; pingpong=0; private_global=0; IO mode=axis:ce=0
Port [ s_axis_video_V_id_V]:  wired=1; compound=1; hidden=0; nouse=0; global=0; static=0; extern=0; dir=0; type=0; pingpong=0; private_global=0; IO mode=axis:ce=0
Port [ s_axis_video_V_dest_V]:  wired=1; compound=1; hidden=0; nouse=0; global=0; static=0; extern=0; dir=0; type=0; pingpong=0; private_global=0; IO mode=axis:ce=0
Port [ eol_out]:  wired=1; compound=0; hidden=0; nouse=0; global=0; static=0; extern=0; dir=1; type=0; pingpong=0; private_global=0; IO mode=ap_vld:ce=0
Port [ axi_data_3_out]:  wired=1; compound=0; hidden=0; nouse=0; global=0; static=0; extern=0; dir=1; type=0; pingpong=0; private_global=0; IO mode=ap_vld:ce=0
---------------- STG Properties END ------------------

---------------- Datapath Model BEGIN ----------------

<LifeTime>
<method=bitvector/>
j                       (alloca             ) [ 010]
axi_data                (alloca             ) [ 011]
axi_last                (alloca             ) [ 011]
specaxissidechannel_ln0 (specaxissidechannel) [ 000]
specinterface_ln0       (specinterface      ) [ 000]
specinterface_ln0       (specinterface      ) [ 000]
specinterface_ln0       (specinterface      ) [ 000]
specinterface_ln0       (specinterface      ) [ 000]
specinterface_ln0       (specinterface      ) [ 000]
specinterface_ln0       (specinterface      ) [ 000]
specinterface_ln0       (specinterface      ) [ 000]
specinterface_ln0       (specinterface      ) [ 000]
cond_read               (read               ) [ 011]
cols_read               (read               ) [ 000]
axi_data_2_read         (read               ) [ 000]
axi_last_2_read         (read               ) [ 000]
sof_2_read              (read               ) [ 000]
store_ln0               (store              ) [ 000]
store_ln0               (store              ) [ 000]
store_ln0               (store              ) [ 000]
br_ln0                  (br                 ) [ 000]
eol                     (phi                ) [ 010]
sof                     (phi                ) [ 010]
j_1                     (load               ) [ 000]
icmp_ln207              (icmp               ) [ 011]
speclooptripcount_ln0   (speclooptripcount  ) [ 000]
j_2                     (add                ) [ 000]
br_ln207                (br                 ) [ 000]
specpipeline_ln209      (specpipeline       ) [ 000]
specloopname_ln207      (specloopname       ) [ 000]
or_ln210                (or                 ) [ 010]
br_ln210                (br                 ) [ 000]
empty                   (read               ) [ 000]
axi_data_1              (extractvalue       ) [ 000]
axi_last_5              (extractvalue       ) [ 000]
store_ln214             (store              ) [ 000]
store_ln214             (store              ) [ 000]
br_ln0                  (br                 ) [ 000]
store_ln207             (store              ) [ 000]
br_ln207                (br                 ) [ 010]
axi_data_4              (load               ) [ 000]
axi_last_4              (load               ) [ 010]
tmp_s                   (partselect         ) [ 000]
trunc_ln49              (trunc              ) [ 000]
select_ln235            (select             ) [ 000]
tmp_1                   (partselect         ) [ 000]
select_ln235_1          (select             ) [ 000]
select_ln235_2          (select             ) [ 000]
p_0                     (bitconcatenate     ) [ 000]
write_ln247             (write              ) [ 000]
axi_data_load           (load               ) [ 000]
write_ln0               (write              ) [ 000]
write_ln0               (write              ) [ 000]
ret_ln0                 (ret                ) [ 000]
</LifeTime>

<model>

<comp_list>
<comp id="0" class="1000" name="sof_2">
<pin_list>
<pin id="1" dir="1" index="0" bw="1" slack="0"/>
</pin_list>
<bind>
<StgValue><ssdm name="sof_2"/></StgValue>
</bind>
</comp>

<comp id="2" class="1000" name="axi_last_2">
<pin_list>
<pin id="3" dir="1" index="0" bw="1" slack="0"/>
</pin_list>
<bind>
<StgValue><ssdm name="axi_last_2"/></StgValue>
</bind>
</comp>

<comp id="4" class="1000" name="axi_data_2">
<pin_list>
<pin id="5" dir="1" index="0" bw="1" slack="0"/>
</pin_list>
<bind>
<StgValue><ssdm name="axi_data_2"/></StgValue>
</bind>
</comp>

<comp id="6" class="1000" name="cols">
<pin_list>
<pin id="7" dir="1" index="0" bw="1" slack="0"/>
</pin_list>
<bind>
<StgValue><ssdm name="cols"/></StgValue>
</bind>
</comp>

<comp id="8" class="1000" name="cond">
<pin_list>
<pin id="9" dir="1" index="0" bw="1" slack="0"/>
</pin_list>
<bind>
<StgValue><ssdm name="cond"/></StgValue>
</bind>
</comp>

<comp id="10" class="1000" name="img">
<pin_list>
<pin id="11" dir="1" index="0" bw="1" slack="0"/>
</pin_list>
<bind>
<StgValue><ssdm name="img"/></StgValue>
</bind>
</comp>

<comp id="12" class="1000" name="s_axis_video_V_data_V">
<pin_list>
<pin id="13" dir="1" index="0" bw="1" slack="0"/>
</pin_list>
<bind>
<StgValue><ssdm name="s_axis_video_V_data_V"/></StgValue>
</bind>
</comp>

<comp id="14" class="1000" name="s_axis_video_V_keep_V">
<pin_list>
<pin id="15" dir="1" index="0" bw="1" slack="0"/>
</pin_list>
<bind>
<StgValue><ssdm name="s_axis_video_V_keep_V"/></StgValue>
</bind>
</comp>

<comp id="16" class="1000" name="s_axis_video_V_strb_V">
<pin_list>
<pin id="17" dir="1" index="0" bw="1" slack="0"/>
</pin_list>
<bind>
<StgValue><ssdm name="s_axis_video_V_strb_V"/></StgValue>
</bind>
</comp>

<comp id="18" class="1000" name="s_axis_video_V_user_V">
<pin_list>
<pin id="19" dir="1" index="0" bw="1" slack="0"/>
</pin_list>
<bind>
<StgValue><ssdm name="s_axis_video_V_user_V"/></StgValue>
</bind>
</comp>

<comp id="20" class="1000" name="s_axis_video_V_last_V">
<pin_list>
<pin id="21" dir="1" index="0" bw="1" slack="0"/>
</pin_list>
<bind>
<StgValue><ssdm name="s_axis_video_V_last_V"/></StgValue>
</bind>
</comp>

<comp id="22" class="1000" name="s_axis_video_V_id_V">
<pin_list>
<pin id="23" dir="1" index="0" bw="1" slack="0"/>
</pin_list>
<bind>
<StgValue><ssdm name="s_axis_video_V_id_V"/></StgValue>
</bind>
</comp>

<comp id="24" class="1000" name="s_axis_video_V_dest_V">
<pin_list>
<pin id="25" dir="1" index="0" bw="1" slack="0"/>
</pin_list>
<bind>
<StgValue><ssdm name="s_axis_video_V_dest_V"/></StgValue>
</bind>
</comp>

<comp id="26" class="1000" name="eol_out">
<pin_list>
<pin id="27" dir="1" index="0" bw="1" slack="0"/>
</pin_list>
<bind>
<StgValue><ssdm name="eol_out"/></StgValue>
</bind>
</comp>

<comp id="28" class="1000" name="axi_data_3_out">
<pin_list>
<pin id="29" dir="1" index="0" bw="1" slack="0"/>
</pin_list>
<bind>
<StgValue><ssdm name="axi_data_3_out"/></StgValue>
</bind>
</comp>

<comp id="30" class="1001" name="const_30">
<pin_list>
<pin id="31" dir="1" index="0" bw="1" slack="0"/>
</pin_list>
<bind>
<StgValue><ssdm name=""/></StgValue>
</bind>
</comp>

<comp id="32" class="1001" name="const_32">
<pin_list>
<pin id="33" dir="1" index="0" bw="1" slack="2147483647"/>
</pin_list>
<bind>
<StgValue><ssdm name="_ssdm_op_SpecAXISSideChannel"/></StgValue>
</bind>
</comp>

<comp id="34" class="1001" name="const_34">
<pin_list>
<pin id="35" dir="1" index="0" bw="1" slack="2147483647"/>
</pin_list>
<bind>
<StgValue><ssdm name="empty_2"/></StgValue>
</bind>
</comp>

<comp id="36" class="1001" name="const_36">
<pin_list>
<pin id="37" dir="1" index="0" bw="1" slack="2147483647"/>
</pin_list>
<bind>
<StgValue><ssdm name="_ssdm_op_SpecInterface"/></StgValue>
</bind>
</comp>

<comp id="38" class="1001" name="const_38">
<pin_list>
<pin id="39" dir="1" index="0" bw="1" slack="2147483647"/>
</pin_list>
<bind>
<StgValue><ssdm name="empty_0"/></StgValue>
</bind>
</comp>

<comp id="40" class="1001" name="const_40">
<pin_list>
<pin id="41" dir="1" index="0" bw="1" slack="2147483647"/>
</pin_list>
<bind>
<StgValue><ssdm name=""/></StgValue>
</bind>
</comp>

<comp id="42" class="1001" name="const_42">
<pin_list>
<pin id="43" dir="1" index="0" bw="1" slack="2147483647"/>
</pin_list>
<bind>
<StgValue><ssdm name="empty_1"/></StgValue>
</bind>
</comp>

<comp id="44" class="1001" name="const_44">
<pin_list>
<pin id="45" dir="1" index="0" bw="1" slack="2147483647"/>
</pin_list>
<bind>
<StgValue><ssdm name="empty_14"/></StgValue>
</bind>
</comp>

<comp id="46" class="1001" name="const_46">
<pin_list>
<pin id="47" dir="1" index="0" bw="1" slack="2147483647"/>
</pin_list>
<bind>
<StgValue><ssdm name=""/></StgValue>
</bind>
</comp>

<comp id="48" class="1001" name="const_48">
<pin_list>
<pin id="49" dir="1" index="0" bw="1" slack="2147483647"/>
</pin_list>
<bind>
<StgValue><ssdm name="empty_3"/></StgValue>
</bind>
</comp>

<comp id="50" class="1001" name="const_50">
<pin_list>
<pin id="51" dir="1" index="0" bw="1" slack="0"/>
</pin_list>
<bind>
<StgValue><ssdm name="_ssdm_op_Read.ap_auto.i1"/></StgValue>
</bind>
</comp>

<comp id="52" class="1001" name="const_52">
<pin_list>
<pin id="53" dir="1" index="0" bw="1" slack="0"/>
</pin_list>
<bind>
<StgValue><ssdm name="_ssdm_op_Read.ap_auto.i13"/></StgValue>
</bind>
</comp>

<comp id="54" class="1001" name="const_54">
<pin_list>
<pin id="55" dir="1" index="0" bw="1" slack="0"/>
</pin_list>
<bind>
<StgValue><ssdm name="_ssdm_op_Read.ap_auto.i24"/></StgValue>
</bind>
</comp>

<comp id="56" class="1001" name="const_56">
<pin_list>
<pin id="57" dir="1" index="0" bw="1" slack="0"/>
</pin_list>
<bind>
<StgValue><ssdm name=""/></StgValue>
</bind>
</comp>

<comp id="58" class="1001" name="const_58">
<pin_list>
<pin id="59" dir="1" index="0" bw="1" slack="0"/>
</pin_list>
<bind>
<StgValue><ssdm name=""/></StgValue>
</bind>
</comp>

<comp id="60" class="1001" name="const_60">
<pin_list>
<pin id="61" dir="1" index="0" bw="1" slack="2147483647"/>
</pin_list>
<bind>
<StgValue><ssdm name="_ssdm_op_SpecLoopTripCount"/></StgValue>
</bind>
</comp>

<comp id="62" class="1001" name="const_62">
<pin_list>
<pin id="63" dir="1" index="0" bw="1" slack="2147483647"/>
</pin_list>
<bind>
<StgValue><ssdm name=""/></StgValue>
</bind>
</comp>

<comp id="64" class="1001" name="const_64">
<pin_list>
<pin id="65" dir="1" index="0" bw="1" slack="2147483647"/>
</pin_list>
<bind>
<StgValue><ssdm name=""/></StgValue>
</bind>
</comp>

<comp id="66" class="1001" name="const_66">
<pin_list>
<pin id="67" dir="1" index="0" bw="1" slack="2147483647"/>
</pin_list>
<bind>
<StgValue><ssdm name=""/></StgValue>
</bind>
</comp>

<comp id="68" class="1001" name="const_68">
<pin_list>
<pin id="69" dir="1" index="0" bw="1" slack="0"/>
</pin_list>
<bind>
<StgValue><ssdm name=""/></StgValue>
</bind>
</comp>

<comp id="70" class="1001" name="const_70">
<pin_list>
<pin id="71" dir="1" index="0" bw="1" slack="2147483647"/>
</pin_list>
<bind>
<StgValue><ssdm name="_ssdm_op_SpecPipeline"/></StgValue>
</bind>
</comp>

<comp id="72" class="1001" name="const_72">
<pin_list>
<pin id="73" dir="1" index="0" bw="1" slack="2147483647"/>
</pin_list>
<bind>
<StgValue><ssdm name="_ssdm_op_SpecLoopName"/></StgValue>
</bind>
</comp>

<comp id="74" class="1001" name="const_74">
<pin_list>
<pin id="75" dir="1" index="0" bw="1" slack="2147483647"/>
</pin_list>
<bind>
<StgValue><ssdm name="empty_5"/></StgValue>
</bind>
</comp>

<comp id="76" class="1001" name="const_76">
<pin_list>
<pin id="77" dir="1" index="0" bw="1" slack="0"/>
</pin_list>
<bind>
<StgValue><ssdm name="_ssdm_op_Read.axis.volatile.i24P0A.i3P0A.i3P0A.i1P0A.i1P0A.i1P0A.i1P0A"/></StgValue>
</bind>
</comp>

<comp id="78" class="1001" name="const_78">
<pin_list>
<pin id="79" dir="1" index="0" bw="1" slack="0"/>
</pin_list>
<bind>
<StgValue><ssdm name="_ssdm_op_PartSelect.i8.i24.i32.i32"/></StgValue>
</bind>
</comp>

<comp id="80" class="1001" name="const_80">
<pin_list>
<pin id="81" dir="1" index="0" bw="1" slack="0"/>
</pin_list>
<bind>
<StgValue><ssdm name=""/></StgValue>
</bind>
</comp>

<comp id="82" class="1001" name="const_82">
<pin_list>
<pin id="83" dir="1" index="0" bw="1" slack="0"/>
</pin_list>
<bind>
<StgValue><ssdm name=""/></StgValue>
</bind>
</comp>

<comp id="84" class="1001" name="const_84">
<pin_list>
<pin id="85" dir="1" index="0" bw="1" slack="0"/>
</pin_list>
<bind>
<StgValue><ssdm name=""/></StgValue>
</bind>
</comp>

<comp id="86" class="1001" name="const_86">
<pin_list>
<pin id="87" dir="1" index="0" bw="1" slack="0"/>
</pin_list>
<bind>
<StgValue><ssdm name=""/></StgValue>
</bind>
</comp>

<comp id="88" class="1001" name="const_88">
<pin_list>
<pin id="89" dir="1" index="0" bw="1" slack="0"/>
</pin_list>
<bind>
<StgValue><ssdm name="_ssdm_op_BitConcatenate.i24.i8.i8.i8"/></StgValue>
</bind>
</comp>

<comp id="90" class="1001" name="const_90">
<pin_list>
<pin id="91" dir="1" index="0" bw="1" slack="0"/>
</pin_list>
<bind>
<StgValue><ssdm name="_ssdm_op_Write.ap_fifo.volatile.i24P0A"/></StgValue>
</bind>
</comp>

<comp id="92" class="1001" name="const_92">
<pin_list>
<pin id="93" dir="1" index="0" bw="1" slack="0"/>
</pin_list>
<bind>
<StgValue><ssdm name="_ssdm_op_Write.ap_auto.i1P0A"/></StgValue>
</bind>
</comp>

<comp id="94" class="1001" name="const_94">
<pin_list>
<pin id="95" dir="1" index="0" bw="1" slack="0"/>
</pin_list>
<bind>
<StgValue><ssdm name="_ssdm_op_Write.ap_auto.i24P0A"/></StgValue>
</bind>
</comp>

<comp id="96" class="1004" name="j_fu_96">
<pin_list>
<pin id="97" dir="0" index="0" bw="1" slack="0"/>
<pin id="98" dir="1" index="1" bw="13" slack="0"/>
</pin_list>
<bind>
<opcode="alloca(26) " fcode="alloca"/>
<opset="j/1 "/>
</bind>
</comp>

<comp id="100" class="1004" name="axi_data_fu_100">
<pin_list>
<pin id="101" dir="0" index="0" bw="1" slack="0"/>
<pin id="102" dir="1" index="1" bw="24" slack="0"/>
</pin_list>
<bind>
<opcode="alloca(26) " fcode="alloca"/>
<opset="axi_data/1 "/>
</bind>
</comp>

<comp id="104" class="1004" name="axi_last_fu_104">
<pin_list>
<pin id="105" dir="0" index="0" bw="1" slack="0"/>
<pin id="106" dir="1" index="1" bw="1" slack="0"/>
</pin_list>
<bind>
<opcode="alloca(26) " fcode="alloca"/>
<opset="axi_last/1 "/>
</bind>
</comp>

<comp id="108" class="1004" name="cond_read_read_fu_108">
<pin_list>
<pin id="109" dir="0" index="0" bw="1" slack="0"/>
<pin id="110" dir="0" index="1" bw="1" slack="0"/>
<pin id="111" dir="1" index="2" bw="1" slack="1"/>
</pin_list>
<bind>
<opcode="read(1150) " fcode="read"/>
<opset="cond_read/1 "/>
</bind>
</comp>

<comp id="114" class="1004" name="cols_read_read_fu_114">
<pin_list>
<pin id="115" dir="0" index="0" bw="13" slack="0"/>
<pin id="116" dir="0" index="1" bw="13" slack="0"/>
<pin id="117" dir="1" index="2" bw="13" slack="0"/>
</pin_list>
<bind>
<opcode="read(1150) " fcode="read"/>
<opset="cols_read/1 "/>
</bind>
</comp>

<comp id="120" class="1004" name="axi_data_2_read_read_fu_120">
<pin_list>
<pin id="121" dir="0" index="0" bw="24" slack="0"/>
<pin id="122" dir="0" index="1" bw="24" slack="0"/>
<pin id="123" dir="1" index="2" bw="24" slack="0"/>
</pin_list>
<bind>
<opcode="read(1150) " fcode="read"/>
<opset="axi_data_2_read/1 "/>
</bind>
</comp>

<comp id="126" class="1004" name="axi_last_2_read_read_fu_126">
<pin_list>
<pin id="127" dir="0" index="0" bw="1" slack="0"/>
<pin id="128" dir="0" index="1" bw="1" slack="0"/>
<pin id="129" dir="1" index="2" bw="1" slack="0"/>
</pin_list>
<bind>
<opcode="read(1150) " fcode="read"/>
<opset="axi_last_2_read/1 "/>
</bind>
</comp>

<comp id="132" class="1004" name="sof_2_read_read_fu_132">
<pin_list>
<pin id="133" dir="0" index="0" bw="1" slack="0"/>
<pin id="134" dir="0" index="1" bw="1" slack="0"/>
<pin id="135" dir="1" index="2" bw="1" slack="0"/>
</pin_list>
<bind>
<opcode="read(1150) " fcode="read"/>
<opset="sof_2_read/1 "/>
</bind>
</comp>

<comp id="138" class="1004" name="empty_read_fu_138">
<pin_list>
<pin id="139" dir="0" index="0" bw="34" slack="0"/>
<pin id="140" dir="0" index="1" bw="24" slack="0"/>
<pin id="141" dir="0" index="2" bw="3" slack="0"/>
<pin id="142" dir="0" index="3" bw="3" slack="0"/>
<pin id="143" dir="0" index="4" bw="1" slack="0"/>
<pin id="144" dir="0" index="5" bw="1" slack="0"/>
<pin id="145" dir="0" index="6" bw="1" slack="0"/>
<pin id="146" dir="0" index="7" bw="1" slack="0"/>
<pin id="147" dir="1" index="8" bw="34" slack="0"/>
</pin_list>
<bind>
<opcode="read(1150) " fcode="read"/>
<opset="empty/1 "/>
</bind>
</comp>

<comp id="156" class="1004" name="write_ln247_write_fu_156">
<pin_list>
<pin id="157" dir="0" index="0" bw="0" slack="0"/>
<pin id="158" dir="0" index="1" bw="24" slack="0"/>
<pin id="159" dir="0" index="2" bw="24" slack="0"/>
<pin id="160" dir="1" index="3" bw="0" slack="2147483647"/>
</pin_list>
<bind>
<opcode="write(1151) " fcode="write"/>
<opset="write_ln247/2 "/>
</bind>
</comp>

<comp id="163" class="1004" name="write_ln0_write_fu_163">
<pin_list>
<pin id="164" dir="0" index="0" bw="0" slack="0"/>
<pin id="165" dir="0" index="1" bw="1" slack="0"/>
<pin id="166" dir="0" index="2" bw="1" slack="0"/>
<pin id="167" dir="1" index="3" bw="0" slack="2147483647"/>
</pin_list>
<bind>
<opcode="write(1151) " fcode="write"/>
<opset="write_ln0/1 "/>
</bind>
</comp>

<comp id="170" class="1004" name="write_ln0_write_fu_170">
<pin_list>
<pin id="171" dir="0" index="0" bw="0" slack="0"/>
<pin id="172" dir="0" index="1" bw="24" slack="0"/>
<pin id="173" dir="0" index="2" bw="24" slack="0"/>
<pin id="174" dir="1" index="3" bw="0" slack="2147483647"/>
</pin_list>
<bind>
<opcode="write(1151) " fcode="write"/>
<opset="write_ln0/1 "/>
</bind>
</comp>

<comp id="177" class="1005" name="eol_reg_177">
<pin_list>
<pin id="178" dir="0" index="0" bw="1" slack="2147483647"/>
<pin id="179" dir="1" index="1" bw="1" slack="2147483647"/>
</pin_list>
<bind>
<opset="eol (phireg) "/>
</bind>
</comp>

<comp id="180" class="1004" name="eol_phi_fu_180">
<pin_list>
<pin id="181" dir="0" index="0" bw="1" slack="1"/>
<pin id="182" dir="0" index="1" bw="0" slack="2147483647"/>
<pin id="183" dir="0" index="2" bw="1" slack="0"/>
<pin id="184" dir="0" index="3" bw="0" slack="2147483647"/>
<pin id="185" dir="1" index="4" bw="1" slack="0"/>
</pin_list>
<bind>
<opcode="phi(47) " fcode="phi"/>
<opset="eol/1 "/>
</bind>
</comp>

<comp id="188" class="1005" name="sof_reg_188">
<pin_list>
<pin id="189" dir="0" index="0" bw="1" slack="2147483647"/>
<pin id="190" dir="1" index="1" bw="1" slack="2147483647"/>
</pin_list>
<bind>
<opset="sof (phireg) "/>
</bind>
</comp>

<comp id="191" class="1004" name="sof_phi_fu_191">
<pin_list>
<pin id="192" dir="0" index="0" bw="1" slack="0"/>
<pin id="193" dir="0" index="1" bw="0" slack="2147483647"/>
<pin id="194" dir="0" index="2" bw="1" slack="0"/>
<pin id="195" dir="0" index="3" bw="0" slack="2147483647"/>
<pin id="196" dir="1" index="4" bw="1" slack="0"/>
</pin_list>
<bind>
<opcode="phi(47) " fcode="phi"/>
<opset="sof/1 "/>
</bind>
</comp>

<comp id="199" class="1004" name="store_ln0_store_fu_199">
<pin_list>
<pin id="200" dir="0" index="0" bw="1" slack="0"/>
<pin id="201" dir="0" index="1" bw="1" slack="0"/>
<pin id="202" dir="1" index="2" bw="0" slack="2147483647"/>
</pin_list>
<bind>
<opcode="store(28) " fcode="store"/>
<opset="store_ln0/1 "/>
</bind>
</comp>

<comp id="204" class="1004" name="store_ln0_store_fu_204">
<pin_list>
<pin id="205" dir="0" index="0" bw="24" slack="0"/>
<pin id="206" dir="0" index="1" bw="24" slack="0"/>
<pin id="207" dir="1" index="2" bw="0" slack="2147483647"/>
</pin_list>
<bind>
<opcode="store(28) " fcode="store"/>
<opset="store_ln0/1 "/>
</bind>
</comp>

<comp id="209" class="1004" name="store_ln0_store_fu_209">
<pin_list>
<pin id="210" dir="0" index="0" bw="1" slack="0"/>
<pin id="211" dir="0" index="1" bw="13" slack="0"/>
<pin id="212" dir="1" index="2" bw="0" slack="2147483647"/>
</pin_list>
<bind>
<opcode="store(28) " fcode="store"/>
<opset="store_ln0/1 "/>
</bind>
</comp>

<comp id="214" class="1004" name="j_1_load_fu_214">
<pin_list>
<pin id="215" dir="0" index="0" bw="13" slack="0"/>
<pin id="216" dir="1" index="1" bw="13" slack="0"/>
</pin_list>
<bind>
<opcode="load(27) " fcode="load"/>
<opset="j_1/1 "/>
</bind>
</comp>

<comp id="217" class="1004" name="icmp_ln207_fu_217">
<pin_list>
<pin id="218" dir="0" index="0" bw="13" slack="0"/>
<pin id="219" dir="0" index="1" bw="13" slack="0"/>
<pin id="220" dir="1" index="2" bw="1" slack="1"/>
</pin_list>
<bind>
<opcode="icmp(45) " fcode="icmp"/>
<opset="icmp_ln207/1 "/>
</bind>
</comp>

<comp id="223" class="1004" name="j_2_fu_223">
<pin_list>
<pin id="224" dir="0" index="0" bw="13" slack="0"/>
<pin id="225" dir="0" index="1" bw="1" slack="0"/>
<pin id="226" dir="1" index="2" bw="13" slack="0"/>
</pin_list>
<bind>
<opcode="add(8) " fcode="add"/>
<opset="j_2/1 "/>
</bind>
</comp>

<comp id="229" class="1004" name="or_ln210_fu_229">
<pin_list>
<pin id="230" dir="0" index="0" bw="1" slack="0"/>
<pin id="231" dir="0" index="1" bw="1" slack="0"/>
<pin id="232" dir="1" index="2" bw="1" slack="2147483647"/>
</pin_list>
<bind>
<opcode="or(24) " fcode="or"/>
<opset="or_ln210/1 "/>
</bind>
</comp>

<comp id="235" class="1004" name="axi_data_1_fu_235">
<pin_list>
<pin id="236" dir="0" index="0" bw="34" slack="0"/>
<pin id="237" dir="1" index="1" bw="24" slack="0"/>
</pin_list>
<bind>
<opcode="extractvalue(56) " fcode="extractvalue"/>
<opset="axi_data_1/1 "/>
</bind>
</comp>

<comp id="239" class="1004" name="axi_last_5_fu_239">
<pin_list>
<pin id="240" dir="0" index="0" bw="34" slack="0"/>
<pin id="241" dir="1" index="1" bw="1" slack="0"/>
</pin_list>
<bind>
<opcode="extractvalue(56) " fcode="extractvalue"/>
<opset="axi_last_5/1 "/>
</bind>
</comp>

<comp id="243" class="1004" name="store_ln214_store_fu_243">
<pin_list>
<pin id="244" dir="0" index="0" bw="1" slack="0"/>
<pin id="245" dir="0" index="1" bw="1" slack="0"/>
<pin id="246" dir="1" index="2" bw="0" slack="2147483647"/>
</pin_list>
<bind>
<opcode="store(28) " fcode="store"/>
<opset="store_ln214/1 "/>
</bind>
</comp>

<comp id="248" class="1004" name="store_ln214_store_fu_248">
<pin_list>
<pin id="249" dir="0" index="0" bw="24" slack="0"/>
<pin id="250" dir="0" index="1" bw="24" slack="0"/>
<pin id="251" dir="1" index="2" bw="0" slack="2147483647"/>
</pin_list>
<bind>
<opcode="store(28) " fcode="store"/>
<opset="store_ln214/1 "/>
</bind>
</comp>

<comp id="253" class="1004" name="store_ln207_store_fu_253">
<pin_list>
<pin id="254" dir="0" index="0" bw="13" slack="0"/>
<pin id="255" dir="0" index="1" bw="13" slack="0"/>
<pin id="256" dir="1" index="2" bw="0" slack="2147483647"/>
</pin_list>
<bind>
<opcode="store(28) " fcode="store"/>
<opset="store_ln207/1 "/>
</bind>
</comp>

<comp id="258" class="1004" name="axi_data_4_load_fu_258">
<pin_list>
<pin id="259" dir="0" index="0" bw="24" slack="1"/>
<pin id="260" dir="1" index="1" bw="24" slack="0"/>
</pin_list>
<bind>
<opcode="load(27) " fcode="load"/>
<opset="axi_data_4/2 "/>
</bind>
</comp>

<comp id="261" class="1004" name="axi_last_4_load_fu_261">
<pin_list>
<pin id="262" dir="0" index="0" bw="1" slack="1"/>
<pin id="263" dir="1" index="1" bw="1" slack="1"/>
</pin_list>
<bind>
<opcode="load(27) " fcode="load"/>
<opset="axi_last_4/2 "/>
</bind>
</comp>

<comp id="264" class="1004" name="tmp_s_fu_264">
<pin_list>
<pin id="265" dir="0" index="0" bw="8" slack="0"/>
<pin id="266" dir="0" index="1" bw="24" slack="0"/>
<pin id="267" dir="0" index="2" bw="6" slack="0"/>
<pin id="268" dir="0" index="3" bw="6" slack="0"/>
<pin id="269" dir="1" index="4" bw="8" slack="0"/>
</pin_list>
<bind>
<opcode="partselect(1002) " fcode="partselect"/>
<opset="tmp_s/2 "/>
</bind>
</comp>

<comp id="274" class="1004" name="trunc_ln49_fu_274">
<pin_list>
<pin id="275" dir="0" index="0" bw="24" slack="0"/>
<pin id="276" dir="1" index="1" bw="8" slack="0"/>
</pin_list>
<bind>
<opcode="trunc(33) " fcode="trunc"/>
<opset="trunc_ln49/2 "/>
</bind>
</comp>

<comp id="278" class="1004" name="select_ln235_fu_278">
<pin_list>
<pin id="279" dir="0" index="0" bw="1" slack="1"/>
<pin id="280" dir="0" index="1" bw="8" slack="0"/>
<pin id="281" dir="0" index="2" bw="8" slack="0"/>
<pin id="282" dir="1" index="3" bw="8" slack="0"/>
</pin_list>
<bind>
<opcode="select(49) " fcode="select"/>
<opset="select_ln235/2 "/>
</bind>
</comp>

<comp id="285" class="1004" name="tmp_1_fu_285">
<pin_list>
<pin id="286" dir="0" index="0" bw="8" slack="0"/>
<pin id="287" dir="0" index="1" bw="24" slack="0"/>
<pin id="288" dir="0" index="2" bw="5" slack="0"/>
<pin id="289" dir="0" index="3" bw="5" slack="0"/>
<pin id="290" dir="1" index="4" bw="8" slack="0"/>
</pin_list>
<bind>
<opcode="partselect(1002) " fcode="partselect"/>
<opset="tmp_1/2 "/>
</bind>
</comp>

<comp id="295" class="1004" name="select_ln235_1_fu_295">
<pin_list>
<pin id="296" dir="0" index="0" bw="1" slack="1"/>
<pin id="297" dir="0" index="1" bw="8" slack="0"/>
<pin id="298" dir="0" index="2" bw="8" slack="0"/>
<pin id="299" dir="1" index="3" bw="8" slack="0"/>
</pin_list>
<bind>
<opcode="select(49) " fcode="select"/>
<opset="select_ln235_1/2 "/>
</bind>
</comp>

<comp id="302" class="1004" name="select_ln235_2_fu_302">
<pin_list>
<pin id="303" dir="0" index="0" bw="1" slack="1"/>
<pin id="304" dir="0" index="1" bw="8" slack="0"/>
<pin id="305" dir="0" index="2" bw="8" slack="0"/>
<pin id="306" dir="1" index="3" bw="8" slack="0"/>
</pin_list>
<bind>
<opcode="select(49) " fcode="select"/>
<opset="select_ln235_2/2 "/>
</bind>
</comp>

<comp id="309" class="1004" name="p_0_fu_309">
<pin_list>
<pin id="310" dir="0" index="0" bw="24" slack="0"/>
<pin id="311" dir="0" index="1" bw="8" slack="0"/>
<pin id="312" dir="0" index="2" bw="8" slack="0"/>
<pin id="313" dir="0" index="3" bw="8" slack="0"/>
<pin id="314" dir="1" index="4" bw="24" slack="0"/>
</pin_list>
<bind>
<opcode="bitconcatenate(1004) " fcode="bitconcatenate"/>
<opset="p_0/2 "/>
</bind>
</comp>

<comp id="320" class="1004" name="axi_data_load_load_fu_320">
<pin_list>
<pin id="321" dir="0" index="0" bw="24" slack="0"/>
<pin id="322" dir="1" index="1" bw="24" slack="0"/>
</pin_list>
<bind>
<opcode="load(27) " fcode="load"/>
<opset="axi_data_load/1 "/>
</bind>
</comp>

<comp id="324" class="1005" name="j_reg_324">
<pin_list>
<pin id="325" dir="0" index="0" bw="13" slack="0"/>
<pin id="326" dir="1" index="1" bw="13" slack="0"/>
</pin_list>
<bind>
<opset="j "/>
</bind>
</comp>

<comp id="331" class="1005" name="axi_data_reg_331">
<pin_list>
<pin id="332" dir="0" index="0" bw="24" slack="0"/>
<pin id="333" dir="1" index="1" bw="24" slack="0"/>
</pin_list>
<bind>
<opset="axi_data "/>
</bind>
</comp>

<comp id="339" class="1005" name="axi_last_reg_339">
<pin_list>
<pin id="340" dir="0" index="0" bw="1" slack="0"/>
<pin id="341" dir="1" index="1" bw="1" slack="0"/>
</pin_list>
<bind>
<opset="axi_last "/>
</bind>
</comp>

<comp id="346" class="1005" name="cond_read_reg_346">
<pin_list>
<pin id="347" dir="0" index="0" bw="1" slack="1"/>
<pin id="348" dir="1" index="1" bw="1" slack="1"/>
</pin_list>
<bind>
<opset="cond_read "/>
</bind>
</comp>

<comp id="353" class="1005" name="icmp_ln207_reg_353">
<pin_list>
<pin id="354" dir="0" index="0" bw="1" slack="1"/>
<pin id="355" dir="1" index="1" bw="1" slack="2147483647"/>
</pin_list>
<bind>
<opset="icmp_ln207 "/>
</bind>
</comp>

<comp id="360" class="1005" name="axi_last_4_reg_360">
<pin_list>
<pin id="361" dir="0" index="0" bw="1" slack="1"/>
<pin id="362" dir="1" index="1" bw="1" slack="1"/>
</pin_list>
<bind>
<opset="axi_last_4 "/>
</bind>
</comp>

</comp_list>

<net_list>
<net id="99"><net_src comp="30" pin="0"/><net_sink comp="96" pin=0"/></net>

<net id="103"><net_src comp="30" pin="0"/><net_sink comp="100" pin=0"/></net>

<net id="107"><net_src comp="30" pin="0"/><net_sink comp="104" pin=0"/></net>

<net id="112"><net_src comp="50" pin="0"/><net_sink comp="108" pin=0"/></net>

<net id="113"><net_src comp="8" pin="0"/><net_sink comp="108" pin=1"/></net>

<net id="118"><net_src comp="52" pin="0"/><net_sink comp="114" pin=0"/></net>

<net id="119"><net_src comp="6" pin="0"/><net_sink comp="114" pin=1"/></net>

<net id="124"><net_src comp="54" pin="0"/><net_sink comp="120" pin=0"/></net>

<net id="125"><net_src comp="4" pin="0"/><net_sink comp="120" pin=1"/></net>

<net id="130"><net_src comp="50" pin="0"/><net_sink comp="126" pin=0"/></net>

<net id="131"><net_src comp="2" pin="0"/><net_sink comp="126" pin=1"/></net>

<net id="136"><net_src comp="50" pin="0"/><net_sink comp="132" pin=0"/></net>

<net id="137"><net_src comp="0" pin="0"/><net_sink comp="132" pin=1"/></net>

<net id="148"><net_src comp="76" pin="0"/><net_sink comp="138" pin=0"/></net>

<net id="149"><net_src comp="12" pin="0"/><net_sink comp="138" pin=1"/></net>

<net id="150"><net_src comp="14" pin="0"/><net_sink comp="138" pin=2"/></net>

<net id="151"><net_src comp="16" pin="0"/><net_sink comp="138" pin=3"/></net>

<net id="152"><net_src comp="18" pin="0"/><net_sink comp="138" pin=4"/></net>

<net id="153"><net_src comp="20" pin="0"/><net_sink comp="138" pin=5"/></net>

<net id="154"><net_src comp="22" pin="0"/><net_sink comp="138" pin=6"/></net>

<net id="155"><net_src comp="24" pin="0"/><net_sink comp="138" pin=7"/></net>

<net id="161"><net_src comp="90" pin="0"/><net_sink comp="156" pin=0"/></net>

<net id="162"><net_src comp="10" pin="0"/><net_sink comp="156" pin=1"/></net>

<net id="168"><net_src comp="92" pin="0"/><net_sink comp="163" pin=0"/></net>

<net id="169"><net_src comp="26" pin="0"/><net_sink comp="163" pin=1"/></net>

<net id="175"><net_src comp="94" pin="0"/><net_sink comp="170" pin=0"/></net>

<net id="176"><net_src comp="28" pin="0"/><net_sink comp="170" pin=1"/></net>

<net id="186"><net_src comp="58" pin="0"/><net_sink comp="180" pin=2"/></net>

<net id="187"><net_src comp="180" pin="4"/><net_sink comp="163" pin=2"/></net>

<net id="197"><net_src comp="58" pin="0"/><net_sink comp="191" pin=0"/></net>

<net id="198"><net_src comp="132" pin="2"/><net_sink comp="191" pin=2"/></net>

<net id="203"><net_src comp="126" pin="2"/><net_sink comp="199" pin=0"/></net>

<net id="208"><net_src comp="120" pin="2"/><net_sink comp="204" pin=0"/></net>

<net id="213"><net_src comp="56" pin="0"/><net_sink comp="209" pin=0"/></net>

<net id="221"><net_src comp="214" pin="1"/><net_sink comp="217" pin=0"/></net>

<net id="222"><net_src comp="114" pin="2"/><net_sink comp="217" pin=1"/></net>

<net id="227"><net_src comp="214" pin="1"/><net_sink comp="223" pin=0"/></net>

<net id="228"><net_src comp="68" pin="0"/><net_sink comp="223" pin=1"/></net>

<net id="233"><net_src comp="191" pin="4"/><net_sink comp="229" pin=0"/></net>

<net id="234"><net_src comp="180" pin="4"/><net_sink comp="229" pin=1"/></net>

<net id="238"><net_src comp="138" pin="8"/><net_sink comp="235" pin=0"/></net>

<net id="242"><net_src comp="138" pin="8"/><net_sink comp="239" pin=0"/></net>

<net id="247"><net_src comp="239" pin="1"/><net_sink comp="243" pin=0"/></net>

<net id="252"><net_src comp="235" pin="1"/><net_sink comp="248" pin=0"/></net>

<net id="257"><net_src comp="223" pin="2"/><net_sink comp="253" pin=0"/></net>

<net id="270"><net_src comp="78" pin="0"/><net_sink comp="264" pin=0"/></net>

<net id="271"><net_src comp="258" pin="1"/><net_sink comp="264" pin=1"/></net>

<net id="272"><net_src comp="80" pin="0"/><net_sink comp="264" pin=2"/></net>

<net id="273"><net_src comp="82" pin="0"/><net_sink comp="264" pin=3"/></net>

<net id="277"><net_src comp="258" pin="1"/><net_sink comp="274" pin=0"/></net>

<net id="283"><net_src comp="264" pin="4"/><net_sink comp="278" pin=1"/></net>

<net id="284"><net_src comp="274" pin="1"/><net_sink comp="278" pin=2"/></net>

<net id="291"><net_src comp="78" pin="0"/><net_sink comp="285" pin=0"/></net>

<net id="292"><net_src comp="258" pin="1"/><net_sink comp="285" pin=1"/></net>

<net id="293"><net_src comp="84" pin="0"/><net_sink comp="285" pin=2"/></net>

<net id="294"><net_src comp="86" pin="0"/><net_sink comp="285" pin=3"/></net>

<net id="300"><net_src comp="274" pin="1"/><net_sink comp="295" pin=1"/></net>

<net id="301"><net_src comp="285" pin="4"/><net_sink comp="295" pin=2"/></net>

<net id="307"><net_src comp="285" pin="4"/><net_sink comp="302" pin=1"/></net>

<net id="308"><net_src comp="264" pin="4"/><net_sink comp="302" pin=2"/></net>

<net id="315"><net_src comp="88" pin="0"/><net_sink comp="309" pin=0"/></net>

<net id="316"><net_src comp="302" pin="3"/><net_sink comp="309" pin=1"/></net>

<net id="317"><net_src comp="295" pin="3"/><net_sink comp="309" pin=2"/></net>

<net id="318"><net_src comp="278" pin="3"/><net_sink comp="309" pin=3"/></net>

<net id="319"><net_src comp="309" pin="4"/><net_sink comp="156" pin=2"/></net>

<net id="323"><net_src comp="320" pin="1"/><net_sink comp="170" pin=2"/></net>

<net id="327"><net_src comp="96" pin="1"/><net_sink comp="324" pin=0"/></net>

<net id="328"><net_src comp="324" pin="1"/><net_sink comp="209" pin=1"/></net>

<net id="329"><net_src comp="324" pin="1"/><net_sink comp="214" pin=0"/></net>

<net id="330"><net_src comp="324" pin="1"/><net_sink comp="253" pin=1"/></net>

<net id="334"><net_src comp="100" pin="1"/><net_sink comp="331" pin=0"/></net>

<net id="335"><net_src comp="331" pin="1"/><net_sink comp="204" pin=1"/></net>

<net id="336"><net_src comp="331" pin="1"/><net_sink comp="248" pin=1"/></net>

<net id="337"><net_src comp="331" pin="1"/><net_sink comp="258" pin=0"/></net>

<net id="338"><net_src comp="331" pin="1"/><net_sink comp="320" pin=0"/></net>

<net id="342"><net_src comp="104" pin="1"/><net_sink comp="339" pin=0"/></net>

<net id="343"><net_src comp="339" pin="1"/><net_sink comp="199" pin=1"/></net>

<net id="344"><net_src comp="339" pin="1"/><net_sink comp="243" pin=1"/></net>

<net id="345"><net_src comp="339" pin="1"/><net_sink comp="261" pin=0"/></net>

<net id="349"><net_src comp="108" pin="2"/><net_sink comp="346" pin=0"/></net>

<net id="350"><net_src comp="346" pin="1"/><net_sink comp="278" pin=0"/></net>

<net id="351"><net_src comp="346" pin="1"/><net_sink comp="295" pin=0"/></net>

<net id="352"><net_src comp="346" pin="1"/><net_sink comp="302" pin=0"/></net>

<net id="356"><net_src comp="217" pin="2"/><net_sink comp="353" pin=0"/></net>

<net id="363"><net_src comp="261" pin="1"/><net_sink comp="360" pin=0"/></net>

<net id="364"><net_src comp="360" pin="1"/><net_sink comp="180" pin=0"/></net>

</net_list>

</model> 
---------------- Datapath Model END ------------------

* FSMD analyzer results:
  - Output states:
	Port: img | {2 }
	Port: s_axis_video_V_data_V | {}
	Port: s_axis_video_V_keep_V | {}
	Port: s_axis_video_V_strb_V | {}
	Port: s_axis_video_V_user_V | {}
	Port: s_axis_video_V_last_V | {}
	Port: s_axis_video_V_id_V | {}
	Port: s_axis_video_V_dest_V | {}
	Port: eol_out | {1 }
	Port: axi_data_3_out | {1 }
 - Input state : 
	Port: AXIvideo2MultiPixStream_Pipeline_loop_width : sof_2 | {1 }
	Port: AXIvideo2MultiPixStream_Pipeline_loop_width : axi_last_2 | {1 }
	Port: AXIvideo2MultiPixStream_Pipeline_loop_width : axi_data_2 | {1 }
	Port: AXIvideo2MultiPixStream_Pipeline_loop_width : cols | {1 }
	Port: AXIvideo2MultiPixStream_Pipeline_loop_width : cond | {1 }
	Port: AXIvideo2MultiPixStream_Pipeline_loop_width : img | {}
	Port: AXIvideo2MultiPixStream_Pipeline_loop_width : s_axis_video_V_data_V | {1 }
	Port: AXIvideo2MultiPixStream_Pipeline_loop_width : s_axis_video_V_keep_V | {1 }
	Port: AXIvideo2MultiPixStream_Pipeline_loop_width : s_axis_video_V_strb_V | {1 }
	Port: AXIvideo2MultiPixStream_Pipeline_loop_width : s_axis_video_V_user_V | {1 }
	Port: AXIvideo2MultiPixStream_Pipeline_loop_width : s_axis_video_V_last_V | {1 }
	Port: AXIvideo2MultiPixStream_Pipeline_loop_width : s_axis_video_V_id_V | {1 }
	Port: AXIvideo2MultiPixStream_Pipeline_loop_width : s_axis_video_V_dest_V | {1 }
  - Chain level:
	State 1
		store_ln0 : 1
		eol : 1
		sof : 1
		j_1 : 1
		icmp_ln207 : 2
		j_2 : 2
		br_ln207 : 3
		or_ln210 : 2
		br_ln210 : 2
		store_ln214 : 1
		store_ln214 : 1
		store_ln207 : 3
		axi_data_load : 1
		write_ln0 : 2
		write_ln0 : 2
	State 2
		tmp_s : 1
		trunc_ln49 : 1
		select_ln235 : 2
		tmp_1 : 1
		select_ln235_1 : 2
		select_ln235_2 : 2
		p_0 : 3
		write_ln247 : 4


============================================================
+ Verbose Summary: Datapath Resource usage 
============================================================

* Functional unit list:
|----------|-----------------------------|---------|---------|
| Operation|       Functional Unit       |    FF   |   LUT   |
|----------|-----------------------------|---------|---------|
|          |     select_ln235_fu_278     |    0    |    8    |
|  select  |    select_ln235_1_fu_295    |    0    |    8    |
|          |    select_ln235_2_fu_302    |    0    |    8    |
|----------|-----------------------------|---------|---------|
|   icmp   |      icmp_ln207_fu_217      |    0    |    14   |
|----------|-----------------------------|---------|---------|
|    add   |          j_2_fu_223         |    0    |    14   |
|----------|-----------------------------|---------|---------|
|    or    |       or_ln210_fu_229       |    0    |    2    |
|----------|-----------------------------|---------|---------|
|          |    cond_read_read_fu_108    |    0    |    0    |
|          |    cols_read_read_fu_114    |    0    |    0    |
|   read   | axi_data_2_read_read_fu_120 |    0    |    0    |
|          | axi_last_2_read_read_fu_126 |    0    |    0    |
|          |    sof_2_read_read_fu_132   |    0    |    0    |
|          |      empty_read_fu_138      |    0    |    0    |
|----------|-----------------------------|---------|---------|
|          |   write_ln247_write_fu_156  |    0    |    0    |
|   write  |    write_ln0_write_fu_163   |    0    |    0    |
|          |    write_ln0_write_fu_170   |    0    |    0    |
|----------|-----------------------------|---------|---------|
|extractvalue|      axi_data_1_fu_235      |    0    |    0    |
|          |      axi_last_5_fu_239      |    0    |    0    |
|----------|-----------------------------|---------|---------|
|partselect|         tmp_s_fu_264        |    0    |    0    |
|          |         tmp_1_fu_285        |    0    |    0    |
|----------|-----------------------------|---------|---------|
|   trunc  |      trunc_ln49_fu_274      |    0    |    0    |
|----------|-----------------------------|---------|---------|
|bitconcatenate|          p_0_fu_309         |    0    |    0    |
|----------|-----------------------------|---------|---------|
|   Total  |                             |    0    |    54   |
|----------|-----------------------------|---------|---------|

Memories:
N/A

* Register list:
+------------------+--------+
|                  |   FF   |
+------------------+--------+
| axi_data_reg_331 |   24   |
|axi_last_4_reg_360|    1   |
| axi_last_reg_339 |    1   |
| cond_read_reg_346|    1   |
|    eol_reg_177   |    1   |
|icmp_ln207_reg_353|    1   |
|     j_reg_324    |   13   |
|    sof_reg_188   |    1   |
+------------------+--------+
|       Total      |   43   |
+------------------+--------+

* Multiplexer (MUX) list: 
|--------|------|------|------|--------|
|  Comp  |  Pin | Size |  BW  | S x BW |
|--------|------|------|------|--------|
|  Total |      |      |      |    0   |
|--------|------|------|------|--------|



* Summary:
+-----------+--------+--------+
|           |   FF   |   LUT  |
+-----------+--------+--------+
|  Function |    0   |   54   |
|   Memory  |    -   |    -   |
|Multiplexer|    -   |    -   |
|  Register |   43   |    -   |
+-----------+--------+--------+
|   Total   |   43   |   54   |
+-----------+--------+--------+
