INFO: [SIM 2] *************** CSIM start ***************
INFO: [SIM 4] CSIM will launch GCC as the compiler.
   Compiling ../../../../xf_stereolbm_tb.cpp in debug mode
   Compiling ../../../../xf_stereolbm_accel.cpp in debug mode
   Generating csim.exe
C:/Xilinx/Vitis_HLS/2023.1/tps/win64/msys64/mingw64/bin/../lib/gcc/x86_64-w64-mingw32/6.2.0/../../../../x86_64-w64-mingw32/bin/ld.exe: mode i386pep
C:/Xilinx/Vitis_HLS/2023.1/tps/win64/msys64/mingw64/bin/../lib/gcc/x86_64-w64-mingw32/6.2.0/../../../../x86_64-w64-mingw32/lib/../lib/crt2.o
C:/Xilinx/Vitis_HLS/2023.1/tps/win64/msys64/mingw64/bin/../lib/gcc/x86_64-w64-mingw32/6.2.0/crtbegin.o
obj/xf_stereolbm_tb.o
obj/xf_stereolbm_accel.o
(C:/openCV/opencv/build_mingw/install/x64/mingw/lib/libopencv_imgcodecs440.dll.a)d000354.o
(C:/openCV/opencv/build_mingw/install/x64/mingw/lib/libopencv_imgcodecs440.dll.a)d000340.o
(C:/openCV/opencv/build_mingw/install/x64/mingw/lib/libopencv_imgcodecs440.dll.a)d000098.o
(C:/openCV/opencv/build_mingw/install/x64/mingw/lib/libopencv_imgcodecs440.dll.a)d000511.o
(C:/openCV/opencv/build_mingw/install/x64/mingw/lib/libopencv_calib3d440.dll.a)d000448.o
(C:/openCV/opencv/build_mingw/install/x64/mingw/lib/libopencv_calib3d440.dll.a)d000108.o
(C:/openCV/opencv/build_mingw/install/x64/mingw/lib/libopencv_calib3d440.dll.a)d000654.o
(C:/openCV/opencv/build_mingw/install/x64/mingw/lib/libopencv_core440.dll.a)d002451.o
(C:/openCV/opencv/build_mingw/install/x64/mingw/lib/libopencv_core440.dll.a)d002324.o
(C:/openCV/opencv/build_mingw/install/x64/mingw/lib/libopencv_core440.dll.a)d001420.o
(C:/openCV/opencv/build_mingw/install/x64/mingw/lib/libopencv_core440.dll.a)d000520.o
(C:/openCV/opencv/build_mingw/install/x64/mingw/lib/libopencv_core440.dll.a)d000496.o
(C:/openCV/opencv/build_mingw/install/x64/mingw/lib/libopencv_core440.dll.a)d000354.o
(C:/openCV/opencv/build_mingw/install/x64/mingw/lib/libopencv_core440.dll.a)d000125.o
(C:/openCV/opencv/build_mingw/install/x64/mingw/lib/libopencv_core440.dll.a)d000124.o
(C:/openCV/opencv/build_mingw/install/x64/mingw/lib/libopencv_core440.dll.a)d002491.o
(C:/Xilinx/Vitis_HLS/2023.1/tps/win64/msys64/mingw64/bin/../lib/gcc/x86_64-w64-mingw32/6.2.0/libstdc++.dll.a)d005842.o
(C:/Xilinx/Vitis_HLS/2023.1/tps/win64/msys64/mingw64/bin/../lib/gcc/x86_64-w64-mingw32/6.2.0/libstdc++.dll.a)d005822.o
(C:/Xilinx/Vitis_HLS/2023.1/tps/win64/msys64/mingw64/bin/../lib/gcc/x86_64-w64-mingw32/6.2.0/libstdc++.dll.a)d005821.o
(C:/Xilinx/Vitis_HLS/2023.1/tps/win64/msys64/mingw64/bin/../lib/gcc/x86_64-w64-mingw32/6.2.0/libstdc++.dll.a)d005820.o
(C:/Xilinx/Vitis_HLS/2023.1/tps/win64/msys64/mingw64/bin/../lib/gcc/x86_64-w64-mingw32/6.2.0/libstdc++.dll.a)d005819.o
(C:/Xilinx/Vitis_HLS/2023.1/tps/win64/msys64/mingw64/bin/../lib/gcc/x86_64-w64-mingw32/6.2.0/libstdc++.dll.a)d005818.o
(C:/Xilinx/Vitis_HLS/2023.1/tps/win64/msys64/mingw64/bin/../lib/gcc/x86_64-w64-mingw32/6.2.0/libstdc++.dll.a)d005812.o
(C:/Xilinx/Vitis_HLS/2023.1/tps/win64/msys64/mingw64/bin/../lib/gcc/x86_64-w64-mingw32/6.2.0/libstdc++.dll.a)d005811.o
(C:/Xilinx/Vitis_HLS/2023.1/tps/win64/msys64/mingw64/bin/../lib/gcc/x86_64-w64-mingw32/6.2.0/libstdc++.dll.a)d005806.o
(C:/Xilinx/Vitis_HLS/2023.1/tps/win64/msys64/mingw64/bin/../lib/gcc/x86_64-w64-mingw32/6.2.0/libstdc++.dll.a)d005798.o
(C:/Xilinx/Vitis_HLS/2023.1/tps/win64/msys64/mingw64/bin/../lib/gcc/x86_64-w64-mingw32/6.2.0/libstdc++.dll.a)d005795.o
(C:/Xilinx/Vitis_HLS/2023.1/tps/win64/msys64/mingw64/bin/../lib/gcc/x86_64-w64-mingw32/6.2.0/libstdc++.dll.a)d005793.o
(C:/Xilinx/Vitis_HLS/2023.1/tps/win64/msys64/mingw64/bin/../lib/gcc/x86_64-w64-mingw32/6.2.0/libstdc++.dll.a)d005545.o
(C:/Xilinx/Vitis_HLS/2023.1/tps/win64/msys64/mingw64/bin/../lib/gcc/x86_64-w64-mingw32/6.2.0/libstdc++.dll.a)d005527.o
(C:/Xilinx/Vitis_HLS/2023.1/tps/win64/msys64/mingw64/bin/../lib/gcc/x86_64-w64-mingw32/6.2.0/libstdc++.dll.a)d005522.o
(C:/Xilinx/Vitis_HLS/2023.1/tps/win64/msys64/mingw64/bin/../lib/gcc/x86_64-w64-mingw32/6.2.0/libstdc++.dll.a)d005520.o
(C:/Xilinx/Vitis_HLS/2023.1/tps/win64/msys64/mingw64/bin/../lib/gcc/x86_64-w64-mingw32/6.2.0/libstdc++.dll.a)d005204.o
(C:/Xilinx/Vitis_HLS/2023.1/tps/win64/msys64/mingw64/bin/../lib/gcc/x86_64-w64-mingw32/6.2.0/libstdc++.dll.a)d005201.o
(C:/Xilinx/Vitis_HLS/2023.1/tps/win64/msys64/mingw64/bin/../lib/gcc/x86_64-w64-mingw32/6.2.0/libstdc++.dll.a)d005197.o
(C:/Xilinx/Vitis_HLS/2023.1/tps/win64/msys64/mingw64/bin/../lib/gcc/x86_64-w64-mingw32/6.2.0/libstdc++.dll.a)d005026.o
(C:/Xilinx/Vitis_HLS/2023.1/tps/win64/msys64/mingw64/bin/../lib/gcc/x86_64-w64-mingw32/6.2.0/libstdc++.dll.a)d004839.o
(C:/Xilinx/Vitis_HLS/2023.1/tps/win64/msys64/mingw64/bin/../lib/gcc/x86_64-w64-mingw32/6.2.0/libstdc++.dll.a)d004828.o
(C:/Xilinx/Vitis_HLS/2023.1/tps/win64/msys64/mingw64/bin/../lib/gcc/x86_64-w64-mingw32/6.2.0/libstdc++.dll.a)d004782.o
(C:/Xilinx/Vitis_HLS/2023.1/tps/win64/msys64/mingw64/bin/../lib/gcc/x86_64-w64-mingw32/6.2.0/libstdc++.dll.a)d004720.o
(C:/Xilinx/Vitis_HLS/2023.1/tps/win64/msys64/mingw64/bin/../lib/gcc/x86_64-w64-mingw32/6.2.0/libstdc++.dll.a)d004719.o
(C:/Xilinx/Vitis_HLS/2023.1/tps/win64/msys64/mingw64/bin/../lib/gcc/x86_64-w64-mingw32/6.2.0/libstdc++.dll.a)d004699.o
(C:/Xilinx/Vitis_HLS/2023.1/tps/win64/msys64/mingw64/bin/../lib/gcc/x86_64-w64-mingw32/6.2.0/libstdc++.dll.a)d004676.o
(C:/Xilinx/Vitis_HLS/2023.1/tps/win64/msys64/mingw64/bin/../lib/gcc/x86_64-w64-mingw32/6.2.0/libstdc++.dll.a)d004433.o
(C:/Xilinx/Vitis_HLS/2023.1/tps/win64/msys64/mingw64/bin/../lib/gcc/x86_64-w64-mingw32/6.2.0/libstdc++.dll.a)d004431.o
(C:/Xilinx/Vitis_HLS/2023.1/tps/win64/msys64/mingw64/bin/../lib/gcc/x86_64-w64-mingw32/6.2.0/libstdc++.dll.a)d004185.o
(C:/Xilinx/Vitis_HLS/2023.1/tps/win64/msys64/mingw64/bin/../lib/gcc/x86_64-w64-mingw32/6.2.0/libstdc++.dll.a)d004180.o
(C:/Xilinx/Vitis_HLS/2023.1/tps/win64/msys64/mingw64/bin/../lib/gcc/x86_64-w64-mingw32/6.2.0/libstdc++.dll.a)d003884.o
(C:/Xilinx/Vitis_HLS/2023.1/tps/win64/msys64/mingw64/bin/../lib/gcc/x86_64-w64-mingw32/6.2.0/libstdc++.dll.a)d003883.o
(C:/Xilinx/Vitis_HLS/2023.1/tps/win64/msys64/mingw64/bin/../lib/gcc/x86_64-w64-mingw32/6.2.0/libstdc++.dll.a)d003880.o
(C:/Xilinx/Vitis_HLS/2023.1/tps/win64/msys64/mingw64/bin/../lib/gcc/x86_64-w64-mingw32/6.2.0/libstdc++.dll.a)d003860.o
(C:/Xilinx/Vitis_HLS/2023.1/tps/win64/msys64/mingw64/bin/../lib/gcc/x86_64-w64-mingw32/6.2.0/libstdc++.dll.a)d003855.o
(C:/Xilinx/Vitis_HLS/2023.1/tps/win64/msys64/mingw64/bin/../lib/gcc/x86_64-w64-mingw32/6.2.0/libstdc++.dll.a)d003852.o
(C:/Xilinx/Vitis_HLS/2023.1/tps/win64/msys64/mingw64/bin/../lib/gcc/x86_64-w64-mingw32/6.2.0/libstdc++.dll.a)d003703.o
(C:/Xilinx/Vitis_HLS/2023.1/tps/win64/msys64/mingw64/bin/../lib/gcc/x86_64-w64-mingw32/6.2.0/libstdc++.dll.a)d003702.o
(C:/Xilinx/Vitis_HLS/2023.1/tps/win64/msys64/mingw64/bin/../lib/gcc/x86_64-w64-mingw32/6.2.0/libstdc++.dll.a)d003697.o
(C:/Xilinx/Vitis_HLS/2023.1/tps/win64/msys64/mingw64/bin/../lib/gcc/x86_64-w64-mingw32/6.2.0/libstdc++.dll.a)d003449.o
(C:/Xilinx/Vitis_HLS/2023.1/tps/win64/msys64/mingw64/bin/../lib/gcc/x86_64-w64-mingw32/6.2.0/libstdc++.dll.a)d003447.o
(C:/Xilinx/Vitis_HLS/2023.1/tps/win64/msys64/mingw64/bin/../lib/gcc/x86_64-w64-mingw32/6.2.0/libstdc++.dll.a)d003446.o
(C:/Xilinx/Vitis_HLS/2023.1/tps/win64/msys64/mingw64/bin/../lib/gcc/x86_64-w64-mingw32/6.2.0/libstdc++.dll.a)d003445.o
(C:/Xilinx/Vitis_HLS/2023.1/tps/win64/msys64/mingw64/bin/../lib/gcc/x86_64-w64-mingw32/6.2.0/libstdc++.dll.a)d003444.o
(C:/Xilinx/Vitis_HLS/2023.1/tps/win64/msys64/mingw64/bin/../lib/gcc/x86_64-w64-mingw32/6.2.0/libstdc++.dll.a)d001749.o
(C:/Xilinx/Vitis_HLS/2023.1/tps/win64/msys64/mingw64/bin/../lib/gcc/x86_64-w64-mingw32/6.2.0/libstdc++.dll.a)d001746.o
(C:/Xilinx/Vitis_HLS/2023.1/tps/win64/msys64/mingw64/bin/../lib/gcc/x86_64-w64-mingw32/6.2.0/libstdc++.dll.a)d001745.o
(C:/Xilinx/Vitis_HLS/2023.1/tps/win64/msys64/mingw64/bin/../lib/gcc/x86_64-w64-mingw32/6.2.0/libstdc++.dll.a)d001744.o
(C:/Xilinx/Vitis_HLS/2023.1/tps/win64/msys64/mingw64/bin/../lib/gcc/x86_64-w64-mingw32/6.2.0/libstdc++.dll.a)d001742.o
(C:/Xilinx/Vitis_HLS/2023.1/tps/win64/msys64/mingw64/bin/../lib/gcc/x86_64-w64-mingw32/6.2.0/libstdc++.dll.a)d001741.o
(C:/Xilinx/Vitis_HLS/2023.1/tps/win64/msys64/mingw64/bin/../lib/gcc/x86_64-w64-mingw32/6.2.0/libstdc++.dll.a)d001736.o
(C:/Xilinx/Vitis_HLS/2023.1/tps/win64/msys64/mingw64/bin/../lib/gcc/x86_64-w64-mingw32/6.2.0/libstdc++.dll.a)d001496.o
(C:/Xilinx/Vitis_HLS/2023.1/tps/win64/msys64/mingw64/bin/../lib/gcc/x86_64-w64-mingw32/6.2.0/libstdc++.dll.a)d001493.o
(C:/Xilinx/Vitis_HLS/2023.1/tps/win64/msys64/mingw64/bin/../lib/gcc/x86_64-w64-mingw32/6.2.0/libstdc++.dll.a)d001343.o
(C:/Xilinx/Vitis_HLS/2023.1/tps/win64/msys64/mingw64/bin/../lib/gcc/x86_64-w64-mingw32/6.2.0/libstdc++.dll.a)d001050.o
(C:/Xilinx/Vitis_HLS/2023.1/tps/win64/msys64/mingw64/bin/../lib/gcc/x86_64-w64-mingw32/6.2.0/libstdc++.dll.a)d000963.o
(C:/Xilinx/Vitis_HLS/2023.1/tps/win64/msys64/mingw64/bin/../lib/gcc/x86_64-w64-mingw32/6.2.0/libstdc++.dll.a)d000000.o
(C:/Xilinx/Vitis_HLS/2023.1/tps/win64/msys64/mingw64/bin/../lib/gcc/x86_64-w64-mingw32/6.2.0/libstdc++.dll.a)d005848.o
(C:/Xilinx/Vitis_HLS/2023.1/tps/win64/msys64/mingw64/bin/../lib/gcc/x86_64-w64-mingw32/6.2.0/../../../../x86_64-w64-mingw32/lib/../lib/libmingw32.a)lib64_libmingw32_a-atonexit.o
(C:/Xilinx/Vitis_HLS/2023.1/tps/win64/msys64/mingw64/bin/../lib/gcc/x86_64-w64-mingw32/6.2.0/../../../../x86_64-w64-mingw32/lib/../lib/libmingw32.a)lib64_libmingw32_a-gccmain.o
(C:/Xilinx/Vitis_HLS/2023.1/tps/win64/msys64/mingw64/bin/../lib/gcc/x86_64-w64-mingw32/6.2.0/../../../../x86_64-w64-mingw32/lib/../lib/libmingw32.a)lib64_libmingw32_a-natstart.o
(C:/Xilinx/Vitis_HLS/2023.1/tps/win64/msys64/mingw64/bin/../lib/gcc/x86_64-w64-mingw32/6.2.0/../../../../x86_64-w64-mingw32/lib/../lib/libmingw32.a)lib64_libmingw32_a-wildcard.o
(C:/Xilinx/Vitis_HLS/2023.1/tps/win64/msys64/mingw64/bin/../lib/gcc/x86_64-w64-mingw32/6.2.0/../../../../x86_64-w64-mingw32/lib/../lib/libmingw32.a)lib64_libmingw32_a-charmax.o
(C:/Xilinx/Vitis_HLS/2023.1/tps/win64/msys64/mingw64/bin/../lib/gcc/x86_64-w64-mingw32/6.2.0/../../../../x86_64-w64-mingw32/lib/../lib/libmingw32.a)lib64_libmingw32_a-dllargv.o
(C:/Xilinx/Vitis_HLS/2023.1/tps/win64/msys64/mingw64/bin/../lib/gcc/x86_64-w64-mingw32/6.2.0/../../../../x86_64-w64-mingw32/lib/../lib/libmingw32.a)lib64_libmingw32_a-gs_support.o
(C:/Xilinx/Vitis_HLS/2023.1/tps/win64/msys64/mingw64/bin/../lib/gcc/x86_64-w64-mingw32/6.2.0/../../../../x86_64-w64-mingw32/lib/../lib/libmingw32.a)lib64_libmingw32_a-_newmode.o
(C:/Xilinx/Vitis_HLS/2023.1/tps/win64/msys64/mingw64/bin/../lib/gcc/x86_64-w64-mingw32/6.2.0/../../../../x86_64-w64-mingw32/lib/../lib/libmingw32.a)lib64_libmingw32_a-tlssup.o
(C:/Xilinx/Vitis_HLS/2023.1/tps/win64/msys64/mingw64/bin/../lib/gcc/x86_64-w64-mingw32/6.2.0/../../../../x86_64-w64-mingw32/lib/../lib/libmingw32.a)lib64_libmingw32_a-cinitexe.o
(C:/Xilinx/Vitis_HLS/2023.1/tps/win64/msys64/mingw64/bin/../lib/gcc/x86_64-w64-mingw32/6.2.0/../../../../x86_64-w64-mingw32/lib/../lib/libmingw32.a)lib64_libmingw32_a-merr.o
(C:/Xilinx/Vitis_HLS/2023.1/tps/win64/msys64/mingw64/bin/../lib/gcc/x86_64-w64-mingw32/6.2.0/../../../../x86_64-w64-mingw32/lib/../lib/libmingw32.a)lib64_libmingw32_a-CRT_fp10.o
(C:/Xilinx/Vitis_HLS/2023.1/tps/win64/msys64/mingw64/bin/../lib/gcc/x86_64-w64-mingw32/6.2.0/../../../../x86_64-w64-mingw32/lib/../lib/libmingw32.a)lib64_libmingw32_a-mingw_helpers.o
(C:/Xilinx/Vitis_HLS/2023.1/tps/win64/msys64/mingw64/bin/../lib/gcc/x86_64-w64-mingw32/6.2.0/../../../../x86_64-w64-mingw32/lib/../lib/libmingw32.a)lib64_libmingw32_a-pseudo-reloc.o
(C:/Xilinx/Vitis_HLS/2023.1/tps/win64/msys64/mingw64/bin/../lib/gcc/x86_64-w64-mingw32/6.2.0/../../../../x86_64-w64-mingw32/lib/../lib/libmingw32.a)lib64_libmingw32_a-xtxtmode.o
(C:/Xilinx/Vitis_HLS/2023.1/tps/win64/msys64/mingw64/bin/../lib/gcc/x86_64-w64-mingw32/6.2.0/../../../../x86_64-w64-mingw32/lib/../lib/libmingw32.a)lib64_libmingw32_a-crt_handler.o
(C:/Xilinx/Vitis_HLS/2023.1/tps/win64/msys64/mingw64/bin/../lib/gcc/x86_64-w64-mingw32/6.2.0/../../../../x86_64-w64-mingw32/lib/../lib/libmingw32.a)lib64_libmingw32_a-tlsthrd.o
(C:/Xilinx/Vitis_HLS/2023.1/tps/win64/msys64/mingw64/bin/../lib/gcc/x86_64-w64-mingw32/6.2.0/../../../../x86_64-w64-mingw32/lib/../lib/libmingw32.a)lib64_libmingw32_a-tlsmcrt.o
(C:/Xilinx/Vitis_HLS/2023.1/tps/win64/msys64/mingw64/bin/../lib/gcc/x86_64-w64-mingw32/6.2.0/../../../../x86_64-w64-mingw32/lib/../lib/libmingw32.a)lib64_libmingw32_a-pseudo-reloc-list.o
(C:/Xilinx/Vitis_HLS/2023.1/tps/win64/msys64/mingw64/bin/../lib/gcc/x86_64-w64-mingw32/6.2.0/../../../../x86_64-w64-mingw32/lib/../lib/libmingw32.a)lib64_libmingw32_a-pesect.o
(C:/Xilinx/Vitis_HLS/2023.1/tps/win64/msys64/mingw64/bin/../lib/gcc/x86_64-w64-mingw32/6.2.0/libgcc_s.a)d000015.o
(C:/Xilinx/Vitis_HLS/2023.1/tps/win64/msys64/mingw64/bin/../lib/gcc/x86_64-w64-mingw32/6.2.0/libgcc_s.a)d000000.o
(C:/Xilinx/Vitis_HLS/2023.1/tps/win64/msys64/mingw64/bin/../lib/gcc/x86_64-w64-mingw32/6.2.0/libgcc_s.a)d000122.o
(C:/Xilinx/Vitis_HLS/2023.1/tps/win64/msys64/mingw64/bin/../lib/gcc/x86_64-w64-mingw32/6.2.0/libgcc.a)_chkstk_ms.o
(C:/Xilinx/Vitis_HLS/2023.1/tps/win64/msys64/mingw64/bin/../lib/gcc/x86_64-w64-mingw32/6.2.0/libgcc.a)_ctors.o
(C:/Xilinx/Vitis_HLS/2023.1/tps/win64/msys64/mingw64/bin/../lib/gcc/x86_64-w64-mingw32/6.2.0/../../../../x86_64-w64-mingw32/lib/../lib/libmingwex.a)lib64_libmingwex_a-fegetround.o
(C:/Xilinx/Vitis_HLS/2023.1/tps/win64/msys64/mingw64/bin/../lib/gcc/x86_64-w64-mingw32/6.2.0/../../../../x86_64-w64-mingw32/lib/../lib/libmingwex.a)lib64_libmingwex_a-mingw_matherr.o
(C:/Xilinx/Vitis_HLS/2023.1/tps/win64/msys64/mingw64/bin/../lib/gcc/x86_64-w64-mingw32/6.2.0/../../../../x86_64-w64-mingw32/lib/../lib/libmingwex.a)lib64_libmingwex_a-wassert.o
(C:/Xilinx/Vitis_HLS/2023.1/tps/win64/msys64/mingw64/bin/../lib/gcc/x86_64-w64-mingw32/6.2.0/../../../../x86_64-w64-mingw32/lib/../lib/libmingwex.a)lib64_libmingwex_a-mingw_vfprintf.o
(C:/Xilinx/Vitis_HLS/2023.1/tps/win64/msys64/mingw64/bin/../lib/gcc/x86_64-w64-mingw32/6.2.0/../../../../x86_64-w64-mingw32/lib/../lib/libmingwex.a)lib64_libmingwex_a-pow.o
(C:/Xilinx/Vitis_HLS/2023.1/tps/win64/msys64/mingw64/bin/../lib/gcc/x86_64-w64-mingw32/6.2.0/../../../../x86_64-w64-mingw32/lib/../lib/libmingwex.a)lib64_libmingwex_a-powi.o
(C:/Xilinx/Vitis_HLS/2023.1/tps/win64/msys64/mingw64/bin/../lib/gcc/x86_64-w64-mingw32/6.2.0/../../../../x86_64-w64-mingw32/lib/../lib/libmingwex.a)lib64_libmingwex_a-mingw_pformat.o
(C:/Xilinx/Vitis_HLS/2023.1/tps/win64/msys64/mingw64/bin/../lib/gcc/x86_64-w64-mingw32/6.2.0/../../../../x86_64-w64-mingw32/lib/../lib/libmingwex.a)lib64_libmingwex_a-exp2l.o
(C:/Xilinx/Vitis_HLS/2023.1/tps/win64/msys64/mingw64/bin/../lib/gcc/x86_64-w64-mingw32/6.2.0/../../../../x86_64-w64-mingw32/lib/../lib/libmingwex.a)lib64_libmingwex_a-ldexp.o
(C:/Xilinx/Vitis_HLS/2023.1/tps/win64/msys64/mingw64/bin/../lib/gcc/x86_64-w64-mingw32/6.2.0/../../../../x86_64-w64-mingw32/lib/../lib/libmingwex.a)lib64_libmingwex_a-log2l.o
(C:/Xilinx/Vitis_HLS/2023.1/tps/win64/msys64/mingw64/bin/../lib/gcc/x86_64-w64-mingw32/6.2.0/../../../../x86_64-w64-mingw32/lib/../lib/libmingwex.a)lib64_libmingwex_a-dmisc.o
(C:/Xilinx/Vitis_HLS/2023.1/tps/win64/msys64/mingw64/bin/../lib/gcc/x86_64-w64-mingw32/6.2.0/../../../../x86_64-w64-mingw32/lib/../lib/libmingwex.a)lib64_libmingwex_a-gdtoa.o
(C:/Xilinx/Vitis_HLS/2023.1/tps/win64/msys64/mingw64/bin/../lib/gcc/x86_64-w64-mingw32/6.2.0/../../../../x86_64-w64-mingw32/lib/../lib/libmingwex.a)lib64_libmingwex_a-gmisc.o
(C:/Xilinx/Vitis_HLS/2023.1/tps/win64/msys64/mingw64/bin/../lib/gcc/x86_64-w64-mingw32/6.2.0/../../../../x86_64-w64-mingw32/lib/../lib/libmingwex.a)lib64_libmingwex_a-misc.o
(C:/Xilinx/Vitis_HLS/2023.1/tps/win64/msys64/mingw64/bin/../lib/gcc/x86_64-w64-mingw32/6.2.0/../../../../x86_64-w64-mingw32/lib/../lib/libmingwex.a)lib64_libmingwex_a-mbrtowc.o
(C:/Xilinx/Vitis_HLS/2023.1/tps/win64/msys64/mingw64/bin/../lib/gcc/x86_64-w64-mingw32/6.2.0/../../../../x86_64-w64-mingw32/lib/../lib/libmingwex.a)lib64_libmingwex_a-strnlen.o
(C:/Xilinx/Vitis_HLS/2023.1/tps/win64/msys64/mingw64/bin/../lib/gcc/x86_64-w64-mingw32/6.2.0/../../../../x86_64-w64-mingw32/lib/../lib/libmingwex.a)lib64_libmingwex_a-wcrtomb.o
(C:/Xilinx/Vitis_HLS/2023.1/tps/win64/msys64/mingw64/bin/../lib/gcc/x86_64-w64-mingw32/6.2.0/../../../../x86_64-w64-mingw32/lib/../lib/libmingwex.a)lib64_libmingwex_a-wcsnlen.o
(C:/Xilinx/Vitis_HLS/2023.1/tps/win64/msys64/mingw64/bin/../lib/gcc/x86_64-w64-mingw32/6.2.0/../../../../x86_64-w64-mingw32/lib/../lib/libmsvcrt.a)dikfcs01261.o
(C:/Xilinx/Vitis_HLS/2023.1/tps/win64/msys64/mingw64/bin/../lib/gcc/x86_64-w64-mingw32/6.2.0/../../../../x86_64-w64-mingw32/lib/../lib/libmsvcrt.a)dikfcs01257.o
(C:/Xilinx/Vitis_HLS/2023.1/tps/win64/msys64/mingw64/bin/../lib/gcc/x86_64-w64-mingw32/6.2.0/../../../../x86_64-w64-mingw32/lib/../lib/libmsvcrt.a)dikfcs01240.o
(C:/Xilinx/Vitis_HLS/2023.1/tps/win64/msys64/mingw64/bin/../lib/gcc/x86_64-w64-mingw32/6.2.0/../../../../x86_64-w64-mingw32/lib/../lib/libmsvcrt.a)dikfcs01208.o
(C:/Xilinx/Vitis_HLS/2023.1/tps/win64/msys64/mingw64/bin/../lib/gcc/x86_64-w64-mingw32/6.2.0/../../../../x86_64-w64-mingw32/lib/../lib/libmsvcrt.a)dikfcs01205.o
(C:/Xilinx/Vitis_HLS/2023.1/tps/win64/msys64/mingw64/bin/../lib/gcc/x86_64-w64-mingw32/6.2.0/../../../../x86_64-w64-mingw32/lib/../lib/libmsvcrt.a)dikfcs01203.o
(C:/Xilinx/Vitis_HLS/2023.1/tps/win64/msys64/mingw64/bin/../lib/gcc/x86_64-w64-mingw32/6.2.0/../../../../x86_64-w64-mingw32/lib/../lib/libmsvcrt.a)dikfcs01184.o
(C:/Xilinx/Vitis_HLS/2023.1/tps/win64/msys64/mingw64/bin/../lib/gcc/x86_64-w64-mingw32/6.2.0/../../../../x86_64-w64-mingw32/lib/../lib/libmsvcrt.a)dikfcs01172.o
(C:/Xilinx/Vitis_HLS/2023.1/tps/win64/msys64/mingw64/bin/../lib/gcc/x86_64-w64-mingw32/6.2.0/../../../../x86_64-w64-mingw32/lib/../lib/libmsvcrt.a)dikfcs01156.o
(C:/Xilinx/Vitis_HLS/2023.1/tps/win64/msys64/mingw64/bin/../lib/gcc/x86_64-w64-mingw32/6.2.0/../../../../x86_64-w64-mingw32/lib/../lib/libmsvcrt.a)dikfcs01155.o
(C:/Xilinx/Vitis_HLS/2023.1/tps/win64/msys64/mingw64/bin/../lib/gcc/x86_64-w64-mingw32/6.2.0/../../../../x86_64-w64-mingw32/lib/../lib/libmsvcrt.a)dikfcs01154.o
(C:/Xilinx/Vitis_HLS/2023.1/tps/win64/msys64/mingw64/bin/../lib/gcc/x86_64-w64-mingw32/6.2.0/../../../../x86_64-w64-mingw32/lib/../lib/libmsvcrt.a)dikfcs01146.o
(C:/Xilinx/Vitis_HLS/2023.1/tps/win64/msys64/mingw64/bin/../lib/gcc/x86_64-w64-mingw32/6.2.0/../../../../x86_64-w64-mingw32/lib/../lib/libmsvcrt.a)dikfcs01142.o
(C:/Xilinx/Vitis_HLS/2023.1/tps/win64/msys64/mingw64/bin/../lib/gcc/x86_64-w64-mingw32/6.2.0/../../../../x86_64-w64-mingw32/lib/../lib/libmsvcrt.a)dikfcs01139.o
(C:/Xilinx/Vitis_HLS/2023.1/tps/win64/msys64/mingw64/bin/../lib/gcc/x86_64-w64-mingw32/6.2.0/../../../../x86_64-w64-mingw32/lib/../lib/libmsvcrt.a)dikfcs01104.o
(C:/Xilinx/Vitis_HLS/2023.1/tps/win64/msys64/mingw64/bin/../lib/gcc/x86_64-w64-mingw32/6.2.0/../../../../x86_64-w64-mingw32/lib/../lib/libmsvcrt.a)dikfcs01099.o
(C:/Xilinx/Vitis_HLS/2023.1/tps/win64/msys64/mingw64/bin/../lib/gcc/x86_64-w64-mingw32/6.2.0/../../../../x86_64-w64-mingw32/lib/../lib/libmsvcrt.a)dikfcs01097.o
(C:/Xilinx/Vitis_HLS/2023.1/tps/win64/msys64/mingw64/bin/../lib/gcc/x86_64-w64-mingw32/6.2.0/../../../../x86_64-w64-mingw32/lib/../lib/libmsvcrt.a)dikfcs01087.o
(C:/Xilinx/Vitis_HLS/2023.1/tps/win64/msys64/mingw64/bin/../lib/gcc/x86_64-w64-mingw32/6.2.0/../../../../x86_64-w64-mingw32/lib/../lib/libmsvcrt.a)dikfcs01082.o
(C:/Xilinx/Vitis_HLS/2023.1/tps/win64/msys64/mingw64/bin/../lib/gcc/x86_64-w64-mingw32/6.2.0/../../../../x86_64-w64-mingw32/lib/../lib/libmsvcrt.a)dikfcs01080.o
(C:/Xilinx/Vitis_HLS/2023.1/tps/win64/msys64/mingw64/bin/../lib/gcc/x86_64-w64-mingw32/6.2.0/../../../../x86_64-w64-mingw32/lib/../lib/libmsvcrt.a)dikfcs01061.o
(C:/Xilinx/Vitis_HLS/2023.1/tps/win64/msys64/mingw64/bin/../lib/gcc/x86_64-w64-mingw32/6.2.0/../../../../x86_64-w64-mingw32/lib/../lib/libmsvcrt.a)dikfcs01048.o
(C:/Xilinx/Vitis_HLS/2023.1/tps/win64/msys64/mingw64/bin/../lib/gcc/x86_64-w64-mingw32/6.2.0/../../../../x86_64-w64-mingw32/lib/../lib/libmsvcrt.a)dikfcs01028.o
(C:/Xilinx/Vitis_HLS/2023.1/tps/win64/msys64/mingw64/bin/../lib/gcc/x86_64-w64-mingw32/6.2.0/../../../../x86_64-w64-mingw32/lib/../lib/libmsvcrt.a)dikfcs00820.o
(C:/Xilinx/Vitis_HLS/2023.1/tps/win64/msys64/mingw64/bin/../lib/gcc/x86_64-w64-mingw32/6.2.0/../../../../x86_64-w64-mingw32/lib/../lib/libmsvcrt.a)dikfcs00686.o
(C:/Xilinx/Vitis_HLS/2023.1/tps/win64/msys64/mingw64/bin/../lib/gcc/x86_64-w64-mingw32/6.2.0/../../../../x86_64-w64-mingw32/lib/../lib/libmsvcrt.a)dikfcs00611.o
(C:/Xilinx/Vitis_HLS/2023.1/tps/win64/msys64/mingw64/bin/../lib/gcc/x86_64-w64-mingw32/6.2.0/../../../../x86_64-w64-mingw32/lib/../lib/libmsvcrt.a)dikfcs00438.o
(C:/Xilinx/Vitis_HLS/2023.1/tps/win64/msys64/mingw64/bin/../lib/gcc/x86_64-w64-mingw32/6.2.0/../../../../x86_64-w64-mingw32/lib/../lib/libmsvcrt.a)dikfcs00330.o
(C:/Xilinx/Vitis_HLS/2023.1/tps/win64/msys64/mingw64/bin/../lib/gcc/x86_64-w64-mingw32/6.2.0/../../../../x86_64-w64-mingw32/lib/../lib/libmsvcrt.a)dikfcs00252.o
(C:/Xilinx/Vitis_HLS/2023.1/tps/win64/msys64/mingw64/bin/../lib/gcc/x86_64-w64-mingw32/6.2.0/../../../../x86_64-w64-mingw32/lib/../lib/libmsvcrt.a)dikfcs00219.o
(C:/Xilinx/Vitis_HLS/2023.1/tps/win64/msys64/mingw64/bin/../lib/gcc/x86_64-w64-mingw32/6.2.0/../../../../x86_64-w64-mingw32/lib/../lib/libmsvcrt.a)dikfcs00202.o
(C:/Xilinx/Vitis_HLS/2023.1/tps/win64/msys64/mingw64/bin/../lib/gcc/x86_64-w64-mingw32/6.2.0/../../../../x86_64-w64-mingw32/lib/../lib/libmsvcrt.a)dikfcs00141.o
(C:/Xilinx/Vitis_HLS/2023.1/tps/win64/msys64/mingw64/bin/../lib/gcc/x86_64-w64-mingw32/6.2.0/../../../../x86_64-w64-mingw32/lib/../lib/libmsvcrt.a)dikfcs00123.o
(C:/Xilinx/Vitis_HLS/2023.1/tps/win64/msys64/mingw64/bin/../lib/gcc/x86_64-w64-mingw32/6.2.0/../../../../x86_64-w64-mingw32/lib/../lib/libmsvcrt.a)dikfcs00116.o
(C:/Xilinx/Vitis_HLS/2023.1/tps/win64/msys64/mingw64/bin/../lib/gcc/x86_64-w64-mingw32/6.2.0/../../../../x86_64-w64-mingw32/lib/../lib/libmsvcrt.a)dikfcs00099.o
(C:/Xilinx/Vitis_HLS/2023.1/tps/win64/msys64/mingw64/bin/../lib/gcc/x86_64-w64-mingw32/6.2.0/../../../../x86_64-w64-mingw32/lib/../lib/libmsvcrt.a)dikfcs00097.o
(C:/Xilinx/Vitis_HLS/2023.1/tps/win64/msys64/mingw64/bin/../lib/gcc/x86_64-w64-mingw32/6.2.0/../../../../x86_64-w64-mingw32/lib/../lib/libmsvcrt.a)dikfcs00092.o
(C:/Xilinx/Vitis_HLS/2023.1/tps/win64/msys64/mingw64/bin/../lib/gcc/x86_64-w64-mingw32/6.2.0/../../../../x86_64-w64-mingw32/lib/../lib/libmsvcrt.a)dikfcs00091.o
(C:/Xilinx/Vitis_HLS/2023.1/tps/win64/msys64/mingw64/bin/../lib/gcc/x86_64-w64-mingw32/6.2.0/../../../../x86_64-w64-mingw32/lib/../lib/libmsvcrt.a)dikfcs00083.o
(C:/Xilinx/Vitis_HLS/2023.1/tps/win64/msys64/mingw64/bin/../lib/gcc/x86_64-w64-mingw32/6.2.0/../../../../x86_64-w64-mingw32/lib/../lib/libmsvcrt.a)dikfcs00082.o
(C:/Xilinx/Vitis_HLS/2023.1/tps/win64/msys64/mingw64/bin/../lib/gcc/x86_64-w64-mingw32/6.2.0/../../../../x86_64-w64-mingw32/lib/../lib/libmsvcrt.a)dikfcs00081.o
(C:/Xilinx/Vitis_HLS/2023.1/tps/win64/msys64/mingw64/bin/../lib/gcc/x86_64-w64-mingw32/6.2.0/../../../../x86_64-w64-mingw32/lib/../lib/libmsvcrt.a)dikfcs00078.o
(C:/Xilinx/Vitis_HLS/2023.1/tps/win64/msys64/mingw64/bin/../lib/gcc/x86_64-w64-mingw32/6.2.0/../../../../x86_64-w64-mingw32/lib/../lib/libmsvcrt.a)dikfcs00063.o
(C:/Xilinx/Vitis_HLS/2023.1/tps/win64/msys64/mingw64/bin/../lib/gcc/x86_64-w64-mingw32/6.2.0/../../../../x86_64-w64-mingw32/lib/../lib/libmsvcrt.a)dikfcs00055.o
(C:/Xilinx/Vitis_HLS/2023.1/tps/win64/msys64/mingw64/bin/../lib/gcc/x86_64-w64-mingw32/6.2.0/../../../../x86_64-w64-mingw32/lib/../lib/libmsvcrt.a)lib64_libmsvcrt_a-invalid_parameter_handler.o
(C:/Xilinx/Vitis_HLS/2023.1/tps/win64/msys64/mingw64/bin/../lib/gcc/x86_64-w64-mingw32/6.2.0/../../../../x86_64-w64-mingw32/lib/../lib/libmsvcrt.a)lib64_libmsvcrt_a-output_format.o
(C:/Xilinx/Vitis_HLS/2023.1/tps/win64/msys64/mingw64/bin/../lib/gcc/x86_64-w64-mingw32/6.2.0/../../../../x86_64-w64-mingw32/lib/../lib/libmsvcrt.a)lib64_libmsvcrt_a-mingw_lock.o
(C:/Xilinx/Vitis_HLS/2023.1/tps/win64/msys64/mingw64/bin/../lib/gcc/x86_64-w64-mingw32/6.2.0/../../../../x86_64-w64-mingw32/lib/../lib/libmsvcrt.a)dikfch.o
(C:/Xilinx/Vitis_HLS/2023.1/tps/win64/msys64/mingw64/bin/../lib/gcc/x86_64-w64-mingw32/6.2.0/../../../../x86_64-w64-mingw32/lib/../lib/libmsvcrt.a)dikfct.o
(C:/Xilinx/Vitis_HLS/2023.1/tps/win64/msys64/mingw64/bin/../lib/gcc/x86_64-w64-mingw32/6.2.0/../../../../x86_64-w64-mingw32/lib/../lib/libpthread.dll.a)d000077.o
(C:/Xilinx/Vitis_HLS/2023.1/tps/win64/msys64/mingw64/bin/../lib/gcc/x86_64-w64-mingw32/6.2.0/../../../../x86_64-w64-mingw32/lib/../lib/libpthread.dll.a)d000074.o
(C:/Xilinx/Vitis_HLS/2023.1/tps/win64/msys64/mingw64/bin/../lib/gcc/x86_64-w64-mingw32/6.2.0/../../../../x86_64-w64-mingw32/lib/../lib/libpthread.dll.a)d000073.o
(C:/Xilinx/Vitis_HLS/2023.1/tps/win64/msys64/mingw64/bin/../lib/gcc/x86_64-w64-mingw32/6.2.0/../../../../x86_64-w64-mingw32/lib/../lib/libpthread.dll.a)d000072.o
(C:/Xilinx/Vitis_HLS/2023.1/tps/win64/msys64/mingw64/bin/../lib/gcc/x86_64-w64-mingw32/6.2.0/../../../../x86_64-w64-mingw32/lib/../lib/libpthread.dll.a)d000016.o
(C:/Xilinx/Vitis_HLS/2023.1/tps/win64/msys64/mingw64/bin/../lib/gcc/x86_64-w64-mingw32/6.2.0/../../../../x86_64-w64-mingw32/lib/../lib/libpthread.dll.a)d000000.o
(C:/Xilinx/Vitis_HLS/2023.1/tps/win64/msys64/mingw64/bin/../lib/gcc/x86_64-w64-mingw32/6.2.0/../../../../x86_64-w64-mingw32/lib/../lib/libpthread.dll.a)d000136.o
(C:/Xilinx/Vitis_HLS/2023.1/tps/win64/msys64/mingw64/bin/../lib/gcc/x86_64-w64-mingw32/6.2.0/../../../../x86_64-w64-mingw32/lib/../lib/libuser32.a)dchlbs00496.o
(C:/Xilinx/Vitis_HLS/2023.1/tps/win64/msys64/mingw64/bin/../lib/gcc/x86_64-w64-mingw32/6.2.0/../../../../x86_64-w64-mingw32/lib/../lib/libuser32.a)dchlbh.o
(C:/Xilinx/Vitis_HLS/2023.1/tps/win64/msys64/mingw64/bin/../lib/gcc/x86_64-w64-mingw32/6.2.0/../../../../x86_64-w64-mingw32/lib/../lib/libuser32.a)dchlbt.o
(C:/Xilinx/Vitis_HLS/2023.1/tps/win64/msys64/mingw64/bin/../lib/gcc/x86_64-w64-mingw32/6.2.0/../../../../x86_64-w64-mingw32/lib/../lib/libkernel32.a)dmgfcs01301.o
(C:/Xilinx/Vitis_HLS/2023.1/tps/win64/msys64/mingw64/bin/../lib/gcc/x86_64-w64-mingw32/6.2.0/../../../../x86_64-w64-mingw32/lib/../lib/libkernel32.a)dmgfcs01269.o
(C:/Xilinx/Vitis_HLS/2023.1/tps/win64/msys64/mingw64/bin/../lib/gcc/x86_64-w64-mingw32/6.2.0/../../../../x86_64-w64-mingw32/lib/../lib/libkernel32.a)dmgfcs01267.o
(C:/Xilinx/Vitis_HLS/2023.1/tps/win64/msys64/mingw64/bin/../lib/gcc/x86_64-w64-mingw32/6.2.0/../../../../x86_64-w64-mingw32/lib/../lib/libkernel32.a)dmgfcs01236.o
(C:/Xilinx/Vitis_HLS/2023.1/tps/win64/msys64/mingw64/bin/../lib/gcc/x86_64-w64-mingw32/6.2.0/../../../../x86_64-w64-mingw32/lib/../lib/libkernel32.a)dmgfcs01223.o
(C:/Xilinx/Vitis_HLS/2023.1/tps/win64/msys64/mingw64/bin/../lib/gcc/x86_64-w64-mingw32/6.2.0/../../../../x86_64-w64-mingw32/lib/../lib/libkernel32.a)dmgfcs01216.o
(C:/Xilinx/Vitis_HLS/2023.1/tps/win64/msys64/mingw64/bin/../lib/gcc/x86_64-w64-mingw32/6.2.0/../../../../x86_64-w64-mingw32/lib/../lib/libkernel32.a)dmgfcs01202.o
(C:/Xilinx/Vitis_HLS/2023.1/tps/win64/msys64/mingw64/bin/../lib/gcc/x86_64-w64-mingw32/6.2.0/../../../../x86_64-w64-mingw32/lib/../lib/libkernel32.a)dmgfcs01189.o
(C:/Xilinx/Vitis_HLS/2023.1/tps/win64/msys64/mingw64/bin/../lib/gcc/x86_64-w64-mingw32/6.2.0/../../../../x86_64-w64-mingw32/lib/../lib/libkernel32.a)dmgfcs01046.o
(C:/Xilinx/Vitis_HLS/2023.1/tps/win64/msys64/mingw64/bin/../lib/gcc/x86_64-w64-mingw32/6.2.0/../../../../x86_64-w64-mingw32/lib/../lib/libkernel32.a)dmgfcs01039.o
(C:/Xilinx/Vitis_HLS/2023.1/tps/win64/msys64/mingw64/bin/../lib/gcc/x86_64-w64-mingw32/6.2.0/../../../../x86_64-w64-mingw32/lib/../lib/libkernel32.a)dmgfcs01032.o
(C:/Xilinx/Vitis_HLS/2023.1/tps/win64/msys64/mingw64/bin/../lib/gcc/x86_64-w64-mingw32/6.2.0/../../../../x86_64-w64-mingw32/lib/../lib/libkernel32.a)dmgfcs01031.o
(C:/Xilinx/Vitis_HLS/2023.1/tps/win64/msys64/mingw64/bin/../lib/gcc/x86_64-w64-mingw32/6.2.0/../../../../x86_64-w64-mingw32/lib/../lib/libkernel32.a)dmgfcs00960.o
(C:/Xilinx/Vitis_HLS/2023.1/tps/win64/msys64/mingw64/bin/../lib/gcc/x86_64-w64-mingw32/6.2.0/../../../../x86_64-w64-mingw32/lib/../lib/libkernel32.a)dmgfcs00893.o
(C:/Xilinx/Vitis_HLS/2023.1/tps/win64/msys64/mingw64/bin/../lib/gcc/x86_64-w64-mingw32/6.2.0/../../../../x86_64-w64-mingw32/lib/../lib/libkernel32.a)dmgfcs00845.o
(C:/Xilinx/Vitis_HLS/2023.1/tps/win64/msys64/mingw64/bin/../lib/gcc/x86_64-w64-mingw32/6.2.0/../../../../x86_64-w64-mingw32/lib/../lib/libkernel32.a)dmgfcs00786.o
(C:/Xilinx/Vitis_HLS/2023.1/tps/win64/msys64/mingw64/bin/../lib/gcc/x86_64-w64-mingw32/6.2.0/../../../../x86_64-w64-mingw32/lib/../lib/libkernel32.a)dmgfcs00763.o
(C:/Xilinx/Vitis_HLS/2023.1/tps/win64/msys64/mingw64/bin/../lib/gcc/x86_64-w64-mingw32/6.2.0/../../../../x86_64-w64-mingw32/lib/../lib/libkernel32.a)dmgfcs00679.o
(C:/Xilinx/Vitis_HLS/2023.1/tps/win64/msys64/mingw64/bin/../lib/gcc/x86_64-w64-mingw32/6.2.0/../../../../x86_64-w64-mingw32/lib/../lib/libkernel32.a)dmgfcs00652.o
(C:/Xilinx/Vitis_HLS/2023.1/tps/win64/msys64/mingw64/bin/../lib/gcc/x86_64-w64-mingw32/6.2.0/../../../../x86_64-w64-mingw32/lib/../lib/libkernel32.a)dmgfcs00629.o
(C:/Xilinx/Vitis_HLS/2023.1/tps/win64/msys64/mingw64/bin/../lib/gcc/x86_64-w64-mingw32/6.2.0/../../../../x86_64-w64-mingw32/lib/../lib/libkernel32.a)dmgfcs00600.o
(C:/Xilinx/Vitis_HLS/2023.1/tps/win64/msys64/mingw64/bin/../lib/gcc/x86_64-w64-mingw32/6.2.0/../../../../x86_64-w64-mingw32/lib/../lib/libkernel32.a)dmgfcs00553.o
(C:/Xilinx/Vitis_HLS/2023.1/tps/win64/msys64/mingw64/bin/../lib/gcc/x86_64-w64-mingw32/6.2.0/../../../../x86_64-w64-mingw32/lib/../lib/libkernel32.a)dmgfcs00550.o
(C:/Xilinx/Vitis_HLS/2023.1/tps/win64/msys64/mingw64/bin/../lib/gcc/x86_64-w64-mingw32/6.2.0/../../../../x86_64-w64-mingw32/lib/../lib/libkernel32.a)dmgfcs00549.o
(C:/Xilinx/Vitis_HLS/2023.1/tps/win64/msys64/mingw64/bin/../lib/gcc/x86_64-w64-mingw32/6.2.0/../../../../x86_64-w64-mingw32/lib/../lib/libkernel32.a)dmgfcs00530.o
(C:/Xilinx/Vitis_HLS/2023.1/tps/win64/msys64/mingw64/bin/../lib/gcc/x86_64-w64-mingw32/6.2.0/../../../../x86_64-w64-mingw32/lib/../lib/libkernel32.a)dmgfcs00468.o
(C:/Xilinx/Vitis_HLS/2023.1/tps/win64/msys64/mingw64/bin/../lib/gcc/x86_64-w64-mingw32/6.2.0/../../../../x86_64-w64-mingw32/lib/../lib/libkernel32.a)dmgfcs00464.o
(C:/Xilinx/Vitis_HLS/2023.1/tps/win64/msys64/mingw64/bin/../lib/gcc/x86_64-w64-mingw32/6.2.0/../../../../x86_64-w64-mingw32/lib/../lib/libkernel32.a)dmgfcs00463.o
(C:/Xilinx/Vitis_HLS/2023.1/tps/win64/msys64/mingw64/bin/../lib/gcc/x86_64-w64-mingw32/6.2.0/../../../../x86_64-w64-mingw32/lib/../lib/libkernel32.a)dmgfcs00250.o
(C:/Xilinx/Vitis_HLS/2023.1/tps/win64/msys64/mingw64/bin/../lib/gcc/x86_64-w64-mingw32/6.2.0/../../../../x86_64-w64-mingw32/lib/../lib/libkernel32.a)dmgfcs00217.o
(C:/Xilinx/Vitis_HLS/2023.1/tps/win64/msys64/mingw64/bin/../lib/gcc/x86_64-w64-mingw32/6.2.0/../../../../x86_64-w64-mingw32/lib/../lib/libkernel32.a)dmgfch.o
(C:/Xilinx/Vitis_HLS/2023.1/tps/win64/msys64/mingw64/bin/../lib/gcc/x86_64-w64-mingw32/6.2.0/../../../../x86_64-w64-mingw32/lib/../lib/libkernel32.a)dmgfct.o
C:/Xilinx/Vitis_HLS/2023.1/tps/win64/msys64/mingw64/bin/../lib/gcc/x86_64-w64-mingw32/6.2.0/../../../../x86_64-w64-mingw32/lib/../lib/default-manifest.o
C:/Xilinx/Vitis_HLS/2023.1/tps/win64/msys64/mingw64/bin/../lib/gcc/x86_64-w64-mingw32/6.2.0/crtend.o
open left image success
open right image success
3
tb finished
INFO [HLS SIM]: The maximum depth reached by any hls::stream() instance in the design is 480000
INFO: [SIM 1] CSim done with 0 errors.
INFO: [SIM 3] *************** CSIM finish ***************
