
*** Running vivado
    with args -log design_1_v_vid_in_axi4s_0_1.vds -m64 -product Vivado -mode batch -messageDb vivado.pb -notrace -source design_1_v_vid_in_axi4s_0_1.tcl



****** Vivado v2023.1 (64-bit)
  **** SW Build 3865809 on Sun May  7 15:05:29 MDT 2023
  **** IP Build 3864474 on Sun May  7 20:36:21 MDT 2023
  **** SharedData Build 3865790 on Sun May 07 13:33:03 MDT 2023
    ** Copyright 1986-2022 Xilinx, Inc. All Rights Reserved.
    ** Copyright 2022-2023 Advanced Micro Devices, Inc. All Rights Reserved.

source design_1_v_vid_in_axi4s_0_1.tcl -notrace
create_project: Time (s): cpu = 00:00:06 ; elapsed = 00:00:07 . Memory (MB): peak = 1390.160 ; gain = 160.059
INFO: [IP_Flow 19-234] Refreshing IP repositories
INFO: [IP_Flow 19-1700] Loaded user IP repository 'c:/Users/Santiago/OneDrive/Escritorio/ov5640_spipeline_800x600/ip_repo'.
INFO: [IP_Flow 19-2313] Loaded Vivado IP repository 'C:/Xilinx/Vivado/2023.1/data/ip'.
WARNING: [IP_Flow 19-4995] The host OS only allows 260 characters in a normal path. The IP cache path is more than 80 characters. If you experience issues with IP caching, please consider changing the IP cache to a location with a shorter path. Alternately consider using the OS subst command to map part of the path to a drive letter. 
Current IP cache path is c:/Users/Santiago/OneDrive/Escritorio/ov5640_sv_ed_800x600_v1/ov5640_sv_ed.cache/ip 
INFO: [IP_Flow 19-6924] IPCACHE: Running cache check for IP inst: design_1_v_vid_in_axi4s_0_1
INFO: [IP_Flow 19-6922] IPCACHE: Exporting cached entry 9fe30b2dcf2af355 to dir: C:/Users/Santiago/OneDrive/Escritorio/ov5640_sv_ed_800x600_v1/ov5640_sv_ed.runs/design_1_v_vid_in_axi4s_0_1_synth_1
INFO: [IP_Flow 19-6928] IPCACHE: copied cached file c:/Users/Santiago/OneDrive/Escritorio/ov5640_sv_ed_800x600_v1/ov5640_sv_ed.cache/ip/2023.1/9/f/9fe30b2dcf2af355/design_1_v_vid_in_axi4s_0_0.dcp to C:/Users/Santiago/OneDrive/Escritorio/ov5640_sv_ed_800x600_v1/ov5640_sv_ed.runs/design_1_v_vid_in_axi4s_0_1_synth_1/design_1_v_vid_in_axi4s_0_1.dcp.
INFO: [IP_Flow 19-6928] IPCACHE: copied cached file c:/Users/Santiago/OneDrive/Escritorio/ov5640_sv_ed_800x600_v1/ov5640_sv_ed.cache/ip/2023.1/9/f/9fe30b2dcf2af355/design_1_v_vid_in_axi4s_0_0_sim_netlist.v to C:/Users/Santiago/OneDrive/Escritorio/ov5640_sv_ed_800x600_v1/ov5640_sv_ed.runs/design_1_v_vid_in_axi4s_0_1_synth_1/design_1_v_vid_in_axi4s_0_1_sim_netlist.v.
INFO: [IP_Flow 19-6928] IPCACHE: copied cached file c:/Users/Santiago/OneDrive/Escritorio/ov5640_sv_ed_800x600_v1/ov5640_sv_ed.cache/ip/2023.1/9/f/9fe30b2dcf2af355/design_1_v_vid_in_axi4s_0_0_sim_netlist.vhdl to C:/Users/Santiago/OneDrive/Escritorio/ov5640_sv_ed_800x600_v1/ov5640_sv_ed.runs/design_1_v_vid_in_axi4s_0_1_synth_1/design_1_v_vid_in_axi4s_0_1_sim_netlist.vhdl.
INFO: [IP_Flow 19-6928] IPCACHE: copied cached file c:/Users/Santiago/OneDrive/Escritorio/ov5640_sv_ed_800x600_v1/ov5640_sv_ed.cache/ip/2023.1/9/f/9fe30b2dcf2af355/design_1_v_vid_in_axi4s_0_0_stub.v to C:/Users/Santiago/OneDrive/Escritorio/ov5640_sv_ed_800x600_v1/ov5640_sv_ed.runs/design_1_v_vid_in_axi4s_0_1_synth_1/design_1_v_vid_in_axi4s_0_1_stub.v.
INFO: [IP_Flow 19-6928] IPCACHE: copied cached file c:/Users/Santiago/OneDrive/Escritorio/ov5640_sv_ed_800x600_v1/ov5640_sv_ed.cache/ip/2023.1/9/f/9fe30b2dcf2af355/design_1_v_vid_in_axi4s_0_0_stub.vhdl to C:/Users/Santiago/OneDrive/Escritorio/ov5640_sv_ed_800x600_v1/ov5640_sv_ed.runs/design_1_v_vid_in_axi4s_0_1_synth_1/design_1_v_vid_in_axi4s_0_1_stub.vhdl.
INFO: [IP_Flow 19-4838] Using cached IP synthesis design for IP design_1_v_vid_in_axi4s_0_1, cache-ID = 9fe30b2dcf2af355.
INFO: [Common 17-206] Exiting Vivado at Tue Jun 24 20:44:46 2025...
