

================================================================
== Vitis HLS Report for 'Block_for_end7237_proc'
================================================================
* Date:           Tue Jun 24 19:15:41 2025

* Version:        2023.1 (Build 3854077 on May  4 2023)
* Project:        stereolbm_axis_cambm.prj
* Solution:       sol1 (Vivado IP Flow Target)
* Product family: zynq
* Target device:  xc7z020-clg400-1


================================================================
== Performance Estimates
================================================================
+ Timing: 
    * Summary: 
    +--------+----------+----------+------------+
    |  Clock |  Target  | Estimated| Uncertainty|
    +--------+----------+----------+------------+
    |ap_clk  |  10.00 ns|      0 ns|     2.70 ns|
    +--------+----------+----------+------------+

+ Latency: 
    * Summary: 
    +---------+---------+----------+----------+-----+-----+---------+
    |  Latency (cycles) |  Latency (absolute) |  Interval | Pipeline|
    |   min   |   max   |    min   |    max   | min | max |   Type  |
    +---------+---------+----------+----------+-----+-----+---------+
    |        0|        0|      0 ns|      0 ns|    0|    0|       no|
    +---------+---------+----------+----------+-----+-----+---------+

    + Detail: 
        * Instance: 
        N/A

        * Loop: 
        N/A



================================================================
== Utilization Estimates
================================================================
* Summary: 
+-----------------+---------+-----+--------+-------+-----+
|       Name      | BRAM_18K| DSP |   FF   |  LUT  | URAM|
+-----------------+---------+-----+--------+-------+-----+
|DSP              |        -|    -|       -|      -|    -|
|Expression       |        -|    -|       0|      2|    -|
|FIFO             |        -|    -|       -|      -|    -|
|Instance         |        -|    -|       -|      -|    -|
|Memory           |        -|    -|       -|      -|    -|
|Multiplexer      |        -|    -|       -|     27|    -|
|Register         |        -|    -|      66|      -|    -|
+-----------------+---------+-----+--------+-------+-----+
|Total            |        0|    0|      66|     29|    0|
+-----------------+---------+-----+--------+-------+-----+
|Available        |      280|  220|  106400|  53200|    0|
+-----------------+---------+-----+--------+-------+-----+
|Utilization (%)  |        0|    0|      ~0|     ~0|    0|
+-----------------+---------+-----+--------+-------+-----+

+ Detail: 
    * Instance: 
    N/A

    * DSP: 
    N/A

    * Memory: 
    N/A

    * FIFO: 
    N/A

    * Expression: 
    +-----------------+----------+----+---+----+------------+------------+
    |  Variable Name  | Operation| DSP| FF| LUT| Bitwidth P0| Bitwidth P1|
    +-----------------+----------+----+---+----+------------+------------+
    |ap_block_state1  |        or|   0|  0|   2|           1|           1|
    +-----------------+----------+----+---+----+------------+------------+
    |Total            |          |   0|  0|   2|           1|           1|
    +-----------------+----------+----+---+----+------------+------------+

    * Multiplexer: 
    +-------------+----+-----------+-----+-----------+
    |     Name    | LUT| Input Size| Bits| Total Bits|
    +-------------+----+-----------+-----+-----------+
    |ap_done      |   9|          2|    1|          2|
    |ap_return_0  |   9|          2|   32|         64|
    |ap_return_1  |   9|          2|   32|         64|
    +-------------+----+-----------+-----+-----------+
    |Total        |  27|          6|   65|        130|
    +-------------+----+-----------+-----+-----------+

    * Register: 
    +------------------+----+----+-----+-----------+
    |       Name       | FF | LUT| Bits| Const Bits|
    +------------------+----+----+-----+-----------+
    |ap_CS_fsm         |   1|   0|    1|          0|
    |ap_done_reg       |   1|   0|    1|          0|
    |ap_return_0_preg  |  32|   0|   32|          0|
    |ap_return_1_preg  |  32|   0|   32|          0|
    +------------------+----+----+-----+-----------+
    |Total             |  66|   0|   66|          0|
    +------------------+----+----+-----+-----------+



================================================================
== Interface
================================================================
* Summary: 
+-------------+-----+-----+------------+------------------------+--------------+
|  RTL Ports  | Dir | Bits|  Protocol  |      Source Object     |    C Type    |
+-------------+-----+-----+------------+------------------------+--------------+
|ap_clk       |   in|    1|  ap_ctrl_hs|  Block_for.end7237_proc|  return value|
|ap_rst       |   in|    1|  ap_ctrl_hs|  Block_for.end7237_proc|  return value|
|ap_start     |   in|    1|  ap_ctrl_hs|  Block_for.end7237_proc|  return value|
|ap_done      |  out|    1|  ap_ctrl_hs|  Block_for.end7237_proc|  return value|
|ap_continue  |   in|    1|  ap_ctrl_hs|  Block_for.end7237_proc|  return value|
|ap_idle      |  out|    1|  ap_ctrl_hs|  Block_for.end7237_proc|  return value|
|ap_ready     |  out|    1|  ap_ctrl_hs|  Block_for.end7237_proc|  return value|
|ap_return_0  |  out|   32|  ap_ctrl_hs|  Block_for.end7237_proc|  return value|
|ap_return_1  |  out|   32|  ap_ctrl_hs|  Block_for.end7237_proc|  return value|
|rows         |   in|   32|     ap_none|                    rows|        scalar|
|cols         |   in|   32|     ap_none|                    cols|        scalar|
+-------------+-----+-----+------------+------------------------+--------------+

