

================================================================
== Vitis HLS Report for 'xfdilate_600_800_1_0_1_2_2_0_801_3_3_Pipeline_Col_Loop'
================================================================
* Date:           Tue Jun 24 19:15:43 2025

* Version:        2023.1 (Build 3854077 on May  4 2023)
* Project:        stereolbm_axis_cambm.prj
* Solution:       sol1 (Vivado IP Flow Target)
* Product family: zynq
* Target device:  xc7z020-clg400-1


================================================================
== Performance Estimates
================================================================
+ Timing: 
    * Summary: 
    +--------+----------+----------+------------+
    |  Clock |  Target  | Estimated| Uncertainty|
    +--------+----------+----------+------------+
    |ap_clk  |  10.00 ns|  6.888 ns|     2.70 ns|
    +--------+----------+----------+------------+

+ Latency: 
    * Summary: 
    +---------+---------+----------+----------+-----+-----+---------+
    |  Latency (cycles) |  Latency (absolute) |  Interval | Pipeline|
    |   min   |   max   |    min   |    max   | min | max |   Type  |
    +---------+---------+----------+----------+-----+-----+---------+
    |       10|      810|  0.100 us|  8.100 us|   10|  810|       no|
    +---------+---------+----------+----------+-----+-----+---------+

    + Detail: 
        * Instance: 
        +--------------------------------------------------------------+-------------------------+---------+---------+----------+----------+-----+-----+---------+
        |                                                              |                         |  Latency (cycles) |  Latency (absolute) |  Interval | Pipeline|
        |                           Instance                           |          Module         |   min   |   max   |    min   |    max   | min | max |   Type  |
        +--------------------------------------------------------------+-------------------------+---------+---------+----------+----------+-----+-----+---------+
        |src_buf_temp_copy_extract_0_xfExtractPixels_1_1_0_s_fu_289    |xfExtractPixels_1_1_0_s  |        0|        0|      0 ns|      0 ns|    1|    1|      yes|
        |src_buf_temp_copy_extract_0_7_xfExtractPixels_1_1_0_s_fu_295  |xfExtractPixels_1_1_0_s  |        0|        0|      0 ns|      0 ns|    1|    1|      yes|
        |src_buf_temp_copy_extract_0_8_xfExtractPixels_1_1_0_s_fu_301  |xfExtractPixels_1_1_0_s  |        0|        0|      0 ns|      0 ns|    1|    1|      yes|
        +--------------------------------------------------------------+-------------------------+---------+---------+----------+----------+-----+-----+---------+

        * Loop: 
        +------------+---------+---------+----------+-----------+-----------+---------+----------+
        |            |  Latency (cycles) | Iteration|  Initiation Interval  |   Trip  |          |
        |  Loop Name |   min   |   max   |  Latency |  achieved |   target  |  Count  | Pipelined|
        +------------+---------+---------+----------+-----------+-----------+---------+----------+
        |- Col_Loop  |        8|      808|         9|          1|          1|  1 ~ 801|       yes|
        +------------+---------+---------+----------+-----------+-----------+---------+----------+



================================================================
== Utilization Estimates
================================================================
* Summary: 
+-----------------+---------+-----+--------+-------+-----+
|       Name      | BRAM_18K| DSP |   FF   |  LUT  | URAM|
+-----------------+---------+-----+--------+-------+-----+
|DSP              |        -|    -|       -|      -|    -|
|Expression       |        -|    -|       0|    276|    -|
|FIFO             |        -|    -|       -|      -|    -|
|Instance         |        -|    -|       0|     42|    -|
|Memory           |        -|    -|       -|      -|    -|
|Multiplexer      |        -|    -|       -|    246|    -|
|Register         |        -|    -|     475|     96|    -|
+-----------------+---------+-----+--------+-------+-----+
|Total            |        0|    0|     475|    660|    0|
+-----------------+---------+-----+--------+-------+-----+
|Available        |      280|  220|  106400|  53200|    0|
+-----------------+---------+-----+--------+-------+-----+
|Utilization (%)  |        0|    0|      ~0|      1|    0|
+-----------------+---------+-----+--------+-------+-----+

+ Detail: 
    * Instance: 
    +--------------------------------------------------------------+-------------------------+---------+----+---+----+-----+
    |                           Instance                           |          Module         | BRAM_18K| DSP| FF| LUT| URAM|
    +--------------------------------------------------------------+-------------------------+---------+----+---+----+-----+
    |mux_3_2_8_1_1_U621                                            |mux_3_2_8_1_1            |        0|   0|  0|  14|    0|
    |mux_3_2_8_1_1_U622                                            |mux_3_2_8_1_1            |        0|   0|  0|  14|    0|
    |mux_3_2_8_1_1_U623                                            |mux_3_2_8_1_1            |        0|   0|  0|  14|    0|
    |src_buf_temp_copy_extract_0_xfExtractPixels_1_1_0_s_fu_289    |xfExtractPixels_1_1_0_s  |        0|   0|  0|   0|    0|
    |src_buf_temp_copy_extract_0_7_xfExtractPixels_1_1_0_s_fu_295  |xfExtractPixels_1_1_0_s  |        0|   0|  0|   0|    0|
    |src_buf_temp_copy_extract_0_8_xfExtractPixels_1_1_0_s_fu_301  |xfExtractPixels_1_1_0_s  |        0|   0|  0|   0|    0|
    +--------------------------------------------------------------+-------------------------+---------+----+---+----+-----+
    |Total                                                         |                         |        0|   0|  0|  42|    0|
    +--------------------------------------------------------------+-------------------------+---------+----+---+----+-----+

    * DSP: 
    N/A

    * Memory: 
    N/A

    * FIFO: 
    N/A

    * Expression: 
    +----------------------------------+----------+----+---+----+------------+------------+
    |           Variable Name          | Operation| DSP| FF| LUT| Bitwidth P0| Bitwidth P1|
    +----------------------------------+----------+----+---+----+------------+------------+
    |col_4_fu_355_p2                   |         +|   0|  0|  14|          13|           1|
    |ap_block_state2_pp0_stage0_iter1  |       and|   0|  0|   2|           1|           1|
    |ap_block_state9_pp0_stage0_iter8  |       and|   0|  0|   2|           1|           1|
    |ap_condition_307                  |       and|   0|  0|   2|           1|           1|
    |ap_condition_594                  |       and|   0|  0|   2|           1|           1|
    |ap_condition_598                  |       and|   0|  0|   2|           1|           1|
    |ap_condition_601                  |       and|   0|  0|   2|           1|           1|
    |ap_predicate_op62_read_state2     |       and|   0|  0|   2|           1|           1|
    |icmp_ln122_fu_349_p2              |      icmp|   0|  0|  23|          16|          16|
    |icmp_ln131_fu_361_p2              |      icmp|   0|  0|  23|          16|          16|
    |icmp_ln212_fu_381_p2              |      icmp|   0|  0|  14|          13|           1|
    |icmp_ln56_10_fu_481_p2            |      icmp|   0|  0|  15|           8|           8|
    |icmp_ln56_11_fu_511_p2            |      icmp|   0|  0|  15|           8|           8|
    |icmp_ln56_12_fu_521_p2            |      icmp|   0|  0|  15|           8|           8|
    |icmp_ln56_13_fu_545_p2            |      icmp|   0|  0|  15|           8|           8|
    |icmp_ln56_14_fu_555_p2            |      icmp|   0|  0|  15|           8|           8|
    |icmp_ln56_8_fu_439_p2             |      icmp|   0|  0|  15|           8|           8|
    |icmp_ln56_9_fu_469_p2             |      icmp|   0|  0|  15|           8|           8|
    |icmp_ln56_fu_425_p2               |      icmp|   0|  0|  15|           8|           8|
    |ap_block_pp0_stage0_01001         |        or|   0|  0|   2|           1|           1|
    |max_28_fu_431_p3                  |    select|   0|  0|   8|           1|           8|
    |max_29_fu_445_p3                  |    select|   0|  0|   8|           1|           8|
    |max_30_fu_474_p3                  |    select|   0|  0|   8|           1|           8|
    |max_31_fu_487_p3                  |    select|   0|  0|   8|           1|           8|
    |max_33_fu_515_p3                  |    select|   0|  0|   8|           1|           8|
    |max_34_fu_527_p3                  |    select|   0|  0|   8|           1|           8|
    |max_36_fu_549_p3                  |    select|   0|  0|   8|           1|           8|
    |max_38_fu_560_p3                  |    select|   0|  0|   8|           1|           8|
    |ap_enable_pp0                     |       xor|   0|  0|   2|           1|           2|
    +----------------------------------+----------+----+---+----+------------+------------+
    |Total                             |          |   0|  0| 276|         139|         172|
    +----------------------------------+----------+----+---+----+------------+------------+

    * Multiplexer: 
    +-----------------------------------------+----+-----------+-----+-----------+
    |                   Name                  | LUT| Input Size| Bits| Total Bits|
    +-----------------------------------------+----+-----------+-----+-----------+
    |ap_done_int                              |   9|          2|    1|          2|
    |ap_enable_reg_pp0_iter7                  |   9|          2|    1|          2|
    |ap_phi_reg_pp0_iter1_buf_cop_10_reg_278  |   9|          2|    8|         16|
    |ap_phi_reg_pp0_iter1_buf_cop_8_reg_256   |   9|          2|    8|         16|
    |ap_phi_reg_pp0_iter1_buf_cop_9_reg_267   |   9|          2|    8|         16|
    |ap_phi_reg_pp0_iter4_buf_cop_10_reg_278  |   9|          2|    8|         16|
    |ap_phi_reg_pp0_iter4_buf_cop_8_reg_256   |   9|          2|    8|         16|
    |ap_phi_reg_pp0_iter4_buf_cop_9_reg_267   |   9|          2|    8|         16|
    |ap_sig_allocacmp_col_3                   |   9|          2|   13|         26|
    |buf_1_address1                           |  14|          3|   10|         30|
    |buf_1_d1                                 |  14|          3|    8|         24|
    |buf_2_address1                           |  14|          3|   10|         30|
    |buf_2_d1                                 |  14|          3|    8|         24|
    |buf_r_address1                           |  14|          3|   10|         30|
    |buf_r_d1                                 |  14|          3|    8|         24|
    |col_fu_80                                |   9|          2|   13|         26|
    |img_disp8u_dilate_data_blk_n             |   9|          2|    1|          2|
    |img_disp8u_erode_data_blk_n              |   9|          2|    1|          2|
    |max_23_fu_88                             |   9|          2|    8|         16|
    |max_25_fu_96                             |   9|          2|    8|         16|
    |max_26_fu_104                            |   9|          2|    8|         16|
    |max_fu_84                                |   9|          2|    8|         16|
    |src_buf_temp_med_apply_10_fu_100         |   9|          2|    8|         16|
    |src_buf_temp_med_apply_fu_92             |   9|          2|    8|         16|
    +-----------------------------------------+----+-----------+-----+-----------+
    |Total                                    | 246|         54|  180|        414|
    +-----------------------------------------+----+-----------+-----+-----------+

    * Register: 
    +-----------------------------------------+----+----+-----+-----------+
    |                   Name                  | FF | LUT| Bits| Const Bits|
    +-----------------------------------------+----+----+-----+-----------+
    |ap_CS_fsm                                |   1|   0|    1|          0|
    |ap_done_reg                              |   1|   0|    1|          0|
    |ap_enable_reg_pp0_iter1                  |   1|   0|    1|          0|
    |ap_enable_reg_pp0_iter2                  |   1|   0|    1|          0|
    |ap_enable_reg_pp0_iter3                  |   1|   0|    1|          0|
    |ap_enable_reg_pp0_iter4                  |   1|   0|    1|          0|
    |ap_enable_reg_pp0_iter5                  |   1|   0|    1|          0|
    |ap_enable_reg_pp0_iter6                  |   1|   0|    1|          0|
    |ap_enable_reg_pp0_iter7                  |   1|   0|    1|          0|
    |ap_enable_reg_pp0_iter8                  |   1|   0|    1|          0|
    |ap_loop_exit_ready_pp0_iter1_reg         |   1|   0|    1|          0|
    |ap_loop_exit_ready_pp0_iter2_reg         |   1|   0|    1|          0|
    |ap_loop_exit_ready_pp0_iter3_reg         |   1|   0|    1|          0|
    |ap_loop_exit_ready_pp0_iter4_reg         |   1|   0|    1|          0|
    |ap_loop_exit_ready_pp0_iter5_reg         |   1|   0|    1|          0|
    |ap_loop_exit_ready_pp0_iter6_reg         |   1|   0|    1|          0|
    |ap_loop_exit_ready_pp0_iter7_reg         |   1|   0|    1|          0|
    |ap_phi_reg_pp0_iter1_buf_cop_10_reg_278  |   8|   0|    8|          0|
    |ap_phi_reg_pp0_iter1_buf_cop_8_reg_256   |   8|   0|    8|          0|
    |ap_phi_reg_pp0_iter1_buf_cop_9_reg_267   |   8|   0|    8|          0|
    |ap_phi_reg_pp0_iter2_buf_cop_10_reg_278  |   8|   0|    8|          0|
    |ap_phi_reg_pp0_iter2_buf_cop_8_reg_256   |   8|   0|    8|          0|
    |ap_phi_reg_pp0_iter2_buf_cop_9_reg_267   |   8|   0|    8|          0|
    |ap_phi_reg_pp0_iter3_buf_cop_10_reg_278  |   8|   0|    8|          0|
    |ap_phi_reg_pp0_iter3_buf_cop_8_reg_256   |   8|   0|    8|          0|
    |ap_phi_reg_pp0_iter3_buf_cop_9_reg_267   |   8|   0|    8|          0|
    |ap_phi_reg_pp0_iter4_buf_cop_10_reg_278  |   8|   0|    8|          0|
    |ap_phi_reg_pp0_iter4_buf_cop_8_reg_256   |   8|   0|    8|          0|
    |ap_phi_reg_pp0_iter4_buf_cop_9_reg_267   |   8|   0|    8|          0|
    |ap_phi_reg_pp0_iter5_buf_cop_10_reg_278  |   8|   0|    8|          0|
    |ap_phi_reg_pp0_iter5_buf_cop_9_reg_267   |   8|   0|    8|          0|
    |ap_phi_reg_pp0_iter6_buf_cop_10_reg_278  |   8|   0|    8|          0|
    |col_3_reg_635                            |  13|   0|   13|          0|
    |col_fu_80                                |  13|   0|   13|          0|
    |conv_i97_i_reg_649                       |  13|   0|   64|         51|
    |icmp_ln122_reg_641                       |   1|   0|    1|          0|
    |icmp_ln131_reg_645                       |   1|   0|    1|          0|
    |icmp_ln212_reg_656                       |   1|   0|    1|          0|
    |max_23_fu_88                             |   8|   0|    8|          0|
    |max_25_fu_96                             |   8|   0|    8|          0|
    |max_26_fu_104                            |   8|   0|    8|          0|
    |max_29_reg_690                           |   8|   0|    8|          0|
    |max_31_reg_702                           |   8|   0|    8|          0|
    |max_34_reg_720                           |   8|   0|    8|          0|
    |max_38_reg_726                           |   8|   0|    8|          0|
    |max_fu_84                                |   8|   0|    8|          0|
    |src_buf_temp_copy_extract_0_7_reg_696    |   8|   0|    8|          0|
    |src_buf_temp_copy_extract_0_8_reg_714    |   8|   0|    8|          0|
    |src_buf_temp_med_apply_10_fu_100         |   8|   0|    8|          0|
    |src_buf_temp_med_apply_18_reg_708        |   8|   0|    8|          0|
    |src_buf_temp_med_apply_fu_92             |   8|   0|    8|          0|
    |icmp_ln122_reg_641                       |  64|  32|    1|          0|
    |icmp_ln131_reg_645                       |  64|  32|    1|          0|
    |icmp_ln212_reg_656                       |  64|  32|    1|          0|
    +-----------------------------------------+----+----+-----+-----------+
    |Total                                    | 475|  96|  337|         51|
    +-----------------------------------------+----+----+-----+-----------+



================================================================
== Interface
================================================================
* Summary: 
+---------------------------------------+-----+-----+------------+-------------------------------------------------------------------+--------------+
|               RTL Ports               | Dir | Bits|  Protocol  |                           Source Object                           |    C Type    |
+---------------------------------------+-----+-----+------------+-------------------------------------------------------------------+--------------+
|ap_clk                                 |   in|    1|  ap_ctrl_hs|  xfdilate<600, 800, 1, 0, 1, 2, 2, 0, 801, 3, 3>_Pipeline_Col_Loop|  return value|
|ap_rst                                 |   in|    1|  ap_ctrl_hs|  xfdilate<600, 800, 1, 0, 1, 2, 2, 0, 801, 3, 3>_Pipeline_Col_Loop|  return value|
|ap_start                               |   in|    1|  ap_ctrl_hs|  xfdilate<600, 800, 1, 0, 1, 2, 2, 0, 801, 3, 3>_Pipeline_Col_Loop|  return value|
|ap_done                                |  out|    1|  ap_ctrl_hs|  xfdilate<600, 800, 1, 0, 1, 2, 2, 0, 801, 3, 3>_Pipeline_Col_Loop|  return value|
|ap_idle                                |  out|    1|  ap_ctrl_hs|  xfdilate<600, 800, 1, 0, 1, 2, 2, 0, 801, 3, 3>_Pipeline_Col_Loop|  return value|
|ap_ready                               |  out|    1|  ap_ctrl_hs|  xfdilate<600, 800, 1, 0, 1, 2, 2, 0, 801, 3, 3>_Pipeline_Col_Loop|  return value|
|img_disp8u_erode_data_dout             |   in|    8|     ap_fifo|                                              img_disp8u_erode_data|       pointer|
|img_disp8u_erode_data_num_data_valid   |   in|    2|     ap_fifo|                                              img_disp8u_erode_data|       pointer|
|img_disp8u_erode_data_fifo_cap         |   in|    2|     ap_fifo|                                              img_disp8u_erode_data|       pointer|
|img_disp8u_erode_data_empty_n          |   in|    1|     ap_fifo|                                              img_disp8u_erode_data|       pointer|
|img_disp8u_erode_data_read             |  out|    1|     ap_fifo|                                              img_disp8u_erode_data|       pointer|
|img_disp8u_dilate_data_din             |  out|    8|     ap_fifo|                                             img_disp8u_dilate_data|       pointer|
|img_disp8u_dilate_data_num_data_valid  |   in|    2|     ap_fifo|                                             img_disp8u_dilate_data|       pointer|
|img_disp8u_dilate_data_fifo_cap        |   in|    2|     ap_fifo|                                             img_disp8u_dilate_data|       pointer|
|img_disp8u_dilate_data_full_n          |   in|    1|     ap_fifo|                                             img_disp8u_dilate_data|       pointer|
|img_disp8u_dilate_data_write           |  out|    1|     ap_fifo|                                             img_disp8u_dilate_data|       pointer|
|img_width                              |   in|   16|     ap_none|                                                          img_width|        scalar|
|buf_2_address0                         |  out|   10|   ap_memory|                                                              buf_2|         array|
|buf_2_ce0                              |  out|    1|   ap_memory|                                                              buf_2|         array|
|buf_2_q0                               |   in|    8|   ap_memory|                                                              buf_2|         array|
|buf_2_address1                         |  out|   10|   ap_memory|                                                              buf_2|         array|
|buf_2_ce1                              |  out|    1|   ap_memory|                                                              buf_2|         array|
|buf_2_we1                              |  out|    1|   ap_memory|                                                              buf_2|         array|
|buf_2_d1                               |  out|    8|   ap_memory|                                                              buf_2|         array|
|buf_1_address0                         |  out|   10|   ap_memory|                                                              buf_1|         array|
|buf_1_ce0                              |  out|    1|   ap_memory|                                                              buf_1|         array|
|buf_1_q0                               |   in|    8|   ap_memory|                                                              buf_1|         array|
|buf_1_address1                         |  out|   10|   ap_memory|                                                              buf_1|         array|
|buf_1_ce1                              |  out|    1|   ap_memory|                                                              buf_1|         array|
|buf_1_we1                              |  out|    1|   ap_memory|                                                              buf_1|         array|
|buf_1_d1                               |  out|    8|   ap_memory|                                                              buf_1|         array|
|buf_r_address0                         |  out|   10|   ap_memory|                                                              buf_r|         array|
|buf_r_ce0                              |  out|    1|   ap_memory|                                                              buf_r|         array|
|buf_r_q0                               |   in|    8|   ap_memory|                                                              buf_r|         array|
|buf_r_address1                         |  out|   10|   ap_memory|                                                              buf_r|         array|
|buf_r_ce1                              |  out|    1|   ap_memory|                                                              buf_r|         array|
|buf_r_we1                              |  out|    1|   ap_memory|                                                              buf_r|         array|
|buf_r_d1                               |  out|    8|   ap_memory|                                                              buf_r|         array|
|trunc_ln261_2                          |   in|    2|     ap_none|                                                      trunc_ln261_2|        scalar|
|trunc_ln261_1                          |   in|    2|     ap_none|                                                      trunc_ln261_1|        scalar|
|trunc_ln                               |   in|    2|     ap_none|                                                           trunc_ln|        scalar|
|cmp_i_i131_i                           |   in|    1|     ap_none|                                                       cmp_i_i131_i|        scalar|
+---------------------------------------+-----+-----+------------+-------------------------------------------------------------------+--------------+

