

================================================================
== Vitis HLS Report for 'xFFindStereoCorrespondenceLBMNO'
================================================================
* Date:           Tue Jun 24 19:15:39 2025

* Version:        2023.1 (Build 3854077 on May  4 2023)
* Project:        stereolbm_axis_cambm.prj
* Solution:       sol1 (Vivado IP Flow Target)
* Product family: zynq
* Target device:  xc7z020-clg400-1


================================================================
== Performance Estimates
================================================================
+ Timing: 
    * Summary: 
    +--------+----------+----------+------------+
    |  Clock |  Target  | Estimated| Uncertainty|
    +--------+----------+----------+------------+
    |ap_clk  |  10.00 ns|  7.570 ns|     2.70 ns|
    +--------+----------+----------+------------+

+ Latency: 
    * Summary: 
    +---------+---------+-----------+-----------+---------+---------+----------+
    |  Latency (cycles) |   Latency (absolute)  |      Interval     | Pipeline |
    |   min   |   max   |    min    |    max    |   min   |   max   |   Type   |
    +---------+---------+-----------+-----------+---------+---------+----------+
    |  3998425|  3998425|  39.984 ms|  39.984 ms|  3998415|  3998415|  dataflow|
    +---------+---------+-----------+-----------+---------+---------+----------+

    + Detail: 
        * Instance: 
        +-----------------------------------------------------------------+--------------------------------------------------------------+---------+---------+-----------+-----------+---------+---------+---------+
        |                                                                 |                                                              |  Latency (cycles) |   Latency (absolute)  |      Interval     | Pipeline|
        |                             Instance                            |                            Module                            |   min   |   max   |    min    |    max    |   min   |   max   |   Type  |
        +-----------------------------------------------------------------+--------------------------------------------------------------+---------+---------+-----------+-----------+---------+---------+---------+
        |Sobel_0_3_0_3_600_800_1_false_2_2_2_3_U0                         |Sobel_0_3_0_3_600_800_1_false_2_2_2_3                         |   488007|   488007|   4.880 ms|   4.880 ms|   488007|   488007|       no|
        |Sobel_0_3_0_3_600_800_1_false_2_2_2_U0                           |Sobel_0_3_0_3_600_800_1_false_2_2_2_s                         |   488007|   488007|   4.880 ms|   4.880 ms|   488007|   488007|       no|
        |entry_proc_U0                                                    |entry_proc                                                    |        0|        0|       0 ns|       0 ns|        0|        0|       no|
        |xFImageClip_600_800_1_2_4_0_3_0_800_4_U0                         |xFImageClip_600_800_1_2_4_0_3_0_800_4                         |   484201|   484201|   4.842 ms|   4.842 ms|   484201|   484201|       no|
        |xFReadOutStream_600_800_1_2_4_0_3_800_5_U0                       |xFReadOutStream_600_800_1_2_4_0_3_800_5                       |   482401|   482401|   4.824 ms|   4.824 ms|   482401|   482401|       no|
        |xFImageClip_600_800_1_2_4_0_3_0_800_U0                           |xFImageClip_600_800_1_2_4_0_3_0_800_s                         |   484201|   484201|   4.842 ms|   4.842 ms|   484201|   484201|       no|
        |xFReadOutStream_600_800_1_2_4_0_3_800_U0                         |xFReadOutStream_600_800_1_2_4_0_3_800_s                       |   482401|   482401|   4.824 ms|   4.824 ms|   482401|   482401|       no|
        |xFSADBlockMatching_U0                                            |xFSADBlockMatching                                            |  3998414|  3998414|  39.984 ms|  39.984 ms|  3998414|  3998414|       no|
        |xFFindStereoCorrespondenceLBMNO_Loop_VITIS_LOOP_816_1_proc13_U0  |xFFindStereoCorrespondenceLBMNO_Loop_VITIS_LOOP_816_1_proc13  |        6|   480005|  60.000 ns|   4.800 ms|        6|   480005|       no|
        +-----------------------------------------------------------------+--------------------------------------------------------------+---------+---------+-----------+-----------+---------+---------+---------+

        * Loop: 
        N/A



================================================================
== Utilization Estimates
================================================================
* Summary: 
+-----------------+---------+-----+--------+-------+-----+
|       Name      | BRAM_18K| DSP |   FF   |  LUT  | URAM|
+-----------------+---------+-----+--------+-------+-----+
|DSP              |        -|    -|       -|      -|    -|
|Expression       |        -|    -|       0|     22|    -|
|FIFO             |        -|    -|    2376|   1632|    -|
|Instance         |       49|   16|   30143|  49490|    0|
|Memory           |        -|    -|       -|      -|    -|
|Multiplexer      |        -|    -|       -|     27|    -|
|Register         |        -|    -|       3|      -|    -|
+-----------------+---------+-----+--------+-------+-----+
|Total            |       49|   16|   32522|  51171|    0|
+-----------------+---------+-----+--------+-------+-----+
|Available        |      280|  220|  106400|  53200|    0|
+-----------------+---------+-----+--------+-------+-----+
|Utilization (%)  |       17|    7|      30|     96|    0|
+-----------------+---------+-----+--------+-------+-----+

+ Detail: 
    * Instance: 
    +-----------------------------------------------------------------+--------------------------------------------------------------+---------+----+-------+-------+-----+
    |                             Instance                            |                            Module                            | BRAM_18K| DSP|   FF  |  LUT  | URAM|
    +-----------------------------------------------------------------+--------------------------------------------------------------+---------+----+-------+-------+-----+
    |Sobel_0_3_0_3_600_800_1_false_2_2_2_3_U0                         |Sobel_0_3_0_3_600_800_1_false_2_2_2_3                         |        3|   0|    531|   1269|    0|
    |Sobel_0_3_0_3_600_800_1_false_2_2_2_U0                           |Sobel_0_3_0_3_600_800_1_false_2_2_2_s                         |        3|   0|    531|   1269|    0|
    |entry_proc_U0                                                    |entry_proc                                                    |        0|   0|      3|    128|    0|
    |xFFindStereoCorrespondenceLBMNO_Loop_VITIS_LOOP_816_1_proc13_U0  |xFFindStereoCorrespondenceLBMNO_Loop_VITIS_LOOP_816_1_proc13  |        0|   1|    104|    215|    0|
    |xFImageClip_600_800_1_2_4_0_3_0_800_4_U0                         |xFImageClip_600_800_1_2_4_0_3_0_800_4                         |        0|   0|    306|    594|    0|
    |xFImageClip_600_800_1_2_4_0_3_0_800_U0                           |xFImageClip_600_800_1_2_4_0_3_0_800_s                         |        0|   0|    306|    567|    0|
    |xFReadOutStream_600_800_1_2_4_0_3_800_5_U0                       |xFReadOutStream_600_800_1_2_4_0_3_800_5                       |        0|   0|     70|    202|    0|
    |xFReadOutStream_600_800_1_2_4_0_3_800_U0                         |xFReadOutStream_600_800_1_2_4_0_3_800_s                       |        0|   0|     70|    202|    0|
    |xFSADBlockMatching_U0                                            |xFSADBlockMatching                                            |       43|  15|  28222|  45044|    0|
    +-----------------------------------------------------------------+--------------------------------------------------------------+---------+----+-------+-------+-----+
    |Total                                                            |                                                              |       49|  16|  30143|  49490|    0|
    +-----------------------------------------------------------------+--------------------------------------------------------------+---------+----+-------+-------+-----+

    * DSP: 
    N/A

    * Memory: 
    N/A

    * FIFO: 
    +-------------------------------+---------+----+----+-----+------+-----+---------+
    |              Name             | BRAM_18K| FF | LUT| URAM| Depth| Bits| Size:D*B|
    +-------------------------------+---------+----+----+-----+------+-----+---------+
    |height_c20_U                   |        0|  99|   0|    -|     2|   16|       32|
    |height_c21_U                   |        0|  99|   0|    -|     3|   16|       48|
    |height_c22_U                   |        0|  99|   0|    -|     3|   16|       48|
    |height_c23_U                   |        0|  99|   0|    -|     3|   16|       48|
    |height_c24_U                   |        0|  99|   0|    -|     3|   16|       48|
    |height_c_U                     |        0|  99|   0|    -|     2|   16|       32|
    |in_sobel_x_data_1_U            |        0|  99|   0|    -|     2|   16|       32|
    |in_sobel_x_data_U              |        0|  99|   0|    -|     2|   16|       32|
    |in_sobel_y_data_1_U            |        0|  99|   0|    -|     2|   16|       32|
    |in_sobel_y_data_U              |        0|  99|   0|    -|     2|   16|       32|
    |left_clipped_U                 |        0|  99|   0|    -|     2|    8|       16|
    |p_disp_strm_U                  |        0|  99|   0|    -|     2|   16|       32|
    |right_clipped_U                |        0|  99|   0|    -|     2|    8|       16|
    |sbmstate_preFilterCap_c18_U    |        0|  99|   0|    -|     3|   32|       96|
    |sbmstate_preFilterCap_c19_U    |        0|  99|   0|    -|     3|   32|       96|
    |sbmstate_preFilterCap_c_U      |        0|  99|   0|    -|     2|   32|       64|
    |sbmstate_textureThreshold_c_U  |        0|  99|   0|    -|     4|   32|      128|
    |sbmstate_uniquenessRatio_c_U   |        0|  99|   0|    -|     4|   32|      128|
    |width_c25_U                    |        0|  99|   0|    -|     2|   16|       32|
    |width_c26_U                    |        0|  99|   0|    -|     3|   16|       48|
    |width_c27_U                    |        0|  99|   0|    -|     3|   16|       48|
    |width_c28_U                    |        0|  99|   0|    -|     3|   16|       48|
    |width_c29_U                    |        0|  99|   0|    -|     3|   16|       48|
    |width_c_U                      |        0|  99|   0|    -|     2|   16|       32|
    +-------------------------------+---------+----+----+-----+------+-----+---------+
    |Total                          |        0|2376|   0|    0|    62|  448|     1216|
    +-------------------------------+---------+----+----+-----+------+-----+---------+

    * Expression: 
    +-----------------------------------------------------------+----------+----+---+----+------------+------------+
    |                       Variable Name                       | Operation| DSP| FF| LUT| Bitwidth P0| Bitwidth P1|
    +-----------------------------------------------------------+----------+----+---+----+------------+------------+
    |Sobel_0_3_0_3_600_800_1_false_2_2_2_3_U0_ap_start          |       and|   0|  0|   2|           1|           1|
    |Sobel_0_3_0_3_600_800_1_false_2_2_2_U0_ap_start            |       and|   0|  0|   2|           1|           1|
    |ap_idle                                                    |       and|   0|  0|   2|           1|           1|
    |ap_sync_continue                                           |       and|   0|  0|   2|           1|           1|
    |ap_sync_done                                               |       and|   0|  0|   2|           1|           1|
    |ap_sync_ready                                              |       and|   0|  0|   2|           1|           1|
    |entry_proc_U0_ap_start                                     |       and|   0|  0|   2|           1|           1|
    |entry_proc_U0_start_full_n                                 |       and|   0|  0|   2|           1|           1|
    |ap_sync_Sobel_0_3_0_3_600_800_1_false_2_2_2_3_U0_ap_ready  |        or|   0|  0|   2|           1|           1|
    |ap_sync_Sobel_0_3_0_3_600_800_1_false_2_2_2_U0_ap_ready    |        or|   0|  0|   2|           1|           1|
    |ap_sync_entry_proc_U0_ap_ready                             |        or|   0|  0|   2|           1|           1|
    +-----------------------------------------------------------+----------+----+---+----+------------+------------+
    |Total                                                      |          |   0|  0|  22|          11|          11|
    +-----------------------------------------------------------+----------+----+---+----+------------+------------+

    * Multiplexer: 
    +---------------------------------------------------------------+----+-----------+-----+-----------+
    |                              Name                             | LUT| Input Size| Bits| Total Bits|
    +---------------------------------------------------------------+----+-----------+-----+-----------+
    |ap_sync_reg_Sobel_0_3_0_3_600_800_1_false_2_2_2_3_U0_ap_ready  |   9|          2|    1|          2|
    |ap_sync_reg_Sobel_0_3_0_3_600_800_1_false_2_2_2_U0_ap_ready    |   9|          2|    1|          2|
    |ap_sync_reg_entry_proc_U0_ap_ready                             |   9|          2|    1|          2|
    +---------------------------------------------------------------+----+-----------+-----+-----------+
    |Total                                                          |  27|          6|    3|          6|
    +---------------------------------------------------------------+----+-----------+-----+-----------+

    * Register: 
    +---------------------------------------------------------------+---+----+-----+-----------+
    |                              Name                             | FF| LUT| Bits| Const Bits|
    +---------------------------------------------------------------+---+----+-----+-----------+
    |ap_sync_reg_Sobel_0_3_0_3_600_800_1_false_2_2_2_3_U0_ap_ready  |  1|   0|    1|          0|
    |ap_sync_reg_Sobel_0_3_0_3_600_800_1_false_2_2_2_U0_ap_ready    |  1|   0|    1|          0|
    |ap_sync_reg_entry_proc_U0_ap_ready                             |  1|   0|    1|          0|
    +---------------------------------------------------------------+---+----+-----+-----------+
    |Total                                                          |  3|   0|    3|          0|
    +---------------------------------------------------------------+---+----+-----+-----------+



================================================================
== Interface
================================================================
* Summary: 
+-------------------------------+-----+-----+------------+---------------------------------+--------------+
|           RTL Ports           | Dir | Bits|  Protocol  |          Source Object          |    C Type    |
+-------------------------------+-----+-----+------------+---------------------------------+--------------+
|p_read                         |   in|   16|     ap_none|                           p_read|        scalar|
|p_read_ap_vld                  |   in|    1|     ap_none|                           p_read|        scalar|
|p_read1                        |   in|   16|     ap_none|                          p_read1|        scalar|
|p_read1_ap_vld                 |   in|    1|     ap_none|                          p_read1|        scalar|
|leftRemappedMat_data_dout      |   in|    8|     ap_fifo|             leftRemappedMat_data|       pointer|
|leftRemappedMat_data_empty_n   |   in|    1|     ap_fifo|             leftRemappedMat_data|       pointer|
|leftRemappedMat_data_read      |  out|    1|     ap_fifo|             leftRemappedMat_data|       pointer|
|p_read2                        |   in|   16|     ap_none|                          p_read2|        scalar|
|p_read2_ap_vld                 |   in|    1|     ap_none|                          p_read2|        scalar|
|p_read3                        |   in|   16|     ap_none|                          p_read3|        scalar|
|p_read3_ap_vld                 |   in|    1|     ap_none|                          p_read3|        scalar|
|rightRemappedMat_data_dout     |   in|    8|     ap_fifo|            rightRemappedMat_data|       pointer|
|rightRemappedMat_data_empty_n  |   in|    1|     ap_fifo|            rightRemappedMat_data|       pointer|
|rightRemappedMat_data_read     |  out|    1|     ap_fifo|            rightRemappedMat_data|       pointer|
|img_disp16u_data_din           |  out|   16|     ap_fifo|                 img_disp16u_data|       pointer|
|img_disp16u_data_full_n        |   in|    1|     ap_fifo|                 img_disp16u_data|       pointer|
|img_disp16u_data_write         |  out|    1|     ap_fifo|                 img_disp16u_data|       pointer|
|p_read4                        |   in|   32|     ap_none|                          p_read4|        scalar|
|p_read4_ap_vld                 |   in|    1|     ap_none|                          p_read4|        scalar|
|p_read5                        |   in|   32|     ap_none|                          p_read5|        scalar|
|p_read5_ap_vld                 |   in|    1|     ap_none|                          p_read5|        scalar|
|p_read6                        |   in|   32|     ap_none|                          p_read6|        scalar|
|p_read6_ap_vld                 |   in|    1|     ap_none|                          p_read6|        scalar|
|height                         |   in|   16|     ap_none|                           height|        scalar|
|height_ap_vld                  |   in|    1|     ap_none|                           height|        scalar|
|width                          |   in|   16|     ap_none|                            width|        scalar|
|width_ap_vld                   |   in|    1|     ap_none|                            width|        scalar|
|ap_clk                         |   in|    1|  ap_ctrl_hs|  xFFindStereoCorrespondenceLBMNO|  return value|
|ap_rst                         |   in|    1|  ap_ctrl_hs|  xFFindStereoCorrespondenceLBMNO|  return value|
|ap_start                       |   in|    1|  ap_ctrl_hs|  xFFindStereoCorrespondenceLBMNO|  return value|
|ap_done                        |  out|    1|  ap_ctrl_hs|  xFFindStereoCorrespondenceLBMNO|  return value|
|ap_ready                       |  out|    1|  ap_ctrl_hs|  xFFindStereoCorrespondenceLBMNO|  return value|
|ap_idle                        |  out|    1|  ap_ctrl_hs|  xFFindStereoCorrespondenceLBMNO|  return value|
|ap_continue                    |   in|    1|  ap_ctrl_hs|  xFFindStereoCorrespondenceLBMNO|  return value|
+-------------------------------+-----+-----+------------+---------------------------------+--------------+

