

================================================================
== Vitis HLS Report for 'xFGradientX3x3_0_4_s'
================================================================
* Date:           Tue Jun 24 19:15:22 2025

* Version:        2023.1 (Build 3854077 on May  4 2023)
* Project:        stereolbm_axis_cambm.prj
* Solution:       sol1 (Vivado IP Flow Target)
* Product family: zynq
* Target device:  xc7z020-clg400-1


================================================================
== Performance Estimates
================================================================
+ Timing: 
    * Summary: 
    +--------+----------+----------+------------+
    |  Clock |  Target  | Estimated| Uncertainty|
    +--------+----------+----------+------------+
    |ap_clk  |  10.00 ns|  5.672 ns|     2.70 ns|
    +--------+----------+----------+------------+

+ Latency: 
    * Summary: 
    +---------+---------+----------+----------+-----+-----+---------+
    |  Latency (cycles) |  Latency (absolute) |  Interval | Pipeline|
    |   min   |   max   |    min   |    max   | min | max |   Type  |
    +---------+---------+----------+----------+-----+-----+---------+
    |        0|        0|      0 ns|      0 ns|    1|    1|      yes|
    +---------+---------+----------+----------+-----+-----+---------+

    + Detail: 
        * Instance: 
        N/A

        * Loop: 
        N/A



================================================================
== Utilization Estimates
================================================================
* Summary: 
+-----------------+---------+-----+--------+-------+-----+
|       Name      | BRAM_18K| DSP |   FF   |  LUT  | URAM|
+-----------------+---------+-----+--------+-------+-----+
|DSP              |        -|    -|       -|      -|    -|
|Expression       |        -|    -|       0|     63|    -|
|FIFO             |        -|    -|       -|      -|    -|
|Instance         |        -|    -|       -|      -|    -|
|Memory           |        -|    -|       -|      -|    -|
|Multiplexer      |        -|    -|       -|      -|    -|
|Register         |        -|    -|       -|      -|    -|
+-----------------+---------+-----+--------+-------+-----+
|Total            |        0|    0|       0|     63|    0|
+-----------------+---------+-----+--------+-------+-----+
|Available        |      280|  220|  106400|  53200|    0|
+-----------------+---------+-----+--------+-------+-----+
|Utilization (%)  |        0|    0|       0|     ~0|    0|
+-----------------+---------+-----+--------+-------+-----+

+ Detail: 
    * Instance: 
    N/A

    * DSP: 
    N/A

    * Memory: 
    N/A

    * FIFO: 
    N/A

    * Expression: 
    +---------------------+----------+----+---+----+------------+------------+
    |    Variable Name    | Operation| DSP| FF| LUT| Bitwidth P0| Bitwidth P1|
    +---------------------+----------+----+---+----+------------+------------+
    |A00_fu_86_p2         |         +|   0|  0|  14|           9|           9|
    |S00_fu_104_p2        |         +|   0|  0|  14|           9|           9|
    |ap_return            |         +|   0|  0|  11|          11|          11|
    |out_pix_5_fu_114_p2  |         -|   0|  0|  13|          10|          10|
    |out_pix_6_fu_124_p2  |         -|   0|  0|  11|          11|          11|
    +---------------------+----------+----+---+----+------------+------------+
    |Total                |          |   0|  0|  63|          50|          50|
    +---------------------+----------+----+---+----+------------+------------+

    * Multiplexer: 
    N/A

    * Register: 
    N/A



================================================================
== Interface
================================================================
* Summary: 
+-----------+-----+-----+------------+----------------------+--------------+
| RTL Ports | Dir | Bits|  Protocol  |     Source Object    |    C Type    |
+-----------+-----+-----+------------+----------------------+--------------+
|ap_ready   |  out|    1|  ap_ctrl_hs|  xFGradientX3x3<0, 4>|  return value|
|ap_return  |  out|   11|  ap_ctrl_hs|  xFGradientX3x3<0, 4>|  return value|
|t0_val     |   in|    8|     ap_none|                t0_val|        scalar|
|t2_val     |   in|    8|     ap_none|                t2_val|        scalar|
|m0_val     |   in|    8|     ap_none|                m0_val|        scalar|
|m2_val     |   in|    8|     ap_none|                m2_val|        scalar|
|b0_val     |   in|    8|     ap_none|                b0_val|        scalar|
|b2_val     |   in|    8|     ap_none|                b2_val|        scalar|
+-----------+-----+-----+------------+----------------------+--------------+

