

================================================================
== Vitis HLS Report for 'xFImageClip_600_800_1_2_4_0_3_0_800_4'
================================================================
* Date:           Tue Jun 24 19:15:24 2025

* Version:        2023.1 (Build 3854077 on May  4 2023)
* Project:        stereolbm_axis_cambm.prj
* Solution:       sol1 (Vivado IP Flow Target)
* Product family: zynq
* Target device:  xc7z020-clg400-1


================================================================
== Performance Estimates
================================================================
+ Timing: 
    * Summary: 
    +--------+----------+----------+------------+
    |  Clock |  Target  | Estimated| Uncertainty|
    +--------+----------+----------+------------+
    |ap_clk  |  10.00 ns|  7.268 ns|     2.70 ns|
    +--------+----------+----------+------------+

+ Latency: 
    * Summary: 
    +---------+---------+----------+----------+--------+--------+---------+
    |  Latency (cycles) |  Latency (absolute) |     Interval    | Pipeline|
    |   min   |   max   |    min   |    max   |   min  |   max  |   Type  |
    +---------+---------+----------+----------+--------+--------+---------+
    |   484201|   484201|  4.842 ms|  4.842 ms|  484201|  484201|       no|
    +---------+---------+----------+----------+--------+--------+---------+

    + Detail: 
        * Instance: 
        +-------------------------------------------------------------------------+--------------------------------------------------------------+---------+---------+----------+----------+-----+-----+---------+
        |                                                                         |                                                              |  Latency (cycles) |  Latency (absolute) |  Interval | Pipeline|
        |                                 Instance                                |                            Module                            |   min   |   max   |    min   |    max   | min | max |   Type  |
        +-------------------------------------------------------------------------+--------------------------------------------------------------+---------+---------+----------+----------+-----+-----+---------+
        |grp_xFImageClip_600_800_1_2_4_0_3_0_800_4_Pipeline_loop_col_clip_fu_108  |xFImageClip_600_800_1_2_4_0_3_0_800_4_Pipeline_loop_col_clip  |      805|      805|  8.050 us|  8.050 us|  805|  805|       no|
        +-------------------------------------------------------------------------+--------------------------------------------------------------+---------+---------+----------+----------+-----+-----+---------+

        * Loop: 
        +-----------------+---------+---------+----------+-----------+-----------+------+----------+
        |                 |  Latency (cycles) | Iteration|  Initiation Interval  | Trip |          |
        |    Loop Name    |   min   |   max   |  Latency |  achieved |   target  | Count| Pipelined|
        +-----------------+---------+---------+----------+-----------+-----------+------+----------+
        |- loop_row_clip  |   484200|   484200|       807|          -|          -|   600|        no|
        +-----------------+---------+---------+----------+-----------+-----------+------+----------+



================================================================
== Utilization Estimates
================================================================
* Summary: 
+-----------------+---------+-----+--------+-------+-----+
|       Name      | BRAM_18K| DSP |   FF   |  LUT  | URAM|
+-----------------+---------+-----+--------+-------+-----+
|DSP              |        -|    -|       -|      -|    -|
|Expression       |        -|    -|       0|     84|    -|
|FIFO             |        -|    -|       -|      -|    -|
|Instance         |        -|    -|     167|    400|    -|
|Memory           |        -|    -|       -|      -|    -|
|Multiplexer      |        -|    -|       -|    110|    -|
|Register         |        -|    -|     139|      -|    -|
+-----------------+---------+-----+--------+-------+-----+
|Total            |        0|    0|     306|    594|    0|
+-----------------+---------+-----+--------+-------+-----+
|Available        |      280|  220|  106400|  53200|    0|
+-----------------+---------+-----+--------+-------+-----+
|Utilization (%)  |        0|    0|      ~0|      1|    0|
+-----------------+---------+-----+--------+-------+-----+

+ Detail: 
    * Instance: 
    +-------------------------------------------------------------------------+--------------------------------------------------------------+---------+----+-----+-----+-----+
    |                                 Instance                                |                            Module                            | BRAM_18K| DSP|  FF | LUT | URAM|
    +-------------------------------------------------------------------------+--------------------------------------------------------------+---------+----+-----+-----+-----+
    |grp_xFImageClip_600_800_1_2_4_0_3_0_800_4_Pipeline_loop_col_clip_fu_108  |xFImageClip_600_800_1_2_4_0_3_0_800_4_Pipeline_loop_col_clip  |        0|   0|  167|  400|    0|
    +-------------------------------------------------------------------------+--------------------------------------------------------------+---------+----+-----+-----+-----+
    |Total                                                                    |                                                              |        0|   0|  167|  400|    0|
    +-------------------------------------------------------------------------+--------------------------------------------------------------+---------+----+-----+-----+-----+

    * DSP: 
    N/A

    * Memory: 
    N/A

    * FIFO: 
    N/A

    * Expression: 
    +----------------------+----------+----+---+----+------------+------------+
    |     Variable Name    | Operation| DSP| FF| LUT| Bitwidth P0| Bitwidth P1|
    +----------------------+----------+----+---+----+------------+------------+
    |add_ln623_fu_150_p2   |         +|   0|  0|  20|          15|           1|
    |sub25_i_fu_122_p2     |         -|   0|  0|  39|           1|          32|
    |icmp_ln623_fu_145_p2  |      icmp|   0|  0|  23|          16|          16|
    |ap_block_state1       |        or|   0|  0|   2|           1|           1|
    +----------------------+----------+----+---+----+------------+------------+
    |Total                 |          |   0|  0|  84|          33|          50|
    +----------------------+----------+----+---+----+------------+------------+

    * Multiplexer: 
    +-------------------------------+----+-----------+-----+-----------+
    |              Name             | LUT| Input Size| Bits| Total Bits|
    +-------------------------------+----+-----------+-----+-----------+
    |ap_NS_fsm                      |  20|          4|    1|          4|
    |ap_done                        |   9|          2|    1|          2|
    |height_blk_n                   |   9|          2|    1|          2|
    |height_c20_blk_n               |   9|          2|    1|          2|
    |i_fu_62                        |   9|          2|   15|         30|
    |in_sobel_x_data_read           |   9|          2|    1|          2|
    |left_clipped_write             |   9|          2|    1|          2|
    |sbmstate_preFilterCap_blk_n    |   9|          2|    1|          2|
    |sbmstate_preFilterCap_c_blk_n  |   9|          2|    1|          2|
    |width_blk_n                    |   9|          2|    1|          2|
    |width_c25_blk_n                |   9|          2|    1|          2|
    +-------------------------------+----+-----------+-----+-----------+
    |Total                          | 110|         24|   25|         52|
    +-------------------------------+----+-----------+-----+-----------+

    * Register: 
    +--------------------------------------------------------------------------------------+----+----+-----+-----------+
    |                                         Name                                         | FF | LUT| Bits| Const Bits|
    +--------------------------------------------------------------------------------------+----+----+-----+-----------+
    |ap_CS_fsm                                                                             |   3|   0|    3|          0|
    |ap_done_reg                                                                           |   1|   0|    1|          0|
    |empty_reg_189                                                                         |   8|   0|    8|          0|
    |grp_xFImageClip_600_800_1_2_4_0_3_0_800_4_Pipeline_loop_col_clip_fu_108_ap_start_reg  |   1|   0|    1|          0|
    |height_read_reg_173                                                                   |  16|   0|   16|          0|
    |i_11_reg_194                                                                          |  15|   0|   15|          0|
    |i_fu_62                                                                               |  15|   0|   15|          0|
    |sbmstate_preFilterCap_read_reg_179                                                    |  32|   0|   32|          0|
    |sub25_i_reg_184                                                                       |  32|   0|   32|          0|
    |width_read_reg_168                                                                    |  16|   0|   16|          0|
    +--------------------------------------------------------------------------------------+----+----+-----+-----------+
    |Total                                                                                 | 139|   0|  139|          0|
    +--------------------------------------------------------------------------------------+----+----+-----+-----------+



================================================================
== Interface
================================================================
* Summary: 
+----------------------------------------+-----+-----+------------+------------------------------------------------+--------------+
|                RTL Ports               | Dir | Bits|  Protocol  |                  Source Object                 |    C Type    |
+----------------------------------------+-----+-----+------------+------------------------------------------------+--------------+
|ap_clk                                  |   in|    1|  ap_ctrl_hs|  xFImageClip<600, 800, 1, 2, 4, 0, 3, 0, 800>.4|  return value|
|ap_rst                                  |   in|    1|  ap_ctrl_hs|  xFImageClip<600, 800, 1, 2, 4, 0, 3, 0, 800>.4|  return value|
|ap_start                                |   in|    1|  ap_ctrl_hs|  xFImageClip<600, 800, 1, 2, 4, 0, 3, 0, 800>.4|  return value|
|ap_done                                 |  out|    1|  ap_ctrl_hs|  xFImageClip<600, 800, 1, 2, 4, 0, 3, 0, 800>.4|  return value|
|ap_continue                             |   in|    1|  ap_ctrl_hs|  xFImageClip<600, 800, 1, 2, 4, 0, 3, 0, 800>.4|  return value|
|ap_idle                                 |  out|    1|  ap_ctrl_hs|  xFImageClip<600, 800, 1, 2, 4, 0, 3, 0, 800>.4|  return value|
|ap_ready                                |  out|    1|  ap_ctrl_hs|  xFImageClip<600, 800, 1, 2, 4, 0, 3, 0, 800>.4|  return value|
|in_sobel_x_data_dout                    |   in|   16|     ap_fifo|                                 in_sobel_x_data|       pointer|
|in_sobel_x_data_num_data_valid          |   in|    2|     ap_fifo|                                 in_sobel_x_data|       pointer|
|in_sobel_x_data_fifo_cap                |   in|    2|     ap_fifo|                                 in_sobel_x_data|       pointer|
|in_sobel_x_data_empty_n                 |   in|    1|     ap_fifo|                                 in_sobel_x_data|       pointer|
|in_sobel_x_data_read                    |  out|    1|     ap_fifo|                                 in_sobel_x_data|       pointer|
|left_clipped_din                        |  out|    8|     ap_fifo|                                    left_clipped|       pointer|
|left_clipped_num_data_valid             |   in|    2|     ap_fifo|                                    left_clipped|       pointer|
|left_clipped_fifo_cap                   |   in|    2|     ap_fifo|                                    left_clipped|       pointer|
|left_clipped_full_n                     |   in|    1|     ap_fifo|                                    left_clipped|       pointer|
|left_clipped_write                      |  out|    1|     ap_fifo|                                    left_clipped|       pointer|
|sbmstate_preFilterCap_dout              |   in|   32|     ap_fifo|                           sbmstate_preFilterCap|       pointer|
|sbmstate_preFilterCap_num_data_valid    |   in|    3|     ap_fifo|                           sbmstate_preFilterCap|       pointer|
|sbmstate_preFilterCap_fifo_cap          |   in|    3|     ap_fifo|                           sbmstate_preFilterCap|       pointer|
|sbmstate_preFilterCap_empty_n           |   in|    1|     ap_fifo|                           sbmstate_preFilterCap|       pointer|
|sbmstate_preFilterCap_read              |  out|    1|     ap_fifo|                           sbmstate_preFilterCap|       pointer|
|height_dout                             |   in|   16|     ap_fifo|                                          height|       pointer|
|height_num_data_valid                   |   in|    3|     ap_fifo|                                          height|       pointer|
|height_fifo_cap                         |   in|    3|     ap_fifo|                                          height|       pointer|
|height_empty_n                          |   in|    1|     ap_fifo|                                          height|       pointer|
|height_read                             |  out|    1|     ap_fifo|                                          height|       pointer|
|width_dout                              |   in|   16|     ap_fifo|                                           width|       pointer|
|width_num_data_valid                    |   in|    3|     ap_fifo|                                           width|       pointer|
|width_fifo_cap                          |   in|    3|     ap_fifo|                                           width|       pointer|
|width_empty_n                           |   in|    1|     ap_fifo|                                           width|       pointer|
|width_read                              |  out|    1|     ap_fifo|                                           width|       pointer|
|sbmstate_preFilterCap_c_din             |  out|   32|     ap_fifo|                         sbmstate_preFilterCap_c|       pointer|
|sbmstate_preFilterCap_c_num_data_valid  |   in|    2|     ap_fifo|                         sbmstate_preFilterCap_c|       pointer|
|sbmstate_preFilterCap_c_fifo_cap        |   in|    2|     ap_fifo|                         sbmstate_preFilterCap_c|       pointer|
|sbmstate_preFilterCap_c_full_n          |   in|    1|     ap_fifo|                         sbmstate_preFilterCap_c|       pointer|
|sbmstate_preFilterCap_c_write           |  out|    1|     ap_fifo|                         sbmstate_preFilterCap_c|       pointer|
|height_c20_din                          |  out|   16|     ap_fifo|                                      height_c20|       pointer|
|height_c20_num_data_valid               |   in|    2|     ap_fifo|                                      height_c20|       pointer|
|height_c20_fifo_cap                     |   in|    2|     ap_fifo|                                      height_c20|       pointer|
|height_c20_full_n                       |   in|    1|     ap_fifo|                                      height_c20|       pointer|
|height_c20_write                        |  out|    1|     ap_fifo|                                      height_c20|       pointer|
|width_c25_din                           |  out|   16|     ap_fifo|                                       width_c25|       pointer|
|width_c25_num_data_valid                |   in|    2|     ap_fifo|                                       width_c25|       pointer|
|width_c25_fifo_cap                      |   in|    2|     ap_fifo|                                       width_c25|       pointer|
|width_c25_full_n                        |   in|    1|     ap_fifo|                                       width_c25|       pointer|
|width_c25_write                         |  out|    1|     ap_fifo|                                       width_c25|       pointer|
+----------------------------------------+-----+-----+------------+------------------------------------------------+--------------+

