

================================================================
== Vitis HLS Report for 'xFImageClip_600_800_1_2_4_0_3_0_800_4_Pipeline_loop_col_clip'
================================================================
* Date:           Tue Jun 24 19:15:23 2025

* Version:        2023.1 (Build 3854077 on May  4 2023)
* Project:        stereolbm_axis_cambm.prj
* Solution:       sol1 (Vivado IP Flow Target)
* Product family: zynq
* Target device:  xc7z020-clg400-1


================================================================
== Performance Estimates
================================================================
+ Timing: 
    * Summary: 
    +--------+----------+----------+------------+
    |  Clock |  Target  | Estimated| Uncertainty|
    +--------+----------+----------+------------+
    |ap_clk  |  10.00 ns|  7.077 ns|     2.70 ns|
    +--------+----------+----------+------------+

+ Latency: 
    * Summary: 
    +---------+---------+----------+----------+-----+-----+---------+
    |  Latency (cycles) |  Latency (absolute) |  Interval | Pipeline|
    |   min   |   max   |    min   |    max   | min | max |   Type  |
    +---------+---------+----------+----------+-----+-----+---------+
    |      805|      805|  8.050 us|  8.050 us|  805|  805|       no|
    +---------+---------+----------+----------+-----+-----+---------+

    + Detail: 
        * Instance: 
        +-------------------------------------+------------------------+---------+---------+----------+----------+-----+-----+---------+
        |                                     |                        |  Latency (cycles) |  Latency (absolute) |  Interval | Pipeline|
        |               Instance              |         Module         |   min   |   max   |    min   |    max   | min | max |   Type  |
        +-------------------------------------+------------------------+---------+---------+----------+----------+-----+-----+---------+
        |pix_1_xFImageClipUtility_1_s_fu_115  |xFImageClipUtility_1_s  |        0|        0|      0 ns|      0 ns|    1|    1|      yes|
        +-------------------------------------+------------------------+---------+---------+----------+----------+-----+-----+---------+

        * Loop: 
        +-----------------+---------+---------+----------+-----------+-----------+------+----------+
        |                 |  Latency (cycles) | Iteration|  Initiation Interval  | Trip |          |
        |    Loop Name    |   min   |   max   |  Latency |  achieved |   target  | Count| Pipelined|
        +-----------------+---------+---------+----------+-----------+-----------+------+----------+
        |- loop_col_clip  |      803|      803|         5|          1|          1|   800|       yes|
        +-----------------+---------+---------+----------+-----------+-----------+------+----------+



================================================================
== Utilization Estimates
================================================================
* Summary: 
+-----------------+---------+-----+--------+-------+-----+
|       Name      | BRAM_18K| DSP |   FF   |  LUT  | URAM|
+-----------------+---------+-----+--------+-------+-----+
|DSP              |        -|    -|       -|      -|    -|
|Expression       |        -|    -|       0|    156|    -|
|FIFO             |        -|    -|       -|      -|    -|
|Instance         |        -|    -|       0|    158|    -|
|Memory           |        -|    -|       -|      -|    -|
|Multiplexer      |        -|    -|       -|     54|    -|
|Register         |        -|    -|     167|     32|    -|
+-----------------+---------+-----+--------+-------+-----+
|Total            |        0|    0|     167|    400|    0|
+-----------------+---------+-----+--------+-------+-----+
|Available        |      280|  220|  106400|  53200|    0|
+-----------------+---------+-----+--------+-------+-----+
|Utilization (%)  |        0|    0|      ~0|     ~0|    0|
+-----------------+---------+-----+--------+-------+-----+

+ Detail: 
    * Instance: 
    +-------------------------------------+------------------------+---------+----+---+-----+-----+
    |               Instance              |         Module         | BRAM_18K| DSP| FF| LUT | URAM|
    +-------------------------------------+------------------------+---------+----+---+-----+-----+
    |pix_1_xFImageClipUtility_1_s_fu_115  |xFImageClipUtility_1_s  |        0|   0|  0|  158|    0|
    +-------------------------------------+------------------------+---------+----+---+-----+-----+
    |Total                                |                        |        0|   0|  0|  158|    0|
    +-------------------------------------+------------------------+---------+----+---+-----+-----+

    * DSP: 
    N/A

    * Memory: 
    N/A

    * FIFO: 
    N/A

    * Expression: 
    +---------------------------+----------+----+---+----+------------+------------+
    |       Variable Name       | Operation| DSP| FF| LUT| Bitwidth P0| Bitwidth P1|
    +---------------------------+----------+----+---+----+------------+------------+
    |add_ln630_fu_142_p2        |         +|   0|  0|  20|          15|           1|
    |add_ln645_fu_157_p2        |         +|   0|  0|  15|           8|           8|
    |icmp_ln630_fu_136_p2       |      icmp|   0|  0|  23|          16|          16|
    |icmp_ln645_1_fu_170_p2     |      icmp|   0|  0|  39|          32|          32|
    |icmp_ln645_fu_165_p2       |      icmp|   0|  0|  39|          32|          32|
    |ap_block_pp0_stage0_01001  |        or|   0|  0|   2|           1|           1|
    |p_fu_193_p3                |    select|   0|  0|   8|           1|           1|
    |select_ln645_fu_186_p3     |    select|   0|  0|   8|           1|           8|
    |ap_enable_pp0              |       xor|   0|  0|   2|           1|           2|
    +---------------------------+----------+----+---+----+------------+------------+
    |Total                      |          |   0|  0| 156|         107|         101|
    +---------------------------+----------+----+---+----+------------+------------+

    * Multiplexer: 
    +-------------------------+----+-----------+-----+-----------+
    |           Name          | LUT| Input Size| Bits| Total Bits|
    +-------------------------+----+-----------+-----+-----------+
    |ap_done_int              |   9|          2|    1|          2|
    |ap_enable_reg_pp0_iter1  |   9|          2|    1|          2|
    |ap_sig_allocacmp_j_9     |   9|          2|   15|         30|
    |in_sobel_x_data_blk_n    |   9|          2|    1|          2|
    |j_fu_62                  |   9|          2|   15|         30|
    |left_clipped_blk_n       |   9|          2|    1|          2|
    +-------------------------+----+-----------+-----+-----------+
    |Total                    |  54|         12|   34|         68|
    +-------------------------+----+-----------+-----+-----------+

    * Register: 
    +----------------------------------+----+----+-----+-----------+
    |               Name               | FF | LUT| Bits| Const Bits|
    +----------------------------------+----+----+-----+-----------+
    |add_ln645_reg_258                 |   8|   0|    8|          0|
    |ap_CS_fsm                         |   1|   0|    1|          0|
    |ap_done_reg                       |   1|   0|    1|          0|
    |ap_enable_reg_pp0_iter1           |   1|   0|    1|          0|
    |ap_enable_reg_pp0_iter2           |   1|   0|    1|          0|
    |ap_enable_reg_pp0_iter3           |   1|   0|    1|          0|
    |ap_enable_reg_pp0_iter4           |   1|   0|    1|          0|
    |ap_loop_exit_ready_pp0_iter1_reg  |   1|   0|    1|          0|
    |ap_loop_exit_ready_pp0_iter2_reg  |   1|   0|    1|          0|
    |ap_loop_exit_ready_pp0_iter3_reg  |   1|   0|    1|          0|
    |icmp_ln630_reg_244                |   1|   0|    1|          0|
    |j_9_reg_239                       |  15|   0|   15|          0|
    |j_9_reg_239_pp0_iter1_reg         |  15|   0|   15|          0|
    |j_fu_62                           |  15|   0|   15|          0|
    |p_reg_263                         |   8|   0|    8|          0|
    |pix_1_reg_253                     |  16|   0|   16|          0|
    |tmp_reg_248                       |  16|   0|   16|          0|
    |icmp_ln630_reg_244                |  64|  32|    1|          0|
    +----------------------------------+----+----+-----+-----------+
    |Total                             | 167|  32|  104|          0|
    +----------------------------------+----+----+-----+-----------+



================================================================
== Interface
================================================================
* Summary: 
+--------------------------------+-----+-----+------------+-----------------------------------------------------------------------+--------------+
|            RTL Ports           | Dir | Bits|  Protocol  |                             Source Object                             |    C Type    |
+--------------------------------+-----+-----+------------+-----------------------------------------------------------------------+--------------+
|ap_clk                          |   in|    1|  ap_ctrl_hs|  xFImageClip<600, 800, 1, 2, 4, 0, 3, 0, 800>.4_Pipeline_loop_col_clip|  return value|
|ap_rst                          |   in|    1|  ap_ctrl_hs|  xFImageClip<600, 800, 1, 2, 4, 0, 3, 0, 800>.4_Pipeline_loop_col_clip|  return value|
|ap_start                        |   in|    1|  ap_ctrl_hs|  xFImageClip<600, 800, 1, 2, 4, 0, 3, 0, 800>.4_Pipeline_loop_col_clip|  return value|
|ap_done                         |  out|    1|  ap_ctrl_hs|  xFImageClip<600, 800, 1, 2, 4, 0, 3, 0, 800>.4_Pipeline_loop_col_clip|  return value|
|ap_idle                         |  out|    1|  ap_ctrl_hs|  xFImageClip<600, 800, 1, 2, 4, 0, 3, 0, 800>.4_Pipeline_loop_col_clip|  return value|
|ap_ready                        |  out|    1|  ap_ctrl_hs|  xFImageClip<600, 800, 1, 2, 4, 0, 3, 0, 800>.4_Pipeline_loop_col_clip|  return value|
|in_sobel_x_data_dout            |   in|   16|     ap_fifo|                                                        in_sobel_x_data|       pointer|
|in_sobel_x_data_num_data_valid  |   in|    2|     ap_fifo|                                                        in_sobel_x_data|       pointer|
|in_sobel_x_data_fifo_cap        |   in|    2|     ap_fifo|                                                        in_sobel_x_data|       pointer|
|in_sobel_x_data_empty_n         |   in|    1|     ap_fifo|                                                        in_sobel_x_data|       pointer|
|in_sobel_x_data_read            |  out|    1|     ap_fifo|                                                        in_sobel_x_data|       pointer|
|left_clipped_din                |  out|    8|     ap_fifo|                                                           left_clipped|       pointer|
|left_clipped_num_data_valid     |   in|    2|     ap_fifo|                                                           left_clipped|       pointer|
|left_clipped_fifo_cap           |   in|    2|     ap_fifo|                                                           left_clipped|       pointer|
|left_clipped_full_n             |   in|    1|     ap_fifo|                                                           left_clipped|       pointer|
|left_clipped_write              |  out|    1|     ap_fifo|                                                           left_clipped|       pointer|
|width_load                      |   in|   16|     ap_none|                                                             width_load|        scalar|
|i                               |   in|   15|     ap_none|                                                                      i|        scalar|
|height_load                     |   in|   16|     ap_none|                                                            height_load|        scalar|
|sub25_i                         |   in|   32|     ap_none|                                                                sub25_i|        scalar|
|sbmstate_preFilterCap_load      |   in|   32|     ap_none|                                             sbmstate_preFilterCap_load|        scalar|
|cap_cast_i                      |   in|    8|     ap_none|                                                             cap_cast_i|        scalar|
+--------------------------------+-----+-----+------------+-----------------------------------------------------------------------+--------------+

