

================================================================
== Vitis HLS Report for 'xFImageClipUtility_1_s'
================================================================
* Date:           Tue Jun 24 19:15:23 2025

* Version:        2023.1 (Build 3854077 on May  4 2023)
* Project:        stereolbm_axis_cambm.prj
* Solution:       sol1 (Vivado IP Flow Target)
* Product family: zynq
* Target device:  xc7z020-clg400-1


================================================================
== Performance Estimates
================================================================
+ Timing: 
    * Summary: 
    +--------+----------+----------+------------+
    |  Clock |  Target  | Estimated| Uncertainty|
    +--------+----------+----------+------------+
    |ap_clk  |  10.00 ns|  5.162 ns|     2.70 ns|
    +--------+----------+----------+------------+

+ Latency: 
    * Summary: 
    +---------+---------+----------+----------+-----+-----+---------+
    |  Latency (cycles) |  Latency (absolute) |  Interval | Pipeline|
    |   min   |   max   |    min   |    max   | min | max |   Type  |
    +---------+---------+----------+----------+-----+-----+---------+
    |        0|        0|      0 ns|      0 ns|    1|    1|      yes|
    +---------+---------+----------+----------+-----+-----+---------+

    + Detail: 
        * Instance: 
        N/A

        * Loop: 
        N/A



================================================================
== Utilization Estimates
================================================================
* Summary: 
+-----------------+---------+-----+--------+-------+-----+
|       Name      | BRAM_18K| DSP |   FF   |  LUT  | URAM|
+-----------------+---------+-----+--------+-------+-----+
|DSP              |        -|    -|       -|      -|    -|
|Expression       |        -|    -|       0|    158|    -|
|FIFO             |        -|    -|       -|      -|    -|
|Instance         |        -|    -|       -|      -|    -|
|Memory           |        -|    -|       -|      -|    -|
|Multiplexer      |        -|    -|       -|      -|    -|
|Register         |        -|    -|       -|      -|    -|
+-----------------+---------+-----+--------+-------+-----+
|Total            |        0|    0|       0|    158|    0|
+-----------------+---------+-----+--------+-------+-----+
|Available        |      280|  220|  106400|  53200|    0|
+-----------------+---------+-----+--------+-------+-----+
|Utilization (%)  |        0|    0|       0|     ~0|    0|
+-----------------+---------+-----+--------+-------+-----+

+ Detail: 
    * Instance: 
    N/A

    * DSP: 
    N/A

    * Memory: 
    N/A

    * FIFO: 
    N/A

    * Expression: 
    +-----------------------+----------+----+---+----+------------+------------+
    |     Variable Name     | Operation| DSP| FF| LUT| Bitwidth P0| Bitwidth P1|
    +-----------------------+----------+----+---+----+------------+------------+
    |add_ln602_fu_72_p2     |         +|   0|  0|  24|          17|           3|
    |add_ln603_fu_90_p2     |         +|   0|  0|  24|          17|           3|
    |icmp_ln602_1_fu_78_p2  |      icmp|   0|  0|  24|          17|          17|
    |icmp_ln602_2_fu_84_p2  |      icmp|   0|  0|  20|          15|           1|
    |icmp_ln602_fu_66_p2    |      icmp|   0|  0|  20|          15|           1|
    |icmp_ln603_fu_96_p2    |      icmp|   0|  0|  24|          17|          17|
    |or_ln602_1_fu_108_p2   |        or|   0|  0|   2|           1|           1|
    |or_ln602_2_fu_114_p2   |        or|   0|  0|   2|           1|           1|
    |or_ln602_fu_102_p2     |        or|   0|  0|   2|           1|           1|
    |ap_return              |    select|   0|  0|  16|           1|           1|
    +-----------------------+----------+----+---+----+------------+------------+
    |Total                  |          |   0|  0| 158|         102|          46|
    +-----------------------+----------+----+---+----+------------+------------+

    * Multiplexer: 
    N/A

    * Register: 
    N/A



================================================================
== Interface
================================================================
* Summary: 
+-----------+-----+-----+------------+-----------------------+--------------+
| RTL Ports | Dir | Bits|  Protocol  |     Source Object     |    C Type    |
+-----------+-----+-----+------------+-----------------------+--------------+
|ap_ready   |  out|    1|  ap_ctrl_hs|  xFImageClipUtility<1>|  return value|
|ap_return  |  out|   16|  ap_ctrl_hs|  xFImageClipUtility<1>|  return value|
|i          |   in|   15|     ap_none|                      i|        scalar|
|j          |   in|   15|     ap_none|                      j|        scalar|
|height     |   in|   16|     ap_none|                 height|        scalar|
|width      |   in|   16|     ap_none|                  width|        scalar|
|p_read     |   in|   16|     ap_none|                 p_read|        scalar|
+-----------+-----+-----+------------+-----------------------+--------------+

