

================================================================
== Vitis HLS Report for 'xFInitUndistortRectifyMapInverseKernel_Pipeline_loop_height_loop_width'
================================================================
* Date:           Tue Jun 24 19:15:16 2025

* Version:        2023.1 (Build 3854077 on May  4 2023)
* Project:        stereolbm_axis_cambm.prj
* Solution:       sol1 (Vivado IP Flow Target)
* Product family: zynq
* Target device:  xc7z020-clg400-1


================================================================
== Performance Estimates
================================================================
+ Timing: 
    * Summary: 
    +--------+----------+----------+------------+
    |  Clock |  Target  | Estimated| Uncertainty|
    +--------+----------+----------+------------+
    |ap_clk  |  10.00 ns|  6.972 ns|     2.70 ns|
    +--------+----------+----------+------------+

+ Latency: 
    * Summary: 
    +---------+---------+----------+----------+-----+--------+---------+
    |  Latency (cycles) |  Latency (absolute) |   Interval   | Pipeline|
    |   min   |   max   |    min   |    max   | min |   max  |   Type  |
    +---------+---------+----------+----------+-----+--------+---------+
    |       31|   480030|  0.310 us|  4.800 ms|   31|  480030|       no|
    +---------+---------+----------+----------+-----+--------+---------+

    + Detail: 
        * Instance: 
        N/A

        * Loop: 
        +--------------------------+---------+---------+----------+-----------+-----------+------------+----------+
        |                          |  Latency (cycles) | Iteration|  Initiation Interval  |    Trip    |          |
        |         Loop Name        |   min   |   max   |  Latency |  achieved |   target  |    Count   | Pipelined|
        +--------------------------+---------+---------+----------+-----------+-----------+------------+----------+
        |- loop_height_loop_width  |       29|   480028|        30|          1|          1|  1 ~ 480000|       yes|
        +--------------------------+---------+---------+----------+-----------+-----------+------------+----------+



================================================================
== Utilization Estimates
================================================================
* Summary: 
+-----------------+---------+-----+--------+-------+-----+
|       Name      | BRAM_18K| DSP |   FF   |  LUT  | URAM|
+-----------------+---------+-----+--------+-------+-----+
|DSP              |        -|    -|       -|      -|    -|
|Expression       |        -|    -|       0|   3260|    -|
|FIFO             |        -|    -|       -|      -|    -|
|Instance         |        -|   76|    3666|   1118|    -|
|Memory           |        -|    -|       -|      -|    -|
|Multiplexer      |        -|    -|       -|     27|    -|
|Register         |        -|    -|    3510|    384|    -|
+-----------------+---------+-----+--------+-------+-----+
|Total            |        0|   76|    7176|   4789|    0|
+-----------------+---------+-----+--------+-------+-----+
|Available        |      280|  220|  106400|  53200|    0|
+-----------------+---------+-----+--------+-------+-----+
|Utilization (%)  |        0|   34|       6|      9|    0|
+-----------------+---------+-----+--------+-------+-----+

+ Detail: 
    * Instance: 
    +--------------------------+---------------------+---------+----+-----+----+-----+
    |         Instance         |        Module       | BRAM_18K| DSP|  FF | LUT| URAM|
    +--------------------------+---------------------+---------+----+-----+----+-----+
    |mul_32s_11ns_32_2_1_U153  |mul_32s_11ns_32_2_1  |        0|   2|  165|  50|    0|
    |mul_32s_11ns_32_2_1_U154  |mul_32s_11ns_32_2_1  |        0|   2|  165|  50|    0|
    |mul_32s_11ns_32_2_1_U155  |mul_32s_11ns_32_2_1  |        0|   2|  165|  50|    0|
    |mul_32s_11ns_32_2_1_U156  |mul_32s_11ns_32_2_1  |        0|   2|  165|  50|    0|
    |mul_32s_11ns_32_2_1_U157  |mul_32s_11ns_32_2_1  |        0|   2|  165|  50|    0|
    |mul_32s_11ns_32_2_1_U158  |mul_32s_11ns_32_2_1  |        0|   2|  165|  50|    0|
    |mul_32s_32s_52_2_1_U159   |mul_32s_32s_52_2_1   |        0|   4|  165|  50|    0|
    |mul_32s_32s_52_2_1_U160   |mul_32s_32s_52_2_1   |        0|   4|  165|  50|    0|
    |mul_32s_32s_52_2_1_U161   |mul_32s_32s_52_2_1   |        0|   4|  165|  50|    0|
    |mul_32s_32s_52_2_1_U162   |mul_32s_32s_52_2_1   |        0|   4|  165|  50|    0|
    |mul_32s_32s_52_2_1_U163   |mul_32s_32s_52_2_1   |        0|   4|  165|  50|    0|
    |mul_32s_32s_52_2_1_U164   |mul_32s_32s_52_2_1   |        0|   4|  165|  50|    0|
    |mul_32s_32s_52_2_1_U165   |mul_32s_32s_52_2_1   |        0|   4|  165|  50|    0|
    |mul_32s_32s_52_2_1_U166   |mul_32s_32s_52_2_1   |        0|   4|  165|  50|    0|
    |mul_32s_32s_52_2_1_U167   |mul_32s_32s_52_2_1   |        0|   4|  165|  50|    0|
    |mul_32s_32s_52_2_1_U168   |mul_32s_32s_52_2_1   |        0|   4|  165|  50|    0|
    |mul_32s_32s_52_2_1_U169   |mul_32s_32s_52_2_1   |        0|   4|  165|  50|    0|
    |mul_33s_32s_52_2_1_U170   |mul_33s_32s_52_2_1   |        0|   4|  169|  52|    0|
    |mul_34s_32s_52_2_1_U171   |mul_34s_32s_52_2_1   |        0|   4|  173|  54|    0|
    |mul_34s_32s_52_2_1_U172   |mul_34s_32s_52_2_1   |        0|   4|  173|  54|    0|
    |mul_34s_32s_65_2_1_U173   |mul_34s_32s_65_2_1   |        0|   4|  173|  54|    0|
    |mul_34s_32s_65_2_1_U174   |mul_34s_32s_65_2_1   |        0|   4|  173|  54|    0|
    +--------------------------+---------------------+---------+----+-----+----+-----+
    |Total                     |                     |        0|  76| 3666|1118|    0|
    +--------------------------+---------------------+---------+----+-----+----+-----+

    * DSP: 
    N/A

    * Memory: 
    N/A

    * FIFO: 
    N/A

    * Expression: 
    +----------------------------------+----------+----+---+-----+------------+------------+
    |           Variable Name          | Operation| DSP| FF| LUT | Bitwidth P0| Bitwidth P1|
    +----------------------------------+----------+----+---+-----+------------+------------+
    |add_ln112_fu_543_p2               |         +|   0|  0|   32|          32|          32|
    |add_ln113_fu_552_p2               |         +|   0|  0|   32|          32|          32|
    |add_ln128_fu_639_p2               |         +|   0|  0|   59|          52|          52|
    |add_ln131_1_fu_755_p2             |         +|   0|  0|   59|          52|          52|
    |add_ln131_2_fu_796_p2             |         +|   0|  0|   59|          52|          41|
    |add_ln131_fu_709_p2               |         +|   0|  0|   59|          52|          52|
    |add_ln136_1_fu_671_p2             |         +|   0|  0|   41|          34|          34|
    |add_ln136_2_fu_880_p2             |         +|   0|  0|   41|          34|          34|
    |add_ln136_3_fu_930_p2             |         +|   0|  0|   72|          65|          65|
    |add_ln136_4_fu_973_p2             |         +|   0|  0|   24|          17|          17|
    |add_ln136_fu_867_p2               |         +|   0|  0|   40|          33|          33|
    |add_ln137_1_fu_892_p2             |         +|   0|  0|   40|          33|          33|
    |add_ln137_2_fu_905_p2             |         +|   0|  0|   41|          34|          34|
    |add_ln137_3_fu_1048_p2            |         +|   0|  0|   72|          65|          65|
    |add_ln137_4_fu_1091_p2            |         +|   0|  0|   24|          17|          17|
    |add_ln137_fu_688_p2               |         +|   0|  0|   41|          34|          34|
    |add_ln195_fu_463_p2               |         +|   0|  0|   39|          32|           1|
    |add_ln219_1_fu_1439_p2            |         +|   0|  0|   24|          17|           6|
    |add_ln219_2_fu_1624_p2            |         +|   0|  0|   39|          32|           6|
    |add_ln219_3_fu_1781_p2            |         +|   0|  0|   71|          64|          64|
    |add_ln219_4_fu_1852_p2            |         +|   0|  0|    8|           8|           8|
    |add_ln219_fu_1535_p2              |         +|   0|  0|   39|          32|           6|
    |add_ln220_1_fu_1517_p2            |         +|   0|  0|   24|          17|           6|
    |add_ln220_2_fu_1743_p2            |         +|   0|  0|   39|          32|           6|
    |add_ln220_3_fu_1813_p2            |         +|   0|  0|   71|          64|          64|
    |add_ln220_4_fu_1903_p2            |         +|   0|  0|    8|           8|           8|
    |add_ln220_fu_1654_p2              |         +|   0|  0|   39|          32|           6|
    |i_fu_475_p2                       |         +|   0|  0|   23|          16|           1|
    |j_7_fu_510_p2                     |         +|   0|  0|   23|          16|           1|
    |p_x_fu_547_p2                     |         +|   0|  0|   32|          32|          32|
    |p_y_fu_556_p2                     |         +|   0|  0|   32|          32|          32|
    |sub_ln120_fu_561_p2               |         -|   0|  0|   39|          22|          32|
    |sub_ln219_1_fu_1419_p2            |         -|   0|  0|   39|           5|          32|
    |sub_ln219_2_fu_1639_p2            |         -|   0|  0|   39|           5|          32|
    |sub_ln219_3_fu_1847_p2            |         -|   0|  0|    8|           4|           8|
    |sub_ln219_4_fu_1433_p2            |         -|   0|  0|   13|           4|           5|
    |sub_ln219_fu_1359_p2              |         -|   0|  0|   24|           1|          17|
    |sub_ln220_1_fu_1497_p2            |         -|   0|  0|   39|           5|          32|
    |sub_ln220_2_fu_1758_p2            |         -|   0|  0|   39|           5|          32|
    |sub_ln220_3_fu_1898_p2            |         -|   0|  0|    8|           4|           8|
    |sub_ln220_4_fu_1511_p2            |         -|   0|  0|   13|           4|           5|
    |sub_ln220_fu_1373_p2              |         -|   0|  0|   24|           1|          17|
    |w_fu_566_p2                       |         -|   0|  0|   32|          32|          32|
    |winv_fu_571_p2                    |         -|   0|  0|   32|          32|          32|
    |and_ln136_1_fu_1173_p2            |       and|   0|  0|    2|           1|           1|
    |and_ln136_2_fu_1184_p2            |       and|   0|  0|    2|           1|           1|
    |and_ln136_3_fu_1204_p2            |       and|   0|  0|    2|           1|           1|
    |and_ln136_4_fu_1210_p2            |       and|   0|  0|    2|           1|           1|
    |and_ln136_5_fu_1227_p2            |       and|   0|  0|    2|           1|           1|
    |and_ln136_fu_993_p2               |       and|   0|  0|    2|           1|           1|
    |and_ln137_1_fu_1271_p2            |       and|   0|  0|    2|           1|           1|
    |and_ln137_2_fu_1282_p2            |       and|   0|  0|    2|           1|           1|
    |and_ln137_3_fu_1302_p2            |       and|   0|  0|    2|           1|           1|
    |and_ln137_4_fu_1308_p2            |       and|   0|  0|    2|           1|           1|
    |and_ln137_5_fu_1325_p2            |       and|   0|  0|    2|           1|           1|
    |and_ln137_fu_1111_p2              |       and|   0|  0|    2|           1|           1|
    |and_ln219_1_fu_1596_p2            |       and|   0|  0|    2|           1|           1|
    |and_ln219_2_fu_1565_p2            |       and|   0|  0|   17|          17|          17|
    |and_ln219_fu_1576_p2              |       and|   0|  0|    2|           1|           1|
    |and_ln220_1_fu_1715_p2            |       and|   0|  0|    2|           1|           1|
    |and_ln220_2_fu_1684_p2            |       and|   0|  0|   17|          17|          17|
    |and_ln220_fu_1695_p2              |       and|   0|  0|    2|           1|           1|
    |ap_condition_frp_pvb_no_bkwd_prs  |       and|   0|  0|    2|           1|           1|
    |ap_condition_frp_pvb_pf_start     |       and|   0|  0|    2|           1|           1|
    |pf_all_done                       |       and|   0|  0|    2|           1|           1|
    |pf_sync_continue                  |       and|   0|  0|    2|           1|           1|
    |icmp_ln136_1_fu_1025_p2           |      icmp|   0|  0|   14|          13|           2|
    |icmp_ln136_2_fu_1031_p2           |      icmp|   0|  0|   14|          13|           1|
    |icmp_ln136_fu_1009_p2             |      icmp|   0|  0|   12|          12|           2|
    |icmp_ln137_1_fu_1143_p2           |      icmp|   0|  0|   14|          13|           2|
    |icmp_ln137_2_fu_1149_p2           |      icmp|   0|  0|   14|          13|           1|
    |icmp_ln137_fu_1127_p2             |      icmp|   0|  0|   12|          12|           2|
    |icmp_ln195_fu_458_p2              |      icmp|   0|  0|   39|          32|          32|
    |icmp_ln200_fu_481_p2              |      icmp|   0|  0|   23|          16|          16|
    |icmp_ln219_1_fu_1550_p2           |      icmp|   0|  0|   38|          31|           1|
    |icmp_ln219_2_fu_1570_p2           |      icmp|   0|  0|   24|          17|           1|
    |icmp_ln219_3_fu_1618_p2           |      icmp|   0|  0|   39|          32|           1|
    |icmp_ln219_fu_1379_p2             |      icmp|   0|  0|   24|          17|           1|
    |icmp_ln220_1_fu_1669_p2           |      icmp|   0|  0|   38|          31|           1|
    |icmp_ln220_2_fu_1689_p2           |      icmp|   0|  0|   24|          17|           1|
    |icmp_ln220_3_fu_1737_p2           |      icmp|   0|  0|   39|          32|           1|
    |icmp_ln220_fu_1457_p2             |      icmp|   0|  0|   24|          17|           1|
    |lshr_ln219_2_fu_1559_p2           |      lshr|   0|  0|   39|           2|          17|
    |lshr_ln219_fu_1633_p2             |      lshr|   0|  0|  182|          64|          64|
    |lshr_ln220_2_fu_1678_p2           |      lshr|   0|  0|   39|           2|          17|
    |lshr_ln220_fu_1752_p2             |      lshr|   0|  0|  182|          64|          64|
    |or_ln136_1_fu_1240_p2             |        or|   0|  0|    2|           1|           1|
    |or_ln136_2_fu_1215_p2             |        or|   0|  0|    2|           1|           1|
    |or_ln136_fu_1194_p2               |        or|   0|  0|    2|           1|           1|
    |or_ln137_1_fu_1338_p2             |        or|   0|  0|    2|           1|           1|
    |or_ln137_2_fu_1313_p2             |        or|   0|  0|    2|           1|           1|
    |or_ln137_fu_1292_p2               |        or|   0|  0|    2|           1|           1|
    |or_ln219_fu_1601_p2               |        or|   0|  0|    2|           1|           1|
    |or_ln220_fu_1720_p2               |        or|   0|  0|    2|           1|           1|
    |select_ln136_1_fu_1178_p3         |    select|   0|  0|    2|           1|           1|
    |select_ln136_2_fu_1232_p3         |    select|   0|  0|   18|           1|          16|
    |select_ln136_fu_1155_p3           |    select|   0|  0|    2|           1|           1|
    |select_ln137_1_fu_1276_p3         |    select|   0|  0|    2|           1|           1|
    |select_ln137_2_fu_1330_p3         |    select|   0|  0|   18|           1|          16|
    |select_ln137_fu_1253_p3           |    select|   0|  0|    2|           1|           1|
    |select_ln195_1_fu_494_p3          |    select|   0|  0|   16|           1|          16|
    |select_ln195_fu_486_p3            |    select|   0|  0|   16|           1|           1|
    |select_ln219_1_fu_1773_p3         |    select|   0|  0|   64|           1|          64|
    |select_ln219_2_fu_1840_p3         |    select|   0|  0|    7|           1|           7|
    |select_ln219_3_fu_1881_p3         |    select|   0|  0|   32|           1|           1|
    |select_ln219_fu_1384_p3           |    select|   0|  0|   17|           1|          17|
    |select_ln220_1_fu_1805_p3         |    select|   0|  0|   64|           1|          64|
    |select_ln220_2_fu_1891_p3         |    select|   0|  0|    7|           1|           7|
    |select_ln220_3_fu_1932_p3         |    select|   0|  0|   32|           1|           1|
    |select_ln220_fu_1462_p3           |    select|   0|  0|   17|           1|          17|
    |u_fu_1246_p3                      |    select|   0|  0|   17|           1|          17|
    |v_fu_1344_p3                      |    select|   0|  0|   17|           1|          17|
    |shl_ln219_fu_1648_p2              |       shl|   0|  0|  182|          64|          64|
    |shl_ln220_fu_1767_p2              |       shl|   0|  0|  182|          64|          64|
    |ap_enable_pp0                     |       xor|   0|  0|    2|           1|           2|
    |xor_ln136_1_fu_1188_p2            |       xor|   0|  0|    2|           1|           2|
    |xor_ln136_2_fu_1199_p2            |       xor|   0|  0|    2|           1|           2|
    |xor_ln136_3_fu_1221_p2            |       xor|   0|  0|    2|           1|           2|
    |xor_ln136_4_fu_1167_p2            |       xor|   0|  0|    2|           1|           2|
    |xor_ln136_fu_987_p2               |       xor|   0|  0|    2|           1|           2|
    |xor_ln137_1_fu_1286_p2            |       xor|   0|  0|    2|           1|           2|
    |xor_ln137_2_fu_1297_p2            |       xor|   0|  0|    2|           1|           2|
    |xor_ln137_3_fu_1319_p2            |       xor|   0|  0|    2|           1|           2|
    |xor_ln137_4_fu_1265_p2            |       xor|   0|  0|    2|           1|           2|
    |xor_ln137_fu_1105_p2              |       xor|   0|  0|    2|           1|           2|
    |xor_ln219_fu_1590_p2              |       xor|   0|  0|    2|           1|           2|
    |xor_ln220_fu_1709_p2              |       xor|   0|  0|    2|           1|           2|
    +----------------------------------+----------+----+---+-----+------------+------------+
    |Total                             |          |   0|  0| 3260|        1867|        1867|
    +----------------------------------+----------+----+---+-----+------------+------------+

    * Multiplexer: 
    +-----------------------+----+-----------+-----+-----------+
    |          Name         | LUT| Input Size| Bits| Total Bits|
    +-----------------------+----+-----------+-----+-----------+
    |i_6_fu_190             |   9|          2|   16|         32|
    |indvar_flatten_fu_194  |   9|          2|   32|         64|
    |j_fu_186               |   9|          2|   16|         32|
    +-----------------------+----+-----------+-----+-----------+
    |Total                  |  27|          6|   64|        128|
    +-----------------------+----+-----------+-----+-----------+

    * Register: 
    +-----------------------------------+----+----+-----+-----------+
    |                Name               | FF | LUT| Bits| Const Bits|
    +-----------------------------------+----+----+-----+-----------+
    |add_ln136_1_reg_2210               |  34|   0|   34|          0|
    |add_ln136_2_reg_2322               |  34|   0|   34|          0|
    |add_ln136_3_reg_2352               |  65|   0|   65|          0|
    |add_ln136_4_reg_2363               |  17|   0|   17|          0|
    |add_ln137_2_reg_2327               |  34|   0|   34|          0|
    |add_ln137_3_reg_2398               |  65|   0|   65|          0|
    |add_ln137_4_reg_2409               |  17|   0|   17|          0|
    |add_ln137_reg_2215                 |  34|   0|   34|          0|
    |and_ln136_reg_2374                 |   1|   0|    1|          0|
    |and_ln137_reg_2420                 |   1|   0|    1|          0|
    |ap_CS_fsm                          |   1|   0|    1|          0|
    |ap_loop_exit_ready_pp0_iter10_reg  |   1|   0|    1|          0|
    |ap_loop_exit_ready_pp0_iter11_reg  |   1|   0|    1|          0|
    |ap_loop_exit_ready_pp0_iter12_reg  |   1|   0|    1|          0|
    |ap_loop_exit_ready_pp0_iter13_reg  |   1|   0|    1|          0|
    |ap_loop_exit_ready_pp0_iter14_reg  |   1|   0|    1|          0|
    |ap_loop_exit_ready_pp0_iter15_reg  |   1|   0|    1|          0|
    |ap_loop_exit_ready_pp0_iter16_reg  |   1|   0|    1|          0|
    |ap_loop_exit_ready_pp0_iter17_reg  |   1|   0|    1|          0|
    |ap_loop_exit_ready_pp0_iter18_reg  |   1|   0|    1|          0|
    |ap_loop_exit_ready_pp0_iter19_reg  |   1|   0|    1|          0|
    |ap_loop_exit_ready_pp0_iter20_reg  |   1|   0|    1|          0|
    |ap_loop_exit_ready_pp0_iter21_reg  |   1|   0|    1|          0|
    |ap_loop_exit_ready_pp0_iter22_reg  |   1|   0|    1|          0|
    |ap_loop_exit_ready_pp0_iter23_reg  |   1|   0|    1|          0|
    |ap_loop_exit_ready_pp0_iter24_reg  |   1|   0|    1|          0|
    |ap_loop_exit_ready_pp0_iter25_reg  |   1|   0|    1|          0|
    |ap_loop_exit_ready_pp0_iter26_reg  |   1|   0|    1|          0|
    |ap_loop_exit_ready_pp0_iter27_reg  |   1|   0|    1|          0|
    |ap_loop_exit_ready_pp0_iter28_reg  |   1|   0|    1|          0|
    |ap_loop_exit_ready_pp0_iter29_reg  |   1|   0|    1|          0|
    |ap_loop_exit_ready_pp0_iter2_reg   |   1|   0|    1|          0|
    |ap_loop_exit_ready_pp0_iter3_reg   |   1|   0|    1|          0|
    |ap_loop_exit_ready_pp0_iter4_reg   |   1|   0|    1|          0|
    |ap_loop_exit_ready_pp0_iter5_reg   |   1|   0|    1|          0|
    |ap_loop_exit_ready_pp0_iter6_reg   |   1|   0|    1|          0|
    |ap_loop_exit_ready_pp0_iter7_reg   |   1|   0|    1|          0|
    |ap_loop_exit_ready_pp0_iter8_reg   |   1|   0|    1|          0|
    |ap_loop_exit_ready_pp0_iter9_reg   |   1|   0|    1|          0|
    |bit_select30_i_i1_reg_2534         |   1|   0|    1|          0|
    |bit_select30_i_i_reg_2501          |   1|   0|    1|          0|
    |i_6_fu_190                         |  16|   0|   16|          0|
    |icmp_ln136_1_reg_2386              |   1|   0|    1|          0|
    |icmp_ln136_2_reg_2393              |   1|   0|    1|          0|
    |icmp_ln136_reg_2381                |   1|   0|    1|          0|
    |icmp_ln137_1_reg_2432              |   1|   0|    1|          0|
    |icmp_ln137_2_reg_2439              |   1|   0|    1|          0|
    |icmp_ln137_reg_2427                |   1|   0|    1|          0|
    |icmp_ln219_3_reg_2549              |   1|   0|    1|          0|
    |icmp_ln219_reg_2478                |   1|   0|    1|          0|
    |icmp_ln220_3_reg_2569              |   1|   0|    1|          0|
    |icmp_ln220_reg_2511                |   1|   0|    1|          0|
    |indvar_flatten_fu_194              |  32|   0|   32|          0|
    |j_fu_186                           |  16|   0|   16|          0|
    |jfixed_reg_2071                    |  11|   0|   11|          0|
    |kr_reg_2285                        |  32|   0|   32|          0|
    |lshr_ln219_1_reg_2584              |  63|   0|   63|          0|
    |lshr_ln219_reg_2554                |  64|   0|   64|          0|
    |lshr_ln220_1_reg_2594              |  63|   0|   63|          0|
    |lshr_ln220_reg_2574                |  64|   0|   64|          0|
    |mul_ln112_1_reg_2095               |  32|   0|   32|          0|
    |mul_ln112_reg_2090                 |  32|   0|   32|          0|
    |mul_ln113_1_reg_2105               |  32|   0|   32|          0|
    |mul_ln113_reg_2100                 |  32|   0|   32|          0|
    |mul_ln120_1_reg_2115               |  32|   0|   32|          0|
    |mul_ln120_reg_2110                 |  32|   0|   32|          0|
    |mul_ln131_1_reg_2255               |  52|   0|   52|          0|
    |mul_ln131_2_reg_2275               |  52|   0|   52|          0|
    |mul_ln131_reg_2220                 |  52|   0|   52|          0|
    |mul_ln136_3_reg_2342               |  65|   0|   65|          0|
    |mul_ln137_3_reg_2347               |  65|   0|   65|          0|
    |or_ln1_reg_2564                    |   1|   0|    2|          1|
    |or_ln_reg_2544                     |   1|   0|    2|          1|
    |p_2xy_reg_2280                     |  32|   0|   32|          0|
    |p_x_reg_2120                       |  32|   0|   32|          0|
    |p_y_reg_2125                       |  32|   0|   32|          0|
    |pf_all_done                        |   1|   0|    1|          0|
    |r2_reg_2197                        |  32|   0|   32|          0|
    |select_ln219_3_reg_2604            |  32|   0|   32|          0|
    |select_ln219_reg_2483              |  17|   0|   17|          0|
    |select_ln220_3_reg_2609            |  32|   0|   32|          0|
    |select_ln220_reg_2516              |  17|   0|   17|          0|
    |sext_ln126_1_reg_2169              |  52|   0|   52|          0|
    |sext_ln126_reg_2162                |  52|   0|   52|          0|
    |sext_ln131_1_reg_2203              |  52|   0|   52|          0|
    |sext_ln131_cast_reg_2057           |  52|   0|   52|          0|
    |sext_ln136_1_cast_reg_2045         |  52|   0|   52|          0|
    |sext_ln136_2_cast_reg_2040         |  65|   0|   65|          0|
    |sext_ln136_cast_reg_2051           |  52|   0|   52|          0|
    |sext_ln137_cast_reg_2035           |  65|   0|   65|          0|
    |shl_ln219_reg_2559                 |  64|   0|   64|          0|
    |shl_ln220_reg_2579                 |  64|   0|   64|          0|
    |sub_ln219_1_reg_2489               |  32|   0|   32|          0|
    |sub_ln219_4_reg_2496               |   5|   0|    5|          0|
    |sub_ln219_reg_2462                 |  17|   0|   17|          0|
    |sub_ln220_1_reg_2522               |  32|   0|   32|          0|
    |sub_ln220_4_reg_2529               |   5|   0|    5|          0|
    |sub_ln220_reg_2473                 |  17|   0|   17|          0|
    |tmp_13_reg_2187                    |  32|   0|   32|          0|
    |tmp_13_reg_2187_pp0_iter9_reg      |  32|   0|   32|          0|
    |tmp_14_reg_2192                    |  32|   0|   32|          0|
    |tmp_14_reg_2192_pp0_iter9_reg      |  32|   0|   32|          0|
    |tmp_286_reg_2357                   |   1|   0|    1|          0|
    |tmp_289_reg_2368                   |   1|   0|    1|          0|
    |tmp_291_reg_2403                   |   1|   0|    1|          0|
    |tmp_294_reg_2414                   |   1|   0|    1|          0|
    |tmp_296_reg_2456                   |   1|   0|    1|          0|
    |tmp_299_reg_2589                   |   1|   0|    1|          0|
    |tmp_300_reg_2467                   |   1|   0|    1|          0|
    |tmp_303_reg_2599                   |   1|   0|    1|          0|
    |trunc_ln131_1_reg_2260             |  32|   0|   32|          0|
    |trunc_ln136_1_reg_2307             |  32|   0|   32|          0|
    |trunc_ln136_2_reg_2240             |  32|   0|   32|          0|
    |trunc_ln137_1_reg_2245             |  32|   0|   32|          0|
    |trunc_ln137_2_reg_2317             |  32|   0|   32|          0|
    |trunc_ln195_reg_2066               |  11|   0|   11|          0|
    |trunc_ln219_2_reg_2506             |   8|   0|    8|          0|
    |trunc_ln220_2_reg_2539             |   8|   0|    8|          0|
    |trunc_ln2_reg_2302                 |  32|   0|   32|          0|
    |trunc_ln3_reg_2312                 |  32|   0|   32|          0|
    |trunc_ln_reg_2235                  |  32|   0|   32|          0|
    |u_reg_2444                         |  17|   0|   17|          0|
    |v_reg_2450                         |  17|   0|   17|          0|
    |winv_reg_2130                      |  32|   0|   32|          0|
    |x2t_reg_2177                       |  52|   0|   52|          0|
    |x_reg_2151                         |  32|   0|   32|          0|
    |y2t_reg_2182                       |  52|   0|   52|          0|
    |y_reg_2157                         |  32|   0|   32|          0|
    |icmp_ln219_reg_2478                |  64|  32|    1|          0|
    |icmp_ln220_reg_2511                |  64|  32|    1|          0|
    |sext_ln126_1_reg_2169              |  64|  32|   52|          0|
    |sext_ln126_reg_2162                |  64|  32|   52|          0|
    |sext_ln131_1_reg_2203              |  64|  32|   52|          0|
    |tmp_296_reg_2456                   |  64|  32|    1|          0|
    |tmp_300_reg_2467                   |  64|  32|    1|          0|
    |trunc_ln136_2_reg_2240             |  64|  32|   32|          0|
    |trunc_ln137_1_reg_2245             |  64|  32|   32|          0|
    |trunc_ln219_2_reg_2506             |  64|  32|    8|          0|
    |trunc_ln220_2_reg_2539             |  64|  32|    8|          0|
    |x_reg_2151                         |  64|  32|   32|          0|
    +-----------------------------------+----+----+-----+-----------+
    |Total                              |3510| 384| 3016|          2|
    +-----------------------------------+----+----+-----+-----------+



================================================================
== Interface
================================================================
* Summary: 
+------------------------------+-----+-----+------------+------------------------------------------------------------------------+--------------+
|           RTL Ports          | Dir | Bits|  Protocol  |                              Source Object                             |    C Type    |
+------------------------------+-----+-----+------------+------------------------------------------------------------------------+--------------+
|ap_clk                        |   in|    1|  ap_ctrl_hs|  xFInitUndistortRectifyMapInverseKernel_Pipeline_loop_height_loop_width|  return value|
|ap_rst                        |   in|    1|  ap_ctrl_hs|  xFInitUndistortRectifyMapInverseKernel_Pipeline_loop_height_loop_width|  return value|
|ap_start                      |   in|    1|  ap_ctrl_hs|  xFInitUndistortRectifyMapInverseKernel_Pipeline_loop_height_loop_width|  return value|
|ap_done                       |  out|    1|  ap_ctrl_hs|  xFInitUndistortRectifyMapInverseKernel_Pipeline_loop_height_loop_width|  return value|
|ap_idle                       |  out|    1|  ap_ctrl_hs|  xFInitUndistortRectifyMapInverseKernel_Pipeline_loop_height_loop_width|  return value|
|ap_ready                      |  out|    1|  ap_ctrl_hs|  xFInitUndistortRectifyMapInverseKernel_Pipeline_loop_height_loop_width|  return value|
|mapxRMat_data_din             |  out|   32|     ap_fifo|                                                           mapxRMat_data|       pointer|
|mapxRMat_data_num_data_valid  |   in|    2|     ap_fifo|                                                           mapxRMat_data|       pointer|
|mapxRMat_data_fifo_cap        |   in|    2|     ap_fifo|                                                           mapxRMat_data|       pointer|
|mapxRMat_data_full_n          |   in|    1|     ap_fifo|                                                           mapxRMat_data|       pointer|
|mapxRMat_data_write           |  out|    1|     ap_fifo|                                                           mapxRMat_data|       pointer|
|mapyRMat_data_din             |  out|   32|     ap_fifo|                                                           mapyRMat_data|       pointer|
|mapyRMat_data_num_data_valid  |   in|    2|     ap_fifo|                                                           mapyRMat_data|       pointer|
|mapyRMat_data_fifo_cap        |   in|    2|     ap_fifo|                                                           mapyRMat_data|       pointer|
|mapyRMat_data_full_n          |   in|    1|     ap_fifo|                                                           mapyRMat_data|       pointer|
|mapyRMat_data_write           |  out|    1|     ap_fifo|                                                           mapyRMat_data|       pointer|
|mul_ln163                     |   in|   32|     ap_none|                                                               mul_ln163|        scalar|
|cols                          |   in|   16|     ap_none|                                                                    cols|        scalar|
|p_0_0_010436_reload           |   in|   32|     ap_none|                                                     p_0_0_010436_reload|        scalar|
|p_0_0_010440_reload           |   in|   32|     ap_none|                                                     p_0_0_010440_reload|        scalar|
|p_0_0_010434_reload           |   in|   32|     ap_none|                                                     p_0_0_010434_reload|        scalar|
|p_0_0_010428_reload           |   in|   32|     ap_none|                                                     p_0_0_010428_reload|        scalar|
|p_0_0_010430_reload           |   in|   32|     ap_none|                                                     p_0_0_010430_reload|        scalar|
|p_0_0_010424_reload           |   in|   32|     ap_none|                                                     p_0_0_010424_reload|        scalar|
|p_0_0_010418_reload           |   in|   32|     ap_none|                                                     p_0_0_010418_reload|        scalar|
|p_0_0_010420_reload           |   in|   32|     ap_none|                                                     p_0_0_010420_reload|        scalar|
|p_0_0_010442_reload           |   in|   32|     ap_none|                                                     p_0_0_010442_reload|        scalar|
|sext_ln131                    |   in|   32|     ap_none|                                                              sext_ln131|        scalar|
|p_0_0_010312_reload           |   in|   32|     ap_none|                                                     p_0_0_010312_reload|        scalar|
|p_0_0_010314_reload           |   in|   32|     ap_none|                                                     p_0_0_010314_reload|        scalar|
|sext_ln136                    |   in|   32|     ap_none|                                                              sext_ln136|        scalar|
|sext_ln136_1                  |   in|   32|     ap_none|                                                            sext_ln136_1|        scalar|
|sext_ln136_2                  |   in|   32|     ap_none|                                                            sext_ln136_2|        scalar|
|p_0_0_010532_reload           |   in|   32|     ap_none|                                                     p_0_0_010532_reload|        scalar|
|sext_ln137                    |   in|   32|     ap_none|                                                              sext_ln137|        scalar|
|p_0_0_010522_reload           |   in|   32|     ap_none|                                                     p_0_0_010522_reload|        scalar|
+------------------------------+-----+-----+------------+------------------------------------------------------------------------+--------------+

