

================================================================
== Vitis HLS Report for 'xfMat2AXIvideo_8_0_600_800_1_2_s'
================================================================
* Date:           Tue Jun 24 19:15:44 2025

* Version:        2023.1 (Build 3854077 on May  4 2023)
* Project:        stereolbm_axis_cambm.prj
* Solution:       sol1 (Vivado IP Flow Target)
* Product family: zynq
* Target device:  xc7z020-clg400-1


================================================================
== Performance Estimates
================================================================
+ Timing: 
    * Summary: 
    +--------+----------+----------+------------+
    |  Clock |  Target  | Estimated| Uncertainty|
    +--------+----------+----------+------------+
    |ap_clk  |  10.00 ns|  6.186 ns|     2.70 ns|
    +--------+----------+----------+------------+

+ Latency: 
    * Summary: 
    +---------+---------+-----------+----------+-----+--------+---------+
    |  Latency (cycles) |  Latency (absolute)  |   Interval   | Pipeline|
    |   min   |   max   |    min    |    max   | min |   max  |   Type  |
    +---------+---------+-----------+----------+-----+--------+---------+
    |        2|   483002|  20.000 ns|  4.830 ms|    2|  483002|       no|
    +---------+---------+-----------+----------+-----+--------+---------+

    + Detail: 
        * Instance: 
        +--------------------------------------------------------------------+----------------------------------------------------------+---------+---------+-----------+----------+-----+-----+---------+
        |                                                                    |                                                          |  Latency (cycles) |  Latency (absolute)  |  Interval | Pipeline|
        |                              Instance                              |                          Module                          |   min   |   max   |    min    |    max   | min | max |   Type  |
        +--------------------------------------------------------------------+----------------------------------------------------------+---------+---------+-----------+----------+-----+-----+---------+
        |grp_xfMat2AXIvideo_8_0_600_800_1_2_Pipeline_loop_col_mat2axi_fu_86  |xfMat2AXIvideo_8_0_600_800_1_2_Pipeline_loop_col_mat2axi  |        4|      803|  40.000 ns|  8.030 us|    4|  803|       no|
        +--------------------------------------------------------------------+----------------------------------------------------------+---------+---------+-----------+----------+-----+-----+---------+

        * Loop: 
        +--------------------+---------+---------+----------+-----------+-----------+---------+----------+
        |                    |  Latency (cycles) | Iteration|  Initiation Interval  |   Trip  |          |
        |      Loop Name     |   min   |   max   |  Latency |  achieved |   target  |  Count  | Pipelined|
        +--------------------+---------+---------+----------+-----------+-----------+---------+----------+
        |- loop_row_mat2axi  |        0|   483000|   2 ~ 805|          -|          -|  0 ~ 600|        no|
        +--------------------+---------+---------+----------+-----------+-----------+---------+----------+



================================================================
== Utilization Estimates
================================================================
* Summary: 
+-----------------+---------+-----+--------+-------+-----+
|       Name      | BRAM_18K| DSP |   FF   |  LUT  | URAM|
+-----------------+---------+-----+--------+-------+-----+
|DSP              |        -|    -|       -|      -|    -|
|Expression       |        -|    -|       0|    110|    -|
|FIFO             |        -|    -|       -|      -|    -|
|Instance         |        -|    -|      17|    114|    -|
|Memory           |        -|    -|       -|      -|    -|
|Multiplexer      |        -|    -|       -|     52|    -|
|Register         |        -|    -|      48|      -|    -|
+-----------------+---------+-----+--------+-------+-----+
|Total            |        0|    0|      65|    276|    0|
+-----------------+---------+-----+--------+-------+-----+
|Available        |      280|  220|  106400|  53200|    0|
+-----------------+---------+-----+--------+-------+-----+
|Utilization (%)  |        0|    0|      ~0|     ~0|    0|
+-----------------+---------+-----+--------+-------+-----+

+ Detail: 
    * Instance: 
    +--------------------------------------------------------------------+----------------------------------------------------------+---------+----+----+-----+-----+
    |                              Instance                              |                          Module                          | BRAM_18K| DSP| FF | LUT | URAM|
    +--------------------------------------------------------------------+----------------------------------------------------------+---------+----+----+-----+-----+
    |grp_xfMat2AXIvideo_8_0_600_800_1_2_Pipeline_loop_col_mat2axi_fu_86  |xfMat2AXIvideo_8_0_600_800_1_2_Pipeline_loop_col_mat2axi  |        0|   0|  17|  114|    0|
    +--------------------------------------------------------------------+----------------------------------------------------------+---------+----+----+-----+-----+
    |Total                                                               |                                                          |        0|   0|  17|  114|    0|
    +--------------------------------------------------------------------+----------------------------------------------------------+---------+----+----+-----+-----+

    * DSP: 
    N/A

    * Memory: 
    N/A

    * FIFO: 
    N/A

    * Expression: 
    +-----------------------------------------------------------------------------------+----------+----+---+----+------------+------------+
    |                                   Variable Name                                   | Operation| DSP| FF| LUT| Bitwidth P0| Bitwidth P1|
    +-----------------------------------------------------------------------------------+----------+----+---+----+------------+------------+
    |i_2_fu_147_p2                                                                      |         +|   0|  0|  13|          10|           1|
    |sub_fu_113_p2                                                                      |         +|   0|  0|  13|          10|           2|
    |ap_block_state3_on_subcall_done                                                    |       and|   0|  0|   2|           1|           1|
    |grp_xfMat2AXIvideo_8_0_600_800_1_2_Pipeline_loop_col_mat2axi_fu_86_vid_out_TREADY  |       and|   0|  0|   2|           1|           1|
    |cmp91_fu_119_p2                                                                    |      icmp|   0|  0|  39|          32|           1|
    |icmp_ln197_fu_142_p2                                                               |      icmp|   0|  0|  39|          32|          32|
    |ap_block_state1                                                                    |        or|   0|  0|   2|           1|           1|
    +-----------------------------------------------------------------------------------+----------+----+---+----+------------+------------+
    |Total                                                                              |          |   0|  0| 110|          87|          39|
    +-----------------------------------------------------------------------------------+----------+----+---+----+------------+------------+

    * Multiplexer: 
    +-----------------------------+----+-----------+-----+-----------+
    |             Name            | LUT| Input Size| Bits| Total Bits|
    +-----------------------------+----+-----------+-----+-----------+
    |ap_NS_fsm                    |  25|          5|    1|          5|
    |ap_done                      |   9|          2|    1|          2|
    |i_fu_66                      |   9|          2|   10|         20|
    |img_disp8u_dilate_data_read  |   9|          2|    1|          2|
    +-----------------------------+----+-----------+-----+-----------+
    |Total                        |  52|         11|   13|         29|
    +-----------------------------+----+-----------+-----+-----------+

    * Register: 
    +---------------------------------------------------------------------------------+----+----+-----+-----------+
    |                                       Name                                      | FF | LUT| Bits| Const Bits|
    +---------------------------------------------------------------------------------+----+----+-----+-----------+
    |ap_CS_fsm                                                                        |   4|   0|    4|          0|
    |ap_done_reg                                                                      |   1|   0|    1|          0|
    |cmp91_reg_195                                                                    |   1|   0|    1|          0|
    |empty_reg_185                                                                    |  10|   0|   10|          0|
    |grp_xfMat2AXIvideo_8_0_600_800_1_2_Pipeline_loop_col_mat2axi_fu_86_ap_start_reg  |   1|   0|    1|          0|
    |i_2_reg_202                                                                      |  10|   0|   10|          0|
    |i_fu_66                                                                          |  10|   0|   10|          0|
    |sof_fu_70                                                                        |   1|   0|    1|          0|
    |sub_reg_190                                                                      |  10|   0|   10|          0|
    +---------------------------------------------------------------------------------+----+----+-----+-----------+
    |Total                                                                            |  48|   0|   48|          0|
    +---------------------------------------------------------------------------------+----+----+-----+-----------+



================================================================
== Interface
================================================================
* Summary: 
+---------------------------------------+-----+-----+------------+--------------------------------------+--------------+
|               RTL Ports               | Dir | Bits|  Protocol  |             Source Object            |    C Type    |
+---------------------------------------+-----+-----+------------+--------------------------------------+--------------+
|ap_clk                                 |   in|    1|  ap_ctrl_hs|  xfMat2AXIvideo<8, 0, 600, 800, 1, 2>|  return value|
|ap_rst                                 |   in|    1|  ap_ctrl_hs|  xfMat2AXIvideo<8, 0, 600, 800, 1, 2>|  return value|
|ap_start                               |   in|    1|  ap_ctrl_hs|  xfMat2AXIvideo<8, 0, 600, 800, 1, 2>|  return value|
|ap_done                                |  out|    1|  ap_ctrl_hs|  xfMat2AXIvideo<8, 0, 600, 800, 1, 2>|  return value|
|ap_continue                            |   in|    1|  ap_ctrl_hs|  xfMat2AXIvideo<8, 0, 600, 800, 1, 2>|  return value|
|ap_idle                                |  out|    1|  ap_ctrl_hs|  xfMat2AXIvideo<8, 0, 600, 800, 1, 2>|  return value|
|ap_ready                               |  out|    1|  ap_ctrl_hs|  xfMat2AXIvideo<8, 0, 600, 800, 1, 2>|  return value|
|p_read                                 |   in|   32|     ap_none|                                p_read|        scalar|
|p_read1                                |   in|   32|     ap_none|                               p_read1|        scalar|
|img_disp8u_dilate_data_dout            |   in|    8|     ap_fifo|                img_disp8u_dilate_data|       pointer|
|img_disp8u_dilate_data_num_data_valid  |   in|    2|     ap_fifo|                img_disp8u_dilate_data|       pointer|
|img_disp8u_dilate_data_fifo_cap        |   in|    2|     ap_fifo|                img_disp8u_dilate_data|       pointer|
|img_disp8u_dilate_data_empty_n         |   in|    1|     ap_fifo|                img_disp8u_dilate_data|       pointer|
|img_disp8u_dilate_data_read            |  out|    1|     ap_fifo|                img_disp8u_dilate_data|       pointer|
|vid_out_TDATA                          |  out|    8|        axis|                      vid_out_V_data_V|       pointer|
|vid_out_TVALID                         |  out|    1|        axis|                      vid_out_V_dest_V|       pointer|
|vid_out_TREADY                         |   in|    1|        axis|                      vid_out_V_dest_V|       pointer|
|vid_out_TDEST                          |  out|    1|        axis|                      vid_out_V_dest_V|       pointer|
|vid_out_TKEEP                          |  out|    1|        axis|                      vid_out_V_keep_V|       pointer|
|vid_out_TSTRB                          |  out|    1|        axis|                      vid_out_V_strb_V|       pointer|
|vid_out_TUSER                          |  out|    1|        axis|                      vid_out_V_user_V|       pointer|
|vid_out_TLAST                          |  out|    1|        axis|                      vid_out_V_last_V|       pointer|
|vid_out_TID                            |  out|    1|        axis|                        vid_out_V_id_V|       pointer|
+---------------------------------------+-----+-----+------------+--------------------------------------+--------------+

