

================================================================
== Vitis HLS Report for 'xFReadOutStream_600_800_1_2_4_0_3_800_5'
================================================================
* Date:           Tue Jun 24 19:15:24 2025

* Version:        2023.1 (Build 3854077 on May  4 2023)
* Project:        stereolbm_axis_cambm.prj
* Solution:       sol1 (Vivado IP Flow Target)
* Product family: zynq
* Target device:  xc7z020-clg400-1


================================================================
== Performance Estimates
================================================================
+ Timing: 
    * Summary: 
    +--------+----------+----------+------------+
    |  Clock |  Target  | Estimated| Uncertainty|
    +--------+----------+----------+------------+
    |ap_clk  |  10.00 ns|  5.742 ns|     2.70 ns|
    +--------+----------+----------+------------+

+ Latency: 
    * Summary: 
    +---------+---------+----------+----------+--------+--------+---------+
    |  Latency (cycles) |  Latency (absolute) |     Interval    | Pipeline|
    |   min   |   max   |    min   |    max   |   min  |   max  |   Type  |
    +---------+---------+----------+----------+--------+--------+---------+
    |   482401|   482401|  4.824 ms|  4.824 ms|  482401|  482401|       no|
    +---------+---------+----------+----------+--------+--------+---------+

    + Detail: 
        * Instance: 
        +--------------------------------------------------------------------------+----------------------------------------------------------------+---------+---------+----------+----------+-----+-----+---------+
        |                                                                          |                                                                |  Latency (cycles) |  Latency (absolute) |  Interval | Pipeline|
        |                                 Instance                                 |                             Module                             |   min   |   max   |    min   |    max   | min | max |   Type  |
        +--------------------------------------------------------------------------+----------------------------------------------------------------+---------+---------+----------+----------+-----+-----+---------+
        |grp_xFReadOutStream_600_800_1_2_4_0_3_800_5_Pipeline_loop_col_clip_fu_62  |xFReadOutStream_600_800_1_2_4_0_3_800_5_Pipeline_loop_col_clip  |      802|      802|  8.020 us|  8.020 us|  802|  802|       no|
        +--------------------------------------------------------------------------+----------------------------------------------------------------+---------+---------+----------+----------+-----+-----+---------+

        * Loop: 
        +-----------------+---------+---------+----------+-----------+-----------+------+----------+
        |                 |  Latency (cycles) | Iteration|  Initiation Interval  | Trip |          |
        |    Loop Name    |   min   |   max   |  Latency |  achieved |   target  | Count| Pipelined|
        +-----------------+---------+---------+----------+-----------+-----------+------+----------+
        |- loop_row_clip  |   482400|   482400|       804|          -|          -|   600|        no|
        +-----------------+---------+---------+----------+-----------+-----------+------+----------+



================================================================
== Utilization Estimates
================================================================
* Summary: 
+-----------------+---------+-----+--------+-------+-----+
|       Name      | BRAM_18K| DSP |   FF   |  LUT  | URAM|
+-----------------+---------+-----+--------+-------+-----+
|DSP              |        -|    -|       -|      -|    -|
|Expression       |        -|    -|       0|     45|    -|
|FIFO             |        -|    -|       -|      -|    -|
|Instance         |        -|    -|      18|     92|    -|
|Memory           |        -|    -|       -|      -|    -|
|Multiplexer      |        -|    -|       -|     65|    -|
|Register         |        -|    -|      52|      -|    -|
+-----------------+---------+-----+--------+-------+-----+
|Total            |        0|    0|      70|    202|    0|
+-----------------+---------+-----+--------+-------+-----+
|Available        |      280|  220|  106400|  53200|    0|
+-----------------+---------+-----+--------+-------+-----+
|Utilization (%)  |        0|    0|      ~0|     ~0|    0|
+-----------------+---------+-----+--------+-------+-----+

+ Detail: 
    * Instance: 
    +--------------------------------------------------------------------------+----------------------------------------------------------------+---------+----+----+----+-----+
    |                                 Instance                                 |                             Module                             | BRAM_18K| DSP| FF | LUT| URAM|
    +--------------------------------------------------------------------------+----------------------------------------------------------------+---------+----+----+----+-----+
    |grp_xFReadOutStream_600_800_1_2_4_0_3_800_5_Pipeline_loop_col_clip_fu_62  |xFReadOutStream_600_800_1_2_4_0_3_800_5_Pipeline_loop_col_clip  |        0|   0|  18|  92|    0|
    +--------------------------------------------------------------------------+----------------------------------------------------------------+---------+----+----+----+-----+
    |Total                                                                     |                                                                |        0|   0|  18|  92|    0|
    +--------------------------------------------------------------------------+----------------------------------------------------------------+---------+----+----+----+-----+

    * DSP: 
    N/A

    * Memory: 
    N/A

    * FIFO: 
    N/A

    * Expression: 
    +---------------------+----------+----+---+----+------------+------------+
    |    Variable Name    | Operation| DSP| FF| LUT| Bitwidth P0| Bitwidth P1|
    +---------------------+----------+----+---+----+------------+------------+
    |i_8_fu_86_p2         |         +|   0|  0|  20|          15|           1|
    |icmp_ln665_fu_81_p2  |      icmp|   0|  0|  23|          16|          16|
    |ap_block_state1      |        or|   0|  0|   2|           1|           1|
    +---------------------+----------+----+---+----+------------+------------+
    |Total                |          |   0|  0|  45|          32|          18|
    +---------------------+----------+----+---+----+------------+------------+

    * Multiplexer: 
    +-------------------------+----+-----------+-----+-----------+
    |           Name          | LUT| Input Size| Bits| Total Bits|
    +-------------------------+----+-----------+-----+-----------+
    |ap_NS_fsm                |  20|          4|    1|          4|
    |ap_done                  |   9|          2|    1|          2|
    |height_blk_n             |   9|          2|    1|          2|
    |i_fu_46                  |   9|          2|   15|         30|
    |in_sobel_y_i4_data_read  |   9|          2|    1|          2|
    |width_blk_n              |   9|          2|    1|          2|
    +-------------------------+----+-----------+-----+-----------+
    |Total                    |  65|         14|   20|         42|
    +-------------------------+----+-----------+-----+-----------+

    * Register: 
    +---------------------------------------------------------------------------------------+----+----+-----+-----------+
    |                                          Name                                         | FF | LUT| Bits| Const Bits|
    +---------------------------------------------------------------------------------------+----+----+-----+-----------+
    |ap_CS_fsm                                                                              |   3|   0|    3|          0|
    |ap_done_reg                                                                            |   1|   0|    1|          0|
    |grp_xFReadOutStream_600_800_1_2_4_0_3_800_5_Pipeline_loop_col_clip_fu_62_ap_start_reg  |   1|   0|    1|          0|
    |height_read_reg_109                                                                    |  16|   0|   16|          0|
    |i_fu_46                                                                                |  15|   0|   15|          0|
    |width_read_reg_104                                                                     |  16|   0|   16|          0|
    +---------------------------------------------------------------------------------------+----+----+-----+-----------+
    |Total                                                                                  |  52|   0|   52|          0|
    +---------------------------------------------------------------------------------------+----+----+-----+-----------+



================================================================
== Interface
================================================================
* Summary: 
+-----------------------------------+-----+-----+------------+-------------------------------------------------+--------------+
|             RTL Ports             | Dir | Bits|  Protocol  |                  Source Object                  |    C Type    |
+-----------------------------------+-----+-----+------------+-------------------------------------------------+--------------+
|ap_clk                             |   in|    1|  ap_ctrl_hs|  xFReadOutStream<600, 800, 1, 2, 4, 0, 3, 800>.5|  return value|
|ap_rst                             |   in|    1|  ap_ctrl_hs|  xFReadOutStream<600, 800, 1, 2, 4, 0, 3, 800>.5|  return value|
|ap_start                           |   in|    1|  ap_ctrl_hs|  xFReadOutStream<600, 800, 1, 2, 4, 0, 3, 800>.5|  return value|
|ap_done                            |  out|    1|  ap_ctrl_hs|  xFReadOutStream<600, 800, 1, 2, 4, 0, 3, 800>.5|  return value|
|ap_continue                        |   in|    1|  ap_ctrl_hs|  xFReadOutStream<600, 800, 1, 2, 4, 0, 3, 800>.5|  return value|
|ap_idle                            |  out|    1|  ap_ctrl_hs|  xFReadOutStream<600, 800, 1, 2, 4, 0, 3, 800>.5|  return value|
|ap_ready                           |  out|    1|  ap_ctrl_hs|  xFReadOutStream<600, 800, 1, 2, 4, 0, 3, 800>.5|  return value|
|in_sobel_y_i4_data_dout            |   in|   16|     ap_fifo|                               in_sobel_y_i4_data|       pointer|
|in_sobel_y_i4_data_num_data_valid  |   in|    2|     ap_fifo|                               in_sobel_y_i4_data|       pointer|
|in_sobel_y_i4_data_fifo_cap        |   in|    2|     ap_fifo|                               in_sobel_y_i4_data|       pointer|
|in_sobel_y_i4_data_empty_n         |   in|    1|     ap_fifo|                               in_sobel_y_i4_data|       pointer|
|in_sobel_y_i4_data_read            |  out|    1|     ap_fifo|                               in_sobel_y_i4_data|       pointer|
|height_dout                        |   in|   16|     ap_fifo|                                           height|       pointer|
|height_num_data_valid              |   in|    3|     ap_fifo|                                           height|       pointer|
|height_fifo_cap                    |   in|    3|     ap_fifo|                                           height|       pointer|
|height_empty_n                     |   in|    1|     ap_fifo|                                           height|       pointer|
|height_read                        |  out|    1|     ap_fifo|                                           height|       pointer|
|width_dout                         |   in|   16|     ap_fifo|                                            width|       pointer|
|width_num_data_valid               |   in|    3|     ap_fifo|                                            width|       pointer|
|width_fifo_cap                     |   in|    3|     ap_fifo|                                            width|       pointer|
|width_empty_n                      |   in|    1|     ap_fifo|                                            width|       pointer|
|width_read                         |  out|    1|     ap_fifo|                                            width|       pointer|
+-----------------------------------+-----+-----+------------+-------------------------------------------------+--------------+

