

================================================================
== Vitis HLS Report for 'xFReadOutStream_600_800_1_2_4_0_3_800_5_Pipeline_loop_col_clip'
================================================================
* Date:           Tue Jun 24 19:15:24 2025

* Version:        2023.1 (Build 3854077 on May  4 2023)
* Project:        stereolbm_axis_cambm.prj
* Solution:       sol1 (Vivado IP Flow Target)
* Product family: zynq
* Target device:  xc7z020-clg400-1


================================================================
== Performance Estimates
================================================================
+ Timing: 
    * Summary: 
    +--------+----------+----------+------------+
    |  Clock |  Target  | Estimated| Uncertainty|
    +--------+----------+----------+------------+
    |ap_clk  |  10.00 ns|  3.665 ns|     2.70 ns|
    +--------+----------+----------+------------+

+ Latency: 
    * Summary: 
    +---------+---------+----------+----------+-----+-----+---------+
    |  Latency (cycles) |  Latency (absolute) |  Interval | Pipeline|
    |   min   |   max   |    min   |    max   | min | max |   Type  |
    +---------+---------+----------+----------+-----+-----+---------+
    |      802|      802|  8.020 us|  8.020 us|  802|  802|       no|
    +---------+---------+----------+----------+-----+-----+---------+

    + Detail: 
        * Instance: 
        N/A

        * Loop: 
        +-----------------+---------+---------+----------+-----------+-----------+------+----------+
        |                 |  Latency (cycles) | Iteration|  Initiation Interval  | Trip |          |
        |    Loop Name    |   min   |   max   |  Latency |  achieved |   target  | Count| Pipelined|
        +-----------------+---------+---------+----------+-----------+-----------+------+----------+
        |- loop_col_clip  |      800|      800|         2|          1|          1|   800|       yes|
        +-----------------+---------+---------+----------+-----------+-----------+------+----------+



================================================================
== Utilization Estimates
================================================================
* Summary: 
+-----------------+---------+-----+--------+-------+-----+
|       Name      | BRAM_18K| DSP |   FF   |  LUT  | URAM|
+-----------------+---------+-----+--------+-------+-----+
|DSP              |        -|    -|       -|      -|    -|
|Expression       |        -|    -|       0|     47|    -|
|FIFO             |        -|    -|       -|      -|    -|
|Instance         |        -|    -|       -|      -|    -|
|Memory           |        -|    -|       -|      -|    -|
|Multiplexer      |        -|    -|       -|     45|    -|
|Register         |        -|    -|      18|      -|    -|
+-----------------+---------+-----+--------+-------+-----+
|Total            |        0|    0|      18|     92|    0|
+-----------------+---------+-----+--------+-------+-----+
|Available        |      280|  220|  106400|  53200|    0|
+-----------------+---------+-----+--------+-------+-----+
|Utilization (%)  |        0|    0|      ~0|     ~0|    0|
+-----------------+---------+-----+--------+-------+-----+

+ Detail: 
    * Instance: 
    N/A

    * DSP: 
    N/A

    * Memory: 
    N/A

    * FIFO: 
    N/A

    * Expression: 
    +---------------------------+----------+----+---+----+------------+------------+
    |       Variable Name       | Operation| DSP| FF| LUT| Bitwidth P0| Bitwidth P1|
    +---------------------------+----------+----+---+----+------------+------------+
    |add_ln671_fu_68_p2         |         +|   0|  0|  20|          15|           1|
    |ap_block_pp0_stage0_11001  |       and|   0|  0|   2|           1|           1|
    |icmp_ln671_fu_62_p2        |      icmp|   0|  0|  23|          16|          16|
    |ap_enable_pp0              |       xor|   0|  0|   2|           1|           2|
    +---------------------------+----------+----+---+----+------------+------------+
    |Total                      |          |   0|  0|  47|          33|          20|
    +---------------------------+----------+----+---+----+------------+------------+

    * Multiplexer: 
    +----------------------------+----+-----------+-----+-----------+
    |            Name            | LUT| Input Size| Bits| Total Bits|
    +----------------------------+----+-----------+-----+-----------+
    |ap_done_int                 |   9|          2|    1|          2|
    |ap_enable_reg_pp0_iter1     |   9|          2|    1|          2|
    |ap_sig_allocacmp_j_02_load  |   9|          2|   15|         30|
    |in_sobel_y_i4_data_blk_n    |   9|          2|    1|          2|
    |j_02_fu_34                  |   9|          2|   15|         30|
    +----------------------------+----+-----------+-----+-----------+
    |Total                       |  45|         10|   33|         66|
    +----------------------------+----+-----------+-----+-----------+

    * Register: 
    +-------------------------+----+----+-----+-----------+
    |           Name          | FF | LUT| Bits| Const Bits|
    +-------------------------+----+----+-----+-----------+
    |ap_CS_fsm                |   1|   0|    1|          0|
    |ap_done_reg              |   1|   0|    1|          0|
    |ap_enable_reg_pp0_iter1  |   1|   0|    1|          0|
    |j_02_fu_34               |  15|   0|   15|          0|
    +-------------------------+----+----+-----+-----------+
    |Total                    |  18|   0|   18|          0|
    +-------------------------+----+----+-----+-----------+



================================================================
== Interface
================================================================
* Summary: 
+-----------------------------------+-----+-----+------------+------------------------------------------------------------------------+--------------+
|             RTL Ports             | Dir | Bits|  Protocol  |                              Source Object                             |    C Type    |
+-----------------------------------+-----+-----+------------+------------------------------------------------------------------------+--------------+
|ap_clk                             |   in|    1|  ap_ctrl_hs|  xFReadOutStream<600, 800, 1, 2, 4, 0, 3, 800>.5_Pipeline_loop_col_clip|  return value|
|ap_rst                             |   in|    1|  ap_ctrl_hs|  xFReadOutStream<600, 800, 1, 2, 4, 0, 3, 800>.5_Pipeline_loop_col_clip|  return value|
|ap_start                           |   in|    1|  ap_ctrl_hs|  xFReadOutStream<600, 800, 1, 2, 4, 0, 3, 800>.5_Pipeline_loop_col_clip|  return value|
|ap_done                            |  out|    1|  ap_ctrl_hs|  xFReadOutStream<600, 800, 1, 2, 4, 0, 3, 800>.5_Pipeline_loop_col_clip|  return value|
|ap_idle                            |  out|    1|  ap_ctrl_hs|  xFReadOutStream<600, 800, 1, 2, 4, 0, 3, 800>.5_Pipeline_loop_col_clip|  return value|
|ap_ready                           |  out|    1|  ap_ctrl_hs|  xFReadOutStream<600, 800, 1, 2, 4, 0, 3, 800>.5_Pipeline_loop_col_clip|  return value|
|in_sobel_y_i4_data_dout            |   in|   16|     ap_fifo|                                                      in_sobel_y_i4_data|       pointer|
|in_sobel_y_i4_data_num_data_valid  |   in|    2|     ap_fifo|                                                      in_sobel_y_i4_data|       pointer|
|in_sobel_y_i4_data_fifo_cap        |   in|    2|     ap_fifo|                                                      in_sobel_y_i4_data|       pointer|
|in_sobel_y_i4_data_empty_n         |   in|    1|     ap_fifo|                                                      in_sobel_y_i4_data|       pointer|
|in_sobel_y_i4_data_read            |  out|    1|     ap_fifo|                                                      in_sobel_y_i4_data|       pointer|
|width_load                         |   in|   16|     ap_none|                                                              width_load|        scalar|
+-----------------------------------+-----+-----+------------+------------------------------------------------------------------------+--------------+

