

================================================================
== Vitis HLS Report for 'xFRemapLI_0_0_1_7_128_600_800_1_2_2_2_2_false_Pipeline_loop_width'
================================================================
* Date:           Tue Jun 24 19:15:20 2025

* Version:        2023.1 (Build 3854077 on May  4 2023)
* Project:        stereolbm_axis_cambm.prj
* Solution:       sol1 (Vivado IP Flow Target)
* Product family: zynq
* Target device:  xc7z020-clg400-1


================================================================
== Performance Estimates
================================================================
+ Timing: 
    * Summary: 
    +--------+----------+----------+------------+
    |  Clock |  Target  | Estimated| Uncertainty|
    +--------+----------+----------+------------+
    |ap_clk  |  10.00 ns|  7.143 ns|     2.70 ns|
    +--------+----------+----------+------------+

+ Latency: 
    * Summary: 
    +---------+---------+----------+----------+-----+-----+---------+
    |  Latency (cycles) |  Latency (absolute) |  Interval | Pipeline|
    |   min   |   max   |    min   |    max   | min | max |   Type  |
    +---------+---------+----------+----------+-----+-----+---------+
    |       19|      820|  0.190 us|  8.200 us|   19|  820|       no|
    +---------+---------+----------+----------+-----+-----+---------+

    + Detail: 
        * Instance: 
        N/A

        * Loop: 
        +--------------+---------+---------+----------+-----------+-----------+---------+----------+
        |              |  Latency (cycles) | Iteration|  Initiation Interval  |   Trip  |          |
        |   Loop Name  |   min   |   max   |  Latency |  achieved |   target  |  Count  | Pipelined|
        +--------------+---------+---------+----------+-----------+-----------+---------+----------+
        |- loop_width  |       17|      818|        18|          1|          1|  1 ~ 802|       yes|
        +--------------+---------+---------+----------+-----------+-----------+---------+----------+



================================================================
== Utilization Estimates
================================================================
* Summary: 
+-----------------+---------+-----+--------+-------+-----+
|       Name      | BRAM_18K| DSP |   FF   |  LUT  | URAM|
+-----------------+---------+-----+--------+-------+-----+
|DSP              |        -|    2|       -|      -|    -|
|Expression       |        -|    -|       0|   2247|    -|
|FIFO             |        -|    -|       -|      -|    -|
|Instance         |        -|    8|     286|    849|    -|
|Memory           |       64|    -|       0|      0|    0|
|Multiplexer      |        -|    -|       -|     90|    -|
|Register         |        -|    -|    2120|    608|    -|
+-----------------+---------+-----+--------+-------+-----+
|Total            |       64|   10|    2406|   3794|    0|
+-----------------+---------+-----+--------+-------+-----+
|Available        |      280|  220|  106400|  53200|    0|
+-----------------+---------+-----+--------+-------+-----+
|Utilization (%)  |       22|    4|       2|      7|    0|
+-----------------+---------+-----+--------+-------+-----+

+ Detail: 
    * Instance: 
    +------------------------------------+-------------------------------+---------+----+-----+-----+-----+
    |              Instance              |             Module            | BRAM_18K| DSP|  FF | LUT | URAM|
    +------------------------------------+-------------------------------+---------+----+-----+-----+-----+
    |fcmp_32ns_32ns_1_2_no_dsp_1_U298    |fcmp_32ns_32ns_1_2_no_dsp_1    |        0|   0|    0|    0|    0|
    |fcmp_32ns_32ns_1_2_no_dsp_1_U299    |fcmp_32ns_32ns_1_2_no_dsp_1    |        0|   0|    0|    0|    0|
    |fmul_32ns_32ns_32_4_max_dsp_1_U296  |fmul_32ns_32ns_32_4_max_dsp_1  |        0|   3|  143|  321|    0|
    |fmul_32ns_32ns_32_4_max_dsp_1_U297  |fmul_32ns_32ns_32_4_max_dsp_1  |        0|   3|  143|  321|    0|
    |mul_11ns_8ns_18_1_1_U305            |mul_11ns_8ns_18_1_1            |        0|   1|    0|    6|    0|
    |mul_11ns_8ns_18_1_1_U306            |mul_11ns_8ns_18_1_1            |        0|   1|    0|    6|    0|
    |mul_5ns_5ns_10_1_1_U304             |mul_5ns_5ns_10_1_1             |        0|   0|    0|   17|    0|
    |mul_6ns_5ns_11_1_1_U302             |mul_6ns_5ns_11_1_1             |        0|   0|    0|   26|    0|
    |mul_6ns_5ns_11_1_1_U303             |mul_6ns_5ns_11_1_1             |        0|   0|    0|   26|    0|
    |mul_8s_10ns_15_1_1_U300             |mul_8s_10ns_15_1_1             |        0|   0|    0|   63|    0|
    |mul_8s_10ns_15_1_1_U301             |mul_8s_10ns_15_1_1             |        0|   0|    0|   63|    0|
    +------------------------------------+-------------------------------+---------+----+-----+-----+-----+
    |Total                               |                               |        0|   8|  286|  849|    0|
    +------------------------------------+-------------------------------+---------+----+-----+-----+-----+

    * DSP: 
    +----------------------------------------------+-----------------------------------------+---------------------+
    |                   Instance                   |                  Module                 |      Expression     |
    +----------------------------------------------+-----------------------------------------+---------------------+
    |ama_submuladd_11ns_11ns_8ns_18ns_18_4_1_U307  |ama_submuladd_11ns_11ns_8ns_18ns_18_4_1  |  (i0 - i1) * i2 + i3|
    |mac_muladd_10ns_8ns_18ns_18_4_1_U308          |mac_muladd_10ns_8ns_18ns_18_4_1          |         i0 + i1 * i2|
    +----------------------------------------------+-----------------------------------------+---------------------+

    * Memory: 
    +---------+----------------------------------------------------------------------------------+---------+---+----+-----+-------+-----+------+-------------+
    |  Memory |                                      Module                                      | BRAM_18K| FF| LUT| URAM| Words | Bits| Banks| W*Bits*Banks|
    +---------+----------------------------------------------------------------------------------+---------+---+----+-----+-------+-----+------+-------------+
    |buf_U    |xFRemapLI_0_0_1_7_128_600_800_1_2_2_2_2_false_6_Pipeline_loop_width_buf_RAM_Abkb  |       16|  0|   0|    0|  26065|    8|     1|       208520|
    |buf_5_U  |xFRemapLI_0_0_1_7_128_600_800_1_2_2_2_2_false_6_Pipeline_loop_width_buf_RAM_Abkb  |       16|  0|   0|    0|  26065|    8|     1|       208520|
    |buf_4_U  |xFRemapLI_0_0_1_7_128_600_800_1_2_2_2_2_false_6_Pipeline_loop_width_buf_RAM_Abkb  |       16|  0|   0|    0|  26065|    8|     1|       208520|
    |buf_3_U  |xFRemapLI_0_0_1_7_128_600_800_1_2_2_2_2_false_6_Pipeline_loop_width_buf_RAM_Abkb  |       16|  0|   0|    0|  26065|    8|     1|       208520|
    +---------+----------------------------------------------------------------------------------+---------+---+----+-----+-------+-----+------+-------------+
    |Total    |                                                                                  |       64|  0|   0|    0| 104260|   32|     4|       834080|
    +---------+----------------------------------------------------------------------------------+---------+---+----+-----+-------+-----+------+-------------+

    * FIFO: 
    N/A

    * Expression: 
    +-------------------------------------+----------+----+---+-----+------------+------------+
    |            Variable Name            | Operation| DSP| FF| LUT | Bitwidth P0| Bitwidth P1|
    +-------------------------------------+----------+----+---+-----+------------+------------+
    |add_ln314_fu_566_p2                  |         +|   0|  0|   20|          15|          15|
    |add_ln338_1_fu_1545_p2               |         +|   0|  0|   14|           7|           1|
    |add_ln346_1_fu_744_p2                |         +|   0|  0|   14|           9|           8|
    |add_ln346_fu_866_p2                  |         +|   0|  0|   14|           9|           8|
    |add_ln370_fu_1124_p2                 |         +|   0|  0|   36|          29|          29|
    |add_ln439_2_fu_1655_p2               |         +|   0|  0|   25|          18|          18|
    |empty_143_fu_1348_p2                 |         +|   0|  0|   20|          15|          15|
    |empty_144_fu_1358_p2                 |         +|   0|  0|   20|          15|          15|
    |empty_146_fu_1367_p2                 |         +|   0|  0|   20|          15|          15|
    |empty_147_fu_1377_p2                 |         +|   0|  0|   20|          15|          15|
    |j_4_fu_534_p2                        |         +|   0|  0|   24|          17|           1|
    |xa0_fu_1343_p2                       |         +|   0|  0|   20|          15|          15|
    |ynext_fu_1559_p2                     |         +|   0|  0|   35|          28|           1|
    |result_2_fu_1113_p2                  |         -|   0|  0|   39|           1|          32|
    |result_3_fu_898_p2                   |         -|   0|  0|   39|           1|          32|
    |sub_i_i569_i_fu_1418_p2              |         -|   0|  0|   14|           7|           6|
    |sub_i_i682_i_fu_1394_p2              |         -|   0|  0|   14|           7|           6|
    |sub_ln18_1_fu_758_p2                 |         -|   0|  0|   15|           7|           8|
    |sub_ln18_fu_880_p2                   |         -|   0|  0|   15|           7|           8|
    |sub_ln368_1_fu_1258_p2               |         -|   0|  0|   20|           1|          15|
    |sub_ln368_2_fu_1290_p2               |         -|   0|  0|   10|           1|           2|
    |sub_ln368_fu_1242_p2                 |         -|   0|  0|   23|           1|          16|
    |sub_ln370_1_fu_1033_p2               |         -|   0|  0|   35|           1|          28|
    |sub_ln370_2_fu_1081_p2               |         -|   0|  0|   11|           1|           3|
    |sub_ln370_3_fu_1142_p2               |         -|   0|  0|   14|           1|           6|
    |sub_ln370_4_fu_1160_p2               |         -|   0|  0|   15|           1|           8|
    |sub_ln370_fu_1013_p2                 |         -|   0|  0|   35|           1|          28|
    |sub_ln371_1_fu_1194_p2               |         -|   0|  0|   15|           1|           8|
    |sub_ln371_fu_1177_p2                 |         -|   0|  0|   14|           1|           6|
    |and_ln270_fu_550_p2                  |       and|   0|  0|    2|           1|           1|
    |and_ln323_fu_572_p2                  |       and|   0|  0|    2|           1|           1|
    |and_ln347_1_fu_1578_p2               |       and|   0|  0|    2|           1|           1|
    |and_ln347_2_fu_1602_p2               |       and|   0|  0|    2|           1|           1|
    |and_ln347_3_fu_1634_p2               |       and|   0|  0|    2|           1|           1|
    |and_ln347_4_fu_1639_p2               |       and|   0|  0|    2|           1|           1|
    |and_ln347_5_fu_1644_p2               |       and|   0|  0|    2|           1|           1|
    |and_ln347_fu_1572_p2                 |       and|   0|  0|    2|           1|           1|
    |and_ln348_1_fu_709_p2                |       and|   0|  0|    2|           1|           1|
    |and_ln348_fu_703_p2                  |       and|   0|  0|    2|           1|           1|
    |ap_block_pp0                         |       and|   0|  0|    2|           1|           1|
    |ap_block_state18_pp0_stage0_iter17   |       and|   0|  0|    2|           1|           1|
    |ap_condition_682                     |       and|   0|  0|    2|           1|           1|
    |ap_condition_684                     |       and|   0|  0|    2|           1|           1|
    |ap_enable_state13_pp0_iter12_stage0  |       and|   0|  0|    2|           1|           1|
    |ap_enable_state14_pp0_iter13_stage0  |       and|   0|  0|    2|           1|           1|
    |ap_enable_state16_pp0_iter15_stage0  |       and|   0|  0|    2|           1|           1|
    |ap_enable_state17_pp0_iter16_stage0  |       and|   0|  0|    2|           1|           1|
    |ap_enable_state1_pp0_iter0_stage0    |       and|   0|  0|    2|           1|           1|
    |ap_enable_state3_pp0_iter2_stage0    |       and|   0|  0|    2|           1|           1|
    |ap_predicate_op100_store_state3      |       and|   0|  0|    2|           1|           1|
    |ap_predicate_op102_store_state3      |       and|   0|  0|    2|           1|           1|
    |ap_predicate_op104_store_state3      |       and|   0|  0|    2|           1|           1|
    |ap_predicate_op80_read_state2        |       and|   0|  0|    2|           1|           1|
    |ap_predicate_op98_store_state3       |       and|   0|  0|    2|           1|           1|
    |in_range_fu_1649_p2                  |       and|   0|  0|    2|           1|           1|
    |icmp_ln259_fu_528_p2                 |      icmp|   0|  0|   24|          17|          17|
    |icmp_ln270_fu_544_p2                 |      icmp|   0|  0|   24|          17|          17|
    |icmp_ln347_1_fu_647_p2               |      icmp|   0|  0|   30|          23|           1|
    |icmp_ln347_2_fu_588_p2               |      icmp|   0|  0|   15|           8|           2|
    |icmp_ln347_3_fu_1587_p2              |      icmp|   0|  0|   34|          27|          27|
    |icmp_ln347_4_fu_1596_p2              |      icmp|   0|  0|   35|          28|          28|
    |icmp_ln347_5_fu_594_p2               |      icmp|   0|  0|   30|          23|           1|
    |icmp_ln347_fu_641_p2                 |      icmp|   0|  0|   15|           8|           2|
    |icmp_ln348_1_fu_673_p2               |      icmp|   0|  0|   30|          23|           1|
    |icmp_ln348_2_fu_610_p2               |      icmp|   0|  0|   15|           8|           2|
    |icmp_ln348_3_fu_616_p2               |      icmp|   0|  0|   30|          23|           1|
    |icmp_ln348_fu_667_p2                 |      icmp|   0|  0|   15|           8|           2|
    |tobool428_i_fu_1386_p2               |      icmp|   0|  0|   10|           2|           1|
    |tobool438_i_fu_1107_p2               |      icmp|   0|  0|   10|           2|           1|
    |lshr_ln18_1_fu_796_p2                |      lshr|   0|  0|  242|          79|          79|
    |lshr_ln18_fu_923_p2                  |      lshr|   0|  0|  242|          79|          79|
    |ap_block_pp0_stage0_00001            |        or|   0|  0|    2|           1|           1|
    |ap_block_state2_pp0_stage0_iter1     |        or|   0|  0|    2|           1|           1|
    |or_ln347_1_fu_1568_p2                |        or|   0|  0|    2|           1|           1|
    |or_ln347_fu_1564_p2                  |        or|   0|  0|    2|           1|           1|
    |or_ln348_1_fu_699_p2                 |        or|   0|  0|    2|           1|           1|
    |or_ln348_fu_695_p2                   |        or|   0|  0|    2|           1|           1|
    |d00_fu_1471_p3                       |    select|   0|  0|    8|           1|           8|
    |d01_fu_1478_p3                       |    select|   0|  0|    8|           1|           8|
    |d10_3_fu_1457_p3                     |    select|   0|  0|    8|           1|           8|
    |d11_4_fu_1464_p3                     |    select|   0|  0|    8|           1|           8|
    |result_5_fu_1207_p3                  |    select|   0|  0|   32|           1|          32|
    |result_fu_964_p3                     |    select|   0|  0|   32|           1|          32|
    |rightRemappedMat_data_din            |    select|   0|  0|    8|           1|           8|
    |select_ln18_2_fu_768_p3              |    select|   0|  0|    9|           1|           9|
    |select_ln18_fu_890_p3                |    select|   0|  0|    9|           1|           9|
    |select_ln368_1_fu_1296_p3            |    select|   0|  0|    2|           1|           2|
    |select_ln370_3_fu_1087_p3            |    select|   0|  0|    3|           1|           3|
    |select_ln370_fu_1057_p3              |    select|   0|  0|   28|           1|          28|
    |select_ln412_1_fu_1492_p3            |    select|   0|  0|    8|           1|           8|
    |select_ln412_2_fu_1499_p3            |    select|   0|  0|    8|           1|           8|
    |select_ln412_3_fu_1506_p3            |    select|   0|  0|    8|           1|           8|
    |select_ln412_fu_1485_p3              |    select|   0|  0|    8|           1|           8|
    |val_4_fu_957_p3                      |    select|   0|  0|   32|           1|          32|
    |val_5_fu_830_p3                      |    select|   0|  0|   32|           1|          32|
    |xa1_fu_1274_p3                       |    select|   0|  0|   15|           1|          15|
    |ya0_fu_1315_p3                       |    select|   0|  0|    8|           1|           8|
    |ya1_fu_1200_p3                       |    select|   0|  0|    8|           1|           8|
    |shl_ln18_1_fu_802_p2                 |       shl|   0|  0|  242|          79|          79|
    |shl_ln18_fu_929_p2                   |       shl|   0|  0|  242|          79|          79|
    |ap_enable_pp0                        |       xor|   0|  0|    2|           1|           2|
    |xor_ln347_fu_1615_p2                 |       xor|   0|  0|    2|           1|           2|
    |xor_ln348_fu_1628_p2                 |       xor|   0|  0|    2|           1|           2|
    +-------------------------------------+----------+----+---+-----+------------+------------+
    |Total                                |          |   0|  0| 2247|         836|        1107|
    +-------------------------------------+----------+----+---+-----+------------+------------+

    * Multiplexer: 
    +--------------------------------+----+-----------+-----+-----------+
    |              Name              | LUT| Input Size| Bits| Total Bits|
    +--------------------------------+----+-----------+-----+-----------+
    |ap_done_int                     |   9|          2|    1|          2|
    |ap_enable_reg_pp0_iter1         |   9|          2|    1|          2|
    |ap_phi_reg_pp0_iter1_s_reg_477  |   9|          2|    8|         16|
    |ap_phi_reg_pp0_iter2_s_reg_477  |   9|          2|    8|         16|
    |ap_sig_allocacmp_j_3            |   9|          2|   17|         34|
    |imgR_in_data_blk_n              |   9|          2|    1|          2|
    |j_fu_204                        |   9|          2|   17|         34|
    |mapxRMat_data_blk_n             |   9|          2|    1|          2|
    |mapyRMat_data_blk_n             |   9|          2|    1|          2|
    |rightRemappedMat_data_blk_n     |   9|          2|    1|          2|
    +--------------------------------+----+-----------+-----+-----------+
    |Total                           |  90|         20|   56|        112|
    +--------------------------------+----+-----------+-----+-----------+

    * Register: 
    +-------------------------------------+----+----+-----+-----------+
    |                 Name                | FF | LUT| Bits| Const Bits|
    +-------------------------------------+----+----+-----+-----------+
    |add_ln314_reg_1727                   |  15|   0|   15|          0|
    |add_ln314_reg_1727_pp0_iter1_reg     |  15|   0|   15|          0|
    |add_ln439_1_reg_2103                 |  18|   0|   18|          0|
    |add_ln439_reg_2098                   |  18|   0|   18|          0|
    |and_ln270_reg_1723                   |   1|   0|    1|          0|
    |and_ln323_reg_1732                   |   1|   0|    1|          0|
    |and_ln347_2_reg_2093                 |   1|   0|    1|          0|
    |and_ln348_1_reg_1808                 |   1|   0|    1|          0|
    |ap_CS_fsm                            |   1|   0|    1|          0|
    |ap_done_reg                          |   1|   0|    1|          0|
    |ap_enable_reg_pp0_iter1              |   1|   0|    1|          0|
    |ap_enable_reg_pp0_iter10             |   1|   0|    1|          0|
    |ap_enable_reg_pp0_iter11             |   1|   0|    1|          0|
    |ap_enable_reg_pp0_iter12             |   1|   0|    1|          0|
    |ap_enable_reg_pp0_iter13             |   1|   0|    1|          0|
    |ap_enable_reg_pp0_iter14             |   1|   0|    1|          0|
    |ap_enable_reg_pp0_iter15             |   1|   0|    1|          0|
    |ap_enable_reg_pp0_iter16             |   1|   0|    1|          0|
    |ap_enable_reg_pp0_iter17             |   1|   0|    1|          0|
    |ap_enable_reg_pp0_iter2              |   1|   0|    1|          0|
    |ap_enable_reg_pp0_iter3              |   1|   0|    1|          0|
    |ap_enable_reg_pp0_iter4              |   1|   0|    1|          0|
    |ap_enable_reg_pp0_iter5              |   1|   0|    1|          0|
    |ap_enable_reg_pp0_iter6              |   1|   0|    1|          0|
    |ap_enable_reg_pp0_iter7              |   1|   0|    1|          0|
    |ap_enable_reg_pp0_iter8              |   1|   0|    1|          0|
    |ap_enable_reg_pp0_iter9              |   1|   0|    1|          0|
    |ap_loop_exit_ready_pp0_iter10_reg    |   1|   0|    1|          0|
    |ap_loop_exit_ready_pp0_iter11_reg    |   1|   0|    1|          0|
    |ap_loop_exit_ready_pp0_iter12_reg    |   1|   0|    1|          0|
    |ap_loop_exit_ready_pp0_iter13_reg    |   1|   0|    1|          0|
    |ap_loop_exit_ready_pp0_iter14_reg    |   1|   0|    1|          0|
    |ap_loop_exit_ready_pp0_iter15_reg    |   1|   0|    1|          0|
    |ap_loop_exit_ready_pp0_iter16_reg    |   1|   0|    1|          0|
    |ap_loop_exit_ready_pp0_iter1_reg     |   1|   0|    1|          0|
    |ap_loop_exit_ready_pp0_iter2_reg     |   1|   0|    1|          0|
    |ap_loop_exit_ready_pp0_iter3_reg     |   1|   0|    1|          0|
    |ap_loop_exit_ready_pp0_iter4_reg     |   1|   0|    1|          0|
    |ap_loop_exit_ready_pp0_iter5_reg     |   1|   0|    1|          0|
    |ap_loop_exit_ready_pp0_iter6_reg     |   1|   0|    1|          0|
    |ap_loop_exit_ready_pp0_iter7_reg     |   1|   0|    1|          0|
    |ap_loop_exit_ready_pp0_iter8_reg     |   1|   0|    1|          0|
    |ap_loop_exit_ready_pp0_iter9_reg     |   1|   0|    1|          0|
    |ap_phi_reg_pp0_iter1_s_reg_477       |   8|   0|    8|          0|
    |ap_phi_reg_pp0_iter2_s_reg_477       |   8|   0|    8|          0|
    |dc_1_reg_1813                        |  32|   0|   32|          0|
    |dc_reg_1838                          |  32|   0|   32|          0|
    |empty_145_reg_1993                   |  15|   0|   15|          0|
    |empty_reg_1987                       |  15|   0|   15|          0|
    |icmp_ln259_reg_1715                  |   1|   0|    1|          0|
    |icmp_ln347_1_reg_1776                |   1|   0|    1|          0|
    |icmp_ln347_2_reg_1736                |   1|   0|    1|          0|
    |icmp_ln347_4_reg_2088                |   1|   0|    1|          0|
    |icmp_ln347_5_reg_1741                |   1|   0|    1|          0|
    |icmp_ln347_reg_1771                  |   1|   0|    1|          0|
    |icmp_ln348_1_reg_1786                |   1|   0|    1|          0|
    |icmp_ln348_1_reg_1786_pp0_iter2_reg  |   1|   0|    1|          0|
    |icmp_ln348_2_reg_1746                |   1|   0|    1|          0|
    |icmp_ln348_3_reg_1751                |   1|   0|    1|          0|
    |icmp_ln348_reg_1781                  |   1|   0|    1|          0|
    |icmp_ln348_reg_1781_pp0_iter2_reg    |   1|   0|    1|          0|
    |iu_reg_1967                          |   5|   0|    5|          0|
    |iu_reg_1967_pp0_iter12_reg           |   5|   0|    5|          0|
    |iv_reg_1901                          |   5|   0|    5|          0|
    |j_fu_204                             |  17|   0|   17|          0|
    |k01_reg_2033                         |  11|   0|   11|          0|
    |k10_reg_2038                         |  11|   0|   11|          0|
    |mul_ln439_1_reg_2068                 |  18|   0|   18|          0|
    |mul_ln439_2_reg_2073                 |  18|   0|   18|          0|
    |result_2_reg_1937                    |  32|   0|   32|          0|
    |result_3_reg_1869                    |  32|   0|   32|          0|
    |result_5_reg_1962                    |  32|   0|   32|          0|
    |result_reg_1880                      |  32|   0|   32|          0|
    |select_ln18_2_reg_1833               |   9|   0|    9|          0|
    |select_ln18_reg_1864                 |   9|   0|    9|          0|
    |select_ln368_1_reg_1981              |   2|   0|    2|          0|
    |select_ln370_3_reg_1919              |   3|   0|    3|          0|
    |select_ln370_reg_1908                |  28|   0|   28|          0|
    |select_ln412_1_reg_2048              |   8|   0|    8|          0|
    |select_ln412_2_reg_2053              |   8|   0|    8|          0|
    |sext_ln335_reg_1896                  |  28|   0|   28|          0|
    |sub_i_i682_i_reg_2027                |   6|   0|    6|          0|
    |sub_ln370_4_reg_1952                 |   8|   0|    8|          0|
    |tmp_264_reg_1828                     |   1|   0|    1|          0|
    |tmp_272_reg_1947                     |   1|   0|    1|          0|
    |tmp_273_reg_1924                     |   1|   0|    1|          0|
    |tmp_reg_1859                         |   1|   0|    1|          0|
    |tmp_s_reg_1803                       |   1|   0|    1|          0|
    |tobool428_i_reg_2019                 |   1|   0|    1|          0|
    |tobool438_i_reg_1929                 |   1|   0|    1|          0|
    |trunc_ln259_reg_1719                 |   1|   0|    1|          0|
    |trunc_ln259_reg_1719_pp0_iter1_reg   |   1|   0|    1|          0|
    |trunc_ln335_2_reg_1890               |   7|   0|    7|          0|
    |trunc_ln370_2_reg_1942               |   6|   0|    6|          0|
    |trunc_ln370_reg_1913                 |   6|   0|    6|          0|
    |trunc_ln371_1_reg_1823               |  23|   0|   23|          0|
    |trunc_ln371_reg_1854                 |  23|   0|   23|          0|
    |val_1_reg_1766                       |  32|   0|   32|          0|
    |val_4_reg_1874                       |  32|   0|   32|          0|
    |val_4_reg_1874_pp0_iter10_reg        |  32|   0|   32|          0|
    |val_5_reg_1843                       |  32|   0|   32|          0|
    |val_5_reg_1843_pp0_iter8_reg         |  32|   0|   32|          0|
    |val_reg_1761                         |  32|   0|   32|          0|
    |x_fl_reg_1791                        |  32|   0|   32|          0|
    |xa1_reg_1974                         |  15|   0|   15|          0|
    |xs_sign_1_reg_1818                   |   1|   0|    1|          0|
    |xs_sign_reg_1849                     |   1|   0|    1|          0|
    |y_reg_1885                           |  27|   0|   27|          0|
    |ya1_reg_1957                         |   8|   0|    8|          0|
    |and_ln323_reg_1732                   |  64|  32|    1|          0|
    |and_ln348_1_reg_1808                 |  64|  32|    1|          0|
    |icmp_ln347_1_reg_1776                |  64|  32|    1|          0|
    |icmp_ln347_2_reg_1736                |  64|  32|    1|          0|
    |icmp_ln347_5_reg_1741                |  64|  32|    1|          0|
    |icmp_ln347_reg_1771                  |  64|  32|    1|          0|
    |icmp_ln348_2_reg_1746                |  64|  32|    1|          0|
    |icmp_ln348_3_reg_1751                |  64|  32|    1|          0|
    |iv_reg_1901                          |  64|  32|    5|          0|
    |result_5_reg_1962                    |  64|  32|   32|          0|
    |result_reg_1880                      |  64|  32|   32|          0|
    |sext_ln335_reg_1896                  |  64|  32|   28|          0|
    |tmp_s_reg_1803                       |  64|  32|    1|          0|
    |tobool438_i_reg_1929                 |  64|  32|    1|          0|
    |trunc_ln335_2_reg_1890               |  64|  32|    7|          0|
    |x_fl_reg_1791                        |  64|  32|   32|          0|
    |xs_sign_1_reg_1818                   |  64|  32|    1|          0|
    |xs_sign_reg_1849                     |  64|  32|    1|          0|
    |y_reg_1885                           |  64|  32|   27|          0|
    +-------------------------------------+----+----+-----+-----------+
    |Total                                |2120| 608| 1079|          0|
    +-------------------------------------+----+----+-----+-----------+



================================================================
== Interface
================================================================
* Summary: 
+--------------------------------------+-----+-----+------------+--------------------------------------------------------------------------------+--------------+
|               RTL Ports              | Dir | Bits|  Protocol  |                                  Source Object                                 |    C Type    |
+--------------------------------------+-----+-----+------------+--------------------------------------------------------------------------------+--------------+
|ap_clk                                |   in|    1|  ap_ctrl_hs|  xFRemapLI<0, 0, 1, 7, 128, 600, 800, 1, 2, 2, 2, 2, false>_Pipeline_loop_width|  return value|
|ap_rst                                |   in|    1|  ap_ctrl_hs|  xFRemapLI<0, 0, 1, 7, 128, 600, 800, 1, 2, 2, 2, 2, false>_Pipeline_loop_width|  return value|
|ap_start                              |   in|    1|  ap_ctrl_hs|  xFRemapLI<0, 0, 1, 7, 128, 600, 800, 1, 2, 2, 2, 2, false>_Pipeline_loop_width|  return value|
|ap_done                               |  out|    1|  ap_ctrl_hs|  xFRemapLI<0, 0, 1, 7, 128, 600, 800, 1, 2, 2, 2, 2, false>_Pipeline_loop_width|  return value|
|ap_idle                               |  out|    1|  ap_ctrl_hs|  xFRemapLI<0, 0, 1, 7, 128, 600, 800, 1, 2, 2, 2, 2, false>_Pipeline_loop_width|  return value|
|ap_ready                              |  out|    1|  ap_ctrl_hs|  xFRemapLI<0, 0, 1, 7, 128, 600, 800, 1, 2, 2, 2, 2, false>_Pipeline_loop_width|  return value|
|imgR_in_data_dout                     |   in|    8|     ap_fifo|                                                                    imgR_in_data|       pointer|
|imgR_in_data_num_data_valid           |   in|    2|     ap_fifo|                                                                    imgR_in_data|       pointer|
|imgR_in_data_fifo_cap                 |   in|    2|     ap_fifo|                                                                    imgR_in_data|       pointer|
|imgR_in_data_empty_n                  |   in|    1|     ap_fifo|                                                                    imgR_in_data|       pointer|
|imgR_in_data_read                     |  out|    1|     ap_fifo|                                                                    imgR_in_data|       pointer|
|mapxRMat_data_dout                    |   in|   32|     ap_fifo|                                                                   mapxRMat_data|       pointer|
|mapxRMat_data_num_data_valid          |   in|    2|     ap_fifo|                                                                   mapxRMat_data|       pointer|
|mapxRMat_data_fifo_cap                |   in|    2|     ap_fifo|                                                                   mapxRMat_data|       pointer|
|mapxRMat_data_empty_n                 |   in|    1|     ap_fifo|                                                                   mapxRMat_data|       pointer|
|mapxRMat_data_read                    |  out|    1|     ap_fifo|                                                                   mapxRMat_data|       pointer|
|mapyRMat_data_dout                    |   in|   32|     ap_fifo|                                                                   mapyRMat_data|       pointer|
|mapyRMat_data_num_data_valid          |   in|    2|     ap_fifo|                                                                   mapyRMat_data|       pointer|
|mapyRMat_data_fifo_cap                |   in|    2|     ap_fifo|                                                                   mapyRMat_data|       pointer|
|mapyRMat_data_empty_n                 |   in|    1|     ap_fifo|                                                                   mapyRMat_data|       pointer|
|mapyRMat_data_read                    |  out|    1|     ap_fifo|                                                                   mapyRMat_data|       pointer|
|rightRemappedMat_data_din             |  out|    8|     ap_fifo|                                                           rightRemappedMat_data|       pointer|
|rightRemappedMat_data_num_data_valid  |   in|    2|     ap_fifo|                                                           rightRemappedMat_data|       pointer|
|rightRemappedMat_data_fifo_cap        |   in|    2|     ap_fifo|                                                           rightRemappedMat_data|       pointer|
|rightRemappedMat_data_full_n          |   in|    1|     ap_fifo|                                                           rightRemappedMat_data|       pointer|
|rightRemappedMat_data_write           |  out|    1|     ap_fifo|                                                           rightRemappedMat_data|       pointer|
|r2_address0                           |  out|    7|   ap_memory|                                                                              r2|         array|
|r2_ce0                                |  out|    1|   ap_memory|                                                                              r2|         array|
|r2_we0                                |  out|    1|   ap_memory|                                                                              r2|         array|
|r2_d0                                 |  out|   17|   ap_memory|                                                                              r2|         array|
|r2_address1                           |  out|    7|   ap_memory|                                                                              r2|         array|
|r2_ce1                                |  out|    1|   ap_memory|                                                                              r2|         array|
|r2_q1                                 |   in|   17|   ap_memory|                                                                              r2|         array|
|idxprom2582_i                         |   in|    7|     ap_none|                                                                   idxprom2582_i|        scalar|
|r1_address0                           |  out|    7|   ap_memory|                                                                              r1|         array|
|r1_ce0                                |  out|    1|   ap_memory|                                                                              r1|         array|
|r1_we0                                |  out|    1|   ap_memory|                                                                              r1|         array|
|r1_d0                                 |  out|   17|   ap_memory|                                                                              r1|         array|
|r1_address1                           |  out|    7|   ap_memory|                                                                              r1|         array|
|r1_ce1                                |  out|    1|   ap_memory|                                                                              r1|         array|
|r1_q1                                 |   in|   17|   ap_memory|                                                                              r1|         array|
|add106_i                              |   in|   17|     ap_none|                                                                        add106_i|        scalar|
|i                                     |   in|   17|     ap_none|                                                                               i|        scalar|
|cmp263_i                              |   in|    1|     ap_none|                                                                        cmp263_i|        scalar|
|mul_ln314                             |   in|   15|     ap_none|                                                                       mul_ln314|        scalar|
|trunc_ln                              |   in|    1|     ap_none|                                                                        trunc_ln|        scalar|
|cols_cast_i                           |   in|   16|     ap_none|                                                                     cols_cast_i|        scalar|
|cmp111_i                              |   in|    1|     ap_none|                                                                        cmp111_i|        scalar|
|bitcast_ln347                         |   in|   31|     ap_none|                                                                   bitcast_ln347|        scalar|
|trunc_ln347_2                         |   in|   23|     ap_none|                                                                   trunc_ln347_2|        scalar|
|conv3_i                               |   in|   32|     ap_none|                                                                         conv3_i|        scalar|
|bitcast_ln348                         |   in|   31|     ap_none|                                                                   bitcast_ln348|        scalar|
|trunc_ln348_2                         |   in|   23|     ap_none|                                                                   trunc_ln348_2|        scalar|
|conv4_i                               |   in|   32|     ap_none|                                                                         conv4_i|        scalar|
+--------------------------------------+-----+-----+------------+--------------------------------------------------------------------------------+--------------+

