

================================================================
== Vitis HLS Report for 'xFSobelFilter3x3_0_3_600_800_1_0_4_1_2_2_2_1_6_800_false_s'
================================================================
* Date:           Tue Jun 24 19:15:23 2025

* Version:        2023.1 (Build 3854077 on May  4 2023)
* Project:        stereolbm_axis_cambm.prj
* Solution:       sol1 (Vivado IP Flow Target)
* Product family: zynq
* Target device:  xc7z020-clg400-1


================================================================
== Performance Estimates
================================================================
+ Timing: 
    * Summary: 
    +--------+----------+----------+------------+
    |  Clock |  Target  | Estimated| Uncertainty|
    +--------+----------+----------+------------+
    |ap_clk  |  10.00 ns|  6.888 ns|     2.70 ns|
    +--------+----------+----------+------------+

+ Latency: 
    * Summary: 
    +---------+---------+----------+----------+--------+--------+---------+
    |  Latency (cycles) |  Latency (absolute) |     Interval    | Pipeline|
    |   min   |   max   |    min   |    max   |   min  |   max  |   Type  |
    +---------+---------+----------+----------+--------+--------+---------+
    |   488006|   488006|  4.880 ms|  4.880 ms|  488006|  488006|       no|
    +---------+---------+----------+----------+--------+--------+---------+

    + Detail: 
        * Instance: 
        +-----------------------------------------------------+------------------------------------------+---------+---------+-----------+-----------+-----+-----+---------+
        |                                                     |                                          |  Latency (cycles) |   Latency (absolute)  |  Interval | Pipeline|
        |                       Instance                      |                  Module                  |   min   |   max   |    min    |    max    | min | max |   Type  |
        +-----------------------------------------------------+------------------------------------------+---------+---------+-----------+-----------+-----+-----+---------+
        |grp_xFSobelFilter3x3_Pipeline_Clear_Row_Loop_fu_148  |xFSobelFilter3x3_Pipeline_Clear_Row_Loop  |      802|      802|   8.020 us|   8.020 us|  802|  802|       no|
        |grp_xFSobelFilter3x3_Pipeline_Col_Loop_fu_157        |xFSobelFilter3x3_Pipeline_Col_Loop        |      807|      807|   8.070 us|   8.070 us|  807|  807|       no|
        |ref_tmp_xFGradientX3x3_0_4_s_fu_181                  |xFGradientX3x3_0_4_s                      |        0|        0|       0 ns|       0 ns|    1|    1|      yes|
        |grp_xFGradientY3x3_0_4_s_fu_194                      |xFGradientY3x3_0_4_s                      |        1|        1|  10.000 ns|  10.000 ns|    1|    1|      yes|
        +-----------------------------------------------------+------------------------------------------+---------+---------+-----------+-----------+-----+-----+---------+

        * Loop: 
        +------------+---------+---------+----------+-----------+-----------+------+----------+
        |            |  Latency (cycles) | Iteration|  Initiation Interval  | Trip |          |
        |  Loop Name |   min   |   max   |  Latency |  achieved |   target  | Count| Pipelined|
        +------------+---------+---------+----------+-----------+-----------+------+----------+
        |- Row_Loop  |   487200|   487200|       812|          -|          -|   600|        no|
        +------------+---------+---------+----------+-----------+-----------+------+----------+



================================================================
== Utilization Estimates
================================================================
* Summary: 
+-----------------+---------+-----+--------+-------+-----+
|       Name      | BRAM_18K| DSP |   FF   |  LUT  | URAM|
+-----------------+---------+-----+--------+-------+-----+
|DSP              |        -|    -|       -|      -|    -|
|Expression       |        -|    -|       0|    170|    -|
|FIFO             |        -|    -|       -|      -|    -|
|Instance         |        -|    -|     453|    768|    -|
|Memory           |        3|    -|       0|      0|    -|
|Multiplexer      |        -|    -|       -|    279|    -|
|Register         |        -|    -|      74|      -|    -|
+-----------------+---------+-----+--------+-------+-----+
|Total            |        3|    0|     527|   1217|    0|
+-----------------+---------+-----+--------+-------+-----+
|Available        |      280|  220|  106400|  53200|    0|
+-----------------+---------+-----+--------+-------+-----+
|Utilization (%)  |        1|    0|      ~0|      2|    0|
+-----------------+---------+-----+--------+-------+-----+

+ Detail: 
    * Instance: 
    +-----------------------------------------------------+------------------------------------------+---------+----+-----+-----+-----+
    |                       Instance                      |                  Module                  | BRAM_18K| DSP|  FF | LUT | URAM|
    +-----------------------------------------------------+------------------------------------------+---------+----+-----+-----+-----+
    |ref_tmp_xFGradientX3x3_0_4_s_fu_181                  |xFGradientX3x3_0_4_s                      |        0|   0|    0|   63|    0|
    |grp_xFGradientY3x3_0_4_s_fu_194                      |xFGradientY3x3_0_4_s                      |        0|   0|   39|   77|    0|
    |grp_xFSobelFilter3x3_Pipeline_Clear_Row_Loop_fu_148  |xFSobelFilter3x3_Pipeline_Clear_Row_Loop  |        0|   0|   29|   86|    0|
    |grp_xFSobelFilter3x3_Pipeline_Col_Loop_fu_157        |xFSobelFilter3x3_Pipeline_Col_Loop        |        0|   0|  385|  542|    0|
    +-----------------------------------------------------+------------------------------------------+---------+----+-----+-----+-----+
    |Total                                                |                                          |        0|   0|  453|  768|    0|
    +-----------------------------------------------------+------------------------------------------+---------+----+-----+-----+-----+

    * DSP: 
    N/A

    * Memory: 
    +---------+----------------------------------------------------------------------------------+---------+---+----+-----+------+-----+------+-------------+
    |  Memory |                                      Module                                      | BRAM_18K| FF| LUT| URAM| Words| Bits| Banks| W*Bits*Banks|
    +---------+----------------------------------------------------------------------------------+---------+---+----+-----+------+-----+------+-------------+
    |buf_U    |xFSobelFilter3x3_0_3_600_800_1_0_4_1_2_2_2_1_6_800_false_s_buf_RAM_S2P_BRAM_1jbC  |        1|  0|   0|    0|   800|    8|     1|         6400|
    |buf_1_U  |xFSobelFilter3x3_0_3_600_800_1_0_4_1_2_2_2_1_6_800_false_s_buf_RAM_S2P_BRAM_1jbC  |        1|  0|   0|    0|   800|    8|     1|         6400|
    |buf_2_U  |xFSobelFilter3x3_0_3_600_800_1_0_4_1_2_2_2_1_6_800_false_s_buf_RAM_S2P_BRAM_1jbC  |        1|  0|   0|    0|   800|    8|     1|         6400|
    +---------+----------------------------------------------------------------------------------+---------+---+----+-----+------+-----+------+-------------+
    |Total    |                                                                                  |        3|  0|   0|    0|  2400|   24|     3|        19200|
    +---------+----------------------------------------------------------------------------------+---------+---+----+-----+------+-----+------+-------------+

    * FIFO: 
    N/A

    * Expression: 
    +--------------------------+----------+----+---+----+------------+------------+
    |       Variable Name      | Operation| DSP| FF| LUT| Bitwidth P0| Bitwidth P1|
    +--------------------------+----------+----+---+----+------------+------------+
    |row_7_fu_378_p2           |         +|   0|  0|  14|          13|           1|
    |row_ind_11_fu_358_p2      |         +|   0|  0|  14|          13|           1|
    |cmp_i_i633_i_fu_352_p2    |      icmp|   0|  0|  23|          16|          16|
    |icmp_ln366_fu_223_p2      |      icmp|   0|  0|  23|          16|          16|
    |icmp_ln370_1_fu_259_p2    |      icmp|   0|  0|  14|          13|           1|
    |icmp_ln370_2_fu_265_p2    |      icmp|   0|  0|  14|          13|           1|
    |icmp_ln370_fu_245_p2      |      icmp|   0|  0|  14|          13|           2|
    |icmp_ln458_fu_364_p2      |      icmp|   0|  0|  14|          13|           2|
    |ap_block_state9           |        or|   0|  0|   2|           1|           1|
    |empty_134_fu_275_p2       |        or|   0|  0|   2|           1|           1|
    |empty_136_fu_306_p2       |        or|   0|  0|   2|           1|           1|
    |empty_138_fu_337_p2       |        or|   0|  0|   2|           1|           1|
    |bottom_1_fu_281_p3        |    select|   0|  0|   2|           1|           2|
    |empty_135_fu_298_p3       |    select|   0|  0|   3|           1|           1|
    |empty_137_fu_329_p3       |    select|   0|  0|   3|           1|           3|
    |mid_1_fu_312_p3           |    select|   0|  0|   2|           1|           2|
    |row_ind_12_fu_370_p3      |    select|   0|  0|  13|           1|           1|
    |select_ln370_1_fu_290_p3  |    select|   0|  0|   2|           1|           1|
    |select_ln370_2_fu_321_p3  |    select|   0|  0|   2|           1|           1|
    |select_ln370_fu_251_p3    |    select|   0|  0|   3|           1|           3|
    |tp_1_fu_343_p3            |    select|   0|  0|   2|           1|           2|
    +--------------------------+----------+----+---+----+------------+------------+
    |Total                     |          |   0|  0| 170|         123|          60|
    +--------------------------+----------+----+---+----+------------+------------+

    * Multiplexer: 
    +----------------------------+----+-----------+-----+-----------+
    |            Name            | LUT| Input Size| Bits| Total Bits|
    +----------------------------+----+-----------+-----+-----------+
    |ap_NS_fsm                   |  53|         10|    1|         10|
    |buf_1_address1              |  14|          3|   10|         30|
    |buf_1_ce0                   |   9|          2|    1|          2|
    |buf_1_ce1                   |  14|          3|    1|          3|
    |buf_1_d1                    |  14|          3|    8|         24|
    |buf_1_we1                   |  14|          3|    1|          3|
    |buf_address1                |  14|          3|   10|         30|
    |buf_ce0                     |   9|          2|    1|          2|
    |buf_ce1                     |  14|          3|    1|          3|
    |buf_d1                      |  14|          3|    8|         24|
    |buf_we1                     |  14|          3|    1|          3|
    |in_sobel_x_i_data_blk_n     |   9|          2|    1|          2|
    |in_sobel_x_i_data_din       |   9|          2|   16|         32|
    |in_sobel_x_i_data_write     |  14|          3|    1|          3|
    |in_sobel_y_i_data_blk_n     |   9|          2|    1|          2|
    |in_sobel_y_i_data_din       |   9|          2|   16|         32|
    |in_sobel_y_i_data_write     |  14|          3|    1|          3|
    |rightRemappedMat_data_read  |  14|          3|    1|          3|
    |row_fu_74                   |   9|          2|   13|         26|
    |row_ind_fu_70               |   9|          2|   13|         26|
    +----------------------------+----+-----------+-----+-----------+
    |Total                       | 279|         59|  106|        263|
    +----------------------------+----+-----------+-----+-----------+

    * Register: 
    +------------------------------------------------------------------+----+----+-----+-----------+
    |                               Name                               | FF | LUT| Bits| Const Bits|
    +------------------------------------------------------------------+----+----+-----+-----------+
    |ap_CS_fsm                                                         |   9|   0|    9|          0|
    |bottom_1_reg_521                                                  |   2|   0|    2|          0|
    |bottom_fu_86                                                      |   2|   0|    2|          0|
    |cmp_i_i633_i_reg_536                                              |   1|   0|    1|          0|
    |grp_xFSobelFilter3x3_Pipeline_Clear_Row_Loop_fu_148_ap_start_reg  |   1|   0|    1|          0|
    |grp_xFSobelFilter3x3_Pipeline_Col_Loop_fu_157_ap_start_reg        |   1|   0|    1|          0|
    |mid_1_reg_526                                                     |   2|   0|    2|          0|
    |mid_fu_82                                                         |   2|   0|    2|          0|
    |ref_tmp1_reg_546                                                  |  11|   0|   11|          0|
    |ref_tmp_reg_541                                                   |  11|   0|   11|          0|
    |row_fu_74                                                         |  13|   0|   13|          0|
    |row_ind_fu_70                                                     |  13|   0|   13|          0|
    |tp_1_reg_531                                                      |   2|   0|    2|          0|
    |tp_fu_78                                                          |   2|   0|    2|          0|
    |trunc_ln311_reg_516                                               |   2|   0|    2|          0|
    +------------------------------------------------------------------+----+----+-----+-----------+
    |Total                                                             |  74|   0|   74|          0|
    +------------------------------------------------------------------+----+----+-----+-----------+



================================================================
== Interface
================================================================
* Summary: 
+--------------------------------------+-----+-----+------------+-------------------------------------------------------------------------+--------------+
|               RTL Ports              | Dir | Bits|  Protocol  |                              Source Object                              |    C Type    |
+--------------------------------------+-----+-----+------------+-------------------------------------------------------------------------+--------------+
|ap_clk                                |   in|    1|  ap_ctrl_hs|  xFSobelFilter3x3<0, 3, 600, 800, 1, 0, 4, 1, 2, 2, 2, 1, 6, 800, false>|  return value|
|ap_rst                                |   in|    1|  ap_ctrl_hs|  xFSobelFilter3x3<0, 3, 600, 800, 1, 0, 4, 1, 2, 2, 2, 1, 6, 800, false>|  return value|
|ap_start                              |   in|    1|  ap_ctrl_hs|  xFSobelFilter3x3<0, 3, 600, 800, 1, 0, 4, 1, 2, 2, 2, 1, 6, 800, false>|  return value|
|ap_done                               |  out|    1|  ap_ctrl_hs|  xFSobelFilter3x3<0, 3, 600, 800, 1, 0, 4, 1, 2, 2, 2, 1, 6, 800, false>|  return value|
|ap_idle                               |  out|    1|  ap_ctrl_hs|  xFSobelFilter3x3<0, 3, 600, 800, 1, 0, 4, 1, 2, 2, 2, 1, 6, 800, false>|  return value|
|ap_ready                              |  out|    1|  ap_ctrl_hs|  xFSobelFilter3x3<0, 3, 600, 800, 1, 0, 4, 1, 2, 2, 2, 1, 6, 800, false>|  return value|
|rightRemappedMat_data_dout            |   in|    8|     ap_fifo|                                                    rightRemappedMat_data|       pointer|
|rightRemappedMat_data_num_data_valid  |   in|    2|     ap_fifo|                                                    rightRemappedMat_data|       pointer|
|rightRemappedMat_data_fifo_cap        |   in|    2|     ap_fifo|                                                    rightRemappedMat_data|       pointer|
|rightRemappedMat_data_empty_n         |   in|    1|     ap_fifo|                                                    rightRemappedMat_data|       pointer|
|rightRemappedMat_data_read            |  out|    1|     ap_fifo|                                                    rightRemappedMat_data|       pointer|
|in_sobel_x_i_data_din                 |  out|   16|     ap_fifo|                                                        in_sobel_x_i_data|       pointer|
|in_sobel_x_i_data_num_data_valid      |   in|    2|     ap_fifo|                                                        in_sobel_x_i_data|       pointer|
|in_sobel_x_i_data_fifo_cap            |   in|    2|     ap_fifo|                                                        in_sobel_x_i_data|       pointer|
|in_sobel_x_i_data_full_n              |   in|    1|     ap_fifo|                                                        in_sobel_x_i_data|       pointer|
|in_sobel_x_i_data_write               |  out|    1|     ap_fifo|                                                        in_sobel_x_i_data|       pointer|
|in_sobel_y_i_data_din                 |  out|   16|     ap_fifo|                                                        in_sobel_y_i_data|       pointer|
|in_sobel_y_i_data_num_data_valid      |   in|    2|     ap_fifo|                                                        in_sobel_y_i_data|       pointer|
|in_sobel_y_i_data_fifo_cap            |   in|    2|     ap_fifo|                                                        in_sobel_y_i_data|       pointer|
|in_sobel_y_i_data_full_n              |   in|    1|     ap_fifo|                                                        in_sobel_y_i_data|       pointer|
|in_sobel_y_i_data_write               |  out|    1|     ap_fifo|                                                        in_sobel_y_i_data|       pointer|
|img_height                            |   in|   16|     ap_none|                                                               img_height|        scalar|
|img_width                             |   in|   16|     ap_none|                                                                img_width|        scalar|
+--------------------------------------+-----+-----+------------+-------------------------------------------------------------------------+--------------+

