

================================================================
== Vitis HLS Report for 'xFSobel3x3_1_1_0_4_s'
================================================================
* Date:           Tue Jun 24 19:15:22 2025

* Version:        2023.1 (Build 3854077 on May  4 2023)
* Project:        stereolbm_axis_cambm.prj
* Solution:       sol1 (Vivado IP Flow Target)
* Product family: zynq
* Target device:  xc7z020-clg400-1


================================================================
== Performance Estimates
================================================================
+ Timing: 
    * Summary: 
    +--------+----------+----------+------------+
    |  Clock |  Target  | Estimated| Uncertainty|
    +--------+----------+----------+------------+
    |ap_clk  |  10.00 ns|  5.672 ns|     2.70 ns|
    +--------+----------+----------+------------+

+ Latency: 
    * Summary: 
    +---------+---------+-----------+-----------+-----+-----+---------+
    |  Latency (cycles) |   Latency (absolute)  |  Interval | Pipeline|
    |   min   |   max   |    min    |    max    | min | max |   Type  |
    +---------+---------+-----------+-----------+-----+-----+---------+
    |        1|        1|  10.000 ns|  10.000 ns|    1|    1|      yes|
    +---------+---------+-----------+-----------+-----+-----+---------+

    + Detail: 
        * Instance: 
        +--------------------------------------------+----------------------+---------+---------+-----------+-----------+-----+-----+---------+
        |                                            |                      |  Latency (cycles) |   Latency (absolute)  |  Interval | Pipeline|
        |                  Instance                  |        Module        |   min   |   max   |    min    |    max    | min | max |   Type  |
        +--------------------------------------------+----------------------+---------+---------+-----------+-----------+-----+-----+---------+
        |GradientvaluesX_xFGradientX3x3_0_4_s_fu_72  |xFGradientX3x3_0_4_s  |        0|        0|       0 ns|       0 ns|    1|    1|      yes|
        |grp_xFGradientY3x3_0_4_s_fu_88              |xFGradientY3x3_0_4_s  |        1|        1|  10.000 ns|  10.000 ns|    1|    1|      yes|
        +--------------------------------------------+----------------------+---------+---------+-----------+-----------+-----+-----+---------+

        * Loop: 
        N/A



================================================================
== Utilization Estimates
================================================================
* Summary: 
+-----------------+---------+-----+--------+-------+-----+
|       Name      | BRAM_18K| DSP |   FF   |  LUT  | URAM|
+-----------------+---------+-----+--------+-------+-----+
|DSP              |        -|    -|       -|      -|    -|
|Expression       |        -|    -|       -|      -|    -|
|FIFO             |        -|    -|       -|      -|    -|
|Instance         |        -|    -|      39|    140|    -|
|Memory           |        -|    -|       -|      -|    -|
|Multiplexer      |        -|    -|       -|     28|    -|
|Register         |        -|    -|      44|      -|    -|
+-----------------+---------+-----+--------+-------+-----+
|Total            |        0|    0|      83|    168|    0|
+-----------------+---------+-----+--------+-------+-----+
|Available        |      280|  220|  106400|  53200|    0|
+-----------------+---------+-----+--------+-------+-----+
|Utilization (%)  |        0|    0|      ~0|     ~0|    0|
+-----------------+---------+-----+--------+-------+-----+

+ Detail: 
    * Instance: 
    +--------------------------------------------+----------------------+---------+----+----+----+-----+
    |                  Instance                  |        Module        | BRAM_18K| DSP| FF | LUT| URAM|
    +--------------------------------------------+----------------------+---------+----+----+----+-----+
    |GradientvaluesX_xFGradientX3x3_0_4_s_fu_72  |xFGradientX3x3_0_4_s  |        0|   0|   0|  63|    0|
    |grp_xFGradientY3x3_0_4_s_fu_88              |xFGradientY3x3_0_4_s  |        0|   0|  39|  77|    0|
    +--------------------------------------------+----------------------+---------+----+----+----+-----+
    |Total                                       |                      |        0|   0|  39| 140|    0|
    +--------------------------------------------+----------------------+---------+----+----+----+-----+

    * DSP: 
    N/A

    * Memory: 
    N/A

    * FIFO: 
    N/A

    * Expression: 
    N/A

    * Multiplexer: 
    +-------------+----+-----------+-----+-----------+
    |     Name    | LUT| Input Size| Bits| Total Bits|
    +-------------+----+-----------+-----+-----------+
    |ap_return_0  |  14|          3|   16|         48|
    |ap_return_1  |  14|          3|   16|         48|
    +-------------+----+-----------+-----+-----------+
    |Total        |  28|          6|   32|         96|
    +-------------+----+-----------+-----+-----------+

    * Register: 
    +-------------------------+----+----+-----+-----------+
    |           Name          | FF | LUT| Bits| Const Bits|
    +-------------------------+----+----+-----+-----------+
    |GradientvaluesX_reg_123  |  11|   0|   11|          0|
    |ap_ce_reg                |   1|   0|    1|          0|
    |ap_return_0_int_reg      |  16|   0|   16|          0|
    |ap_return_1_int_reg      |  16|   0|   16|          0|
    +-------------------------+----+----+-----+-----------+
    |Total                    |  44|   0|   44|          0|
    +-------------------------+----+----+-----+-----------+



================================================================
== Interface
================================================================
* Summary: 
+----------------+-----+-----+------------+------------------------+--------------+
|    RTL Ports   | Dir | Bits|  Protocol  |      Source Object     |    C Type    |
+----------------+-----+-----+------------+------------------------+--------------+
|ap_clk          |   in|    1|  ap_ctrl_hs|  xFSobel3x3<1, 1, 0, 4>|  return value|
|ap_rst          |   in|    1|  ap_ctrl_hs|  xFSobel3x3<1, 1, 0, 4>|  return value|
|ap_return_0     |  out|   16|  ap_ctrl_hs|  xFSobel3x3<1, 1, 0, 4>|  return value|
|ap_return_1     |  out|   16|  ap_ctrl_hs|  xFSobel3x3<1, 1, 0, 4>|  return value|
|ap_ce           |   in|    1|  ap_ctrl_hs|  xFSobel3x3<1, 1, 0, 4>|  return value|
|src_buf1_0_val  |   in|    8|     ap_none|          src_buf1_0_val|        scalar|
|src_buf1_1_val  |   in|    8|     ap_none|          src_buf1_1_val|        scalar|
|src_buf1_2_val  |   in|    8|     ap_none|          src_buf1_2_val|        scalar|
|src_buf2_0_val  |   in|    8|     ap_none|          src_buf2_0_val|        scalar|
|src_buf2_2_val  |   in|    8|     ap_none|          src_buf2_2_val|        scalar|
|src_buf3_0_val  |   in|    8|     ap_none|          src_buf3_0_val|        scalar|
|src_buf3_1_val  |   in|    8|     ap_none|          src_buf3_1_val|        scalar|
|src_buf3_2_val  |   in|    8|     ap_none|          src_buf3_2_val|        scalar|
+----------------+-----+-----+------------+------------------------+--------------+

