

================================================================
== Vitis HLS Report for 'Bytes2MultiPixStream_Pipeline_VITIS_LOOP_1262_1'
================================================================
* Date:           Tue Jun 24 20:44:16 2025

* Version:        2023.1 (Build 3854077 on May  4 2023)
* Project:        prj
* Solution:       sol (Vivado IP Flow Target)
* Product family: zynq
* Target device:  xc7z020-clg400-1


================================================================
== Performance Estimates
================================================================
+ Timing: 
    * Summary: 
    +--------+----------+----------+------------+
    |  Clock |  Target  | Estimated| Uncertainty|
    +--------+----------+----------+------------+
    |ap_clk  |  10.00 ns|  7.141 ns|     2.70 ns|
    +--------+----------+----------+------------+

+ Latency: 
    * Summary: 
    +---------+---------+-----------+----------+-----+-------+---------+
    |  Latency (cycles) |  Latency (absolute)  |   Interval  | Pipeline|
    |   min   |   max   |    min    |    max   | min |  max  |   Type  |
    +---------+---------+-----------+----------+-----+-------+---------+
    |        2|    65538|  20.000 ns|  0.655 ms|    2|  65538|       no|
    +---------+---------+-----------+----------+-----+-------+---------+

    + Detail: 
        * Instance: 
        N/A

        * Loop: 
        +---------------------+---------+---------+----------+-----------+-----------+----------+----------+
        |                     |  Latency (cycles) | Iteration|  Initiation Interval  |   Trip   |          |
        |      Loop Name      |   min   |   max   |  Latency |  achieved |   target  |   Count  | Pipelined|
        +---------------------+---------+---------+----------+-----------+-----------+----------+----------+
        |- VITIS_LOOP_1262_1  |        0|    65536|         9|          8|          8|  0 ~ 8192|       yes|
        +---------------------+---------+---------+----------+-----------+-----------+----------+----------+

============================================================
+ Verbose Summary: Synthesis Manager
============================================================
InlineROM: 1
ExposeGlobal: 0
============================================================
+ Verbose Summary: CDFG Model
============================================================
IsTopModel: 0
ResetActiveHigh: 1
IsCombinational: 0
IsDatapathOnly: 0
HasWiredReturn: 1
HasMFsm: 2
HasVarLatency: 1
IsPipeline: 0
IsRtlPipelined: 0
IsInstanceOverlapped: 0
IsDontTouch: 0
HasImplIP: 0
IsGatedGlobalClock: 0

+ Individual pipeline summary: 
  * Pipeline-0: initiation interval (II) = 8, depth = 9


============================================================
+ Verbose Summary: Schedule
============================================================
* Number of FSM states : 9
* Pipeline : 1
  Pipeline-0 : II = 8, D = 9, States = { 1 2 3 4 5 6 7 8 9 }
* Dataflow Pipeline: 0

* FSM state transitions: 
1 --> 2 
2 --> 3 
3 --> 4 
4 --> 5 
5 --> 6 
6 --> 7 
7 --> 8 
8 --> 9 
9 --> 

* FSM state operations: 

State 1 <SV = 0> <Delay = 3.26>
ST_1 : Operation 12 [1/1] (0.00ns)   --->   "%x = alloca i32 1"   --->   Operation 12 'alloca' 'x' <Predicate = true> <Delay = 0.00>
ST_1 : Operation 13 [1/1] (0.00ns)   --->   "%cmp125_1_read = read i1 @_ssdm_op_Read.ap_auto.i1, i1 %cmp125_1"   --->   Operation 13 'read' 'cmp125_1_read' <Predicate = true> <Delay = 0.00>
ST_1 : Operation 14 [1/1] (0.00ns)   --->   "%sub121_cast3_read = read i13 @_ssdm_op_Read.ap_auto.i13, i13 %sub121_cast3"   --->   Operation 14 'read' 'sub121_cast3_read' <Predicate = true> <Delay = 0.00>
ST_1 : Operation 15 [1/1] (0.00ns)   --->   "%cmp125_2_read = read i1 @_ssdm_op_Read.ap_auto.i1, i1 %cmp125_2"   --->   Operation 15 'read' 'cmp125_2_read' <Predicate = true> <Delay = 0.00>
ST_1 : Operation 16 [1/1] (0.00ns)   --->   "%cmp125_3_read = read i1 @_ssdm_op_Read.ap_auto.i1, i1 %cmp125_3"   --->   Operation 16 'read' 'cmp125_3_read' <Predicate = true> <Delay = 0.00>
ST_1 : Operation 17 [1/1] (0.00ns)   --->   "%cmp125_4_read = read i1 @_ssdm_op_Read.ap_auto.i1, i1 %cmp125_4"   --->   Operation 17 'read' 'cmp125_4_read' <Predicate = true> <Delay = 0.00>
ST_1 : Operation 18 [1/1] (0.00ns)   --->   "%cmp125_5_read = read i1 @_ssdm_op_Read.ap_auto.i1, i1 %cmp125_5"   --->   Operation 18 'read' 'cmp125_5_read' <Predicate = true> <Delay = 0.00>
ST_1 : Operation 19 [1/1] (0.00ns)   --->   "%cmp125_6_read = read i1 @_ssdm_op_Read.ap_auto.i1, i1 %cmp125_6"   --->   Operation 19 'read' 'cmp125_6_read' <Predicate = true> <Delay = 0.00>
ST_1 : Operation 20 [1/1] (0.00ns)   --->   "%icmp_ln1252_read = read i1 @_ssdm_op_Read.ap_auto.i1, i1 %icmp_ln1252"   --->   Operation 20 'read' 'icmp_ln1252_read' <Predicate = true> <Delay = 0.00>
ST_1 : Operation 21 [1/1] (0.00ns)   --->   "%trunc_ln1249_1_read = read i13 @_ssdm_op_Read.ap_auto.i13, i13 %trunc_ln1249_1"   --->   Operation 21 'read' 'trunc_ln1249_1_read' <Predicate = true> <Delay = 0.00>
ST_1 : Operation 22 [1/1] (0.00ns)   --->   "%sub121_cast3_cast = sext i13 %sub121_cast3_read"   --->   Operation 22 'sext' 'sub121_cast3_cast' <Predicate = true> <Delay = 0.00>
ST_1 : Operation 23 [1/1] (0.00ns)   --->   "%specmemcore_ln0 = specmemcore void @_ssdm_op_SpecMemCore, i64 %bytePlanes, i64 666, i64 8, i64 18446744073709551615"   --->   Operation 23 'specmemcore' 'specmemcore_ln0' <Predicate = true> <Delay = 0.00>
ST_1 : Operation 24 [1/1] (0.00ns)   --->   "%specinterface_ln0 = specinterface void @_ssdm_op_SpecInterface, i24 %img, void @empty_4, i32 0, i32 0, void @empty_7, i32 0, i32 0, void @empty_7, void @empty_7, void @empty_7, i32 0, i32 0, i32 0, i32 0, void @empty_7, void @empty_7, i32 4294967295, i32 0"   --->   Operation 24 'specinterface' 'specinterface_ln0' <Predicate = true> <Delay = 0.00>
ST_1 : Operation 25 [1/1] (0.00ns)   --->   "%specinterface_ln0 = specinterface void @_ssdm_op_SpecInterface, i64 %bytePlanes, void @empty_4, i32 0, i32 0, void @empty_7, i32 0, i32 0, void @empty_7, void @empty_7, void @empty_7, i32 0, i32 0, i32 0, i32 0, void @empty_7, void @empty_7, i32 4294967295, i32 0"   --->   Operation 25 'specinterface' 'specinterface_ln0' <Predicate = true> <Delay = 0.00>
ST_1 : Operation 26 [1/1] (1.58ns)   --->   "%store_ln0 = store i13 0, i13 %x"   --->   Operation 26 'store' 'store_ln0' <Predicate = true> <Delay = 1.58>
ST_1 : Operation 27 [1/1] (0.00ns)   --->   "%br_ln0 = br void %for.inc"   --->   Operation 27 'br' 'br_ln0' <Predicate = true> <Delay = 0.00>
ST_1 : Operation 28 [1/1] (0.00ns)   --->   "%x_1 = load i13 %x" [C:/Users/Santiago/OneDrive/Escritorio/ov5640_sv_ed_800x600_v1/ov5640_sv_ed.runs/design_1_v_frmbuf_rd_0_0_synth_1/prj/sol/.autopilot/db/v_frmbuf_rd.cpp:1262]   --->   Operation 28 'load' 'x_1' <Predicate = true> <Delay = 0.00>
ST_1 : Operation 29 [1/1] (0.00ns)   --->   "%speclooptripcount_ln0 = speclooptripcount void @_ssdm_op_SpecLoopTripCount, i64 0, i64 8192, i64 8191"   --->   Operation 29 'speclooptripcount' 'speclooptripcount_ln0' <Predicate = true> <Delay = 0.00>
ST_1 : Operation 30 [1/1] (1.67ns)   --->   "%icmp_ln1262 = icmp_eq  i13 %x_1, i13 %trunc_ln1249_1_read" [C:/Users/Santiago/OneDrive/Escritorio/ov5640_sv_ed_800x600_v1/ov5640_sv_ed.runs/design_1_v_frmbuf_rd_0_0_synth_1/prj/sol/.autopilot/db/v_frmbuf_rd.cpp:1262]   --->   Operation 30 'icmp' 'icmp_ln1262' <Predicate = true> <Delay = 1.67> <CoreInst = "Cmp">   --->   Core 9 'Cmp' <Latency = 0> <II = 1> <Delay = 1.67> <FuncUnit> <Opcode : 'icmp'> <InPorts = 2> <OutPorts = 1>
ST_1 : Operation 31 [1/1] (1.67ns)   --->   "%x_2 = add i13 %x_1, i13 1" [C:/Users/Santiago/OneDrive/Escritorio/ov5640_sv_ed_800x600_v1/ov5640_sv_ed.runs/design_1_v_frmbuf_rd_0_0_synth_1/prj/sol/.autopilot/db/v_frmbuf_rd.cpp:1262]   --->   Operation 31 'add' 'x_2' <Predicate = true> <Delay = 1.67> <CoreInst = "Adder">   --->   Core 1 'Adder' <Latency = 0> <II = 1> <Delay = 1.67> <FuncUnit> <Opcode : 'add' 'sub'> <InPorts = 2> <OutPorts = 1>
ST_1 : Operation 32 [1/1] (0.00ns)   --->   "%br_ln1262 = br i1 %icmp_ln1262, void %for.inc.split, void %for.inc133.loopexit.exitStub" [C:/Users/Santiago/OneDrive/Escritorio/ov5640_sv_ed_800x600_v1/ov5640_sv_ed.runs/design_1_v_frmbuf_rd_0_0_synth_1/prj/sol/.autopilot/db/v_frmbuf_rd.cpp:1262]   --->   Operation 32 'br' 'br_ln1262' <Predicate = true> <Delay = 0.00>
ST_1 : Operation 33 [1/1] (0.00ns)   --->   "%x_cast = zext i13 %x_1" [C:/Users/Santiago/OneDrive/Escritorio/ov5640_sv_ed_800x600_v1/ov5640_sv_ed.runs/design_1_v_frmbuf_rd_0_0_synth_1/prj/sol/.autopilot/db/v_frmbuf_rd.cpp:1262]   --->   Operation 33 'zext' 'x_cast' <Predicate = (!icmp_ln1262)> <Delay = 0.00>
ST_1 : Operation 34 [1/1] (1.67ns)   --->   "%cmp122 = icmp_slt  i14 %x_cast, i14 %sub121_cast3_cast" [C:/Users/Santiago/OneDrive/Escritorio/ov5640_sv_ed_800x600_v1/ov5640_sv_ed.runs/design_1_v_frmbuf_rd_0_0_synth_1/prj/sol/.autopilot/db/v_frmbuf_rd.cpp:1262]   --->   Operation 34 'icmp' 'cmp122' <Predicate = (!icmp_ln1262)> <Delay = 1.67> <CoreInst = "Cmp">   --->   Core 9 'Cmp' <Latency = 0> <II = 1> <Delay = 1.67> <FuncUnit> <Opcode : 'icmp'> <InPorts = 2> <OutPorts = 1>
ST_1 : Operation 35 [1/1] (0.97ns)   --->   "%or_ln1278 = or i1 %cmp122, i1 %cmp125_1_read" [C:/Users/Santiago/OneDrive/Escritorio/ov5640_sv_ed_800x600_v1/ov5640_sv_ed.runs/design_1_v_frmbuf_rd_0_0_synth_1/prj/sol/.autopilot/db/v_frmbuf_rd.cpp:1278]   --->   Operation 35 'or' 'or_ln1278' <Predicate = (!icmp_ln1262)> <Delay = 0.97> <CoreInst = "LogicGate">   --->   Core 74 'LogicGate' <Latency = 0> <II = 1> <Delay = 0.97> <FuncUnit> <Opcode : 'and' 'or' 'xor'> <InPorts = 2> <OutPorts = 1>
ST_1 : Operation 36 [1/1] (0.00ns)   --->   "%br_ln1278 = br i1 %or_ln1278, void %for.inc.2, void %if.then126.1" [C:/Users/Santiago/OneDrive/Escritorio/ov5640_sv_ed_800x600_v1/ov5640_sv_ed.runs/design_1_v_frmbuf_rd_0_0_synth_1/prj/sol/.autopilot/db/v_frmbuf_rd.cpp:1278]   --->   Operation 36 'br' 'br_ln1278' <Predicate = (!icmp_ln1262)> <Delay = 0.00>
ST_1 : Operation 37 [1/1] (0.97ns)   --->   "%or_ln1278_1 = or i1 %cmp122, i1 %cmp125_2_read" [C:/Users/Santiago/OneDrive/Escritorio/ov5640_sv_ed_800x600_v1/ov5640_sv_ed.runs/design_1_v_frmbuf_rd_0_0_synth_1/prj/sol/.autopilot/db/v_frmbuf_rd.cpp:1278]   --->   Operation 37 'or' 'or_ln1278_1' <Predicate = (!icmp_ln1262)> <Delay = 0.97> <CoreInst = "LogicGate">   --->   Core 74 'LogicGate' <Latency = 0> <II = 1> <Delay = 0.97> <FuncUnit> <Opcode : 'and' 'or' 'xor'> <InPorts = 2> <OutPorts = 1>
ST_1 : Operation 38 [1/1] (0.00ns)   --->   "%br_ln1278 = br i1 %or_ln1278_1, void %for.inc.3, void %if.then126.2" [C:/Users/Santiago/OneDrive/Escritorio/ov5640_sv_ed_800x600_v1/ov5640_sv_ed.runs/design_1_v_frmbuf_rd_0_0_synth_1/prj/sol/.autopilot/db/v_frmbuf_rd.cpp:1278]   --->   Operation 38 'br' 'br_ln1278' <Predicate = (!icmp_ln1262)> <Delay = 0.00>
ST_1 : Operation 39 [1/1] (0.97ns)   --->   "%or_ln1278_2 = or i1 %cmp122, i1 %cmp125_3_read" [C:/Users/Santiago/OneDrive/Escritorio/ov5640_sv_ed_800x600_v1/ov5640_sv_ed.runs/design_1_v_frmbuf_rd_0_0_synth_1/prj/sol/.autopilot/db/v_frmbuf_rd.cpp:1278]   --->   Operation 39 'or' 'or_ln1278_2' <Predicate = (!icmp_ln1262)> <Delay = 0.97> <CoreInst = "LogicGate">   --->   Core 74 'LogicGate' <Latency = 0> <II = 1> <Delay = 0.97> <FuncUnit> <Opcode : 'and' 'or' 'xor'> <InPorts = 2> <OutPorts = 1>
ST_1 : Operation 40 [1/1] (0.00ns)   --->   "%br_ln1278 = br i1 %or_ln1278_2, void %for.inc.4, void %if.then126.3" [C:/Users/Santiago/OneDrive/Escritorio/ov5640_sv_ed_800x600_v1/ov5640_sv_ed.runs/design_1_v_frmbuf_rd_0_0_synth_1/prj/sol/.autopilot/db/v_frmbuf_rd.cpp:1278]   --->   Operation 40 'br' 'br_ln1278' <Predicate = (!icmp_ln1262)> <Delay = 0.00>
ST_1 : Operation 41 [1/1] (0.97ns)   --->   "%or_ln1278_3 = or i1 %cmp122, i1 %cmp125_4_read" [C:/Users/Santiago/OneDrive/Escritorio/ov5640_sv_ed_800x600_v1/ov5640_sv_ed.runs/design_1_v_frmbuf_rd_0_0_synth_1/prj/sol/.autopilot/db/v_frmbuf_rd.cpp:1278]   --->   Operation 41 'or' 'or_ln1278_3' <Predicate = (!icmp_ln1262)> <Delay = 0.97> <CoreInst = "LogicGate">   --->   Core 74 'LogicGate' <Latency = 0> <II = 1> <Delay = 0.97> <FuncUnit> <Opcode : 'and' 'or' 'xor'> <InPorts = 2> <OutPorts = 1>
ST_1 : Operation 42 [1/1] (0.00ns)   --->   "%br_ln1278 = br i1 %or_ln1278_3, void %for.inc.5, void %if.then126.4" [C:/Users/Santiago/OneDrive/Escritorio/ov5640_sv_ed_800x600_v1/ov5640_sv_ed.runs/design_1_v_frmbuf_rd_0_0_synth_1/prj/sol/.autopilot/db/v_frmbuf_rd.cpp:1278]   --->   Operation 42 'br' 'br_ln1278' <Predicate = (!icmp_ln1262)> <Delay = 0.00>
ST_1 : Operation 43 [1/1] (0.97ns)   --->   "%or_ln1278_4 = or i1 %cmp122, i1 %cmp125_5_read" [C:/Users/Santiago/OneDrive/Escritorio/ov5640_sv_ed_800x600_v1/ov5640_sv_ed.runs/design_1_v_frmbuf_rd_0_0_synth_1/prj/sol/.autopilot/db/v_frmbuf_rd.cpp:1278]   --->   Operation 43 'or' 'or_ln1278_4' <Predicate = (!icmp_ln1262)> <Delay = 0.97> <CoreInst = "LogicGate">   --->   Core 74 'LogicGate' <Latency = 0> <II = 1> <Delay = 0.97> <FuncUnit> <Opcode : 'and' 'or' 'xor'> <InPorts = 2> <OutPorts = 1>
ST_1 : Operation 44 [1/1] (0.00ns)   --->   "%br_ln1278 = br i1 %or_ln1278_4, void %for.inc.6, void %if.then126.5" [C:/Users/Santiago/OneDrive/Escritorio/ov5640_sv_ed_800x600_v1/ov5640_sv_ed.runs/design_1_v_frmbuf_rd_0_0_synth_1/prj/sol/.autopilot/db/v_frmbuf_rd.cpp:1278]   --->   Operation 44 'br' 'br_ln1278' <Predicate = (!icmp_ln1262)> <Delay = 0.00>
ST_1 : Operation 45 [1/1] (0.97ns)   --->   "%or_ln1278_5 = or i1 %cmp122, i1 %cmp125_6_read" [C:/Users/Santiago/OneDrive/Escritorio/ov5640_sv_ed_800x600_v1/ov5640_sv_ed.runs/design_1_v_frmbuf_rd_0_0_synth_1/prj/sol/.autopilot/db/v_frmbuf_rd.cpp:1278]   --->   Operation 45 'or' 'or_ln1278_5' <Predicate = (!icmp_ln1262)> <Delay = 0.97> <CoreInst = "LogicGate">   --->   Core 74 'LogicGate' <Latency = 0> <II = 1> <Delay = 0.97> <FuncUnit> <Opcode : 'and' 'or' 'xor'> <InPorts = 2> <OutPorts = 1>
ST_1 : Operation 46 [1/1] (0.00ns)   --->   "%br_ln1278 = br i1 %or_ln1278_5, void %for.inc.7, void %if.then126.6" [C:/Users/Santiago/OneDrive/Escritorio/ov5640_sv_ed_800x600_v1/ov5640_sv_ed.runs/design_1_v_frmbuf_rd_0_0_synth_1/prj/sol/.autopilot/db/v_frmbuf_rd.cpp:1278]   --->   Operation 46 'br' 'br_ln1278' <Predicate = (!icmp_ln1262)> <Delay = 0.00>
ST_1 : Operation 47 [1/1] (0.97ns)   --->   "%or_ln1278_6 = or i1 %cmp122, i1 %icmp_ln1252_read" [C:/Users/Santiago/OneDrive/Escritorio/ov5640_sv_ed_800x600_v1/ov5640_sv_ed.runs/design_1_v_frmbuf_rd_0_0_synth_1/prj/sol/.autopilot/db/v_frmbuf_rd.cpp:1278]   --->   Operation 47 'or' 'or_ln1278_6' <Predicate = (!icmp_ln1262)> <Delay = 0.97> <CoreInst = "LogicGate">   --->   Core 74 'LogicGate' <Latency = 0> <II = 1> <Delay = 0.97> <FuncUnit> <Opcode : 'and' 'or' 'xor'> <InPorts = 2> <OutPorts = 1>
ST_1 : Operation 48 [1/1] (0.00ns)   --->   "%br_ln1278 = br i1 %or_ln1278_6, void %for.inc127.7, void %if.then126.7" [C:/Users/Santiago/OneDrive/Escritorio/ov5640_sv_ed_800x600_v1/ov5640_sv_ed.runs/design_1_v_frmbuf_rd_0_0_synth_1/prj/sol/.autopilot/db/v_frmbuf_rd.cpp:1278]   --->   Operation 48 'br' 'br_ln1278' <Predicate = (!icmp_ln1262)> <Delay = 0.00>
ST_1 : Operation 49 [1/1] (1.58ns)   --->   "%store_ln1262 = store i13 %x_2, i13 %x" [C:/Users/Santiago/OneDrive/Escritorio/ov5640_sv_ed_800x600_v1/ov5640_sv_ed.runs/design_1_v_frmbuf_rd_0_0_synth_1/prj/sol/.autopilot/db/v_frmbuf_rd.cpp:1262]   --->   Operation 49 'store' 'store_ln1262' <Predicate = (!icmp_ln1262)> <Delay = 1.58>
ST_1 : Operation 50 [1/1] (0.00ns)   --->   "%br_ln1262 = br void %for.inc" [C:/Users/Santiago/OneDrive/Escritorio/ov5640_sv_ed_800x600_v1/ov5640_sv_ed.runs/design_1_v_frmbuf_rd_0_0_synth_1/prj/sol/.autopilot/db/v_frmbuf_rd.cpp:1262]   --->   Operation 50 'br' 'br_ln1262' <Predicate = (!icmp_ln1262)> <Delay = 0.00>
ST_1 : Operation 85 [1/1] (0.00ns)   --->   "%ret_ln0 = ret"   --->   Operation 85 'ret' 'ret_ln0' <Predicate = (icmp_ln1262)> <Delay = 0.00>

State 2 <SV = 1> <Delay = 7.14>
ST_2 : Operation 51 [1/1] (0.00ns)   --->   "%specpipeline_ln1264 = specpipeline void @_ssdm_op_SpecPipeline, i32 8, i32 0, i32 0, i32 0, void @empty_7" [C:/Users/Santiago/OneDrive/Escritorio/ov5640_sv_ed_800x600_v1/ov5640_sv_ed.runs/design_1_v_frmbuf_rd_0_0_synth_1/prj/sol/.autopilot/db/v_frmbuf_rd.cpp:1264]   --->   Operation 51 'specpipeline' 'specpipeline_ln1264' <Predicate = (!icmp_ln1262)> <Delay = 0.00>
ST_2 : Operation 52 [1/1] (0.00ns)   --->   "%specloopname_ln1262 = specloopname void @_ssdm_op_SpecLoopName, void @empty_12" [C:/Users/Santiago/OneDrive/Escritorio/ov5640_sv_ed_800x600_v1/ov5640_sv_ed.runs/design_1_v_frmbuf_rd_0_0_synth_1/prj/sol/.autopilot/db/v_frmbuf_rd.cpp:1262]   --->   Operation 52 'specloopname' 'specloopname_ln1262' <Predicate = (!icmp_ln1262)> <Delay = 0.00>
ST_2 : Operation 53 [1/1] (3.50ns)   --->   "%rd = read i64 @_ssdm_op_Read.ap_fifo.volatile.i64P0A, i64 %bytePlanes" [C:/Users/Santiago/OneDrive/Escritorio/ov5640_sv_ed_800x600_v1/ov5640_sv_ed.runs/design_1_v_frmbuf_rd_0_0_synth_1/prj/sol/.autopilot/db/v_frmbuf_rd.cpp:1267]   --->   Operation 53 'read' 'rd' <Predicate = (!icmp_ln1262)> <Delay = 3.50> <CoreInst = "FIFO_BRAM">   --->   Core 79 'FIFO_BRAM' <Latency = 0> <II = 1> <Delay = 3.50> <Storage> <Opcode : 'read' 'write' 'nbread' 'nbwrite'> <Ports = 0> <Width = 64> <Depth = 1024> <FIFO>
ST_2 : Operation 54 [1/1] (0.00ns)   --->   "%trunc_ln1274 = trunc i64 %rd" [C:/Users/Santiago/OneDrive/Escritorio/ov5640_sv_ed_800x600_v1/ov5640_sv_ed.runs/design_1_v_frmbuf_rd_0_0_synth_1/prj/sol/.autopilot/db/v_frmbuf_rd.cpp:1274]   --->   Operation 54 'trunc' 'trunc_ln1274' <Predicate = (!icmp_ln1262)> <Delay = 0.00>
ST_2 : Operation 55 [1/1] (0.00ns)   --->   "%p_s = bitconcatenate i24 @_ssdm_op_BitConcatenate.i24.i16.i8, i16 32896, i8 %trunc_ln1274" [C:/Users/Santiago/OneDrive/Escritorio/ov5640_sv_ed_800x600_v1/ov5640_sv_ed.runs/design_1_v_frmbuf_rd_0_0_synth_1/prj/sol/.autopilot/db/v_frmbuf_rd.cpp:1279]   --->   Operation 55 'bitconcatenate' 'p_s' <Predicate = (!icmp_ln1262)> <Delay = 0.00>
ST_2 : Operation 56 [1/1] (3.63ns)   --->   "%write_ln1279 = write void @_ssdm_op_Write.ap_fifo.volatile.i24P0A, i24 %img, i24 %p_s" [C:/Users/Santiago/OneDrive/Escritorio/ov5640_sv_ed_800x600_v1/ov5640_sv_ed.runs/design_1_v_frmbuf_rd_0_0_synth_1/prj/sol/.autopilot/db/v_frmbuf_rd.cpp:1279]   --->   Operation 56 'write' 'write_ln1279' <Predicate = (!icmp_ln1262)> <Delay = 3.63> <CoreInst = "FIFO_SRL">   --->   Core 81 'FIFO_SRL' <Latency = 0> <II = 1> <Delay = 3.63> <Storage> <Opcode : 'read' 'write' 'nbread' 'nbwrite'> <Ports = 0> <Width = 24> <Depth = 2> <FIFO>
ST_2 : Operation 57 [1/1] (0.00ns)   --->   "%tmp_s = partselect i8 @_ssdm_op_PartSelect.i8.i64.i32.i32, i64 %rd, i32 8, i32 15" [C:/Users/Santiago/OneDrive/Escritorio/ov5640_sv_ed_800x600_v1/ov5640_sv_ed.runs/design_1_v_frmbuf_rd_0_0_synth_1/prj/sol/.autopilot/db/v_frmbuf_rd.cpp:1274]   --->   Operation 57 'partselect' 'tmp_s' <Predicate = (!icmp_ln1262)> <Delay = 0.00>
ST_2 : Operation 58 [1/1] (0.00ns)   --->   "%tmp_1 = partselect i8 @_ssdm_op_PartSelect.i8.i64.i32.i32, i64 %rd, i32 16, i32 23" [C:/Users/Santiago/OneDrive/Escritorio/ov5640_sv_ed_800x600_v1/ov5640_sv_ed.runs/design_1_v_frmbuf_rd_0_0_synth_1/prj/sol/.autopilot/db/v_frmbuf_rd.cpp:1274]   --->   Operation 58 'partselect' 'tmp_1' <Predicate = (!icmp_ln1262)> <Delay = 0.00>
ST_2 : Operation 59 [1/1] (0.00ns)   --->   "%tmp_2 = partselect i8 @_ssdm_op_PartSelect.i8.i64.i32.i32, i64 %rd, i32 24, i32 31" [C:/Users/Santiago/OneDrive/Escritorio/ov5640_sv_ed_800x600_v1/ov5640_sv_ed.runs/design_1_v_frmbuf_rd_0_0_synth_1/prj/sol/.autopilot/db/v_frmbuf_rd.cpp:1274]   --->   Operation 59 'partselect' 'tmp_2' <Predicate = (!icmp_ln1262)> <Delay = 0.00>
ST_2 : Operation 60 [1/1] (0.00ns)   --->   "%tmp_3 = partselect i8 @_ssdm_op_PartSelect.i8.i64.i32.i32, i64 %rd, i32 32, i32 39" [C:/Users/Santiago/OneDrive/Escritorio/ov5640_sv_ed_800x600_v1/ov5640_sv_ed.runs/design_1_v_frmbuf_rd_0_0_synth_1/prj/sol/.autopilot/db/v_frmbuf_rd.cpp:1274]   --->   Operation 60 'partselect' 'tmp_3' <Predicate = (!icmp_ln1262)> <Delay = 0.00>
ST_2 : Operation 61 [1/1] (0.00ns)   --->   "%tmp_4 = partselect i8 @_ssdm_op_PartSelect.i8.i64.i32.i32, i64 %rd, i32 40, i32 47" [C:/Users/Santiago/OneDrive/Escritorio/ov5640_sv_ed_800x600_v1/ov5640_sv_ed.runs/design_1_v_frmbuf_rd_0_0_synth_1/prj/sol/.autopilot/db/v_frmbuf_rd.cpp:1274]   --->   Operation 61 'partselect' 'tmp_4' <Predicate = (!icmp_ln1262)> <Delay = 0.00>
ST_2 : Operation 62 [1/1] (0.00ns)   --->   "%tmp_5 = partselect i8 @_ssdm_op_PartSelect.i8.i64.i32.i32, i64 %rd, i32 48, i32 55" [C:/Users/Santiago/OneDrive/Escritorio/ov5640_sv_ed_800x600_v1/ov5640_sv_ed.runs/design_1_v_frmbuf_rd_0_0_synth_1/prj/sol/.autopilot/db/v_frmbuf_rd.cpp:1274]   --->   Operation 62 'partselect' 'tmp_5' <Predicate = (!icmp_ln1262)> <Delay = 0.00>
ST_2 : Operation 63 [1/1] (0.00ns)   --->   "%tmp_6 = partselect i8 @_ssdm_op_PartSelect.i8.i64.i32.i32, i64 %rd, i32 56, i32 63" [C:/Users/Santiago/OneDrive/Escritorio/ov5640_sv_ed_800x600_v1/ov5640_sv_ed.runs/design_1_v_frmbuf_rd_0_0_synth_1/prj/sol/.autopilot/db/v_frmbuf_rd.cpp:1274]   --->   Operation 63 'partselect' 'tmp_6' <Predicate = (!icmp_ln1262)> <Delay = 0.00>

State 3 <SV = 2> <Delay = 3.63>
ST_3 : Operation 64 [1/1] (0.00ns)   --->   "%p_1 = bitconcatenate i24 @_ssdm_op_BitConcatenate.i24.i16.i8, i16 32896, i8 %tmp_s" [C:/Users/Santiago/OneDrive/Escritorio/ov5640_sv_ed_800x600_v1/ov5640_sv_ed.runs/design_1_v_frmbuf_rd_0_0_synth_1/prj/sol/.autopilot/db/v_frmbuf_rd.cpp:1279]   --->   Operation 64 'bitconcatenate' 'p_1' <Predicate = (!icmp_ln1262 & or_ln1278)> <Delay = 0.00>
ST_3 : Operation 65 [1/1] (3.63ns)   --->   "%write_ln1279 = write void @_ssdm_op_Write.ap_fifo.volatile.i24P0A, i24 %img, i24 %p_1" [C:/Users/Santiago/OneDrive/Escritorio/ov5640_sv_ed_800x600_v1/ov5640_sv_ed.runs/design_1_v_frmbuf_rd_0_0_synth_1/prj/sol/.autopilot/db/v_frmbuf_rd.cpp:1279]   --->   Operation 65 'write' 'write_ln1279' <Predicate = (!icmp_ln1262 & or_ln1278)> <Delay = 3.63> <CoreInst = "FIFO_SRL">   --->   Core 81 'FIFO_SRL' <Latency = 0> <II = 1> <Delay = 3.63> <Storage> <Opcode : 'read' 'write' 'nbread' 'nbwrite'> <Ports = 0> <Width = 24> <Depth = 2> <FIFO>
ST_3 : Operation 66 [1/1] (0.00ns)   --->   "%br_ln1279 = br void %for.inc.2" [C:/Users/Santiago/OneDrive/Escritorio/ov5640_sv_ed_800x600_v1/ov5640_sv_ed.runs/design_1_v_frmbuf_rd_0_0_synth_1/prj/sol/.autopilot/db/v_frmbuf_rd.cpp:1279]   --->   Operation 66 'br' 'br_ln1279' <Predicate = (!icmp_ln1262 & or_ln1278)> <Delay = 0.00>

State 4 <SV = 3> <Delay = 3.63>
ST_4 : Operation 67 [1/1] (0.00ns)   --->   "%p_2 = bitconcatenate i24 @_ssdm_op_BitConcatenate.i24.i16.i8, i16 32896, i8 %tmp_1" [C:/Users/Santiago/OneDrive/Escritorio/ov5640_sv_ed_800x600_v1/ov5640_sv_ed.runs/design_1_v_frmbuf_rd_0_0_synth_1/prj/sol/.autopilot/db/v_frmbuf_rd.cpp:1279]   --->   Operation 67 'bitconcatenate' 'p_2' <Predicate = (!icmp_ln1262 & or_ln1278_1)> <Delay = 0.00>
ST_4 : Operation 68 [1/1] (3.63ns)   --->   "%write_ln1279 = write void @_ssdm_op_Write.ap_fifo.volatile.i24P0A, i24 %img, i24 %p_2" [C:/Users/Santiago/OneDrive/Escritorio/ov5640_sv_ed_800x600_v1/ov5640_sv_ed.runs/design_1_v_frmbuf_rd_0_0_synth_1/prj/sol/.autopilot/db/v_frmbuf_rd.cpp:1279]   --->   Operation 68 'write' 'write_ln1279' <Predicate = (!icmp_ln1262 & or_ln1278_1)> <Delay = 3.63> <CoreInst = "FIFO_SRL">   --->   Core 81 'FIFO_SRL' <Latency = 0> <II = 1> <Delay = 3.63> <Storage> <Opcode : 'read' 'write' 'nbread' 'nbwrite'> <Ports = 0> <Width = 24> <Depth = 2> <FIFO>
ST_4 : Operation 69 [1/1] (0.00ns)   --->   "%br_ln1279 = br void %for.inc.3" [C:/Users/Santiago/OneDrive/Escritorio/ov5640_sv_ed_800x600_v1/ov5640_sv_ed.runs/design_1_v_frmbuf_rd_0_0_synth_1/prj/sol/.autopilot/db/v_frmbuf_rd.cpp:1279]   --->   Operation 69 'br' 'br_ln1279' <Predicate = (!icmp_ln1262 & or_ln1278_1)> <Delay = 0.00>

State 5 <SV = 4> <Delay = 3.63>
ST_5 : Operation 70 [1/1] (0.00ns)   --->   "%p_3 = bitconcatenate i24 @_ssdm_op_BitConcatenate.i24.i16.i8, i16 32896, i8 %tmp_2" [C:/Users/Santiago/OneDrive/Escritorio/ov5640_sv_ed_800x600_v1/ov5640_sv_ed.runs/design_1_v_frmbuf_rd_0_0_synth_1/prj/sol/.autopilot/db/v_frmbuf_rd.cpp:1279]   --->   Operation 70 'bitconcatenate' 'p_3' <Predicate = (!icmp_ln1262 & or_ln1278_2)> <Delay = 0.00>
ST_5 : Operation 71 [1/1] (3.63ns)   --->   "%write_ln1279 = write void @_ssdm_op_Write.ap_fifo.volatile.i24P0A, i24 %img, i24 %p_3" [C:/Users/Santiago/OneDrive/Escritorio/ov5640_sv_ed_800x600_v1/ov5640_sv_ed.runs/design_1_v_frmbuf_rd_0_0_synth_1/prj/sol/.autopilot/db/v_frmbuf_rd.cpp:1279]   --->   Operation 71 'write' 'write_ln1279' <Predicate = (!icmp_ln1262 & or_ln1278_2)> <Delay = 3.63> <CoreInst = "FIFO_SRL">   --->   Core 81 'FIFO_SRL' <Latency = 0> <II = 1> <Delay = 3.63> <Storage> <Opcode : 'read' 'write' 'nbread' 'nbwrite'> <Ports = 0> <Width = 24> <Depth = 2> <FIFO>
ST_5 : Operation 72 [1/1] (0.00ns)   --->   "%br_ln1279 = br void %for.inc.4" [C:/Users/Santiago/OneDrive/Escritorio/ov5640_sv_ed_800x600_v1/ov5640_sv_ed.runs/design_1_v_frmbuf_rd_0_0_synth_1/prj/sol/.autopilot/db/v_frmbuf_rd.cpp:1279]   --->   Operation 72 'br' 'br_ln1279' <Predicate = (!icmp_ln1262 & or_ln1278_2)> <Delay = 0.00>

State 6 <SV = 5> <Delay = 3.63>
ST_6 : Operation 73 [1/1] (0.00ns)   --->   "%p_4 = bitconcatenate i24 @_ssdm_op_BitConcatenate.i24.i16.i8, i16 32896, i8 %tmp_3" [C:/Users/Santiago/OneDrive/Escritorio/ov5640_sv_ed_800x600_v1/ov5640_sv_ed.runs/design_1_v_frmbuf_rd_0_0_synth_1/prj/sol/.autopilot/db/v_frmbuf_rd.cpp:1279]   --->   Operation 73 'bitconcatenate' 'p_4' <Predicate = (!icmp_ln1262 & or_ln1278_3)> <Delay = 0.00>
ST_6 : Operation 74 [1/1] (3.63ns)   --->   "%write_ln1279 = write void @_ssdm_op_Write.ap_fifo.volatile.i24P0A, i24 %img, i24 %p_4" [C:/Users/Santiago/OneDrive/Escritorio/ov5640_sv_ed_800x600_v1/ov5640_sv_ed.runs/design_1_v_frmbuf_rd_0_0_synth_1/prj/sol/.autopilot/db/v_frmbuf_rd.cpp:1279]   --->   Operation 74 'write' 'write_ln1279' <Predicate = (!icmp_ln1262 & or_ln1278_3)> <Delay = 3.63> <CoreInst = "FIFO_SRL">   --->   Core 81 'FIFO_SRL' <Latency = 0> <II = 1> <Delay = 3.63> <Storage> <Opcode : 'read' 'write' 'nbread' 'nbwrite'> <Ports = 0> <Width = 24> <Depth = 2> <FIFO>
ST_6 : Operation 75 [1/1] (0.00ns)   --->   "%br_ln1279 = br void %for.inc.5" [C:/Users/Santiago/OneDrive/Escritorio/ov5640_sv_ed_800x600_v1/ov5640_sv_ed.runs/design_1_v_frmbuf_rd_0_0_synth_1/prj/sol/.autopilot/db/v_frmbuf_rd.cpp:1279]   --->   Operation 75 'br' 'br_ln1279' <Predicate = (!icmp_ln1262 & or_ln1278_3)> <Delay = 0.00>

State 7 <SV = 6> <Delay = 3.63>
ST_7 : Operation 76 [1/1] (0.00ns)   --->   "%p_5 = bitconcatenate i24 @_ssdm_op_BitConcatenate.i24.i16.i8, i16 32896, i8 %tmp_4" [C:/Users/Santiago/OneDrive/Escritorio/ov5640_sv_ed_800x600_v1/ov5640_sv_ed.runs/design_1_v_frmbuf_rd_0_0_synth_1/prj/sol/.autopilot/db/v_frmbuf_rd.cpp:1279]   --->   Operation 76 'bitconcatenate' 'p_5' <Predicate = (!icmp_ln1262 & or_ln1278_4)> <Delay = 0.00>
ST_7 : Operation 77 [1/1] (3.63ns)   --->   "%write_ln1279 = write void @_ssdm_op_Write.ap_fifo.volatile.i24P0A, i24 %img, i24 %p_5" [C:/Users/Santiago/OneDrive/Escritorio/ov5640_sv_ed_800x600_v1/ov5640_sv_ed.runs/design_1_v_frmbuf_rd_0_0_synth_1/prj/sol/.autopilot/db/v_frmbuf_rd.cpp:1279]   --->   Operation 77 'write' 'write_ln1279' <Predicate = (!icmp_ln1262 & or_ln1278_4)> <Delay = 3.63> <CoreInst = "FIFO_SRL">   --->   Core 81 'FIFO_SRL' <Latency = 0> <II = 1> <Delay = 3.63> <Storage> <Opcode : 'read' 'write' 'nbread' 'nbwrite'> <Ports = 0> <Width = 24> <Depth = 2> <FIFO>
ST_7 : Operation 78 [1/1] (0.00ns)   --->   "%br_ln1279 = br void %for.inc.6" [C:/Users/Santiago/OneDrive/Escritorio/ov5640_sv_ed_800x600_v1/ov5640_sv_ed.runs/design_1_v_frmbuf_rd_0_0_synth_1/prj/sol/.autopilot/db/v_frmbuf_rd.cpp:1279]   --->   Operation 78 'br' 'br_ln1279' <Predicate = (!icmp_ln1262 & or_ln1278_4)> <Delay = 0.00>

State 8 <SV = 7> <Delay = 3.63>
ST_8 : Operation 79 [1/1] (0.00ns)   --->   "%p_6 = bitconcatenate i24 @_ssdm_op_BitConcatenate.i24.i16.i8, i16 32896, i8 %tmp_5" [C:/Users/Santiago/OneDrive/Escritorio/ov5640_sv_ed_800x600_v1/ov5640_sv_ed.runs/design_1_v_frmbuf_rd_0_0_synth_1/prj/sol/.autopilot/db/v_frmbuf_rd.cpp:1279]   --->   Operation 79 'bitconcatenate' 'p_6' <Predicate = (!icmp_ln1262 & or_ln1278_5)> <Delay = 0.00>
ST_8 : Operation 80 [1/1] (3.63ns)   --->   "%write_ln1279 = write void @_ssdm_op_Write.ap_fifo.volatile.i24P0A, i24 %img, i24 %p_6" [C:/Users/Santiago/OneDrive/Escritorio/ov5640_sv_ed_800x600_v1/ov5640_sv_ed.runs/design_1_v_frmbuf_rd_0_0_synth_1/prj/sol/.autopilot/db/v_frmbuf_rd.cpp:1279]   --->   Operation 80 'write' 'write_ln1279' <Predicate = (!icmp_ln1262 & or_ln1278_5)> <Delay = 3.63> <CoreInst = "FIFO_SRL">   --->   Core 81 'FIFO_SRL' <Latency = 0> <II = 1> <Delay = 3.63> <Storage> <Opcode : 'read' 'write' 'nbread' 'nbwrite'> <Ports = 0> <Width = 24> <Depth = 2> <FIFO>
ST_8 : Operation 81 [1/1] (0.00ns)   --->   "%br_ln1279 = br void %for.inc.7" [C:/Users/Santiago/OneDrive/Escritorio/ov5640_sv_ed_800x600_v1/ov5640_sv_ed.runs/design_1_v_frmbuf_rd_0_0_synth_1/prj/sol/.autopilot/db/v_frmbuf_rd.cpp:1279]   --->   Operation 81 'br' 'br_ln1279' <Predicate = (!icmp_ln1262 & or_ln1278_5)> <Delay = 0.00>

State 9 <SV = 8> <Delay = 3.63>
ST_9 : Operation 82 [1/1] (0.00ns)   --->   "%p_0 = bitconcatenate i24 @_ssdm_op_BitConcatenate.i24.i16.i8, i16 32896, i8 %tmp_6" [C:/Users/Santiago/OneDrive/Escritorio/ov5640_sv_ed_800x600_v1/ov5640_sv_ed.runs/design_1_v_frmbuf_rd_0_0_synth_1/prj/sol/.autopilot/db/v_frmbuf_rd.cpp:1279]   --->   Operation 82 'bitconcatenate' 'p_0' <Predicate = (or_ln1278_6)> <Delay = 0.00>
ST_9 : Operation 83 [1/1] (3.63ns)   --->   "%write_ln1279 = write void @_ssdm_op_Write.ap_fifo.volatile.i24P0A, i24 %img, i24 %p_0" [C:/Users/Santiago/OneDrive/Escritorio/ov5640_sv_ed_800x600_v1/ov5640_sv_ed.runs/design_1_v_frmbuf_rd_0_0_synth_1/prj/sol/.autopilot/db/v_frmbuf_rd.cpp:1279]   --->   Operation 83 'write' 'write_ln1279' <Predicate = (or_ln1278_6)> <Delay = 3.63> <CoreInst = "FIFO_SRL">   --->   Core 81 'FIFO_SRL' <Latency = 0> <II = 1> <Delay = 3.63> <Storage> <Opcode : 'read' 'write' 'nbread' 'nbwrite'> <Ports = 0> <Width = 24> <Depth = 2> <FIFO>
ST_9 : Operation 84 [1/1] (0.00ns)   --->   "%br_ln1279 = br void %for.inc127.7" [C:/Users/Santiago/OneDrive/Escritorio/ov5640_sv_ed_800x600_v1/ov5640_sv_ed.runs/design_1_v_frmbuf_rd_0_0_synth_1/prj/sol/.autopilot/db/v_frmbuf_rd.cpp:1279]   --->   Operation 84 'br' 'br_ln1279' <Predicate = (or_ln1278_6)> <Delay = 0.00>


============================================================
+ Verbose Summary: Binding
============================================================
STG Binding: 
---------------- STG Properties BEGIN ----------------
- Is combinational: 0
- Is one-state seq: 0
- Is datapath-only: 0
- Is pipelined: 0
- Is top level: 0
Port [ Return ] is wired: 1; IO mode=ap_ctrl_hs:ce=0
Port [ trunc_ln1249_1]:  wired=1; compound=0; hidden=0; nouse=0; global=0; static=0; extern=0; dir=0; type=0; pingpong=0; private_global=0; IO mode=ap_none:ce=0
Port [ icmp_ln1252]:  wired=1; compound=0; hidden=0; nouse=0; global=0; static=0; extern=0; dir=0; type=0; pingpong=0; private_global=0; IO mode=ap_none:ce=0
Port [ cmp125_6]:  wired=1; compound=0; hidden=0; nouse=0; global=0; static=0; extern=0; dir=0; type=0; pingpong=0; private_global=0; IO mode=ap_none:ce=0
Port [ cmp125_5]:  wired=1; compound=0; hidden=0; nouse=0; global=0; static=0; extern=0; dir=0; type=0; pingpong=0; private_global=0; IO mode=ap_none:ce=0
Port [ cmp125_4]:  wired=1; compound=0; hidden=0; nouse=0; global=0; static=0; extern=0; dir=0; type=0; pingpong=0; private_global=0; IO mode=ap_none:ce=0
Port [ cmp125_3]:  wired=1; compound=0; hidden=0; nouse=0; global=0; static=0; extern=0; dir=0; type=0; pingpong=0; private_global=0; IO mode=ap_none:ce=0
Port [ cmp125_2]:  wired=1; compound=0; hidden=0; nouse=0; global=0; static=0; extern=0; dir=0; type=0; pingpong=0; private_global=0; IO mode=ap_none:ce=0
Port [ bytePlanes]:  wired=1; compound=1; hidden=0; nouse=0; global=0; static=0; extern=0; dir=0; type=3; pingpong=0; private_global=0; IO mode=ap_fifo:ce=0
Port [ sub121_cast3]:  wired=1; compound=0; hidden=0; nouse=0; global=0; static=0; extern=0; dir=0; type=0; pingpong=0; private_global=0; IO mode=ap_none:ce=0
Port [ img]:  wired=1; compound=1; hidden=0; nouse=0; global=0; static=0; extern=0; dir=1; type=3; pingpong=0; private_global=0; IO mode=ap_fifo:ce=0
Port [ cmp125_1]:  wired=1; compound=0; hidden=0; nouse=0; global=0; static=0; extern=0; dir=0; type=0; pingpong=0; private_global=0; IO mode=ap_none:ce=0
---------------- STG Properties END ------------------

---------------- Datapath Model BEGIN ----------------

<LifeTime>
<method=bitvector/>
x                     (alloca           ) [ 0100000000]
cmp125_1_read         (read             ) [ 0000000000]
sub121_cast3_read     (read             ) [ 0000000000]
cmp125_2_read         (read             ) [ 0000000000]
cmp125_3_read         (read             ) [ 0000000000]
cmp125_4_read         (read             ) [ 0000000000]
cmp125_5_read         (read             ) [ 0000000000]
cmp125_6_read         (read             ) [ 0000000000]
icmp_ln1252_read      (read             ) [ 0000000000]
trunc_ln1249_1_read   (read             ) [ 0000000000]
sub121_cast3_cast     (sext             ) [ 0000000000]
specmemcore_ln0       (specmemcore      ) [ 0000000000]
specinterface_ln0     (specinterface    ) [ 0000000000]
specinterface_ln0     (specinterface    ) [ 0000000000]
store_ln0             (store            ) [ 0000000000]
br_ln0                (br               ) [ 0000000000]
x_1                   (load             ) [ 0000000000]
speclooptripcount_ln0 (speclooptripcount) [ 0000000000]
icmp_ln1262           (icmp             ) [ 0111111110]
x_2                   (add              ) [ 0000000000]
br_ln1262             (br               ) [ 0000000000]
x_cast                (zext             ) [ 0000000000]
cmp122                (icmp             ) [ 0000000000]
or_ln1278             (or               ) [ 0011000000]
br_ln1278             (br               ) [ 0000000000]
or_ln1278_1           (or               ) [ 0011100000]
br_ln1278             (br               ) [ 0000000000]
or_ln1278_2           (or               ) [ 0011110000]
br_ln1278             (br               ) [ 0000000000]
or_ln1278_3           (or               ) [ 0011111000]
br_ln1278             (br               ) [ 0000000000]
or_ln1278_4           (or               ) [ 0011111100]
br_ln1278             (br               ) [ 0000000000]
or_ln1278_5           (or               ) [ 0011111110]
br_ln1278             (br               ) [ 0000000000]
or_ln1278_6           (or               ) [ 0111111111]
br_ln1278             (br               ) [ 0000000000]
store_ln1262          (store            ) [ 0000000000]
br_ln1262             (br               ) [ 0000000000]
specpipeline_ln1264   (specpipeline     ) [ 0000000000]
specloopname_ln1262   (specloopname     ) [ 0000000000]
rd                    (read             ) [ 0000000000]
trunc_ln1274          (trunc            ) [ 0000000000]
p_s                   (bitconcatenate   ) [ 0000000000]
write_ln1279          (write            ) [ 0000000000]
tmp_s                 (partselect       ) [ 0001000000]
tmp_1                 (partselect       ) [ 0001100000]
tmp_2                 (partselect       ) [ 0001110000]
tmp_3                 (partselect       ) [ 0001111000]
tmp_4                 (partselect       ) [ 0001111100]
tmp_5                 (partselect       ) [ 0001111110]
tmp_6                 (partselect       ) [ 0101111111]
p_1                   (bitconcatenate   ) [ 0000000000]
write_ln1279          (write            ) [ 0000000000]
br_ln1279             (br               ) [ 0000000000]
p_2                   (bitconcatenate   ) [ 0000000000]
write_ln1279          (write            ) [ 0000000000]
br_ln1279             (br               ) [ 0000000000]
p_3                   (bitconcatenate   ) [ 0000000000]
write_ln1279          (write            ) [ 0000000000]
br_ln1279             (br               ) [ 0000000000]
p_4                   (bitconcatenate   ) [ 0000000000]
write_ln1279          (write            ) [ 0000000000]
br_ln1279             (br               ) [ 0000000000]
p_5                   (bitconcatenate   ) [ 0000000000]
write_ln1279          (write            ) [ 0000000000]
br_ln1279             (br               ) [ 0000000000]
p_6                   (bitconcatenate   ) [ 0000000000]
write_ln1279          (write            ) [ 0000000000]
br_ln1279             (br               ) [ 0000000000]
p_0                   (bitconcatenate   ) [ 0000000000]
write_ln1279          (write            ) [ 0000000000]
br_ln1279             (br               ) [ 0000000000]
ret_ln0               (ret              ) [ 0000000000]
</LifeTime>

<model>

<comp_list>
<comp id="0" class="1000" name="trunc_ln1249_1">
<pin_list>
<pin id="1" dir="1" index="0" bw="1" slack="0"/>
</pin_list>
<bind>
<StgValue><ssdm name="trunc_ln1249_1"/></StgValue>
</bind>
</comp>

<comp id="2" class="1000" name="icmp_ln1252">
<pin_list>
<pin id="3" dir="1" index="0" bw="1" slack="0"/>
</pin_list>
<bind>
<StgValue><ssdm name="icmp_ln1252"/></StgValue>
</bind>
</comp>

<comp id="4" class="1000" name="cmp125_6">
<pin_list>
<pin id="5" dir="1" index="0" bw="1" slack="0"/>
</pin_list>
<bind>
<StgValue><ssdm name="cmp125_6"/></StgValue>
</bind>
</comp>

<comp id="6" class="1000" name="cmp125_5">
<pin_list>
<pin id="7" dir="1" index="0" bw="1" slack="0"/>
</pin_list>
<bind>
<StgValue><ssdm name="cmp125_5"/></StgValue>
</bind>
</comp>

<comp id="8" class="1000" name="cmp125_4">
<pin_list>
<pin id="9" dir="1" index="0" bw="1" slack="0"/>
</pin_list>
<bind>
<StgValue><ssdm name="cmp125_4"/></StgValue>
</bind>
</comp>

<comp id="10" class="1000" name="cmp125_3">
<pin_list>
<pin id="11" dir="1" index="0" bw="1" slack="0"/>
</pin_list>
<bind>
<StgValue><ssdm name="cmp125_3"/></StgValue>
</bind>
</comp>

<comp id="12" class="1000" name="cmp125_2">
<pin_list>
<pin id="13" dir="1" index="0" bw="1" slack="0"/>
</pin_list>
<bind>
<StgValue><ssdm name="cmp125_2"/></StgValue>
</bind>
</comp>

<comp id="14" class="1000" name="bytePlanes">
<pin_list>
<pin id="15" dir="1" index="0" bw="1" slack="0"/>
</pin_list>
<bind>
<StgValue><ssdm name="bytePlanes"/></StgValue>
</bind>
</comp>

<comp id="16" class="1000" name="sub121_cast3">
<pin_list>
<pin id="17" dir="1" index="0" bw="1" slack="0"/>
</pin_list>
<bind>
<StgValue><ssdm name="sub121_cast3"/></StgValue>
</bind>
</comp>

<comp id="18" class="1000" name="img">
<pin_list>
<pin id="19" dir="1" index="0" bw="1" slack="0"/>
</pin_list>
<bind>
<StgValue><ssdm name="img"/></StgValue>
</bind>
</comp>

<comp id="20" class="1000" name="cmp125_1">
<pin_list>
<pin id="21" dir="1" index="0" bw="1" slack="0"/>
</pin_list>
<bind>
<StgValue><ssdm name="cmp125_1"/></StgValue>
</bind>
</comp>

<comp id="22" class="1001" name="const_22">
<pin_list>
<pin id="23" dir="1" index="0" bw="1" slack="0"/>
</pin_list>
<bind>
<StgValue><ssdm name=""/></StgValue>
</bind>
</comp>

<comp id="24" class="1001" name="const_24">
<pin_list>
<pin id="25" dir="1" index="0" bw="1" slack="0"/>
</pin_list>
<bind>
<StgValue><ssdm name="_ssdm_op_Read.ap_auto.i1"/></StgValue>
</bind>
</comp>

<comp id="26" class="1001" name="const_26">
<pin_list>
<pin id="27" dir="1" index="0" bw="1" slack="0"/>
</pin_list>
<bind>
<StgValue><ssdm name="_ssdm_op_Read.ap_auto.i13"/></StgValue>
</bind>
</comp>

<comp id="28" class="1001" name="const_28">
<pin_list>
<pin id="29" dir="1" index="0" bw="1" slack="2147483647"/>
</pin_list>
<bind>
<StgValue><ssdm name="_ssdm_op_SpecMemCore"/></StgValue>
</bind>
</comp>

<comp id="30" class="1001" name="const_30">
<pin_list>
<pin id="31" dir="1" index="0" bw="1" slack="2147483647"/>
</pin_list>
<bind>
<StgValue><ssdm name=""/></StgValue>
</bind>
</comp>

<comp id="32" class="1001" name="const_32">
<pin_list>
<pin id="33" dir="1" index="0" bw="1" slack="2147483647"/>
</pin_list>
<bind>
<StgValue><ssdm name=""/></StgValue>
</bind>
</comp>

<comp id="34" class="1001" name="const_34">
<pin_list>
<pin id="35" dir="1" index="0" bw="1" slack="2147483647"/>
</pin_list>
<bind>
<StgValue><ssdm name=""/></StgValue>
</bind>
</comp>

<comp id="36" class="1001" name="const_36">
<pin_list>
<pin id="37" dir="1" index="0" bw="1" slack="2147483647"/>
</pin_list>
<bind>
<StgValue><ssdm name="_ssdm_op_SpecInterface"/></StgValue>
</bind>
</comp>

<comp id="38" class="1001" name="const_38">
<pin_list>
<pin id="39" dir="1" index="0" bw="1" slack="2147483647"/>
</pin_list>
<bind>
<StgValue><ssdm name="empty_4"/></StgValue>
</bind>
</comp>

<comp id="40" class="1001" name="const_40">
<pin_list>
<pin id="41" dir="1" index="0" bw="1" slack="2147483647"/>
</pin_list>
<bind>
<StgValue><ssdm name=""/></StgValue>
</bind>
</comp>

<comp id="42" class="1001" name="const_42">
<pin_list>
<pin id="43" dir="1" index="0" bw="1" slack="2147483647"/>
</pin_list>
<bind>
<StgValue><ssdm name="empty_7"/></StgValue>
</bind>
</comp>

<comp id="44" class="1001" name="const_44">
<pin_list>
<pin id="45" dir="1" index="0" bw="1" slack="2147483647"/>
</pin_list>
<bind>
<StgValue><ssdm name=""/></StgValue>
</bind>
</comp>

<comp id="46" class="1001" name="const_46">
<pin_list>
<pin id="47" dir="1" index="0" bw="1" slack="0"/>
</pin_list>
<bind>
<StgValue><ssdm name=""/></StgValue>
</bind>
</comp>

<comp id="48" class="1001" name="const_48">
<pin_list>
<pin id="49" dir="1" index="0" bw="1" slack="2147483647"/>
</pin_list>
<bind>
<StgValue><ssdm name="_ssdm_op_SpecLoopTripCount"/></StgValue>
</bind>
</comp>

<comp id="50" class="1001" name="const_50">
<pin_list>
<pin id="51" dir="1" index="0" bw="1" slack="2147483647"/>
</pin_list>
<bind>
<StgValue><ssdm name=""/></StgValue>
</bind>
</comp>

<comp id="52" class="1001" name="const_52">
<pin_list>
<pin id="53" dir="1" index="0" bw="1" slack="2147483647"/>
</pin_list>
<bind>
<StgValue><ssdm name=""/></StgValue>
</bind>
</comp>

<comp id="54" class="1001" name="const_54">
<pin_list>
<pin id="55" dir="1" index="0" bw="1" slack="2147483647"/>
</pin_list>
<bind>
<StgValue><ssdm name=""/></StgValue>
</bind>
</comp>

<comp id="56" class="1001" name="const_56">
<pin_list>
<pin id="57" dir="1" index="0" bw="1" slack="0"/>
</pin_list>
<bind>
<StgValue><ssdm name=""/></StgValue>
</bind>
</comp>

<comp id="58" class="1001" name="const_58">
<pin_list>
<pin id="59" dir="1" index="0" bw="1" slack="2147483647"/>
</pin_list>
<bind>
<StgValue><ssdm name="_ssdm_op_SpecPipeline"/></StgValue>
</bind>
</comp>

<comp id="60" class="1001" name="const_60">
<pin_list>
<pin id="61" dir="1" index="0" bw="1" slack="0"/>
</pin_list>
<bind>
<StgValue><ssdm name=""/></StgValue>
</bind>
</comp>

<comp id="62" class="1001" name="const_62">
<pin_list>
<pin id="63" dir="1" index="0" bw="1" slack="2147483647"/>
</pin_list>
<bind>
<StgValue><ssdm name="_ssdm_op_SpecLoopName"/></StgValue>
</bind>
</comp>

<comp id="64" class="1001" name="const_64">
<pin_list>
<pin id="65" dir="1" index="0" bw="1" slack="2147483647"/>
</pin_list>
<bind>
<StgValue><ssdm name="empty_12"/></StgValue>
</bind>
</comp>

<comp id="66" class="1001" name="const_66">
<pin_list>
<pin id="67" dir="1" index="0" bw="1" slack="0"/>
</pin_list>
<bind>
<StgValue><ssdm name="_ssdm_op_Read.ap_fifo.volatile.i64P0A"/></StgValue>
</bind>
</comp>

<comp id="68" class="1001" name="const_68">
<pin_list>
<pin id="69" dir="1" index="0" bw="1" slack="0"/>
</pin_list>
<bind>
<StgValue><ssdm name="_ssdm_op_BitConcatenate.i24.i16.i8"/></StgValue>
</bind>
</comp>

<comp id="70" class="1001" name="const_70">
<pin_list>
<pin id="71" dir="1" index="0" bw="1" slack="0"/>
</pin_list>
<bind>
<StgValue><ssdm name=""/></StgValue>
</bind>
</comp>

<comp id="72" class="1001" name="const_72">
<pin_list>
<pin id="73" dir="1" index="0" bw="1" slack="0"/>
</pin_list>
<bind>
<StgValue><ssdm name="_ssdm_op_Write.ap_fifo.volatile.i24P0A"/></StgValue>
</bind>
</comp>

<comp id="74" class="1001" name="const_74">
<pin_list>
<pin id="75" dir="1" index="0" bw="1" slack="0"/>
</pin_list>
<bind>
<StgValue><ssdm name="_ssdm_op_PartSelect.i8.i64.i32.i32"/></StgValue>
</bind>
</comp>

<comp id="76" class="1001" name="const_76">
<pin_list>
<pin id="77" dir="1" index="0" bw="1" slack="0"/>
</pin_list>
<bind>
<StgValue><ssdm name=""/></StgValue>
</bind>
</comp>

<comp id="78" class="1001" name="const_78">
<pin_list>
<pin id="79" dir="1" index="0" bw="1" slack="0"/>
</pin_list>
<bind>
<StgValue><ssdm name=""/></StgValue>
</bind>
</comp>

<comp id="80" class="1001" name="const_80">
<pin_list>
<pin id="81" dir="1" index="0" bw="1" slack="0"/>
</pin_list>
<bind>
<StgValue><ssdm name=""/></StgValue>
</bind>
</comp>

<comp id="82" class="1001" name="const_82">
<pin_list>
<pin id="83" dir="1" index="0" bw="1" slack="0"/>
</pin_list>
<bind>
<StgValue><ssdm name=""/></StgValue>
</bind>
</comp>

<comp id="84" class="1001" name="const_84">
<pin_list>
<pin id="85" dir="1" index="0" bw="1" slack="0"/>
</pin_list>
<bind>
<StgValue><ssdm name=""/></StgValue>
</bind>
</comp>

<comp id="86" class="1001" name="const_86">
<pin_list>
<pin id="87" dir="1" index="0" bw="1" slack="0"/>
</pin_list>
<bind>
<StgValue><ssdm name=""/></StgValue>
</bind>
</comp>

<comp id="88" class="1001" name="const_88">
<pin_list>
<pin id="89" dir="1" index="0" bw="1" slack="0"/>
</pin_list>
<bind>
<StgValue><ssdm name=""/></StgValue>
</bind>
</comp>

<comp id="90" class="1001" name="const_90">
<pin_list>
<pin id="91" dir="1" index="0" bw="1" slack="0"/>
</pin_list>
<bind>
<StgValue><ssdm name=""/></StgValue>
</bind>
</comp>

<comp id="92" class="1001" name="const_92">
<pin_list>
<pin id="93" dir="1" index="0" bw="1" slack="0"/>
</pin_list>
<bind>
<StgValue><ssdm name=""/></StgValue>
</bind>
</comp>

<comp id="94" class="1001" name="const_94">
<pin_list>
<pin id="95" dir="1" index="0" bw="1" slack="0"/>
</pin_list>
<bind>
<StgValue><ssdm name=""/></StgValue>
</bind>
</comp>

<comp id="96" class="1001" name="const_96">
<pin_list>
<pin id="97" dir="1" index="0" bw="1" slack="0"/>
</pin_list>
<bind>
<StgValue><ssdm name=""/></StgValue>
</bind>
</comp>

<comp id="98" class="1001" name="const_98">
<pin_list>
<pin id="99" dir="1" index="0" bw="1" slack="0"/>
</pin_list>
<bind>
<StgValue><ssdm name=""/></StgValue>
</bind>
</comp>

<comp id="100" class="1001" name="const_100">
<pin_list>
<pin id="101" dir="1" index="0" bw="1" slack="0"/>
</pin_list>
<bind>
<StgValue><ssdm name=""/></StgValue>
</bind>
</comp>

<comp id="102" class="1004" name="x_fu_102">
<pin_list>
<pin id="103" dir="0" index="0" bw="1" slack="0"/>
<pin id="104" dir="1" index="1" bw="13" slack="0"/>
</pin_list>
<bind>
<opcode="alloca(26) " fcode="alloca"/>
<opset="x/1 "/>
</bind>
</comp>

<comp id="106" class="1004" name="cmp125_1_read_read_fu_106">
<pin_list>
<pin id="107" dir="0" index="0" bw="1" slack="0"/>
<pin id="108" dir="0" index="1" bw="1" slack="0"/>
<pin id="109" dir="1" index="2" bw="1" slack="0"/>
</pin_list>
<bind>
<opcode="read(1150) " fcode="read"/>
<opset="cmp125_1_read/1 "/>
</bind>
</comp>

<comp id="112" class="1004" name="sub121_cast3_read_read_fu_112">
<pin_list>
<pin id="113" dir="0" index="0" bw="13" slack="0"/>
<pin id="114" dir="0" index="1" bw="13" slack="0"/>
<pin id="115" dir="1" index="2" bw="13" slack="0"/>
</pin_list>
<bind>
<opcode="read(1150) " fcode="read"/>
<opset="sub121_cast3_read/1 "/>
</bind>
</comp>

<comp id="118" class="1004" name="cmp125_2_read_read_fu_118">
<pin_list>
<pin id="119" dir="0" index="0" bw="1" slack="0"/>
<pin id="120" dir="0" index="1" bw="1" slack="0"/>
<pin id="121" dir="1" index="2" bw="1" slack="0"/>
</pin_list>
<bind>
<opcode="read(1150) " fcode="read"/>
<opset="cmp125_2_read/1 "/>
</bind>
</comp>

<comp id="124" class="1004" name="cmp125_3_read_read_fu_124">
<pin_list>
<pin id="125" dir="0" index="0" bw="1" slack="0"/>
<pin id="126" dir="0" index="1" bw="1" slack="0"/>
<pin id="127" dir="1" index="2" bw="1" slack="0"/>
</pin_list>
<bind>
<opcode="read(1150) " fcode="read"/>
<opset="cmp125_3_read/1 "/>
</bind>
</comp>

<comp id="130" class="1004" name="cmp125_4_read_read_fu_130">
<pin_list>
<pin id="131" dir="0" index="0" bw="1" slack="0"/>
<pin id="132" dir="0" index="1" bw="1" slack="0"/>
<pin id="133" dir="1" index="2" bw="1" slack="0"/>
</pin_list>
<bind>
<opcode="read(1150) " fcode="read"/>
<opset="cmp125_4_read/1 "/>
</bind>
</comp>

<comp id="136" class="1004" name="cmp125_5_read_read_fu_136">
<pin_list>
<pin id="137" dir="0" index="0" bw="1" slack="0"/>
<pin id="138" dir="0" index="1" bw="1" slack="0"/>
<pin id="139" dir="1" index="2" bw="1" slack="0"/>
</pin_list>
<bind>
<opcode="read(1150) " fcode="read"/>
<opset="cmp125_5_read/1 "/>
</bind>
</comp>

<comp id="142" class="1004" name="cmp125_6_read_read_fu_142">
<pin_list>
<pin id="143" dir="0" index="0" bw="1" slack="0"/>
<pin id="144" dir="0" index="1" bw="1" slack="0"/>
<pin id="145" dir="1" index="2" bw="1" slack="0"/>
</pin_list>
<bind>
<opcode="read(1150) " fcode="read"/>
<opset="cmp125_6_read/1 "/>
</bind>
</comp>

<comp id="148" class="1004" name="icmp_ln1252_read_read_fu_148">
<pin_list>
<pin id="149" dir="0" index="0" bw="1" slack="0"/>
<pin id="150" dir="0" index="1" bw="1" slack="0"/>
<pin id="151" dir="1" index="2" bw="1" slack="0"/>
</pin_list>
<bind>
<opcode="read(1150) " fcode="read"/>
<opset="icmp_ln1252_read/1 "/>
</bind>
</comp>

<comp id="154" class="1004" name="trunc_ln1249_1_read_read_fu_154">
<pin_list>
<pin id="155" dir="0" index="0" bw="13" slack="0"/>
<pin id="156" dir="0" index="1" bw="13" slack="0"/>
<pin id="157" dir="1" index="2" bw="13" slack="0"/>
</pin_list>
<bind>
<opcode="read(1150) " fcode="read"/>
<opset="trunc_ln1249_1_read/1 "/>
</bind>
</comp>

<comp id="160" class="1004" name="rd_read_fu_160">
<pin_list>
<pin id="161" dir="0" index="0" bw="64" slack="0"/>
<pin id="162" dir="0" index="1" bw="64" slack="0"/>
<pin id="163" dir="1" index="2" bw="64" slack="0"/>
</pin_list>
<bind>
<opcode="read(1150) " fcode="read"/>
<opset="rd/2 "/>
</bind>
</comp>

<comp id="166" class="1004" name="grp_write_fu_166">
<pin_list>
<pin id="167" dir="0" index="0" bw="0" slack="0"/>
<pin id="168" dir="0" index="1" bw="24" slack="0"/>
<pin id="169" dir="0" index="2" bw="24" slack="0"/>
<pin id="170" dir="1" index="3" bw="0" slack="2147483647"/>
</pin_list>
<bind>
<opcode="write(1151) " fcode="write"/>
<opset="write_ln1279/2 write_ln1279/3 write_ln1279/4 write_ln1279/5 write_ln1279/6 write_ln1279/7 write_ln1279/8 write_ln1279/9 "/>
</bind>
</comp>

<comp id="173" class="1004" name="sub121_cast3_cast_fu_173">
<pin_list>
<pin id="174" dir="0" index="0" bw="13" slack="0"/>
<pin id="175" dir="1" index="1" bw="14" slack="0"/>
</pin_list>
<bind>
<opcode="sext(35) " fcode="sext"/>
<opset="sub121_cast3_cast/1 "/>
</bind>
</comp>

<comp id="177" class="1004" name="store_ln0_store_fu_177">
<pin_list>
<pin id="178" dir="0" index="0" bw="1" slack="0"/>
<pin id="179" dir="0" index="1" bw="13" slack="0"/>
<pin id="180" dir="1" index="2" bw="0" slack="2147483647"/>
</pin_list>
<bind>
<opcode="store(28) " fcode="store"/>
<opset="store_ln0/1 "/>
</bind>
</comp>

<comp id="182" class="1004" name="x_1_load_fu_182">
<pin_list>
<pin id="183" dir="0" index="0" bw="13" slack="0"/>
<pin id="184" dir="1" index="1" bw="13" slack="0"/>
</pin_list>
<bind>
<opcode="load(27) " fcode="load"/>
<opset="x_1/1 "/>
</bind>
</comp>

<comp id="185" class="1004" name="icmp_ln1262_fu_185">
<pin_list>
<pin id="186" dir="0" index="0" bw="13" slack="0"/>
<pin id="187" dir="0" index="1" bw="13" slack="0"/>
<pin id="188" dir="1" index="2" bw="1" slack="1"/>
</pin_list>
<bind>
<opcode="icmp(45) " fcode="icmp"/>
<opset="icmp_ln1262/1 "/>
</bind>
</comp>

<comp id="191" class="1004" name="x_2_fu_191">
<pin_list>
<pin id="192" dir="0" index="0" bw="13" slack="0"/>
<pin id="193" dir="0" index="1" bw="1" slack="0"/>
<pin id="194" dir="1" index="2" bw="13" slack="0"/>
</pin_list>
<bind>
<opcode="add(8) " fcode="add"/>
<opset="x_2/1 "/>
</bind>
</comp>

<comp id="197" class="1004" name="x_cast_fu_197">
<pin_list>
<pin id="198" dir="0" index="0" bw="13" slack="0"/>
<pin id="199" dir="1" index="1" bw="14" slack="0"/>
</pin_list>
<bind>
<opcode="zext(34) " fcode="zext"/>
<opset="x_cast/1 "/>
</bind>
</comp>

<comp id="201" class="1004" name="cmp122_fu_201">
<pin_list>
<pin id="202" dir="0" index="0" bw="13" slack="0"/>
<pin id="203" dir="0" index="1" bw="13" slack="0"/>
<pin id="204" dir="1" index="2" bw="1" slack="0"/>
</pin_list>
<bind>
<opcode="icmp(45) " fcode="icmp"/>
<opset="cmp122/1 "/>
</bind>
</comp>

<comp id="207" class="1004" name="or_ln1278_fu_207">
<pin_list>
<pin id="208" dir="0" index="0" bw="1" slack="0"/>
<pin id="209" dir="0" index="1" bw="1" slack="0"/>
<pin id="210" dir="1" index="2" bw="1" slack="2"/>
</pin_list>
<bind>
<opcode="or(24) " fcode="or"/>
<opset="or_ln1278/1 "/>
</bind>
</comp>

<comp id="213" class="1004" name="or_ln1278_1_fu_213">
<pin_list>
<pin id="214" dir="0" index="0" bw="1" slack="0"/>
<pin id="215" dir="0" index="1" bw="1" slack="0"/>
<pin id="216" dir="1" index="2" bw="1" slack="3"/>
</pin_list>
<bind>
<opcode="or(24) " fcode="or"/>
<opset="or_ln1278_1/1 "/>
</bind>
</comp>

<comp id="219" class="1004" name="or_ln1278_2_fu_219">
<pin_list>
<pin id="220" dir="0" index="0" bw="1" slack="0"/>
<pin id="221" dir="0" index="1" bw="1" slack="0"/>
<pin id="222" dir="1" index="2" bw="1" slack="4"/>
</pin_list>
<bind>
<opcode="or(24) " fcode="or"/>
<opset="or_ln1278_2/1 "/>
</bind>
</comp>

<comp id="225" class="1004" name="or_ln1278_3_fu_225">
<pin_list>
<pin id="226" dir="0" index="0" bw="1" slack="0"/>
<pin id="227" dir="0" index="1" bw="1" slack="0"/>
<pin id="228" dir="1" index="2" bw="1" slack="5"/>
</pin_list>
<bind>
<opcode="or(24) " fcode="or"/>
<opset="or_ln1278_3/1 "/>
</bind>
</comp>

<comp id="231" class="1004" name="or_ln1278_4_fu_231">
<pin_list>
<pin id="232" dir="0" index="0" bw="1" slack="0"/>
<pin id="233" dir="0" index="1" bw="1" slack="0"/>
<pin id="234" dir="1" index="2" bw="1" slack="6"/>
</pin_list>
<bind>
<opcode="or(24) " fcode="or"/>
<opset="or_ln1278_4/1 "/>
</bind>
</comp>

<comp id="237" class="1004" name="or_ln1278_5_fu_237">
<pin_list>
<pin id="238" dir="0" index="0" bw="1" slack="0"/>
<pin id="239" dir="0" index="1" bw="1" slack="0"/>
<pin id="240" dir="1" index="2" bw="1" slack="7"/>
</pin_list>
<bind>
<opcode="or(24) " fcode="or"/>
<opset="or_ln1278_5/1 "/>
</bind>
</comp>

<comp id="243" class="1004" name="or_ln1278_6_fu_243">
<pin_list>
<pin id="244" dir="0" index="0" bw="1" slack="0"/>
<pin id="245" dir="0" index="1" bw="1" slack="0"/>
<pin id="246" dir="1" index="2" bw="1" slack="8"/>
</pin_list>
<bind>
<opcode="or(24) " fcode="or"/>
<opset="or_ln1278_6/1 "/>
</bind>
</comp>

<comp id="249" class="1004" name="store_ln1262_store_fu_249">
<pin_list>
<pin id="250" dir="0" index="0" bw="13" slack="0"/>
<pin id="251" dir="0" index="1" bw="13" slack="0"/>
<pin id="252" dir="1" index="2" bw="0" slack="2147483647"/>
</pin_list>
<bind>
<opcode="store(28) " fcode="store"/>
<opset="store_ln1262/1 "/>
</bind>
</comp>

<comp id="254" class="1004" name="trunc_ln1274_fu_254">
<pin_list>
<pin id="255" dir="0" index="0" bw="64" slack="0"/>
<pin id="256" dir="1" index="1" bw="8" slack="0"/>
</pin_list>
<bind>
<opcode="trunc(33) " fcode="trunc"/>
<opset="trunc_ln1274/2 "/>
</bind>
</comp>

<comp id="258" class="1004" name="p_s_fu_258">
<pin_list>
<pin id="259" dir="0" index="0" bw="24" slack="0"/>
<pin id="260" dir="0" index="1" bw="16" slack="0"/>
<pin id="261" dir="0" index="2" bw="8" slack="0"/>
<pin id="262" dir="1" index="3" bw="24" slack="0"/>
</pin_list>
<bind>
<opcode="bitconcatenate(1004) " fcode="bitconcatenate"/>
<opset="p_s/2 "/>
</bind>
</comp>

<comp id="267" class="1004" name="tmp_s_fu_267">
<pin_list>
<pin id="268" dir="0" index="0" bw="8" slack="0"/>
<pin id="269" dir="0" index="1" bw="64" slack="0"/>
<pin id="270" dir="0" index="2" bw="5" slack="0"/>
<pin id="271" dir="0" index="3" bw="5" slack="0"/>
<pin id="272" dir="1" index="4" bw="8" slack="1"/>
</pin_list>
<bind>
<opcode="partselect(1002) " fcode="partselect"/>
<opset="tmp_s/2 "/>
</bind>
</comp>

<comp id="277" class="1004" name="tmp_1_fu_277">
<pin_list>
<pin id="278" dir="0" index="0" bw="8" slack="0"/>
<pin id="279" dir="0" index="1" bw="64" slack="0"/>
<pin id="280" dir="0" index="2" bw="6" slack="0"/>
<pin id="281" dir="0" index="3" bw="6" slack="0"/>
<pin id="282" dir="1" index="4" bw="8" slack="2"/>
</pin_list>
<bind>
<opcode="partselect(1002) " fcode="partselect"/>
<opset="tmp_1/2 "/>
</bind>
</comp>

<comp id="287" class="1004" name="tmp_2_fu_287">
<pin_list>
<pin id="288" dir="0" index="0" bw="8" slack="0"/>
<pin id="289" dir="0" index="1" bw="64" slack="0"/>
<pin id="290" dir="0" index="2" bw="6" slack="0"/>
<pin id="291" dir="0" index="3" bw="6" slack="0"/>
<pin id="292" dir="1" index="4" bw="8" slack="3"/>
</pin_list>
<bind>
<opcode="partselect(1002) " fcode="partselect"/>
<opset="tmp_2/2 "/>
</bind>
</comp>

<comp id="297" class="1004" name="tmp_3_fu_297">
<pin_list>
<pin id="298" dir="0" index="0" bw="8" slack="0"/>
<pin id="299" dir="0" index="1" bw="64" slack="0"/>
<pin id="300" dir="0" index="2" bw="7" slack="0"/>
<pin id="301" dir="0" index="3" bw="7" slack="0"/>
<pin id="302" dir="1" index="4" bw="8" slack="4"/>
</pin_list>
<bind>
<opcode="partselect(1002) " fcode="partselect"/>
<opset="tmp_3/2 "/>
</bind>
</comp>

<comp id="307" class="1004" name="tmp_4_fu_307">
<pin_list>
<pin id="308" dir="0" index="0" bw="8" slack="0"/>
<pin id="309" dir="0" index="1" bw="64" slack="0"/>
<pin id="310" dir="0" index="2" bw="7" slack="0"/>
<pin id="311" dir="0" index="3" bw="7" slack="0"/>
<pin id="312" dir="1" index="4" bw="8" slack="5"/>
</pin_list>
<bind>
<opcode="partselect(1002) " fcode="partselect"/>
<opset="tmp_4/2 "/>
</bind>
</comp>

<comp id="317" class="1004" name="tmp_5_fu_317">
<pin_list>
<pin id="318" dir="0" index="0" bw="8" slack="0"/>
<pin id="319" dir="0" index="1" bw="64" slack="0"/>
<pin id="320" dir="0" index="2" bw="7" slack="0"/>
<pin id="321" dir="0" index="3" bw="7" slack="0"/>
<pin id="322" dir="1" index="4" bw="8" slack="6"/>
</pin_list>
<bind>
<opcode="partselect(1002) " fcode="partselect"/>
<opset="tmp_5/2 "/>
</bind>
</comp>

<comp id="327" class="1004" name="tmp_6_fu_327">
<pin_list>
<pin id="328" dir="0" index="0" bw="8" slack="0"/>
<pin id="329" dir="0" index="1" bw="64" slack="0"/>
<pin id="330" dir="0" index="2" bw="7" slack="0"/>
<pin id="331" dir="0" index="3" bw="7" slack="0"/>
<pin id="332" dir="1" index="4" bw="8" slack="7"/>
</pin_list>
<bind>
<opcode="partselect(1002) " fcode="partselect"/>
<opset="tmp_6/2 "/>
</bind>
</comp>

<comp id="337" class="1004" name="p_1_fu_337">
<pin_list>
<pin id="338" dir="0" index="0" bw="24" slack="0"/>
<pin id="339" dir="0" index="1" bw="16" slack="0"/>
<pin id="340" dir="0" index="2" bw="8" slack="1"/>
<pin id="341" dir="1" index="3" bw="24" slack="0"/>
</pin_list>
<bind>
<opcode="bitconcatenate(1004) " fcode="bitconcatenate"/>
<opset="p_1/3 "/>
</bind>
</comp>

<comp id="345" class="1004" name="p_2_fu_345">
<pin_list>
<pin id="346" dir="0" index="0" bw="24" slack="0"/>
<pin id="347" dir="0" index="1" bw="16" slack="0"/>
<pin id="348" dir="0" index="2" bw="8" slack="2"/>
<pin id="349" dir="1" index="3" bw="24" slack="0"/>
</pin_list>
<bind>
<opcode="bitconcatenate(1004) " fcode="bitconcatenate"/>
<opset="p_2/4 "/>
</bind>
</comp>

<comp id="353" class="1004" name="p_3_fu_353">
<pin_list>
<pin id="354" dir="0" index="0" bw="24" slack="0"/>
<pin id="355" dir="0" index="1" bw="16" slack="0"/>
<pin id="356" dir="0" index="2" bw="8" slack="3"/>
<pin id="357" dir="1" index="3" bw="24" slack="0"/>
</pin_list>
<bind>
<opcode="bitconcatenate(1004) " fcode="bitconcatenate"/>
<opset="p_3/5 "/>
</bind>
</comp>

<comp id="361" class="1004" name="p_4_fu_361">
<pin_list>
<pin id="362" dir="0" index="0" bw="24" slack="0"/>
<pin id="363" dir="0" index="1" bw="16" slack="0"/>
<pin id="364" dir="0" index="2" bw="8" slack="4"/>
<pin id="365" dir="1" index="3" bw="24" slack="0"/>
</pin_list>
<bind>
<opcode="bitconcatenate(1004) " fcode="bitconcatenate"/>
<opset="p_4/6 "/>
</bind>
</comp>

<comp id="369" class="1004" name="p_5_fu_369">
<pin_list>
<pin id="370" dir="0" index="0" bw="24" slack="0"/>
<pin id="371" dir="0" index="1" bw="16" slack="0"/>
<pin id="372" dir="0" index="2" bw="8" slack="5"/>
<pin id="373" dir="1" index="3" bw="24" slack="0"/>
</pin_list>
<bind>
<opcode="bitconcatenate(1004) " fcode="bitconcatenate"/>
<opset="p_5/7 "/>
</bind>
</comp>

<comp id="377" class="1004" name="p_6_fu_377">
<pin_list>
<pin id="378" dir="0" index="0" bw="24" slack="0"/>
<pin id="379" dir="0" index="1" bw="16" slack="0"/>
<pin id="380" dir="0" index="2" bw="8" slack="6"/>
<pin id="381" dir="1" index="3" bw="24" slack="0"/>
</pin_list>
<bind>
<opcode="bitconcatenate(1004) " fcode="bitconcatenate"/>
<opset="p_6/8 "/>
</bind>
</comp>

<comp id="385" class="1004" name="p_0_fu_385">
<pin_list>
<pin id="386" dir="0" index="0" bw="24" slack="0"/>
<pin id="387" dir="0" index="1" bw="16" slack="0"/>
<pin id="388" dir="0" index="2" bw="8" slack="7"/>
<pin id="389" dir="1" index="3" bw="24" slack="0"/>
</pin_list>
<bind>
<opcode="bitconcatenate(1004) " fcode="bitconcatenate"/>
<opset="p_0/9 "/>
</bind>
</comp>

<comp id="393" class="1005" name="x_reg_393">
<pin_list>
<pin id="394" dir="0" index="0" bw="13" slack="0"/>
<pin id="395" dir="1" index="1" bw="13" slack="0"/>
</pin_list>
<bind>
<opset="x "/>
</bind>
</comp>

<comp id="400" class="1005" name="icmp_ln1262_reg_400">
<pin_list>
<pin id="401" dir="0" index="0" bw="1" slack="1"/>
<pin id="402" dir="1" index="1" bw="1" slack="2147483647"/>
</pin_list>
<bind>
<opset="icmp_ln1262 "/>
</bind>
</comp>

<comp id="404" class="1005" name="or_ln1278_reg_404">
<pin_list>
<pin id="405" dir="0" index="0" bw="1" slack="2"/>
<pin id="406" dir="1" index="1" bw="1" slack="2147483647"/>
</pin_list>
<bind>
<opset="or_ln1278 "/>
</bind>
</comp>

<comp id="408" class="1005" name="or_ln1278_1_reg_408">
<pin_list>
<pin id="409" dir="0" index="0" bw="1" slack="3"/>
<pin id="410" dir="1" index="1" bw="1" slack="2147483647"/>
</pin_list>
<bind>
<opset="or_ln1278_1 "/>
</bind>
</comp>

<comp id="412" class="1005" name="or_ln1278_2_reg_412">
<pin_list>
<pin id="413" dir="0" index="0" bw="1" slack="4"/>
<pin id="414" dir="1" index="1" bw="1" slack="2147483647"/>
</pin_list>
<bind>
<opset="or_ln1278_2 "/>
</bind>
</comp>

<comp id="416" class="1005" name="or_ln1278_3_reg_416">
<pin_list>
<pin id="417" dir="0" index="0" bw="1" slack="5"/>
<pin id="418" dir="1" index="1" bw="1" slack="2147483647"/>
</pin_list>
<bind>
<opset="or_ln1278_3 "/>
</bind>
</comp>

<comp id="420" class="1005" name="or_ln1278_4_reg_420">
<pin_list>
<pin id="421" dir="0" index="0" bw="1" slack="6"/>
<pin id="422" dir="1" index="1" bw="1" slack="2147483647"/>
</pin_list>
<bind>
<opset="or_ln1278_4 "/>
</bind>
</comp>

<comp id="424" class="1005" name="or_ln1278_5_reg_424">
<pin_list>
<pin id="425" dir="0" index="0" bw="1" slack="7"/>
<pin id="426" dir="1" index="1" bw="1" slack="2147483647"/>
</pin_list>
<bind>
<opset="or_ln1278_5 "/>
</bind>
</comp>

<comp id="428" class="1005" name="or_ln1278_6_reg_428">
<pin_list>
<pin id="429" dir="0" index="0" bw="1" slack="8"/>
<pin id="430" dir="1" index="1" bw="1" slack="2147483647"/>
</pin_list>
<bind>
<opset="or_ln1278_6 "/>
</bind>
</comp>

<comp id="432" class="1005" name="tmp_s_reg_432">
<pin_list>
<pin id="433" dir="0" index="0" bw="8" slack="1"/>
<pin id="434" dir="1" index="1" bw="8" slack="1"/>
</pin_list>
<bind>
<opset="tmp_s "/>
</bind>
</comp>

<comp id="437" class="1005" name="tmp_1_reg_437">
<pin_list>
<pin id="438" dir="0" index="0" bw="8" slack="2"/>
<pin id="439" dir="1" index="1" bw="8" slack="2"/>
</pin_list>
<bind>
<opset="tmp_1 "/>
</bind>
</comp>

<comp id="442" class="1005" name="tmp_2_reg_442">
<pin_list>
<pin id="443" dir="0" index="0" bw="8" slack="3"/>
<pin id="444" dir="1" index="1" bw="8" slack="3"/>
</pin_list>
<bind>
<opset="tmp_2 "/>
</bind>
</comp>

<comp id="447" class="1005" name="tmp_3_reg_447">
<pin_list>
<pin id="448" dir="0" index="0" bw="8" slack="4"/>
<pin id="449" dir="1" index="1" bw="8" slack="4"/>
</pin_list>
<bind>
<opset="tmp_3 "/>
</bind>
</comp>

<comp id="452" class="1005" name="tmp_4_reg_452">
<pin_list>
<pin id="453" dir="0" index="0" bw="8" slack="5"/>
<pin id="454" dir="1" index="1" bw="8" slack="5"/>
</pin_list>
<bind>
<opset="tmp_4 "/>
</bind>
</comp>

<comp id="457" class="1005" name="tmp_5_reg_457">
<pin_list>
<pin id="458" dir="0" index="0" bw="8" slack="6"/>
<pin id="459" dir="1" index="1" bw="8" slack="6"/>
</pin_list>
<bind>
<opset="tmp_5 "/>
</bind>
</comp>

<comp id="462" class="1005" name="tmp_6_reg_462">
<pin_list>
<pin id="463" dir="0" index="0" bw="8" slack="7"/>
<pin id="464" dir="1" index="1" bw="8" slack="7"/>
</pin_list>
<bind>
<opset="tmp_6 "/>
</bind>
</comp>

</comp_list>

<net_list>
<net id="105"><net_src comp="22" pin="0"/><net_sink comp="102" pin=0"/></net>

<net id="110"><net_src comp="24" pin="0"/><net_sink comp="106" pin=0"/></net>

<net id="111"><net_src comp="20" pin="0"/><net_sink comp="106" pin=1"/></net>

<net id="116"><net_src comp="26" pin="0"/><net_sink comp="112" pin=0"/></net>

<net id="117"><net_src comp="16" pin="0"/><net_sink comp="112" pin=1"/></net>

<net id="122"><net_src comp="24" pin="0"/><net_sink comp="118" pin=0"/></net>

<net id="123"><net_src comp="12" pin="0"/><net_sink comp="118" pin=1"/></net>

<net id="128"><net_src comp="24" pin="0"/><net_sink comp="124" pin=0"/></net>

<net id="129"><net_src comp="10" pin="0"/><net_sink comp="124" pin=1"/></net>

<net id="134"><net_src comp="24" pin="0"/><net_sink comp="130" pin=0"/></net>

<net id="135"><net_src comp="8" pin="0"/><net_sink comp="130" pin=1"/></net>

<net id="140"><net_src comp="24" pin="0"/><net_sink comp="136" pin=0"/></net>

<net id="141"><net_src comp="6" pin="0"/><net_sink comp="136" pin=1"/></net>

<net id="146"><net_src comp="24" pin="0"/><net_sink comp="142" pin=0"/></net>

<net id="147"><net_src comp="4" pin="0"/><net_sink comp="142" pin=1"/></net>

<net id="152"><net_src comp="24" pin="0"/><net_sink comp="148" pin=0"/></net>

<net id="153"><net_src comp="2" pin="0"/><net_sink comp="148" pin=1"/></net>

<net id="158"><net_src comp="26" pin="0"/><net_sink comp="154" pin=0"/></net>

<net id="159"><net_src comp="0" pin="0"/><net_sink comp="154" pin=1"/></net>

<net id="164"><net_src comp="66" pin="0"/><net_sink comp="160" pin=0"/></net>

<net id="165"><net_src comp="14" pin="0"/><net_sink comp="160" pin=1"/></net>

<net id="171"><net_src comp="72" pin="0"/><net_sink comp="166" pin=0"/></net>

<net id="172"><net_src comp="18" pin="0"/><net_sink comp="166" pin=1"/></net>

<net id="176"><net_src comp="112" pin="2"/><net_sink comp="173" pin=0"/></net>

<net id="181"><net_src comp="46" pin="0"/><net_sink comp="177" pin=0"/></net>

<net id="189"><net_src comp="182" pin="1"/><net_sink comp="185" pin=0"/></net>

<net id="190"><net_src comp="154" pin="2"/><net_sink comp="185" pin=1"/></net>

<net id="195"><net_src comp="182" pin="1"/><net_sink comp="191" pin=0"/></net>

<net id="196"><net_src comp="56" pin="0"/><net_sink comp="191" pin=1"/></net>

<net id="200"><net_src comp="182" pin="1"/><net_sink comp="197" pin=0"/></net>

<net id="205"><net_src comp="197" pin="1"/><net_sink comp="201" pin=0"/></net>

<net id="206"><net_src comp="173" pin="1"/><net_sink comp="201" pin=1"/></net>

<net id="211"><net_src comp="201" pin="2"/><net_sink comp="207" pin=0"/></net>

<net id="212"><net_src comp="106" pin="2"/><net_sink comp="207" pin=1"/></net>

<net id="217"><net_src comp="201" pin="2"/><net_sink comp="213" pin=0"/></net>

<net id="218"><net_src comp="118" pin="2"/><net_sink comp="213" pin=1"/></net>

<net id="223"><net_src comp="201" pin="2"/><net_sink comp="219" pin=0"/></net>

<net id="224"><net_src comp="124" pin="2"/><net_sink comp="219" pin=1"/></net>

<net id="229"><net_src comp="201" pin="2"/><net_sink comp="225" pin=0"/></net>

<net id="230"><net_src comp="130" pin="2"/><net_sink comp="225" pin=1"/></net>

<net id="235"><net_src comp="201" pin="2"/><net_sink comp="231" pin=0"/></net>

<net id="236"><net_src comp="136" pin="2"/><net_sink comp="231" pin=1"/></net>

<net id="241"><net_src comp="201" pin="2"/><net_sink comp="237" pin=0"/></net>

<net id="242"><net_src comp="142" pin="2"/><net_sink comp="237" pin=1"/></net>

<net id="247"><net_src comp="201" pin="2"/><net_sink comp="243" pin=0"/></net>

<net id="248"><net_src comp="148" pin="2"/><net_sink comp="243" pin=1"/></net>

<net id="253"><net_src comp="191" pin="2"/><net_sink comp="249" pin=0"/></net>

<net id="257"><net_src comp="160" pin="2"/><net_sink comp="254" pin=0"/></net>

<net id="263"><net_src comp="68" pin="0"/><net_sink comp="258" pin=0"/></net>

<net id="264"><net_src comp="70" pin="0"/><net_sink comp="258" pin=1"/></net>

<net id="265"><net_src comp="254" pin="1"/><net_sink comp="258" pin=2"/></net>

<net id="266"><net_src comp="258" pin="3"/><net_sink comp="166" pin=2"/></net>

<net id="273"><net_src comp="74" pin="0"/><net_sink comp="267" pin=0"/></net>

<net id="274"><net_src comp="160" pin="2"/><net_sink comp="267" pin=1"/></net>

<net id="275"><net_src comp="60" pin="0"/><net_sink comp="267" pin=2"/></net>

<net id="276"><net_src comp="76" pin="0"/><net_sink comp="267" pin=3"/></net>

<net id="283"><net_src comp="74" pin="0"/><net_sink comp="277" pin=0"/></net>

<net id="284"><net_src comp="160" pin="2"/><net_sink comp="277" pin=1"/></net>

<net id="285"><net_src comp="78" pin="0"/><net_sink comp="277" pin=2"/></net>

<net id="286"><net_src comp="80" pin="0"/><net_sink comp="277" pin=3"/></net>

<net id="293"><net_src comp="74" pin="0"/><net_sink comp="287" pin=0"/></net>

<net id="294"><net_src comp="160" pin="2"/><net_sink comp="287" pin=1"/></net>

<net id="295"><net_src comp="82" pin="0"/><net_sink comp="287" pin=2"/></net>

<net id="296"><net_src comp="84" pin="0"/><net_sink comp="287" pin=3"/></net>

<net id="303"><net_src comp="74" pin="0"/><net_sink comp="297" pin=0"/></net>

<net id="304"><net_src comp="160" pin="2"/><net_sink comp="297" pin=1"/></net>

<net id="305"><net_src comp="86" pin="0"/><net_sink comp="297" pin=2"/></net>

<net id="306"><net_src comp="88" pin="0"/><net_sink comp="297" pin=3"/></net>

<net id="313"><net_src comp="74" pin="0"/><net_sink comp="307" pin=0"/></net>

<net id="314"><net_src comp="160" pin="2"/><net_sink comp="307" pin=1"/></net>

<net id="315"><net_src comp="90" pin="0"/><net_sink comp="307" pin=2"/></net>

<net id="316"><net_src comp="92" pin="0"/><net_sink comp="307" pin=3"/></net>

<net id="323"><net_src comp="74" pin="0"/><net_sink comp="317" pin=0"/></net>

<net id="324"><net_src comp="160" pin="2"/><net_sink comp="317" pin=1"/></net>

<net id="325"><net_src comp="94" pin="0"/><net_sink comp="317" pin=2"/></net>

<net id="326"><net_src comp="96" pin="0"/><net_sink comp="317" pin=3"/></net>

<net id="333"><net_src comp="74" pin="0"/><net_sink comp="327" pin=0"/></net>

<net id="334"><net_src comp="160" pin="2"/><net_sink comp="327" pin=1"/></net>

<net id="335"><net_src comp="98" pin="0"/><net_sink comp="327" pin=2"/></net>

<net id="336"><net_src comp="100" pin="0"/><net_sink comp="327" pin=3"/></net>

<net id="342"><net_src comp="68" pin="0"/><net_sink comp="337" pin=0"/></net>

<net id="343"><net_src comp="70" pin="0"/><net_sink comp="337" pin=1"/></net>

<net id="344"><net_src comp="337" pin="3"/><net_sink comp="166" pin=2"/></net>

<net id="350"><net_src comp="68" pin="0"/><net_sink comp="345" pin=0"/></net>

<net id="351"><net_src comp="70" pin="0"/><net_sink comp="345" pin=1"/></net>

<net id="352"><net_src comp="345" pin="3"/><net_sink comp="166" pin=2"/></net>

<net id="358"><net_src comp="68" pin="0"/><net_sink comp="353" pin=0"/></net>

<net id="359"><net_src comp="70" pin="0"/><net_sink comp="353" pin=1"/></net>

<net id="360"><net_src comp="353" pin="3"/><net_sink comp="166" pin=2"/></net>

<net id="366"><net_src comp="68" pin="0"/><net_sink comp="361" pin=0"/></net>

<net id="367"><net_src comp="70" pin="0"/><net_sink comp="361" pin=1"/></net>

<net id="368"><net_src comp="361" pin="3"/><net_sink comp="166" pin=2"/></net>

<net id="374"><net_src comp="68" pin="0"/><net_sink comp="369" pin=0"/></net>

<net id="375"><net_src comp="70" pin="0"/><net_sink comp="369" pin=1"/></net>

<net id="376"><net_src comp="369" pin="3"/><net_sink comp="166" pin=2"/></net>

<net id="382"><net_src comp="68" pin="0"/><net_sink comp="377" pin=0"/></net>

<net id="383"><net_src comp="70" pin="0"/><net_sink comp="377" pin=1"/></net>

<net id="384"><net_src comp="377" pin="3"/><net_sink comp="166" pin=2"/></net>

<net id="390"><net_src comp="68" pin="0"/><net_sink comp="385" pin=0"/></net>

<net id="391"><net_src comp="70" pin="0"/><net_sink comp="385" pin=1"/></net>

<net id="392"><net_src comp="385" pin="3"/><net_sink comp="166" pin=2"/></net>

<net id="396"><net_src comp="102" pin="1"/><net_sink comp="393" pin=0"/></net>

<net id="397"><net_src comp="393" pin="1"/><net_sink comp="177" pin=1"/></net>

<net id="398"><net_src comp="393" pin="1"/><net_sink comp="182" pin=0"/></net>

<net id="399"><net_src comp="393" pin="1"/><net_sink comp="249" pin=1"/></net>

<net id="403"><net_src comp="185" pin="2"/><net_sink comp="400" pin=0"/></net>

<net id="407"><net_src comp="207" pin="2"/><net_sink comp="404" pin=0"/></net>

<net id="411"><net_src comp="213" pin="2"/><net_sink comp="408" pin=0"/></net>

<net id="415"><net_src comp="219" pin="2"/><net_sink comp="412" pin=0"/></net>

<net id="419"><net_src comp="225" pin="2"/><net_sink comp="416" pin=0"/></net>

<net id="423"><net_src comp="231" pin="2"/><net_sink comp="420" pin=0"/></net>

<net id="427"><net_src comp="237" pin="2"/><net_sink comp="424" pin=0"/></net>

<net id="431"><net_src comp="243" pin="2"/><net_sink comp="428" pin=0"/></net>

<net id="435"><net_src comp="267" pin="4"/><net_sink comp="432" pin=0"/></net>

<net id="436"><net_src comp="432" pin="1"/><net_sink comp="337" pin=2"/></net>

<net id="440"><net_src comp="277" pin="4"/><net_sink comp="437" pin=0"/></net>

<net id="441"><net_src comp="437" pin="1"/><net_sink comp="345" pin=2"/></net>

<net id="445"><net_src comp="287" pin="4"/><net_sink comp="442" pin=0"/></net>

<net id="446"><net_src comp="442" pin="1"/><net_sink comp="353" pin=2"/></net>

<net id="450"><net_src comp="297" pin="4"/><net_sink comp="447" pin=0"/></net>

<net id="451"><net_src comp="447" pin="1"/><net_sink comp="361" pin=2"/></net>

<net id="455"><net_src comp="307" pin="4"/><net_sink comp="452" pin=0"/></net>

<net id="456"><net_src comp="452" pin="1"/><net_sink comp="369" pin=2"/></net>

<net id="460"><net_src comp="317" pin="4"/><net_sink comp="457" pin=0"/></net>

<net id="461"><net_src comp="457" pin="1"/><net_sink comp="377" pin=2"/></net>

<net id="465"><net_src comp="327" pin="4"/><net_sink comp="462" pin=0"/></net>

<net id="466"><net_src comp="462" pin="1"/><net_sink comp="385" pin=2"/></net>

</net_list>

</model> 
---------------- Datapath Model END ------------------

* FSMD analyzer results:
  - Output states:
	Port: img | {2 3 4 5 6 7 8 9 }
 - Input state : 
	Port: Bytes2MultiPixStream_Pipeline_VITIS_LOOP_1262_1 : trunc_ln1249_1 | {1 }
	Port: Bytes2MultiPixStream_Pipeline_VITIS_LOOP_1262_1 : icmp_ln1252 | {1 }
	Port: Bytes2MultiPixStream_Pipeline_VITIS_LOOP_1262_1 : cmp125_6 | {1 }
	Port: Bytes2MultiPixStream_Pipeline_VITIS_LOOP_1262_1 : cmp125_5 | {1 }
	Port: Bytes2MultiPixStream_Pipeline_VITIS_LOOP_1262_1 : cmp125_4 | {1 }
	Port: Bytes2MultiPixStream_Pipeline_VITIS_LOOP_1262_1 : cmp125_3 | {1 }
	Port: Bytes2MultiPixStream_Pipeline_VITIS_LOOP_1262_1 : cmp125_2 | {1 }
	Port: Bytes2MultiPixStream_Pipeline_VITIS_LOOP_1262_1 : bytePlanes | {2 }
	Port: Bytes2MultiPixStream_Pipeline_VITIS_LOOP_1262_1 : sub121_cast3 | {1 }
	Port: Bytes2MultiPixStream_Pipeline_VITIS_LOOP_1262_1 : cmp125_1 | {1 }
  - Chain level:
	State 1
		store_ln0 : 1
		x_1 : 1
		icmp_ln1262 : 2
		x_2 : 2
		br_ln1262 : 3
		x_cast : 2
		cmp122 : 3
		or_ln1278 : 4
		br_ln1278 : 4
		or_ln1278_1 : 4
		br_ln1278 : 4
		or_ln1278_2 : 4
		br_ln1278 : 4
		or_ln1278_3 : 4
		br_ln1278 : 4
		or_ln1278_4 : 4
		br_ln1278 : 4
		or_ln1278_5 : 4
		br_ln1278 : 4
		or_ln1278_6 : 4
		br_ln1278 : 4
		store_ln1262 : 3
	State 2
		p_s : 1
		write_ln1279 : 2
	State 3
		write_ln1279 : 1
	State 4
		write_ln1279 : 1
	State 5
		write_ln1279 : 1
	State 6
		write_ln1279 : 1
	State 7
		write_ln1279 : 1
	State 8
		write_ln1279 : 1
	State 9
		write_ln1279 : 1


============================================================
+ Verbose Summary: Datapath Resource usage 
============================================================

* Functional unit list:
|----------|---------------------------------|---------|---------|
| Operation|         Functional Unit         |    FF   |   LUT   |
|----------|---------------------------------|---------|---------|
|   icmp   |        icmp_ln1262_fu_185       |    0    |    14   |
|          |          cmp122_fu_201          |    0    |    14   |
|----------|---------------------------------|---------|---------|
|    add   |            x_2_fu_191           |    0    |    14   |
|----------|---------------------------------|---------|---------|
|          |         or_ln1278_fu_207        |    0    |    2    |
|          |        or_ln1278_1_fu_213       |    0    |    2    |
|          |        or_ln1278_2_fu_219       |    0    |    2    |
|    or    |        or_ln1278_3_fu_225       |    0    |    2    |
|          |        or_ln1278_4_fu_231       |    0    |    2    |
|          |        or_ln1278_5_fu_237       |    0    |    2    |
|          |        or_ln1278_6_fu_243       |    0    |    2    |
|----------|---------------------------------|---------|---------|
|          |    cmp125_1_read_read_fu_106    |    0    |    0    |
|          |  sub121_cast3_read_read_fu_112  |    0    |    0    |
|          |    cmp125_2_read_read_fu_118    |    0    |    0    |
|          |    cmp125_3_read_read_fu_124    |    0    |    0    |
|   read   |    cmp125_4_read_read_fu_130    |    0    |    0    |
|          |    cmp125_5_read_read_fu_136    |    0    |    0    |
|          |    cmp125_6_read_read_fu_142    |    0    |    0    |
|          |   icmp_ln1252_read_read_fu_148  |    0    |    0    |
|          | trunc_ln1249_1_read_read_fu_154 |    0    |    0    |
|          |          rd_read_fu_160         |    0    |    0    |
|----------|---------------------------------|---------|---------|
|   write  |         grp_write_fu_166        |    0    |    0    |
|----------|---------------------------------|---------|---------|
|   sext   |     sub121_cast3_cast_fu_173    |    0    |    0    |
|----------|---------------------------------|---------|---------|
|   zext   |          x_cast_fu_197          |    0    |    0    |
|----------|---------------------------------|---------|---------|
|   trunc  |       trunc_ln1274_fu_254       |    0    |    0    |
|----------|---------------------------------|---------|---------|
|          |            p_s_fu_258           |    0    |    0    |
|          |            p_1_fu_337           |    0    |    0    |
|          |            p_2_fu_345           |    0    |    0    |
|bitconcatenate|            p_3_fu_353           |    0    |    0    |
|          |            p_4_fu_361           |    0    |    0    |
|          |            p_5_fu_369           |    0    |    0    |
|          |            p_6_fu_377           |    0    |    0    |
|          |            p_0_fu_385           |    0    |    0    |
|----------|---------------------------------|---------|---------|
|          |           tmp_s_fu_267          |    0    |    0    |
|          |           tmp_1_fu_277          |    0    |    0    |
|          |           tmp_2_fu_287          |    0    |    0    |
|partselect|           tmp_3_fu_297          |    0    |    0    |
|          |           tmp_4_fu_307          |    0    |    0    |
|          |           tmp_5_fu_317          |    0    |    0    |
|          |           tmp_6_fu_327          |    0    |    0    |
|----------|---------------------------------|---------|---------|
|   Total  |                                 |    0    |    56   |
|----------|---------------------------------|---------|---------|

Memories:
N/A

* Register list:
+-------------------+--------+
|                   |   FF   |
+-------------------+--------+
|icmp_ln1262_reg_400|    1   |
|or_ln1278_1_reg_408|    1   |
|or_ln1278_2_reg_412|    1   |
|or_ln1278_3_reg_416|    1   |
|or_ln1278_4_reg_420|    1   |
|or_ln1278_5_reg_424|    1   |
|or_ln1278_6_reg_428|    1   |
| or_ln1278_reg_404 |    1   |
|   tmp_1_reg_437   |    8   |
|   tmp_2_reg_442   |    8   |
|   tmp_3_reg_447   |    8   |
|   tmp_4_reg_452   |    8   |
|   tmp_5_reg_457   |    8   |
|   tmp_6_reg_462   |    8   |
|   tmp_s_reg_432   |    8   |
|     x_reg_393     |   13   |
+-------------------+--------+
|       Total       |   77   |
+-------------------+--------+

* Multiplexer (MUX) list: 
|------------------|------|------|------|--------||---------||---------|
|       Comp       |  Pin | Size |  BW  | S x BW ||  Delay  ||   LUT   |
|------------------|------|------|------|--------||---------||---------|
| grp_write_fu_166 |  p2  |   8  |  24  |   192  ||    42   |
|------------------|------|------|------|--------||---------||---------|
|       Total      |      |      |      |   192  ||  2.3038 ||    42   |
|------------------|------|------|------|--------||---------||---------|



* Summary:
+-----------+--------+--------+--------+
|           |  Delay |   FF   |   LUT  |
+-----------+--------+--------+--------+
|  Function |    -   |    0   |   56   |
|   Memory  |    -   |    -   |    -   |
|Multiplexer|    2   |    -   |   42   |
|  Register |    -   |   77   |    -   |
+-----------+--------+--------+--------+
|   Total   |    2   |   77   |   98   |
+-----------+--------+--------+--------+
