

================================================================
== Vitis HLS Report for 'MultiPixStream2AXIvideo_Pipeline_VITIS_LOOP_298_3'
================================================================
* Date:           Tue Jun 24 20:44:20 2025

* Version:        2023.1 (Build 3854077 on May  4 2023)
* Project:        prj
* Solution:       sol (Vivado IP Flow Target)
* Product family: zynq
* Target device:  xc7z020-clg400-1


================================================================
== Performance Estimates
================================================================
+ Timing: 
    * Summary: 
    +--------+----------+----------+------------+
    |  Clock |  Target  | Estimated| Uncertainty|
    +--------+----------+----------+------------+
    |ap_clk  |  10.00 ns|  5.341 ns|     2.70 ns|
    +--------+----------+----------+------------+

+ Latency: 
    * Summary: 
    +---------+---------+-----------+-----------+-----+------+---------+
    |  Latency (cycles) |   Latency (absolute)  |  Interval  | Pipeline|
    |   min   |   max   |    min    |    max    | min |  max |   Type  |
    +---------+---------+-----------+-----------+-----+------+---------+
    |        4|     4099|  40.000 ns|  40.990 us|    4|  4099|       no|
    +---------+---------+-----------+-----------+-----+------+---------+

    + Detail: 
        * Instance: 
        N/A

        * Loop: 
        +--------------------+---------+---------+----------+-----------+-----------+----------+----------+
        |                    |  Latency (cycles) | Iteration|  Initiation Interval  |   Trip   |          |
        |      Loop Name     |   min   |   max   |  Latency |  achieved |   target  |   Count  | Pipelined|
        +--------------------+---------+---------+----------+-----------+-----------+----------+----------+
        |- VITIS_LOOP_298_3  |        2|     4097|         2|          1|          1|  1 ~ 4096|       yes|
        +--------------------+---------+---------+----------+-----------+-----------+----------+----------+



================================================================
== Utilization Estimates
================================================================
* Summary: 
+-----------------+---------+-----+--------+-------+-----+
|       Name      | BRAM_18K| DSP |   FF   |  LUT  | URAM|
+-----------------+---------+-----+--------+-------+-----+
|DSP              |        -|    -|       -|      -|    -|
|Expression       |        -|    -|       0|     57|    -|
|FIFO             |        -|    -|       -|      -|    -|
|Instance         |        -|    -|       0|     42|    -|
|Memory           |        -|    -|       -|      -|    -|
|Multiplexer      |        -|    -|       -|     63|    -|
|Register         |        -|    -|      20|      -|    -|
+-----------------+---------+-----+--------+-------+-----+
|Total            |        0|    0|      20|    162|    0|
+-----------------+---------+-----+--------+-------+-----+
|Available        |      280|  220|  106400|  53200|    0|
+-----------------+---------+-----+--------+-------+-----+
|Utilization (%)  |        0|    0|      ~0|     ~0|    0|
+-----------------+---------+-----+--------+-------+-----+

+ Detail: 
    * Instance: 
    +-------------------+---------------+---------+----+---+----+-----+
    |      Instance     |     Module    | BRAM_18K| DSP| FF| LUT| URAM|
    +-------------------+---------------+---------+----+---+----+-----+
    |mux_3_2_8_1_1_U42  |mux_3_2_8_1_1  |        0|   0|  0|  14|    0|
    |mux_3_2_8_1_1_U43  |mux_3_2_8_1_1  |        0|   0|  0|  14|    0|
    |mux_3_2_8_1_1_U44  |mux_3_2_8_1_1  |        0|   0|  0|  14|    0|
    +-------------------+---------------+---------+----+---+----+-----+
    |Total              |               |        0|   0|  0|  42|    0|
    +-------------------+---------------+---------+----+---+----+-----+

    * DSP: 
    N/A

    * Memory: 
    N/A

    * FIFO: 
    N/A

    * Expression: 
    +----------------------------------+----------+----+---+----+------------+------------+
    |           Variable Name          | Operation| DSP| FF| LUT| Bitwidth P0| Bitwidth P1|
    +----------------------------------+----------+----+---+----+------------+------------+
    |j_2_fu_207_p2                     |         +|   0|  0|  14|          13|           1|
    |ap_block_pp0_stage0_01001         |       and|   0|  0|   2|           1|           1|
    |ap_block_pp0_stage0_11001         |       and|   0|  0|   2|           1|           1|
    |ap_block_state2_io                |       and|   0|  0|   2|           1|           1|
    |ap_condition_234                  |       and|   0|  0|   2|           1|           1|
    |axi_last_fu_213_p2                |      icmp|   0|  0|  17|          14|          14|
    |icmp_ln298_fu_201_p2              |      icmp|   0|  0|  14|          13|          13|
    |ap_block_state2_pp0_stage0_iter1  |        or|   0|  0|   2|           1|           1|
    |ap_enable_pp0                     |       xor|   0|  0|   2|           1|           2|
    +----------------------------------+----------+----+---+----+------------+------------+
    |Total                             |          |   0|  0|  57|          46|          35|
    +----------------------------------+----------+----+---+----+------------+------------+

    * Multiplexer: 
    +----------------------------------+----+-----------+-----+-----------+
    |               Name               | LUT| Input Size| Bits| Total Bits|
    +----------------------------------+----+-----------+-----+-----------+
    |ap_done_int                       |   9|          2|    1|          2|
    |ap_loop_exit_ready_pp0_iter1_reg  |   9|          2|    1|          2|
    |ap_sig_allocacmp_j_1              |   9|          2|   13|         26|
    |img_blk_n                         |   9|          2|    1|          2|
    |j_fu_98                           |   9|          2|   13|         26|
    |m_axis_video_TDATA_blk_n          |   9|          2|    1|          2|
    |sof_2_reg_173                     |   9|          2|    1|          2|
    +----------------------------------+----+-----------+-----+-----------+
    |Total                             |  63|         14|   31|         62|
    +----------------------------------+----+-----------+-----+-----------+

    * Register: 
    +----------------------------------+----+----+-----+-----------+
    |               Name               | FF | LUT| Bits| Const Bits|
    +----------------------------------+----+----+-----+-----------+
    |ap_CS_fsm                         |   1|   0|    1|          0|
    |ap_done_reg                       |   1|   0|    1|          0|
    |ap_enable_reg_pp0_iter1           |   1|   0|    1|          0|
    |ap_loop_exit_ready_pp0_iter1_reg  |   1|   0|    1|          0|
    |axi_last_reg_323                  |   1|   0|    1|          0|
    |icmp_ln298_reg_319                |   1|   0|    1|          0|
    |j_fu_98                           |  13|   0|   13|          0|
    |sof_2_reg_173                     |   1|   0|    1|          0|
    +----------------------------------+----+----+-----+-----------+
    |Total                             |  20|   0|   20|          0|
    +----------------------------------+----+----+-----+-----------+



================================================================
== Interface
================================================================
* Summary: 
+---------------------+-----+-----+------------+---------------------------------------------------+--------------+
|      RTL Ports      | Dir | Bits|  Protocol  |                   Source Object                   |    C Type    |
+---------------------+-----+-----+------------+---------------------------------------------------+--------------+
|ap_clk               |   in|    1|  ap_ctrl_hs|  MultiPixStream2AXIvideo_Pipeline_VITIS_LOOP_298_3|  return value|
|ap_rst               |   in|    1|  ap_ctrl_hs|  MultiPixStream2AXIvideo_Pipeline_VITIS_LOOP_298_3|  return value|
|ap_start             |   in|    1|  ap_ctrl_hs|  MultiPixStream2AXIvideo_Pipeline_VITIS_LOOP_298_3|  return value|
|ap_done              |  out|    1|  ap_ctrl_hs|  MultiPixStream2AXIvideo_Pipeline_VITIS_LOOP_298_3|  return value|
|ap_idle              |  out|    1|  ap_ctrl_hs|  MultiPixStream2AXIvideo_Pipeline_VITIS_LOOP_298_3|  return value|
|ap_ready             |  out|    1|  ap_ctrl_hs|  MultiPixStream2AXIvideo_Pipeline_VITIS_LOOP_298_3|  return value|
|img_dout             |   in|   24|     ap_fifo|                                                img|       pointer|
|img_num_data_valid   |   in|    2|     ap_fifo|                                                img|       pointer|
|img_fifo_cap         |   in|    2|     ap_fifo|                                                img|       pointer|
|img_empty_n          |   in|    1|     ap_fifo|                                                img|       pointer|
|img_read             |  out|    1|     ap_fifo|                                                img|       pointer|
|m_axis_video_TREADY  |   in|    1|        axis|                              m_axis_video_V_data_V|       pointer|
|m_axis_video_TDATA   |  out|   24|        axis|                              m_axis_video_V_data_V|       pointer|
|sof                  |   in|    1|     ap_none|                                                sof|        scalar|
|cols                 |   in|   13|     ap_none|                                               cols|        scalar|
|sub_cast             |   in|   13|     ap_none|                                           sub_cast|        scalar|
|map_2_cast           |   in|    2|     ap_none|                                         map_2_cast|        scalar|
|map_1_cast           |   in|    2|     ap_none|                                         map_1_cast|        scalar|
|map_cast             |   in|    2|     ap_none|                                           map_cast|        scalar|
|m_axis_video_TVALID  |  out|    1|        axis|                              m_axis_video_V_dest_V|       pointer|
|m_axis_video_TDEST   |  out|    1|        axis|                              m_axis_video_V_dest_V|       pointer|
|m_axis_video_TKEEP   |  out|    3|        axis|                              m_axis_video_V_keep_V|       pointer|
|m_axis_video_TSTRB   |  out|    3|        axis|                              m_axis_video_V_strb_V|       pointer|
|m_axis_video_TUSER   |  out|    1|        axis|                              m_axis_video_V_user_V|       pointer|
|m_axis_video_TLAST   |  out|    1|        axis|                              m_axis_video_V_last_V|       pointer|
|m_axis_video_TID     |  out|    1|        axis|                                m_axis_video_V_id_V|       pointer|
+---------------------+-----+-----+------------+---------------------------------------------------+--------------+

============================================================
+ Verbose Summary: Synthesis Manager
============================================================
InlineROM: 1
ExposeGlobal: 0
============================================================
+ Verbose Summary: CDFG Model
============================================================
IsTopModel: 0
ResetActiveHigh: 1
IsCombinational: 2
IsDatapathOnly: 2
HasWiredReturn: 1
HasMFsm: 2
HasVarLatency: 1
IsPipeline: 0
IsRtlPipelined: 0
IsInstanceOverlapped: 0
IsDontTouch: 0
HasImplIP: 0
IsGatedGlobalClock: 0

+ Individual pipeline summary: 
  * Pipeline-0: initiation interval (II) = 1, depth = 2


============================================================
+ Verbose Summary: Schedule
============================================================
* Number of FSM states : 2
* Pipeline : 1
  Pipeline-0 : II = 1, D = 2, States = { 1 2 }
* Dataflow Pipeline: 0

* FSM state transitions: 
1 --> 2 
2 --> 

* FSM state operations: 

State 1 <SV = 0> <Delay = 3.26>
ST_1 : Operation 5 [1/1] (0.00ns)   --->   "%j = alloca i32 1"   --->   Operation 5 'alloca' 'j' <Predicate = true> <Delay = 0.00>
ST_1 : Operation 6 [1/1] (0.00ns)   --->   "%map_cast_read = read i2 @_ssdm_op_Read.ap_auto.i2, i2 %map_cast"   --->   Operation 6 'read' 'map_cast_read' <Predicate = true> <Delay = 0.00>
ST_1 : Operation 7 [1/1] (0.00ns)   --->   "%map_1_cast_read = read i2 @_ssdm_op_Read.ap_auto.i2, i2 %map_1_cast"   --->   Operation 7 'read' 'map_1_cast_read' <Predicate = true> <Delay = 0.00>
ST_1 : Operation 8 [1/1] (0.00ns)   --->   "%map_2_cast_read = read i2 @_ssdm_op_Read.ap_auto.i2, i2 %map_2_cast"   --->   Operation 8 'read' 'map_2_cast_read' <Predicate = true> <Delay = 0.00>
ST_1 : Operation 9 [1/1] (0.00ns)   --->   "%sub_cast_read = read i13 @_ssdm_op_Read.ap_auto.i13, i13 %sub_cast"   --->   Operation 9 'read' 'sub_cast_read' <Predicate = true> <Delay = 0.00>
ST_1 : Operation 10 [1/1] (0.00ns)   --->   "%cols_read = read i13 @_ssdm_op_Read.ap_auto.i13, i13 %cols"   --->   Operation 10 'read' 'cols_read' <Predicate = true> <Delay = 0.00>
ST_1 : Operation 11 [1/1] (0.00ns)   --->   "%sof_read = read i1 @_ssdm_op_Read.ap_auto.i1, i1 %sof"   --->   Operation 11 'read' 'sof_read' <Predicate = true> <Delay = 0.00>
ST_1 : Operation 12 [1/1] (0.00ns)   --->   "%sub_cast_cast = sext i13 %sub_cast_read"   --->   Operation 12 'sext' 'sub_cast_cast' <Predicate = true> <Delay = 0.00>
ST_1 : Operation 13 [1/1] (0.00ns)   --->   "%specaxissidechannel_ln0 = specaxissidechannel void @_ssdm_op_SpecAXISSideChannel, i24 %m_axis_video_V_data_V, i3 %m_axis_video_V_keep_V, i3 %m_axis_video_V_strb_V, i1 %m_axis_video_V_user_V, i1 %m_axis_video_V_last_V, i1 %m_axis_video_V_id_V, i1 %m_axis_video_V_dest_V, void @empty_18"   --->   Operation 13 'specaxissidechannel' 'specaxissidechannel_ln0' <Predicate = true> <Delay = 0.00>
ST_1 : Operation 14 [1/1] (0.00ns)   --->   "%specinterface_ln0 = specinterface void @_ssdm_op_SpecInterface, i1 %m_axis_video_V_dest_V, i1 %m_axis_video_V_id_V, i1 %m_axis_video_V_last_V, i1 %m_axis_video_V_user_V, i3 %m_axis_video_V_strb_V, i3 %m_axis_video_V_keep_V, i24 %m_axis_video_V_data_V, void @empty_1, i32 0, i32 0, void @empty_2, i32 0, i32 0, void @empty_7, void @empty_7, void @empty_7, i32 0, i32 0, i32 0, i32 0, void @empty_7, void @empty_7, i32 4294967295, i32 0"   --->   Operation 14 'specinterface' 'specinterface_ln0' <Predicate = true> <Delay = 0.00>
ST_1 : Operation 15 [1/1] (0.00ns)   --->   "%specinterface_ln0 = specinterface void @_ssdm_op_SpecInterface, i24 %img, void @empty_4, i32 0, i32 0, void @empty_7, i32 0, i32 0, void @empty_7, void @empty_7, void @empty_7, i32 0, i32 0, i32 0, i32 0, void @empty_7, void @empty_7, i32 4294967295, i32 0"   --->   Operation 15 'specinterface' 'specinterface_ln0' <Predicate = true> <Delay = 0.00>
ST_1 : Operation 16 [1/1] (1.58ns)   --->   "%store_ln0 = store i13 0, i13 %j"   --->   Operation 16 'store' 'store_ln0' <Predicate = true> <Delay = 1.58>
ST_1 : Operation 17 [1/1] (1.58ns)   --->   "%br_ln0 = br void %for.body35"   --->   Operation 17 'br' 'br_ln0' <Predicate = true> <Delay = 1.58>
ST_1 : Operation 18 [1/1] (0.00ns)   --->   "%j_1 = load i13 %j" [C:/Users/Santiago/OneDrive/Escritorio/ov5640_sv_ed_800x600_v1/ov5640_sv_ed.runs/design_1_v_frmbuf_rd_0_0_synth_1/prj/sol/.autopilot/db/v_frmbuf_rd.cpp:298]   --->   Operation 18 'load' 'j_1' <Predicate = true> <Delay = 0.00>
ST_1 : Operation 19 [1/1] (0.00ns)   --->   "%zext_ln298 = zext i13 %j_1" [C:/Users/Santiago/OneDrive/Escritorio/ov5640_sv_ed_800x600_v1/ov5640_sv_ed.runs/design_1_v_frmbuf_rd_0_0_synth_1/prj/sol/.autopilot/db/v_frmbuf_rd.cpp:298]   --->   Operation 19 'zext' 'zext_ln298' <Predicate = true> <Delay = 0.00>
ST_1 : Operation 20 [1/1] (1.67ns)   --->   "%icmp_ln298 = icmp_eq  i13 %j_1, i13 %cols_read" [C:/Users/Santiago/OneDrive/Escritorio/ov5640_sv_ed_800x600_v1/ov5640_sv_ed.runs/design_1_v_frmbuf_rd_0_0_synth_1/prj/sol/.autopilot/db/v_frmbuf_rd.cpp:298]   --->   Operation 20 'icmp' 'icmp_ln298' <Predicate = true> <Delay = 1.67> <CoreInst = "Cmp">   --->   Core 9 'Cmp' <Latency = 0> <II = 1> <Delay = 1.67> <FuncUnit> <Opcode : 'icmp'> <InPorts = 2> <OutPorts = 1>
ST_1 : Operation 21 [1/1] (1.67ns)   --->   "%j_2 = add i13 %j_1, i13 1" [C:/Users/Santiago/OneDrive/Escritorio/ov5640_sv_ed_800x600_v1/ov5640_sv_ed.runs/design_1_v_frmbuf_rd_0_0_synth_1/prj/sol/.autopilot/db/v_frmbuf_rd.cpp:298]   --->   Operation 21 'add' 'j_2' <Predicate = true> <Delay = 1.67> <CoreInst = "Adder">   --->   Core 1 'Adder' <Latency = 0> <II = 1> <Delay = 1.67> <FuncUnit> <Opcode : 'add' 'sub'> <InPorts = 2> <OutPorts = 1>
ST_1 : Operation 22 [1/1] (0.00ns)   --->   "%br_ln298 = br i1 %icmp_ln298, void %for.body35.split, void %for.inc79.loopexit.exitStub" [C:/Users/Santiago/OneDrive/Escritorio/ov5640_sv_ed_800x600_v1/ov5640_sv_ed.runs/design_1_v_frmbuf_rd_0_0_synth_1/prj/sol/.autopilot/db/v_frmbuf_rd.cpp:298]   --->   Operation 22 'br' 'br_ln298' <Predicate = true> <Delay = 0.00>
ST_1 : Operation 23 [1/1] (1.67ns)   --->   "%axi_last = icmp_eq  i14 %zext_ln298, i14 %sub_cast_cast" [C:/Users/Santiago/OneDrive/Escritorio/ov5640_sv_ed_800x600_v1/ov5640_sv_ed.runs/design_1_v_frmbuf_rd_0_0_synth_1/prj/sol/.autopilot/db/v_frmbuf_rd.cpp:314]   --->   Operation 23 'icmp' 'axi_last' <Predicate = (!icmp_ln298)> <Delay = 1.67> <CoreInst = "Cmp">   --->   Core 9 'Cmp' <Latency = 0> <II = 1> <Delay = 1.81> <FuncUnit> <Opcode : 'icmp'> <InPorts = 2> <OutPorts = 1>
ST_1 : Operation 24 [1/1] (1.58ns)   --->   "%store_ln298 = store i13 %j_2, i13 %j" [C:/Users/Santiago/OneDrive/Escritorio/ov5640_sv_ed_800x600_v1/ov5640_sv_ed.runs/design_1_v_frmbuf_rd_0_0_synth_1/prj/sol/.autopilot/db/v_frmbuf_rd.cpp:298]   --->   Operation 24 'store' 'store_ln298' <Predicate = (!icmp_ln298)> <Delay = 1.58>
ST_1 : Operation 25 [1/1] (0.00ns)   --->   "%br_ln298 = br void %for.body35" [C:/Users/Santiago/OneDrive/Escritorio/ov5640_sv_ed_800x600_v1/ov5640_sv_ed.runs/design_1_v_frmbuf_rd_0_0_synth_1/prj/sol/.autopilot/db/v_frmbuf_rd.cpp:298]   --->   Operation 25 'br' 'br_ln298' <Predicate = (!icmp_ln298)> <Delay = 0.00>

State 2 <SV = 1> <Delay = 5.34>
ST_2 : Operation 26 [1/1] (0.00ns)   --->   "%sof_2 = phi i1 0, void %for.body35.split, i1 %sof_read, void %newFuncRoot"   --->   Operation 26 'phi' 'sof_2' <Predicate = true> <Delay = 0.00>
ST_2 : Operation 27 [1/1] (0.00ns)   --->   "%speclooptripcount_ln0 = speclooptripcount void @_ssdm_op_SpecLoopTripCount, i64 1, i64 4096, i64 0"   --->   Operation 27 'speclooptripcount' 'speclooptripcount_ln0' <Predicate = true> <Delay = 0.00>
ST_2 : Operation 28 [1/1] (0.00ns)   --->   "%specpipeline_ln301 = specpipeline void @_ssdm_op_SpecPipeline, i32 1, i32 0, i32 0, i32 0, void @empty_7" [C:/Users/Santiago/OneDrive/Escritorio/ov5640_sv_ed_800x600_v1/ov5640_sv_ed.runs/design_1_v_frmbuf_rd_0_0_synth_1/prj/sol/.autopilot/db/v_frmbuf_rd.cpp:301]   --->   Operation 28 'specpipeline' 'specpipeline_ln301' <Predicate = (!icmp_ln298)> <Delay = 0.00>
ST_2 : Operation 29 [1/1] (0.00ns)   --->   "%specloopname_ln298 = specloopname void @_ssdm_op_SpecLoopName, void @empty_6" [C:/Users/Santiago/OneDrive/Escritorio/ov5640_sv_ed_800x600_v1/ov5640_sv_ed.runs/design_1_v_frmbuf_rd_0_0_synth_1/prj/sol/.autopilot/db/v_frmbuf_rd.cpp:298]   --->   Operation 29 'specloopname' 'specloopname_ln298' <Predicate = (!icmp_ln298)> <Delay = 0.00>
ST_2 : Operation 30 [1/1] (3.63ns)   --->   "%img_read = read i24 @_ssdm_op_Read.ap_fifo.volatile.i24P0A, i24 %img" [C:/Users/Santiago/OneDrive/Escritorio/ov5640_sv_ed_800x600_v1/ov5640_sv_ed.runs/design_1_v_frmbuf_rd_0_0_synth_1/prj/sol/.autopilot/db/v_frmbuf_rd.cpp:322]   --->   Operation 30 'read' 'img_read' <Predicate = (!icmp_ln298)> <Delay = 3.63> <CoreInst = "FIFO_SRL">   --->   Core 81 'FIFO_SRL' <Latency = 0> <II = 1> <Delay = 3.63> <Storage> <Opcode : 'read' 'write' 'nbread' 'nbwrite'> <Ports = 0> <Width = 24> <Depth = 2> <FIFO>
ST_2 : Operation 31 [1/1] (0.00ns)   --->   "%pix = trunc i24 %img_read" [C:/Users/Santiago/OneDrive/Escritorio/ov5640_sv_ed_800x600_v1/ov5640_sv_ed.runs/design_1_v_frmbuf_rd_0_0_synth_1/prj/sol/.autopilot/db/v_frmbuf_rd.cpp:322]   --->   Operation 31 'trunc' 'pix' <Predicate = (!icmp_ln298)> <Delay = 0.00>
ST_2 : Operation 32 [1/1] (0.00ns)   --->   "%pix_1 = partselect i8 @_ssdm_op_PartSelect.i8.i24.i32.i32, i24 %img_read, i32 8, i32 15" [C:/Users/Santiago/OneDrive/Escritorio/ov5640_sv_ed_800x600_v1/ov5640_sv_ed.runs/design_1_v_frmbuf_rd_0_0_synth_1/prj/sol/.autopilot/db/v_frmbuf_rd.cpp:322]   --->   Operation 32 'partselect' 'pix_1' <Predicate = (!icmp_ln298)> <Delay = 0.00>
ST_2 : Operation 33 [1/1] (0.00ns)   --->   "%pix_2 = partselect i8 @_ssdm_op_PartSelect.i8.i24.i32.i32, i24 %img_read, i32 16, i32 23" [C:/Users/Santiago/OneDrive/Escritorio/ov5640_sv_ed_800x600_v1/ov5640_sv_ed.runs/design_1_v_frmbuf_rd_0_0_synth_1/prj/sol/.autopilot/db/v_frmbuf_rd.cpp:322]   --->   Operation 33 'partselect' 'pix_2' <Predicate = (!icmp_ln298)> <Delay = 0.00>
ST_2 : Operation 34 [1/1] (1.70ns)   --->   "%tmp_4 = mux i8 @_ssdm_op_Mux.ap_auto.3i8.i2, i8 %pix, i8 %pix_1, i8 %pix_2, i2 %map_2_cast_read" [C:/Users/Santiago/OneDrive/Escritorio/ov5640_sv_ed_800x600_v1/ov5640_sv_ed.runs/design_1_v_frmbuf_rd_0_0_synth_1/prj/sol/.autopilot/db/v_frmbuf_rd.cpp:331]   --->   Operation 34 'mux' 'tmp_4' <Predicate = (!icmp_ln298)> <Delay = 1.70> <CoreInst = "Multiplexer">   --->   Core 76 'Multiplexer' <Latency = 0> <II = 1> <Delay = 1.70> <FuncUnit> <Opcode : 'mux'> <InPorts = 2> <OutPorts = 1>
ST_2 : Operation 35 [1/1] (1.70ns)   --->   "%tmp_5 = mux i8 @_ssdm_op_Mux.ap_auto.3i8.i2, i8 %pix, i8 %pix_1, i8 %pix_2, i2 %map_1_cast_read" [C:/Users/Santiago/OneDrive/Escritorio/ov5640_sv_ed_800x600_v1/ov5640_sv_ed.runs/design_1_v_frmbuf_rd_0_0_synth_1/prj/sol/.autopilot/db/v_frmbuf_rd.cpp:331]   --->   Operation 35 'mux' 'tmp_5' <Predicate = (!icmp_ln298)> <Delay = 1.70> <CoreInst = "Multiplexer">   --->   Core 76 'Multiplexer' <Latency = 0> <II = 1> <Delay = 1.70> <FuncUnit> <Opcode : 'mux'> <InPorts = 2> <OutPorts = 1>
ST_2 : Operation 36 [1/1] (1.70ns)   --->   "%tmp_6 = mux i8 @_ssdm_op_Mux.ap_auto.3i8.i2, i8 %pix, i8 %pix_1, i8 %pix_2, i2 %map_cast_read" [C:/Users/Santiago/OneDrive/Escritorio/ov5640_sv_ed_800x600_v1/ov5640_sv_ed.runs/design_1_v_frmbuf_rd_0_0_synth_1/prj/sol/.autopilot/db/v_frmbuf_rd.cpp:331]   --->   Operation 36 'mux' 'tmp_6' <Predicate = (!icmp_ln298)> <Delay = 1.70> <CoreInst = "Multiplexer">   --->   Core 76 'Multiplexer' <Latency = 0> <II = 1> <Delay = 1.70> <FuncUnit> <Opcode : 'mux'> <InPorts = 2> <OutPorts = 1>
ST_2 : Operation 37 [1/1] (0.00ns)   --->   "%axi_data = bitconcatenate i24 @_ssdm_op_BitConcatenate.i24.i8.i8.i8, i8 %tmp_6, i8 %tmp_5, i8 %tmp_4" [C:/Users/Santiago/OneDrive/Escritorio/ov5640_sv_ed_800x600_v1/ov5640_sv_ed.runs/design_1_v_frmbuf_rd_0_0_synth_1/prj/sol/.autopilot/db/v_frmbuf_rd.cpp:331]   --->   Operation 37 'bitconcatenate' 'axi_data' <Predicate = (!icmp_ln298)> <Delay = 0.00>
ST_2 : Operation 38 [1/1] (0.00ns)   --->   "%write_ln336 = write void @_ssdm_op_Write.axis.volatile.i24P0A.i3P0A.i3P0A.i1P0A.i1P0A.i1P0A.i1P0A, i24 %m_axis_video_V_data_V, i3 %m_axis_video_V_keep_V, i3 %m_axis_video_V_strb_V, i1 %m_axis_video_V_user_V, i1 %m_axis_video_V_last_V, i1 %m_axis_video_V_id_V, i1 %m_axis_video_V_dest_V, i24 %axi_data, i3 7, i3 0, i1 %sof_2, i1 %axi_last, i1 0, i1 0" [C:/Users/Santiago/OneDrive/Escritorio/ov5640_sv_ed_800x600_v1/ov5640_sv_ed.runs/design_1_v_frmbuf_rd_0_0_synth_1/prj/sol/.autopilot/db/v_frmbuf_rd.cpp:336]   --->   Operation 38 'write' 'write_ln336' <Predicate = (!icmp_ln298)> <Delay = 0.00> <CoreInst = "axis">   --->   Core 115 'axis' <Latency = 0> <II = 1> <Delay = 1.00> <Adapter> <Opcode : >
ST_2 : Operation 39 [1/1] (0.00ns)   --->   "%ret_ln0 = ret"   --->   Operation 39 'ret' 'ret_ln0' <Predicate = (icmp_ln298)> <Delay = 0.00>


============================================================
+ Verbose Summary: Binding
============================================================
STG Binding: 
---------------- STG Properties BEGIN ----------------
- Is combinational: 0
- Is one-state seq: 0
- Is datapath-only: 0
- Is pipelined: 0
- Is top level: 0
Port [ Return ] is wired: 1; IO mode=ap_ctrl_hs:ce=0
Port [ sof]:  wired=1; compound=0; hidden=0; nouse=0; global=0; static=0; extern=0; dir=0; type=0; pingpong=0; private_global=0; IO mode=ap_none:ce=0
Port [ cols]:  wired=1; compound=0; hidden=0; nouse=0; global=0; static=0; extern=0; dir=0; type=0; pingpong=0; private_global=0; IO mode=ap_none:ce=0
Port [ sub_cast]:  wired=1; compound=0; hidden=0; nouse=0; global=0; static=0; extern=0; dir=0; type=0; pingpong=0; private_global=0; IO mode=ap_none:ce=0
Port [ img]:  wired=1; compound=1; hidden=0; nouse=0; global=0; static=0; extern=0; dir=0; type=3; pingpong=0; private_global=0; IO mode=ap_fifo:ce=0
Port [ map_2_cast]:  wired=1; compound=0; hidden=0; nouse=0; global=0; static=0; extern=0; dir=0; type=0; pingpong=0; private_global=0; IO mode=ap_none:ce=0
Port [ map_1_cast]:  wired=1; compound=0; hidden=0; nouse=0; global=0; static=0; extern=0; dir=0; type=0; pingpong=0; private_global=0; IO mode=ap_none:ce=0
Port [ map_cast]:  wired=1; compound=0; hidden=0; nouse=0; global=0; static=0; extern=0; dir=0; type=0; pingpong=0; private_global=0; IO mode=ap_none:ce=0
Port [ m_axis_video_V_data_V]:  wired=1; compound=1; hidden=0; nouse=0; global=0; static=0; extern=0; dir=1; type=0; pingpong=0; private_global=0; IO mode=axis:ce=0
Port [ m_axis_video_V_keep_V]:  wired=1; compound=1; hidden=0; nouse=0; global=0; static=0; extern=0; dir=1; type=0; pingpong=0; private_global=0; IO mode=axis:ce=0
Port [ m_axis_video_V_strb_V]:  wired=1; compound=1; hidden=0; nouse=0; global=0; static=0; extern=0; dir=1; type=0; pingpong=0; private_global=0; IO mode=axis:ce=0
Port [ m_axis_video_V_user_V]:  wired=1; compound=1; hidden=0; nouse=0; global=0; static=0; extern=0; dir=1; type=0; pingpong=0; private_global=0; IO mode=axis:ce=0
Port [ m_axis_video_V_last_V]:  wired=1; compound=1; hidden=0; nouse=0; global=0; static=0; extern=0; dir=1; type=0; pingpong=0; private_global=0; IO mode=axis:ce=0
Port [ m_axis_video_V_id_V]:  wired=1; compound=1; hidden=0; nouse=0; global=0; static=0; extern=0; dir=1; type=0; pingpong=0; private_global=0; IO mode=axis:ce=0
Port [ m_axis_video_V_dest_V]:  wired=1; compound=1; hidden=0; nouse=0; global=0; static=0; extern=0; dir=1; type=0; pingpong=0; private_global=0; IO mode=axis:ce=0
---------------- STG Properties END ------------------

---------------- Datapath Model BEGIN ----------------

<LifeTime>
<method=bitvector/>
j                       (alloca             ) [ 010]
map_cast_read           (read               ) [ 011]
map_1_cast_read         (read               ) [ 011]
map_2_cast_read         (read               ) [ 011]
sub_cast_read           (read               ) [ 000]
cols_read               (read               ) [ 000]
sof_read                (read               ) [ 011]
sub_cast_cast           (sext               ) [ 000]
specaxissidechannel_ln0 (specaxissidechannel) [ 000]
specinterface_ln0       (specinterface      ) [ 000]
specinterface_ln0       (specinterface      ) [ 000]
store_ln0               (store              ) [ 000]
br_ln0                  (br                 ) [ 011]
j_1                     (load               ) [ 000]
zext_ln298              (zext               ) [ 000]
icmp_ln298              (icmp               ) [ 011]
j_2                     (add                ) [ 000]
br_ln298                (br                 ) [ 000]
axi_last                (icmp               ) [ 011]
store_ln298             (store              ) [ 000]
br_ln298                (br                 ) [ 011]
sof_2                   (phi                ) [ 011]
speclooptripcount_ln0   (speclooptripcount  ) [ 000]
specpipeline_ln301      (specpipeline       ) [ 000]
specloopname_ln298      (specloopname       ) [ 000]
img_read                (read               ) [ 000]
pix                     (trunc              ) [ 000]
pix_1                   (partselect         ) [ 000]
pix_2                   (partselect         ) [ 000]
tmp_4                   (mux                ) [ 000]
tmp_5                   (mux                ) [ 000]
tmp_6                   (mux                ) [ 000]
axi_data                (bitconcatenate     ) [ 000]
write_ln336             (write              ) [ 000]
ret_ln0                 (ret                ) [ 000]
</LifeTime>

<model>

<comp_list>
<comp id="0" class="1000" name="sof">
<pin_list>
<pin id="1" dir="1" index="0" bw="1" slack="0"/>
</pin_list>
<bind>
<StgValue><ssdm name="sof"/></StgValue>
</bind>
</comp>

<comp id="2" class="1000" name="cols">
<pin_list>
<pin id="3" dir="1" index="0" bw="1" slack="0"/>
</pin_list>
<bind>
<StgValue><ssdm name="cols"/></StgValue>
</bind>
</comp>

<comp id="4" class="1000" name="sub_cast">
<pin_list>
<pin id="5" dir="1" index="0" bw="1" slack="0"/>
</pin_list>
<bind>
<StgValue><ssdm name="sub_cast"/></StgValue>
</bind>
</comp>

<comp id="6" class="1000" name="img">
<pin_list>
<pin id="7" dir="1" index="0" bw="1" slack="0"/>
</pin_list>
<bind>
<StgValue><ssdm name="img"/></StgValue>
</bind>
</comp>

<comp id="8" class="1000" name="map_2_cast">
<pin_list>
<pin id="9" dir="1" index="0" bw="1" slack="0"/>
</pin_list>
<bind>
<StgValue><ssdm name="map_2_cast"/></StgValue>
</bind>
</comp>

<comp id="10" class="1000" name="map_1_cast">
<pin_list>
<pin id="11" dir="1" index="0" bw="1" slack="0"/>
</pin_list>
<bind>
<StgValue><ssdm name="map_1_cast"/></StgValue>
</bind>
</comp>

<comp id="12" class="1000" name="map_cast">
<pin_list>
<pin id="13" dir="1" index="0" bw="1" slack="0"/>
</pin_list>
<bind>
<StgValue><ssdm name="map_cast"/></StgValue>
</bind>
</comp>

<comp id="14" class="1000" name="m_axis_video_V_data_V">
<pin_list>
<pin id="15" dir="1" index="0" bw="1" slack="0"/>
</pin_list>
<bind>
<StgValue><ssdm name="m_axis_video_V_data_V"/></StgValue>
</bind>
</comp>

<comp id="16" class="1000" name="m_axis_video_V_keep_V">
<pin_list>
<pin id="17" dir="1" index="0" bw="1" slack="0"/>
</pin_list>
<bind>
<StgValue><ssdm name="m_axis_video_V_keep_V"/></StgValue>
</bind>
</comp>

<comp id="18" class="1000" name="m_axis_video_V_strb_V">
<pin_list>
<pin id="19" dir="1" index="0" bw="1" slack="0"/>
</pin_list>
<bind>
<StgValue><ssdm name="m_axis_video_V_strb_V"/></StgValue>
</bind>
</comp>

<comp id="20" class="1000" name="m_axis_video_V_user_V">
<pin_list>
<pin id="21" dir="1" index="0" bw="1" slack="0"/>
</pin_list>
<bind>
<StgValue><ssdm name="m_axis_video_V_user_V"/></StgValue>
</bind>
</comp>

<comp id="22" class="1000" name="m_axis_video_V_last_V">
<pin_list>
<pin id="23" dir="1" index="0" bw="1" slack="0"/>
</pin_list>
<bind>
<StgValue><ssdm name="m_axis_video_V_last_V"/></StgValue>
</bind>
</comp>

<comp id="24" class="1000" name="m_axis_video_V_id_V">
<pin_list>
<pin id="25" dir="1" index="0" bw="1" slack="0"/>
</pin_list>
<bind>
<StgValue><ssdm name="m_axis_video_V_id_V"/></StgValue>
</bind>
</comp>

<comp id="26" class="1000" name="m_axis_video_V_dest_V">
<pin_list>
<pin id="27" dir="1" index="0" bw="1" slack="0"/>
</pin_list>
<bind>
<StgValue><ssdm name="m_axis_video_V_dest_V"/></StgValue>
</bind>
</comp>

<comp id="28" class="1001" name="const_28">
<pin_list>
<pin id="29" dir="1" index="0" bw="1" slack="0"/>
</pin_list>
<bind>
<StgValue><ssdm name=""/></StgValue>
</bind>
</comp>

<comp id="30" class="1001" name="const_30">
<pin_list>
<pin id="31" dir="1" index="0" bw="1" slack="0"/>
</pin_list>
<bind>
<StgValue><ssdm name="_ssdm_op_Read.ap_auto.i2"/></StgValue>
</bind>
</comp>

<comp id="32" class="1001" name="const_32">
<pin_list>
<pin id="33" dir="1" index="0" bw="1" slack="0"/>
</pin_list>
<bind>
<StgValue><ssdm name="_ssdm_op_Read.ap_auto.i13"/></StgValue>
</bind>
</comp>

<comp id="34" class="1001" name="const_34">
<pin_list>
<pin id="35" dir="1" index="0" bw="1" slack="0"/>
</pin_list>
<bind>
<StgValue><ssdm name="_ssdm_op_Read.ap_auto.i1"/></StgValue>
</bind>
</comp>

<comp id="36" class="1001" name="const_36">
<pin_list>
<pin id="37" dir="1" index="0" bw="1" slack="2147483647"/>
</pin_list>
<bind>
<StgValue><ssdm name="_ssdm_op_SpecAXISSideChannel"/></StgValue>
</bind>
</comp>

<comp id="38" class="1001" name="const_38">
<pin_list>
<pin id="39" dir="1" index="0" bw="1" slack="2147483647"/>
</pin_list>
<bind>
<StgValue><ssdm name="empty_18"/></StgValue>
</bind>
</comp>

<comp id="40" class="1001" name="const_40">
<pin_list>
<pin id="41" dir="1" index="0" bw="1" slack="2147483647"/>
</pin_list>
<bind>
<StgValue><ssdm name="_ssdm_op_SpecInterface"/></StgValue>
</bind>
</comp>

<comp id="42" class="1001" name="const_42">
<pin_list>
<pin id="43" dir="1" index="0" bw="1" slack="2147483647"/>
</pin_list>
<bind>
<StgValue><ssdm name="empty_1"/></StgValue>
</bind>
</comp>

<comp id="44" class="1001" name="const_44">
<pin_list>
<pin id="45" dir="1" index="0" bw="1" slack="2147483647"/>
</pin_list>
<bind>
<StgValue><ssdm name=""/></StgValue>
</bind>
</comp>

<comp id="46" class="1001" name="const_46">
<pin_list>
<pin id="47" dir="1" index="0" bw="1" slack="2147483647"/>
</pin_list>
<bind>
<StgValue><ssdm name="empty_2"/></StgValue>
</bind>
</comp>

<comp id="48" class="1001" name="const_48">
<pin_list>
<pin id="49" dir="1" index="0" bw="1" slack="2147483647"/>
</pin_list>
<bind>
<StgValue><ssdm name="empty_7"/></StgValue>
</bind>
</comp>

<comp id="50" class="1001" name="const_50">
<pin_list>
<pin id="51" dir="1" index="0" bw="1" slack="2147483647"/>
</pin_list>
<bind>
<StgValue><ssdm name=""/></StgValue>
</bind>
</comp>

<comp id="52" class="1001" name="const_52">
<pin_list>
<pin id="53" dir="1" index="0" bw="1" slack="2147483647"/>
</pin_list>
<bind>
<StgValue><ssdm name="empty_4"/></StgValue>
</bind>
</comp>

<comp id="54" class="1001" name="const_54">
<pin_list>
<pin id="55" dir="1" index="0" bw="1" slack="0"/>
</pin_list>
<bind>
<StgValue><ssdm name=""/></StgValue>
</bind>
</comp>

<comp id="56" class="1001" name="const_56">
<pin_list>
<pin id="57" dir="1" index="0" bw="1" slack="0"/>
</pin_list>
<bind>
<StgValue><ssdm name=""/></StgValue>
</bind>
</comp>

<comp id="58" class="1001" name="const_58">
<pin_list>
<pin id="59" dir="1" index="0" bw="1" slack="1"/>
</pin_list>
<bind>
<StgValue><ssdm name=""/></StgValue>
</bind>
</comp>

<comp id="60" class="1001" name="const_60">
<pin_list>
<pin id="61" dir="1" index="0" bw="1" slack="2147483647"/>
</pin_list>
<bind>
<StgValue><ssdm name="_ssdm_op_SpecLoopTripCount"/></StgValue>
</bind>
</comp>

<comp id="62" class="1001" name="const_62">
<pin_list>
<pin id="63" dir="1" index="0" bw="1" slack="2147483647"/>
</pin_list>
<bind>
<StgValue><ssdm name=""/></StgValue>
</bind>
</comp>

<comp id="64" class="1001" name="const_64">
<pin_list>
<pin id="65" dir="1" index="0" bw="1" slack="2147483647"/>
</pin_list>
<bind>
<StgValue><ssdm name=""/></StgValue>
</bind>
</comp>

<comp id="66" class="1001" name="const_66">
<pin_list>
<pin id="67" dir="1" index="0" bw="1" slack="2147483647"/>
</pin_list>
<bind>
<StgValue><ssdm name=""/></StgValue>
</bind>
</comp>

<comp id="68" class="1001" name="const_68">
<pin_list>
<pin id="69" dir="1" index="0" bw="1" slack="2147483647"/>
</pin_list>
<bind>
<StgValue><ssdm name="_ssdm_op_SpecPipeline"/></StgValue>
</bind>
</comp>

<comp id="70" class="1001" name="const_70">
<pin_list>
<pin id="71" dir="1" index="0" bw="1" slack="2147483647"/>
</pin_list>
<bind>
<StgValue><ssdm name="_ssdm_op_SpecLoopName"/></StgValue>
</bind>
</comp>

<comp id="72" class="1001" name="const_72">
<pin_list>
<pin id="73" dir="1" index="0" bw="1" slack="2147483647"/>
</pin_list>
<bind>
<StgValue><ssdm name="empty_6"/></StgValue>
</bind>
</comp>

<comp id="74" class="1001" name="const_74">
<pin_list>
<pin id="75" dir="1" index="0" bw="1" slack="0"/>
</pin_list>
<bind>
<StgValue><ssdm name="_ssdm_op_Read.ap_fifo.volatile.i24P0A"/></StgValue>
</bind>
</comp>

<comp id="76" class="1001" name="const_76">
<pin_list>
<pin id="77" dir="1" index="0" bw="1" slack="0"/>
</pin_list>
<bind>
<StgValue><ssdm name="_ssdm_op_PartSelect.i8.i24.i32.i32"/></StgValue>
</bind>
</comp>

<comp id="78" class="1001" name="const_78">
<pin_list>
<pin id="79" dir="1" index="0" bw="1" slack="0"/>
</pin_list>
<bind>
<StgValue><ssdm name=""/></StgValue>
</bind>
</comp>

<comp id="80" class="1001" name="const_80">
<pin_list>
<pin id="81" dir="1" index="0" bw="1" slack="0"/>
</pin_list>
<bind>
<StgValue><ssdm name=""/></StgValue>
</bind>
</comp>

<comp id="82" class="1001" name="const_82">
<pin_list>
<pin id="83" dir="1" index="0" bw="1" slack="0"/>
</pin_list>
<bind>
<StgValue><ssdm name=""/></StgValue>
</bind>
</comp>

<comp id="84" class="1001" name="const_84">
<pin_list>
<pin id="85" dir="1" index="0" bw="1" slack="0"/>
</pin_list>
<bind>
<StgValue><ssdm name=""/></StgValue>
</bind>
</comp>

<comp id="86" class="1001" name="const_86">
<pin_list>
<pin id="87" dir="1" index="0" bw="1" slack="0"/>
</pin_list>
<bind>
<StgValue><ssdm name="_ssdm_op_Mux.ap_auto.3i8.i2"/></StgValue>
</bind>
</comp>

<comp id="88" class="1001" name="const_88">
<pin_list>
<pin id="89" dir="1" index="0" bw="1" slack="0"/>
</pin_list>
<bind>
<StgValue><ssdm name="_ssdm_op_BitConcatenate.i24.i8.i8.i8"/></StgValue>
</bind>
</comp>

<comp id="90" class="1001" name="const_90">
<pin_list>
<pin id="91" dir="1" index="0" bw="1" slack="0"/>
</pin_list>
<bind>
<StgValue><ssdm name="_ssdm_op_Write.axis.volatile.i24P0A.i3P0A.i3P0A.i1P0A.i1P0A.i1P0A.i1P0A"/></StgValue>
</bind>
</comp>

<comp id="92" class="1001" name="const_92">
<pin_list>
<pin id="93" dir="1" index="0" bw="1" slack="0"/>
</pin_list>
<bind>
<StgValue><ssdm name=""/></StgValue>
</bind>
</comp>

<comp id="94" class="1001" name="const_94">
<pin_list>
<pin id="95" dir="1" index="0" bw="1" slack="0"/>
</pin_list>
<bind>
<StgValue><ssdm name=""/></StgValue>
</bind>
</comp>

<comp id="96" class="1001" name="const_96">
<pin_list>
<pin id="97" dir="1" index="0" bw="1" slack="0"/>
</pin_list>
<bind>
<StgValue><ssdm name=""/></StgValue>
</bind>
</comp>

<comp id="98" class="1004" name="j_fu_98">
<pin_list>
<pin id="99" dir="0" index="0" bw="1" slack="0"/>
<pin id="100" dir="1" index="1" bw="13" slack="0"/>
</pin_list>
<bind>
<opcode="alloca(26) " fcode="alloca"/>
<opset="j/1 "/>
</bind>
</comp>

<comp id="102" class="1004" name="map_cast_read_read_fu_102">
<pin_list>
<pin id="103" dir="0" index="0" bw="2" slack="0"/>
<pin id="104" dir="0" index="1" bw="2" slack="0"/>
<pin id="105" dir="1" index="2" bw="2" slack="1"/>
</pin_list>
<bind>
<opcode="read(1150) " fcode="read"/>
<opset="map_cast_read/1 "/>
</bind>
</comp>

<comp id="108" class="1004" name="map_1_cast_read_read_fu_108">
<pin_list>
<pin id="109" dir="0" index="0" bw="2" slack="0"/>
<pin id="110" dir="0" index="1" bw="2" slack="0"/>
<pin id="111" dir="1" index="2" bw="2" slack="1"/>
</pin_list>
<bind>
<opcode="read(1150) " fcode="read"/>
<opset="map_1_cast_read/1 "/>
</bind>
</comp>

<comp id="114" class="1004" name="map_2_cast_read_read_fu_114">
<pin_list>
<pin id="115" dir="0" index="0" bw="2" slack="0"/>
<pin id="116" dir="0" index="1" bw="2" slack="0"/>
<pin id="117" dir="1" index="2" bw="2" slack="1"/>
</pin_list>
<bind>
<opcode="read(1150) " fcode="read"/>
<opset="map_2_cast_read/1 "/>
</bind>
</comp>

<comp id="120" class="1004" name="sub_cast_read_read_fu_120">
<pin_list>
<pin id="121" dir="0" index="0" bw="13" slack="0"/>
<pin id="122" dir="0" index="1" bw="13" slack="0"/>
<pin id="123" dir="1" index="2" bw="13" slack="0"/>
</pin_list>
<bind>
<opcode="read(1150) " fcode="read"/>
<opset="sub_cast_read/1 "/>
</bind>
</comp>

<comp id="126" class="1004" name="cols_read_read_fu_126">
<pin_list>
<pin id="127" dir="0" index="0" bw="13" slack="0"/>
<pin id="128" dir="0" index="1" bw="13" slack="0"/>
<pin id="129" dir="1" index="2" bw="13" slack="0"/>
</pin_list>
<bind>
<opcode="read(1150) " fcode="read"/>
<opset="cols_read/1 "/>
</bind>
</comp>

<comp id="132" class="1004" name="sof_read_read_fu_132">
<pin_list>
<pin id="133" dir="0" index="0" bw="1" slack="0"/>
<pin id="134" dir="0" index="1" bw="1" slack="0"/>
<pin id="135" dir="1" index="2" bw="1" slack="1"/>
</pin_list>
<bind>
<opcode="read(1150) " fcode="read"/>
<opset="sof_read/1 "/>
</bind>
</comp>

<comp id="138" class="1004" name="img_read_read_fu_138">
<pin_list>
<pin id="139" dir="0" index="0" bw="24" slack="0"/>
<pin id="140" dir="0" index="1" bw="24" slack="0"/>
<pin id="141" dir="1" index="2" bw="24" slack="0"/>
</pin_list>
<bind>
<opcode="read(1150) " fcode="read"/>
<opset="img_read/2 "/>
</bind>
</comp>

<comp id="144" class="1004" name="write_ln336_write_fu_144">
<pin_list>
<pin id="145" dir="0" index="0" bw="0" slack="0"/>
<pin id="146" dir="0" index="1" bw="24" slack="0"/>
<pin id="147" dir="0" index="2" bw="3" slack="0"/>
<pin id="148" dir="0" index="3" bw="3" slack="0"/>
<pin id="149" dir="0" index="4" bw="1" slack="0"/>
<pin id="150" dir="0" index="5" bw="1" slack="0"/>
<pin id="151" dir="0" index="6" bw="1" slack="0"/>
<pin id="152" dir="0" index="7" bw="1" slack="0"/>
<pin id="153" dir="0" index="8" bw="24" slack="0"/>
<pin id="154" dir="0" index="9" bw="1" slack="0"/>
<pin id="155" dir="0" index="10" bw="1" slack="0"/>
<pin id="156" dir="0" index="11" bw="1" slack="0"/>
<pin id="157" dir="0" index="12" bw="1" slack="1"/>
<pin id="158" dir="0" index="13" bw="1" slack="0"/>
<pin id="159" dir="0" index="14" bw="1" slack="0"/>
<pin id="160" dir="1" index="15" bw="0" slack="2147483647"/>
</pin_list>
<bind>
<opcode="write(1151) " fcode="write"/>
<opset="write_ln336/2 "/>
</bind>
</comp>

<comp id="173" class="1005" name="sof_2_reg_173">
<pin_list>
<pin id="174" dir="0" index="0" bw="1" slack="1"/>
<pin id="175" dir="1" index="1" bw="1" slack="1"/>
</pin_list>
<bind>
<opset="sof_2 (phireg) "/>
</bind>
</comp>

<comp id="177" class="1004" name="sof_2_phi_fu_177">
<pin_list>
<pin id="178" dir="0" index="0" bw="1" slack="1"/>
<pin id="179" dir="0" index="1" bw="0" slack="2147483647"/>
<pin id="180" dir="0" index="2" bw="1" slack="1"/>
<pin id="181" dir="0" index="3" bw="0" slack="2147483647"/>
<pin id="182" dir="1" index="4" bw="1" slack="0"/>
</pin_list>
<bind>
<opcode="phi(47) " fcode="phi"/>
<opset="sof_2/2 "/>
</bind>
</comp>

<comp id="185" class="1004" name="sub_cast_cast_fu_185">
<pin_list>
<pin id="186" dir="0" index="0" bw="13" slack="0"/>
<pin id="187" dir="1" index="1" bw="14" slack="0"/>
</pin_list>
<bind>
<opcode="sext(35) " fcode="sext"/>
<opset="sub_cast_cast/1 "/>
</bind>
</comp>

<comp id="189" class="1004" name="store_ln0_store_fu_189">
<pin_list>
<pin id="190" dir="0" index="0" bw="1" slack="0"/>
<pin id="191" dir="0" index="1" bw="13" slack="0"/>
<pin id="192" dir="1" index="2" bw="0" slack="2147483647"/>
</pin_list>
<bind>
<opcode="store(28) " fcode="store"/>
<opset="store_ln0/1 "/>
</bind>
</comp>

<comp id="194" class="1004" name="j_1_load_fu_194">
<pin_list>
<pin id="195" dir="0" index="0" bw="13" slack="0"/>
<pin id="196" dir="1" index="1" bw="13" slack="0"/>
</pin_list>
<bind>
<opcode="load(27) " fcode="load"/>
<opset="j_1/1 "/>
</bind>
</comp>

<comp id="197" class="1004" name="zext_ln298_fu_197">
<pin_list>
<pin id="198" dir="0" index="0" bw="13" slack="0"/>
<pin id="199" dir="1" index="1" bw="14" slack="0"/>
</pin_list>
<bind>
<opcode="zext(34) " fcode="zext"/>
<opset="zext_ln298/1 "/>
</bind>
</comp>

<comp id="201" class="1004" name="icmp_ln298_fu_201">
<pin_list>
<pin id="202" dir="0" index="0" bw="13" slack="0"/>
<pin id="203" dir="0" index="1" bw="13" slack="0"/>
<pin id="204" dir="1" index="2" bw="1" slack="1"/>
</pin_list>
<bind>
<opcode="icmp(45) " fcode="icmp"/>
<opset="icmp_ln298/1 "/>
</bind>
</comp>

<comp id="207" class="1004" name="j_2_fu_207">
<pin_list>
<pin id="208" dir="0" index="0" bw="13" slack="0"/>
<pin id="209" dir="0" index="1" bw="1" slack="0"/>
<pin id="210" dir="1" index="2" bw="13" slack="0"/>
</pin_list>
<bind>
<opcode="add(8) " fcode="add"/>
<opset="j_2/1 "/>
</bind>
</comp>

<comp id="213" class="1004" name="axi_last_fu_213">
<pin_list>
<pin id="214" dir="0" index="0" bw="13" slack="0"/>
<pin id="215" dir="0" index="1" bw="13" slack="0"/>
<pin id="216" dir="1" index="2" bw="1" slack="1"/>
</pin_list>
<bind>
<opcode="icmp(45) " fcode="icmp"/>
<opset="axi_last/1 "/>
</bind>
</comp>

<comp id="219" class="1004" name="store_ln298_store_fu_219">
<pin_list>
<pin id="220" dir="0" index="0" bw="13" slack="0"/>
<pin id="221" dir="0" index="1" bw="13" slack="0"/>
<pin id="222" dir="1" index="2" bw="0" slack="2147483647"/>
</pin_list>
<bind>
<opcode="store(28) " fcode="store"/>
<opset="store_ln298/1 "/>
</bind>
</comp>

<comp id="224" class="1004" name="pix_fu_224">
<pin_list>
<pin id="225" dir="0" index="0" bw="24" slack="0"/>
<pin id="226" dir="1" index="1" bw="8" slack="0"/>
</pin_list>
<bind>
<opcode="trunc(33) " fcode="trunc"/>
<opset="pix/2 "/>
</bind>
</comp>

<comp id="228" class="1004" name="pix_1_fu_228">
<pin_list>
<pin id="229" dir="0" index="0" bw="8" slack="0"/>
<pin id="230" dir="0" index="1" bw="24" slack="0"/>
<pin id="231" dir="0" index="2" bw="5" slack="0"/>
<pin id="232" dir="0" index="3" bw="5" slack="0"/>
<pin id="233" dir="1" index="4" bw="8" slack="0"/>
</pin_list>
<bind>
<opcode="partselect(1002) " fcode="partselect"/>
<opset="pix_1/2 "/>
</bind>
</comp>

<comp id="238" class="1004" name="pix_2_fu_238">
<pin_list>
<pin id="239" dir="0" index="0" bw="8" slack="0"/>
<pin id="240" dir="0" index="1" bw="24" slack="0"/>
<pin id="241" dir="0" index="2" bw="6" slack="0"/>
<pin id="242" dir="0" index="3" bw="6" slack="0"/>
<pin id="243" dir="1" index="4" bw="8" slack="0"/>
</pin_list>
<bind>
<opcode="partselect(1002) " fcode="partselect"/>
<opset="pix_2/2 "/>
</bind>
</comp>

<comp id="248" class="1004" name="tmp_4_fu_248">
<pin_list>
<pin id="249" dir="0" index="0" bw="8" slack="0"/>
<pin id="250" dir="0" index="1" bw="8" slack="0"/>
<pin id="251" dir="0" index="2" bw="8" slack="0"/>
<pin id="252" dir="0" index="3" bw="8" slack="0"/>
<pin id="253" dir="0" index="4" bw="2" slack="1"/>
<pin id="254" dir="1" index="5" bw="8" slack="0"/>
</pin_list>
<bind>
<opcode="mux(1196) " fcode="mux"/>
<opset="tmp_4/2 "/>
</bind>
</comp>

<comp id="259" class="1004" name="tmp_5_fu_259">
<pin_list>
<pin id="260" dir="0" index="0" bw="8" slack="0"/>
<pin id="261" dir="0" index="1" bw="8" slack="0"/>
<pin id="262" dir="0" index="2" bw="8" slack="0"/>
<pin id="263" dir="0" index="3" bw="8" slack="0"/>
<pin id="264" dir="0" index="4" bw="2" slack="1"/>
<pin id="265" dir="1" index="5" bw="8" slack="0"/>
</pin_list>
<bind>
<opcode="mux(1196) " fcode="mux"/>
<opset="tmp_5/2 "/>
</bind>
</comp>

<comp id="270" class="1004" name="tmp_6_fu_270">
<pin_list>
<pin id="271" dir="0" index="0" bw="8" slack="0"/>
<pin id="272" dir="0" index="1" bw="8" slack="0"/>
<pin id="273" dir="0" index="2" bw="8" slack="0"/>
<pin id="274" dir="0" index="3" bw="8" slack="0"/>
<pin id="275" dir="0" index="4" bw="2" slack="1"/>
<pin id="276" dir="1" index="5" bw="8" slack="0"/>
</pin_list>
<bind>
<opcode="mux(1196) " fcode="mux"/>
<opset="tmp_6/2 "/>
</bind>
</comp>

<comp id="281" class="1004" name="axi_data_fu_281">
<pin_list>
<pin id="282" dir="0" index="0" bw="24" slack="0"/>
<pin id="283" dir="0" index="1" bw="8" slack="0"/>
<pin id="284" dir="0" index="2" bw="8" slack="0"/>
<pin id="285" dir="0" index="3" bw="8" slack="0"/>
<pin id="286" dir="1" index="4" bw="24" slack="0"/>
</pin_list>
<bind>
<opcode="bitconcatenate(1004) " fcode="bitconcatenate"/>
<opset="axi_data/2 "/>
</bind>
</comp>

<comp id="292" class="1005" name="j_reg_292">
<pin_list>
<pin id="293" dir="0" index="0" bw="13" slack="0"/>
<pin id="294" dir="1" index="1" bw="13" slack="0"/>
</pin_list>
<bind>
<opset="j "/>
</bind>
</comp>

<comp id="299" class="1005" name="map_cast_read_reg_299">
<pin_list>
<pin id="300" dir="0" index="0" bw="2" slack="1"/>
<pin id="301" dir="1" index="1" bw="2" slack="1"/>
</pin_list>
<bind>
<opset="map_cast_read "/>
</bind>
</comp>

<comp id="304" class="1005" name="map_1_cast_read_reg_304">
<pin_list>
<pin id="305" dir="0" index="0" bw="2" slack="1"/>
<pin id="306" dir="1" index="1" bw="2" slack="1"/>
</pin_list>
<bind>
<opset="map_1_cast_read "/>
</bind>
</comp>

<comp id="309" class="1005" name="map_2_cast_read_reg_309">
<pin_list>
<pin id="310" dir="0" index="0" bw="2" slack="1"/>
<pin id="311" dir="1" index="1" bw="2" slack="1"/>
</pin_list>
<bind>
<opset="map_2_cast_read "/>
</bind>
</comp>

<comp id="314" class="1005" name="sof_read_reg_314">
<pin_list>
<pin id="315" dir="0" index="0" bw="1" slack="1"/>
<pin id="316" dir="1" index="1" bw="1" slack="1"/>
</pin_list>
<bind>
<opset="sof_read "/>
</bind>
</comp>

<comp id="319" class="1005" name="icmp_ln298_reg_319">
<pin_list>
<pin id="320" dir="0" index="0" bw="1" slack="1"/>
<pin id="321" dir="1" index="1" bw="1" slack="2147483647"/>
</pin_list>
<bind>
<opset="icmp_ln298 "/>
</bind>
</comp>

<comp id="323" class="1005" name="axi_last_reg_323">
<pin_list>
<pin id="324" dir="0" index="0" bw="1" slack="1"/>
<pin id="325" dir="1" index="1" bw="1" slack="1"/>
</pin_list>
<bind>
<opset="axi_last "/>
</bind>
</comp>

</comp_list>

<net_list>
<net id="101"><net_src comp="28" pin="0"/><net_sink comp="98" pin=0"/></net>

<net id="106"><net_src comp="30" pin="0"/><net_sink comp="102" pin=0"/></net>

<net id="107"><net_src comp="12" pin="0"/><net_sink comp="102" pin=1"/></net>

<net id="112"><net_src comp="30" pin="0"/><net_sink comp="108" pin=0"/></net>

<net id="113"><net_src comp="10" pin="0"/><net_sink comp="108" pin=1"/></net>

<net id="118"><net_src comp="30" pin="0"/><net_sink comp="114" pin=0"/></net>

<net id="119"><net_src comp="8" pin="0"/><net_sink comp="114" pin=1"/></net>

<net id="124"><net_src comp="32" pin="0"/><net_sink comp="120" pin=0"/></net>

<net id="125"><net_src comp="4" pin="0"/><net_sink comp="120" pin=1"/></net>

<net id="130"><net_src comp="32" pin="0"/><net_sink comp="126" pin=0"/></net>

<net id="131"><net_src comp="2" pin="0"/><net_sink comp="126" pin=1"/></net>

<net id="136"><net_src comp="34" pin="0"/><net_sink comp="132" pin=0"/></net>

<net id="137"><net_src comp="0" pin="0"/><net_sink comp="132" pin=1"/></net>

<net id="142"><net_src comp="74" pin="0"/><net_sink comp="138" pin=0"/></net>

<net id="143"><net_src comp="6" pin="0"/><net_sink comp="138" pin=1"/></net>

<net id="161"><net_src comp="90" pin="0"/><net_sink comp="144" pin=0"/></net>

<net id="162"><net_src comp="14" pin="0"/><net_sink comp="144" pin=1"/></net>

<net id="163"><net_src comp="16" pin="0"/><net_sink comp="144" pin=2"/></net>

<net id="164"><net_src comp="18" pin="0"/><net_sink comp="144" pin=3"/></net>

<net id="165"><net_src comp="20" pin="0"/><net_sink comp="144" pin=4"/></net>

<net id="166"><net_src comp="22" pin="0"/><net_sink comp="144" pin=5"/></net>

<net id="167"><net_src comp="24" pin="0"/><net_sink comp="144" pin=6"/></net>

<net id="168"><net_src comp="26" pin="0"/><net_sink comp="144" pin=7"/></net>

<net id="169"><net_src comp="92" pin="0"/><net_sink comp="144" pin=9"/></net>

<net id="170"><net_src comp="94" pin="0"/><net_sink comp="144" pin=10"/></net>

<net id="171"><net_src comp="96" pin="0"/><net_sink comp="144" pin=13"/></net>

<net id="172"><net_src comp="96" pin="0"/><net_sink comp="144" pin=14"/></net>

<net id="176"><net_src comp="58" pin="0"/><net_sink comp="173" pin=0"/></net>

<net id="183"><net_src comp="173" pin="1"/><net_sink comp="177" pin=0"/></net>

<net id="184"><net_src comp="177" pin="4"/><net_sink comp="144" pin=11"/></net>

<net id="188"><net_src comp="120" pin="2"/><net_sink comp="185" pin=0"/></net>

<net id="193"><net_src comp="54" pin="0"/><net_sink comp="189" pin=0"/></net>

<net id="200"><net_src comp="194" pin="1"/><net_sink comp="197" pin=0"/></net>

<net id="205"><net_src comp="194" pin="1"/><net_sink comp="201" pin=0"/></net>

<net id="206"><net_src comp="126" pin="2"/><net_sink comp="201" pin=1"/></net>

<net id="211"><net_src comp="194" pin="1"/><net_sink comp="207" pin=0"/></net>

<net id="212"><net_src comp="56" pin="0"/><net_sink comp="207" pin=1"/></net>

<net id="217"><net_src comp="197" pin="1"/><net_sink comp="213" pin=0"/></net>

<net id="218"><net_src comp="185" pin="1"/><net_sink comp="213" pin=1"/></net>

<net id="223"><net_src comp="207" pin="2"/><net_sink comp="219" pin=0"/></net>

<net id="227"><net_src comp="138" pin="2"/><net_sink comp="224" pin=0"/></net>

<net id="234"><net_src comp="76" pin="0"/><net_sink comp="228" pin=0"/></net>

<net id="235"><net_src comp="138" pin="2"/><net_sink comp="228" pin=1"/></net>

<net id="236"><net_src comp="78" pin="0"/><net_sink comp="228" pin=2"/></net>

<net id="237"><net_src comp="80" pin="0"/><net_sink comp="228" pin=3"/></net>

<net id="244"><net_src comp="76" pin="0"/><net_sink comp="238" pin=0"/></net>

<net id="245"><net_src comp="138" pin="2"/><net_sink comp="238" pin=1"/></net>

<net id="246"><net_src comp="82" pin="0"/><net_sink comp="238" pin=2"/></net>

<net id="247"><net_src comp="84" pin="0"/><net_sink comp="238" pin=3"/></net>

<net id="255"><net_src comp="86" pin="0"/><net_sink comp="248" pin=0"/></net>

<net id="256"><net_src comp="224" pin="1"/><net_sink comp="248" pin=1"/></net>

<net id="257"><net_src comp="228" pin="4"/><net_sink comp="248" pin=2"/></net>

<net id="258"><net_src comp="238" pin="4"/><net_sink comp="248" pin=3"/></net>

<net id="266"><net_src comp="86" pin="0"/><net_sink comp="259" pin=0"/></net>

<net id="267"><net_src comp="224" pin="1"/><net_sink comp="259" pin=1"/></net>

<net id="268"><net_src comp="228" pin="4"/><net_sink comp="259" pin=2"/></net>

<net id="269"><net_src comp="238" pin="4"/><net_sink comp="259" pin=3"/></net>

<net id="277"><net_src comp="86" pin="0"/><net_sink comp="270" pin=0"/></net>

<net id="278"><net_src comp="224" pin="1"/><net_sink comp="270" pin=1"/></net>

<net id="279"><net_src comp="228" pin="4"/><net_sink comp="270" pin=2"/></net>

<net id="280"><net_src comp="238" pin="4"/><net_sink comp="270" pin=3"/></net>

<net id="287"><net_src comp="88" pin="0"/><net_sink comp="281" pin=0"/></net>

<net id="288"><net_src comp="270" pin="5"/><net_sink comp="281" pin=1"/></net>

<net id="289"><net_src comp="259" pin="5"/><net_sink comp="281" pin=2"/></net>

<net id="290"><net_src comp="248" pin="5"/><net_sink comp="281" pin=3"/></net>

<net id="291"><net_src comp="281" pin="4"/><net_sink comp="144" pin=8"/></net>

<net id="295"><net_src comp="98" pin="1"/><net_sink comp="292" pin=0"/></net>

<net id="296"><net_src comp="292" pin="1"/><net_sink comp="189" pin=1"/></net>

<net id="297"><net_src comp="292" pin="1"/><net_sink comp="194" pin=0"/></net>

<net id="298"><net_src comp="292" pin="1"/><net_sink comp="219" pin=1"/></net>

<net id="302"><net_src comp="102" pin="2"/><net_sink comp="299" pin=0"/></net>

<net id="303"><net_src comp="299" pin="1"/><net_sink comp="270" pin=4"/></net>

<net id="307"><net_src comp="108" pin="2"/><net_sink comp="304" pin=0"/></net>

<net id="308"><net_src comp="304" pin="1"/><net_sink comp="259" pin=4"/></net>

<net id="312"><net_src comp="114" pin="2"/><net_sink comp="309" pin=0"/></net>

<net id="313"><net_src comp="309" pin="1"/><net_sink comp="248" pin=4"/></net>

<net id="317"><net_src comp="132" pin="2"/><net_sink comp="314" pin=0"/></net>

<net id="318"><net_src comp="314" pin="1"/><net_sink comp="177" pin=2"/></net>

<net id="322"><net_src comp="201" pin="2"/><net_sink comp="319" pin=0"/></net>

<net id="326"><net_src comp="213" pin="2"/><net_sink comp="323" pin=0"/></net>

<net id="327"><net_src comp="323" pin="1"/><net_sink comp="144" pin=12"/></net>

</net_list>

</model> 
---------------- Datapath Model END ------------------

* FSMD analyzer results:
  - Output states:
	Port: img | {}
	Port: m_axis_video_V_data_V | {2 }
	Port: m_axis_video_V_keep_V | {2 }
	Port: m_axis_video_V_strb_V | {2 }
	Port: m_axis_video_V_user_V | {2 }
	Port: m_axis_video_V_last_V | {2 }
	Port: m_axis_video_V_id_V | {2 }
	Port: m_axis_video_V_dest_V | {2 }
 - Input state : 
	Port: MultiPixStream2AXIvideo_Pipeline_VITIS_LOOP_298_3 : sof | {1 }
	Port: MultiPixStream2AXIvideo_Pipeline_VITIS_LOOP_298_3 : cols | {1 }
	Port: MultiPixStream2AXIvideo_Pipeline_VITIS_LOOP_298_3 : sub_cast | {1 }
	Port: MultiPixStream2AXIvideo_Pipeline_VITIS_LOOP_298_3 : img | {2 }
	Port: MultiPixStream2AXIvideo_Pipeline_VITIS_LOOP_298_3 : map_2_cast | {1 }
	Port: MultiPixStream2AXIvideo_Pipeline_VITIS_LOOP_298_3 : map_1_cast | {1 }
	Port: MultiPixStream2AXIvideo_Pipeline_VITIS_LOOP_298_3 : map_cast | {1 }
	Port: MultiPixStream2AXIvideo_Pipeline_VITIS_LOOP_298_3 : m_axis_video_V_data_V | {}
	Port: MultiPixStream2AXIvideo_Pipeline_VITIS_LOOP_298_3 : m_axis_video_V_keep_V | {}
	Port: MultiPixStream2AXIvideo_Pipeline_VITIS_LOOP_298_3 : m_axis_video_V_strb_V | {}
	Port: MultiPixStream2AXIvideo_Pipeline_VITIS_LOOP_298_3 : m_axis_video_V_user_V | {}
	Port: MultiPixStream2AXIvideo_Pipeline_VITIS_LOOP_298_3 : m_axis_video_V_last_V | {}
	Port: MultiPixStream2AXIvideo_Pipeline_VITIS_LOOP_298_3 : m_axis_video_V_id_V | {}
	Port: MultiPixStream2AXIvideo_Pipeline_VITIS_LOOP_298_3 : m_axis_video_V_dest_V | {}
  - Chain level:
	State 1
		store_ln0 : 1
		j_1 : 1
		zext_ln298 : 2
		icmp_ln298 : 2
		j_2 : 2
		br_ln298 : 3
		axi_last : 3
		store_ln298 : 3
	State 2
		tmp_4 : 1
		tmp_5 : 1
		tmp_6 : 1
		axi_data : 2
		write_ln336 : 3


============================================================
+ Verbose Summary: Datapath Resource usage 
============================================================

* Functional unit list:
|----------|-----------------------------|---------|---------|
| Operation|       Functional Unit       |    FF   |   LUT   |
|----------|-----------------------------|---------|---------|
|          |         tmp_4_fu_248        |    0    |    14   |
|    mux   |         tmp_5_fu_259        |    0    |    14   |
|          |         tmp_6_fu_270        |    0    |    14   |
|----------|-----------------------------|---------|---------|
|   icmp   |      icmp_ln298_fu_201      |    0    |    14   |
|          |       axi_last_fu_213       |    0    |    14   |
|----------|-----------------------------|---------|---------|
|    add   |          j_2_fu_207         |    0    |    14   |
|----------|-----------------------------|---------|---------|
|          |  map_cast_read_read_fu_102  |    0    |    0    |
|          | map_1_cast_read_read_fu_108 |    0    |    0    |
|          | map_2_cast_read_read_fu_114 |    0    |    0    |
|   read   |  sub_cast_read_read_fu_120  |    0    |    0    |
|          |    cols_read_read_fu_126    |    0    |    0    |
|          |     sof_read_read_fu_132    |    0    |    0    |
|          |     img_read_read_fu_138    |    0    |    0    |
|----------|-----------------------------|---------|---------|
|   write  |   write_ln336_write_fu_144  |    0    |    0    |
|----------|-----------------------------|---------|---------|
|   sext   |     sub_cast_cast_fu_185    |    0    |    0    |
|----------|-----------------------------|---------|---------|
|   zext   |      zext_ln298_fu_197      |    0    |    0    |
|----------|-----------------------------|---------|---------|
|   trunc  |          pix_fu_224         |    0    |    0    |
|----------|-----------------------------|---------|---------|
|partselect|         pix_1_fu_228        |    0    |    0    |
|          |         pix_2_fu_238        |    0    |    0    |
|----------|-----------------------------|---------|---------|
|bitconcatenate|       axi_data_fu_281       |    0    |    0    |
|----------|-----------------------------|---------|---------|
|   Total  |                             |    0    |    84   |
|----------|-----------------------------|---------|---------|

Memories:
N/A

* Register list:
+-----------------------+--------+
|                       |   FF   |
+-----------------------+--------+
|    axi_last_reg_323   |    1   |
|   icmp_ln298_reg_319  |    1   |
|       j_reg_292       |   13   |
|map_1_cast_read_reg_304|    2   |
|map_2_cast_read_reg_309|    2   |
| map_cast_read_reg_299 |    2   |
|     sof_2_reg_173     |    1   |
|    sof_read_reg_314   |    1   |
+-----------------------+--------+
|         Total         |   23   |
+-----------------------+--------+

* Multiplexer (MUX) list: 
|--------|------|------|------|--------|
|  Comp  |  Pin | Size |  BW  | S x BW |
|--------|------|------|------|--------|
|  Total |      |      |      |    0   |
|--------|------|------|------|--------|



* Summary:
+-----------+--------+--------+
|           |   FF   |   LUT  |
+-----------+--------+--------+
|  Function |    0   |   84   |
|   Memory  |    -   |    -   |
|Multiplexer|    -   |    -   |
|  Register |   23   |    -   |
+-----------+--------+--------+
|   Total   |   23   |   84   |
+-----------+--------+--------+
