

================================================================
== Vitis HLS Report for 'Bytes2MultiPixStream'
================================================================
* Date:           Tue Jun 24 20:44:20 2025

* Version:        2023.1 (Build 3854077 on May  4 2023)
* Project:        prj
* Solution:       sol (Vivado IP Flow Target)
* Product family: zynq
* Target device:  xc7z020-clg400-1


================================================================
== Performance Estimates
================================================================
+ Timing: 
    * Summary: 
    +--------+----------+----------+------------+
    |  Clock |  Target  | Estimated| Uncertainty|
    +--------+----------+----------+------------+
    |ap_clk  |  10.00 ns|  7.268 ns|     2.70 ns|
    +--------+----------+----------+------------+

+ Latency: 
    * Summary: 
    +---------+-----------+-----------+-----------+-----+-----------+---------+
    |   Latency (cycles)  |   Latency (absolute)  |     Interval    | Pipeline|
    |   min   |    max    |    min    |    max    | min |    max    |   Type  |
    +---------+-----------+-----------+-----------+-----+-----------+---------+
    |        1|  283132802|  10.000 ns|  2.831 sec|    1|  283132802|       no|
    +---------+-----------+-----------+-----------+-----+-----------+---------+

    + Detail: 
        * Instance: 
        +------------------------------------------------------------+-------------------------------------------------+---------+---------+-----------+----------+-----+-------+---------+
        |                                                            |                                                 |  Latency (cycles) |  Latency (absolute)  |   Interval  | Pipeline|
        |                          Instance                          |                      Module                     |   min   |   max   |    min    |    max   | min |  max  |   Type  |
        +------------------------------------------------------------+-------------------------------------------------+---------+---------+-----------+----------+-----+-------+---------+
        |grp_Bytes2MultiPixStream_Pipeline_VITIS_LOOP_1262_1_fu_176  |Bytes2MultiPixStream_Pipeline_VITIS_LOOP_1262_1  |        2|    65538|  20.000 ns|  0.655 ms|    2|  65538|       no|
        +------------------------------------------------------------+-------------------------------------------------+---------+---------+-----------+----------+-----+-------+---------+

        * Loop: 
        +-----------+---------+-----------+-----------+-----------+-----------+----------+----------+
        |           |   Latency (cycles)  | Iteration |  Initiation Interval  |   Trip   |          |
        | Loop Name |   min   |    max    |  Latency  |  achieved |   target  |   Count  | Pipelined|
        +-----------+---------+-----------+-----------+-----------+-----------+----------+----------+
        |- loop_Y8  |        0|  283132800|  4 ~ 65540|          -|          -|  0 ~ 4320|        no|
        +-----------+---------+-----------+-----------+-----------+-----------+----------+----------+



================================================================
== Utilization Estimates
================================================================
* Summary: 
+-----------------+---------+-----+--------+-------+-----+
|       Name      | BRAM_18K| DSP |   FF   |  LUT  | URAM|
+-----------------+---------+-----+--------+-------+-----+
|DSP              |        -|    -|       -|      -|    -|
|Expression       |        -|    -|       0|    152|    -|
|FIFO             |        -|    -|       -|      -|    -|
|Instance         |        -|    -|      88|    273|    -|
|Memory           |        -|    -|       -|      -|    -|
|Multiplexer      |        -|    -|       -|     97|    -|
|Register         |        -|    -|      84|      -|    -|
+-----------------+---------+-----+--------+-------+-----+
|Total            |        0|    0|     172|    522|    0|
+-----------------+---------+-----+--------+-------+-----+
|Available        |      280|  220|  106400|  53200|    0|
+-----------------+---------+-----+--------+-------+-----+
|Utilization (%)  |        0|    0|      ~0|     ~0|    0|
+-----------------+---------+-----+--------+-------+-----+

+ Detail: 
    * Instance: 
    +------------------------------------------------------------+-------------------------------------------------+---------+----+----+-----+-----+
    |                          Instance                          |                      Module                     | BRAM_18K| DSP| FF | LUT | URAM|
    +------------------------------------------------------------+-------------------------------------------------+---------+----+----+-----+-----+
    |grp_Bytes2MultiPixStream_Pipeline_VITIS_LOOP_1262_1_fu_176  |Bytes2MultiPixStream_Pipeline_VITIS_LOOP_1262_1  |        0|   0|  88|  273|    0|
    +------------------------------------------------------------+-------------------------------------------------+---------+----+----+-----+-----+
    |Total                                                       |                                                 |        0|   0|  88|  273|    0|
    +------------------------------------------------------------+-------------------------------------------------+---------+----+----+-----+-----+

    * DSP: 
    N/A

    * Memory: 
    N/A

    * FIFO: 
    N/A

    * Expression: 
    +-----------------------+----------+----+---+----+------------+------------+
    |     Variable Name     | Operation| DSP| FF| LUT| Bitwidth P0| Bitwidth P1|
    +-----------------------+----------+----+---+----+------------+------------+
    |add_ln1249_fu_199_p2   |         +|   0|  0|  23|          16|           3|
    |sub121_fu_233_p2       |         +|   0|  0|  14|          13|           2|
    |y_2_fu_308_p2          |         +|   0|  0|  12|          12|           1|
    |cmp125_2_fu_255_p2     |      icmp|   0|  0|  13|           4|           2|
    |cmp125_4_fu_277_p2     |      icmp|   0|  0|  13|           4|           3|
    |cmp125_5_fu_283_p2     |      icmp|   0|  0|  13|           4|           3|
    |cmp125_6_fu_289_p2     |      icmp|   0|  0|  13|           4|           3|
    |icmp12_fu_271_p2       |      icmp|   0|  0|  10|           2|           1|
    |icmp_fu_249_p2         |      icmp|   0|  0|  11|           3|           1|
    |icmp_ln1252_fu_219_p2  |      icmp|   0|  0|  11|           3|           1|
    |icmp_ln1255_fu_303_p2  |      icmp|   0|  0|  12|          12|          12|
    |ap_block_state1        |        or|   0|  0|   2|           1|           1|
    |remainPix_1_fu_225_p3  |    select|   0|  0|   5|           1|           5|
    +-----------------------+----------+----+---+----+------------+------------+
    |Total                  |          |   0|  0| 152|          79|          38|
    +-----------------------+----------+----+---+----+------------+------------+

    * Multiplexer: 
    +--------------------+----+-----------+-----+-----------+
    |        Name        | LUT| Input Size| Bits| Total Bits|
    +--------------------+----+-----------+-----+-----------+
    |Height_blk_n        |   9|          2|    1|          2|
    |VideoFormat_blk_n   |   9|          2|    1|          2|
    |WidthInBytes_blk_n  |   9|          2|    1|          2|
    |ap_NS_fsm           |  25|          5|    1|          5|
    |ap_done             |   9|          2|    1|          2|
    |bytePlanes_read     |   9|          2|    1|          2|
    |height_c_blk_n      |   9|          2|    1|          2|
    |img_write           |   9|          2|    1|          2|
    |y_fu_146            |   9|          2|   12|         24|
    +--------------------+----+-----------+-----+-----------+
    |Total               |  97|         21|   20|         43|
    +--------------------+----+-----------+-----+-----------+

    * Register: 
    +-------------------------------------------------------------------------+----+----+-----+-----------+
    |                                   Name                                  | FF | LUT| Bits| Const Bits|
    +-------------------------------------------------------------------------+----+----+-----+-----------+
    |Height_read_reg_329                                                      |  12|   0|   12|          0|
    |VideoFormat_read_reg_325                                                 |   6|   0|    6|          0|
    |ap_CS_fsm                                                                |   4|   0|    4|          0|
    |ap_done_reg                                                              |   1|   0|    1|          0|
    |cmp125_2_reg_361                                                         |   1|   0|    1|          0|
    |cmp125_4_reg_371                                                         |   1|   0|    1|          0|
    |cmp125_5_reg_376                                                         |   1|   0|    1|          0|
    |cmp125_6_reg_381                                                         |   1|   0|    1|          0|
    |grp_Bytes2MultiPixStream_Pipeline_VITIS_LOOP_1262_1_fu_176_ap_start_reg  |   1|   0|    1|          0|
    |icmp12_reg_366                                                           |   1|   0|    1|          0|
    |icmp_ln1252_reg_346                                                      |   1|   0|    1|          0|
    |icmp_reg_356                                                             |   1|   0|    1|          0|
    |sub121_reg_351                                                           |  13|   0|   13|          0|
    |trunc_ln1249_1_reg_341                                                   |  13|   0|   13|          0|
    |widthInPix_reg_319                                                       |  15|   0|   15|          0|
    |y_fu_146                                                                 |  12|   0|   12|          0|
    +-------------------------------------------------------------------------+----+----+-----+-----------+
    |Total                                                                    |  84|   0|   84|          0|
    +-------------------------------------------------------------------------+----+----+-----+-----------+



================================================================
== Interface
================================================================
* Summary: 
+-----------------------------+-----+-----+------------+----------------------+--------------+
|          RTL Ports          | Dir | Bits|  Protocol  |     Source Object    |    C Type    |
+-----------------------------+-----+-----+------------+----------------------+--------------+
|ap_clk                       |   in|    1|  ap_ctrl_hs|  Bytes2MultiPixStream|  return value|
|ap_rst                       |   in|    1|  ap_ctrl_hs|  Bytes2MultiPixStream|  return value|
|ap_start                     |   in|    1|  ap_ctrl_hs|  Bytes2MultiPixStream|  return value|
|ap_done                      |  out|    1|  ap_ctrl_hs|  Bytes2MultiPixStream|  return value|
|ap_continue                  |   in|    1|  ap_ctrl_hs|  Bytes2MultiPixStream|  return value|
|ap_idle                      |  out|    1|  ap_ctrl_hs|  Bytes2MultiPixStream|  return value|
|ap_ready                     |  out|    1|  ap_ctrl_hs|  Bytes2MultiPixStream|  return value|
|bytePlanes_dout              |   in|   64|     ap_fifo|            bytePlanes|       pointer|
|bytePlanes_num_data_valid    |   in|   11|     ap_fifo|            bytePlanes|       pointer|
|bytePlanes_fifo_cap          |   in|   11|     ap_fifo|            bytePlanes|       pointer|
|bytePlanes_empty_n           |   in|    1|     ap_fifo|            bytePlanes|       pointer|
|bytePlanes_read              |  out|    1|     ap_fifo|            bytePlanes|       pointer|
|img_din                      |  out|   24|     ap_fifo|                   img|       pointer|
|img_num_data_valid           |   in|    2|     ap_fifo|                   img|       pointer|
|img_fifo_cap                 |   in|    2|     ap_fifo|                   img|       pointer|
|img_full_n                   |   in|    1|     ap_fifo|                   img|       pointer|
|img_write                    |  out|    1|     ap_fifo|                   img|       pointer|
|Height_dout                  |   in|   12|     ap_fifo|                Height|       pointer|
|Height_num_data_valid        |   in|    2|     ap_fifo|                Height|       pointer|
|Height_fifo_cap              |   in|    2|     ap_fifo|                Height|       pointer|
|Height_empty_n               |   in|    1|     ap_fifo|                Height|       pointer|
|Height_read                  |  out|    1|     ap_fifo|                Height|       pointer|
|WidthInBytes_dout            |   in|   15|     ap_fifo|          WidthInBytes|       pointer|
|WidthInBytes_num_data_valid  |   in|    2|     ap_fifo|          WidthInBytes|       pointer|
|WidthInBytes_fifo_cap        |   in|    2|     ap_fifo|          WidthInBytes|       pointer|
|WidthInBytes_empty_n         |   in|    1|     ap_fifo|          WidthInBytes|       pointer|
|WidthInBytes_read            |  out|    1|     ap_fifo|          WidthInBytes|       pointer|
|VideoFormat_dout             |   in|    6|     ap_fifo|           VideoFormat|       pointer|
|VideoFormat_num_data_valid   |   in|    3|     ap_fifo|           VideoFormat|       pointer|
|VideoFormat_fifo_cap         |   in|    3|     ap_fifo|           VideoFormat|       pointer|
|VideoFormat_empty_n          |   in|    1|     ap_fifo|           VideoFormat|       pointer|
|VideoFormat_read             |  out|    1|     ap_fifo|           VideoFormat|       pointer|
|height_c_din                 |  out|   12|     ap_fifo|              height_c|       pointer|
|height_c_num_data_valid      |   in|    2|     ap_fifo|              height_c|       pointer|
|height_c_fifo_cap            |   in|    2|     ap_fifo|              height_c|       pointer|
|height_c_full_n              |   in|    1|     ap_fifo|              height_c|       pointer|
|height_c_write               |  out|    1|     ap_fifo|              height_c|       pointer|
+-----------------------------+-----+-----+------------+----------------------+--------------+

