

================================================================
== Vitis HLS Report for 'MultiPixStream2AXIvideo'
================================================================
* Date:           Tue Jun 24 20:44:21 2025

* Version:        2023.1 (Build 3854077 on May  4 2023)
* Project:        prj
* Solution:       sol (Vivado IP Flow Target)
* Product family: zynq
* Target device:  xc7z020-clg400-1


================================================================
== Performance Estimates
================================================================
+ Timing: 
    * Summary: 
    +--------+----------+----------+------------+
    |  Clock |  Target  | Estimated| Uncertainty|
    +--------+----------+----------+------------+
    |ap_clk  |  10.00 ns|  5.792 ns|     2.70 ns|
    +--------+----------+----------+------------+

+ Latency: 
    * Summary: 
    +---------+---------+----------+-----------+-----+---------+---------+
    |  Latency (cycles) |  Latency (absolute)  |    Interval   | Pipeline|
    |   min   |   max   |    min   |    max    | min |   max   |   Type  |
    +---------+---------+----------+-----------+-----+---------+---------+
    |       10|  8858170|  0.100 us|  88.582 ms|   10|  8858170|       no|
    +---------+---------+----------+-----------+-----+---------+---------+

    + Detail: 
        * Instance: 
        +--------------------------------------------------------------+---------------------------------------------------+---------+---------+-----------+-----------+-----+------+---------+
        |                                                              |                                                   |  Latency (cycles) |   Latency (absolute)  |  Interval  | Pipeline|
        |                           Instance                           |                       Module                      |   min   |   max   |    min    |    max    | min |  max |   Type  |
        +--------------------------------------------------------------+---------------------------------------------------+---------+---------+-----------+-----------+-----+------+---------+
        |grp_MultiPixStream2AXIvideo_Pipeline_VITIS_LOOP_289_1_fu_132  |MultiPixStream2AXIvideo_Pipeline_VITIS_LOOP_289_1  |        6|        6|  60.000 ns|  60.000 ns|    6|     6|       no|
        |grp_MultiPixStream2AXIvideo_Pipeline_VITIS_LOOP_298_3_fu_142  |MultiPixStream2AXIvideo_Pipeline_VITIS_LOOP_298_3  |        4|     4099|  40.000 ns|  40.990 us|    4|  4099|       no|
        |grp_reg_unsigned_short_s_fu_198                               |reg_unsigned_short_s                               |        1|        1|  10.000 ns|  10.000 ns|    1|     1|      yes|
        |grp_reg_unsigned_short_s_fu_204                               |reg_unsigned_short_s                               |        1|        1|  10.000 ns|  10.000 ns|    1|     1|      yes|
        +--------------------------------------------------------------+---------------------------------------------------+---------+---------+-----------+-----------+-----+------+---------+

        * Loop: 
        +--------------------+---------+---------+----------+-----------+-----------+----------+----------+
        |                    |  Latency (cycles) | Iteration|  Initiation Interval  |   Trip   |          |
        |      Loop Name     |   min   |   max   |  Latency |  achieved |   target  |   Count  | Pipelined|
        +--------------------+---------+---------+----------+-----------+-----------+----------+----------+
        |- VITIS_LOOP_296_2  |        0|  8858160|  2 ~ 4101|          -|          -|  0 ~ 2160|        no|
        +--------------------+---------+---------+----------+-----------+-----------+----------+----------+



================================================================
== Utilization Estimates
================================================================
* Summary: 
+-----------------+---------+-----+--------+-------+-----+
|       Name      | BRAM_18K| DSP |   FF   |  LUT  | URAM|
+-----------------+---------+-----+--------+-------+-----+
|DSP              |        -|    -|       -|      -|    -|
|Expression       |        -|    -|       0|     71|    -|
|FIFO             |        -|    -|       -|      -|    -|
|Instance         |        0|    -|      91|    262|    -|
|Memory           |        -|    -|       -|      -|    -|
|Multiplexer      |        -|    -|       -|     91|    -|
|Register         |        -|    -|     110|      -|    -|
+-----------------+---------+-----+--------+-------+-----+
|Total            |        0|    0|     201|    424|    0|
+-----------------+---------+-----+--------+-------+-----+
|Available        |      280|  220|  106400|  53200|    0|
+-----------------+---------+-----+--------+-------+-----+
|Utilization (%)  |        0|    0|      ~0|     ~0|    0|
+-----------------+---------+-----+--------+-------+-----+

+ Detail: 
    * Instance: 
    +--------------------------------------------------------------+---------------------------------------------------+---------+----+----+-----+-----+
    |                           Instance                           |                       Module                      | BRAM_18K| DSP| FF | LUT | URAM|
    +--------------------------------------------------------------+---------------------------------------------------+---------+----+----+-----+-----+
    |grp_MultiPixStream2AXIvideo_Pipeline_VITIS_LOOP_289_1_fu_132  |MultiPixStream2AXIvideo_Pipeline_VITIS_LOOP_289_1  |        0|   0|  17|   72|    0|
    |grp_MultiPixStream2AXIvideo_Pipeline_VITIS_LOOP_298_3_fu_142  |MultiPixStream2AXIvideo_Pipeline_VITIS_LOOP_298_3  |        0|   0|  20|  162|    0|
    |grp_reg_unsigned_short_s_fu_198                               |reg_unsigned_short_s                               |        0|   0|  27|   14|    0|
    |grp_reg_unsigned_short_s_fu_204                               |reg_unsigned_short_s                               |        0|   0|  27|   14|    0|
    +--------------------------------------------------------------+---------------------------------------------------+---------+----+----+-----+-----+
    |Total                                                         |                                                   |        0|   0|  91|  262|    0|
    +--------------------------------------------------------------+---------------------------------------------------+---------+----+----+-----+-----+

    * DSP: 
    N/A

    * Memory: 
    N/A

    * FIFO: 
    N/A

    * Expression: 
    +----------------------------------------------------------------------------------+----------+----+---+----+------------+------------+
    |                                   Variable Name                                  | Operation| DSP| FF| LUT| Bitwidth P0| Bitwidth P1|
    +----------------------------------------------------------------------------------+----------+----+---+----+------------+------------+
    |i_2_fu_242_p2                                                                     |         +|   0|  0|  12|          12|           1|
    |sub_fu_222_p2                                                                     |         +|   0|  0|  14|          13|           2|
    |sub_ln291_fu_188_p2                                                               |         -|   0|  0|  13|           4|           4|
    |ap_block_state6_on_subcall_done                                                   |       and|   0|  0|   2|           1|           1|
    |grp_MultiPixStream2AXIvideo_Pipeline_VITIS_LOOP_298_3_fu_142_m_axis_video_TREADY  |       and|   0|  0|   2|           1|           1|
    |cmp33109_fu_228_p2                                                                |      icmp|   0|  0|  14|          13|           1|
    |icmp_ln296_fu_237_p2                                                              |      icmp|   0|  0|  12|          12|          12|
    |ap_block_state1                                                                   |        or|   0|  0|   2|           1|           1|
    +----------------------------------------------------------------------------------+----------+----+---+----+------------+------------+
    |Total                                                                             |          |   0|  0|  71|          57|          23|
    +----------------------------------------------------------------------------------+----------+----+---+----+------------+------------+

    * Multiplexer: 
    +-------------------+----+-----------+-----+-----------+
    |        Name       | LUT| Input Size| Bits| Total Bits|
    +-------------------+----+-----------+-----+-----------+
    |Height_blk_n       |   9|          2|    1|          2|
    |WidthOut_blk_n     |   9|          2|    1|          2|
    |ap_NS_fsm          |  37|          7|    1|          7|
    |ap_done            |   9|          2|    1|          2|
    |colorFormat_blk_n  |   9|          2|    1|          2|
    |i_1_fu_94          |   9|          2|   12|         24|
    |img_read           |   9|          2|    1|          2|
    +-------------------+----+-----------+-----+-----------+
    |Total              |  91|         19|   18|         41|
    +-------------------+----+-----------+-----+-----------+

    * Register: 
    +---------------------------------------------------------------------------+----+----+-----+-----------+
    |                                    Name                                   | FF | LUT| Bits| Const Bits|
    +---------------------------------------------------------------------------+----+----+-----+-----------+
    |Height_read_reg_299                                                        |  12|   0|   12|          0|
    |WidthOut_read_reg_304                                                      |  13|   0|   13|          0|
    |ap_CS_fsm                                                                  |   6|   0|    6|          0|
    |ap_done_reg                                                                |   1|   0|    1|          0|
    |cmp33109_reg_338                                                           |   1|   0|    1|          0|
    |colorFormat_read_reg_293                                                   |   2|   0|    2|          0|
    |cols_reg_314                                                               |  13|   0|   13|          0|
    |grp_MultiPixStream2AXIvideo_Pipeline_VITIS_LOOP_289_1_fu_132_ap_start_reg  |   1|   0|    1|          0|
    |grp_MultiPixStream2AXIvideo_Pipeline_VITIS_LOOP_298_3_fu_142_ap_start_reg  |   1|   0|    1|          0|
    |i_1_fu_94                                                                  |  12|   0|   12|          0|
    |i_2_reg_345                                                                |  12|   0|   12|          0|
    |map_1_loc_fu_106                                                           |   2|   0|    2|          0|
    |map_2_loc_fu_110                                                           |   2|   0|    2|          0|
    |map_loc_fu_102                                                             |   2|   0|    2|          0|
    |sof_fu_98                                                                  |   1|   0|    1|          0|
    |sub_ln291_reg_309                                                          |   4|   0|    4|          0|
    |sub_reg_333                                                                |  13|   0|   13|          0|
    |trunc_ln247_reg_328                                                        |  12|   0|   12|          0|
    +---------------------------------------------------------------------------+----+----+-----+-----------+
    |Total                                                                      | 110|   0|  110|          0|
    +---------------------------------------------------------------------------+----+----+-----+-----------+



================================================================
== Interface
================================================================
* Summary: 
+----------------------------+-----+-----+------------+-------------------------+--------------+
|          RTL Ports         | Dir | Bits|  Protocol  |      Source Object      |    C Type    |
+----------------------------+-----+-----+------------+-------------------------+--------------+
|ap_clk                      |   in|    1|  ap_ctrl_hs|  MultiPixStream2AXIvideo|  return value|
|ap_rst                      |   in|    1|  ap_ctrl_hs|  MultiPixStream2AXIvideo|  return value|
|ap_start                    |   in|    1|  ap_ctrl_hs|  MultiPixStream2AXIvideo|  return value|
|ap_done                     |  out|    1|  ap_ctrl_hs|  MultiPixStream2AXIvideo|  return value|
|ap_continue                 |   in|    1|  ap_ctrl_hs|  MultiPixStream2AXIvideo|  return value|
|ap_idle                     |  out|    1|  ap_ctrl_hs|  MultiPixStream2AXIvideo|  return value|
|ap_ready                    |  out|    1|  ap_ctrl_hs|  MultiPixStream2AXIvideo|  return value|
|img_dout                    |   in|   24|     ap_fifo|                      img|       pointer|
|img_num_data_valid          |   in|    2|     ap_fifo|                      img|       pointer|
|img_fifo_cap                |   in|    2|     ap_fifo|                      img|       pointer|
|img_empty_n                 |   in|    1|     ap_fifo|                      img|       pointer|
|img_read                    |  out|    1|     ap_fifo|                      img|       pointer|
|m_axis_video_TDATA          |  out|   24|        axis|    m_axis_video_V_data_V|       pointer|
|m_axis_video_TVALID         |  out|    1|        axis|    m_axis_video_V_dest_V|       pointer|
|m_axis_video_TREADY         |   in|    1|        axis|    m_axis_video_V_dest_V|       pointer|
|m_axis_video_TDEST          |  out|    1|        axis|    m_axis_video_V_dest_V|       pointer|
|m_axis_video_TKEEP          |  out|    3|        axis|    m_axis_video_V_keep_V|       pointer|
|m_axis_video_TSTRB          |  out|    3|        axis|    m_axis_video_V_strb_V|       pointer|
|m_axis_video_TUSER          |  out|    1|        axis|    m_axis_video_V_user_V|       pointer|
|m_axis_video_TLAST          |  out|    1|        axis|    m_axis_video_V_last_V|       pointer|
|m_axis_video_TID            |  out|    1|        axis|      m_axis_video_V_id_V|       pointer|
|Height_dout                 |   in|   12|     ap_fifo|                   Height|       pointer|
|Height_num_data_valid       |   in|    2|     ap_fifo|                   Height|       pointer|
|Height_fifo_cap             |   in|    2|     ap_fifo|                   Height|       pointer|
|Height_empty_n              |   in|    1|     ap_fifo|                   Height|       pointer|
|Height_read                 |  out|    1|     ap_fifo|                   Height|       pointer|
|WidthOut_dout               |   in|   13|     ap_fifo|                 WidthOut|       pointer|
|WidthOut_num_data_valid     |   in|    3|     ap_fifo|                 WidthOut|       pointer|
|WidthOut_fifo_cap           |   in|    3|     ap_fifo|                 WidthOut|       pointer|
|WidthOut_empty_n            |   in|    1|     ap_fifo|                 WidthOut|       pointer|
|WidthOut_read               |  out|    1|     ap_fifo|                 WidthOut|       pointer|
|colorFormat_dout            |   in|    2|     ap_fifo|              colorFormat|       pointer|
|colorFormat_num_data_valid  |   in|    3|     ap_fifo|              colorFormat|       pointer|
|colorFormat_fifo_cap        |   in|    3|     ap_fifo|              colorFormat|       pointer|
|colorFormat_empty_n         |   in|    1|     ap_fifo|              colorFormat|       pointer|
|colorFormat_read            |  out|    1|     ap_fifo|              colorFormat|       pointer|
+----------------------------+-----+-----+------------+-------------------------+--------------+

