

================================================================
== Vitis HLS Report for 'Bytes2AXIMMvideo'
================================================================
* Date:           Tue Jun 24 20:44:21 2025

* Version:        2023.1 (Build 3854077 on May  4 2023)
* Project:        prj
* Solution:       sol (Vivado IP Flow Target)
* Product family: zynq
* Target device:  xc7z020-clg400-1


================================================================
== Performance Estimates
================================================================
+ Timing: 
    * Summary: 
    +--------+----------+----------+------------+
    |  Clock |  Target  | Estimated| Uncertainty|
    +--------+----------+----------+------------+
    |ap_clk  |  10.00 ns|  7.300 ns|     2.70 ns|
    +--------+----------+----------+------------+

+ Latency: 
    * Summary: 
    +---------+----------+-----------+-----------+-----+----------+---------+
    |  Latency (cycles)  |   Latency (absolute)  |    Interval    | Pipeline|
    |   min   |    max   |    min    |    max    | min |    max   |   Type  |
    +---------+----------+-----------+-----------+-----+----------+---------+
    |        1|  35868961|  10.000 ns|  0.359 sec|    1|  35868961|       no|
    +---------+----------+-----------+-----------+-----+----------+---------+

    + Detail: 
        * Instance: 
        +--------------------------------------------------------+---------------------------------------------+---------+---------+-----------+-----------+-----+------+---------+
        |                                                        |                                             |  Latency (cycles) |   Latency (absolute)  |  Interval  | Pipeline|
        |                        Instance                        |                    Module                   |   min   |   max   |    min    |    max    | min |  max |   Type  |
        +--------------------------------------------------------+---------------------------------------------+---------+---------+-----------+-----------+-----+------+---------+
        |grp_Bytes2AXIMMvideo_Pipeline_VITIS_LOOP_1086_1_fu_143  |Bytes2AXIMMvideo_Pipeline_VITIS_LOOP_1086_1  |        3|     8195|  30.000 ns|  81.950 us|    3|  8195|       no|
        +--------------------------------------------------------+---------------------------------------------+---------+---------+-----------+-----------+-----+------+---------+

        * Loop: 
        +--------------------------------+---------+----------+------------+-----------+-----------+----------+----------+
        |                                |  Latency (cycles)  |  Iteration |  Initiation Interval  |   Trip   |          |
        |            Loop Name           |   min   |    max   |   Latency  |  achieved |   target  |   Count  | Pipelined|
        +--------------------------------+---------+----------+------------+-----------+-----------+----------+----------+
        |- loop_Bytes2AXIMMvideo_1plane  |        0|  35868960|  111 ~ 8303|          -|          -|  0 ~ 4320|        no|
        +--------------------------------+---------+----------+------------+-----------+-----------+----------+----------+



================================================================
== Utilization Estimates
================================================================
* Summary: 
+-----------------+---------+-----+--------+-------+-----+
|       Name      | BRAM_18K| DSP |   FF   |  LUT  | URAM|
+-----------------+---------+-----+--------+-------+-----+
|DSP              |        -|    -|       -|      -|    -|
|Expression       |        -|    -|       0|    120|    -|
|FIFO             |        -|    -|       -|      -|    -|
|Instance         |        -|    -|      83|     90|    -|
|Memory           |        -|    -|       -|      -|    -|
|Multiplexer      |        -|    -|       -|    781|    -|
|Register         |        -|    -|     260|      -|    -|
+-----------------+---------+-----+--------+-------+-----+
|Total            |        0|    0|     343|    991|    0|
+-----------------+---------+-----+--------+-------+-----+
|Available        |      280|  220|  106400|  53200|    0|
+-----------------+---------+-----+--------+-------+-----+
|Utilization (%)  |        0|    0|      ~0|      1|    0|
+-----------------+---------+-----+--------+-------+-----+

+ Detail: 
    * Instance: 
    +--------------------------------------------------------+---------------------------------------------+---------+----+----+----+-----+
    |                        Instance                        |                    Module                   | BRAM_18K| DSP| FF | LUT| URAM|
    +--------------------------------------------------------+---------------------------------------------+---------+----+----+----+-----+
    |grp_Bytes2AXIMMvideo_Pipeline_VITIS_LOOP_1086_1_fu_143  |Bytes2AXIMMvideo_Pipeline_VITIS_LOOP_1086_1  |        0|   0|  83|  90|    0|
    +--------------------------------------------------------+---------------------------------------------+---------+----+----+----+-----+
    |Total                                                   |                                             |        0|   0|  83|  90|    0|
    +--------------------------------------------------------+---------------------------------------------+---------+----+----+----+-----+

    * DSP: 
    N/A

    * Memory: 
    N/A

    * FIFO: 
    N/A

    * Expression: 
    +-----------------------+----------+----+---+----+------------+------------+
    |     Variable Name     | Operation| DSP| FF| LUT| Bitwidth P0| Bitwidth P1|
    +-----------------------+----------+----+---+----+------------+------------+
    |add_ln1076_fu_157_p2   |         +|   0|  0|  23|          16|           3|
    |add_ln1086_fu_230_p2   |         +|   0|  0|  39|          32|          32|
    |add_ln1092_fu_245_p2   |         +|   0|  0|  32|          25|          25|
    |y_4_fu_209_p2          |         +|   0|  0|  12|          12|           1|
    |icmp_ln1082_fu_204_p2  |      icmp|   0|  0|  12|          12|          12|
    |ap_block_state1        |        or|   0|  0|   2|           1|           1|
    +-----------------------+----------+----+---+----+------------+------------+
    |Total                  |          |   0|  0| 120|          98|          74|
    +-----------------------+----------+----+---+----+------------+------------+

    * Multiplexer: 
    +-------------------------+-----+-----------+-----+-----------+
    |           Name          | LUT | Input Size| Bits| Total Bits|
    +-------------------------+-----+-----------+-----+-----------+
    |Height_blk_n             |    9|          2|    1|          2|
    |StrideInBytes_blk_n      |    9|          2|    1|          2|
    |WidthInBytes_blk_n       |    9|          2|    1|          2|
    |ap_NS_fsm                |  545|        110|    1|        110|
    |ap_done                  |    9|          2|    1|          2|
    |bytePlanes_read          |    9|          2|    1|          2|
    |dstImg_blk_n             |    9|          2|    1|          2|
    |m_axi_mm_video_AWADDR    |   14|          3|   32|         96|
    |m_axi_mm_video_AWBURST   |    9|          2|    2|          4|
    |m_axi_mm_video_AWCACHE   |    9|          2|    4|          8|
    |m_axi_mm_video_AWID      |    9|          2|    1|          2|
    |m_axi_mm_video_AWLEN     |   14|          3|   32|         96|
    |m_axi_mm_video_AWLOCK    |    9|          2|    2|          4|
    |m_axi_mm_video_AWPROT    |    9|          2|    3|          6|
    |m_axi_mm_video_AWQOS     |    9|          2|    4|          8|
    |m_axi_mm_video_AWREGION  |    9|          2|    4|          8|
    |m_axi_mm_video_AWSIZE    |    9|          2|    3|          6|
    |m_axi_mm_video_AWUSER    |    9|          2|    1|          2|
    |m_axi_mm_video_AWVALID   |   14|          3|    1|          3|
    |m_axi_mm_video_BREADY    |   14|          3|    1|          3|
    |m_axi_mm_video_WVALID    |    9|          2|    1|          2|
    |mm_video_blk_n_AW        |    9|          2|    1|          2|
    |mm_video_blk_n_B         |    9|          2|    1|          2|
    |y_fu_104                 |    9|          2|   12|         24|
    |yoffset_fu_108           |    9|          2|   25|         50|
    +-------------------------+-----+-----------+-----+-----------+
    |Total                    |  781|        162|  137|        448|
    +-------------------------+-----+-----------+-----+-----------+

    * Register: 
    +---------------------------------------------------------------------+-----+----+-----+-----------+
    |                                 Name                                |  FF | LUT| Bits| Const Bits|
    +---------------------------------------------------------------------+-----+----+-----+-----------+
    |Height_read_reg_284                                                  |   12|   0|   12|          0|
    |ap_CS_fsm                                                            |  109|   0|  109|          0|
    |ap_done_reg                                                          |    1|   0|    1|          0|
    |dstImg_read_reg_289                                                  |   32|   0|   32|          0|
    |grp_Bytes2AXIMMvideo_Pipeline_VITIS_LOOP_1086_1_fu_143_ap_start_reg  |    1|   0|    1|          0|
    |loopWidth_reg_294                                                    |   13|   0|   13|          0|
    |trunc_ln1_reg_312                                                    |   29|   0|   29|          0|
    |y_fu_104                                                             |   12|   0|   12|          0|
    |yoffset_fu_108                                                       |   25|   0|   25|          0|
    |zext_ln1076_1_reg_299                                                |   13|   0|   32|         19|
    |zext_ln1082_reg_304                                                  |   13|   0|   25|         12|
    +---------------------------------------------------------------------+-----+----+-----+-----------+
    |Total                                                                |  260|   0|  291|         31|
    +---------------------------------------------------------------------+-----+----+-----+-----------+



================================================================
== Interface
================================================================
* Summary: 
+------------------------------+-----+-----+------------+------------------+--------------+
|           RTL Ports          | Dir | Bits|  Protocol  |   Source Object  |    C Type    |
+------------------------------+-----+-----+------------+------------------+--------------+
|ap_clk                        |   in|    1|  ap_ctrl_hs|  Bytes2AXIMMvideo|  return value|
|ap_rst                        |   in|    1|  ap_ctrl_hs|  Bytes2AXIMMvideo|  return value|
|ap_start                      |   in|    1|  ap_ctrl_hs|  Bytes2AXIMMvideo|  return value|
|ap_done                       |  out|    1|  ap_ctrl_hs|  Bytes2AXIMMvideo|  return value|
|ap_continue                   |   in|    1|  ap_ctrl_hs|  Bytes2AXIMMvideo|  return value|
|ap_idle                       |  out|    1|  ap_ctrl_hs|  Bytes2AXIMMvideo|  return value|
|ap_ready                      |  out|    1|  ap_ctrl_hs|  Bytes2AXIMMvideo|  return value|
|bytePlanes_dout               |   in|   64|     ap_fifo|        bytePlanes|       pointer|
|bytePlanes_num_data_valid     |   in|   11|     ap_fifo|        bytePlanes|       pointer|
|bytePlanes_fifo_cap           |   in|   11|     ap_fifo|        bytePlanes|       pointer|
|bytePlanes_empty_n            |   in|    1|     ap_fifo|        bytePlanes|       pointer|
|bytePlanes_read               |  out|    1|     ap_fifo|        bytePlanes|       pointer|
|m_axi_mm_video_AWVALID        |  out|    1|       m_axi|          mm_video|       pointer|
|m_axi_mm_video_AWREADY        |   in|    1|       m_axi|          mm_video|       pointer|
|m_axi_mm_video_AWADDR         |  out|   32|       m_axi|          mm_video|       pointer|
|m_axi_mm_video_AWID           |  out|    1|       m_axi|          mm_video|       pointer|
|m_axi_mm_video_AWLEN          |  out|   32|       m_axi|          mm_video|       pointer|
|m_axi_mm_video_AWSIZE         |  out|    3|       m_axi|          mm_video|       pointer|
|m_axi_mm_video_AWBURST        |  out|    2|       m_axi|          mm_video|       pointer|
|m_axi_mm_video_AWLOCK         |  out|    2|       m_axi|          mm_video|       pointer|
|m_axi_mm_video_AWCACHE        |  out|    4|       m_axi|          mm_video|       pointer|
|m_axi_mm_video_AWPROT         |  out|    3|       m_axi|          mm_video|       pointer|
|m_axi_mm_video_AWQOS          |  out|    4|       m_axi|          mm_video|       pointer|
|m_axi_mm_video_AWREGION       |  out|    4|       m_axi|          mm_video|       pointer|
|m_axi_mm_video_AWUSER         |  out|    1|       m_axi|          mm_video|       pointer|
|m_axi_mm_video_WVALID         |  out|    1|       m_axi|          mm_video|       pointer|
|m_axi_mm_video_WREADY         |   in|    1|       m_axi|          mm_video|       pointer|
|m_axi_mm_video_WDATA          |  out|   64|       m_axi|          mm_video|       pointer|
|m_axi_mm_video_WSTRB          |  out|    8|       m_axi|          mm_video|       pointer|
|m_axi_mm_video_WLAST          |  out|    1|       m_axi|          mm_video|       pointer|
|m_axi_mm_video_WID            |  out|    1|       m_axi|          mm_video|       pointer|
|m_axi_mm_video_WUSER          |  out|    1|       m_axi|          mm_video|       pointer|
|m_axi_mm_video_ARVALID        |  out|    1|       m_axi|          mm_video|       pointer|
|m_axi_mm_video_ARREADY        |   in|    1|       m_axi|          mm_video|       pointer|
|m_axi_mm_video_ARADDR         |  out|   32|       m_axi|          mm_video|       pointer|
|m_axi_mm_video_ARID           |  out|    1|       m_axi|          mm_video|       pointer|
|m_axi_mm_video_ARLEN          |  out|   32|       m_axi|          mm_video|       pointer|
|m_axi_mm_video_ARSIZE         |  out|    3|       m_axi|          mm_video|       pointer|
|m_axi_mm_video_ARBURST        |  out|    2|       m_axi|          mm_video|       pointer|
|m_axi_mm_video_ARLOCK         |  out|    2|       m_axi|          mm_video|       pointer|
|m_axi_mm_video_ARCACHE        |  out|    4|       m_axi|          mm_video|       pointer|
|m_axi_mm_video_ARPROT         |  out|    3|       m_axi|          mm_video|       pointer|
|m_axi_mm_video_ARQOS          |  out|    4|       m_axi|          mm_video|       pointer|
|m_axi_mm_video_ARREGION       |  out|    4|       m_axi|          mm_video|       pointer|
|m_axi_mm_video_ARUSER         |  out|    1|       m_axi|          mm_video|       pointer|
|m_axi_mm_video_RVALID         |   in|    1|       m_axi|          mm_video|       pointer|
|m_axi_mm_video_RREADY         |  out|    1|       m_axi|          mm_video|       pointer|
|m_axi_mm_video_RDATA          |   in|   64|       m_axi|          mm_video|       pointer|
|m_axi_mm_video_RLAST          |   in|    1|       m_axi|          mm_video|       pointer|
|m_axi_mm_video_RID            |   in|    1|       m_axi|          mm_video|       pointer|
|m_axi_mm_video_RFIFONUM       |   in|    9|       m_axi|          mm_video|       pointer|
|m_axi_mm_video_RUSER          |   in|    1|       m_axi|          mm_video|       pointer|
|m_axi_mm_video_RRESP          |   in|    2|       m_axi|          mm_video|       pointer|
|m_axi_mm_video_BVALID         |   in|    1|       m_axi|          mm_video|       pointer|
|m_axi_mm_video_BREADY         |  out|    1|       m_axi|          mm_video|       pointer|
|m_axi_mm_video_BRESP          |   in|    2|       m_axi|          mm_video|       pointer|
|m_axi_mm_video_BID            |   in|    1|       m_axi|          mm_video|       pointer|
|m_axi_mm_video_BUSER          |   in|    1|       m_axi|          mm_video|       pointer|
|dstImg_dout                   |   in|   32|     ap_fifo|            dstImg|       pointer|
|dstImg_num_data_valid         |   in|    3|     ap_fifo|            dstImg|       pointer|
|dstImg_fifo_cap               |   in|    3|     ap_fifo|            dstImg|       pointer|
|dstImg_empty_n                |   in|    1|     ap_fifo|            dstImg|       pointer|
|dstImg_read                   |  out|    1|     ap_fifo|            dstImg|       pointer|
|Height_dout                   |   in|   12|     ap_fifo|            Height|       pointer|
|Height_num_data_valid         |   in|    2|     ap_fifo|            Height|       pointer|
|Height_fifo_cap               |   in|    2|     ap_fifo|            Height|       pointer|
|Height_empty_n                |   in|    1|     ap_fifo|            Height|       pointer|
|Height_read                   |  out|    1|     ap_fifo|            Height|       pointer|
|WidthInBytes_dout             |   in|   15|     ap_fifo|      WidthInBytes|       pointer|
|WidthInBytes_num_data_valid   |   in|    2|     ap_fifo|      WidthInBytes|       pointer|
|WidthInBytes_fifo_cap         |   in|    2|     ap_fifo|      WidthInBytes|       pointer|
|WidthInBytes_empty_n          |   in|    1|     ap_fifo|      WidthInBytes|       pointer|
|WidthInBytes_read             |  out|    1|     ap_fifo|      WidthInBytes|       pointer|
|StrideInBytes_dout            |   in|   16|     ap_fifo|     StrideInBytes|       pointer|
|StrideInBytes_num_data_valid  |   in|    3|     ap_fifo|     StrideInBytes|       pointer|
|StrideInBytes_fifo_cap        |   in|    3|     ap_fifo|     StrideInBytes|       pointer|
|StrideInBytes_empty_n         |   in|    1|     ap_fifo|     StrideInBytes|       pointer|
|StrideInBytes_read            |  out|    1|     ap_fifo|     StrideInBytes|       pointer|
+------------------------------+-----+-----+------------+------------------+--------------+

