

================================================================
== Vitis HLS Report for 'AXIvideo2MultiPixStream_Pipeline_loop_wait_for_start'
================================================================
* Date:           Tue Jun 24 20:44:13 2025

* Version:        2023.1 (Build 3854077 on May  4 2023)
* Project:        prj
* Solution:       sol (Vivado IP Flow Target)
* Product family: zynq
* Target device:  xc7z020-clg400-1


================================================================
== Performance Estimates
================================================================
+ Timing: 
    * Summary: 
    +--------+----------+----------+------------+
    |  Clock |  Target  | Estimated| Uncertainty|
    +--------+----------+----------+------------+
    |ap_clk  |  10.00 ns|  3.176 ns|     2.70 ns|
    +--------+----------+----------+------------+

+ Latency: 
    * Summary: 
    +---------+---------+-----------+-----------+-----+-----+---------+
    |  Latency (cycles) |   Latency (absolute)  |  Interval | Pipeline|
    |   min   |   max   |    min    |    max    | min | max |   Type  |
    +---------+---------+-----------+-----------+-----+-----+---------+
    |        2|        2|  20.000 ns|  20.000 ns|    2|    2|       no|
    +---------+---------+-----------+-----------+-----+-----+---------+

    + Detail: 
        * Instance: 
        N/A

        * Loop: 
        +-----------------------+---------+---------+----------+-----------+-----------+------+----------+
        |                       |  Latency (cycles) | Iteration|  Initiation Interval  | Trip |          |
        |       Loop Name       |   min   |   max   |  Latency |  achieved |   target  | Count| Pipelined|
        +-----------------------+---------+---------+----------+-----------+-----------+------+----------+
        |- loop_wait_for_start  |        0|        0|         1|          1|          1|     0|       yes|
        +-----------------------+---------+---------+----------+-----------+-----------+------+----------+

============================================================
+ Verbose Summary: Synthesis Manager
============================================================
InlineROM: 1
ExposeGlobal: 0
============================================================
+ Verbose Summary: CDFG Model
============================================================
IsTopModel: 0
ResetActiveHigh: 1
IsCombinational: 0
IsDatapathOnly: 0
HasWiredReturn: 1
HasMFsm: 2
HasVarLatency: 1
IsPipeline: 0
IsRtlPipelined: 0
IsInstanceOverlapped: 0
IsDontTouch: 0
HasImplIP: 0
IsGatedGlobalClock: 0

+ Individual pipeline summary: 
  * Pipeline-0: initiation interval (II) = 1, depth = 1


============================================================
+ Verbose Summary: Schedule
============================================================
* Number of FSM states : 1
* Pipeline : 1
  Pipeline-0 : II = 1, D = 1, States = { 1 }
* Dataflow Pipeline: 0

* FSM state transitions: 
1 --> 

* FSM state operations: 

State 1 <SV = 0> <Delay = 3.17>
ST_1 : Operation 4 [1/1] (0.00ns)   --->   "%axi_last = alloca i32 1"   --->   Operation 4 'alloca' 'axi_last' <Predicate = true> <Delay = 0.00>
ST_1 : Operation 5 [1/1] (0.00ns)   --->   "%specaxissidechannel_ln0 = specaxissidechannel void @_ssdm_op_SpecAXISSideChannel, i24 %s_axis_video_V_data_V, i3 %s_axis_video_V_keep_V, i3 %s_axis_video_V_strb_V, i1 %s_axis_video_V_user_V, i1 %s_axis_video_V_last_V, i1 %s_axis_video_V_id_V, i1 %s_axis_video_V_dest_V, void @empty_2"   --->   Operation 5 'specaxissidechannel' 'specaxissidechannel_ln0' <Predicate = true> <Delay = 0.00>
ST_1 : Operation 6 [1/1] (0.00ns)   --->   "%specinterface_ln0 = specinterface void @_ssdm_op_SpecInterface, i1 %s_axis_video_V_dest_V, void @empty_0, i32 0, i32 0, void @empty_1, i32 0, i32 0, void @empty_14, void @empty_14, void @empty_14, i32 0, i32 0, i32 0, i32 0, void @empty_14, void @empty_14, i32 4294967295, i32 0"   --->   Operation 6 'specinterface' 'specinterface_ln0' <Predicate = true> <Delay = 0.00>
ST_1 : Operation 7 [1/1] (0.00ns)   --->   "%specinterface_ln0 = specinterface void @_ssdm_op_SpecInterface, i1 %s_axis_video_V_id_V, void @empty_0, i32 0, i32 0, void @empty_1, i32 0, i32 0, void @empty_14, void @empty_14, void @empty_14, i32 0, i32 0, i32 0, i32 0, void @empty_14, void @empty_14, i32 4294967295, i32 0"   --->   Operation 7 'specinterface' 'specinterface_ln0' <Predicate = true> <Delay = 0.00>
ST_1 : Operation 8 [1/1] (0.00ns)   --->   "%specinterface_ln0 = specinterface void @_ssdm_op_SpecInterface, i1 %s_axis_video_V_last_V, void @empty_0, i32 0, i32 0, void @empty_1, i32 0, i32 0, void @empty_14, void @empty_14, void @empty_14, i32 0, i32 0, i32 0, i32 0, void @empty_14, void @empty_14, i32 4294967295, i32 0"   --->   Operation 8 'specinterface' 'specinterface_ln0' <Predicate = true> <Delay = 0.00>
ST_1 : Operation 9 [1/1] (0.00ns)   --->   "%specinterface_ln0 = specinterface void @_ssdm_op_SpecInterface, i1 %s_axis_video_V_user_V, void @empty_0, i32 0, i32 0, void @empty_1, i32 0, i32 0, void @empty_14, void @empty_14, void @empty_14, i32 0, i32 0, i32 0, i32 0, void @empty_14, void @empty_14, i32 4294967295, i32 0"   --->   Operation 9 'specinterface' 'specinterface_ln0' <Predicate = true> <Delay = 0.00>
ST_1 : Operation 10 [1/1] (0.00ns)   --->   "%specinterface_ln0 = specinterface void @_ssdm_op_SpecInterface, i3 %s_axis_video_V_strb_V, void @empty_0, i32 0, i32 0, void @empty_1, i32 0, i32 0, void @empty_14, void @empty_14, void @empty_14, i32 0, i32 0, i32 0, i32 0, void @empty_14, void @empty_14, i32 4294967295, i32 0"   --->   Operation 10 'specinterface' 'specinterface_ln0' <Predicate = true> <Delay = 0.00>
ST_1 : Operation 11 [1/1] (0.00ns)   --->   "%specinterface_ln0 = specinterface void @_ssdm_op_SpecInterface, i3 %s_axis_video_V_keep_V, void @empty_0, i32 0, i32 0, void @empty_1, i32 0, i32 0, void @empty_14, void @empty_14, void @empty_14, i32 0, i32 0, i32 0, i32 0, void @empty_14, void @empty_14, i32 4294967295, i32 0"   --->   Operation 11 'specinterface' 'specinterface_ln0' <Predicate = true> <Delay = 0.00>
ST_1 : Operation 12 [1/1] (0.00ns)   --->   "%specinterface_ln0 = specinterface void @_ssdm_op_SpecInterface, i24 %s_axis_video_V_data_V, void @empty_0, i32 0, i32 0, void @empty_1, i32 0, i32 0, void @empty_14, void @empty_14, void @empty_14, i32 0, i32 0, i32 0, i32 0, void @empty_14, void @empty_14, i32 4294967295, i32 0"   --->   Operation 12 'specinterface' 'specinterface_ln0' <Predicate = true> <Delay = 0.00>
ST_1 : Operation 13 [1/1] (1.58ns)   --->   "%store_ln0 = store i24 0, i24 %axi_data_out"   --->   Operation 13 'store' 'store_ln0' <Predicate = true> <Delay = 1.58>
ST_1 : Operation 14 [1/1] (1.58ns)   --->   "%br_ln0 = br void %while.cond"   --->   Operation 14 'br' 'br_ln0' <Predicate = true> <Delay = 1.58>
ST_1 : Operation 15 [1/1] (0.00ns)   --->   "%sof = phi i1 %axi_user, void %while.body, i1 0, void %newFuncRoot"   --->   Operation 15 'phi' 'sof' <Predicate = true> <Delay = 0.00>
ST_1 : Operation 16 [1/1] (0.00ns)   --->   "%br_ln195 = br i1 %sof, void %while.body, void %loop_height.exitStub" [C:/Users/Santiago/OneDrive/Escritorio/ov5640_sv_ed_800x600_v1/ov5640_sv_ed.runs/design_1_v_frmbuf_wr_0_0_synth_1/prj/sol/.autopilot/db/v_frmbuf_wr.cpp:195]   --->   Operation 16 'br' 'br_ln195' <Predicate = true> <Delay = 0.00>
ST_1 : Operation 17 [1/1] (0.00ns)   --->   "%specpipeline_ln196 = specpipeline void @_ssdm_op_SpecPipeline, i32 1, i32 0, i32 0, i32 0, void @empty_14" [C:/Users/Santiago/OneDrive/Escritorio/ov5640_sv_ed_800x600_v1/ov5640_sv_ed.runs/design_1_v_frmbuf_wr_0_0_synth_1/prj/sol/.autopilot/db/v_frmbuf_wr.cpp:196]   --->   Operation 17 'specpipeline' 'specpipeline_ln196' <Predicate = (!sof)> <Delay = 0.00>
ST_1 : Operation 18 [1/1] (0.00ns)   --->   "%speclooptripcount_ln197 = speclooptripcount void @_ssdm_op_SpecLoopTripCount, i64 0, i64 0, i64 0" [C:/Users/Santiago/OneDrive/Escritorio/ov5640_sv_ed_800x600_v1/ov5640_sv_ed.runs/design_1_v_frmbuf_wr_0_0_synth_1/prj/sol/.autopilot/db/v_frmbuf_wr.cpp:197]   --->   Operation 18 'speclooptripcount' 'speclooptripcount_ln197' <Predicate = (!sof)> <Delay = 0.00>
ST_1 : Operation 19 [1/1] (0.00ns)   --->   "%specloopname_ln195 = specloopname void @_ssdm_op_SpecLoopName, void @empty_8" [C:/Users/Santiago/OneDrive/Escritorio/ov5640_sv_ed_800x600_v1/ov5640_sv_ed.runs/design_1_v_frmbuf_wr_0_0_synth_1/prj/sol/.autopilot/db/v_frmbuf_wr.cpp:195]   --->   Operation 19 'specloopname' 'specloopname_ln195' <Predicate = (!sof)> <Delay = 0.00>
ST_1 : Operation 20 [1/1] (0.00ns)   --->   "%empty = read i34 @_ssdm_op_Read.axis.volatile.i24P0A.i3P0A.i3P0A.i1P0A.i1P0A.i1P0A.i1P0A, i24 %s_axis_video_V_data_V, i3 %s_axis_video_V_keep_V, i3 %s_axis_video_V_strb_V, i1 %s_axis_video_V_user_V, i1 %s_axis_video_V_last_V, i1 %s_axis_video_V_id_V, i1 %s_axis_video_V_dest_V" [C:/Users/Santiago/OneDrive/Escritorio/ov5640_sv_ed_800x600_v1/ov5640_sv_ed.runs/design_1_v_frmbuf_wr_0_0_synth_1/prj/sol/.autopilot/db/v_frmbuf_wr.cpp:198]   --->   Operation 20 'read' 'empty' <Predicate = (!sof)> <Delay = 0.00> <CoreInst = "axis">   --->   Core 115 'axis' <Latency = 0> <II = 1> <Delay = 1.00> <Adapter> <Opcode : >
ST_1 : Operation 21 [1/1] (0.00ns)   --->   "%axi_data = extractvalue i34 %empty" [C:/Users/Santiago/OneDrive/Escritorio/ov5640_sv_ed_800x600_v1/ov5640_sv_ed.runs/design_1_v_frmbuf_wr_0_0_synth_1/prj/sol/.autopilot/db/v_frmbuf_wr.cpp:198]   --->   Operation 21 'extractvalue' 'axi_data' <Predicate = (!sof)> <Delay = 0.00>
ST_1 : Operation 22 [1/1] (0.00ns)   --->   "%axi_user = extractvalue i34 %empty" [C:/Users/Santiago/OneDrive/Escritorio/ov5640_sv_ed_800x600_v1/ov5640_sv_ed.runs/design_1_v_frmbuf_wr_0_0_synth_1/prj/sol/.autopilot/db/v_frmbuf_wr.cpp:198]   --->   Operation 22 'extractvalue' 'axi_user' <Predicate = (!sof)> <Delay = 0.00>
ST_1 : Operation 23 [1/1] (0.00ns)   --->   "%axi_last_6 = extractvalue i34 %empty" [C:/Users/Santiago/OneDrive/Escritorio/ov5640_sv_ed_800x600_v1/ov5640_sv_ed.runs/design_1_v_frmbuf_wr_0_0_synth_1/prj/sol/.autopilot/db/v_frmbuf_wr.cpp:198]   --->   Operation 23 'extractvalue' 'axi_last_6' <Predicate = (!sof)> <Delay = 0.00>
ST_1 : Operation 24 [1/1] (1.58ns)   --->   "%store_ln195 = store i24 %axi_data, i24 %axi_data_out" [C:/Users/Santiago/OneDrive/Escritorio/ov5640_sv_ed_800x600_v1/ov5640_sv_ed.runs/design_1_v_frmbuf_wr_0_0_synth_1/prj/sol/.autopilot/db/v_frmbuf_wr.cpp:195]   --->   Operation 24 'store' 'store_ln195' <Predicate = (!sof)> <Delay = 1.58>
ST_1 : Operation 25 [1/1] (0.00ns)   --->   "%store_ln195 = store i1 %axi_last_6, i1 %axi_last" [C:/Users/Santiago/OneDrive/Escritorio/ov5640_sv_ed_800x600_v1/ov5640_sv_ed.runs/design_1_v_frmbuf_wr_0_0_synth_1/prj/sol/.autopilot/db/v_frmbuf_wr.cpp:195]   --->   Operation 25 'store' 'store_ln195' <Predicate = (!sof)> <Delay = 0.00>
ST_1 : Operation 26 [1/1] (0.00ns)   --->   "%br_ln195 = br void %while.cond" [C:/Users/Santiago/OneDrive/Escritorio/ov5640_sv_ed_800x600_v1/ov5640_sv_ed.runs/design_1_v_frmbuf_wr_0_0_synth_1/prj/sol/.autopilot/db/v_frmbuf_wr.cpp:195]   --->   Operation 26 'br' 'br_ln195' <Predicate = (!sof)> <Delay = 0.00>
ST_1 : Operation 27 [1/1] (0.00ns)   --->   "%axi_last_load = load i1 %axi_last"   --->   Operation 27 'load' 'axi_last_load' <Predicate = (sof)> <Delay = 0.00>
ST_1 : Operation 28 [1/1] (0.00ns)   --->   "%write_ln0 = write void @_ssdm_op_Write.ap_auto.i1P0A, i1 %axi_last_out, i1 %axi_last_load"   --->   Operation 28 'write' 'write_ln0' <Predicate = (sof)> <Delay = 0.00>
ST_1 : Operation 29 [1/1] (0.00ns)   --->   "%ret_ln0 = ret"   --->   Operation 29 'ret' 'ret_ln0' <Predicate = (sof)> <Delay = 0.00>


============================================================
+ Verbose Summary: Timing violations
============================================================
Target clock period: 10.000ns, clock uncertainty: 2.700ns.

 <State 1>: 3.176ns
The critical path consists of the following:
	multiplexor before 'phi' operation ('axi.user') with incoming values : ('axi.user', C:/Users/Santiago/OneDrive/Escritorio/ov5640_sv_ed_800x600_v1/ov5640_sv_ed.runs/design_1_v_frmbuf_wr_0_0_synth_1/prj/sol/.autopilot/db/v_frmbuf_wr.cpp:198) [22]  (1.588 ns)
	'phi' operation ('axi.user') with incoming values : ('axi.user', C:/Users/Santiago/OneDrive/Escritorio/ov5640_sv_ed_800x600_v1/ov5640_sv_ed.runs/design_1_v_frmbuf_wr_0_0_synth_1/prj/sol/.autopilot/db/v_frmbuf_wr.cpp:198) [22]  (0.000 ns)
	blocking operation 1.588 ns on control path)


============================================================
+ Verbose Summary: Binding
============================================================
N/A
* FSMD analyzer results:
  - Output states:
 - Input state : 
  - Chain level:
	State 1


============================================================
+ Verbose Summary: Datapath Resource usage 
============================================================
N/A
