

================================================================
== Vitis HLS Report for 'MultiPixStream2Bytes'
================================================================
* Date:           Tue Jun 24 20:44:14 2025

* Version:        2023.1 (Build 3854077 on May  4 2023)
* Project:        prj
* Solution:       sol (Vivado IP Flow Target)
* Product family: zynq
* Target device:  xc7z020-clg400-1


================================================================
== Performance Estimates
================================================================
+ Timing: 
    * Summary: 
    +--------+----------+----------+------------+
    |  Clock |  Target  | Estimated| Uncertainty|
    +--------+----------+----------+------------+
    |ap_clk  |  10.00 ns|  7.268 ns|     2.70 ns|
    +--------+----------+----------+------------+

+ Latency: 
    * Summary: 
    +---------+-----------+-----------+-----------+-----+-----------+---------+
    |   Latency (cycles)  |   Latency (absolute)  |     Interval    | Pipeline|
    |   min   |    max    |    min    |    max    | min |    max    |   Type  |
    +---------+-----------+-----------+-----------+-----+-----------+---------+
    |        1|  283137122|  10.000 ns|  2.831 sec|    1|  283137122|       no|
    +---------+-----------+-----------+-----------+-----+-----------+---------+

    + Detail: 
        * Instance: 
        N/A

        * Loop: 
        +-----------+---------+-----------+-----------+-----------+-----------+----------+----------+
        |           |   Latency (cycles)  | Iteration |  Initiation Interval  |   Trip   |          |
        | Loop Name |   min   |    max    |  Latency  |  achieved |   target  |   Count  | Pipelined|
        +-----------+---------+-----------+-----------+-----------+-----------+----------+----------+
        |- loop_Y8  |        0|  283137120|  4 ~ 65541|          -|          -|  0 ~ 4320|        no|
        +-----------+---------+-----------+-----------+-----------+-----------+----------+----------+

============================================================
+ Verbose Summary: Synthesis Manager
============================================================
InlineROM: 1
ExposeGlobal: 0
============================================================
+ Verbose Summary: CDFG Model
============================================================
IsTopModel: 0
ResetActiveHigh: 1
IsCombinational: 2
IsDatapathOnly: 0
HasWiredReturn: 1
HasMFsm: 0
HasVarLatency: 1
IsPipeline: 0
IsRtlPipelined: 0
IsInstanceOverlapped: 0
IsDontTouch: 0
HasImplIP: 0
IsGatedGlobalClock: 0


============================================================
+ Verbose Summary: Schedule
============================================================
* Number of FSM states : 4
* Pipeline : 0
* Dataflow Pipeline: 0

* FSM state transitions: 
1 --> 2 3 
2 --> 3 
3 --> 4 
4 --> 3 

* FSM state operations: 

State 1 <SV = 0> <Delay = 7.26>
ST_1 : Operation 5 [1/1] (0.00ns)   --->   "%specinterface_ln0 = specinterface void @_ssdm_op_SpecInterface, i6 %VideoFormat, void @ap_fifo_str, i32 0, i32 0, void @p_str, i32 0, i32 0, void @p_str, void @p_str, void @p_str, i32 2, i32 2, i32 16, i32 16, void @p_str, void @ScalarProp_str, i32 4294967295, i32 0"   --->   Operation 5 'specinterface' 'specinterface_ln0' <Predicate = true> <Delay = 0.00>
ST_1 : Operation 6 [1/1] (3.63ns)   --->   "%VideoFormat_read = read i6 @_ssdm_op_Read.ap_fifo.i6P0A, i6 %VideoFormat"   --->   Operation 6 'read' 'VideoFormat_read' <Predicate = true> <Delay = 3.63> <CoreInst = "FIFO_SRL">   --->   Core 81 'FIFO_SRL' <Latency = 0> <II = 1> <Delay = 3.63> <Storage> <Opcode : 'read' 'write' 'nbread' 'nbwrite'> <Ports = 0> <Width = 6> <Depth = 3> <FIFO>
ST_1 : Operation 7 [1/1] (0.00ns)   --->   "%specinterface_ln0 = specinterface void @_ssdm_op_SpecInterface, i12 %Height, void @ap_fifo_str, i32 0, i32 0, void @p_str, i32 0, i32 0, void @p_str, void @p_str, void @p_str, i32 2, i32 2, i32 16, i32 16, void @p_str, void @ScalarProp_str, i32 4294967295, i32 0"   --->   Operation 7 'specinterface' 'specinterface_ln0' <Predicate = true> <Delay = 0.00>
ST_1 : Operation 8 [1/1] (3.63ns)   --->   "%Height_read = read i12 @_ssdm_op_Read.ap_fifo.i12P0A, i12 %Height"   --->   Operation 8 'read' 'Height_read' <Predicate = true> <Delay = 3.63> <CoreInst = "FIFO_SRL">   --->   Core 81 'FIFO_SRL' <Latency = 0> <II = 1> <Delay = 3.63> <Storage> <Opcode : 'read' 'write' 'nbread' 'nbwrite'> <Ports = 0> <Width = 12> <Depth = 2> <FIFO>
ST_1 : Operation 9 [1/1] (0.00ns)   --->   "%specinterface_ln0 = specinterface void @_ssdm_op_SpecInterface, i12 %height_c, void @ap_fifo_str, i32 0, i32 0, void @p_str, i32 0, i32 0, void @p_str, void @p_str, void @p_str, i32 2, i32 2, i32 16, i32 16, void @p_str, void @ScalarProp_str, i32 4294967295, i32 0"   --->   Operation 9 'specinterface' 'specinterface_ln0' <Predicate = true> <Delay = 0.00>
ST_1 : Operation 10 [1/1] (3.63ns)   --->   "%write_ln0 = write void @_ssdm_op_Write.ap_fifo.i12P0A, i12 %height_c, i12 %Height_read"   --->   Operation 10 'write' 'write_ln0' <Predicate = true> <Delay = 3.63> <CoreInst = "FIFO_SRL">   --->   Core 81 'FIFO_SRL' <Latency = 0> <II = 1> <Delay = 3.63> <Storage> <Opcode : 'read' 'write' 'nbread' 'nbwrite'> <Ports = 0> <Width = 12> <Depth = 2> <FIFO>
ST_1 : Operation 11 [1/1] (0.00ns)   --->   "%specinterface_ln0 = specinterface void @_ssdm_op_SpecInterface, i15 %WidthInBytes, void @ap_fifo_str, i32 0, i32 0, void @p_str, i32 0, i32 0, void @p_str, void @p_str, void @p_str, i32 2, i32 2, i32 16, i32 16, void @p_str, void @ScalarProp_str, i32 4294967295, i32 0"   --->   Operation 11 'specinterface' 'specinterface_ln0' <Predicate = true> <Delay = 0.00>
ST_1 : Operation 12 [1/1] (3.63ns)   --->   "%widthInPix = read i15 @_ssdm_op_Read.ap_fifo.i15P0A, i15 %WidthInBytes"   --->   Operation 12 'read' 'widthInPix' <Predicate = true> <Delay = 3.63> <CoreInst = "FIFO_SRL">   --->   Core 81 'FIFO_SRL' <Latency = 0> <II = 1> <Delay = 3.63> <Storage> <Opcode : 'read' 'write' 'nbread' 'nbwrite'> <Ports = 0> <Width = 15> <Depth = 3> <FIFO>
ST_1 : Operation 13 [1/1] (0.00ns)   --->   "%specinterface_ln0 = specinterface void @_ssdm_op_SpecInterface, i15 %WidthInBytes_c, void @ap_fifo_str, i32 0, i32 0, void @p_str, i32 0, i32 0, void @p_str, void @p_str, void @p_str, i32 2, i32 2, i32 16, i32 16, void @p_str, void @ScalarProp_str, i32 4294967295, i32 0"   --->   Operation 13 'specinterface' 'specinterface_ln0' <Predicate = true> <Delay = 0.00>
ST_1 : Operation 14 [1/1] (3.63ns)   --->   "%write_ln0 = write void @_ssdm_op_Write.ap_fifo.i15P0A, i15 %WidthInBytes_c, i15 %widthInPix"   --->   Operation 14 'write' 'write_ln0' <Predicate = true> <Delay = 3.63> <CoreInst = "FIFO_SRL">   --->   Core 81 'FIFO_SRL' <Latency = 0> <II = 1> <Delay = 3.63> <Storage> <Opcode : 'read' 'write' 'nbread' 'nbwrite'> <Ports = 0> <Width = 15> <Depth = 2> <FIFO>
ST_1 : Operation 15 [1/1] (0.00ns)   --->   "%specmemcore_ln0 = specmemcore void @_ssdm_op_SpecMemCore, i64 %bytePlanes, i64 666, i64 8, i64 18446744073709551615"   --->   Operation 15 'specmemcore' 'specmemcore_ln0' <Predicate = true> <Delay = 0.00>
ST_1 : Operation 16 [1/1] (0.00ns)   --->   "%specinterface_ln0 = specinterface void @_ssdm_op_SpecInterface, i64 %bytePlanes, void @empty_3, i32 0, i32 0, void @empty_14, i32 0, i32 0, void @empty_14, void @empty_14, void @empty_14, i32 0, i32 0, i32 0, i32 0, void @empty_14, void @empty_14, i32 4294967295, i32 0"   --->   Operation 16 'specinterface' 'specinterface_ln0' <Predicate = true> <Delay = 0.00>
ST_1 : Operation 17 [1/1] (0.00ns)   --->   "%specinterface_ln0 = specinterface void @_ssdm_op_SpecInterface, i24 %img, void @empty_3, i32 0, i32 0, void @empty_14, i32 0, i32 0, void @empty_14, void @empty_14, void @empty_14, i32 0, i32 0, i32 0, i32 0, void @empty_14, void @empty_14, i32 4294967295, i32 0"   --->   Operation 17 'specinterface' 'specinterface_ln0' <Predicate = true> <Delay = 0.00>
ST_1 : Operation 18 [1/1] (1.91ns)   --->   "%switch_ln274 = switch i6 %VideoFormat_read, void %if.end144, i6 43, void %if.end159, i6 42, void %if.end158, i6 11, void %if.end157, i6 10, void %if.end157, i6 27, void %if.end156, i6 16, void %if.end155, i6 15, void %if.end155, i6 12, void %if.end154, i6 28, void %if.end153, i6 19, void %if.end152, i6 18, void %if.end152, i6 23, void %if.end151, i6 22, void %if.end151, i6 33, void %if.end150, i6 32, void %if.end150, i6 38, void %if.end149, i6 37, void %if.end149, i6 21, void %if.end148, i6 20, void %if.end148, i6 31, void %if.end147, i6 30, void %if.end147, i6 36, void %if.end146, i6 35, void %if.end146, i6 29, void %if.end145, i6 24, void %if.then85" [C:/Users/Santiago/OneDrive/Escritorio/ov5640_sv_ed_800x600_v1/ov5640_sv_ed.runs/design_1_v_frmbuf_wr_0_0_synth_1/prj/sol/.autopilot/db/v_frmbuf_wr.cpp:274]   --->   Operation 18 'switch' 'switch_ln274' <Predicate = true> <Delay = 1.91>

State 2 <SV = 1> <Delay = 4.40>
ST_2 : Operation 19 [1/1] (0.00ns)   --->   "%y = alloca i32 1"   --->   Operation 19 'alloca' 'y' <Predicate = true> <Delay = 0.00>
ST_2 : Operation 20 [1/1] (0.00ns)   --->   "%remainPix = trunc i15 %widthInPix" [C:/Users/Santiago/OneDrive/Escritorio/ov5640_sv_ed_800x600_v1/ov5640_sv_ed.runs/design_1_v_frmbuf_wr_0_0_synth_1/prj/sol/.autopilot/db/v_frmbuf_wr.cpp:915]   --->   Operation 20 'trunc' 'remainPix' <Predicate = true> <Delay = 0.00>
ST_2 : Operation 21 [1/1] (0.00ns)   --->   "%zext_ln915 = zext i15 %widthInPix" [C:/Users/Santiago/OneDrive/Escritorio/ov5640_sv_ed_800x600_v1/ov5640_sv_ed.runs/design_1_v_frmbuf_wr_0_0_synth_1/prj/sol/.autopilot/db/v_frmbuf_wr.cpp:915]   --->   Operation 21 'zext' 'zext_ln915' <Predicate = true> <Delay = 0.00>
ST_2 : Operation 22 [1/1] (1.94ns)   --->   "%add_ln915 = add i16 %zext_ln915, i16 7" [C:/Users/Santiago/OneDrive/Escritorio/ov5640_sv_ed_800x600_v1/ov5640_sv_ed.runs/design_1_v_frmbuf_wr_0_0_synth_1/prj/sol/.autopilot/db/v_frmbuf_wr.cpp:915]   --->   Operation 22 'add' 'add_ln915' <Predicate = true> <Delay = 1.94> <CoreInst = "Adder">   --->   Core 1 'Adder' <Latency = 0> <II = 1> <Delay = 1.94> <FuncUnit> <Opcode : 'add' 'sub'> <InPorts = 2> <OutPorts = 1>
ST_2 : Operation 23 [1/1] (0.00ns)   --->   "%trunc_ln915_1 = partselect i13 @_ssdm_op_PartSelect.i13.i16.i32.i32, i16 %add_ln915, i32 3, i32 15" [C:/Users/Santiago/OneDrive/Escritorio/ov5640_sv_ed_800x600_v1/ov5640_sv_ed.runs/design_1_v_frmbuf_wr_0_0_synth_1/prj/sol/.autopilot/db/v_frmbuf_wr.cpp:915]   --->   Operation 23 'partselect' 'trunc_ln915_1' <Predicate = true> <Delay = 0.00>
ST_2 : Operation 24 [1/1] (0.00ns)   --->   "%zext_ln918 = zext i3 %remainPix" [C:/Users/Santiago/OneDrive/Escritorio/ov5640_sv_ed_800x600_v1/ov5640_sv_ed.runs/design_1_v_frmbuf_wr_0_0_synth_1/prj/sol/.autopilot/db/v_frmbuf_wr.cpp:918]   --->   Operation 24 'zext' 'zext_ln918' <Predicate = true> <Delay = 0.00>
ST_2 : Operation 25 [1/1] (1.65ns)   --->   "%icmp_ln920 = icmp_eq  i3 %remainPix, i3 0" [C:/Users/Santiago/OneDrive/Escritorio/ov5640_sv_ed_800x600_v1/ov5640_sv_ed.runs/design_1_v_frmbuf_wr_0_0_synth_1/prj/sol/.autopilot/db/v_frmbuf_wr.cpp:920]   --->   Operation 25 'icmp' 'icmp_ln920' <Predicate = true> <Delay = 1.65> <CoreInst = "Cmp">   --->   Core 9 'Cmp' <Latency = 0> <II = 1> <Delay = 1.65> <FuncUnit> <Opcode : 'icmp'> <InPorts = 2> <OutPorts = 1>
ST_2 : Operation 26 [1/1] (1.02ns)   --->   "%remainPix_1 = select i1 %icmp_ln920, i4 8, i4 %zext_ln918" [C:/Users/Santiago/OneDrive/Escritorio/ov5640_sv_ed_800x600_v1/ov5640_sv_ed.runs/design_1_v_frmbuf_wr_0_0_synth_1/prj/sol/.autopilot/db/v_frmbuf_wr.cpp:920]   --->   Operation 26 'select' 'remainPix_1' <Predicate = true> <Delay = 1.02> <CoreInst = "Sel">   --->   Core 73 'Sel' <Latency = 0> <II = 1> <Delay = 1.02> <FuncUnit> <Opcode : 'select'> <InPorts = 3> <OutPorts = 1>
ST_2 : Operation 27 [1/1] (1.67ns)   --->   "%sub100 = add i13 %trunc_ln915_1, i13 8191" [C:/Users/Santiago/OneDrive/Escritorio/ov5640_sv_ed_800x600_v1/ov5640_sv_ed.runs/design_1_v_frmbuf_wr_0_0_synth_1/prj/sol/.autopilot/db/v_frmbuf_wr.cpp:915]   --->   Operation 27 'add' 'sub100' <Predicate = true> <Delay = 1.67> <CoreInst = "Adder">   --->   Core 1 'Adder' <Latency = 0> <II = 1> <Delay = 1.67> <FuncUnit> <Opcode : 'add' 'sub'> <InPorts = 2> <OutPorts = 1>
ST_2 : Operation 28 [1/1] (0.00ns)   --->   "%tmp = partselect i3 @_ssdm_op_PartSelect.i3.i4.i32.i32, i4 %remainPix_1, i32 1, i32 3" [C:/Users/Santiago/OneDrive/Escritorio/ov5640_sv_ed_800x600_v1/ov5640_sv_ed.runs/design_1_v_frmbuf_wr_0_0_synth_1/prj/sol/.autopilot/db/v_frmbuf_wr.cpp:920]   --->   Operation 28 'partselect' 'tmp' <Predicate = true> <Delay = 0.00>
ST_2 : Operation 29 [1/1] (1.65ns)   --->   "%icmp = icmp_ne  i3 %tmp, i3 0" [C:/Users/Santiago/OneDrive/Escritorio/ov5640_sv_ed_800x600_v1/ov5640_sv_ed.runs/design_1_v_frmbuf_wr_0_0_synth_1/prj/sol/.autopilot/db/v_frmbuf_wr.cpp:920]   --->   Operation 29 'icmp' 'icmp' <Predicate = true> <Delay = 1.65> <CoreInst = "Cmp">   --->   Core 9 'Cmp' <Latency = 0> <II = 1> <Delay = 1.65> <FuncUnit> <Opcode : 'icmp'> <InPorts = 2> <OutPorts = 1>
ST_2 : Operation 30 [1/1] (1.73ns)   --->   "%cmp103_2 = icmp_ugt  i4 %remainPix_1, i4 2" [C:/Users/Santiago/OneDrive/Escritorio/ov5640_sv_ed_800x600_v1/ov5640_sv_ed.runs/design_1_v_frmbuf_wr_0_0_synth_1/prj/sol/.autopilot/db/v_frmbuf_wr.cpp:920]   --->   Operation 30 'icmp' 'cmp103_2' <Predicate = true> <Delay = 1.73> <CoreInst = "Cmp">   --->   Core 9 'Cmp' <Latency = 0> <II = 1> <Delay = 1.73> <FuncUnit> <Opcode : 'icmp'> <InPorts = 2> <OutPorts = 1>
ST_2 : Operation 31 [1/1] (0.00ns)   --->   "%tmp_1 = partselect i2 @_ssdm_op_PartSelect.i2.i4.i32.i32, i4 %remainPix_1, i32 2, i32 3" [C:/Users/Santiago/OneDrive/Escritorio/ov5640_sv_ed_800x600_v1/ov5640_sv_ed.runs/design_1_v_frmbuf_wr_0_0_synth_1/prj/sol/.autopilot/db/v_frmbuf_wr.cpp:920]   --->   Operation 31 'partselect' 'tmp_1' <Predicate = true> <Delay = 0.00>
ST_2 : Operation 32 [1/1] (1.56ns)   --->   "%icmp12 = icmp_ne  i2 %tmp_1, i2 0" [C:/Users/Santiago/OneDrive/Escritorio/ov5640_sv_ed_800x600_v1/ov5640_sv_ed.runs/design_1_v_frmbuf_wr_0_0_synth_1/prj/sol/.autopilot/db/v_frmbuf_wr.cpp:920]   --->   Operation 32 'icmp' 'icmp12' <Predicate = true> <Delay = 1.56> <CoreInst = "Cmp">   --->   Core 9 'Cmp' <Latency = 0> <II = 1> <Delay = 1.56> <FuncUnit> <Opcode : 'icmp'> <InPorts = 2> <OutPorts = 1>
ST_2 : Operation 33 [1/1] (1.73ns)   --->   "%cmp103_4 = icmp_ugt  i4 %remainPix_1, i4 4" [C:/Users/Santiago/OneDrive/Escritorio/ov5640_sv_ed_800x600_v1/ov5640_sv_ed.runs/design_1_v_frmbuf_wr_0_0_synth_1/prj/sol/.autopilot/db/v_frmbuf_wr.cpp:920]   --->   Operation 33 'icmp' 'cmp103_4' <Predicate = true> <Delay = 1.73> <CoreInst = "Cmp">   --->   Core 9 'Cmp' <Latency = 0> <II = 1> <Delay = 1.73> <FuncUnit> <Opcode : 'icmp'> <InPorts = 2> <OutPorts = 1>
ST_2 : Operation 34 [1/1] (1.73ns)   --->   "%cmp103_5 = icmp_ugt  i4 %remainPix_1, i4 5" [C:/Users/Santiago/OneDrive/Escritorio/ov5640_sv_ed_800x600_v1/ov5640_sv_ed.runs/design_1_v_frmbuf_wr_0_0_synth_1/prj/sol/.autopilot/db/v_frmbuf_wr.cpp:920]   --->   Operation 34 'icmp' 'cmp103_5' <Predicate = true> <Delay = 1.73> <CoreInst = "Cmp">   --->   Core 9 'Cmp' <Latency = 0> <II = 1> <Delay = 1.73> <FuncUnit> <Opcode : 'icmp'> <InPorts = 2> <OutPorts = 1>
ST_2 : Operation 35 [1/1] (1.73ns)   --->   "%cmp103_6 = icmp_ugt  i4 %remainPix_1, i4 6" [C:/Users/Santiago/OneDrive/Escritorio/ov5640_sv_ed_800x600_v1/ov5640_sv_ed.runs/design_1_v_frmbuf_wr_0_0_synth_1/prj/sol/.autopilot/db/v_frmbuf_wr.cpp:920]   --->   Operation 35 'icmp' 'cmp103_6' <Predicate = true> <Delay = 1.73> <CoreInst = "Cmp">   --->   Core 9 'Cmp' <Latency = 0> <II = 1> <Delay = 1.73> <FuncUnit> <Opcode : 'icmp'> <InPorts = 2> <OutPorts = 1>
ST_2 : Operation 36 [1/1] (1.58ns)   --->   "%store_ln927 = store i12 0, i12 %y" [C:/Users/Santiago/OneDrive/Escritorio/ov5640_sv_ed_800x600_v1/ov5640_sv_ed.runs/design_1_v_frmbuf_wr_0_0_synth_1/prj/sol/.autopilot/db/v_frmbuf_wr.cpp:927]   --->   Operation 36 'store' 'store_ln927' <Predicate = true> <Delay = 1.58>
ST_2 : Operation 37 [1/1] (0.00ns)   --->   "%br_ln927 = br void %VITIS_LOOP_930_1" [C:/Users/Santiago/OneDrive/Escritorio/ov5640_sv_ed_800x600_v1/ov5640_sv_ed.runs/design_1_v_frmbuf_wr_0_0_synth_1/prj/sol/.autopilot/db/v_frmbuf_wr.cpp:927]   --->   Operation 37 'br' 'br_ln927' <Predicate = true> <Delay = 0.00>

State 3 <SV = 2> <Delay = 4.81>
ST_3 : Operation 38 [1/1] (0.00ns)   --->   "%y_1 = load i12 %y" [C:/Users/Santiago/OneDrive/Escritorio/ov5640_sv_ed_800x600_v1/ov5640_sv_ed.runs/design_1_v_frmbuf_wr_0_0_synth_1/prj/sol/.autopilot/db/v_frmbuf_wr.cpp:927]   --->   Operation 38 'load' 'y_1' <Predicate = (VideoFormat_read == 24)> <Delay = 0.00>
ST_3 : Operation 39 [1/1] (1.54ns)   --->   "%icmp_ln927 = icmp_eq  i12 %y_1, i12 %Height_read" [C:/Users/Santiago/OneDrive/Escritorio/ov5640_sv_ed_800x600_v1/ov5640_sv_ed.runs/design_1_v_frmbuf_wr_0_0_synth_1/prj/sol/.autopilot/db/v_frmbuf_wr.cpp:927]   --->   Operation 39 'icmp' 'icmp_ln927' <Predicate = (VideoFormat_read == 24)> <Delay = 1.54> <CoreInst = "Cmp">   --->   Core 9 'Cmp' <Latency = 0> <II = 1> <Delay = 1.54> <FuncUnit> <Opcode : 'icmp'> <InPorts = 2> <OutPorts = 1>
ST_3 : Operation 40 [1/1] (1.54ns)   --->   "%y_2 = add i12 %y_1, i12 1" [C:/Users/Santiago/OneDrive/Escritorio/ov5640_sv_ed_800x600_v1/ov5640_sv_ed.runs/design_1_v_frmbuf_wr_0_0_synth_1/prj/sol/.autopilot/db/v_frmbuf_wr.cpp:927]   --->   Operation 40 'add' 'y_2' <Predicate = (VideoFormat_read == 24)> <Delay = 1.54> <CoreInst = "Adder">   --->   Core 1 'Adder' <Latency = 0> <II = 1> <Delay = 1.54> <FuncUnit> <Opcode : 'add' 'sub'> <InPorts = 2> <OutPorts = 1>
ST_3 : Operation 41 [1/1] (0.00ns)   --->   "%br_ln927 = br i1 %icmp_ln927, void %VITIS_LOOP_930_1.split, void %if.end144.loopexit" [C:/Users/Santiago/OneDrive/Escritorio/ov5640_sv_ed_800x600_v1/ov5640_sv_ed.runs/design_1_v_frmbuf_wr_0_0_synth_1/prj/sol/.autopilot/db/v_frmbuf_wr.cpp:927]   --->   Operation 41 'br' 'br_ln927' <Predicate = (VideoFormat_read == 24)> <Delay = 0.00>
ST_3 : Operation 42 [1/1] (0.00ns)   --->   "%empty = wait i32 @_ssdm_op_Wait"   --->   Operation 42 'wait' 'empty' <Predicate = (VideoFormat_read == 24 & !icmp_ln927)> <Delay = 0.00>
ST_3 : Operation 43 [2/2] (3.26ns)   --->   "%call_ln915 = call void @MultiPixStream2Bytes_Pipeline_VITIS_LOOP_930_1, i13 %trunc_ln915_1, i64 %bytePlanes, i1 %icmp_ln920, i1 %cmp103_6, i1 %cmp103_5, i1 %cmp103_4, i1 %icmp12, i1 %cmp103_2, i13 %sub100, i24 %img, i1 %icmp" [C:/Users/Santiago/OneDrive/Escritorio/ov5640_sv_ed_800x600_v1/ov5640_sv_ed.runs/design_1_v_frmbuf_wr_0_0_synth_1/prj/sol/.autopilot/db/v_frmbuf_wr.cpp:915]   --->   Operation 43 'call' 'call_ln915' <Predicate = (VideoFormat_read == 24 & !icmp_ln927)> <Delay = 3.26> <CoreType = "Generic">   --->   Core 0 '' <Latency = 0> <II = 1> <Delay = 1.00> <Generic> <Opcode : >
ST_3 : Operation 44 [1/1] (1.58ns)   --->   "%store_ln927 = store i12 %y_2, i12 %y" [C:/Users/Santiago/OneDrive/Escritorio/ov5640_sv_ed_800x600_v1/ov5640_sv_ed.runs/design_1_v_frmbuf_wr_0_0_synth_1/prj/sol/.autopilot/db/v_frmbuf_wr.cpp:927]   --->   Operation 44 'store' 'store_ln927' <Predicate = (VideoFormat_read == 24 & !icmp_ln927)> <Delay = 1.58>
ST_3 : Operation 45 [1/1] (0.00ns)   --->   "%br_ln0 = br void %if.end144"   --->   Operation 45 'br' 'br_ln0' <Predicate = (VideoFormat_read == 24 & icmp_ln927)> <Delay = 0.00>
ST_3 : Operation 46 [1/1] (0.00ns)   --->   "%br_ln0 = br void %if.end145"   --->   Operation 46 'br' 'br_ln0' <Predicate = (VideoFormat_read == 63) | (VideoFormat_read == 62) | (VideoFormat_read == 61) | (VideoFormat_read == 60) | (VideoFormat_read == 59) | (VideoFormat_read == 58) | (VideoFormat_read == 57) | (VideoFormat_read == 56) | (VideoFormat_read == 55) | (VideoFormat_read == 54) | (VideoFormat_read == 53) | (VideoFormat_read == 52) | (VideoFormat_read == 51) | (VideoFormat_read == 50) | (VideoFormat_read == 49) | (VideoFormat_read == 48) | (VideoFormat_read == 47) | (VideoFormat_read == 46) | (VideoFormat_read == 45) | (VideoFormat_read == 44) | (VideoFormat_read == 41) | (VideoFormat_read == 40) | (VideoFormat_read == 39) | (VideoFormat_read == 34) | (VideoFormat_read == 26) | (VideoFormat_read == 25) | (VideoFormat_read == 17) | (VideoFormat_read == 14) | (VideoFormat_read == 13) | (VideoFormat_read == 9) | (VideoFormat_read == 8) | (VideoFormat_read == 7) | (VideoFormat_read == 6) | (VideoFormat_read == 5) | (VideoFormat_read == 4) | (VideoFormat_read == 3) | (VideoFormat_read == 2) | (VideoFormat_read == 1) | (VideoFormat_read == 0) | (VideoFormat_read == 24 & icmp_ln927)> <Delay = 0.00>
ST_3 : Operation 47 [1/1] (0.00ns)   --->   "%br_ln0 = br void %if.end146"   --->   Operation 47 'br' 'br_ln0' <Predicate = (VideoFormat_read == 24 & icmp_ln927) | (VideoFormat_read != 43 & VideoFormat_read != 42 & VideoFormat_read != 11 & VideoFormat_read != 10 & VideoFormat_read != 27 & VideoFormat_read != 16 & VideoFormat_read != 15 & VideoFormat_read != 12 & VideoFormat_read != 28 & VideoFormat_read != 19 & VideoFormat_read != 18 & VideoFormat_read != 23 & VideoFormat_read != 22 & VideoFormat_read != 33 & VideoFormat_read != 32 & VideoFormat_read != 38 & VideoFormat_read != 37 & VideoFormat_read != 21 & VideoFormat_read != 20 & VideoFormat_read != 31 & VideoFormat_read != 30 & VideoFormat_read != 36 & VideoFormat_read != 35 & VideoFormat_read != 24)> <Delay = 0.00>
ST_3 : Operation 48 [1/1] (0.00ns)   --->   "%br_ln0 = br void %if.end147"   --->   Operation 48 'br' 'br_ln0' <Predicate = (VideoFormat_read == 24 & icmp_ln927) | (VideoFormat_read != 43 & VideoFormat_read != 42 & VideoFormat_read != 11 & VideoFormat_read != 10 & VideoFormat_read != 27 & VideoFormat_read != 16 & VideoFormat_read != 15 & VideoFormat_read != 12 & VideoFormat_read != 28 & VideoFormat_read != 19 & VideoFormat_read != 18 & VideoFormat_read != 23 & VideoFormat_read != 22 & VideoFormat_read != 33 & VideoFormat_read != 32 & VideoFormat_read != 38 & VideoFormat_read != 37 & VideoFormat_read != 21 & VideoFormat_read != 20 & VideoFormat_read != 31 & VideoFormat_read != 30 & VideoFormat_read != 24)> <Delay = 0.00>
ST_3 : Operation 49 [1/1] (0.00ns)   --->   "%br_ln0 = br void %if.end148"   --->   Operation 49 'br' 'br_ln0' <Predicate = (VideoFormat_read == 24 & icmp_ln927) | (VideoFormat_read != 43 & VideoFormat_read != 42 & VideoFormat_read != 11 & VideoFormat_read != 10 & VideoFormat_read != 27 & VideoFormat_read != 16 & VideoFormat_read != 15 & VideoFormat_read != 12 & VideoFormat_read != 28 & VideoFormat_read != 19 & VideoFormat_read != 18 & VideoFormat_read != 23 & VideoFormat_read != 22 & VideoFormat_read != 33 & VideoFormat_read != 32 & VideoFormat_read != 38 & VideoFormat_read != 37 & VideoFormat_read != 21 & VideoFormat_read != 20 & VideoFormat_read != 24)> <Delay = 0.00>
ST_3 : Operation 50 [1/1] (0.00ns)   --->   "%br_ln0 = br void %if.end149"   --->   Operation 50 'br' 'br_ln0' <Predicate = (VideoFormat_read == 24 & icmp_ln927) | (VideoFormat_read != 43 & VideoFormat_read != 42 & VideoFormat_read != 11 & VideoFormat_read != 10 & VideoFormat_read != 27 & VideoFormat_read != 16 & VideoFormat_read != 15 & VideoFormat_read != 12 & VideoFormat_read != 28 & VideoFormat_read != 19 & VideoFormat_read != 18 & VideoFormat_read != 23 & VideoFormat_read != 22 & VideoFormat_read != 33 & VideoFormat_read != 32 & VideoFormat_read != 38 & VideoFormat_read != 37 & VideoFormat_read != 24)> <Delay = 0.00>
ST_3 : Operation 51 [1/1] (0.00ns)   --->   "%br_ln0 = br void %if.end150"   --->   Operation 51 'br' 'br_ln0' <Predicate = (VideoFormat_read == 24 & icmp_ln927) | (VideoFormat_read != 43 & VideoFormat_read != 42 & VideoFormat_read != 11 & VideoFormat_read != 10 & VideoFormat_read != 27 & VideoFormat_read != 16 & VideoFormat_read != 15 & VideoFormat_read != 12 & VideoFormat_read != 28 & VideoFormat_read != 19 & VideoFormat_read != 18 & VideoFormat_read != 23 & VideoFormat_read != 22 & VideoFormat_read != 33 & VideoFormat_read != 32 & VideoFormat_read != 24)> <Delay = 0.00>
ST_3 : Operation 52 [1/1] (0.00ns)   --->   "%br_ln0 = br void %if.end151"   --->   Operation 52 'br' 'br_ln0' <Predicate = (VideoFormat_read == 24 & icmp_ln927) | (VideoFormat_read != 43 & VideoFormat_read != 42 & VideoFormat_read != 11 & VideoFormat_read != 10 & VideoFormat_read != 27 & VideoFormat_read != 16 & VideoFormat_read != 15 & VideoFormat_read != 12 & VideoFormat_read != 28 & VideoFormat_read != 19 & VideoFormat_read != 18 & VideoFormat_read != 23 & VideoFormat_read != 22 & VideoFormat_read != 24)> <Delay = 0.00>
ST_3 : Operation 53 [1/1] (0.00ns)   --->   "%br_ln0 = br void %if.end152"   --->   Operation 53 'br' 'br_ln0' <Predicate = (VideoFormat_read == 24 & icmp_ln927) | (VideoFormat_read != 43 & VideoFormat_read != 42 & VideoFormat_read != 11 & VideoFormat_read != 10 & VideoFormat_read != 27 & VideoFormat_read != 16 & VideoFormat_read != 15 & VideoFormat_read != 12 & VideoFormat_read != 28 & VideoFormat_read != 19 & VideoFormat_read != 18 & VideoFormat_read != 24)> <Delay = 0.00>
ST_3 : Operation 54 [1/1] (0.00ns)   --->   "%br_ln0 = br void %if.end153"   --->   Operation 54 'br' 'br_ln0' <Predicate = (VideoFormat_read == 24 & icmp_ln927) | (VideoFormat_read != 43 & VideoFormat_read != 42 & VideoFormat_read != 11 & VideoFormat_read != 10 & VideoFormat_read != 27 & VideoFormat_read != 16 & VideoFormat_read != 15 & VideoFormat_read != 12 & VideoFormat_read != 28 & VideoFormat_read != 24)> <Delay = 0.00>
ST_3 : Operation 55 [1/1] (0.00ns)   --->   "%br_ln0 = br void %if.end154"   --->   Operation 55 'br' 'br_ln0' <Predicate = (VideoFormat_read == 24 & icmp_ln927) | (VideoFormat_read != 43 & VideoFormat_read != 42 & VideoFormat_read != 11 & VideoFormat_read != 10 & VideoFormat_read != 27 & VideoFormat_read != 16 & VideoFormat_read != 15 & VideoFormat_read != 12 & VideoFormat_read != 24)> <Delay = 0.00>
ST_3 : Operation 56 [1/1] (0.00ns)   --->   "%br_ln0 = br void %if.end155"   --->   Operation 56 'br' 'br_ln0' <Predicate = (VideoFormat_read == 24 & icmp_ln927) | (VideoFormat_read != 43 & VideoFormat_read != 42 & VideoFormat_read != 11 & VideoFormat_read != 10 & VideoFormat_read != 27 & VideoFormat_read != 16 & VideoFormat_read != 15 & VideoFormat_read != 24)> <Delay = 0.00>
ST_3 : Operation 57 [1/1] (0.00ns)   --->   "%br_ln0 = br void %if.end156"   --->   Operation 57 'br' 'br_ln0' <Predicate = (VideoFormat_read == 24 & icmp_ln927) | (VideoFormat_read != 43 & VideoFormat_read != 42 & VideoFormat_read != 11 & VideoFormat_read != 10 & VideoFormat_read != 27 & VideoFormat_read != 24)> <Delay = 0.00>
ST_3 : Operation 58 [1/1] (0.00ns)   --->   "%br_ln0 = br void %if.end157"   --->   Operation 58 'br' 'br_ln0' <Predicate = (VideoFormat_read == 24 & icmp_ln927) | (VideoFormat_read != 43 & VideoFormat_read != 42 & VideoFormat_read != 11 & VideoFormat_read != 10 & VideoFormat_read != 24)> <Delay = 0.00>
ST_3 : Operation 59 [1/1] (0.00ns)   --->   "%br_ln0 = br void %if.end158"   --->   Operation 59 'br' 'br_ln0' <Predicate = (VideoFormat_read == 24 & icmp_ln927) | (VideoFormat_read != 43 & VideoFormat_read != 42 & VideoFormat_read != 24)> <Delay = 0.00>
ST_3 : Operation 60 [1/1] (0.00ns)   --->   "%br_ln0 = br void %if.end159"   --->   Operation 60 'br' 'br_ln0' <Predicate = (VideoFormat_read != 43 & icmp_ln927) | (VideoFormat_read != 43 & VideoFormat_read != 24) | (VideoFormat_read != 43 & VideoFormat_read == 29) | (VideoFormat_read != 43 & VideoFormat_read == 35) | (VideoFormat_read != 43 & VideoFormat_read == 36) | (VideoFormat_read != 43 & VideoFormat_read == 30) | (VideoFormat_read != 43 & VideoFormat_read == 31) | (VideoFormat_read != 43 & VideoFormat_read == 20) | (VideoFormat_read != 43 & VideoFormat_read == 21) | (VideoFormat_read != 43 & VideoFormat_read == 37) | (VideoFormat_read != 43 & VideoFormat_read == 38) | (VideoFormat_read != 43 & VideoFormat_read == 32) | (VideoFormat_read != 43 & VideoFormat_read == 33) | (VideoFormat_read != 43 & VideoFormat_read == 22) | (VideoFormat_read != 43 & VideoFormat_read == 23) | (VideoFormat_read != 43 & VideoFormat_read == 18) | (VideoFormat_read != 43 & VideoFormat_read == 19) | (VideoFormat_read != 43 & VideoFormat_read == 28) | (VideoFormat_read != 43 & VideoFormat_read == 12) | (VideoFormat_read != 43 & VideoFormat_read == 15) | (VideoFormat_read != 43 & VideoFormat_read == 16) | (VideoFormat_read != 43 & VideoFormat_read == 27) | (VideoFormat_read != 43 & VideoFormat_read == 10) | (VideoFormat_read != 43 & VideoFormat_read == 11) | (VideoFormat_read != 43 & VideoFormat_read == 42)> <Delay = 0.00>
ST_3 : Operation 61 [1/1] (0.00ns)   --->   "%ret_ln1056 = ret" [C:/Users/Santiago/OneDrive/Escritorio/ov5640_sv_ed_800x600_v1/ov5640_sv_ed.runs/design_1_v_frmbuf_wr_0_0_synth_1/prj/sol/.autopilot/db/v_frmbuf_wr.cpp:1056]   --->   Operation 61 'ret' 'ret_ln1056' <Predicate = (icmp_ln927) | (VideoFormat_read != 24)> <Delay = 0.00>

State 4 <SV = 3> <Delay = 0.00>
ST_4 : Operation 62 [1/1] (0.00ns)   --->   "%speclooptripcount_ln928 = speclooptripcount void @_ssdm_op_SpecLoopTripCount, i64 0, i64 4320, i64 2160" [C:/Users/Santiago/OneDrive/Escritorio/ov5640_sv_ed_800x600_v1/ov5640_sv_ed.runs/design_1_v_frmbuf_wr_0_0_synth_1/prj/sol/.autopilot/db/v_frmbuf_wr.cpp:928]   --->   Operation 62 'speclooptripcount' 'speclooptripcount_ln928' <Predicate = true> <Delay = 0.00>
ST_4 : Operation 63 [1/1] (0.00ns)   --->   "%specloopname_ln927 = specloopname void @_ssdm_op_SpecLoopName, void @empty_10" [C:/Users/Santiago/OneDrive/Escritorio/ov5640_sv_ed_800x600_v1/ov5640_sv_ed.runs/design_1_v_frmbuf_wr_0_0_synth_1/prj/sol/.autopilot/db/v_frmbuf_wr.cpp:927]   --->   Operation 63 'specloopname' 'specloopname_ln927' <Predicate = true> <Delay = 0.00>
ST_4 : Operation 64 [1/2] (0.00ns)   --->   "%call_ln915 = call void @MultiPixStream2Bytes_Pipeline_VITIS_LOOP_930_1, i13 %trunc_ln915_1, i64 %bytePlanes, i1 %icmp_ln920, i1 %cmp103_6, i1 %cmp103_5, i1 %cmp103_4, i1 %icmp12, i1 %cmp103_2, i13 %sub100, i24 %img, i1 %icmp" [C:/Users/Santiago/OneDrive/Escritorio/ov5640_sv_ed_800x600_v1/ov5640_sv_ed.runs/design_1_v_frmbuf_wr_0_0_synth_1/prj/sol/.autopilot/db/v_frmbuf_wr.cpp:915]   --->   Operation 64 'call' 'call_ln915' <Predicate = true> <Delay = 0.00> <CoreType = "Generic">   --->   Core 0 '' <Latency = 0> <II = 1> <Delay = 1.00> <Generic> <Opcode : >
ST_4 : Operation 65 [1/1] (0.00ns)   --->   "%br_ln927 = br void %VITIS_LOOP_930_1" [C:/Users/Santiago/OneDrive/Escritorio/ov5640_sv_ed_800x600_v1/ov5640_sv_ed.runs/design_1_v_frmbuf_wr_0_0_synth_1/prj/sol/.autopilot/db/v_frmbuf_wr.cpp:927]   --->   Operation 65 'br' 'br_ln927' <Predicate = true> <Delay = 0.00>


============================================================
+ Verbose Summary: Timing violations
============================================================
Target clock period: 10.000ns, clock uncertainty: 2.700ns.

 <State 1>: 7.268ns
The critical path consists of the following:
	fifo read operation ('Height_read') on port 'Height' [11]  (3.634 ns)
	fifo write operation ('write_ln0') on port 'height_c' [13]  (3.634 ns)

 <State 2>: 4.409ns
The critical path consists of the following:
	'icmp' operation ('icmp_ln920', C:/Users/Santiago/OneDrive/Escritorio/ov5640_sv_ed_800x600_v1/ov5640_sv_ed.runs/design_1_v_frmbuf_wr_0_0_synth_1/prj/sol/.autopilot/db/v_frmbuf_wr.cpp:920) [29]  (1.650 ns)
	'select' operation ('remainPix', C:/Users/Santiago/OneDrive/Escritorio/ov5640_sv_ed_800x600_v1/ov5640_sv_ed.runs/design_1_v_frmbuf_wr_0_0_synth_1/prj/sol/.autopilot/db/v_frmbuf_wr.cpp:920) [30]  (1.024 ns)
	'icmp' operation ('cmp103_2', C:/Users/Santiago/OneDrive/Escritorio/ov5640_sv_ed_800x600_v1/ov5640_sv_ed.runs/design_1_v_frmbuf_wr_0_0_synth_1/prj/sol/.autopilot/db/v_frmbuf_wr.cpp:920) [34]  (1.735 ns)

 <State 3>: 4.814ns
The critical path consists of the following:
	'call' operation ('call_ln915', C:/Users/Santiago/OneDrive/Escritorio/ov5640_sv_ed_800x600_v1/ov5640_sv_ed.runs/design_1_v_frmbuf_wr_0_0_synth_1/prj/sol/.autopilot/db/v_frmbuf_wr.cpp:915) to 'MultiPixStream2Bytes_Pipeline_VITIS_LOOP_930_1' [51]  (3.268 ns)
	blocking operation 1.547 ns on control path)

 <State 4>: 0.000ns
The critical path consists of the following:


============================================================
+ Verbose Summary: Binding
============================================================
N/A
* FSMD analyzer results:
  - Output states:
 - Input state : 
  - Chain level:
	State 1
	State 2
	State 3
	State 4


============================================================
+ Verbose Summary: Datapath Resource usage 
============================================================
N/A
