

================================================================
== Vitis HLS Report for 'MultiPixStream2Bytes'
================================================================
* Date:           Tue Jun 24 20:44:20 2025

* Version:        2023.1 (Build 3854077 on May  4 2023)
* Project:        prj
* Solution:       sol (Vivado IP Flow Target)
* Product family: zynq
* Target device:  xc7z020-clg400-1


================================================================
== Performance Estimates
================================================================
+ Timing: 
    * Summary: 
    +--------+----------+----------+------------+
    |  Clock |  Target  | Estimated| Uncertainty|
    +--------+----------+----------+------------+
    |ap_clk  |  10.00 ns|  7.268 ns|     2.70 ns|
    +--------+----------+----------+------------+

+ Latency: 
    * Summary: 
    +---------+-----------+-----------+-----------+-----+-----------+---------+
    |   Latency (cycles)  |   Latency (absolute)  |     Interval    | Pipeline|
    |   min   |    max    |    min    |    max    | min |    max    |   Type  |
    +---------+-----------+-----------+-----------+-----+-----------+---------+
    |        1|  283137122|  10.000 ns|  2.831 sec|    1|  283137122|       no|
    +---------+-----------+-----------+-----------+-----+-----------+---------+

    + Detail: 
        * Instance: 
        +-----------------------------------------------------------+------------------------------------------------+---------+---------+-----------+----------+-----+-------+---------+
        |                                                           |                                                |  Latency (cycles) |  Latency (absolute)  |   Interval  | Pipeline|
        |                          Instance                         |                     Module                     |   min   |   max   |    min    |    max   | min |  max  |   Type  |
        +-----------------------------------------------------------+------------------------------------------------+---------+---------+-----------+----------+-----+-------+---------+
        |grp_MultiPixStream2Bytes_Pipeline_VITIS_LOOP_930_1_fu_190  |MultiPixStream2Bytes_Pipeline_VITIS_LOOP_930_1  |        2|    65539|  20.000 ns|  0.655 ms|    2|  65539|       no|
        +-----------------------------------------------------------+------------------------------------------------+---------+---------+-----------+----------+-----+-------+---------+

        * Loop: 
        +-----------+---------+-----------+-----------+-----------+-----------+----------+----------+
        |           |   Latency (cycles)  | Iteration |  Initiation Interval  |   Trip   |          |
        | Loop Name |   min   |    max    |  Latency  |  achieved |   target  |   Count  | Pipelined|
        +-----------+---------+-----------+-----------+-----------+-----------+----------+----------+
        |- loop_Y8  |        0|  283137120|  4 ~ 65541|          -|          -|  0 ~ 4320|        no|
        +-----------+---------+-----------+-----------+-----------+-----------+----------+----------+



================================================================
== Utilization Estimates
================================================================
* Summary: 
+-----------------+---------+-----+--------+-------+-----+
|       Name      | BRAM_18K| DSP |   FF   |  LUT  | URAM|
+-----------------+---------+-----+--------+-------+-----+
|DSP              |        -|    -|       -|      -|    -|
|Expression       |        -|    -|       0|    152|    -|
|FIFO             |        -|    -|       -|      -|    -|
|Instance         |        -|    -|     145|    314|    -|
|Memory           |        -|    -|       -|      -|    -|
|Multiplexer      |        -|    -|       -|    106|    -|
|Register         |        -|    -|      84|      -|    -|
+-----------------+---------+-----+--------+-------+-----+
|Total            |        0|    0|     229|    572|    0|
+-----------------+---------+-----+--------+-------+-----+
|Available        |      280|  220|  106400|  53200|    0|
+-----------------+---------+-----+--------+-------+-----+
|Utilization (%)  |        0|    0|      ~0|      1|    0|
+-----------------+---------+-----+--------+-------+-----+

+ Detail: 
    * Instance: 
    +-----------------------------------------------------------+------------------------------------------------+---------+----+-----+-----+-----+
    |                          Instance                         |                     Module                     | BRAM_18K| DSP|  FF | LUT | URAM|
    +-----------------------------------------------------------+------------------------------------------------+---------+----+-----+-----+-----+
    |grp_MultiPixStream2Bytes_Pipeline_VITIS_LOOP_930_1_fu_190  |MultiPixStream2Bytes_Pipeline_VITIS_LOOP_930_1  |        0|   0|  145|  314|    0|
    +-----------------------------------------------------------+------------------------------------------------+---------+----+-----+-----+-----+
    |Total                                                      |                                                |        0|   0|  145|  314|    0|
    +-----------------------------------------------------------+------------------------------------------------+---------+----+-----+-----+-----+

    * DSP: 
    N/A

    * Memory: 
    N/A

    * FIFO: 
    N/A

    * Expression: 
    +-----------------------+----------+----+---+----+------------+------------+
    |     Variable Name     | Operation| DSP| FF| LUT| Bitwidth P0| Bitwidth P1|
    +-----------------------+----------+----+---+----+------------+------------+
    |add_ln915_fu_213_p2    |         +|   0|  0|  23|          16|           3|
    |sub100_fu_247_p2       |         +|   0|  0|  14|          13|           2|
    |y_2_fu_322_p2          |         +|   0|  0|  12|          12|           1|
    |cmp103_2_fu_269_p2     |      icmp|   0|  0|  13|           4|           2|
    |cmp103_4_fu_291_p2     |      icmp|   0|  0|  13|           4|           3|
    |cmp103_5_fu_297_p2     |      icmp|   0|  0|  13|           4|           3|
    |cmp103_6_fu_303_p2     |      icmp|   0|  0|  13|           4|           3|
    |icmp12_fu_285_p2       |      icmp|   0|  0|  10|           2|           1|
    |icmp_fu_263_p2         |      icmp|   0|  0|  11|           3|           1|
    |icmp_ln920_fu_233_p2   |      icmp|   0|  0|  11|           3|           1|
    |icmp_ln927_fu_317_p2   |      icmp|   0|  0|  12|          12|          12|
    |ap_block_state1        |        or|   0|  0|   2|           1|           1|
    |remainPix_1_fu_239_p3  |    select|   0|  0|   5|           1|           5|
    +-----------------------+----------+----+---+----+------------+------------+
    |Total                  |          |   0|  0| 152|          79|          38|
    +-----------------------+----------+----+---+----+------------+------------+

    * Multiplexer: 
    +----------------------+----+-----------+-----+-----------+
    |         Name         | LUT| Input Size| Bits| Total Bits|
    +----------------------+----+-----------+-----+-----------+
    |Height_blk_n          |   9|          2|    1|          2|
    |VideoFormat_blk_n     |   9|          2|    1|          2|
    |WidthInBytes_blk_n    |   9|          2|    1|          2|
    |WidthInBytes_c_blk_n  |   9|          2|    1|          2|
    |ap_NS_fsm             |  25|          5|    1|          5|
    |ap_done               |   9|          2|    1|          2|
    |bytePlanes_write      |   9|          2|    1|          2|
    |height_c_blk_n        |   9|          2|    1|          2|
    |img_read              |   9|          2|    1|          2|
    |y_fu_152              |   9|          2|   12|         24|
    +----------------------+----+-----------+-----+-----------+
    |Total                 | 106|         23|   21|         45|
    +----------------------+----+-----------+-----+-----------+

    * Register: 
    +------------------------------------------------------------------------+----+----+-----+-----------+
    |                                  Name                                  | FF | LUT| Bits| Const Bits|
    +------------------------------------------------------------------------+----+----+-----+-----------+
    |Height_read_reg_337                                                     |  12|   0|   12|          0|
    |VideoFormat_read_reg_333                                                |   6|   0|    6|          0|
    |ap_CS_fsm                                                               |   4|   0|    4|          0|
    |ap_done_reg                                                             |   1|   0|    1|          0|
    |cmp103_2_reg_375                                                        |   1|   0|    1|          0|
    |cmp103_4_reg_385                                                        |   1|   0|    1|          0|
    |cmp103_5_reg_390                                                        |   1|   0|    1|          0|
    |cmp103_6_reg_395                                                        |   1|   0|    1|          0|
    |grp_MultiPixStream2Bytes_Pipeline_VITIS_LOOP_930_1_fu_190_ap_start_reg  |   1|   0|    1|          0|
    |icmp12_reg_380                                                          |   1|   0|    1|          0|
    |icmp_ln920_reg_360                                                      |   1|   0|    1|          0|
    |icmp_reg_370                                                            |   1|   0|    1|          0|
    |sub100_reg_365                                                          |  13|   0|   13|          0|
    |trunc_ln915_1_reg_355                                                   |  13|   0|   13|          0|
    |widthInPix_reg_342                                                      |  15|   0|   15|          0|
    |y_fu_152                                                                |  12|   0|   12|          0|
    +------------------------------------------------------------------------+----+----+-----+-----------+
    |Total                                                                   |  84|   0|   84|          0|
    +------------------------------------------------------------------------+----+----+-----+-----------+



================================================================
== Interface
================================================================
* Summary: 
+-------------------------------+-----+-----+------------+----------------------+--------------+
|           RTL Ports           | Dir | Bits|  Protocol  |     Source Object    |    C Type    |
+-------------------------------+-----+-----+------------+----------------------+--------------+
|ap_clk                         |   in|    1|  ap_ctrl_hs|  MultiPixStream2Bytes|  return value|
|ap_rst                         |   in|    1|  ap_ctrl_hs|  MultiPixStream2Bytes|  return value|
|ap_start                       |   in|    1|  ap_ctrl_hs|  MultiPixStream2Bytes|  return value|
|ap_done                        |  out|    1|  ap_ctrl_hs|  MultiPixStream2Bytes|  return value|
|ap_continue                    |   in|    1|  ap_ctrl_hs|  MultiPixStream2Bytes|  return value|
|ap_idle                        |  out|    1|  ap_ctrl_hs|  MultiPixStream2Bytes|  return value|
|ap_ready                       |  out|    1|  ap_ctrl_hs|  MultiPixStream2Bytes|  return value|
|img_dout                       |   in|   24|     ap_fifo|                   img|       pointer|
|img_num_data_valid             |   in|    2|     ap_fifo|                   img|       pointer|
|img_fifo_cap                   |   in|    2|     ap_fifo|                   img|       pointer|
|img_empty_n                    |   in|    1|     ap_fifo|                   img|       pointer|
|img_read                       |  out|    1|     ap_fifo|                   img|       pointer|
|bytePlanes_din                 |  out|   64|     ap_fifo|            bytePlanes|       pointer|
|bytePlanes_num_data_valid      |   in|   11|     ap_fifo|            bytePlanes|       pointer|
|bytePlanes_fifo_cap            |   in|   11|     ap_fifo|            bytePlanes|       pointer|
|bytePlanes_full_n              |   in|    1|     ap_fifo|            bytePlanes|       pointer|
|bytePlanes_write               |  out|    1|     ap_fifo|            bytePlanes|       pointer|
|Height_dout                    |   in|   12|     ap_fifo|                Height|       pointer|
|Height_num_data_valid          |   in|    2|     ap_fifo|                Height|       pointer|
|Height_fifo_cap                |   in|    2|     ap_fifo|                Height|       pointer|
|Height_empty_n                 |   in|    1|     ap_fifo|                Height|       pointer|
|Height_read                    |  out|    1|     ap_fifo|                Height|       pointer|
|WidthInBytes_dout              |   in|   15|     ap_fifo|          WidthInBytes|       pointer|
|WidthInBytes_num_data_valid    |   in|    3|     ap_fifo|          WidthInBytes|       pointer|
|WidthInBytes_fifo_cap          |   in|    3|     ap_fifo|          WidthInBytes|       pointer|
|WidthInBytes_empty_n           |   in|    1|     ap_fifo|          WidthInBytes|       pointer|
|WidthInBytes_read              |  out|    1|     ap_fifo|          WidthInBytes|       pointer|
|VideoFormat_dout               |   in|    6|     ap_fifo|           VideoFormat|       pointer|
|VideoFormat_num_data_valid     |   in|    3|     ap_fifo|           VideoFormat|       pointer|
|VideoFormat_fifo_cap           |   in|    3|     ap_fifo|           VideoFormat|       pointer|
|VideoFormat_empty_n            |   in|    1|     ap_fifo|           VideoFormat|       pointer|
|VideoFormat_read               |  out|    1|     ap_fifo|           VideoFormat|       pointer|
|WidthInBytes_c_din             |  out|   15|     ap_fifo|        WidthInBytes_c|       pointer|
|WidthInBytes_c_num_data_valid  |   in|    2|     ap_fifo|        WidthInBytes_c|       pointer|
|WidthInBytes_c_fifo_cap        |   in|    2|     ap_fifo|        WidthInBytes_c|       pointer|
|WidthInBytes_c_full_n          |   in|    1|     ap_fifo|        WidthInBytes_c|       pointer|
|WidthInBytes_c_write           |  out|    1|     ap_fifo|        WidthInBytes_c|       pointer|
|height_c_din                   |  out|   12|     ap_fifo|              height_c|       pointer|
|height_c_num_data_valid        |   in|    2|     ap_fifo|              height_c|       pointer|
|height_c_fifo_cap              |   in|    2|     ap_fifo|              height_c|       pointer|
|height_c_full_n                |   in|    1|     ap_fifo|              height_c|       pointer|
|height_c_write                 |  out|    1|     ap_fifo|              height_c|       pointer|
+-------------------------------+-----+-----+------------+----------------------+--------------+

============================================================
+ Verbose Summary: Synthesis Manager
============================================================
InlineROM: 1
ExposeGlobal: 0
============================================================
+ Verbose Summary: CDFG Model
============================================================
IsTopModel: 0
ResetActiveHigh: 1
IsCombinational: 2
IsDatapathOnly: 0
HasWiredReturn: 1
HasMFsm: 0
HasVarLatency: 1
IsPipeline: 0
IsRtlPipelined: 0
IsInstanceOverlapped: 0
IsDontTouch: 0
HasImplIP: 0
IsGatedGlobalClock: 0


============================================================
+ Verbose Summary: Schedule
============================================================
* Number of FSM states : 4
* Pipeline : 0
* Dataflow Pipeline: 0

* FSM state transitions: 
1 --> 2 3 
2 --> 3 
3 --> 4 
4 --> 3 

* FSM state operations: 

State 1 <SV = 0> <Delay = 7.26>
ST_1 : Operation 5 [1/1] (0.00ns)   --->   "%specinterface_ln0 = specinterface void @_ssdm_op_SpecInterface, i6 %VideoFormat, void @ap_fifo_str, i32 0, i32 0, void @p_str, i32 0, i32 0, void @p_str, void @p_str, void @p_str, i32 2, i32 2, i32 16, i32 16, void @p_str, void @ScalarProp_str, i32 4294967295, i32 0"   --->   Operation 5 'specinterface' 'specinterface_ln0' <Predicate = true> <Delay = 0.00>
ST_1 : Operation 6 [1/1] (3.63ns)   --->   "%VideoFormat_read = read i6 @_ssdm_op_Read.ap_fifo.i6P0A, i6 %VideoFormat"   --->   Operation 6 'read' 'VideoFormat_read' <Predicate = true> <Delay = 3.63> <CoreInst = "FIFO_SRL">   --->   Core 81 'FIFO_SRL' <Latency = 0> <II = 1> <Delay = 3.63> <Storage> <Opcode : 'read' 'write' 'nbread' 'nbwrite'> <Ports = 0> <Width = 6> <Depth = 3> <FIFO>
ST_1 : Operation 7 [1/1] (0.00ns)   --->   "%specinterface_ln0 = specinterface void @_ssdm_op_SpecInterface, i12 %Height, void @ap_fifo_str, i32 0, i32 0, void @p_str, i32 0, i32 0, void @p_str, void @p_str, void @p_str, i32 2, i32 2, i32 16, i32 16, void @p_str, void @ScalarProp_str, i32 4294967295, i32 0"   --->   Operation 7 'specinterface' 'specinterface_ln0' <Predicate = true> <Delay = 0.00>
ST_1 : Operation 8 [1/1] (3.63ns)   --->   "%Height_read = read i12 @_ssdm_op_Read.ap_fifo.i12P0A, i12 %Height"   --->   Operation 8 'read' 'Height_read' <Predicate = true> <Delay = 3.63> <CoreInst = "FIFO_SRL">   --->   Core 81 'FIFO_SRL' <Latency = 0> <II = 1> <Delay = 3.63> <Storage> <Opcode : 'read' 'write' 'nbread' 'nbwrite'> <Ports = 0> <Width = 12> <Depth = 2> <FIFO>
ST_1 : Operation 9 [1/1] (0.00ns)   --->   "%specinterface_ln0 = specinterface void @_ssdm_op_SpecInterface, i12 %height_c, void @ap_fifo_str, i32 0, i32 0, void @p_str, i32 0, i32 0, void @p_str, void @p_str, void @p_str, i32 2, i32 2, i32 16, i32 16, void @p_str, void @ScalarProp_str, i32 4294967295, i32 0"   --->   Operation 9 'specinterface' 'specinterface_ln0' <Predicate = true> <Delay = 0.00>
ST_1 : Operation 10 [1/1] (3.63ns)   --->   "%write_ln0 = write void @_ssdm_op_Write.ap_fifo.i12P0A, i12 %height_c, i12 %Height_read"   --->   Operation 10 'write' 'write_ln0' <Predicate = true> <Delay = 3.63> <CoreInst = "FIFO_SRL">   --->   Core 81 'FIFO_SRL' <Latency = 0> <II = 1> <Delay = 3.63> <Storage> <Opcode : 'read' 'write' 'nbread' 'nbwrite'> <Ports = 0> <Width = 12> <Depth = 2> <FIFO>
ST_1 : Operation 11 [1/1] (0.00ns)   --->   "%specinterface_ln0 = specinterface void @_ssdm_op_SpecInterface, i15 %WidthInBytes, void @ap_fifo_str, i32 0, i32 0, void @p_str, i32 0, i32 0, void @p_str, void @p_str, void @p_str, i32 2, i32 2, i32 16, i32 16, void @p_str, void @ScalarProp_str, i32 4294967295, i32 0"   --->   Operation 11 'specinterface' 'specinterface_ln0' <Predicate = true> <Delay = 0.00>
ST_1 : Operation 12 [1/1] (3.63ns)   --->   "%widthInPix = read i15 @_ssdm_op_Read.ap_fifo.i15P0A, i15 %WidthInBytes"   --->   Operation 12 'read' 'widthInPix' <Predicate = true> <Delay = 3.63> <CoreInst = "FIFO_SRL">   --->   Core 81 'FIFO_SRL' <Latency = 0> <II = 1> <Delay = 3.63> <Storage> <Opcode : 'read' 'write' 'nbread' 'nbwrite'> <Ports = 0> <Width = 15> <Depth = 3> <FIFO>
ST_1 : Operation 13 [1/1] (0.00ns)   --->   "%specinterface_ln0 = specinterface void @_ssdm_op_SpecInterface, i15 %WidthInBytes_c, void @ap_fifo_str, i32 0, i32 0, void @p_str, i32 0, i32 0, void @p_str, void @p_str, void @p_str, i32 2, i32 2, i32 16, i32 16, void @p_str, void @ScalarProp_str, i32 4294967295, i32 0"   --->   Operation 13 'specinterface' 'specinterface_ln0' <Predicate = true> <Delay = 0.00>
ST_1 : Operation 14 [1/1] (3.63ns)   --->   "%write_ln0 = write void @_ssdm_op_Write.ap_fifo.i15P0A, i15 %WidthInBytes_c, i15 %widthInPix"   --->   Operation 14 'write' 'write_ln0' <Predicate = true> <Delay = 3.63> <CoreInst = "FIFO_SRL">   --->   Core 81 'FIFO_SRL' <Latency = 0> <II = 1> <Delay = 3.63> <Storage> <Opcode : 'read' 'write' 'nbread' 'nbwrite'> <Ports = 0> <Width = 15> <Depth = 2> <FIFO>
ST_1 : Operation 15 [1/1] (0.00ns)   --->   "%specmemcore_ln0 = specmemcore void @_ssdm_op_SpecMemCore, i64 %bytePlanes, i64 666, i64 8, i64 18446744073709551615"   --->   Operation 15 'specmemcore' 'specmemcore_ln0' <Predicate = true> <Delay = 0.00>
ST_1 : Operation 16 [1/1] (0.00ns)   --->   "%specinterface_ln0 = specinterface void @_ssdm_op_SpecInterface, i64 %bytePlanes, void @empty_3, i32 0, i32 0, void @empty_14, i32 0, i32 0, void @empty_14, void @empty_14, void @empty_14, i32 0, i32 0, i32 0, i32 0, void @empty_14, void @empty_14, i32 4294967295, i32 0"   --->   Operation 16 'specinterface' 'specinterface_ln0' <Predicate = true> <Delay = 0.00>
ST_1 : Operation 17 [1/1] (0.00ns)   --->   "%specinterface_ln0 = specinterface void @_ssdm_op_SpecInterface, i24 %img, void @empty_3, i32 0, i32 0, void @empty_14, i32 0, i32 0, void @empty_14, void @empty_14, void @empty_14, i32 0, i32 0, i32 0, i32 0, void @empty_14, void @empty_14, i32 4294967295, i32 0"   --->   Operation 17 'specinterface' 'specinterface_ln0' <Predicate = true> <Delay = 0.00>
ST_1 : Operation 18 [1/1] (1.91ns)   --->   "%switch_ln274 = switch i6 %VideoFormat_read, void %if.end144, i6 43, void %if.end159, i6 42, void %if.end158, i6 11, void %if.end157, i6 10, void %if.end157, i6 27, void %if.end156, i6 16, void %if.end155, i6 15, void %if.end155, i6 12, void %if.end154, i6 28, void %if.end153, i6 19, void %if.end152, i6 18, void %if.end152, i6 23, void %if.end151, i6 22, void %if.end151, i6 33, void %if.end150, i6 32, void %if.end150, i6 38, void %if.end149, i6 37, void %if.end149, i6 21, void %if.end148, i6 20, void %if.end148, i6 31, void %if.end147, i6 30, void %if.end147, i6 36, void %if.end146, i6 35, void %if.end146, i6 29, void %if.end145, i6 24, void %if.then85" [C:/Users/Santiago/OneDrive/Escritorio/ov5640_sv_ed_800x600_v1/ov5640_sv_ed.runs/design_1_v_frmbuf_wr_0_0_synth_1/prj/sol/.autopilot/db/v_frmbuf_wr.cpp:274]   --->   Operation 18 'switch' 'switch_ln274' <Predicate = true> <Delay = 1.91>

State 2 <SV = 1> <Delay = 4.40>
ST_2 : Operation 19 [1/1] (0.00ns)   --->   "%y = alloca i32 1"   --->   Operation 19 'alloca' 'y' <Predicate = true> <Delay = 0.00>
ST_2 : Operation 20 [1/1] (0.00ns)   --->   "%remainPix = trunc i15 %widthInPix" [C:/Users/Santiago/OneDrive/Escritorio/ov5640_sv_ed_800x600_v1/ov5640_sv_ed.runs/design_1_v_frmbuf_wr_0_0_synth_1/prj/sol/.autopilot/db/v_frmbuf_wr.cpp:915]   --->   Operation 20 'trunc' 'remainPix' <Predicate = true> <Delay = 0.00>
ST_2 : Operation 21 [1/1] (0.00ns)   --->   "%zext_ln915 = zext i15 %widthInPix" [C:/Users/Santiago/OneDrive/Escritorio/ov5640_sv_ed_800x600_v1/ov5640_sv_ed.runs/design_1_v_frmbuf_wr_0_0_synth_1/prj/sol/.autopilot/db/v_frmbuf_wr.cpp:915]   --->   Operation 21 'zext' 'zext_ln915' <Predicate = true> <Delay = 0.00>
ST_2 : Operation 22 [1/1] (1.94ns)   --->   "%add_ln915 = add i16 %zext_ln915, i16 7" [C:/Users/Santiago/OneDrive/Escritorio/ov5640_sv_ed_800x600_v1/ov5640_sv_ed.runs/design_1_v_frmbuf_wr_0_0_synth_1/prj/sol/.autopilot/db/v_frmbuf_wr.cpp:915]   --->   Operation 22 'add' 'add_ln915' <Predicate = true> <Delay = 1.94> <CoreInst = "Adder">   --->   Core 1 'Adder' <Latency = 0> <II = 1> <Delay = 2.07> <FuncUnit> <Opcode : 'add' 'sub'> <InPorts = 2> <OutPorts = 1>
ST_2 : Operation 23 [1/1] (0.00ns)   --->   "%trunc_ln915_1 = partselect i13 @_ssdm_op_PartSelect.i13.i16.i32.i32, i16 %add_ln915, i32 3, i32 15" [C:/Users/Santiago/OneDrive/Escritorio/ov5640_sv_ed_800x600_v1/ov5640_sv_ed.runs/design_1_v_frmbuf_wr_0_0_synth_1/prj/sol/.autopilot/db/v_frmbuf_wr.cpp:915]   --->   Operation 23 'partselect' 'trunc_ln915_1' <Predicate = true> <Delay = 0.00>
ST_2 : Operation 24 [1/1] (0.00ns)   --->   "%zext_ln918 = zext i3 %remainPix" [C:/Users/Santiago/OneDrive/Escritorio/ov5640_sv_ed_800x600_v1/ov5640_sv_ed.runs/design_1_v_frmbuf_wr_0_0_synth_1/prj/sol/.autopilot/db/v_frmbuf_wr.cpp:918]   --->   Operation 24 'zext' 'zext_ln918' <Predicate = true> <Delay = 0.00>
ST_2 : Operation 25 [1/1] (1.65ns)   --->   "%icmp_ln920 = icmp_eq  i3 %remainPix, i3 0" [C:/Users/Santiago/OneDrive/Escritorio/ov5640_sv_ed_800x600_v1/ov5640_sv_ed.runs/design_1_v_frmbuf_wr_0_0_synth_1/prj/sol/.autopilot/db/v_frmbuf_wr.cpp:920]   --->   Operation 25 'icmp' 'icmp_ln920' <Predicate = true> <Delay = 1.65> <CoreInst = "Cmp">   --->   Core 9 'Cmp' <Latency = 0> <II = 1> <Delay = 1.65> <FuncUnit> <Opcode : 'icmp'> <InPorts = 2> <OutPorts = 1>
ST_2 : Operation 26 [1/1] (1.02ns)   --->   "%remainPix_1 = select i1 %icmp_ln920, i4 8, i4 %zext_ln918" [C:/Users/Santiago/OneDrive/Escritorio/ov5640_sv_ed_800x600_v1/ov5640_sv_ed.runs/design_1_v_frmbuf_wr_0_0_synth_1/prj/sol/.autopilot/db/v_frmbuf_wr.cpp:920]   --->   Operation 26 'select' 'remainPix_1' <Predicate = true> <Delay = 1.02> <CoreInst = "Sel">   --->   Core 73 'Sel' <Latency = 0> <II = 1> <Delay = 1.21> <FuncUnit> <Opcode : 'select'> <InPorts = 3> <OutPorts = 1>
ST_2 : Operation 27 [1/1] (1.67ns)   --->   "%sub100 = add i13 %trunc_ln915_1, i13 8191" [C:/Users/Santiago/OneDrive/Escritorio/ov5640_sv_ed_800x600_v1/ov5640_sv_ed.runs/design_1_v_frmbuf_wr_0_0_synth_1/prj/sol/.autopilot/db/v_frmbuf_wr.cpp:915]   --->   Operation 27 'add' 'sub100' <Predicate = true> <Delay = 1.67> <CoreInst = "Adder">   --->   Core 1 'Adder' <Latency = 0> <II = 1> <Delay = 1.67> <FuncUnit> <Opcode : 'add' 'sub'> <InPorts = 2> <OutPorts = 1>
ST_2 : Operation 28 [1/1] (0.00ns)   --->   "%tmp = partselect i3 @_ssdm_op_PartSelect.i3.i4.i32.i32, i4 %remainPix_1, i32 1, i32 3" [C:/Users/Santiago/OneDrive/Escritorio/ov5640_sv_ed_800x600_v1/ov5640_sv_ed.runs/design_1_v_frmbuf_wr_0_0_synth_1/prj/sol/.autopilot/db/v_frmbuf_wr.cpp:920]   --->   Operation 28 'partselect' 'tmp' <Predicate = true> <Delay = 0.00>
ST_2 : Operation 29 [1/1] (1.65ns)   --->   "%icmp = icmp_ne  i3 %tmp, i3 0" [C:/Users/Santiago/OneDrive/Escritorio/ov5640_sv_ed_800x600_v1/ov5640_sv_ed.runs/design_1_v_frmbuf_wr_0_0_synth_1/prj/sol/.autopilot/db/v_frmbuf_wr.cpp:920]   --->   Operation 29 'icmp' 'icmp' <Predicate = true> <Delay = 1.65> <CoreInst = "Cmp">   --->   Core 9 'Cmp' <Latency = 0> <II = 1> <Delay = 1.65> <FuncUnit> <Opcode : 'icmp'> <InPorts = 2> <OutPorts = 1>
ST_2 : Operation 30 [1/1] (1.73ns)   --->   "%cmp103_2 = icmp_ugt  i4 %remainPix_1, i4 2" [C:/Users/Santiago/OneDrive/Escritorio/ov5640_sv_ed_800x600_v1/ov5640_sv_ed.runs/design_1_v_frmbuf_wr_0_0_synth_1/prj/sol/.autopilot/db/v_frmbuf_wr.cpp:920]   --->   Operation 30 'icmp' 'cmp103_2' <Predicate = true> <Delay = 1.73> <CoreInst = "Cmp">   --->   Core 9 'Cmp' <Latency = 0> <II = 1> <Delay = 1.73> <FuncUnit> <Opcode : 'icmp'> <InPorts = 2> <OutPorts = 1>
ST_2 : Operation 31 [1/1] (0.00ns)   --->   "%tmp_1 = partselect i2 @_ssdm_op_PartSelect.i2.i4.i32.i32, i4 %remainPix_1, i32 2, i32 3" [C:/Users/Santiago/OneDrive/Escritorio/ov5640_sv_ed_800x600_v1/ov5640_sv_ed.runs/design_1_v_frmbuf_wr_0_0_synth_1/prj/sol/.autopilot/db/v_frmbuf_wr.cpp:920]   --->   Operation 31 'partselect' 'tmp_1' <Predicate = true> <Delay = 0.00>
ST_2 : Operation 32 [1/1] (1.56ns)   --->   "%icmp12 = icmp_ne  i2 %tmp_1, i2 0" [C:/Users/Santiago/OneDrive/Escritorio/ov5640_sv_ed_800x600_v1/ov5640_sv_ed.runs/design_1_v_frmbuf_wr_0_0_synth_1/prj/sol/.autopilot/db/v_frmbuf_wr.cpp:920]   --->   Operation 32 'icmp' 'icmp12' <Predicate = true> <Delay = 1.56> <CoreInst = "Cmp">   --->   Core 9 'Cmp' <Latency = 0> <II = 1> <Delay = 1.56> <FuncUnit> <Opcode : 'icmp'> <InPorts = 2> <OutPorts = 1>
ST_2 : Operation 33 [1/1] (1.73ns)   --->   "%cmp103_4 = icmp_ugt  i4 %remainPix_1, i4 4" [C:/Users/Santiago/OneDrive/Escritorio/ov5640_sv_ed_800x600_v1/ov5640_sv_ed.runs/design_1_v_frmbuf_wr_0_0_synth_1/prj/sol/.autopilot/db/v_frmbuf_wr.cpp:920]   --->   Operation 33 'icmp' 'cmp103_4' <Predicate = true> <Delay = 1.73> <CoreInst = "Cmp">   --->   Core 9 'Cmp' <Latency = 0> <II = 1> <Delay = 1.73> <FuncUnit> <Opcode : 'icmp'> <InPorts = 2> <OutPorts = 1>
ST_2 : Operation 34 [1/1] (1.73ns)   --->   "%cmp103_5 = icmp_ugt  i4 %remainPix_1, i4 5" [C:/Users/Santiago/OneDrive/Escritorio/ov5640_sv_ed_800x600_v1/ov5640_sv_ed.runs/design_1_v_frmbuf_wr_0_0_synth_1/prj/sol/.autopilot/db/v_frmbuf_wr.cpp:920]   --->   Operation 34 'icmp' 'cmp103_5' <Predicate = true> <Delay = 1.73> <CoreInst = "Cmp">   --->   Core 9 'Cmp' <Latency = 0> <II = 1> <Delay = 1.73> <FuncUnit> <Opcode : 'icmp'> <InPorts = 2> <OutPorts = 1>
ST_2 : Operation 35 [1/1] (1.73ns)   --->   "%cmp103_6 = icmp_ugt  i4 %remainPix_1, i4 6" [C:/Users/Santiago/OneDrive/Escritorio/ov5640_sv_ed_800x600_v1/ov5640_sv_ed.runs/design_1_v_frmbuf_wr_0_0_synth_1/prj/sol/.autopilot/db/v_frmbuf_wr.cpp:920]   --->   Operation 35 'icmp' 'cmp103_6' <Predicate = true> <Delay = 1.73> <CoreInst = "Cmp">   --->   Core 9 'Cmp' <Latency = 0> <II = 1> <Delay = 1.73> <FuncUnit> <Opcode : 'icmp'> <InPorts = 2> <OutPorts = 1>
ST_2 : Operation 36 [1/1] (1.58ns)   --->   "%store_ln927 = store i12 0, i12 %y" [C:/Users/Santiago/OneDrive/Escritorio/ov5640_sv_ed_800x600_v1/ov5640_sv_ed.runs/design_1_v_frmbuf_wr_0_0_synth_1/prj/sol/.autopilot/db/v_frmbuf_wr.cpp:927]   --->   Operation 36 'store' 'store_ln927' <Predicate = true> <Delay = 1.58>
ST_2 : Operation 37 [1/1] (0.00ns)   --->   "%br_ln927 = br void %VITIS_LOOP_930_1" [C:/Users/Santiago/OneDrive/Escritorio/ov5640_sv_ed_800x600_v1/ov5640_sv_ed.runs/design_1_v_frmbuf_wr_0_0_synth_1/prj/sol/.autopilot/db/v_frmbuf_wr.cpp:927]   --->   Operation 37 'br' 'br_ln927' <Predicate = true> <Delay = 0.00>

State 3 <SV = 2> <Delay = 4.81>
ST_3 : Operation 38 [1/1] (0.00ns)   --->   "%y_1 = load i12 %y" [C:/Users/Santiago/OneDrive/Escritorio/ov5640_sv_ed_800x600_v1/ov5640_sv_ed.runs/design_1_v_frmbuf_wr_0_0_synth_1/prj/sol/.autopilot/db/v_frmbuf_wr.cpp:927]   --->   Operation 38 'load' 'y_1' <Predicate = (VideoFormat_read == 24)> <Delay = 0.00>
ST_3 : Operation 39 [1/1] (1.54ns)   --->   "%icmp_ln927 = icmp_eq  i12 %y_1, i12 %Height_read" [C:/Users/Santiago/OneDrive/Escritorio/ov5640_sv_ed_800x600_v1/ov5640_sv_ed.runs/design_1_v_frmbuf_wr_0_0_synth_1/prj/sol/.autopilot/db/v_frmbuf_wr.cpp:927]   --->   Operation 39 'icmp' 'icmp_ln927' <Predicate = (VideoFormat_read == 24)> <Delay = 1.54> <CoreInst = "Cmp">   --->   Core 9 'Cmp' <Latency = 0> <II = 1> <Delay = 1.54> <FuncUnit> <Opcode : 'icmp'> <InPorts = 2> <OutPorts = 1>
ST_3 : Operation 40 [1/1] (1.54ns)   --->   "%y_2 = add i12 %y_1, i12 1" [C:/Users/Santiago/OneDrive/Escritorio/ov5640_sv_ed_800x600_v1/ov5640_sv_ed.runs/design_1_v_frmbuf_wr_0_0_synth_1/prj/sol/.autopilot/db/v_frmbuf_wr.cpp:927]   --->   Operation 40 'add' 'y_2' <Predicate = (VideoFormat_read == 24)> <Delay = 1.54> <CoreInst = "Adder">   --->   Core 1 'Adder' <Latency = 0> <II = 1> <Delay = 1.54> <FuncUnit> <Opcode : 'add' 'sub'> <InPorts = 2> <OutPorts = 1>
ST_3 : Operation 41 [1/1] (0.00ns)   --->   "%br_ln927 = br i1 %icmp_ln927, void %VITIS_LOOP_930_1.split, void %if.end144.loopexit" [C:/Users/Santiago/OneDrive/Escritorio/ov5640_sv_ed_800x600_v1/ov5640_sv_ed.runs/design_1_v_frmbuf_wr_0_0_synth_1/prj/sol/.autopilot/db/v_frmbuf_wr.cpp:927]   --->   Operation 41 'br' 'br_ln927' <Predicate = (VideoFormat_read == 24)> <Delay = 0.00>
ST_3 : Operation 42 [1/1] (0.00ns)   --->   "%empty = wait i32 @_ssdm_op_Wait"   --->   Operation 42 'wait' 'empty' <Predicate = (VideoFormat_read == 24 & !icmp_ln927)> <Delay = 0.00>
ST_3 : Operation 43 [2/2] (3.26ns)   --->   "%call_ln915 = call void @MultiPixStream2Bytes_Pipeline_VITIS_LOOP_930_1, i13 %trunc_ln915_1, i64 %bytePlanes, i1 %icmp_ln920, i1 %cmp103_6, i1 %cmp103_5, i1 %cmp103_4, i1 %icmp12, i1 %cmp103_2, i13 %sub100, i24 %img, i1 %icmp" [C:/Users/Santiago/OneDrive/Escritorio/ov5640_sv_ed_800x600_v1/ov5640_sv_ed.runs/design_1_v_frmbuf_wr_0_0_synth_1/prj/sol/.autopilot/db/v_frmbuf_wr.cpp:915]   --->   Operation 43 'call' 'call_ln915' <Predicate = (VideoFormat_read == 24 & !icmp_ln927)> <Delay = 3.26> <CoreType = "Generic">   --->   Core 0 '' <Latency = 0> <II = 1> <Delay = 1.00> <Generic> <Opcode : >
ST_3 : Operation 44 [1/1] (1.58ns)   --->   "%store_ln927 = store i12 %y_2, i12 %y" [C:/Users/Santiago/OneDrive/Escritorio/ov5640_sv_ed_800x600_v1/ov5640_sv_ed.runs/design_1_v_frmbuf_wr_0_0_synth_1/prj/sol/.autopilot/db/v_frmbuf_wr.cpp:927]   --->   Operation 44 'store' 'store_ln927' <Predicate = (VideoFormat_read == 24 & !icmp_ln927)> <Delay = 1.58>
ST_3 : Operation 45 [1/1] (0.00ns)   --->   "%br_ln0 = br void %if.end144"   --->   Operation 45 'br' 'br_ln0' <Predicate = (VideoFormat_read == 24 & icmp_ln927)> <Delay = 0.00>
ST_3 : Operation 46 [1/1] (0.00ns)   --->   "%br_ln0 = br void %if.end145"   --->   Operation 46 'br' 'br_ln0' <Predicate = (VideoFormat_read == 63) | (VideoFormat_read == 62) | (VideoFormat_read == 61) | (VideoFormat_read == 60) | (VideoFormat_read == 59) | (VideoFormat_read == 58) | (VideoFormat_read == 57) | (VideoFormat_read == 56) | (VideoFormat_read == 55) | (VideoFormat_read == 54) | (VideoFormat_read == 53) | (VideoFormat_read == 52) | (VideoFormat_read == 51) | (VideoFormat_read == 50) | (VideoFormat_read == 49) | (VideoFormat_read == 48) | (VideoFormat_read == 47) | (VideoFormat_read == 46) | (VideoFormat_read == 45) | (VideoFormat_read == 44) | (VideoFormat_read == 41) | (VideoFormat_read == 40) | (VideoFormat_read == 39) | (VideoFormat_read == 34) | (VideoFormat_read == 26) | (VideoFormat_read == 25) | (VideoFormat_read == 17) | (VideoFormat_read == 14) | (VideoFormat_read == 13) | (VideoFormat_read == 9) | (VideoFormat_read == 8) | (VideoFormat_read == 7) | (VideoFormat_read == 6) | (VideoFormat_read == 5) | (VideoFormat_read == 4) | (VideoFormat_read == 3) | (VideoFormat_read == 2) | (VideoFormat_read == 1) | (VideoFormat_read == 0) | (VideoFormat_read == 24 & icmp_ln927)> <Delay = 0.00>
ST_3 : Operation 47 [1/1] (0.00ns)   --->   "%br_ln0 = br void %if.end146"   --->   Operation 47 'br' 'br_ln0' <Predicate = (VideoFormat_read == 24 & icmp_ln927) | (VideoFormat_read != 43 & VideoFormat_read != 42 & VideoFormat_read != 11 & VideoFormat_read != 10 & VideoFormat_read != 27 & VideoFormat_read != 16 & VideoFormat_read != 15 & VideoFormat_read != 12 & VideoFormat_read != 28 & VideoFormat_read != 19 & VideoFormat_read != 18 & VideoFormat_read != 23 & VideoFormat_read != 22 & VideoFormat_read != 33 & VideoFormat_read != 32 & VideoFormat_read != 38 & VideoFormat_read != 37 & VideoFormat_read != 21 & VideoFormat_read != 20 & VideoFormat_read != 31 & VideoFormat_read != 30 & VideoFormat_read != 36 & VideoFormat_read != 35 & VideoFormat_read != 24)> <Delay = 0.00>
ST_3 : Operation 48 [1/1] (0.00ns)   --->   "%br_ln0 = br void %if.end147"   --->   Operation 48 'br' 'br_ln0' <Predicate = (VideoFormat_read == 24 & icmp_ln927) | (VideoFormat_read != 43 & VideoFormat_read != 42 & VideoFormat_read != 11 & VideoFormat_read != 10 & VideoFormat_read != 27 & VideoFormat_read != 16 & VideoFormat_read != 15 & VideoFormat_read != 12 & VideoFormat_read != 28 & VideoFormat_read != 19 & VideoFormat_read != 18 & VideoFormat_read != 23 & VideoFormat_read != 22 & VideoFormat_read != 33 & VideoFormat_read != 32 & VideoFormat_read != 38 & VideoFormat_read != 37 & VideoFormat_read != 21 & VideoFormat_read != 20 & VideoFormat_read != 31 & VideoFormat_read != 30 & VideoFormat_read != 24)> <Delay = 0.00>
ST_3 : Operation 49 [1/1] (0.00ns)   --->   "%br_ln0 = br void %if.end148"   --->   Operation 49 'br' 'br_ln0' <Predicate = (VideoFormat_read == 24 & icmp_ln927) | (VideoFormat_read != 43 & VideoFormat_read != 42 & VideoFormat_read != 11 & VideoFormat_read != 10 & VideoFormat_read != 27 & VideoFormat_read != 16 & VideoFormat_read != 15 & VideoFormat_read != 12 & VideoFormat_read != 28 & VideoFormat_read != 19 & VideoFormat_read != 18 & VideoFormat_read != 23 & VideoFormat_read != 22 & VideoFormat_read != 33 & VideoFormat_read != 32 & VideoFormat_read != 38 & VideoFormat_read != 37 & VideoFormat_read != 21 & VideoFormat_read != 20 & VideoFormat_read != 24)> <Delay = 0.00>
ST_3 : Operation 50 [1/1] (0.00ns)   --->   "%br_ln0 = br void %if.end149"   --->   Operation 50 'br' 'br_ln0' <Predicate = (VideoFormat_read == 24 & icmp_ln927) | (VideoFormat_read != 43 & VideoFormat_read != 42 & VideoFormat_read != 11 & VideoFormat_read != 10 & VideoFormat_read != 27 & VideoFormat_read != 16 & VideoFormat_read != 15 & VideoFormat_read != 12 & VideoFormat_read != 28 & VideoFormat_read != 19 & VideoFormat_read != 18 & VideoFormat_read != 23 & VideoFormat_read != 22 & VideoFormat_read != 33 & VideoFormat_read != 32 & VideoFormat_read != 38 & VideoFormat_read != 37 & VideoFormat_read != 24)> <Delay = 0.00>
ST_3 : Operation 51 [1/1] (0.00ns)   --->   "%br_ln0 = br void %if.end150"   --->   Operation 51 'br' 'br_ln0' <Predicate = (VideoFormat_read == 24 & icmp_ln927) | (VideoFormat_read != 43 & VideoFormat_read != 42 & VideoFormat_read != 11 & VideoFormat_read != 10 & VideoFormat_read != 27 & VideoFormat_read != 16 & VideoFormat_read != 15 & VideoFormat_read != 12 & VideoFormat_read != 28 & VideoFormat_read != 19 & VideoFormat_read != 18 & VideoFormat_read != 23 & VideoFormat_read != 22 & VideoFormat_read != 33 & VideoFormat_read != 32 & VideoFormat_read != 24)> <Delay = 0.00>
ST_3 : Operation 52 [1/1] (0.00ns)   --->   "%br_ln0 = br void %if.end151"   --->   Operation 52 'br' 'br_ln0' <Predicate = (VideoFormat_read == 24 & icmp_ln927) | (VideoFormat_read != 43 & VideoFormat_read != 42 & VideoFormat_read != 11 & VideoFormat_read != 10 & VideoFormat_read != 27 & VideoFormat_read != 16 & VideoFormat_read != 15 & VideoFormat_read != 12 & VideoFormat_read != 28 & VideoFormat_read != 19 & VideoFormat_read != 18 & VideoFormat_read != 23 & VideoFormat_read != 22 & VideoFormat_read != 24)> <Delay = 0.00>
ST_3 : Operation 53 [1/1] (0.00ns)   --->   "%br_ln0 = br void %if.end152"   --->   Operation 53 'br' 'br_ln0' <Predicate = (VideoFormat_read == 24 & icmp_ln927) | (VideoFormat_read != 43 & VideoFormat_read != 42 & VideoFormat_read != 11 & VideoFormat_read != 10 & VideoFormat_read != 27 & VideoFormat_read != 16 & VideoFormat_read != 15 & VideoFormat_read != 12 & VideoFormat_read != 28 & VideoFormat_read != 19 & VideoFormat_read != 18 & VideoFormat_read != 24)> <Delay = 0.00>
ST_3 : Operation 54 [1/1] (0.00ns)   --->   "%br_ln0 = br void %if.end153"   --->   Operation 54 'br' 'br_ln0' <Predicate = (VideoFormat_read == 24 & icmp_ln927) | (VideoFormat_read != 43 & VideoFormat_read != 42 & VideoFormat_read != 11 & VideoFormat_read != 10 & VideoFormat_read != 27 & VideoFormat_read != 16 & VideoFormat_read != 15 & VideoFormat_read != 12 & VideoFormat_read != 28 & VideoFormat_read != 24)> <Delay = 0.00>
ST_3 : Operation 55 [1/1] (0.00ns)   --->   "%br_ln0 = br void %if.end154"   --->   Operation 55 'br' 'br_ln0' <Predicate = (VideoFormat_read == 24 & icmp_ln927) | (VideoFormat_read != 43 & VideoFormat_read != 42 & VideoFormat_read != 11 & VideoFormat_read != 10 & VideoFormat_read != 27 & VideoFormat_read != 16 & VideoFormat_read != 15 & VideoFormat_read != 12 & VideoFormat_read != 24)> <Delay = 0.00>
ST_3 : Operation 56 [1/1] (0.00ns)   --->   "%br_ln0 = br void %if.end155"   --->   Operation 56 'br' 'br_ln0' <Predicate = (VideoFormat_read == 24 & icmp_ln927) | (VideoFormat_read != 43 & VideoFormat_read != 42 & VideoFormat_read != 11 & VideoFormat_read != 10 & VideoFormat_read != 27 & VideoFormat_read != 16 & VideoFormat_read != 15 & VideoFormat_read != 24)> <Delay = 0.00>
ST_3 : Operation 57 [1/1] (0.00ns)   --->   "%br_ln0 = br void %if.end156"   --->   Operation 57 'br' 'br_ln0' <Predicate = (VideoFormat_read == 24 & icmp_ln927) | (VideoFormat_read != 43 & VideoFormat_read != 42 & VideoFormat_read != 11 & VideoFormat_read != 10 & VideoFormat_read != 27 & VideoFormat_read != 24)> <Delay = 0.00>
ST_3 : Operation 58 [1/1] (0.00ns)   --->   "%br_ln0 = br void %if.end157"   --->   Operation 58 'br' 'br_ln0' <Predicate = (VideoFormat_read == 24 & icmp_ln927) | (VideoFormat_read != 43 & VideoFormat_read != 42 & VideoFormat_read != 11 & VideoFormat_read != 10 & VideoFormat_read != 24)> <Delay = 0.00>
ST_3 : Operation 59 [1/1] (0.00ns)   --->   "%br_ln0 = br void %if.end158"   --->   Operation 59 'br' 'br_ln0' <Predicate = (VideoFormat_read == 24 & icmp_ln927) | (VideoFormat_read != 43 & VideoFormat_read != 42 & VideoFormat_read != 24)> <Delay = 0.00>
ST_3 : Operation 60 [1/1] (0.00ns)   --->   "%br_ln0 = br void %if.end159"   --->   Operation 60 'br' 'br_ln0' <Predicate = (VideoFormat_read != 43 & icmp_ln927) | (VideoFormat_read != 43 & VideoFormat_read != 24) | (VideoFormat_read != 43 & VideoFormat_read == 29) | (VideoFormat_read != 43 & VideoFormat_read == 35) | (VideoFormat_read != 43 & VideoFormat_read == 36) | (VideoFormat_read != 43 & VideoFormat_read == 30) | (VideoFormat_read != 43 & VideoFormat_read == 31) | (VideoFormat_read != 43 & VideoFormat_read == 20) | (VideoFormat_read != 43 & VideoFormat_read == 21) | (VideoFormat_read != 43 & VideoFormat_read == 37) | (VideoFormat_read != 43 & VideoFormat_read == 38) | (VideoFormat_read != 43 & VideoFormat_read == 32) | (VideoFormat_read != 43 & VideoFormat_read == 33) | (VideoFormat_read != 43 & VideoFormat_read == 22) | (VideoFormat_read != 43 & VideoFormat_read == 23) | (VideoFormat_read != 43 & VideoFormat_read == 18) | (VideoFormat_read != 43 & VideoFormat_read == 19) | (VideoFormat_read != 43 & VideoFormat_read == 28) | (VideoFormat_read != 43 & VideoFormat_read == 12) | (VideoFormat_read != 43 & VideoFormat_read == 15) | (VideoFormat_read != 43 & VideoFormat_read == 16) | (VideoFormat_read != 43 & VideoFormat_read == 27) | (VideoFormat_read != 43 & VideoFormat_read == 10) | (VideoFormat_read != 43 & VideoFormat_read == 11) | (VideoFormat_read != 43 & VideoFormat_read == 42)> <Delay = 0.00>
ST_3 : Operation 61 [1/1] (0.00ns)   --->   "%ret_ln1056 = ret" [C:/Users/Santiago/OneDrive/Escritorio/ov5640_sv_ed_800x600_v1/ov5640_sv_ed.runs/design_1_v_frmbuf_wr_0_0_synth_1/prj/sol/.autopilot/db/v_frmbuf_wr.cpp:1056]   --->   Operation 61 'ret' 'ret_ln1056' <Predicate = (icmp_ln927) | (VideoFormat_read != 24)> <Delay = 0.00>

State 4 <SV = 3> <Delay = 0.00>
ST_4 : Operation 62 [1/1] (0.00ns)   --->   "%speclooptripcount_ln928 = speclooptripcount void @_ssdm_op_SpecLoopTripCount, i64 0, i64 4320, i64 2160" [C:/Users/Santiago/OneDrive/Escritorio/ov5640_sv_ed_800x600_v1/ov5640_sv_ed.runs/design_1_v_frmbuf_wr_0_0_synth_1/prj/sol/.autopilot/db/v_frmbuf_wr.cpp:928]   --->   Operation 62 'speclooptripcount' 'speclooptripcount_ln928' <Predicate = true> <Delay = 0.00>
ST_4 : Operation 63 [1/1] (0.00ns)   --->   "%specloopname_ln927 = specloopname void @_ssdm_op_SpecLoopName, void @empty_10" [C:/Users/Santiago/OneDrive/Escritorio/ov5640_sv_ed_800x600_v1/ov5640_sv_ed.runs/design_1_v_frmbuf_wr_0_0_synth_1/prj/sol/.autopilot/db/v_frmbuf_wr.cpp:927]   --->   Operation 63 'specloopname' 'specloopname_ln927' <Predicate = true> <Delay = 0.00>
ST_4 : Operation 64 [1/2] (0.00ns)   --->   "%call_ln915 = call void @MultiPixStream2Bytes_Pipeline_VITIS_LOOP_930_1, i13 %trunc_ln915_1, i64 %bytePlanes, i1 %icmp_ln920, i1 %cmp103_6, i1 %cmp103_5, i1 %cmp103_4, i1 %icmp12, i1 %cmp103_2, i13 %sub100, i24 %img, i1 %icmp" [C:/Users/Santiago/OneDrive/Escritorio/ov5640_sv_ed_800x600_v1/ov5640_sv_ed.runs/design_1_v_frmbuf_wr_0_0_synth_1/prj/sol/.autopilot/db/v_frmbuf_wr.cpp:915]   --->   Operation 64 'call' 'call_ln915' <Predicate = true> <Delay = 0.00> <CoreType = "Generic">   --->   Core 0 '' <Latency = 0> <II = 1> <Delay = 1.00> <Generic> <Opcode : >
ST_4 : Operation 65 [1/1] (0.00ns)   --->   "%br_ln927 = br void %VITIS_LOOP_930_1" [C:/Users/Santiago/OneDrive/Escritorio/ov5640_sv_ed_800x600_v1/ov5640_sv_ed.runs/design_1_v_frmbuf_wr_0_0_synth_1/prj/sol/.autopilot/db/v_frmbuf_wr.cpp:927]   --->   Operation 65 'br' 'br_ln927' <Predicate = true> <Delay = 0.00>


============================================================
+ Verbose Summary: Binding
============================================================
STG Binding: 
---------------- STG Properties BEGIN ----------------
- Is combinational: 0
- Is one-state seq: 0
- Is datapath-only: 0
- Is pipelined: 0
- Is top level: 0
Port [ Return ] is wired: 1; IO mode=ap_ctrl_hs:ce=0
Port [ img]:  wired=1; compound=1; hidden=0; nouse=0; global=0; static=0; extern=0; dir=0; type=3; pingpong=0; private_global=0; IO mode=ap_fifo:ce=0
Port [ bytePlanes]:  wired=1; compound=1; hidden=0; nouse=0; global=0; static=0; extern=0; dir=1; type=3; pingpong=0; private_global=0; IO mode=ap_fifo:ce=0
Port [ Height]:  wired=1; compound=1; hidden=0; nouse=0; global=0; static=0; extern=0; dir=0; type=3; pingpong=0; private_global=0; IO mode=ap_fifo:ce=0
Port [ WidthInBytes]:  wired=1; compound=1; hidden=0; nouse=0; global=0; static=0; extern=0; dir=0; type=3; pingpong=0; private_global=0; IO mode=ap_fifo:ce=0
Port [ VideoFormat]:  wired=1; compound=1; hidden=0; nouse=0; global=0; static=0; extern=0; dir=0; type=3; pingpong=0; private_global=0; IO mode=ap_fifo:ce=0
Port [ WidthInBytes_c]:  wired=1; compound=1; hidden=0; nouse=0; global=0; static=0; extern=0; dir=1; type=3; pingpong=0; private_global=0; IO mode=ap_fifo:ce=0
Port [ height_c]:  wired=1; compound=1; hidden=0; nouse=0; global=0; static=0; extern=0; dir=1; type=3; pingpong=0; private_global=0; IO mode=ap_fifo:ce=0
---------------- STG Properties END ------------------

---------------- Datapath Model BEGIN ----------------

<LifeTime>
<method=bitvector/>
specinterface_ln0       (specinterface    ) [ 00000]
VideoFormat_read        (read             ) [ 01111]
specinterface_ln0       (specinterface    ) [ 00000]
Height_read             (read             ) [ 00111]
specinterface_ln0       (specinterface    ) [ 00000]
write_ln0               (write            ) [ 00000]
specinterface_ln0       (specinterface    ) [ 00000]
widthInPix              (read             ) [ 00100]
specinterface_ln0       (specinterface    ) [ 00000]
write_ln0               (write            ) [ 00000]
specmemcore_ln0         (specmemcore      ) [ 00000]
specinterface_ln0       (specinterface    ) [ 00000]
specinterface_ln0       (specinterface    ) [ 00000]
switch_ln274            (switch           ) [ 00000]
y                       (alloca           ) [ 00111]
remainPix               (trunc            ) [ 00000]
zext_ln915              (zext             ) [ 00000]
add_ln915               (add              ) [ 00000]
trunc_ln915_1           (partselect       ) [ 00011]
zext_ln918              (zext             ) [ 00000]
icmp_ln920              (icmp             ) [ 00011]
remainPix_1             (select           ) [ 00000]
sub100                  (add              ) [ 00011]
tmp                     (partselect       ) [ 00000]
icmp                    (icmp             ) [ 00011]
cmp103_2                (icmp             ) [ 00011]
tmp_1                   (partselect       ) [ 00000]
icmp12                  (icmp             ) [ 00011]
cmp103_4                (icmp             ) [ 00011]
cmp103_5                (icmp             ) [ 00011]
cmp103_6                (icmp             ) [ 00011]
store_ln927             (store            ) [ 00000]
br_ln927                (br               ) [ 00000]
y_1                     (load             ) [ 00000]
icmp_ln927              (icmp             ) [ 00011]
y_2                     (add              ) [ 00000]
br_ln927                (br               ) [ 00000]
empty                   (wait             ) [ 00000]
store_ln927             (store            ) [ 00000]
br_ln0                  (br               ) [ 00000]
br_ln0                  (br               ) [ 00000]
br_ln0                  (br               ) [ 00000]
br_ln0                  (br               ) [ 00000]
br_ln0                  (br               ) [ 00000]
br_ln0                  (br               ) [ 00000]
br_ln0                  (br               ) [ 00000]
br_ln0                  (br               ) [ 00000]
br_ln0                  (br               ) [ 00000]
br_ln0                  (br               ) [ 00000]
br_ln0                  (br               ) [ 00000]
br_ln0                  (br               ) [ 00000]
br_ln0                  (br               ) [ 00000]
br_ln0                  (br               ) [ 00000]
br_ln0                  (br               ) [ 00000]
br_ln0                  (br               ) [ 00000]
ret_ln1056              (ret              ) [ 00000]
speclooptripcount_ln928 (speclooptripcount) [ 00000]
specloopname_ln927      (specloopname     ) [ 00000]
call_ln915              (call             ) [ 00000]
br_ln927                (br               ) [ 00000]
</LifeTime>

<model>

<comp_list>
<comp id="0" class="1000" name="img">
<pin_list>
<pin id="1" dir="1" index="0" bw="1" slack="0"/>
</pin_list>
<bind>
<StgValue><ssdm name="img"/></StgValue>
</bind>
</comp>

<comp id="2" class="1000" name="bytePlanes">
<pin_list>
<pin id="3" dir="1" index="0" bw="1" slack="0"/>
</pin_list>
<bind>
<StgValue><ssdm name="bytePlanes"/></StgValue>
</bind>
</comp>

<comp id="4" class="1000" name="Height">
<pin_list>
<pin id="5" dir="1" index="0" bw="1" slack="0"/>
</pin_list>
<bind>
<StgValue><ssdm name="Height"/></StgValue>
</bind>
</comp>

<comp id="6" class="1000" name="WidthInBytes">
<pin_list>
<pin id="7" dir="1" index="0" bw="1" slack="0"/>
</pin_list>
<bind>
<StgValue><ssdm name="WidthInBytes"/></StgValue>
</bind>
</comp>

<comp id="8" class="1000" name="VideoFormat">
<pin_list>
<pin id="9" dir="1" index="0" bw="1" slack="0"/>
</pin_list>
<bind>
<StgValue><ssdm name="VideoFormat"/></StgValue>
</bind>
</comp>

<comp id="10" class="1000" name="WidthInBytes_c">
<pin_list>
<pin id="11" dir="1" index="0" bw="1" slack="0"/>
</pin_list>
<bind>
<StgValue><ssdm name="WidthInBytes_c"/></StgValue>
</bind>
</comp>

<comp id="12" class="1000" name="height_c">
<pin_list>
<pin id="13" dir="1" index="0" bw="1" slack="0"/>
</pin_list>
<bind>
<StgValue><ssdm name="height_c"/></StgValue>
</bind>
</comp>

<comp id="14" class="1001" name="const_14">
<pin_list>
<pin id="15" dir="1" index="0" bw="1" slack="2147483647"/>
</pin_list>
<bind>
<StgValue><ssdm name="_ssdm_op_SpecInterface"/></StgValue>
</bind>
</comp>

<comp id="16" class="1001" name="const_16">
<pin_list>
<pin id="17" dir="1" index="0" bw="1" slack="2147483647"/>
</pin_list>
<bind>
<StgValue><ssdm name="ap_fifo_str"/></StgValue>
</bind>
</comp>

<comp id="18" class="1001" name="const_18">
<pin_list>
<pin id="19" dir="1" index="0" bw="1" slack="2147483647"/>
</pin_list>
<bind>
<StgValue><ssdm name=""/></StgValue>
</bind>
</comp>

<comp id="20" class="1001" name="const_20">
<pin_list>
<pin id="21" dir="1" index="0" bw="1" slack="2147483647"/>
</pin_list>
<bind>
<StgValue><ssdm name="p_str"/></StgValue>
</bind>
</comp>

<comp id="22" class="1001" name="const_22">
<pin_list>
<pin id="23" dir="1" index="0" bw="1" slack="0"/>
</pin_list>
<bind>
<StgValue><ssdm name=""/></StgValue>
</bind>
</comp>

<comp id="24" class="1001" name="const_24">
<pin_list>
<pin id="25" dir="1" index="0" bw="1" slack="2147483647"/>
</pin_list>
<bind>
<StgValue><ssdm name=""/></StgValue>
</bind>
</comp>

<comp id="26" class="1001" name="const_26">
<pin_list>
<pin id="27" dir="1" index="0" bw="1" slack="2147483647"/>
</pin_list>
<bind>
<StgValue><ssdm name="ScalarProp_str"/></StgValue>
</bind>
</comp>

<comp id="28" class="1001" name="const_28">
<pin_list>
<pin id="29" dir="1" index="0" bw="1" slack="2147483647"/>
</pin_list>
<bind>
<StgValue><ssdm name=""/></StgValue>
</bind>
</comp>

<comp id="30" class="1001" name="const_30">
<pin_list>
<pin id="31" dir="1" index="0" bw="1" slack="0"/>
</pin_list>
<bind>
<StgValue><ssdm name="_ssdm_op_Read.ap_fifo.i6P0A"/></StgValue>
</bind>
</comp>

<comp id="32" class="1001" name="const_32">
<pin_list>
<pin id="33" dir="1" index="0" bw="1" slack="0"/>
</pin_list>
<bind>
<StgValue><ssdm name="_ssdm_op_Read.ap_fifo.i12P0A"/></StgValue>
</bind>
</comp>

<comp id="34" class="1001" name="const_34">
<pin_list>
<pin id="35" dir="1" index="0" bw="1" slack="0"/>
</pin_list>
<bind>
<StgValue><ssdm name="_ssdm_op_Write.ap_fifo.i12P0A"/></StgValue>
</bind>
</comp>

<comp id="36" class="1001" name="const_36">
<pin_list>
<pin id="37" dir="1" index="0" bw="1" slack="0"/>
</pin_list>
<bind>
<StgValue><ssdm name="_ssdm_op_Read.ap_fifo.i15P0A"/></StgValue>
</bind>
</comp>

<comp id="38" class="1001" name="const_38">
<pin_list>
<pin id="39" dir="1" index="0" bw="1" slack="0"/>
</pin_list>
<bind>
<StgValue><ssdm name="_ssdm_op_Write.ap_fifo.i15P0A"/></StgValue>
</bind>
</comp>

<comp id="40" class="1001" name="const_40">
<pin_list>
<pin id="41" dir="1" index="0" bw="1" slack="2147483647"/>
</pin_list>
<bind>
<StgValue><ssdm name="_ssdm_op_SpecMemCore"/></StgValue>
</bind>
</comp>

<comp id="42" class="1001" name="const_42">
<pin_list>
<pin id="43" dir="1" index="0" bw="1" slack="2147483647"/>
</pin_list>
<bind>
<StgValue><ssdm name=""/></StgValue>
</bind>
</comp>

<comp id="44" class="1001" name="const_44">
<pin_list>
<pin id="45" dir="1" index="0" bw="1" slack="2147483647"/>
</pin_list>
<bind>
<StgValue><ssdm name=""/></StgValue>
</bind>
</comp>

<comp id="46" class="1001" name="const_46">
<pin_list>
<pin id="47" dir="1" index="0" bw="1" slack="2147483647"/>
</pin_list>
<bind>
<StgValue><ssdm name=""/></StgValue>
</bind>
</comp>

<comp id="48" class="1001" name="const_48">
<pin_list>
<pin id="49" dir="1" index="0" bw="1" slack="2147483647"/>
</pin_list>
<bind>
<StgValue><ssdm name="empty_3"/></StgValue>
</bind>
</comp>

<comp id="50" class="1001" name="const_50">
<pin_list>
<pin id="51" dir="1" index="0" bw="1" slack="2147483647"/>
</pin_list>
<bind>
<StgValue><ssdm name="empty_14"/></StgValue>
</bind>
</comp>

<comp id="52" class="1001" name="const_52">
<pin_list>
<pin id="53" dir="1" index="0" bw="1" slack="2147483647"/>
</pin_list>
<bind>
<StgValue><ssdm name=""/></StgValue>
</bind>
</comp>

<comp id="54" class="1001" name="const_54">
<pin_list>
<pin id="55" dir="1" index="0" bw="1" slack="2147483647"/>
</pin_list>
<bind>
<StgValue><ssdm name=""/></StgValue>
</bind>
</comp>

<comp id="56" class="1001" name="const_56">
<pin_list>
<pin id="57" dir="1" index="0" bw="1" slack="2147483647"/>
</pin_list>
<bind>
<StgValue><ssdm name=""/></StgValue>
</bind>
</comp>

<comp id="58" class="1001" name="const_58">
<pin_list>
<pin id="59" dir="1" index="0" bw="1" slack="2147483647"/>
</pin_list>
<bind>
<StgValue><ssdm name=""/></StgValue>
</bind>
</comp>

<comp id="60" class="1001" name="const_60">
<pin_list>
<pin id="61" dir="1" index="0" bw="1" slack="2147483647"/>
</pin_list>
<bind>
<StgValue><ssdm name=""/></StgValue>
</bind>
</comp>

<comp id="62" class="1001" name="const_62">
<pin_list>
<pin id="63" dir="1" index="0" bw="1" slack="2147483647"/>
</pin_list>
<bind>
<StgValue><ssdm name=""/></StgValue>
</bind>
</comp>

<comp id="64" class="1001" name="const_64">
<pin_list>
<pin id="65" dir="1" index="0" bw="1" slack="2147483647"/>
</pin_list>
<bind>
<StgValue><ssdm name=""/></StgValue>
</bind>
</comp>

<comp id="66" class="1001" name="const_66">
<pin_list>
<pin id="67" dir="1" index="0" bw="1" slack="2147483647"/>
</pin_list>
<bind>
<StgValue><ssdm name=""/></StgValue>
</bind>
</comp>

<comp id="68" class="1001" name="const_68">
<pin_list>
<pin id="69" dir="1" index="0" bw="1" slack="2147483647"/>
</pin_list>
<bind>
<StgValue><ssdm name=""/></StgValue>
</bind>
</comp>

<comp id="70" class="1001" name="const_70">
<pin_list>
<pin id="71" dir="1" index="0" bw="1" slack="2147483647"/>
</pin_list>
<bind>
<StgValue><ssdm name=""/></StgValue>
</bind>
</comp>

<comp id="72" class="1001" name="const_72">
<pin_list>
<pin id="73" dir="1" index="0" bw="1" slack="2147483647"/>
</pin_list>
<bind>
<StgValue><ssdm name=""/></StgValue>
</bind>
</comp>

<comp id="74" class="1001" name="const_74">
<pin_list>
<pin id="75" dir="1" index="0" bw="1" slack="2147483647"/>
</pin_list>
<bind>
<StgValue><ssdm name=""/></StgValue>
</bind>
</comp>

<comp id="76" class="1001" name="const_76">
<pin_list>
<pin id="77" dir="1" index="0" bw="1" slack="2147483647"/>
</pin_list>
<bind>
<StgValue><ssdm name=""/></StgValue>
</bind>
</comp>

<comp id="78" class="1001" name="const_78">
<pin_list>
<pin id="79" dir="1" index="0" bw="1" slack="2147483647"/>
</pin_list>
<bind>
<StgValue><ssdm name=""/></StgValue>
</bind>
</comp>

<comp id="80" class="1001" name="const_80">
<pin_list>
<pin id="81" dir="1" index="0" bw="1" slack="2147483647"/>
</pin_list>
<bind>
<StgValue><ssdm name=""/></StgValue>
</bind>
</comp>

<comp id="82" class="1001" name="const_82">
<pin_list>
<pin id="83" dir="1" index="0" bw="1" slack="2147483647"/>
</pin_list>
<bind>
<StgValue><ssdm name=""/></StgValue>
</bind>
</comp>

<comp id="84" class="1001" name="const_84">
<pin_list>
<pin id="85" dir="1" index="0" bw="1" slack="2147483647"/>
</pin_list>
<bind>
<StgValue><ssdm name=""/></StgValue>
</bind>
</comp>

<comp id="86" class="1001" name="const_86">
<pin_list>
<pin id="87" dir="1" index="0" bw="1" slack="2147483647"/>
</pin_list>
<bind>
<StgValue><ssdm name=""/></StgValue>
</bind>
</comp>

<comp id="88" class="1001" name="const_88">
<pin_list>
<pin id="89" dir="1" index="0" bw="1" slack="2147483647"/>
</pin_list>
<bind>
<StgValue><ssdm name=""/></StgValue>
</bind>
</comp>

<comp id="90" class="1001" name="const_90">
<pin_list>
<pin id="91" dir="1" index="0" bw="1" slack="2147483647"/>
</pin_list>
<bind>
<StgValue><ssdm name=""/></StgValue>
</bind>
</comp>

<comp id="92" class="1001" name="const_92">
<pin_list>
<pin id="93" dir="1" index="0" bw="1" slack="2147483647"/>
</pin_list>
<bind>
<StgValue><ssdm name=""/></StgValue>
</bind>
</comp>

<comp id="94" class="1001" name="const_94">
<pin_list>
<pin id="95" dir="1" index="0" bw="1" slack="2147483647"/>
</pin_list>
<bind>
<StgValue><ssdm name=""/></StgValue>
</bind>
</comp>

<comp id="96" class="1001" name="const_96">
<pin_list>
<pin id="97" dir="1" index="0" bw="1" slack="2147483647"/>
</pin_list>
<bind>
<StgValue><ssdm name=""/></StgValue>
</bind>
</comp>

<comp id="98" class="1001" name="const_98">
<pin_list>
<pin id="99" dir="1" index="0" bw="1" slack="2147483647"/>
</pin_list>
<bind>
<StgValue><ssdm name=""/></StgValue>
</bind>
</comp>

<comp id="100" class="1001" name="const_100">
<pin_list>
<pin id="101" dir="1" index="0" bw="1" slack="2147483647"/>
</pin_list>
<bind>
<StgValue><ssdm name=""/></StgValue>
</bind>
</comp>

<comp id="102" class="1001" name="const_102">
<pin_list>
<pin id="103" dir="1" index="0" bw="1" slack="0"/>
</pin_list>
<bind>
<StgValue><ssdm name=""/></StgValue>
</bind>
</comp>

<comp id="104" class="1001" name="const_104">
<pin_list>
<pin id="105" dir="1" index="0" bw="1" slack="0"/>
</pin_list>
<bind>
<StgValue><ssdm name=""/></StgValue>
</bind>
</comp>

<comp id="106" class="1001" name="const_106">
<pin_list>
<pin id="107" dir="1" index="0" bw="1" slack="0"/>
</pin_list>
<bind>
<StgValue><ssdm name="_ssdm_op_PartSelect.i13.i16.i32.i32"/></StgValue>
</bind>
</comp>

<comp id="108" class="1001" name="const_108">
<pin_list>
<pin id="109" dir="1" index="0" bw="1" slack="0"/>
</pin_list>
<bind>
<StgValue><ssdm name=""/></StgValue>
</bind>
</comp>

<comp id="110" class="1001" name="const_110">
<pin_list>
<pin id="111" dir="1" index="0" bw="1" slack="0"/>
</pin_list>
<bind>
<StgValue><ssdm name=""/></StgValue>
</bind>
</comp>

<comp id="112" class="1001" name="const_112">
<pin_list>
<pin id="113" dir="1" index="0" bw="1" slack="0"/>
</pin_list>
<bind>
<StgValue><ssdm name=""/></StgValue>
</bind>
</comp>

<comp id="114" class="1001" name="const_114">
<pin_list>
<pin id="115" dir="1" index="0" bw="1" slack="0"/>
</pin_list>
<bind>
<StgValue><ssdm name=""/></StgValue>
</bind>
</comp>

<comp id="116" class="1001" name="const_116">
<pin_list>
<pin id="117" dir="1" index="0" bw="1" slack="0"/>
</pin_list>
<bind>
<StgValue><ssdm name=""/></StgValue>
</bind>
</comp>

<comp id="118" class="1001" name="const_118">
<pin_list>
<pin id="119" dir="1" index="0" bw="1" slack="0"/>
</pin_list>
<bind>
<StgValue><ssdm name="_ssdm_op_PartSelect.i3.i4.i32.i32"/></StgValue>
</bind>
</comp>

<comp id="120" class="1001" name="const_120">
<pin_list>
<pin id="121" dir="1" index="0" bw="1" slack="0"/>
</pin_list>
<bind>
<StgValue><ssdm name=""/></StgValue>
</bind>
</comp>

<comp id="122" class="1001" name="const_122">
<pin_list>
<pin id="123" dir="1" index="0" bw="1" slack="0"/>
</pin_list>
<bind>
<StgValue><ssdm name="_ssdm_op_PartSelect.i2.i4.i32.i32"/></StgValue>
</bind>
</comp>

<comp id="124" class="1001" name="const_124">
<pin_list>
<pin id="125" dir="1" index="0" bw="1" slack="0"/>
</pin_list>
<bind>
<StgValue><ssdm name=""/></StgValue>
</bind>
</comp>

<comp id="126" class="1001" name="const_126">
<pin_list>
<pin id="127" dir="1" index="0" bw="1" slack="0"/>
</pin_list>
<bind>
<StgValue><ssdm name=""/></StgValue>
</bind>
</comp>

<comp id="128" class="1001" name="const_128">
<pin_list>
<pin id="129" dir="1" index="0" bw="1" slack="0"/>
</pin_list>
<bind>
<StgValue><ssdm name=""/></StgValue>
</bind>
</comp>

<comp id="130" class="1001" name="const_130">
<pin_list>
<pin id="131" dir="1" index="0" bw="1" slack="0"/>
</pin_list>
<bind>
<StgValue><ssdm name=""/></StgValue>
</bind>
</comp>

<comp id="132" class="1001" name="const_132">
<pin_list>
<pin id="133" dir="1" index="0" bw="1" slack="0"/>
</pin_list>
<bind>
<StgValue><ssdm name=""/></StgValue>
</bind>
</comp>

<comp id="134" class="1001" name="const_134">
<pin_list>
<pin id="135" dir="1" index="0" bw="1" slack="0"/>
</pin_list>
<bind>
<StgValue><ssdm name=""/></StgValue>
</bind>
</comp>

<comp id="136" class="1001" name="const_136">
<pin_list>
<pin id="137" dir="1" index="0" bw="1" slack="2147483647"/>
</pin_list>
<bind>
<StgValue><ssdm name="_ssdm_op_Wait"/></StgValue>
</bind>
</comp>

<comp id="138" class="1001" name="const_138">
<pin_list>
<pin id="139" dir="1" index="0" bw="1" slack="0"/>
</pin_list>
<bind>
<StgValue><ssdm name="MultiPixStream2Bytes_Pipeline_VITIS_LOOP_930_1"/></StgValue>
</bind>
</comp>

<comp id="140" class="1001" name="const_140">
<pin_list>
<pin id="141" dir="1" index="0" bw="1" slack="2147483647"/>
</pin_list>
<bind>
<StgValue><ssdm name="_ssdm_op_SpecLoopTripCount"/></StgValue>
</bind>
</comp>

<comp id="142" class="1001" name="const_142">
<pin_list>
<pin id="143" dir="1" index="0" bw="1" slack="2147483647"/>
</pin_list>
<bind>
<StgValue><ssdm name=""/></StgValue>
</bind>
</comp>

<comp id="144" class="1001" name="const_144">
<pin_list>
<pin id="145" dir="1" index="0" bw="1" slack="2147483647"/>
</pin_list>
<bind>
<StgValue><ssdm name=""/></StgValue>
</bind>
</comp>

<comp id="146" class="1001" name="const_146">
<pin_list>
<pin id="147" dir="1" index="0" bw="1" slack="2147483647"/>
</pin_list>
<bind>
<StgValue><ssdm name=""/></StgValue>
</bind>
</comp>

<comp id="148" class="1001" name="const_148">
<pin_list>
<pin id="149" dir="1" index="0" bw="1" slack="2147483647"/>
</pin_list>
<bind>
<StgValue><ssdm name="_ssdm_op_SpecLoopName"/></StgValue>
</bind>
</comp>

<comp id="150" class="1001" name="const_150">
<pin_list>
<pin id="151" dir="1" index="0" bw="1" slack="2147483647"/>
</pin_list>
<bind>
<StgValue><ssdm name="empty_10"/></StgValue>
</bind>
</comp>

<comp id="152" class="1004" name="y_fu_152">
<pin_list>
<pin id="153" dir="0" index="0" bw="1" slack="0"/>
<pin id="154" dir="1" index="1" bw="12" slack="0"/>
</pin_list>
<bind>
<opcode="alloca(26) " fcode="alloca"/>
<opset="y/2 "/>
</bind>
</comp>

<comp id="156" class="1004" name="VideoFormat_read_read_fu_156">
<pin_list>
<pin id="157" dir="0" index="0" bw="6" slack="0"/>
<pin id="158" dir="0" index="1" bw="6" slack="0"/>
<pin id="159" dir="1" index="2" bw="6" slack="2"/>
</pin_list>
<bind>
<opcode="read(1150) " fcode="read"/>
<opset="VideoFormat_read/1 "/>
</bind>
</comp>

<comp id="162" class="1004" name="Height_read_read_fu_162">
<pin_list>
<pin id="163" dir="0" index="0" bw="12" slack="0"/>
<pin id="164" dir="0" index="1" bw="12" slack="0"/>
<pin id="165" dir="1" index="2" bw="12" slack="0"/>
</pin_list>
<bind>
<opcode="read(1150) " fcode="read"/>
<opset="Height_read/1 "/>
</bind>
</comp>

<comp id="168" class="1004" name="write_ln0_write_fu_168">
<pin_list>
<pin id="169" dir="0" index="0" bw="0" slack="0"/>
<pin id="170" dir="0" index="1" bw="12" slack="0"/>
<pin id="171" dir="0" index="2" bw="12" slack="0"/>
<pin id="172" dir="1" index="3" bw="0" slack="2147483647"/>
</pin_list>
<bind>
<opcode="write(1151) " fcode="write"/>
<opset="write_ln0/1 "/>
</bind>
</comp>

<comp id="176" class="1004" name="widthInPix_read_fu_176">
<pin_list>
<pin id="177" dir="0" index="0" bw="15" slack="0"/>
<pin id="178" dir="0" index="1" bw="15" slack="0"/>
<pin id="179" dir="1" index="2" bw="15" slack="0"/>
</pin_list>
<bind>
<opcode="read(1150) " fcode="read"/>
<opset="widthInPix/1 "/>
</bind>
</comp>

<comp id="182" class="1004" name="write_ln0_write_fu_182">
<pin_list>
<pin id="183" dir="0" index="0" bw="0" slack="0"/>
<pin id="184" dir="0" index="1" bw="15" slack="0"/>
<pin id="185" dir="0" index="2" bw="15" slack="0"/>
<pin id="186" dir="1" index="3" bw="0" slack="2147483647"/>
</pin_list>
<bind>
<opcode="write(1151) " fcode="write"/>
<opset="write_ln0/1 "/>
</bind>
</comp>

<comp id="190" class="1004" name="grp_MultiPixStream2Bytes_Pipeline_VITIS_LOOP_930_1_fu_190">
<pin_list>
<pin id="191" dir="0" index="0" bw="0" slack="0"/>
<pin id="192" dir="0" index="1" bw="13" slack="1"/>
<pin id="193" dir="0" index="2" bw="64" slack="0"/>
<pin id="194" dir="0" index="3" bw="1" slack="1"/>
<pin id="195" dir="0" index="4" bw="1" slack="1"/>
<pin id="196" dir="0" index="5" bw="1" slack="1"/>
<pin id="197" dir="0" index="6" bw="1" slack="1"/>
<pin id="198" dir="0" index="7" bw="1" slack="1"/>
<pin id="199" dir="0" index="8" bw="1" slack="1"/>
<pin id="200" dir="0" index="9" bw="13" slack="1"/>
<pin id="201" dir="0" index="10" bw="24" slack="0"/>
<pin id="202" dir="0" index="11" bw="1" slack="1"/>
<pin id="203" dir="1" index="12" bw="0" slack="2147483647"/>
</pin_list>
<bind>
<opcode="call(48) " fcode="call"/>
<opset="call_ln915/3 "/>
</bind>
</comp>

<comp id="207" class="1004" name="remainPix_fu_207">
<pin_list>
<pin id="208" dir="0" index="0" bw="15" slack="1"/>
<pin id="209" dir="1" index="1" bw="3" slack="0"/>
</pin_list>
<bind>
<opcode="trunc(33) " fcode="trunc"/>
<opset="remainPix/2 "/>
</bind>
</comp>

<comp id="210" class="1004" name="zext_ln915_fu_210">
<pin_list>
<pin id="211" dir="0" index="0" bw="15" slack="1"/>
<pin id="212" dir="1" index="1" bw="16" slack="0"/>
</pin_list>
<bind>
<opcode="zext(34) " fcode="zext"/>
<opset="zext_ln915/2 "/>
</bind>
</comp>

<comp id="213" class="1004" name="add_ln915_fu_213">
<pin_list>
<pin id="214" dir="0" index="0" bw="15" slack="0"/>
<pin id="215" dir="0" index="1" bw="4" slack="0"/>
<pin id="216" dir="1" index="2" bw="16" slack="0"/>
</pin_list>
<bind>
<opcode="add(8) " fcode="add"/>
<opset="add_ln915/2 "/>
</bind>
</comp>

<comp id="219" class="1004" name="trunc_ln915_1_fu_219">
<pin_list>
<pin id="220" dir="0" index="0" bw="13" slack="0"/>
<pin id="221" dir="0" index="1" bw="16" slack="0"/>
<pin id="222" dir="0" index="2" bw="3" slack="0"/>
<pin id="223" dir="0" index="3" bw="5" slack="0"/>
<pin id="224" dir="1" index="4" bw="13" slack="0"/>
</pin_list>
<bind>
<opcode="partselect(1002) " fcode="partselect"/>
<opset="trunc_ln915_1/2 "/>
</bind>
</comp>

<comp id="229" class="1004" name="zext_ln918_fu_229">
<pin_list>
<pin id="230" dir="0" index="0" bw="3" slack="0"/>
<pin id="231" dir="1" index="1" bw="4" slack="0"/>
</pin_list>
<bind>
<opcode="zext(34) " fcode="zext"/>
<opset="zext_ln918/2 "/>
</bind>
</comp>

<comp id="233" class="1004" name="icmp_ln920_fu_233">
<pin_list>
<pin id="234" dir="0" index="0" bw="3" slack="0"/>
<pin id="235" dir="0" index="1" bw="3" slack="0"/>
<pin id="236" dir="1" index="2" bw="1" slack="0"/>
</pin_list>
<bind>
<opcode="icmp(45) " fcode="icmp"/>
<opset="icmp_ln920/2 "/>
</bind>
</comp>

<comp id="239" class="1004" name="remainPix_1_fu_239">
<pin_list>
<pin id="240" dir="0" index="0" bw="1" slack="0"/>
<pin id="241" dir="0" index="1" bw="4" slack="0"/>
<pin id="242" dir="0" index="2" bw="4" slack="0"/>
<pin id="243" dir="1" index="3" bw="4" slack="0"/>
</pin_list>
<bind>
<opcode="select(49) " fcode="select"/>
<opset="remainPix_1/2 "/>
</bind>
</comp>

<comp id="247" class="1004" name="sub100_fu_247">
<pin_list>
<pin id="248" dir="0" index="0" bw="13" slack="0"/>
<pin id="249" dir="0" index="1" bw="1" slack="0"/>
<pin id="250" dir="1" index="2" bw="13" slack="1"/>
</pin_list>
<bind>
<opcode="add(8) " fcode="add"/>
<opset="sub100/2 "/>
</bind>
</comp>

<comp id="253" class="1004" name="tmp_fu_253">
<pin_list>
<pin id="254" dir="0" index="0" bw="3" slack="0"/>
<pin id="255" dir="0" index="1" bw="4" slack="0"/>
<pin id="256" dir="0" index="2" bw="1" slack="0"/>
<pin id="257" dir="0" index="3" bw="3" slack="0"/>
<pin id="258" dir="1" index="4" bw="3" slack="0"/>
</pin_list>
<bind>
<opcode="partselect(1002) " fcode="partselect"/>
<opset="tmp/2 "/>
</bind>
</comp>

<comp id="263" class="1004" name="icmp_fu_263">
<pin_list>
<pin id="264" dir="0" index="0" bw="3" slack="0"/>
<pin id="265" dir="0" index="1" bw="3" slack="0"/>
<pin id="266" dir="1" index="2" bw="1" slack="1"/>
</pin_list>
<bind>
<opcode="icmp(45) " fcode="icmp"/>
<opset="icmp/2 "/>
</bind>
</comp>

<comp id="269" class="1004" name="cmp103_2_fu_269">
<pin_list>
<pin id="270" dir="0" index="0" bw="4" slack="0"/>
<pin id="271" dir="0" index="1" bw="4" slack="0"/>
<pin id="272" dir="1" index="2" bw="1" slack="1"/>
</pin_list>
<bind>
<opcode="icmp(45) " fcode="icmp"/>
<opset="cmp103_2/2 "/>
</bind>
</comp>

<comp id="275" class="1004" name="tmp_1_fu_275">
<pin_list>
<pin id="276" dir="0" index="0" bw="2" slack="0"/>
<pin id="277" dir="0" index="1" bw="4" slack="0"/>
<pin id="278" dir="0" index="2" bw="3" slack="0"/>
<pin id="279" dir="0" index="3" bw="3" slack="0"/>
<pin id="280" dir="1" index="4" bw="2" slack="0"/>
</pin_list>
<bind>
<opcode="partselect(1002) " fcode="partselect"/>
<opset="tmp_1/2 "/>
</bind>
</comp>

<comp id="285" class="1004" name="icmp12_fu_285">
<pin_list>
<pin id="286" dir="0" index="0" bw="2" slack="0"/>
<pin id="287" dir="0" index="1" bw="2" slack="0"/>
<pin id="288" dir="1" index="2" bw="1" slack="1"/>
</pin_list>
<bind>
<opcode="icmp(45) " fcode="icmp"/>
<opset="icmp12/2 "/>
</bind>
</comp>

<comp id="291" class="1004" name="cmp103_4_fu_291">
<pin_list>
<pin id="292" dir="0" index="0" bw="4" slack="0"/>
<pin id="293" dir="0" index="1" bw="4" slack="0"/>
<pin id="294" dir="1" index="2" bw="1" slack="1"/>
</pin_list>
<bind>
<opcode="icmp(45) " fcode="icmp"/>
<opset="cmp103_4/2 "/>
</bind>
</comp>

<comp id="297" class="1004" name="cmp103_5_fu_297">
<pin_list>
<pin id="298" dir="0" index="0" bw="4" slack="0"/>
<pin id="299" dir="0" index="1" bw="4" slack="0"/>
<pin id="300" dir="1" index="2" bw="1" slack="1"/>
</pin_list>
<bind>
<opcode="icmp(45) " fcode="icmp"/>
<opset="cmp103_5/2 "/>
</bind>
</comp>

<comp id="303" class="1004" name="cmp103_6_fu_303">
<pin_list>
<pin id="304" dir="0" index="0" bw="4" slack="0"/>
<pin id="305" dir="0" index="1" bw="4" slack="0"/>
<pin id="306" dir="1" index="2" bw="1" slack="1"/>
</pin_list>
<bind>
<opcode="icmp(45) " fcode="icmp"/>
<opset="cmp103_6/2 "/>
</bind>
</comp>

<comp id="309" class="1004" name="store_ln927_store_fu_309">
<pin_list>
<pin id="310" dir="0" index="0" bw="1" slack="0"/>
<pin id="311" dir="0" index="1" bw="12" slack="0"/>
<pin id="312" dir="1" index="2" bw="0" slack="2147483647"/>
</pin_list>
<bind>
<opcode="store(28) " fcode="store"/>
<opset="store_ln927/2 "/>
</bind>
</comp>

<comp id="314" class="1004" name="y_1_load_fu_314">
<pin_list>
<pin id="315" dir="0" index="0" bw="12" slack="1"/>
<pin id="316" dir="1" index="1" bw="12" slack="0"/>
</pin_list>
<bind>
<opcode="load(27) " fcode="load"/>
<opset="y_1/3 "/>
</bind>
</comp>

<comp id="317" class="1004" name="icmp_ln927_fu_317">
<pin_list>
<pin id="318" dir="0" index="0" bw="12" slack="0"/>
<pin id="319" dir="0" index="1" bw="12" slack="2"/>
<pin id="320" dir="1" index="2" bw="1" slack="2147483647"/>
</pin_list>
<bind>
<opcode="icmp(45) " fcode="icmp"/>
<opset="icmp_ln927/3 "/>
</bind>
</comp>

<comp id="322" class="1004" name="y_2_fu_322">
<pin_list>
<pin id="323" dir="0" index="0" bw="12" slack="0"/>
<pin id="324" dir="0" index="1" bw="1" slack="0"/>
<pin id="325" dir="1" index="2" bw="12" slack="0"/>
</pin_list>
<bind>
<opcode="add(8) " fcode="add"/>
<opset="y_2/3 "/>
</bind>
</comp>

<comp id="328" class="1004" name="store_ln927_store_fu_328">
<pin_list>
<pin id="329" dir="0" index="0" bw="12" slack="0"/>
<pin id="330" dir="0" index="1" bw="12" slack="1"/>
<pin id="331" dir="1" index="2" bw="0" slack="2147483647"/>
</pin_list>
<bind>
<opcode="store(28) " fcode="store"/>
<opset="store_ln927/3 "/>
</bind>
</comp>

<comp id="333" class="1005" name="VideoFormat_read_reg_333">
<pin_list>
<pin id="334" dir="0" index="0" bw="6" slack="2"/>
<pin id="335" dir="1" index="1" bw="6" slack="2147483647"/>
</pin_list>
<bind>
<opset="VideoFormat_read "/>
</bind>
</comp>

<comp id="337" class="1005" name="Height_read_reg_337">
<pin_list>
<pin id="338" dir="0" index="0" bw="12" slack="2"/>
<pin id="339" dir="1" index="1" bw="12" slack="2"/>
</pin_list>
<bind>
<opset="Height_read "/>
</bind>
</comp>

<comp id="342" class="1005" name="widthInPix_reg_342">
<pin_list>
<pin id="343" dir="0" index="0" bw="15" slack="1"/>
<pin id="344" dir="1" index="1" bw="15" slack="1"/>
</pin_list>
<bind>
<opset="widthInPix "/>
</bind>
</comp>

<comp id="348" class="1005" name="y_reg_348">
<pin_list>
<pin id="349" dir="0" index="0" bw="12" slack="0"/>
<pin id="350" dir="1" index="1" bw="12" slack="0"/>
</pin_list>
<bind>
<opset="y "/>
</bind>
</comp>

<comp id="355" class="1005" name="trunc_ln915_1_reg_355">
<pin_list>
<pin id="356" dir="0" index="0" bw="13" slack="1"/>
<pin id="357" dir="1" index="1" bw="13" slack="1"/>
</pin_list>
<bind>
<opset="trunc_ln915_1 "/>
</bind>
</comp>

<comp id="360" class="1005" name="icmp_ln920_reg_360">
<pin_list>
<pin id="361" dir="0" index="0" bw="1" slack="1"/>
<pin id="362" dir="1" index="1" bw="1" slack="1"/>
</pin_list>
<bind>
<opset="icmp_ln920 "/>
</bind>
</comp>

<comp id="365" class="1005" name="sub100_reg_365">
<pin_list>
<pin id="366" dir="0" index="0" bw="13" slack="1"/>
<pin id="367" dir="1" index="1" bw="13" slack="1"/>
</pin_list>
<bind>
<opset="sub100 "/>
</bind>
</comp>

<comp id="370" class="1005" name="icmp_reg_370">
<pin_list>
<pin id="371" dir="0" index="0" bw="1" slack="1"/>
<pin id="372" dir="1" index="1" bw="1" slack="1"/>
</pin_list>
<bind>
<opset="icmp "/>
</bind>
</comp>

<comp id="375" class="1005" name="cmp103_2_reg_375">
<pin_list>
<pin id="376" dir="0" index="0" bw="1" slack="1"/>
<pin id="377" dir="1" index="1" bw="1" slack="1"/>
</pin_list>
<bind>
<opset="cmp103_2 "/>
</bind>
</comp>

<comp id="380" class="1005" name="icmp12_reg_380">
<pin_list>
<pin id="381" dir="0" index="0" bw="1" slack="1"/>
<pin id="382" dir="1" index="1" bw="1" slack="1"/>
</pin_list>
<bind>
<opset="icmp12 "/>
</bind>
</comp>

<comp id="385" class="1005" name="cmp103_4_reg_385">
<pin_list>
<pin id="386" dir="0" index="0" bw="1" slack="1"/>
<pin id="387" dir="1" index="1" bw="1" slack="1"/>
</pin_list>
<bind>
<opset="cmp103_4 "/>
</bind>
</comp>

<comp id="390" class="1005" name="cmp103_5_reg_390">
<pin_list>
<pin id="391" dir="0" index="0" bw="1" slack="1"/>
<pin id="392" dir="1" index="1" bw="1" slack="1"/>
</pin_list>
<bind>
<opset="cmp103_5 "/>
</bind>
</comp>

<comp id="395" class="1005" name="cmp103_6_reg_395">
<pin_list>
<pin id="396" dir="0" index="0" bw="1" slack="1"/>
<pin id="397" dir="1" index="1" bw="1" slack="1"/>
</pin_list>
<bind>
<opset="cmp103_6 "/>
</bind>
</comp>

</comp_list>

<net_list>
<net id="155"><net_src comp="102" pin="0"/><net_sink comp="152" pin=0"/></net>

<net id="160"><net_src comp="30" pin="0"/><net_sink comp="156" pin=0"/></net>

<net id="161"><net_src comp="8" pin="0"/><net_sink comp="156" pin=1"/></net>

<net id="166"><net_src comp="32" pin="0"/><net_sink comp="162" pin=0"/></net>

<net id="167"><net_src comp="4" pin="0"/><net_sink comp="162" pin=1"/></net>

<net id="173"><net_src comp="34" pin="0"/><net_sink comp="168" pin=0"/></net>

<net id="174"><net_src comp="12" pin="0"/><net_sink comp="168" pin=1"/></net>

<net id="175"><net_src comp="162" pin="2"/><net_sink comp="168" pin=2"/></net>

<net id="180"><net_src comp="36" pin="0"/><net_sink comp="176" pin=0"/></net>

<net id="181"><net_src comp="6" pin="0"/><net_sink comp="176" pin=1"/></net>

<net id="187"><net_src comp="38" pin="0"/><net_sink comp="182" pin=0"/></net>

<net id="188"><net_src comp="10" pin="0"/><net_sink comp="182" pin=1"/></net>

<net id="189"><net_src comp="176" pin="2"/><net_sink comp="182" pin=2"/></net>

<net id="204"><net_src comp="138" pin="0"/><net_sink comp="190" pin=0"/></net>

<net id="205"><net_src comp="2" pin="0"/><net_sink comp="190" pin=2"/></net>

<net id="206"><net_src comp="0" pin="0"/><net_sink comp="190" pin=10"/></net>

<net id="217"><net_src comp="210" pin="1"/><net_sink comp="213" pin=0"/></net>

<net id="218"><net_src comp="104" pin="0"/><net_sink comp="213" pin=1"/></net>

<net id="225"><net_src comp="106" pin="0"/><net_sink comp="219" pin=0"/></net>

<net id="226"><net_src comp="213" pin="2"/><net_sink comp="219" pin=1"/></net>

<net id="227"><net_src comp="108" pin="0"/><net_sink comp="219" pin=2"/></net>

<net id="228"><net_src comp="110" pin="0"/><net_sink comp="219" pin=3"/></net>

<net id="232"><net_src comp="207" pin="1"/><net_sink comp="229" pin=0"/></net>

<net id="237"><net_src comp="207" pin="1"/><net_sink comp="233" pin=0"/></net>

<net id="238"><net_src comp="112" pin="0"/><net_sink comp="233" pin=1"/></net>

<net id="244"><net_src comp="233" pin="2"/><net_sink comp="239" pin=0"/></net>

<net id="245"><net_src comp="114" pin="0"/><net_sink comp="239" pin=1"/></net>

<net id="246"><net_src comp="229" pin="1"/><net_sink comp="239" pin=2"/></net>

<net id="251"><net_src comp="219" pin="4"/><net_sink comp="247" pin=0"/></net>

<net id="252"><net_src comp="116" pin="0"/><net_sink comp="247" pin=1"/></net>

<net id="259"><net_src comp="118" pin="0"/><net_sink comp="253" pin=0"/></net>

<net id="260"><net_src comp="239" pin="3"/><net_sink comp="253" pin=1"/></net>

<net id="261"><net_src comp="102" pin="0"/><net_sink comp="253" pin=2"/></net>

<net id="262"><net_src comp="108" pin="0"/><net_sink comp="253" pin=3"/></net>

<net id="267"><net_src comp="253" pin="4"/><net_sink comp="263" pin=0"/></net>

<net id="268"><net_src comp="112" pin="0"/><net_sink comp="263" pin=1"/></net>

<net id="273"><net_src comp="239" pin="3"/><net_sink comp="269" pin=0"/></net>

<net id="274"><net_src comp="120" pin="0"/><net_sink comp="269" pin=1"/></net>

<net id="281"><net_src comp="122" pin="0"/><net_sink comp="275" pin=0"/></net>

<net id="282"><net_src comp="239" pin="3"/><net_sink comp="275" pin=1"/></net>

<net id="283"><net_src comp="22" pin="0"/><net_sink comp="275" pin=2"/></net>

<net id="284"><net_src comp="108" pin="0"/><net_sink comp="275" pin=3"/></net>

<net id="289"><net_src comp="275" pin="4"/><net_sink comp="285" pin=0"/></net>

<net id="290"><net_src comp="124" pin="0"/><net_sink comp="285" pin=1"/></net>

<net id="295"><net_src comp="239" pin="3"/><net_sink comp="291" pin=0"/></net>

<net id="296"><net_src comp="126" pin="0"/><net_sink comp="291" pin=1"/></net>

<net id="301"><net_src comp="239" pin="3"/><net_sink comp="297" pin=0"/></net>

<net id="302"><net_src comp="128" pin="0"/><net_sink comp="297" pin=1"/></net>

<net id="307"><net_src comp="239" pin="3"/><net_sink comp="303" pin=0"/></net>

<net id="308"><net_src comp="130" pin="0"/><net_sink comp="303" pin=1"/></net>

<net id="313"><net_src comp="132" pin="0"/><net_sink comp="309" pin=0"/></net>

<net id="321"><net_src comp="314" pin="1"/><net_sink comp="317" pin=0"/></net>

<net id="326"><net_src comp="314" pin="1"/><net_sink comp="322" pin=0"/></net>

<net id="327"><net_src comp="134" pin="0"/><net_sink comp="322" pin=1"/></net>

<net id="332"><net_src comp="322" pin="2"/><net_sink comp="328" pin=0"/></net>

<net id="336"><net_src comp="156" pin="2"/><net_sink comp="333" pin=0"/></net>

<net id="340"><net_src comp="162" pin="2"/><net_sink comp="337" pin=0"/></net>

<net id="341"><net_src comp="337" pin="1"/><net_sink comp="317" pin=1"/></net>

<net id="345"><net_src comp="176" pin="2"/><net_sink comp="342" pin=0"/></net>

<net id="346"><net_src comp="342" pin="1"/><net_sink comp="207" pin=0"/></net>

<net id="347"><net_src comp="342" pin="1"/><net_sink comp="210" pin=0"/></net>

<net id="351"><net_src comp="152" pin="1"/><net_sink comp="348" pin=0"/></net>

<net id="352"><net_src comp="348" pin="1"/><net_sink comp="309" pin=1"/></net>

<net id="353"><net_src comp="348" pin="1"/><net_sink comp="314" pin=0"/></net>

<net id="354"><net_src comp="348" pin="1"/><net_sink comp="328" pin=1"/></net>

<net id="358"><net_src comp="219" pin="4"/><net_sink comp="355" pin=0"/></net>

<net id="359"><net_src comp="355" pin="1"/><net_sink comp="190" pin=1"/></net>

<net id="363"><net_src comp="233" pin="2"/><net_sink comp="360" pin=0"/></net>

<net id="364"><net_src comp="360" pin="1"/><net_sink comp="190" pin=3"/></net>

<net id="368"><net_src comp="247" pin="2"/><net_sink comp="365" pin=0"/></net>

<net id="369"><net_src comp="365" pin="1"/><net_sink comp="190" pin=9"/></net>

<net id="373"><net_src comp="263" pin="2"/><net_sink comp="370" pin=0"/></net>

<net id="374"><net_src comp="370" pin="1"/><net_sink comp="190" pin=11"/></net>

<net id="378"><net_src comp="269" pin="2"/><net_sink comp="375" pin=0"/></net>

<net id="379"><net_src comp="375" pin="1"/><net_sink comp="190" pin=8"/></net>

<net id="383"><net_src comp="285" pin="2"/><net_sink comp="380" pin=0"/></net>

<net id="384"><net_src comp="380" pin="1"/><net_sink comp="190" pin=7"/></net>

<net id="388"><net_src comp="291" pin="2"/><net_sink comp="385" pin=0"/></net>

<net id="389"><net_src comp="385" pin="1"/><net_sink comp="190" pin=6"/></net>

<net id="393"><net_src comp="297" pin="2"/><net_sink comp="390" pin=0"/></net>

<net id="394"><net_src comp="390" pin="1"/><net_sink comp="190" pin=5"/></net>

<net id="398"><net_src comp="303" pin="2"/><net_sink comp="395" pin=0"/></net>

<net id="399"><net_src comp="395" pin="1"/><net_sink comp="190" pin=4"/></net>

</net_list>

</model> 
---------------- Datapath Model END ------------------

* FSMD analyzer results:
  - Output states:
	Port: bytePlanes | {3 4 }
	Port: WidthInBytes_c | {1 }
	Port: height_c | {1 }
 - Input state : 
	Port: MultiPixStream2Bytes : img | {3 4 }
	Port: MultiPixStream2Bytes : Height | {1 }
	Port: MultiPixStream2Bytes : WidthInBytes | {1 }
	Port: MultiPixStream2Bytes : VideoFormat | {1 }
  - Chain level:
	State 1
	State 2
		add_ln915 : 1
		trunc_ln915_1 : 2
		zext_ln918 : 1
		icmp_ln920 : 1
		remainPix_1 : 2
		sub100 : 3
		tmp : 3
		icmp : 4
		cmp103_2 : 3
		tmp_1 : 3
		icmp12 : 4
		cmp103_4 : 3
		cmp103_5 : 3
		cmp103_6 : 3
		store_ln927 : 1
	State 3
		icmp_ln927 : 1
		y_2 : 1
		br_ln927 : 2
		store_ln927 : 2
	State 4


============================================================
+ Verbose Summary: Datapath Resource usage 
============================================================

* Functional unit list:
|----------|-----------------------------------------------------------|---------|---------|
| Operation|                      Functional Unit                      |    FF   |   LUT   |
|----------|-----------------------------------------------------------|---------|---------|
|   call   | grp_MultiPixStream2Bytes_Pipeline_VITIS_LOOP_930_1_fu_190 |   149   |    56   |
|----------|-----------------------------------------------------------|---------|---------|
|          |                     icmp_ln920_fu_233                     |    0    |    11   |
|          |                        icmp_fu_263                        |    0    |    11   |
|          |                      cmp103_2_fu_269                      |    0    |    13   |
|   icmp   |                       icmp12_fu_285                       |    0    |    10   |
|          |                      cmp103_4_fu_291                      |    0    |    13   |
|          |                      cmp103_5_fu_297                      |    0    |    13   |
|          |                      cmp103_6_fu_303                      |    0    |    13   |
|          |                     icmp_ln927_fu_317                     |    0    |    12   |
|----------|-----------------------------------------------------------|---------|---------|
|          |                      add_ln915_fu_213                     |    0    |    20   |
|    add   |                       sub100_fu_247                       |    0    |    14   |
|          |                         y_2_fu_322                        |    0    |    12   |
|----------|-----------------------------------------------------------|---------|---------|
|  select  |                     remainPix_1_fu_239                    |    0    |    4    |
|----------|-----------------------------------------------------------|---------|---------|
|          |                VideoFormat_read_read_fu_156               |    0    |    0    |
|   read   |                  Height_read_read_fu_162                  |    0    |    0    |
|          |                   widthInPix_read_fu_176                  |    0    |    0    |
|----------|-----------------------------------------------------------|---------|---------|
|   write  |                   write_ln0_write_fu_168                  |    0    |    0    |
|          |                   write_ln0_write_fu_182                  |    0    |    0    |
|----------|-----------------------------------------------------------|---------|---------|
|   trunc  |                      remainPix_fu_207                     |    0    |    0    |
|----------|-----------------------------------------------------------|---------|---------|
|   zext   |                     zext_ln915_fu_210                     |    0    |    0    |
|          |                     zext_ln918_fu_229                     |    0    |    0    |
|----------|-----------------------------------------------------------|---------|---------|
|          |                    trunc_ln915_1_fu_219                   |    0    |    0    |
|partselect|                         tmp_fu_253                        |    0    |    0    |
|          |                        tmp_1_fu_275                       |    0    |    0    |
|----------|-----------------------------------------------------------|---------|---------|
|   Total  |                                                           |   149   |   202   |
|----------|-----------------------------------------------------------|---------|---------|

Memories:
N/A

* Register list:
+------------------------+--------+
|                        |   FF   |
+------------------------+--------+
|   Height_read_reg_337  |   12   |
|VideoFormat_read_reg_333|    6   |
|    cmp103_2_reg_375    |    1   |
|    cmp103_4_reg_385    |    1   |
|    cmp103_5_reg_390    |    1   |
|    cmp103_6_reg_395    |    1   |
|     icmp12_reg_380     |    1   |
|   icmp_ln920_reg_360   |    1   |
|      icmp_reg_370      |    1   |
|     sub100_reg_365     |   13   |
|  trunc_ln915_1_reg_355 |   13   |
|   widthInPix_reg_342   |   15   |
|        y_reg_348       |   12   |
+------------------------+--------+
|          Total         |   78   |
+------------------------+--------+

* Multiplexer (MUX) list: 
|--------|------|------|------|--------|
|  Comp  |  Pin | Size |  BW  | S x BW |
|--------|------|------|------|--------|
|  Total |      |      |      |    0   |
|--------|------|------|------|--------|



* Summary:
+-----------+--------+--------+
|           |   FF   |   LUT  |
+-----------+--------+--------+
|  Function |   149  |   202  |
|   Memory  |    -   |    -   |
|Multiplexer|    -   |    -   |
|  Register |   78   |    -   |
+-----------+--------+--------+
|   Total   |   227  |   202  |
+-----------+--------+--------+
