
*** Running vivado
    with args -log design_1_xbar_6.vds -m64 -product Vivado -mode batch -messageDb vivado.pb -notrace -source design_1_xbar_6.tcl



****** Vivado v2023.1 (64-bit)
  **** SW Build 3865809 on Sun May  7 15:05:29 MDT 2023
  **** IP Build 3864474 on Sun May  7 20:36:21 MDT 2023
  **** SharedData Build 3865790 on Sun May 07 13:33:03 MDT 2023
    ** Copyright 1986-2022 Xilinx, Inc. All Rights Reserved.
    ** Copyright 2022-2023 Advanced Micro Devices, Inc. All Rights Reserved.

source design_1_xbar_6.tcl -notrace
create_project: Time (s): cpu = 00:00:07 ; elapsed = 00:00:08 . Memory (MB): peak = 1391.160 ; gain = 160.246
INFO: [IP_Flow 19-234] Refreshing IP repositories
INFO: [IP_Flow 19-1700] Loaded user IP repository 'c:/Users/Santiago/OneDrive/Escritorio/ov5640_spipeline_800x600/ip_repo'.
INFO: [IP_Flow 19-2313] Loaded Vivado IP repository 'C:/Xilinx/Vivado/2023.1/data/ip'.
WARNING: [IP_Flow 19-4995] The host OS only allows 260 characters in a normal path. The IP cache path is more than 80 characters. If you experience issues with IP caching, please consider changing the IP cache to a location with a shorter path. Alternately consider using the OS subst command to map part of the path to a drive letter. 
Current IP cache path is c:/Users/Santiago/OneDrive/Escritorio/ov5640_sv_ed_800x600_v1/ov5640_sv_ed.cache/ip 
INFO: [IP_Flow 19-6924] IPCACHE: Running cache check for IP inst: design_1_xbar_6
Command: synth_design -top design_1_xbar_6 -part xc7z020clg400-1 -incremental_mode off -mode out_of_context
Starting synth_design
Attempting to get a license for feature 'Synthesis' and/or device 'xc7z020'
INFO: [Common 17-349] Got license for feature 'Synthesis' and/or device 'xc7z020'
INFO: [Device 21-403] Loading part xc7z020clg400-1
INFO: [Synth 8-7079] Multithreading enabled for synth_design using a maximum of 2 processes.
INFO: [Synth 8-7078] Launching helper process for spawning children vivado processes
INFO: [Synth 8-7075] Helper process launched with PID 17848
---------------------------------------------------------------------------------
Starting RTL Elaboration : Time (s): cpu = 00:00:09 ; elapsed = 00:00:09 . Memory (MB): peak = 2255.500 ; gain = 408.184
---------------------------------------------------------------------------------
INFO: [Synth 8-6157] synthesizing module 'design_1_xbar_6' [c:/Users/Santiago/OneDrive/Escritorio/ov5640_sv_ed_800x600_v1/ov5640_sv_ed.gen/sources_1/bd/design_1/ip/design_1_xbar_6/synth/design_1_xbar_6.v:53]
INFO: [Synth 8-6157] synthesizing module 'axi_crossbar_v2_1_29_axi_crossbar' [c:/Users/Santiago/OneDrive/Escritorio/ov5640_sv_ed_800x600_v1/ov5640_sv_ed.gen/sources_1/bd/design_1/ipshared/f8f3/hdl/axi_crossbar_v2_1_vl_rfs.v:4883]
INFO: [Synth 8-6157] synthesizing module 'axi_crossbar_v2_1_29_crossbar' [c:/Users/Santiago/OneDrive/Escritorio/ov5640_sv_ed_800x600_v1/ov5640_sv_ed.gen/sources_1/bd/design_1/ipshared/f8f3/hdl/axi_crossbar_v2_1_vl_rfs.v:2238]
INFO: [Synth 8-6157] synthesizing module 'axi_crossbar_v2_1_29_si_transactor' [c:/Users/Santiago/OneDrive/Escritorio/ov5640_sv_ed_800x600_v1/ov5640_sv_ed.gen/sources_1/bd/design_1/ipshared/f8f3/hdl/axi_crossbar_v2_1_vl_rfs.v:3799]
INFO: [Synth 8-6157] synthesizing module 'axi_crossbar_v2_1_29_addr_decoder' [c:/Users/Santiago/OneDrive/Escritorio/ov5640_sv_ed_800x600_v1/ov5640_sv_ed.gen/sources_1/bd/design_1/ipshared/f8f3/hdl/axi_crossbar_v2_1_vl_rfs.v:793]
INFO: [Synth 8-6157] synthesizing module 'generic_baseblocks_v2_1_0_comparator_static' [c:/Users/Santiago/OneDrive/Escritorio/ov5640_sv_ed_800x600_v1/ov5640_sv_ed.gen/sources_1/bd/design_1/ipshared/b752/hdl/generic_baseblocks_v2_1_vl_rfs.v:2132]
INFO: [Synth 8-6157] synthesizing module 'generic_baseblocks_v2_1_0_carry_and' [c:/Users/Santiago/OneDrive/Escritorio/ov5640_sv_ed_800x600_v1/ov5640_sv_ed.gen/sources_1/bd/design_1/ipshared/b752/hdl/generic_baseblocks_v2_1_vl_rfs.v:61]
INFO: [Synth 8-6155] done synthesizing module 'generic_baseblocks_v2_1_0_carry_and' (0#1) [c:/Users/Santiago/OneDrive/Escritorio/ov5640_sv_ed_800x600_v1/ov5640_sv_ed.gen/sources_1/bd/design_1/ipshared/b752/hdl/generic_baseblocks_v2_1_vl_rfs.v:61]
INFO: [Synth 8-6155] done synthesizing module 'generic_baseblocks_v2_1_0_comparator_static' (0#1) [c:/Users/Santiago/OneDrive/Escritorio/ov5640_sv_ed_800x600_v1/ov5640_sv_ed.gen/sources_1/bd/design_1/ipshared/b752/hdl/generic_baseblocks_v2_1_vl_rfs.v:2132]
INFO: [Synth 8-6155] done synthesizing module 'axi_crossbar_v2_1_29_addr_decoder' (0#1) [c:/Users/Santiago/OneDrive/Escritorio/ov5640_sv_ed_800x600_v1/ov5640_sv_ed.gen/sources_1/bd/design_1/ipshared/f8f3/hdl/axi_crossbar_v2_1_vl_rfs.v:793]
INFO: [Synth 8-6157] synthesizing module 'axi_data_fifo_v2_1_27_axic_srl_fifo' [c:/Users/Santiago/OneDrive/Escritorio/ov5640_sv_ed_800x600_v1/ov5640_sv_ed.gen/sources_1/bd/design_1/ipshared/fab7/hdl/axi_data_fifo_v2_1_vl_rfs.v:697]
INFO: [Synth 8-6157] synthesizing module 'axi_data_fifo_v2_1_27_ndeep_srl' [c:/Users/Santiago/OneDrive/Escritorio/ov5640_sv_ed_800x600_v1/ov5640_sv_ed.gen/sources_1/bd/design_1/ipshared/fab7/hdl/axi_data_fifo_v2_1_vl_rfs.v:1134]
INFO: [Synth 8-6157] synthesizing module 'SRLC32E' [C:/Xilinx/Vivado/2023.1/scripts/rt/data/unisim_comp.v:132323]
INFO: [Synth 8-6155] done synthesizing module 'SRLC32E' (0#1) [C:/Xilinx/Vivado/2023.1/scripts/rt/data/unisim_comp.v:132323]
INFO: [Synth 8-6155] done synthesizing module 'axi_data_fifo_v2_1_27_ndeep_srl' (0#1) [c:/Users/Santiago/OneDrive/Escritorio/ov5640_sv_ed_800x600_v1/ov5640_sv_ed.gen/sources_1/bd/design_1/ipshared/fab7/hdl/axi_data_fifo_v2_1_vl_rfs.v:1134]
INFO: [Synth 8-6155] done synthesizing module 'axi_data_fifo_v2_1_27_axic_srl_fifo' (0#1) [c:/Users/Santiago/OneDrive/Escritorio/ov5640_sv_ed_800x600_v1/ov5640_sv_ed.gen/sources_1/bd/design_1/ipshared/fab7/hdl/axi_data_fifo_v2_1_vl_rfs.v:697]
INFO: [Synth 8-6157] synthesizing module 'generic_baseblocks_v2_1_0_mux_enc' [c:/Users/Santiago/OneDrive/Escritorio/ov5640_sv_ed_800x600_v1/ov5640_sv_ed.gen/sources_1/bd/design_1/ipshared/b752/hdl/generic_baseblocks_v2_1_vl_rfs.v:2451]
INFO: [Synth 8-6155] done synthesizing module 'generic_baseblocks_v2_1_0_mux_enc' (0#1) [c:/Users/Santiago/OneDrive/Escritorio/ov5640_sv_ed_800x600_v1/ov5640_sv_ed.gen/sources_1/bd/design_1/ipshared/b752/hdl/generic_baseblocks_v2_1_vl_rfs.v:2451]
INFO: [Synth 8-6155] done synthesizing module 'axi_crossbar_v2_1_29_si_transactor' (0#1) [c:/Users/Santiago/OneDrive/Escritorio/ov5640_sv_ed_800x600_v1/ov5640_sv_ed.gen/sources_1/bd/design_1/ipshared/f8f3/hdl/axi_crossbar_v2_1_vl_rfs.v:3799]
INFO: [Synth 8-6157] synthesizing module 'axi_crossbar_v2_1_29_si_transactor__parameterized0' [c:/Users/Santiago/OneDrive/Escritorio/ov5640_sv_ed_800x600_v1/ov5640_sv_ed.gen/sources_1/bd/design_1/ipshared/f8f3/hdl/axi_crossbar_v2_1_vl_rfs.v:3799]
INFO: [Synth 8-6157] synthesizing module 'axi_data_fifo_v2_1_27_axic_srl_fifo__parameterized0' [c:/Users/Santiago/OneDrive/Escritorio/ov5640_sv_ed_800x600_v1/ov5640_sv_ed.gen/sources_1/bd/design_1/ipshared/fab7/hdl/axi_data_fifo_v2_1_vl_rfs.v:697]
INFO: [Synth 8-6157] synthesizing module 'axi_data_fifo_v2_1_27_ndeep_srl__parameterized0' [c:/Users/Santiago/OneDrive/Escritorio/ov5640_sv_ed_800x600_v1/ov5640_sv_ed.gen/sources_1/bd/design_1/ipshared/fab7/hdl/axi_data_fifo_v2_1_vl_rfs.v:1134]
INFO: [Synth 8-6155] done synthesizing module 'axi_data_fifo_v2_1_27_ndeep_srl__parameterized0' (0#1) [c:/Users/Santiago/OneDrive/Escritorio/ov5640_sv_ed_800x600_v1/ov5640_sv_ed.gen/sources_1/bd/design_1/ipshared/fab7/hdl/axi_data_fifo_v2_1_vl_rfs.v:1134]
INFO: [Synth 8-6155] done synthesizing module 'axi_data_fifo_v2_1_27_axic_srl_fifo__parameterized0' (0#1) [c:/Users/Santiago/OneDrive/Escritorio/ov5640_sv_ed_800x600_v1/ov5640_sv_ed.gen/sources_1/bd/design_1/ipshared/fab7/hdl/axi_data_fifo_v2_1_vl_rfs.v:697]
INFO: [Synth 8-6157] synthesizing module 'generic_baseblocks_v2_1_0_mux_enc__parameterized0' [c:/Users/Santiago/OneDrive/Escritorio/ov5640_sv_ed_800x600_v1/ov5640_sv_ed.gen/sources_1/bd/design_1/ipshared/b752/hdl/generic_baseblocks_v2_1_vl_rfs.v:2451]
INFO: [Synth 8-6155] done synthesizing module 'generic_baseblocks_v2_1_0_mux_enc__parameterized0' (0#1) [c:/Users/Santiago/OneDrive/Escritorio/ov5640_sv_ed_800x600_v1/ov5640_sv_ed.gen/sources_1/bd/design_1/ipshared/b752/hdl/generic_baseblocks_v2_1_vl_rfs.v:2451]
INFO: [Synth 8-6155] done synthesizing module 'axi_crossbar_v2_1_29_si_transactor__parameterized0' (0#1) [c:/Users/Santiago/OneDrive/Escritorio/ov5640_sv_ed_800x600_v1/ov5640_sv_ed.gen/sources_1/bd/design_1/ipshared/f8f3/hdl/axi_crossbar_v2_1_vl_rfs.v:3799]
INFO: [Synth 8-6157] synthesizing module 'axi_crossbar_v2_1_29_splitter' [c:/Users/Santiago/OneDrive/Escritorio/ov5640_sv_ed_800x600_v1/ov5640_sv_ed.gen/sources_1/bd/design_1/ipshared/f8f3/hdl/axi_crossbar_v2_1_vl_rfs.v:4460]
INFO: [Synth 8-6155] done synthesizing module 'axi_crossbar_v2_1_29_splitter' (0#1) [c:/Users/Santiago/OneDrive/Escritorio/ov5640_sv_ed_800x600_v1/ov5640_sv_ed.gen/sources_1/bd/design_1/ipshared/f8f3/hdl/axi_crossbar_v2_1_vl_rfs.v:4460]
INFO: [Synth 8-6157] synthesizing module 'axi_crossbar_v2_1_29_wdata_router' [c:/Users/Santiago/OneDrive/Escritorio/ov5640_sv_ed_800x600_v1/ov5640_sv_ed.gen/sources_1/bd/design_1/ipshared/f8f3/hdl/axi_crossbar_v2_1_vl_rfs.v:4735]
INFO: [Synth 8-6157] synthesizing module 'axi_data_fifo_v2_1_27_axic_reg_srl_fifo' [c:/Users/Santiago/OneDrive/Escritorio/ov5640_sv_ed_800x600_v1/ov5640_sv_ed.gen/sources_1/bd/design_1/ipshared/fab7/hdl/axi_data_fifo_v2_1_vl_rfs.v:888]
INFO: [Synth 8-155] case statement is not full and has no default [c:/Users/Santiago/OneDrive/Escritorio/ov5640_sv_ed_800x600_v1/ov5640_sv_ed.gen/sources_1/bd/design_1/ipshared/fab7/hdl/axi_data_fifo_v2_1_vl_rfs.v:986]
INFO: [Synth 8-6155] done synthesizing module 'axi_data_fifo_v2_1_27_axic_reg_srl_fifo' (0#1) [c:/Users/Santiago/OneDrive/Escritorio/ov5640_sv_ed_800x600_v1/ov5640_sv_ed.gen/sources_1/bd/design_1/ipshared/fab7/hdl/axi_data_fifo_v2_1_vl_rfs.v:888]
INFO: [Synth 8-6155] done synthesizing module 'axi_crossbar_v2_1_29_wdata_router' (0#1) [c:/Users/Santiago/OneDrive/Escritorio/ov5640_sv_ed_800x600_v1/ov5640_sv_ed.gen/sources_1/bd/design_1/ipshared/f8f3/hdl/axi_crossbar_v2_1_vl_rfs.v:4735]
INFO: [Synth 8-6157] synthesizing module 'axi_crossbar_v2_1_29_si_transactor__parameterized1' [c:/Users/Santiago/OneDrive/Escritorio/ov5640_sv_ed_800x600_v1/ov5640_sv_ed.gen/sources_1/bd/design_1/ipshared/f8f3/hdl/axi_crossbar_v2_1_vl_rfs.v:3799]
INFO: [Synth 8-6155] done synthesizing module 'axi_crossbar_v2_1_29_si_transactor__parameterized1' (0#1) [c:/Users/Santiago/OneDrive/Escritorio/ov5640_sv_ed_800x600_v1/ov5640_sv_ed.gen/sources_1/bd/design_1/ipshared/f8f3/hdl/axi_crossbar_v2_1_vl_rfs.v:3799]
INFO: [Synth 8-6157] synthesizing module 'axi_crossbar_v2_1_29_si_transactor__parameterized2' [c:/Users/Santiago/OneDrive/Escritorio/ov5640_sv_ed_800x600_v1/ov5640_sv_ed.gen/sources_1/bd/design_1/ipshared/f8f3/hdl/axi_crossbar_v2_1_vl_rfs.v:3799]
INFO: [Synth 8-6155] done synthesizing module 'axi_crossbar_v2_1_29_si_transactor__parameterized2' (0#1) [c:/Users/Santiago/OneDrive/Escritorio/ov5640_sv_ed_800x600_v1/ov5640_sv_ed.gen/sources_1/bd/design_1/ipshared/f8f3/hdl/axi_crossbar_v2_1_vl_rfs.v:3799]
INFO: [Synth 8-6157] synthesizing module 'axi_crossbar_v2_1_29_si_transactor__parameterized3' [c:/Users/Santiago/OneDrive/Escritorio/ov5640_sv_ed_800x600_v1/ov5640_sv_ed.gen/sources_1/bd/design_1/ipshared/f8f3/hdl/axi_crossbar_v2_1_vl_rfs.v:3799]
INFO: [Synth 8-6155] done synthesizing module 'axi_crossbar_v2_1_29_si_transactor__parameterized3' (0#1) [c:/Users/Santiago/OneDrive/Escritorio/ov5640_sv_ed_800x600_v1/ov5640_sv_ed.gen/sources_1/bd/design_1/ipshared/f8f3/hdl/axi_crossbar_v2_1_vl_rfs.v:3799]
INFO: [Synth 8-6157] synthesizing module 'axi_crossbar_v2_1_29_si_transactor__parameterized4' [c:/Users/Santiago/OneDrive/Escritorio/ov5640_sv_ed_800x600_v1/ov5640_sv_ed.gen/sources_1/bd/design_1/ipshared/f8f3/hdl/axi_crossbar_v2_1_vl_rfs.v:3799]
INFO: [Synth 8-6155] done synthesizing module 'axi_crossbar_v2_1_29_si_transactor__parameterized4' (0#1) [c:/Users/Santiago/OneDrive/Escritorio/ov5640_sv_ed_800x600_v1/ov5640_sv_ed.gen/sources_1/bd/design_1/ipshared/f8f3/hdl/axi_crossbar_v2_1_vl_rfs.v:3799]
INFO: [Synth 8-6157] synthesizing module 'axi_crossbar_v2_1_29_wdata_router__parameterized0' [c:/Users/Santiago/OneDrive/Escritorio/ov5640_sv_ed_800x600_v1/ov5640_sv_ed.gen/sources_1/bd/design_1/ipshared/f8f3/hdl/axi_crossbar_v2_1_vl_rfs.v:4735]
INFO: [Synth 8-6157] synthesizing module 'axi_data_fifo_v2_1_27_axic_reg_srl_fifo__parameterized0' [c:/Users/Santiago/OneDrive/Escritorio/ov5640_sv_ed_800x600_v1/ov5640_sv_ed.gen/sources_1/bd/design_1/ipshared/fab7/hdl/axi_data_fifo_v2_1_vl_rfs.v:888]
INFO: [Synth 8-155] case statement is not full and has no default [c:/Users/Santiago/OneDrive/Escritorio/ov5640_sv_ed_800x600_v1/ov5640_sv_ed.gen/sources_1/bd/design_1/ipshared/fab7/hdl/axi_data_fifo_v2_1_vl_rfs.v:986]
INFO: [Synth 8-6155] done synthesizing module 'axi_data_fifo_v2_1_27_axic_reg_srl_fifo__parameterized0' (0#1) [c:/Users/Santiago/OneDrive/Escritorio/ov5640_sv_ed_800x600_v1/ov5640_sv_ed.gen/sources_1/bd/design_1/ipshared/fab7/hdl/axi_data_fifo_v2_1_vl_rfs.v:888]
INFO: [Synth 8-6155] done synthesizing module 'axi_crossbar_v2_1_29_wdata_router__parameterized0' (0#1) [c:/Users/Santiago/OneDrive/Escritorio/ov5640_sv_ed_800x600_v1/ov5640_sv_ed.gen/sources_1/bd/design_1/ipshared/f8f3/hdl/axi_crossbar_v2_1_vl_rfs.v:4735]
INFO: [Synth 8-6157] synthesizing module 'axi_crossbar_v2_1_29_si_transactor__parameterized5' [c:/Users/Santiago/OneDrive/Escritorio/ov5640_sv_ed_800x600_v1/ov5640_sv_ed.gen/sources_1/bd/design_1/ipshared/f8f3/hdl/axi_crossbar_v2_1_vl_rfs.v:3799]
INFO: [Synth 8-6155] done synthesizing module 'axi_crossbar_v2_1_29_si_transactor__parameterized5' (0#1) [c:/Users/Santiago/OneDrive/Escritorio/ov5640_sv_ed_800x600_v1/ov5640_sv_ed.gen/sources_1/bd/design_1/ipshared/f8f3/hdl/axi_crossbar_v2_1_vl_rfs.v:3799]
INFO: [Synth 8-6157] synthesizing module 'axi_crossbar_v2_1_29_si_transactor__parameterized6' [c:/Users/Santiago/OneDrive/Escritorio/ov5640_sv_ed_800x600_v1/ov5640_sv_ed.gen/sources_1/bd/design_1/ipshared/f8f3/hdl/axi_crossbar_v2_1_vl_rfs.v:3799]
INFO: [Synth 8-6155] done synthesizing module 'axi_crossbar_v2_1_29_si_transactor__parameterized6' (0#1) [c:/Users/Santiago/OneDrive/Escritorio/ov5640_sv_ed_800x600_v1/ov5640_sv_ed.gen/sources_1/bd/design_1/ipshared/f8f3/hdl/axi_crossbar_v2_1_vl_rfs.v:3799]
INFO: [Synth 8-6157] synthesizing module 'axi_crossbar_v2_1_29_addr_decoder__parameterized0' [c:/Users/Santiago/OneDrive/Escritorio/ov5640_sv_ed_800x600_v1/ov5640_sv_ed.gen/sources_1/bd/design_1/ipshared/f8f3/hdl/axi_crossbar_v2_1_vl_rfs.v:793]
INFO: [Synth 8-6155] done synthesizing module 'axi_crossbar_v2_1_29_addr_decoder__parameterized0' (0#1) [c:/Users/Santiago/OneDrive/Escritorio/ov5640_sv_ed_800x600_v1/ov5640_sv_ed.gen/sources_1/bd/design_1/ipshared/f8f3/hdl/axi_crossbar_v2_1_vl_rfs.v:793]
INFO: [Synth 8-6157] synthesizing module 'axi_crossbar_v2_1_29_wdata_mux' [c:/Users/Santiago/OneDrive/Escritorio/ov5640_sv_ed_800x600_v1/ov5640_sv_ed.gen/sources_1/bd/design_1/ipshared/f8f3/hdl/axi_crossbar_v2_1_vl_rfs.v:4560]
INFO: [Synth 8-6157] synthesizing module 'axi_data_fifo_v2_1_27_axic_reg_srl_fifo__parameterized1' [c:/Users/Santiago/OneDrive/Escritorio/ov5640_sv_ed_800x600_v1/ov5640_sv_ed.gen/sources_1/bd/design_1/ipshared/fab7/hdl/axi_data_fifo_v2_1_vl_rfs.v:888]
INFO: [Synth 8-155] case statement is not full and has no default [c:/Users/Santiago/OneDrive/Escritorio/ov5640_sv_ed_800x600_v1/ov5640_sv_ed.gen/sources_1/bd/design_1/ipshared/fab7/hdl/axi_data_fifo_v2_1_vl_rfs.v:986]
INFO: [Synth 8-6155] done synthesizing module 'axi_data_fifo_v2_1_27_axic_reg_srl_fifo__parameterized1' (0#1) [c:/Users/Santiago/OneDrive/Escritorio/ov5640_sv_ed_800x600_v1/ov5640_sv_ed.gen/sources_1/bd/design_1/ipshared/fab7/hdl/axi_data_fifo_v2_1_vl_rfs.v:888]
INFO: [Synth 8-6157] synthesizing module 'generic_baseblocks_v2_1_0_mux_enc__parameterized1' [c:/Users/Santiago/OneDrive/Escritorio/ov5640_sv_ed_800x600_v1/ov5640_sv_ed.gen/sources_1/bd/design_1/ipshared/b752/hdl/generic_baseblocks_v2_1_vl_rfs.v:2451]
INFO: [Synth 8-6155] done synthesizing module 'generic_baseblocks_v2_1_0_mux_enc__parameterized1' (0#1) [c:/Users/Santiago/OneDrive/Escritorio/ov5640_sv_ed_800x600_v1/ov5640_sv_ed.gen/sources_1/bd/design_1/ipshared/b752/hdl/generic_baseblocks_v2_1_vl_rfs.v:2451]
INFO: [Synth 8-6155] done synthesizing module 'axi_crossbar_v2_1_29_wdata_mux' (0#1) [c:/Users/Santiago/OneDrive/Escritorio/ov5640_sv_ed_800x600_v1/ov5640_sv_ed.gen/sources_1/bd/design_1/ipshared/f8f3/hdl/axi_crossbar_v2_1_vl_rfs.v:4560]
INFO: [Synth 8-6157] synthesizing module 'axi_register_slice_v2_1_28_axi_register_slice' [c:/Users/Santiago/OneDrive/Escritorio/ov5640_sv_ed_800x600_v1/ov5640_sv_ed.gen/sources_1/bd/design_1/ipshared/87d1/hdl/axi_register_slice_v2_1_vl_rfs.v:3725]
INFO: [Synth 8-6157] synthesizing module 'axi_infrastructure_v1_1_0_axi2vector' [c:/Users/Santiago/OneDrive/Escritorio/ov5640_sv_ed_800x600_v1/ov5640_sv_ed.gen/sources_1/bd/design_1/ipshared/ec67/hdl/axi_infrastructure_v1_1_vl_rfs.v:59]
INFO: [Synth 8-6155] done synthesizing module 'axi_infrastructure_v1_1_0_axi2vector' (0#1) [c:/Users/Santiago/OneDrive/Escritorio/ov5640_sv_ed_800x600_v1/ov5640_sv_ed.gen/sources_1/bd/design_1/ipshared/ec67/hdl/axi_infrastructure_v1_1_vl_rfs.v:59]
INFO: [Synth 8-6157] synthesizing module 'axi_infrastructure_v1_1_0_vector2axi' [c:/Users/Santiago/OneDrive/Escritorio/ov5640_sv_ed_800x600_v1/ov5640_sv_ed.gen/sources_1/bd/design_1/ipshared/ec67/hdl/axi_infrastructure_v1_1_vl_rfs.v:473]
INFO: [Synth 8-6155] done synthesizing module 'axi_infrastructure_v1_1_0_vector2axi' (0#1) [c:/Users/Santiago/OneDrive/Escritorio/ov5640_sv_ed_800x600_v1/ov5640_sv_ed.gen/sources_1/bd/design_1/ipshared/ec67/hdl/axi_infrastructure_v1_1_vl_rfs.v:473]
INFO: [Synth 8-6157] synthesizing module 'axi_register_slice_v2_1_28_axic_register_slice' [c:/Users/Santiago/OneDrive/Escritorio/ov5640_sv_ed_800x600_v1/ov5640_sv_ed.gen/sources_1/bd/design_1/ipshared/87d1/hdl/axi_register_slice_v2_1_vl_rfs.v:1497]
INFO: [Synth 8-6155] done synthesizing module 'axi_register_slice_v2_1_28_axic_register_slice' (0#1) [c:/Users/Santiago/OneDrive/Escritorio/ov5640_sv_ed_800x600_v1/ov5640_sv_ed.gen/sources_1/bd/design_1/ipshared/87d1/hdl/axi_register_slice_v2_1_vl_rfs.v:1497]
INFO: [Synth 8-6157] synthesizing module 'axi_register_slice_v2_1_28_axic_register_slice__parameterized0' [c:/Users/Santiago/OneDrive/Escritorio/ov5640_sv_ed_800x600_v1/ov5640_sv_ed.gen/sources_1/bd/design_1/ipshared/87d1/hdl/axi_register_slice_v2_1_vl_rfs.v:1497]
INFO: [Synth 8-6155] done synthesizing module 'axi_register_slice_v2_1_28_axic_register_slice__parameterized0' (0#1) [c:/Users/Santiago/OneDrive/Escritorio/ov5640_sv_ed_800x600_v1/ov5640_sv_ed.gen/sources_1/bd/design_1/ipshared/87d1/hdl/axi_register_slice_v2_1_vl_rfs.v:1497]
INFO: [Synth 8-6157] synthesizing module 'axi_register_slice_v2_1_28_axic_register_slice__parameterized1' [c:/Users/Santiago/OneDrive/Escritorio/ov5640_sv_ed_800x600_v1/ov5640_sv_ed.gen/sources_1/bd/design_1/ipshared/87d1/hdl/axi_register_slice_v2_1_vl_rfs.v:1497]
INFO: [Synth 8-6155] done synthesizing module 'axi_register_slice_v2_1_28_axic_register_slice__parameterized1' (0#1) [c:/Users/Santiago/OneDrive/Escritorio/ov5640_sv_ed_800x600_v1/ov5640_sv_ed.gen/sources_1/bd/design_1/ipshared/87d1/hdl/axi_register_slice_v2_1_vl_rfs.v:1497]
INFO: [Synth 8-6157] synthesizing module 'axi_register_slice_v2_1_28_axic_register_slice__parameterized2' [c:/Users/Santiago/OneDrive/Escritorio/ov5640_sv_ed_800x600_v1/ov5640_sv_ed.gen/sources_1/bd/design_1/ipshared/87d1/hdl/axi_register_slice_v2_1_vl_rfs.v:1497]
INFO: [Synth 8-6155] done synthesizing module 'axi_register_slice_v2_1_28_axic_register_slice__parameterized2' (0#1) [c:/Users/Santiago/OneDrive/Escritorio/ov5640_sv_ed_800x600_v1/ov5640_sv_ed.gen/sources_1/bd/design_1/ipshared/87d1/hdl/axi_register_slice_v2_1_vl_rfs.v:1497]
INFO: [Synth 8-6155] done synthesizing module 'axi_register_slice_v2_1_28_axi_register_slice' (0#1) [c:/Users/Santiago/OneDrive/Escritorio/ov5640_sv_ed_800x600_v1/ov5640_sv_ed.gen/sources_1/bd/design_1/ipshared/87d1/hdl/axi_register_slice_v2_1_vl_rfs.v:3725]
WARNING: [Synth 8-7071] port 'aclk2x' of module 'axi_register_slice_v2_1_28_axi_register_slice' is unconnected for instance 'reg_slice_mi' [c:/Users/Santiago/OneDrive/Escritorio/ov5640_sv_ed_800x600_v1/ov5640_sv_ed.gen/sources_1/bd/design_1/ipshared/f8f3/hdl/axi_crossbar_v2_1_vl_rfs.v:3122]
WARNING: [Synth 8-7023] instance 'reg_slice_mi' of module 'axi_register_slice_v2_1_28_axi_register_slice' has 93 connections declared, but only 92 given [c:/Users/Santiago/OneDrive/Escritorio/ov5640_sv_ed_800x600_v1/ov5640_sv_ed.gen/sources_1/bd/design_1/ipshared/f8f3/hdl/axi_crossbar_v2_1_vl_rfs.v:3122]
INFO: [Synth 8-6157] synthesizing module 'axi_data_fifo_v2_1_27_axic_srl_fifo__parameterized1' [c:/Users/Santiago/OneDrive/Escritorio/ov5640_sv_ed_800x600_v1/ov5640_sv_ed.gen/sources_1/bd/design_1/ipshared/fab7/hdl/axi_data_fifo_v2_1_vl_rfs.v:697]
INFO: [Synth 8-6155] done synthesizing module 'axi_data_fifo_v2_1_27_axic_srl_fifo__parameterized1' (0#1) [c:/Users/Santiago/OneDrive/Escritorio/ov5640_sv_ed_800x600_v1/ov5640_sv_ed.gen/sources_1/bd/design_1/ipshared/fab7/hdl/axi_data_fifo_v2_1_vl_rfs.v:697]
INFO: [Synth 8-6157] synthesizing module 'axi_crossbar_v2_1_29_wdata_mux__parameterized0' [c:/Users/Santiago/OneDrive/Escritorio/ov5640_sv_ed_800x600_v1/ov5640_sv_ed.gen/sources_1/bd/design_1/ipshared/f8f3/hdl/axi_crossbar_v2_1_vl_rfs.v:4560]
INFO: [Synth 8-6157] synthesizing module 'axi_data_fifo_v2_1_27_axic_reg_srl_fifo__parameterized2' [c:/Users/Santiago/OneDrive/Escritorio/ov5640_sv_ed_800x600_v1/ov5640_sv_ed.gen/sources_1/bd/design_1/ipshared/fab7/hdl/axi_data_fifo_v2_1_vl_rfs.v:888]
INFO: [Synth 8-155] case statement is not full and has no default [c:/Users/Santiago/OneDrive/Escritorio/ov5640_sv_ed_800x600_v1/ov5640_sv_ed.gen/sources_1/bd/design_1/ipshared/fab7/hdl/axi_data_fifo_v2_1_vl_rfs.v:986]
INFO: [Synth 8-6155] done synthesizing module 'axi_data_fifo_v2_1_27_axic_reg_srl_fifo__parameterized2' (0#1) [c:/Users/Santiago/OneDrive/Escritorio/ov5640_sv_ed_800x600_v1/ov5640_sv_ed.gen/sources_1/bd/design_1/ipshared/fab7/hdl/axi_data_fifo_v2_1_vl_rfs.v:888]
INFO: [Synth 8-6155] done synthesizing module 'axi_crossbar_v2_1_29_wdata_mux__parameterized0' (0#1) [c:/Users/Santiago/OneDrive/Escritorio/ov5640_sv_ed_800x600_v1/ov5640_sv_ed.gen/sources_1/bd/design_1/ipshared/f8f3/hdl/axi_crossbar_v2_1_vl_rfs.v:4560]
WARNING: [Synth 8-7071] port 'aclk2x' of module 'axi_register_slice_v2_1_28_axi_register_slice' is unconnected for instance 'reg_slice_mi' [c:/Users/Santiago/OneDrive/Escritorio/ov5640_sv_ed_800x600_v1/ov5640_sv_ed.gen/sources_1/bd/design_1/ipshared/f8f3/hdl/axi_crossbar_v2_1_vl_rfs.v:3122]
WARNING: [Synth 8-7023] instance 'reg_slice_mi' of module 'axi_register_slice_v2_1_28_axi_register_slice' has 93 connections declared, but only 92 given [c:/Users/Santiago/OneDrive/Escritorio/ov5640_sv_ed_800x600_v1/ov5640_sv_ed.gen/sources_1/bd/design_1/ipshared/f8f3/hdl/axi_crossbar_v2_1_vl_rfs.v:3122]
INFO: [Synth 8-6157] synthesizing module 'axi_crossbar_v2_1_29_decerr_slave' [c:/Users/Santiago/OneDrive/Escritorio/ov5640_sv_ed_800x600_v1/ov5640_sv_ed.gen/sources_1/bd/design_1/ipshared/f8f3/hdl/axi_crossbar_v2_1_vl_rfs.v:3500]
INFO: [Synth 8-155] case statement is not full and has no default [c:/Users/Santiago/OneDrive/Escritorio/ov5640_sv_ed_800x600_v1/ov5640_sv_ed.gen/sources_1/bd/design_1/ipshared/f8f3/hdl/axi_crossbar_v2_1_vl_rfs.v:3633]
INFO: [Synth 8-6155] done synthesizing module 'axi_crossbar_v2_1_29_decerr_slave' (0#1) [c:/Users/Santiago/OneDrive/Escritorio/ov5640_sv_ed_800x600_v1/ov5640_sv_ed.gen/sources_1/bd/design_1/ipshared/f8f3/hdl/axi_crossbar_v2_1_vl_rfs.v:3500]
INFO: [Synth 8-6157] synthesizing module 'axi_crossbar_v2_1_29_addr_arbiter' [c:/Users/Santiago/OneDrive/Escritorio/ov5640_sv_ed_800x600_v1/ov5640_sv_ed.gen/sources_1/bd/design_1/ipshared/f8f3/hdl/axi_crossbar_v2_1_vl_rfs.v:422]
INFO: [Synth 8-6157] synthesizing module 'generic_baseblocks_v2_1_0_mux_enc__parameterized2' [c:/Users/Santiago/OneDrive/Escritorio/ov5640_sv_ed_800x600_v1/ov5640_sv_ed.gen/sources_1/bd/design_1/ipshared/b752/hdl/generic_baseblocks_v2_1_vl_rfs.v:2451]
INFO: [Synth 8-6155] done synthesizing module 'generic_baseblocks_v2_1_0_mux_enc__parameterized2' (0#1) [c:/Users/Santiago/OneDrive/Escritorio/ov5640_sv_ed_800x600_v1/ov5640_sv_ed.gen/sources_1/bd/design_1/ipshared/b752/hdl/generic_baseblocks_v2_1_vl_rfs.v:2451]
INFO: [Synth 8-6157] synthesizing module 'generic_baseblocks_v2_1_0_mux_enc__parameterized3' [c:/Users/Santiago/OneDrive/Escritorio/ov5640_sv_ed_800x600_v1/ov5640_sv_ed.gen/sources_1/bd/design_1/ipshared/b752/hdl/generic_baseblocks_v2_1_vl_rfs.v:2451]
INFO: [Synth 8-6155] done synthesizing module 'generic_baseblocks_v2_1_0_mux_enc__parameterized3' (0#1) [c:/Users/Santiago/OneDrive/Escritorio/ov5640_sv_ed_800x600_v1/ov5640_sv_ed.gen/sources_1/bd/design_1/ipshared/b752/hdl/generic_baseblocks_v2_1_vl_rfs.v:2451]
INFO: [Synth 8-6155] done synthesizing module 'axi_crossbar_v2_1_29_addr_arbiter' (0#1) [c:/Users/Santiago/OneDrive/Escritorio/ov5640_sv_ed_800x600_v1/ov5640_sv_ed.gen/sources_1/bd/design_1/ipshared/f8f3/hdl/axi_crossbar_v2_1_vl_rfs.v:422]
INFO: [Synth 8-6155] done synthesizing module 'axi_crossbar_v2_1_29_crossbar' (0#1) [c:/Users/Santiago/OneDrive/Escritorio/ov5640_sv_ed_800x600_v1/ov5640_sv_ed.gen/sources_1/bd/design_1/ipshared/f8f3/hdl/axi_crossbar_v2_1_vl_rfs.v:2238]
INFO: [Synth 8-6155] done synthesizing module 'axi_crossbar_v2_1_29_axi_crossbar' (0#1) [c:/Users/Santiago/OneDrive/Escritorio/ov5640_sv_ed_800x600_v1/ov5640_sv_ed.gen/sources_1/bd/design_1/ipshared/f8f3/hdl/axi_crossbar_v2_1_vl_rfs.v:4883]
INFO: [Synth 8-6155] done synthesizing module 'design_1_xbar_6' (0#1) [c:/Users/Santiago/OneDrive/Escritorio/ov5640_sv_ed_800x600_v1/ov5640_sv_ed.gen/sources_1/bd/design_1/ip/design_1_xbar_6/synth/design_1_xbar_6.v:53]
WARNING: [Synth 8-6014] Unused sequential element areset_d1_reg was removed.  [c:/Users/Santiago/OneDrive/Escritorio/ov5640_sv_ed_800x600_v1/ov5640_sv_ed.gen/sources_1/bd/design_1/ipshared/fab7/hdl/axi_data_fifo_v2_1_vl_rfs.v:750]
WARNING: [Synth 8-6014] Unused sequential element S_READY_i_reg was removed.  [c:/Users/Santiago/OneDrive/Escritorio/ov5640_sv_ed_800x600_v1/ov5640_sv_ed.gen/sources_1/bd/design_1/ipshared/fab7/hdl/axi_data_fifo_v2_1_vl_rfs.v:789]
WARNING: [Synth 8-6014] Unused sequential element gen_single_thread.gen_debug_r_single_thread.debug_r_beat_cnt_i_reg was removed.  [c:/Users/Santiago/OneDrive/Escritorio/ov5640_sv_ed_800x600_v1/ov5640_sv_ed.gen/sources_1/bd/design_1/ipshared/f8f3/hdl/axi_crossbar_v2_1_vl_rfs.v:4192]
WARNING: [Synth 8-6014] Unused sequential element gen_single_thread.active_id_reg was removed.  [c:/Users/Santiago/OneDrive/Escritorio/ov5640_sv_ed_800x600_v1/ov5640_sv_ed.gen/sources_1/bd/design_1/ipshared/f8f3/hdl/axi_crossbar_v2_1_vl_rfs.v:4150]
WARNING: [Synth 8-6014] Unused sequential element areset_d1_reg was removed.  [c:/Users/Santiago/OneDrive/Escritorio/ov5640_sv_ed_800x600_v1/ov5640_sv_ed.gen/sources_1/bd/design_1/ipshared/fab7/hdl/axi_data_fifo_v2_1_vl_rfs.v:750]
WARNING: [Synth 8-6014] Unused sequential element S_READY_i_reg was removed.  [c:/Users/Santiago/OneDrive/Escritorio/ov5640_sv_ed_800x600_v1/ov5640_sv_ed.gen/sources_1/bd/design_1/ipshared/fab7/hdl/axi_data_fifo_v2_1_vl_rfs.v:789]
WARNING: [Synth 8-6014] Unused sequential element gen_single_thread.gen_debug_r_single_thread.debug_r_beat_cnt_i_reg was removed.  [c:/Users/Santiago/OneDrive/Escritorio/ov5640_sv_ed_800x600_v1/ov5640_sv_ed.gen/sources_1/bd/design_1/ipshared/f8f3/hdl/axi_crossbar_v2_1_vl_rfs.v:4192]
WARNING: [Synth 8-6014] Unused sequential element gen_single_thread.active_id_reg was removed.  [c:/Users/Santiago/OneDrive/Escritorio/ov5640_sv_ed_800x600_v1/ov5640_sv_ed.gen/sources_1/bd/design_1/ipshared/f8f3/hdl/axi_crossbar_v2_1_vl_rfs.v:4150]
WARNING: [Synth 8-6014] Unused sequential element gen_single_thread.gen_debug_r_single_thread.debug_r_beat_cnt_i_reg was removed.  [c:/Users/Santiago/OneDrive/Escritorio/ov5640_sv_ed_800x600_v1/ov5640_sv_ed.gen/sources_1/bd/design_1/ipshared/f8f3/hdl/axi_crossbar_v2_1_vl_rfs.v:4192]
WARNING: [Synth 8-6014] Unused sequential element gen_single_thread.active_id_reg was removed.  [c:/Users/Santiago/OneDrive/Escritorio/ov5640_sv_ed_800x600_v1/ov5640_sv_ed.gen/sources_1/bd/design_1/ipshared/f8f3/hdl/axi_crossbar_v2_1_vl_rfs.v:4150]
WARNING: [Synth 8-6014] Unused sequential element gen_single_thread.gen_debug_r_single_thread.debug_r_beat_cnt_i_reg was removed.  [c:/Users/Santiago/OneDrive/Escritorio/ov5640_sv_ed_800x600_v1/ov5640_sv_ed.gen/sources_1/bd/design_1/ipshared/f8f3/hdl/axi_crossbar_v2_1_vl_rfs.v:4192]
WARNING: [Synth 8-6014] Unused sequential element gen_single_thread.active_id_reg was removed.  [c:/Users/Santiago/OneDrive/Escritorio/ov5640_sv_ed_800x600_v1/ov5640_sv_ed.gen/sources_1/bd/design_1/ipshared/f8f3/hdl/axi_crossbar_v2_1_vl_rfs.v:4150]
WARNING: [Synth 8-6014] Unused sequential element gen_single_thread.gen_debug_r_single_thread.debug_r_beat_cnt_i_reg was removed.  [c:/Users/Santiago/OneDrive/Escritorio/ov5640_sv_ed_800x600_v1/ov5640_sv_ed.gen/sources_1/bd/design_1/ipshared/f8f3/hdl/axi_crossbar_v2_1_vl_rfs.v:4192]
WARNING: [Synth 8-6014] Unused sequential element gen_single_thread.active_id_reg was removed.  [c:/Users/Santiago/OneDrive/Escritorio/ov5640_sv_ed_800x600_v1/ov5640_sv_ed.gen/sources_1/bd/design_1/ipshared/f8f3/hdl/axi_crossbar_v2_1_vl_rfs.v:4150]
WARNING: [Synth 8-6014] Unused sequential element gen_single_thread.gen_debug_r_single_thread.debug_r_beat_cnt_i_reg was removed.  [c:/Users/Santiago/OneDrive/Escritorio/ov5640_sv_ed_800x600_v1/ov5640_sv_ed.gen/sources_1/bd/design_1/ipshared/f8f3/hdl/axi_crossbar_v2_1_vl_rfs.v:4192]
WARNING: [Synth 8-6014] Unused sequential element gen_single_thread.active_id_reg was removed.  [c:/Users/Santiago/OneDrive/Escritorio/ov5640_sv_ed_800x600_v1/ov5640_sv_ed.gen/sources_1/bd/design_1/ipshared/f8f3/hdl/axi_crossbar_v2_1_vl_rfs.v:4150]
WARNING: [Synth 8-6014] Unused sequential element gen_single_thread.gen_debug_r_single_thread.debug_r_beat_cnt_i_reg was removed.  [c:/Users/Santiago/OneDrive/Escritorio/ov5640_sv_ed_800x600_v1/ov5640_sv_ed.gen/sources_1/bd/design_1/ipshared/f8f3/hdl/axi_crossbar_v2_1_vl_rfs.v:4192]
WARNING: [Synth 8-6014] Unused sequential element gen_single_thread.active_id_reg was removed.  [c:/Users/Santiago/OneDrive/Escritorio/ov5640_sv_ed_800x600_v1/ov5640_sv_ed.gen/sources_1/bd/design_1/ipshared/f8f3/hdl/axi_crossbar_v2_1_vl_rfs.v:4150]
WARNING: [Synth 8-6014] Unused sequential element gen_single_thread.gen_debug_r_single_thread.debug_r_beat_cnt_i_reg was removed.  [c:/Users/Santiago/OneDrive/Escritorio/ov5640_sv_ed_800x600_v1/ov5640_sv_ed.gen/sources_1/bd/design_1/ipshared/f8f3/hdl/axi_crossbar_v2_1_vl_rfs.v:4192]
WARNING: [Synth 8-6014] Unused sequential element gen_single_thread.active_id_reg was removed.  [c:/Users/Santiago/OneDrive/Escritorio/ov5640_sv_ed_800x600_v1/ov5640_sv_ed.gen/sources_1/bd/design_1/ipshared/f8f3/hdl/axi_crossbar_v2_1_vl_rfs.v:4150]
WARNING: [Synth 8-6014] Unused sequential element s_ready_i_reg was removed.  [c:/Users/Santiago/OneDrive/Escritorio/ov5640_sv_ed_800x600_v1/ov5640_sv_ed.gen/sources_1/bd/design_1/ipshared/fab7/hdl/axi_data_fifo_v2_1_vl_rfs.v:1038]
WARNING: [Synth 8-6014] Unused sequential element areset_d1_reg was removed.  [c:/Users/Santiago/OneDrive/Escritorio/ov5640_sv_ed_800x600_v1/ov5640_sv_ed.gen/sources_1/bd/design_1/ipshared/fab7/hdl/axi_data_fifo_v2_1_vl_rfs.v:750]
WARNING: [Synth 8-6014] Unused sequential element S_READY_i_reg was removed.  [c:/Users/Santiago/OneDrive/Escritorio/ov5640_sv_ed_800x600_v1/ov5640_sv_ed.gen/sources_1/bd/design_1/ipshared/fab7/hdl/axi_data_fifo_v2_1_vl_rfs.v:789]
WARNING: [Synth 8-6014] Unused sequential element s_ready_i_reg was removed.  [c:/Users/Santiago/OneDrive/Escritorio/ov5640_sv_ed_800x600_v1/ov5640_sv_ed.gen/sources_1/bd/design_1/ipshared/fab7/hdl/axi_data_fifo_v2_1_vl_rfs.v:1038]
WARNING: [Synth 8-6014] Unused sequential element gen_master_slots[0].gen_mi_write.gen_debug_w.debug_w_beat_cnt_i_reg was removed.  [c:/Users/Santiago/OneDrive/Escritorio/ov5640_sv_ed_800x600_v1/ov5640_sv_ed.gen/sources_1/bd/design_1/ipshared/f8f3/hdl/axi_crossbar_v2_1_vl_rfs.v:2997]
WARNING: [Synth 8-6014] Unused sequential element gen_master_slots[1].gen_mi_write.gen_debug_w.debug_w_beat_cnt_i_reg was removed.  [c:/Users/Santiago/OneDrive/Escritorio/ov5640_sv_ed_800x600_v1/ov5640_sv_ed.gen/sources_1/bd/design_1/ipshared/f8f3/hdl/axi_crossbar_v2_1_vl_rfs.v:2997]
WARNING: [Synth 8-7129] Port ACLK in module axi_register_slice_v2_1_28_axic_register_slice is either unconnected or has no load
WARNING: [Synth 8-7129] Port ARESET in module axi_register_slice_v2_1_28_axic_register_slice is either unconnected or has no load
WARNING: [Synth 8-7129] Port ACLK in module axi_register_slice_v2_1_28_axic_register_slice__parameterized0 is either unconnected or has no load
WARNING: [Synth 8-7129] Port ARESET in module axi_register_slice_v2_1_28_axic_register_slice__parameterized0 is either unconnected or has no load
WARNING: [Synth 8-7129] Port m_axi_buser[0] in module axi_infrastructure_v1_1_0_vector2axi is either unconnected or has no load
WARNING: [Synth 8-7129] Port m_axi_ruser[0] in module axi_infrastructure_v1_1_0_vector2axi is either unconnected or has no load
WARNING: [Synth 8-7129] Port s_axi_awuser[0] in module axi_infrastructure_v1_1_0_axi2vector is either unconnected or has no load
WARNING: [Synth 8-7129] Port s_axi_wid[1] in module axi_infrastructure_v1_1_0_axi2vector is either unconnected or has no load
WARNING: [Synth 8-7129] Port s_axi_wid[0] in module axi_infrastructure_v1_1_0_axi2vector is either unconnected or has no load
WARNING: [Synth 8-7129] Port s_axi_wuser[0] in module axi_infrastructure_v1_1_0_axi2vector is either unconnected or has no load
WARNING: [Synth 8-7129] Port s_axi_aruser[0] in module axi_infrastructure_v1_1_0_axi2vector is either unconnected or has no load
WARNING: [Synth 8-7129] Port aclk2x in module axi_register_slice_v2_1_28_axi_register_slice is either unconnected or has no load
WARNING: [Synth 8-7129] Port ADDR[1] in module axi_crossbar_v2_1_29_addr_decoder is either unconnected or has no load
WARNING: [Synth 8-7129] Port ADDR[0] in module axi_crossbar_v2_1_29_addr_decoder is either unconnected or has no load
WARNING: [Synth 8-7129] Port S_ABURST[1] in module axi_crossbar_v2_1_29_si_transactor__parameterized6 is either unconnected or has no load
WARNING: [Synth 8-7129] Port S_ABURST[0] in module axi_crossbar_v2_1_29_si_transactor__parameterized6 is either unconnected or has no load
WARNING: [Synth 8-7129] Port S_ABURST[1] in module axi_crossbar_v2_1_29_si_transactor__parameterized5 is either unconnected or has no load
WARNING: [Synth 8-7129] Port S_ABURST[0] in module axi_crossbar_v2_1_29_si_transactor__parameterized5 is either unconnected or has no load
WARNING: [Synth 8-7129] Port S_ABURST[1] in module axi_crossbar_v2_1_29_si_transactor__parameterized4 is either unconnected or has no load
WARNING: [Synth 8-7129] Port S_ABURST[0] in module axi_crossbar_v2_1_29_si_transactor__parameterized4 is either unconnected or has no load
WARNING: [Synth 8-7129] Port S_ABURST[1] in module axi_crossbar_v2_1_29_si_transactor__parameterized3 is either unconnected or has no load
WARNING: [Synth 8-7129] Port S_ABURST[0] in module axi_crossbar_v2_1_29_si_transactor__parameterized3 is either unconnected or has no load
WARNING: [Synth 8-7129] Port S_ABURST[1] in module axi_crossbar_v2_1_29_si_transactor__parameterized2 is either unconnected or has no load
WARNING: [Synth 8-7129] Port S_ABURST[0] in module axi_crossbar_v2_1_29_si_transactor__parameterized2 is either unconnected or has no load
WARNING: [Synth 8-7129] Port S_ABURST[1] in module axi_crossbar_v2_1_29_si_transactor__parameterized1 is either unconnected or has no load
WARNING: [Synth 8-7129] Port S_ABURST[0] in module axi_crossbar_v2_1_29_si_transactor__parameterized1 is either unconnected or has no load
WARNING: [Synth 8-7129] Port S_ABURST[1] in module axi_crossbar_v2_1_29_si_transactor__parameterized0 is either unconnected or has no load
WARNING: [Synth 8-7129] Port S_ABURST[0] in module axi_crossbar_v2_1_29_si_transactor__parameterized0 is either unconnected or has no load
WARNING: [Synth 8-7129] Port S_ABURST[1] in module axi_crossbar_v2_1_29_si_transactor is either unconnected or has no load
WARNING: [Synth 8-7129] Port S_ABURST[0] in module axi_crossbar_v2_1_29_si_transactor is either unconnected or has no load
WARNING: [Synth 8-7129] Port S_AXI_AWID[7] in module axi_crossbar_v2_1_29_crossbar is either unconnected or has no load
WARNING: [Synth 8-7129] Port S_AXI_AWID[6] in module axi_crossbar_v2_1_29_crossbar is either unconnected or has no load
WARNING: [Synth 8-7129] Port S_AXI_AWID[5] in module axi_crossbar_v2_1_29_crossbar is either unconnected or has no load
WARNING: [Synth 8-7129] Port S_AXI_AWID[4] in module axi_crossbar_v2_1_29_crossbar is either unconnected or has no load
WARNING: [Synth 8-7129] Port S_AXI_AWID[3] in module axi_crossbar_v2_1_29_crossbar is either unconnected or has no load
WARNING: [Synth 8-7129] Port S_AXI_AWID[2] in module axi_crossbar_v2_1_29_crossbar is either unconnected or has no load
WARNING: [Synth 8-7129] Port S_AXI_AWID[1] in module axi_crossbar_v2_1_29_crossbar is either unconnected or has no load
WARNING: [Synth 8-7129] Port S_AXI_AWID[0] in module axi_crossbar_v2_1_29_crossbar is either unconnected or has no load
WARNING: [Synth 8-7129] Port S_AXI_WID[7] in module axi_crossbar_v2_1_29_crossbar is either unconnected or has no load
WARNING: [Synth 8-7129] Port S_AXI_WID[6] in module axi_crossbar_v2_1_29_crossbar is either unconnected or has no load
WARNING: [Synth 8-7129] Port S_AXI_WID[5] in module axi_crossbar_v2_1_29_crossbar is either unconnected or has no load
WARNING: [Synth 8-7129] Port S_AXI_WID[4] in module axi_crossbar_v2_1_29_crossbar is either unconnected or has no load
WARNING: [Synth 8-7129] Port S_AXI_WID[3] in module axi_crossbar_v2_1_29_crossbar is either unconnected or has no load
WARNING: [Synth 8-7129] Port S_AXI_WID[2] in module axi_crossbar_v2_1_29_crossbar is either unconnected or has no load
WARNING: [Synth 8-7129] Port S_AXI_WID[1] in module axi_crossbar_v2_1_29_crossbar is either unconnected or has no load
WARNING: [Synth 8-7129] Port S_AXI_WID[0] in module axi_crossbar_v2_1_29_crossbar is either unconnected or has no load
WARNING: [Synth 8-7129] Port S_AXI_ARID[7] in module axi_crossbar_v2_1_29_crossbar is either unconnected or has no load
WARNING: [Synth 8-7129] Port S_AXI_ARID[6] in module axi_crossbar_v2_1_29_crossbar is either unconnected or has no load
WARNING: [Synth 8-7129] Port S_AXI_ARID[5] in module axi_crossbar_v2_1_29_crossbar is either unconnected or has no load
WARNING: [Synth 8-7129] Port S_AXI_ARID[4] in module axi_crossbar_v2_1_29_crossbar is either unconnected or has no load
WARNING: [Synth 8-7129] Port S_AXI_ARID[3] in module axi_crossbar_v2_1_29_crossbar is either unconnected or has no load
WARNING: [Synth 8-7129] Port S_AXI_ARID[2] in module axi_crossbar_v2_1_29_crossbar is either unconnected or has no load
WARNING: [Synth 8-7129] Port S_AXI_ARID[1] in module axi_crossbar_v2_1_29_crossbar is either unconnected or has no load
WARNING: [Synth 8-7129] Port S_AXI_ARID[0] in module axi_crossbar_v2_1_29_crossbar is either unconnected or has no load
WARNING: [Synth 8-7129] Port s_axi_awid[7] in module axi_crossbar_v2_1_29_axi_crossbar is either unconnected or has no load
WARNING: [Synth 8-7129] Port s_axi_awid[6] in module axi_crossbar_v2_1_29_axi_crossbar is either unconnected or has no load
WARNING: [Synth 8-7129] Port s_axi_awid[5] in module axi_crossbar_v2_1_29_axi_crossbar is either unconnected or has no load
WARNING: [Synth 8-7129] Port s_axi_awid[4] in module axi_crossbar_v2_1_29_axi_crossbar is either unconnected or has no load
WARNING: [Synth 8-7129] Port s_axi_awid[3] in module axi_crossbar_v2_1_29_axi_crossbar is either unconnected or has no load
WARNING: [Synth 8-7129] Port s_axi_awid[2] in module axi_crossbar_v2_1_29_axi_crossbar is either unconnected or has no load
WARNING: [Synth 8-7129] Port s_axi_awid[1] in module axi_crossbar_v2_1_29_axi_crossbar is either unconnected or has no load
WARNING: [Synth 8-7129] Port s_axi_awid[0] in module axi_crossbar_v2_1_29_axi_crossbar is either unconnected or has no load
WARNING: [Synth 8-7129] Port s_axi_awuser[3] in module axi_crossbar_v2_1_29_axi_crossbar is either unconnected or has no load
WARNING: [Synth 8-7129] Port s_axi_awuser[2] in module axi_crossbar_v2_1_29_axi_crossbar is either unconnected or has no load
WARNING: [Synth 8-7129] Port s_axi_awuser[1] in module axi_crossbar_v2_1_29_axi_crossbar is either unconnected or has no load
WARNING: [Synth 8-7129] Port s_axi_awuser[0] in module axi_crossbar_v2_1_29_axi_crossbar is either unconnected or has no load
WARNING: [Synth 8-7129] Port s_axi_wid[7] in module axi_crossbar_v2_1_29_axi_crossbar is either unconnected or has no load
WARNING: [Synth 8-7129] Port s_axi_wid[6] in module axi_crossbar_v2_1_29_axi_crossbar is either unconnected or has no load
WARNING: [Synth 8-7129] Port s_axi_wid[5] in module axi_crossbar_v2_1_29_axi_crossbar is either unconnected or has no load
WARNING: [Synth 8-7129] Port s_axi_wid[4] in module axi_crossbar_v2_1_29_axi_crossbar is either unconnected or has no load
WARNING: [Synth 8-7129] Port s_axi_wid[3] in module axi_crossbar_v2_1_29_axi_crossbar is either unconnected or has no load
WARNING: [Synth 8-7129] Port s_axi_wid[2] in module axi_crossbar_v2_1_29_axi_crossbar is either unconnected or has no load
WARNING: [Synth 8-7129] Port s_axi_wid[1] in module axi_crossbar_v2_1_29_axi_crossbar is either unconnected or has no load
WARNING: [Synth 8-7129] Port s_axi_wid[0] in module axi_crossbar_v2_1_29_axi_crossbar is either unconnected or has no load
WARNING: [Synth 8-7129] Port s_axi_wuser[3] in module axi_crossbar_v2_1_29_axi_crossbar is either unconnected or has no load
WARNING: [Synth 8-7129] Port s_axi_wuser[2] in module axi_crossbar_v2_1_29_axi_crossbar is either unconnected or has no load
WARNING: [Synth 8-7129] Port s_axi_wuser[1] in module axi_crossbar_v2_1_29_axi_crossbar is either unconnected or has no load
WARNING: [Synth 8-7129] Port s_axi_wuser[0] in module axi_crossbar_v2_1_29_axi_crossbar is either unconnected or has no load
WARNING: [Synth 8-7129] Port s_axi_arid[7] in module axi_crossbar_v2_1_29_axi_crossbar is either unconnected or has no load
WARNING: [Synth 8-7129] Port s_axi_arid[6] in module axi_crossbar_v2_1_29_axi_crossbar is either unconnected or has no load
WARNING: [Synth 8-7129] Port s_axi_arid[5] in module axi_crossbar_v2_1_29_axi_crossbar is either unconnected or has no load
WARNING: [Synth 8-7129] Port s_axi_arid[4] in module axi_crossbar_v2_1_29_axi_crossbar is either unconnected or has no load
WARNING: [Synth 8-7129] Port s_axi_arid[3] in module axi_crossbar_v2_1_29_axi_crossbar is either unconnected or has no load
WARNING: [Synth 8-7129] Port s_axi_arid[2] in module axi_crossbar_v2_1_29_axi_crossbar is either unconnected or has no load
WARNING: [Synth 8-7129] Port s_axi_arid[1] in module axi_crossbar_v2_1_29_axi_crossbar is either unconnected or has no load
WARNING: [Synth 8-7129] Port s_axi_arid[0] in module axi_crossbar_v2_1_29_axi_crossbar is either unconnected or has no load
WARNING: [Synth 8-7129] Port s_axi_aruser[3] in module axi_crossbar_v2_1_29_axi_crossbar is either unconnected or has no load
WARNING: [Synth 8-7129] Port s_axi_aruser[2] in module axi_crossbar_v2_1_29_axi_crossbar is either unconnected or has no load
WARNING: [Synth 8-7129] Port s_axi_aruser[1] in module axi_crossbar_v2_1_29_axi_crossbar is either unconnected or has no load
WARNING: [Synth 8-7129] Port s_axi_aruser[0] in module axi_crossbar_v2_1_29_axi_crossbar is either unconnected or has no load
WARNING: [Synth 8-7129] Port m_axi_buser[0] in module axi_crossbar_v2_1_29_axi_crossbar is either unconnected or has no load
WARNING: [Synth 8-7129] Port m_axi_ruser[0] in module axi_crossbar_v2_1_29_axi_crossbar is either unconnected or has no load
---------------------------------------------------------------------------------
Finished RTL Elaboration : Time (s): cpu = 00:00:17 ; elapsed = 00:00:18 . Memory (MB): peak = 2499.801 ; gain = 652.484
---------------------------------------------------------------------------------
---------------------------------------------------------------------------------
Start Handling Custom Attributes
---------------------------------------------------------------------------------
---------------------------------------------------------------------------------
Finished Handling Custom Attributes : Time (s): cpu = 00:00:17 ; elapsed = 00:00:18 . Memory (MB): peak = 2499.801 ; gain = 652.484
---------------------------------------------------------------------------------
---------------------------------------------------------------------------------
Finished RTL Optimization Phase 1 : Time (s): cpu = 00:00:17 ; elapsed = 00:00:18 . Memory (MB): peak = 2499.801 ; gain = 652.484
---------------------------------------------------------------------------------
Netlist sorting complete. Time (s): cpu = 00:00:00 ; elapsed = 00:00:00.165 . Memory (MB): peak = 2499.801 ; gain = 0.000
INFO: [Project 1-570] Preparing netlist for logic optimization

Processing XDC Constraints
Initializing timing engine
Parsing XDC File [c:/Users/Santiago/OneDrive/Escritorio/ov5640_sv_ed_800x600_v1/ov5640_sv_ed.gen/sources_1/bd/design_1/ip/design_1_xbar_6/design_1_xbar_6_ooc.xdc] for cell 'inst'
Finished Parsing XDC File [c:/Users/Santiago/OneDrive/Escritorio/ov5640_sv_ed_800x600_v1/ov5640_sv_ed.gen/sources_1/bd/design_1/ip/design_1_xbar_6/design_1_xbar_6_ooc.xdc] for cell 'inst'
Parsing XDC File [C:/Users/Santiago/OneDrive/Escritorio/ov5640_sv_ed_800x600_v1/ov5640_sv_ed.runs/design_1_xbar_6_synth_1/dont_touch.xdc]
Finished Parsing XDC File [C:/Users/Santiago/OneDrive/Escritorio/ov5640_sv_ed_800x600_v1/ov5640_sv_ed.runs/design_1_xbar_6_synth_1/dont_touch.xdc]
Completed Processing XDC Constraints

Netlist sorting complete. Time (s): cpu = 00:00:00 ; elapsed = 00:00:00.002 . Memory (MB): peak = 2597.758 ; gain = 0.000
INFO: [Project 1-111] Unisim Transformation Summary:
No Unisim elements were transformed.

Constraint Validation Runtime : Time (s): cpu = 00:00:01 ; elapsed = 00:00:00.103 . Memory (MB): peak = 2597.793 ; gain = 0.035
INFO: [Designutils 20-5008] Incremental synthesis strategy off
---------------------------------------------------------------------------------
Finished Constraint Validation : Time (s): cpu = 00:00:28 ; elapsed = 00:00:29 . Memory (MB): peak = 2597.793 ; gain = 750.477
---------------------------------------------------------------------------------
---------------------------------------------------------------------------------
Start Loading Part and Timing Information
---------------------------------------------------------------------------------
Loading part: xc7z020clg400-1
---------------------------------------------------------------------------------
Finished Loading Part and Timing Information : Time (s): cpu = 00:00:28 ; elapsed = 00:00:29 . Memory (MB): peak = 2597.793 ; gain = 750.477
---------------------------------------------------------------------------------
---------------------------------------------------------------------------------
Start Applying 'set_property' XDC Constraints
---------------------------------------------------------------------------------
Applied set_property KEEP_HIERARCHY = SOFT for inst. (constraint file  C:/Users/Santiago/OneDrive/Escritorio/ov5640_sv_ed_800x600_v1/ov5640_sv_ed.runs/design_1_xbar_6_synth_1/dont_touch.xdc, line 9).
---------------------------------------------------------------------------------
Finished applying 'set_property' XDC Constraints : Time (s): cpu = 00:00:28 ; elapsed = 00:00:29 . Memory (MB): peak = 2597.793 ; gain = 750.477
---------------------------------------------------------------------------------
INFO: [Synth 8-802] inferred FSM for state register 'state_reg' in module 'axi_data_fifo_v2_1_27_axic_reg_srl_fifo'
INFO: [Synth 8-802] inferred FSM for state register 'state_reg' in module 'axi_data_fifo_v2_1_27_axic_reg_srl_fifo__parameterized0'
INFO: [Synth 8-802] inferred FSM for state register 'state_reg' in module 'axi_data_fifo_v2_1_27_axic_reg_srl_fifo__parameterized1'
INFO: [Synth 8-802] inferred FSM for state register 'state_reg' in module 'axi_data_fifo_v2_1_27_axic_reg_srl_fifo__parameterized2'
INFO: [Synth 8-802] inferred FSM for state register 'gen_axi.write_cs_reg' in module 'axi_crossbar_v2_1_29_decerr_slave'
---------------------------------------------------------------------------------------------------
                   State |                     New Encoding |                Previous Encoding 
---------------------------------------------------------------------------------------------------
                    ZERO |                             1000 |                               10
                     ONE |                             0010 |                               11
                     TWO |                             0001 |                               01
                  iSTATE |                             0100 |                               00
---------------------------------------------------------------------------------------------------
INFO: [Synth 8-3354] encoded FSM with state register 'state_reg' using encoding 'one-hot' in module 'axi_data_fifo_v2_1_27_axic_reg_srl_fifo'
---------------------------------------------------------------------------------------------------
                   State |                     New Encoding |                Previous Encoding 
---------------------------------------------------------------------------------------------------
                    ZERO |                             1000 |                               10
                     ONE |                             0010 |                               11
                     TWO |                             0001 |                               01
                  iSTATE |                             0100 |                               00
---------------------------------------------------------------------------------------------------
INFO: [Synth 8-3354] encoded FSM with state register 'state_reg' using encoding 'one-hot' in module 'axi_data_fifo_v2_1_27_axic_reg_srl_fifo__parameterized0'
---------------------------------------------------------------------------------------------------
                   State |                     New Encoding |                Previous Encoding 
---------------------------------------------------------------------------------------------------
                    ZERO |                             1000 |                               10
                     ONE |                             0010 |                               11
                     TWO |                             0001 |                               01
                  iSTATE |                             0100 |                               00
---------------------------------------------------------------------------------------------------
INFO: [Synth 8-3354] encoded FSM with state register 'state_reg' using encoding 'one-hot' in module 'axi_data_fifo_v2_1_27_axic_reg_srl_fifo__parameterized1'
---------------------------------------------------------------------------------------------------
                   State |                     New Encoding |                Previous Encoding 
---------------------------------------------------------------------------------------------------
                    ZERO |                             1000 |                               10
                     ONE |                             0010 |                               11
                     TWO |                             0001 |                               01
                  iSTATE |                             0100 |                               00
---------------------------------------------------------------------------------------------------
INFO: [Synth 8-3354] encoded FSM with state register 'state_reg' using encoding 'one-hot' in module 'axi_data_fifo_v2_1_27_axic_reg_srl_fifo__parameterized2'
---------------------------------------------------------------------------------------------------
                   State |                     New Encoding |                Previous Encoding 
---------------------------------------------------------------------------------------------------
            P_WRITE_IDLE |                              001 |                               00
            P_WRITE_DATA |                              010 |                               01
            P_WRITE_RESP |                              100 |                               10
---------------------------------------------------------------------------------------------------
INFO: [Synth 8-3354] encoded FSM with state register 'gen_axi.write_cs_reg' using encoding 'one-hot' in module 'axi_crossbar_v2_1_29_decerr_slave'
---------------------------------------------------------------------------------
Finished RTL Optimization Phase 2 : Time (s): cpu = 00:00:29 ; elapsed = 00:00:31 . Memory (MB): peak = 2597.793 ; gain = 750.477
---------------------------------------------------------------------------------
---------------------------------------------------------------------------------
Start RTL Component Statistics 
---------------------------------------------------------------------------------
Detailed RTL Component Info : 
+---Adders : 
	   2 Input    8 Bit       Adders := 3     
	   2 Input    4 Bit       Adders := 2     
	   2 Input    3 Bit       Adders := 11    
	   2 Input    2 Bit       Adders := 19    
	   2 Input    1 Bit       Adders := 4     
+---XORs : 
	   2 Input      1 Bit         XORs := 16    
+---Registers : 
	               69 Bit    Registers := 4     
	               65 Bit    Registers := 2     
	                8 Bit    Registers := 3     
	                4 Bit    Registers := 18    
	                3 Bit    Registers := 10    
	                2 Bit    Registers := 39    
	                1 Bit    Registers := 57    
+---Muxes : 
	   2 Input   69 Bit        Muxes := 4     
	   2 Input   16 Bit        Muxes := 4     
	   2 Input    8 Bit        Muxes := 1     
	   3 Input    4 Bit        Muxes := 6     
	   2 Input    4 Bit        Muxes := 24    
	   2 Input    3 Bit        Muxes := 1     
	   2 Input    2 Bit        Muxes := 35    
	   2 Input    1 Bit        Muxes := 132   
	   4 Input    1 Bit        Muxes := 18    
	   3 Input    1 Bit        Muxes := 9     
---------------------------------------------------------------------------------
Finished RTL Component Statistics 
---------------------------------------------------------------------------------
---------------------------------------------------------------------------------
Start Part Resource Summary
---------------------------------------------------------------------------------
Part Resources:
DSPs: 220 (col length:60)
BRAMs: 280 (col length: RAMB18 60 RAMB36 30)
---------------------------------------------------------------------------------
Finished Part Resource Summary
---------------------------------------------------------------------------------
---------------------------------------------------------------------------------
Start Cross Boundary and Area Optimization
---------------------------------------------------------------------------------
WARNING: [Synth 8-7080] Parallel synthesis criteria is not met
WARNING: [Synth 8-7129] Port aclk2x in module axi_register_slice_v2_1_28_axi_register_slice is either unconnected or has no load
WARNING: [Synth 8-7129] Port s_axi_awuser[0] in module axi_register_slice_v2_1_28_axi_register_slice is either unconnected or has no load
WARNING: [Synth 8-7129] Port s_axi_wid[1] in module axi_register_slice_v2_1_28_axi_register_slice is either unconnected or has no load
WARNING: [Synth 8-7129] Port s_axi_wid[0] in module axi_register_slice_v2_1_28_axi_register_slice is either unconnected or has no load
WARNING: [Synth 8-7129] Port s_axi_wuser[0] in module axi_register_slice_v2_1_28_axi_register_slice is either unconnected or has no load
WARNING: [Synth 8-7129] Port s_axi_aruser[0] in module axi_register_slice_v2_1_28_axi_register_slice is either unconnected or has no load
WARNING: [Synth 8-7129] Port m_axi_buser[0] in module axi_register_slice_v2_1_28_axi_register_slice is either unconnected or has no load
WARNING: [Synth 8-7129] Port m_axi_ruser[0] in module axi_register_slice_v2_1_28_axi_register_slice is either unconnected or has no load
INFO: [Common 17-14] Message 'Synth 8-7129' appears 100 times and further instances of the messages will be disabled. Use the Tcl command set_msg_config to change the current settings.
INFO: [Synth 8-3332] Sequential element (wrouter_aw_fifo/FSM_onehot_state_reg[2]) is unused and will be removed from module axi_crossbar_v2_1_29_wdata_router.
INFO: [Synth 8-3332] Sequential element (wrouter_aw_fifo/FSM_onehot_state_reg[2]) is unused and will be removed from module axi_crossbar_v2_1_29_wdata_router__parameterized0.
INFO: [Synth 8-3332] Sequential element (FSM_onehot_state_reg[2]) is unused and will be removed from module axi_data_fifo_v2_1_27_axic_reg_srl_fifo__parameterized1.
INFO: [Synth 8-3332] Sequential element (FSM_onehot_state_reg[2]) is unused and will be removed from module axi_data_fifo_v2_1_27_axic_reg_srl_fifo__parameterized2.
---------------------------------------------------------------------------------
Finished Cross Boundary and Area Optimization : Time (s): cpu = 00:00:34 ; elapsed = 00:00:35 . Memory (MB): peak = 2597.793 ; gain = 750.477
---------------------------------------------------------------------------------
---------------------------------------------------------------------------------
Start Applying XDC Timing Constraints
---------------------------------------------------------------------------------
---------------------------------------------------------------------------------
Finished Applying XDC Timing Constraints : Time (s): cpu = 00:00:40 ; elapsed = 00:00:41 . Memory (MB): peak = 2597.793 ; gain = 750.477
---------------------------------------------------------------------------------
---------------------------------------------------------------------------------
Start Timing Optimization
---------------------------------------------------------------------------------
---------------------------------------------------------------------------------
Finished Timing Optimization : Time (s): cpu = 00:00:41 ; elapsed = 00:00:42 . Memory (MB): peak = 2597.793 ; gain = 750.477
---------------------------------------------------------------------------------
---------------------------------------------------------------------------------
Start Technology Mapping
---------------------------------------------------------------------------------
---------------------------------------------------------------------------------
Finished Technology Mapping : Time (s): cpu = 00:00:42 ; elapsed = 00:00:43 . Memory (MB): peak = 2597.793 ; gain = 750.477
---------------------------------------------------------------------------------
---------------------------------------------------------------------------------
Start IO Insertion
---------------------------------------------------------------------------------
---------------------------------------------------------------------------------
Start Flattening Before IO Insertion
---------------------------------------------------------------------------------
---------------------------------------------------------------------------------
Finished Flattening Before IO Insertion
---------------------------------------------------------------------------------
---------------------------------------------------------------------------------
Start Final Netlist Cleanup
---------------------------------------------------------------------------------
---------------------------------------------------------------------------------
Finished Final Netlist Cleanup
---------------------------------------------------------------------------------
---------------------------------------------------------------------------------
Finished IO Insertion : Time (s): cpu = 00:00:46 ; elapsed = 00:00:47 . Memory (MB): peak = 2597.793 ; gain = 750.477
---------------------------------------------------------------------------------
---------------------------------------------------------------------------------
Start Renaming Generated Instances
---------------------------------------------------------------------------------
---------------------------------------------------------------------------------
Finished Renaming Generated Instances : Time (s): cpu = 00:00:46 ; elapsed = 00:00:48 . Memory (MB): peak = 2597.793 ; gain = 750.477
---------------------------------------------------------------------------------
---------------------------------------------------------------------------------
Start Rebuilding User Hierarchy
---------------------------------------------------------------------------------
---------------------------------------------------------------------------------
Finished Rebuilding User Hierarchy : Time (s): cpu = 00:00:46 ; elapsed = 00:00:48 . Memory (MB): peak = 2597.793 ; gain = 750.477
---------------------------------------------------------------------------------
---------------------------------------------------------------------------------
Start Renaming Generated Ports
---------------------------------------------------------------------------------
---------------------------------------------------------------------------------
Finished Renaming Generated Ports : Time (s): cpu = 00:00:46 ; elapsed = 00:00:48 . Memory (MB): peak = 2597.793 ; gain = 750.477
---------------------------------------------------------------------------------
---------------------------------------------------------------------------------
Start Handling Custom Attributes
---------------------------------------------------------------------------------
---------------------------------------------------------------------------------
Finished Handling Custom Attributes : Time (s): cpu = 00:00:46 ; elapsed = 00:00:48 . Memory (MB): peak = 2597.793 ; gain = 750.477
---------------------------------------------------------------------------------
---------------------------------------------------------------------------------
Start Renaming Generated Nets
---------------------------------------------------------------------------------
---------------------------------------------------------------------------------
Finished Renaming Generated Nets : Time (s): cpu = 00:00:46 ; elapsed = 00:00:48 . Memory (MB): peak = 2597.793 ; gain = 750.477
---------------------------------------------------------------------------------
---------------------------------------------------------------------------------
Start Writing Synthesis Report
---------------------------------------------------------------------------------

Report BlackBoxes: 
+-+--------------+----------+
| |BlackBox name |Instances |
+-+--------------+----------+
+-+--------------+----------+

Report Cell Usage: 
+------+--------+------+
|      |Cell    |Count |
+------+--------+------+
|1     |LUT1    |     5|
|2     |LUT2    |   170|
|3     |LUT3    |   295|
|4     |LUT4    |    73|
|5     |LUT5    |    79|
|6     |LUT6    |   346|
|7     |SRLC32E |     8|
|8     |FDRE    |   426|
|9     |FDSE    |    25|
+------+--------+------+
---------------------------------------------------------------------------------
Finished Writing Synthesis Report : Time (s): cpu = 00:00:46 ; elapsed = 00:00:48 . Memory (MB): peak = 2597.793 ; gain = 750.477
---------------------------------------------------------------------------------
Synthesis finished with 0 errors, 0 critical warnings and 87 warnings.
Synthesis Optimization Runtime : Time (s): cpu = 00:00:25 ; elapsed = 00:00:44 . Memory (MB): peak = 2597.793 ; gain = 652.484
Synthesis Optimization Complete : Time (s): cpu = 00:00:46 ; elapsed = 00:00:48 . Memory (MB): peak = 2597.793 ; gain = 750.477
INFO: [Project 1-571] Translating synthesized netlist
Netlist sorting complete. Time (s): cpu = 00:00:01 ; elapsed = 00:00:00.048 . Memory (MB): peak = 2597.793 ; gain = 0.000
INFO: [Project 1-570] Preparing netlist for logic optimization
INFO: [Opt 31-138] Pushed 0 inverter(s) to 0 load pin(s).
Netlist sorting complete. Time (s): cpu = 00:00:00 ; elapsed = 00:00:00.001 . Memory (MB): peak = 2597.793 ; gain = 0.000
INFO: [Project 1-111] Unisim Transformation Summary:
No Unisim elements were transformed.

Synth Design complete | Checksum: 4746fc89
INFO: [Common 17-83] Releasing license: Synthesis
125 Infos, 132 Warnings, 0 Critical Warnings and 0 Errors encountered.
synth_design completed successfully
synth_design: Time (s): cpu = 00:00:52 ; elapsed = 00:00:54 . Memory (MB): peak = 2597.793 ; gain = 1158.922
INFO: [Common 17-1381] The checkpoint 'C:/Users/Santiago/OneDrive/Escritorio/ov5640_sv_ed_800x600_v1/ov5640_sv_ed.runs/design_1_xbar_6_synth_1/design_1_xbar_6.dcp' has been generated.
INFO: [Coretcl 2-1648] Added synthesis output to IP cache for IP design_1_xbar_6, cache-ID = 926a65e630a6506f
INFO: [Coretcl 2-1174] Renamed 46 cell refs.
INFO: [Common 17-1381] The checkpoint 'C:/Users/Santiago/OneDrive/Escritorio/ov5640_sv_ed_800x600_v1/ov5640_sv_ed.runs/design_1_xbar_6_synth_1/design_1_xbar_6.dcp' has been generated.
INFO: [runtcl-4] Executing : report_utilization -file design_1_xbar_6_utilization_synth.rpt -pb design_1_xbar_6_utilization_synth.pb
INFO: [Common 17-206] Exiting Vivado at Tue Jun 24 20:44:48 2025...
