Copyright 1986-2022 Xilinx, Inc. All Rights Reserved. Copyright 2022-2023 Advanced Micro Devices, Inc. All Rights Reserved.
---------------------------------------------------------------------------------------------------------------------------------------------
| Tool Version : Vivado v.2023.1 (win64) Build 3865809 Sun May  7 15:05:29 MDT 2023
| Date         : Tue Jun 24 19:29:06 2025
| Host         : DESKTOP-FS2AEQ7 running 64-bit major release  (build 9200)
| Command      : report_timing_summary -file ./report/stereolbm_axis_cambm_timing_routed.rpt
| Design       : bd_0_wrapper
| Device       : 7z020-clg400
| Speed File   : -1  PRODUCTION 1.12 2019-11-22
| Design State : Routed
---------------------------------------------------------------------------------------------------------------------------------------------

Timing Summary Report

------------------------------------------------------------------------------------------------
| Timer Settings
| --------------
------------------------------------------------------------------------------------------------

  Enable Multi Corner Analysis               :  Yes
  Enable Pessimism Removal                   :  Yes
  Pessimism Removal Resolution               :  Nearest Common Node
  Enable Input Delay Default Clock           :  No
  Enable Preset / Clear Arcs                 :  No
  Disable Flight Delays                      :  No
  Ignore I/O Paths                           :  No
  Timing Early Launch at Borrowing Latches   :  No
  Borrow Time for Max Delay Exceptions       :  Yes
  Merge Timing Exceptions                    :  Yes

  Corner  Analyze    Analyze    
  Name    Max Paths  Min Paths  
  ------  ---------  ---------  
  Slow    Yes        Yes        
  Fast    Yes        Yes        


------------------------------------------------------------------------------------------------
| Report Methodology
| ------------------
------------------------------------------------------------------------------------------------

Rule       Severity  Description                    Violations  
---------  --------  -----------------------------  ----------  
TIMING-18  Warning   Missing input or output delay  128         

Note: This report is based on the most recent report_methodology run and may not be up-to-date. Run report_methodology on the current design for the latest report.



check_timing report

Table of Contents
-----------------
1. checking no_clock (0)
2. checking constant_clock (0)
3. checking pulse_width_clock (0)
4. checking unconstrained_internal_endpoints (0)
5. checking no_input_delay (77)
6. checking no_output_delay (51)
7. checking multiple_clock (0)
8. checking generated_clocks (0)
9. checking loops (0)
10. checking partial_input_delay (0)
11. checking partial_output_delay (0)
12. checking latch_loops (0)

1. checking no_clock (0)
------------------------
 There are 0 register/latch pins with no clock.


2. checking constant_clock (0)
------------------------------
 There are 0 register/latch pins with constant_clock.


3. checking pulse_width_clock (0)
---------------------------------
 There are 0 register/latch pins which need pulse_width check


4. checking unconstrained_internal_endpoints (0)
------------------------------------------------
 There are 0 pins that are not constrained for maximum delay.

 There are 0 pins that are not constrained for maximum delay due to constant clock.


5. checking no_input_delay (77)
-------------------------------
 There are 77 input ports with no input delay specified. (HIGH)

 There are 0 input ports with no input delay but user has a false path constraint.


6. checking no_output_delay (51)
--------------------------------
 There are 51 ports with no output delay specified. (HIGH)

 There are 0 ports with no output delay but user has a false path constraint

 There are 0 ports with no output delay but with a timing clock defined on it or propagating through it


7. checking multiple_clock (0)
------------------------------
 There are 0 register/latch pins with multiple clocks.


8. checking generated_clocks (0)
--------------------------------
 There are 0 generated clocks that are not connected to a clock source.


9. checking loops (0)
---------------------
 There are 0 combinational loops in the design.


10. checking partial_input_delay (0)
------------------------------------
 There are 0 input ports with partial input delay specified.


11. checking partial_output_delay (0)
-------------------------------------
 There are 0 ports with partial output delay specified.


12. checking latch_loops (0)
----------------------------
 There are 0 combinational latch loops in the design through latch input



------------------------------------------------------------------------------------------------
| Design Timing Summary
| ---------------------
------------------------------------------------------------------------------------------------

    WNS(ns)      TNS(ns)  TNS Failing Endpoints  TNS Total Endpoints      WHS(ns)      THS(ns)  THS Failing Endpoints  THS Total Endpoints     WPWS(ns)     TPWS(ns)  TPWS Failing Endpoints  TPWS Total Endpoints  
    -------      -------  ---------------------  -------------------      -------      -------  ---------------------  -------------------     --------     --------  ----------------------  --------------------  
      0.149        0.000                      0                77318        0.037        0.000                      0                77318        3.750        0.000                       0                 32398  


All user specified timing constraints are met.


------------------------------------------------------------------------------------------------
| Clock Summary
| -------------
------------------------------------------------------------------------------------------------

Clock   Waveform(ns)       Period(ns)      Frequency(MHz)
-----   ------------       ----------      --------------
ap_clk  {0.000 5.000}      10.000          100.000         


------------------------------------------------------------------------------------------------
| Intra Clock Table
| -----------------
------------------------------------------------------------------------------------------------

Clock             WNS(ns)      TNS(ns)  TNS Failing Endpoints  TNS Total Endpoints      WHS(ns)      THS(ns)  THS Failing Endpoints  THS Total Endpoints     WPWS(ns)     TPWS(ns)  TPWS Failing Endpoints  TPWS Total Endpoints  
-----             -------      -------  ---------------------  -------------------      -------      -------  ---------------------  -------------------     --------     --------  ----------------------  --------------------  
ap_clk              0.149        0.000                      0                77318        0.037        0.000                      0                77318        3.750        0.000                       0                 32398  


------------------------------------------------------------------------------------------------
| Inter Clock Table
| -----------------
------------------------------------------------------------------------------------------------

From Clock    To Clock          WNS(ns)      TNS(ns)  TNS Failing Endpoints  TNS Total Endpoints      WHS(ns)      THS(ns)  THS Failing Endpoints  THS Total Endpoints  
----------    --------          -------      -------  ---------------------  -------------------      -------      -------  ---------------------  -------------------  


------------------------------------------------------------------------------------------------
| Other Path Groups Table
| -----------------------
------------------------------------------------------------------------------------------------

Path Group    From Clock    To Clock          WNS(ns)      TNS(ns)  TNS Failing Endpoints  TNS Total Endpoints      WHS(ns)      THS(ns)  THS Failing Endpoints  THS Total Endpoints  
----------    ----------    --------          -------      -------  ---------------------  -------------------      -------      -------  ---------------------  -------------------  


------------------------------------------------------------------------------------------------
| Timing Details
| --------------
------------------------------------------------------------------------------------------------


---------------------------------------------------------------------------------------------------
From Clock:  ap_clk
  To Clock:  ap_clk

Setup :            0  Failing Endpoints,  Worst Slack        0.149ns,  Total Violation        0.000ns
Hold  :            0  Failing Endpoints,  Worst Slack        0.037ns,  Total Violation        0.000ns
PW    :            0  Failing Endpoints,  Worst Slack        3.750ns,  Total Violation        0.000ns
---------------------------------------------------------------------------------------------------


Max Delay Paths
--------------------------------------------------------------------------------------
Slack (MET) :             0.149ns  (required time - arrival time)
  Source:                 bd_0_i/hls_inst/inst/remap_128_1_0_7_0_600_800_1_false_2_2_2_2_U0/xFRemapLI_0_0_1_7_128_600_800_1_2_2_2_2_false_U0/grp_xFRemapLI_0_0_1_7_128_600_800_1_2_2_2_2_false_Pipeline_loop_width_fu_104/empty_144_fu_1358_p2/CLK
                            (rising edge-triggered cell DSP48E1 clocked by ap_clk  {rise@0.000ns fall@5.000ns period=10.000ns})
  Destination:            bd_0_i/hls_inst/inst/xFRemapLI_0_0_1_7_128_600_800_1_2_2_2_2_false_U0/grp_xFRemapLI_0_0_1_7_128_600_800_1_2_2_2_2_false_Pipeline_loop_width_fu_104/buf_5_U/ram_reg_0_6/ADDRBWRADDR[1]
                            (rising edge-triggered cell RAMB36E1 clocked by ap_clk  {rise@0.000ns fall@5.000ns period=10.000ns})
  Path Group:             ap_clk
  Path Type:              Setup (Max at Slow Process Corner)
  Requirement:            10.000ns  (ap_clk rise@10.000ns - ap_clk rise@0.000ns)
  Data Path Delay:        9.201ns  (logic 0.434ns (4.717%)  route 8.767ns (95.283%))
  Logic Levels:           0  
  Clock Path Skew:        -0.049ns (DCD - SCD + CPR)
    Destination Clock Delay (DCD):    0.924ns = ( 10.924 - 10.000 ) 
    Source Clock Delay      (SCD):    0.973ns
    Clock Pessimism Removal (CPR):    0.000ns
  Clock Uncertainty:      0.035ns  ((TSJ^2 + TIJ^2)^1/2 + DJ) / 2 + PE
    Total System Jitter     (TSJ):    0.071ns
    Total Input Jitter      (TIJ):    0.000ns
    Discrete Jitter          (DJ):    0.000ns
    Phase Error              (PE):    0.000ns

    Location             Delay type                Incr(ns)  Path(ns)    Netlist Resource(s)
  -------------------------------------------------------------------    -------------------
                         (clock ap_clk rise edge)     0.000     0.000 r  
                                                      0.000     0.000 r  ap_clk (IN)
                         net (fo=32427, unset)        0.973     0.973    bd_0_i/hls_inst/inst/remap_128_1_0_7_0_600_800_1_false_2_2_2_2_U0/xFRemapLI_0_0_1_7_128_600_800_1_2_2_2_2_false_U0/grp_xFRemapLI_0_0_1_7_128_600_800_1_2_2_2_2_false_Pipeline_loop_width_fu_104/ap_clk
    DSP48_X4Y44          DSP48E1                                      r  bd_0_i/hls_inst/inst/remap_128_1_0_7_0_600_800_1_false_2_2_2_2_U0/xFRemapLI_0_0_1_7_128_600_800_1_2_2_2_2_false_U0/grp_xFRemapLI_0_0_1_7_128_600_800_1_2_2_2_2_false_Pipeline_loop_width_fu_104/empty_144_fu_1358_p2/CLK
  -------------------------------------------------------------------    -------------------
    DSP48_X4Y44          DSP48E1 (Prop_dsp48e1_CLK_P[1])
                                                      0.434     1.407 r  bd_0_i/hls_inst/inst/remap_128_1_0_7_0_600_800_1_false_2_2_2_2_U0/xFRemapLI_0_0_1_7_128_600_800_1_2_2_2_2_false_U0/grp_xFRemapLI_0_0_1_7_128_600_800_1_2_2_2_2_false_Pipeline_loop_width_fu_104/empty_144_fu_1358_p2/P[1]
                         net (fo=8, routed)           8.767    10.174    bd_0_i/hls_inst/inst/xFRemapLI_0_0_1_7_128_600_800_1_2_2_2_2_false_U0/grp_xFRemapLI_0_0_1_7_128_600_800_1_2_2_2_2_false_Pipeline_loop_width_fu_104/buf_5_address1[1]
    RAMB36_X5Y10         RAMB36E1                                     r  bd_0_i/hls_inst/inst/xFRemapLI_0_0_1_7_128_600_800_1_2_2_2_2_false_U0/grp_xFRemapLI_0_0_1_7_128_600_800_1_2_2_2_2_false_Pipeline_loop_width_fu_104/buf_5_U/ram_reg_0_6/ADDRBWRADDR[1]
  -------------------------------------------------------------------    -------------------

                         (clock ap_clk rise edge)    10.000    10.000 r  
                                                      0.000    10.000 r  ap_clk (IN)
                         net (fo=32427, unset)        0.924    10.924    bd_0_i/hls_inst/inst/ap_clk
    RAMB36_X5Y10         RAMB36E1                                     r  bd_0_i/hls_inst/inst/xFRemapLI_0_0_1_7_128_600_800_1_2_2_2_2_false_U0/grp_xFRemapLI_0_0_1_7_128_600_800_1_2_2_2_2_false_Pipeline_loop_width_fu_104/buf_5_U/ram_reg_0_6/CLKBWRCLK
                         clock pessimism              0.000    10.924    
                         clock uncertainty           -0.035    10.889    
    RAMB36_X5Y10         RAMB36E1 (Setup_ramb36e1_CLKBWRCLK_ADDRBWRADDR[1])
                                                     -0.566    10.323    bd_0_i/hls_inst/inst/xFRemapLI_0_0_1_7_128_600_800_1_2_2_2_2_false_U0/grp_xFRemapLI_0_0_1_7_128_600_800_1_2_2_2_2_false_Pipeline_loop_width_fu_104/buf_5_U/ram_reg_0_6
  -------------------------------------------------------------------
                         required time                         10.323    
                         arrival time                         -10.174    
  -------------------------------------------------------------------
                         slack                                  0.149    





Min Delay Paths
--------------------------------------------------------------------------------------
Slack (MET) :             0.037ns  (arrival time - required time)
  Source:                 bd_0_i/hls_inst/inst/InitUndistortRectifyMapInverse_9_5_7_600_800_1_2_2_7_U0/grp_xFInitUndistortRectifyMapInverseKernel_fu_40/grp_xFInitUndistortRectifyMapInverseKernel_Pipeline_loop_height_loop_width_fu_152/trunc_ln137_1_reg_2245_reg[31]__0/C
                            (rising edge-triggered cell FDRE clocked by ap_clk  {rise@0.000ns fall@5.000ns period=10.000ns})
  Destination:            bd_0_i/hls_inst/inst/InitUndistortRectifyMapInverse_9_5_7_600_800_1_2_2_7_U0/grp_xFInitUndistortRectifyMapInverseKernel_fu_40/grp_xFInitUndistortRectifyMapInverseKernel_Pipeline_loop_height_loop_width_fu_152/trunc_ln137_1_reg_2245_pp0_iter19_reg_reg[31]_srl7/D
                            (rising edge-triggered cell SRL16E clocked by ap_clk  {rise@0.000ns fall@5.000ns period=10.000ns})
  Path Group:             ap_clk
  Path Type:              Hold (Min at Fast Process Corner)
  Requirement:            0.000ns  (ap_clk rise@0.000ns - ap_clk rise@0.000ns)
  Data Path Delay:        0.241ns  (logic 0.141ns (58.447%)  route 0.100ns (41.553%))
  Logic Levels:           0  
  Clock Path Skew:        0.022ns (DCD - SCD - CPR)
    Destination Clock Delay (DCD):    0.432ns
    Source Clock Delay      (SCD):    0.410ns
    Clock Pessimism Removal (CPR):    -0.000ns

    Location             Delay type                Incr(ns)  Path(ns)    Netlist Resource(s)
  -------------------------------------------------------------------    -------------------
                         (clock ap_clk rise edge)     0.000     0.000 r  
                                                      0.000     0.000 r  ap_clk (IN)
                         net (fo=32427, unset)        0.410     0.410    bd_0_i/hls_inst/inst/InitUndistortRectifyMapInverse_9_5_7_600_800_1_2_2_7_U0/grp_xFInitUndistortRectifyMapInverseKernel_fu_40/grp_xFInitUndistortRectifyMapInverseKernel_Pipeline_loop_height_loop_width_fu_152/ap_clk
    SLICE_X95Y95         FDRE                                         r  bd_0_i/hls_inst/inst/InitUndistortRectifyMapInverse_9_5_7_600_800_1_2_2_7_U0/grp_xFInitUndistortRectifyMapInverseKernel_fu_40/grp_xFInitUndistortRectifyMapInverseKernel_Pipeline_loop_height_loop_width_fu_152/trunc_ln137_1_reg_2245_reg[31]__0/C
  -------------------------------------------------------------------    -------------------
    SLICE_X95Y95         FDRE (Prop_fdre_C_Q)         0.141     0.551 r  bd_0_i/hls_inst/inst/InitUndistortRectifyMapInverse_9_5_7_600_800_1_2_2_7_U0/grp_xFInitUndistortRectifyMapInverseKernel_fu_40/grp_xFInitUndistortRectifyMapInverseKernel_Pipeline_loop_height_loop_width_fu_152/trunc_ln137_1_reg_2245_reg[31]__0/Q
                         net (fo=1, routed)           0.100     0.651    bd_0_i/hls_inst/inst/InitUndistortRectifyMapInverse_9_5_7_600_800_1_2_2_7_U0/grp_xFInitUndistortRectifyMapInverseKernel_fu_40/grp_xFInitUndistortRectifyMapInverseKernel_Pipeline_loop_height_loop_width_fu_152/trunc_ln137_1_reg_2245_reg[31]__0_n_20
    SLICE_X96Y96         SRL16E                                       r  bd_0_i/hls_inst/inst/InitUndistortRectifyMapInverse_9_5_7_600_800_1_2_2_7_U0/grp_xFInitUndistortRectifyMapInverseKernel_fu_40/grp_xFInitUndistortRectifyMapInverseKernel_Pipeline_loop_height_loop_width_fu_152/trunc_ln137_1_reg_2245_pp0_iter19_reg_reg[31]_srl7/D
  -------------------------------------------------------------------    -------------------

                         (clock ap_clk rise edge)     0.000     0.000 r  
                                                      0.000     0.000 r  ap_clk (IN)
                         net (fo=32427, unset)        0.432     0.432    bd_0_i/hls_inst/inst/InitUndistortRectifyMapInverse_9_5_7_600_800_1_2_2_7_U0/grp_xFInitUndistortRectifyMapInverseKernel_fu_40/grp_xFInitUndistortRectifyMapInverseKernel_Pipeline_loop_height_loop_width_fu_152/ap_clk
    SLICE_X96Y96         SRL16E                                       r  bd_0_i/hls_inst/inst/InitUndistortRectifyMapInverse_9_5_7_600_800_1_2_2_7_U0/grp_xFInitUndistortRectifyMapInverseKernel_fu_40/grp_xFInitUndistortRectifyMapInverseKernel_Pipeline_loop_height_loop_width_fu_152/trunc_ln137_1_reg_2245_pp0_iter19_reg_reg[31]_srl7/CLK
                         clock pessimism              0.000     0.432    
    SLICE_X96Y96         SRL16E (Hold_srl16e_CLK_D)
                                                      0.183     0.615    bd_0_i/hls_inst/inst/InitUndistortRectifyMapInverse_9_5_7_600_800_1_2_2_7_U0/grp_xFInitUndistortRectifyMapInverseKernel_fu_40/grp_xFInitUndistortRectifyMapInverseKernel_Pipeline_loop_height_loop_width_fu_152/trunc_ln137_1_reg_2245_pp0_iter19_reg_reg[31]_srl7
  -------------------------------------------------------------------
                         required time                         -0.615    
                         arrival time                           0.651    
  -------------------------------------------------------------------
                         slack                                  0.037    





Pulse Width Checks
--------------------------------------------------------------------------------------
Clock Name:         ap_clk
Waveform(ns):       { 0.000 5.000 }
Period(ns):         10.000
Sources:            { ap_clk }

Check Type        Corner  Lib Pin      Reference Pin  Required(ns)  Actual(ns)  Slack(ns)  Location      Pin
Min Period        n/a     DSP48E1/CLK  n/a            3.884         10.000      6.116      DSP48_X3Y25   bd_0_i/hls_inst/inst/InitUndistortRectifyMapInverse_9_5_7_600_800_1_2_2_7_U0/grp_xFInitUndistortRectifyMapInverseKernel_fu_40/mul_ln163_reg_379_reg/CLK
Low Pulse Width   Slow    RAMD32/CLK   n/a            1.250         5.000       3.750      SLICE_X98Y75  bd_0_i/hls_inst/inst/distC_l_fix_U/stereolbm_axis_cambm_distC_l_fix_RAM_AUTO_1R1W_memcore_U/ram_reg_0_15_0_5/RAMA/CLK
High Pulse Width  Slow    RAMD32/CLK   n/a            1.250         5.000       3.750      SLICE_X98Y75  bd_0_i/hls_inst/inst/distC_l_fix_U/stereolbm_axis_cambm_distC_l_fix_RAM_AUTO_1R1W_memcore_U/ram_reg_0_15_0_5/RAMA/CLK



