Copyright 1986-2022 Xilinx, Inc. All Rights Reserved. Copyright 2022-2023 Advanced Micro Devices, Inc. All Rights Reserved.
---------------------------------------------------------------------------------------------------------------------------------------------
| Tool Version : Vivado v.2023.1 (win64) Build 3865809 Sun May  7 15:05:29 MDT 2023
| Date         : Tue Jun 24 20:59:37 2025
| Host         : DESKTOP-FS2AEQ7 running 64-bit major release  (build 9200)
| Command      : report_clock_utilization -file design_1_wrapper_clock_utilization_routed.rpt
| Design       : design_1_wrapper
| Device       : 7z020-clg400
| Speed File   : -1  PRODUCTION 1.12 2019-11-22
| Design State : Routed
---------------------------------------------------------------------------------------------------------------------------------------------

Clock Utilization Report

Table of Contents
-----------------
1. Clock Primitive Utilization
2. Global Clock Resources
3. Global Clock Source Details
4. Clock Regions: Key Resource Utilization
5. Clock Regions : Global Clock Summary
6. Device Cell Placement Summary for Global Clock g0
7. Device Cell Placement Summary for Global Clock g1
8. Device Cell Placement Summary for Global Clock g2
9. Device Cell Placement Summary for Global Clock g3
10. Device Cell Placement Summary for Global Clock g4
11. Device Cell Placement Summary for Global Clock g5
12. Device Cell Placement Summary for Global Clock g6
13. Clock Region Cell Placement per Global Clock: Region X0Y0
14. Clock Region Cell Placement per Global Clock: Region X1Y0
15. Clock Region Cell Placement per Global Clock: Region X0Y1
16. Clock Region Cell Placement per Global Clock: Region X1Y1
17. Clock Region Cell Placement per Global Clock: Region X0Y2
18. Clock Region Cell Placement per Global Clock: Region X1Y2

1. Clock Primitive Utilization
------------------------------

+----------+------+-----------+-----+--------------+--------+
| Type     | Used | Available | LOC | Clock Region | Pblock |
+----------+------+-----------+-----+--------------+--------+
| BUFGCTRL |    6 |        32 |   0 |            0 |      0 |
| BUFH     |    0 |        72 |   0 |            0 |      0 |
| BUFIO    |    1 |        16 |   0 |            0 |      0 |
| BUFMR    |    0 |         8 |   0 |            0 |      0 |
| BUFR     |    1 |        16 |   0 |            0 |      0 |
| MMCM     |    2 |         4 |   0 |            0 |      0 |
| PLL      |    0 |         4 |   0 |            0 |      0 |
+----------+------+-----------+-----+--------------+--------+


2. Global Clock Resources
-------------------------

+-----------+-----------+-----------------+------------+----------------+--------------+-------------------+-------------+-----------------+--------------+--------------------------------+--------------------------------------------------------------------------+-------------------------------------------------------------+
| Global Id | Source Id | Driver Type/Pin | Constraint | Site           | Clock Region | Load Clock Region | Clock Loads | Non-Clock Loads | Clock Period | Clock                          | Driver Pin                                                               | Net                                                         |
+-----------+-----------+-----------------+------------+----------------+--------------+-------------------+-------------+-----------------+--------------+--------------------------------+--------------------------------------------------------------------------+-------------------------------------------------------------+
| g0        | src0      | BUFG/O          | None       | BUFGCTRL_X0Y16 | n/a          |                 6 |       46281 |               0 |       10.000 | clk_fpga_1                     | design_1_i/processing_system7_0/inst/buffer_fclk_clk_1.FCLK_CLK_1_BUFG/O | design_1_i/processing_system7_0/inst/FCLK_CLK1              |
| g1        | src1      | BUFR/O          | None       | BUFR_X1Y9      | X1Y2         |                 1 |        2805 |               0 |       10.000 | processing_system7_0_FCLK_CLK1 | design_1_i/axi_dynclk_0/U0/BUFR_inst/O                                   | design_1_i/axi_dynclk_0/U0/PXL_CLK_O                        |
| g2        | src2      | BUFG/O          | None       | BUFGCTRL_X0Y17 | n/a          |                 4 |        1586 |               0 |       20.000 | clk_fpga_0                     | design_1_i/processing_system7_0/inst/buffer_fclk_clk_0.FCLK_CLK_0_BUFG/O | design_1_i/processing_system7_0/inst/FCLK_CLK0              |
| g3        | src3      | BUFG/O          | None       | BUFGCTRL_X0Y1  | n/a          |                 1 |         213 |               0 |              |                                | cam_pclk1_IBUF_BUFG_inst/O                                               | cam_pclk1_IBUF_BUFG                                         |
| g4        | src4      | BUFG/O          | None       | BUFGCTRL_X0Y2  | n/a          |                 2 |         213 |               0 |              |                                | cam_pclk2_IBUF_BUFG_inst/O                                               | cam_pclk2_IBUF_BUFG                                         |
| g5        | src5      | BUFG/O          | None       | BUFGCTRL_X0Y3  | n/a          |                 1 |           1 |               0 |       20.000 | clkfbout_design_1_clk_wiz_0_0  | design_1_i/clk_wiz_0/inst/clkf_buf/O                                     | design_1_i/clk_wiz_0/inst/clkfbout_buf_design_1_clk_wiz_0_0 |
| g6        | src6      | BUFG/O          | None       | BUFGCTRL_X0Y0  | n/a          |                 1 |           0 |               1 |       41.667 | clk_out1_design_1_clk_wiz_0_0  | design_1_i/clk_wiz_0/inst/clkout1_buf/O                                  | design_1_i/clk_wiz_0/inst/clk_out1                          |
+-----------+-----------+-----------------+------------+----------------+--------------+-------------------+-------------+-----------------+--------------+--------------------------------+--------------------------------------------------------------------------+-------------------------------------------------------------+
* Clock Loads column represents cell count of net connects that connect to a clock pin. Internal cell leaf pins are not considered
** Non-Clock Loads column represents cell count of non-clock pin loads


3. Global Clock Source Details
------------------------------

+-----------+-----------+---------------------+------------+-----------------+--------------+-------------+-----------------+---------------------+-------------------------------+------------------------------------------------------------------+-------------------------------------------------------------+
| Source Id | Global Id | Driver Type/Pin     | Constraint | Site            | Clock Region | Clock Loads | Non-Clock Loads | Source Clock Period | Source Clock                  | Driver Pin                                                       | Net                                                         |
+-----------+-----------+---------------------+------------+-----------------+--------------+-------------+-----------------+---------------------+-------------------------------+------------------------------------------------------------------+-------------------------------------------------------------+
| src0      | g0        | PS7/FCLKCLK[1]      | PS7_X0Y0   | PS7_X0Y0        | X0Y2         |           1 |               0 |              10.000 | clk_fpga_1                    | design_1_i/processing_system7_0/inst/PS7_i/FCLKCLK[1]            | design_1_i/processing_system7_0/inst/FCLK_CLK_unbuffered[1] |
| src1      | g1        | MMCME2_ADV/CLKOUT0  | None       | MMCME2_ADV_X1Y2 | X1Y2         |           2 |               0 |               2.000 | I                             | design_1_i/axi_dynclk_0/U0/Inst_mmcme2_drp/mmcm_adv_inst/CLKOUT0 | design_1_i/axi_dynclk_0/U0/Inst_mmcme2_drp/I                |
| src2      | g2        | PS7/FCLKCLK[0]      | PS7_X0Y0   | PS7_X0Y0        | X0Y2         |           1 |               0 |              20.000 | clk_fpga_0                    | design_1_i/processing_system7_0/inst/PS7_i/FCLKCLK[0]            | design_1_i/processing_system7_0/inst/FCLK_CLK_unbuffered[0] |
| src3      | g3        | IBUF/O              | IOB_X0Y23  | IOB_X0Y23       | X0Y0         |           1 |               0 |                     |                               | cam_pclk1_IBUF_inst/O                                            | cam_pclk1_IBUF                                              |
| src4      | g4        | IBUF/O              | IOB_X1Y120 | IOB_X1Y120      | X1Y2         |           1 |               0 |                     |                               | cam_pclk2_IBUF_inst/O                                            | cam_pclk2_IBUF                                              |
| src5      | g5        | MMCME2_ADV/CLKFBOUT | None       | MMCME2_ADV_X1Y0 | X1Y0         |           1 |               0 |              20.000 | clkfbout_design_1_clk_wiz_0_0 | design_1_i/clk_wiz_0/inst/mmcm_adv_inst/CLKFBOUT                 | design_1_i/clk_wiz_0/inst/clkfbout_design_1_clk_wiz_0_0     |
| src6      | g6        | MMCME2_ADV/CLKOUT0  | None       | MMCME2_ADV_X1Y0 | X1Y0         |           1 |               0 |              41.667 | clk_out1_design_1_clk_wiz_0_0 | design_1_i/clk_wiz_0/inst/mmcm_adv_inst/CLKOUT0                  | design_1_i/clk_wiz_0/inst/clk_out1_design_1_clk_wiz_0_0     |
+-----------+-----------+---------------------+------------+-----------------+--------------+-------------+-----------------+---------------------+-------------------------------+------------------------------------------------------------------+-------------------------------------------------------------+
* Clock Loads column represents cell count of net connects that connect to a clock pin. Internal cell leaf pins are not considered
** Non-Clock Loads column represents cell count of non-clock pin loads


4. Clock Regions: Key Resource Utilization
------------------------------------------

+-------------------+--------------+--------------+--------------+--------------+--------------+--------------+--------------+--------------+--------------+--------------+---------------+--------------+--------------+--------------+--------------+
|                   | Global Clock |     BUFRs    |    BUFMRs    |    BUFIOs    |     MMCM     |      PLL     |      GT      |      PCI     |    ILOGIC    |    OLOGIC    |       FF      |     LUTM     |    RAMB18    |    RAMB36    |    DSP48E2   |
+-------------------+------+-------+------+-------+------+-------+------+-------+------+-------+------+-------+------+-------+------+-------+------+-------+------+-------+-------+-------+------+-------+------+-------+------+-------+------+-------+
| Clock Region Name | Used | Avail | Used | Avail | Used | Avail | Used | Avail | Used | Avail | Used | Avail | Used | Avail | Used | Avail | Used | Avail | Used | Avail | Used  | Avail | Used | Avail | Used | Avail | Used | Avail | Used | Avail |
+-------------------+------+-------+------+-------+------+-------+------+-------+------+-------+------+-------+------+-------+------+-------+------+-------+------+-------+-------+-------+------+-------+------+-------+------+-------+------+-------+
| X0Y0              |    3 |    12 |    0 |     4 |    0 |     2 |    0 |     4 |    0 |     1 |    0 |     1 |    0 |     0 |    0 |     0 |    0 |    50 |    0 |    50 |  9439 |  2500 | 5037 |  1000 |    1 |    60 |   24 |    30 |   51 |    60 |
| X1Y0              |    4 |    12 |    0 |     4 |    0 |     2 |    0 |     4 |    1 |     1 |    0 |     1 |    0 |     0 |    0 |     0 |    0 |    50 |    0 |    50 | 10291 |  3200 | 4527 |   850 |    5 |    60 |   12 |    30 |   34 |    40 |
| X0Y1              |    2 |    12 |    0 |     0 |    0 |     0 |    0 |     0 |    0 |     0 |    0 |     0 |    0 |     0 |    0 |     0 |    0 |     0 |    0 |     0 |  4065 |  1200 | 1813 |   400 |    1 |    20 |    4 |    10 |   20 |    20 |
| X1Y1              |    2 |    12 |    0 |     4 |    0 |     2 |    0 |     4 |    0 |     1 |    0 |     1 |    0 |     0 |    0 |     0 |    0 |    50 |    0 |    50 |  8584 |  2600 | 3711 |   850 |   10 |    60 |   19 |    30 |   40 |    40 |
| X0Y2              |    2 |    12 |    0 |     0 |    0 |     0 |    0 |     0 |    0 |     0 |    0 |     0 |    0 |     0 |    0 |     0 |    0 |     0 |    0 |     0 |  4399 |  1200 | 1818 |   400 |    0 |    20 |    6 |    10 |   20 |    20 |
| X1Y2              |    4 |    12 |    1 |     4 |    0 |     2 |    1 |     4 |    1 |     1 |    0 |     1 |    0 |     0 |    0 |     0 |    0 |    50 |    8 |    50 |  9280 |  2600 | 3147 |   850 |    2 |    60 |   26 |    30 |   35 |    40 |
+-------------------+------+-------+------+-------+------+-------+------+-------+------+-------+------+-------+------+-------+------+-------+------+-------+------+-------+-------+-------+------+-------+------+-------+------+-------+------+-------+
* Global Clock column represents track count; while other columns represents cell counts


5. Clock Regions : Global Clock Summary
---------------------------------------

All Modules
+----+----+----+
|    | X0 | X1 |
+----+----+----+
| Y2 |  0 |  2 |
| Y1 |  0 |  0 |
| Y0 |  0 |  0 |
+----+----+----+


6. Device Cell Placement Summary for Global Clock g0
----------------------------------------------------

+-----------+-----------------+-------------------+------------+-------------+---------------+-------------+----------+----------------+----------+------------------------------------------------+
| Global Id | Driver Type/Pin | Driver Region (D) | Clock      | Period (ns) | Waveform (ns) | Slice Loads | IO Loads | Clocking Loads | GT Loads | Net                                            |
+-----------+-----------------+-------------------+------------+-------------+---------------+-------------+----------+----------------+----------+------------------------------------------------+
| g0        | BUFG/O          | n/a               | clk_fpga_1 |      10.000 | {0.000 5.000} |       46260 |        0 |              1 |        0 | design_1_i/processing_system7_0/inst/FCLK_CLK1 |
+-----------+-----------------+-------------------+------------+-------------+---------------+-------------+----------+----------------+----------+------------------------------------------------+
* Slice Loads column represents load cell count of all cell types other than IO, GT and clock resources
** IO Loads column represents load cell count of IO types
*** Clocking Loads column represents load cell count that are clock resources (global clock buffer, MMCM, PLL, etc)
**** GT Loads column represents load cell count of GT types


+----+--------+--------+-----------------------+
|    | X0     | X1     | HORIZONTAL PROG DELAY |
+----+--------+--------+-----------------------+
| Y2 |   3931 |   6180 |                     0 |
| Y1 |   4665 |   9607 |                     0 |
| Y0 |  10284 |  11594 |                     0 |
+----+--------+--------+-----------------------+


7. Device Cell Placement Summary for Global Clock g1
----------------------------------------------------

+-----------+-----------------+-------------------+--------------------------------+-------------+---------------+-------------+----------+----------------+----------+--------------------------------------+
| Global Id | Driver Type/Pin | Driver Region (D) | Clock                          | Period (ns) | Waveform (ns) | Slice Loads | IO Loads | Clocking Loads | GT Loads | Net                                  |
+-----------+-----------------+-------------------+--------------------------------+-------------+---------------+-------------+----------+----------------+----------+--------------------------------------+
| g1        | BUFR/O          | X1Y2              | processing_system7_0_FCLK_CLK1 |      10.000 | {0.000 4.000} |        2797 |        8 |              0 |        0 | design_1_i/axi_dynclk_0/U0/PXL_CLK_O |
+-----------+-----------------+-------------------+--------------------------------+-------------+---------------+-------------+----------+----------------+----------+--------------------------------------+
* Slice Loads column represents load cell count of all cell types other than IO, GT and clock resources
** IO Loads column represents load cell count of IO types
*** Clocking Loads column represents load cell count that are clock resources (global clock buffer, MMCM, PLL, etc)
**** GT Loads column represents load cell count of GT types


+----+----+-----------+-----------------------+
|    | X0 | X1        | HORIZONTAL PROG DELAY |
+----+----+-----------+-----------------------+
| Y2 |  0 |  (D) 2805 |                     0 |
| Y1 |  0 |         0 |                     - |
| Y0 |  0 |         0 |                     - |
+----+----+-----------+-----------------------+


8. Device Cell Placement Summary for Global Clock g2
----------------------------------------------------

+-----------+-----------------+-------------------+------------+-------------+----------------+-------------+----------+----------------+----------+------------------------------------------------+
| Global Id | Driver Type/Pin | Driver Region (D) | Clock      | Period (ns) | Waveform (ns)  | Slice Loads | IO Loads | Clocking Loads | GT Loads | Net                                            |
+-----------+-----------------+-------------------+------------+-------------+----------------+-------------+----------+----------------+----------+------------------------------------------------+
| g2        | BUFG/O          | n/a               | clk_fpga_0 |      20.000 | {0.000 10.000} |        1584 |        0 |              2 |        0 | design_1_i/processing_system7_0/inst/FCLK_CLK0 |
+-----------+-----------------+-------------------+------------+-------------+----------------+-------------+----------+----------------+----------+------------------------------------------------+
* Slice Loads column represents load cell count of all cell types other than IO, GT and clock resources
** IO Loads column represents load cell count of IO types
*** Clocking Loads column represents load cell count that are clock resources (global clock buffer, MMCM, PLL, etc)
**** GT Loads column represents load cell count of GT types


+----+------+------+-----------------------+
|    | X0   | X1   | HORIZONTAL PROG DELAY |
+----+------+------+-----------------------+
| Y2 |  897 |  590 |                     0 |
| Y1 |   98 |    0 |                     0 |
| Y0 |    0 |    1 |                     0 |
+----+------+------+-----------------------+


9. Device Cell Placement Summary for Global Clock g3
----------------------------------------------------

+-----------+-----------------+-------------------+-------+-------------+---------------+-------------+----------+----------------+----------+---------------------+
| Global Id | Driver Type/Pin | Driver Region (D) | Clock | Period (ns) | Waveform (ns) | Slice Loads | IO Loads | Clocking Loads | GT Loads | Net                 |
+-----------+-----------------+-------------------+-------+-------------+---------------+-------------+----------+----------------+----------+---------------------+
| g3        | BUFG/O          | n/a               |       |             |               |         213 |        0 |              0 |        0 | cam_pclk1_IBUF_BUFG |
+-----------+-----------------+-------------------+-------+-------------+---------------+-------------+----------+----------------+----------+---------------------+
* Slice Loads column represents load cell count of all cell types other than IO, GT and clock resources
** IO Loads column represents load cell count of IO types
*** Clocking Loads column represents load cell count that are clock resources (global clock buffer, MMCM, PLL, etc)
**** GT Loads column represents load cell count of GT types


+----+------+----+-----------------------+
|    | X0   | X1 | HORIZONTAL PROG DELAY |
+----+------+----+-----------------------+
| Y2 |    0 |  0 |                     - |
| Y1 |    0 |  0 |                     - |
| Y0 |  213 |  0 |                     0 |
+----+------+----+-----------------------+


10. Device Cell Placement Summary for Global Clock g4
-----------------------------------------------------

+-----------+-----------------+-------------------+-------+-------------+---------------+-------------+----------+----------------+----------+---------------------+
| Global Id | Driver Type/Pin | Driver Region (D) | Clock | Period (ns) | Waveform (ns) | Slice Loads | IO Loads | Clocking Loads | GT Loads | Net                 |
+-----------+-----------------+-------------------+-------+-------------+---------------+-------------+----------+----------------+----------+---------------------+
| g4        | BUFG/O          | n/a               |       |             |               |         213 |        0 |              0 |        0 | cam_pclk2_IBUF_BUFG |
+-----------+-----------------+-------------------+-------+-------------+---------------+-------------+----------+----------------+----------+---------------------+
* Slice Loads column represents load cell count of all cell types other than IO, GT and clock resources
** IO Loads column represents load cell count of IO types
*** Clocking Loads column represents load cell count that are clock resources (global clock buffer, MMCM, PLL, etc)
**** GT Loads column represents load cell count of GT types


+----+------+-----+-----------------------+
|    | X0   | X1  | HORIZONTAL PROG DELAY |
+----+------+-----+-----------------------+
| Y2 |    0 |   0 |                     - |
| Y1 |    0 |   0 |                     - |
| Y0 |  119 |  94 |                     0 |
+----+------+-----+-----------------------+


11. Device Cell Placement Summary for Global Clock g5
-----------------------------------------------------

+-----------+-----------------+-------------------+-------------------------------+-------------+----------------+-------------+----------+----------------+----------+-------------------------------------------------------------+
| Global Id | Driver Type/Pin | Driver Region (D) | Clock                         | Period (ns) | Waveform (ns)  | Slice Loads | IO Loads | Clocking Loads | GT Loads | Net                                                         |
+-----------+-----------------+-------------------+-------------------------------+-------------+----------------+-------------+----------+----------------+----------+-------------------------------------------------------------+
| g5        | BUFG/O          | n/a               | clkfbout_design_1_clk_wiz_0_0 |      20.000 | {0.000 10.000} |           0 |        0 |              1 |        0 | design_1_i/clk_wiz_0/inst/clkfbout_buf_design_1_clk_wiz_0_0 |
+-----------+-----------------+-------------------+-------------------------------+-------------+----------------+-------------+----------+----------------+----------+-------------------------------------------------------------+
* Slice Loads column represents load cell count of all cell types other than IO, GT and clock resources
** IO Loads column represents load cell count of IO types
*** Clocking Loads column represents load cell count that are clock resources (global clock buffer, MMCM, PLL, etc)
**** GT Loads column represents load cell count of GT types


+----+----+----+-----------------------+
|    | X0 | X1 | HORIZONTAL PROG DELAY |
+----+----+----+-----------------------+
| Y2 |  0 |  0 |                     - |
| Y1 |  0 |  0 |                     - |
| Y0 |  0 |  1 |                     0 |
+----+----+----+-----------------------+


12. Device Cell Placement Summary for Global Clock g6
-----------------------------------------------------

+-----------+-----------------+-------------------+-------------------------------+-------------+----------------+-------------+----------+----------------+----------+------------------------------------+
| Global Id | Driver Type/Pin | Driver Region (D) | Clock                         | Period (ns) | Waveform (ns)  | Slice Loads | IO Loads | Clocking Loads | GT Loads | Net                                |
+-----------+-----------------+-------------------+-------------------------------+-------------+----------------+-------------+----------+----------------+----------+------------------------------------+
| g6        | BUFG/O          | n/a               | clk_out1_design_1_clk_wiz_0_0 |      41.667 | {0.000 20.833} |           0 |        1 |              0 |        0 | design_1_i/clk_wiz_0/inst/clk_out1 |
+-----------+-----------------+-------------------+-------------------------------+-------------+----------------+-------------+----------+----------------+----------+------------------------------------+
* Slice Loads column represents load cell count of all cell types other than IO, GT and clock resources
** IO Loads column represents load cell count of IO types
*** Clocking Loads column represents load cell count that are clock resources (global clock buffer, MMCM, PLL, etc)
**** GT Loads column represents load cell count of GT types


+----+----+----+-----------------------+
|    | X0 | X1 | HORIZONTAL PROG DELAY |
+----+----+----+-----------------------+
| Y2 |  0 |  0 |                     - |
| Y1 |  0 |  1 |                     0 |
| Y0 |  0 |  0 |                     - |
+----+----+----+-----------------------+


13. Clock Region Cell Placement per Global Clock: Region X0Y0
-------------------------------------------------------------

+-----------+-------+-----------------+------------+-------------+-----------------+------+-------------+------+-----+----+------+-----+---------+------------------------------------------------+
| Global Id | Track | Driver Type/Pin | Constraint | Clock Loads | Non-Clock Loads | FF   | Memory LUTs | RAMB | DSP | GT | MMCM | PLL | Hard IP | Net                                            |
+-----------+-------+-----------------+------------+-------------+-----------------+------+-------------+------+-----+----+------+-----+---------+------------------------------------------------+
| g0        | n/a   | BUFG/O          | None       |       10284 |               0 | 9109 |        1096 |   25 |  51 |  0 |    0 |   0 |       0 | design_1_i/processing_system7_0/inst/FCLK_CLK1 |
| g3        | n/a   | BUFG/O          | None       |         213 |               0 |  212 |           0 |    1 |   0 |  0 |    0 |   0 |       0 | cam_pclk1_IBUF_BUFG                            |
| g4        | n/a   | BUFG/O          | None       |         119 |               0 |  118 |           0 |    1 |   0 |  0 |    0 |   0 |       0 | cam_pclk2_IBUF_BUFG                            |
+-----------+-------+-----------------+------------+-------------+-----------------+------+-------------+------+-----+----+------+-----+---------+------------------------------------------------+
* Clock Loads column represents cell count of net connects that connect to a clock pin. Internal cell leaf pins are not considered
** Non-Clock Loads column represents cell count of non-clock pin loads
*** Columns FF, LUTRAM, RAMB through 'Hard IP' represents load cell counts


14. Clock Region Cell Placement per Global Clock: Region X1Y0
-------------------------------------------------------------

+-----------+-------+-----------------+------------+-------------+-----------------+-------+-------------+------+-----+----+------+-----+---------+-------------------------------------------------------------+
| Global Id | Track | Driver Type/Pin | Constraint | Clock Loads | Non-Clock Loads | FF    | Memory LUTs | RAMB | DSP | GT | MMCM | PLL | Hard IP | Net                                                         |
+-----------+-------+-----------------+------------+-------------+-----------------+-------+-------------+------+-----+----+------+-----+---------+-------------------------------------------------------------+
| g0        | n/a   | BUFG/O          | None       |       11594 |               0 | 10197 |        1338 |   17 |  34 |  0 |    0 |   0 |       0 | design_1_i/processing_system7_0/inst/FCLK_CLK1              |
| g2        | n/a   | BUFG/O          | None       |           1 |               0 |     0 |           0 |    0 |   0 |  0 |    1 |   0 |       0 | design_1_i/processing_system7_0/inst/FCLK_CLK0              |
| g4        | n/a   | BUFG/O          | None       |          94 |               0 |    94 |           0 |    0 |   0 |  0 |    0 |   0 |       0 | cam_pclk2_IBUF_BUFG                                         |
| g5        | n/a   | BUFG/O          | None       |           1 |               0 |     0 |           0 |    0 |   0 |  0 |    1 |   0 |       0 | design_1_i/clk_wiz_0/inst/clkfbout_buf_design_1_clk_wiz_0_0 |
+-----------+-------+-----------------+------------+-------------+-----------------+-------+-------------+------+-----+----+------+-----+---------+-------------------------------------------------------------+
* Clock Loads column represents cell count of net connects that connect to a clock pin. Internal cell leaf pins are not considered
** Non-Clock Loads column represents cell count of non-clock pin loads
*** Columns FF, LUTRAM, RAMB through 'Hard IP' represents load cell counts


15. Clock Region Cell Placement per Global Clock: Region X0Y1
-------------------------------------------------------------

+-----------+-------+-----------------+------------+-------------+-----------------+------+-------------+------+-----+----+------+-----+---------+------------------------------------------------+
| Global Id | Track | Driver Type/Pin | Constraint | Clock Loads | Non-Clock Loads | FF   | Memory LUTs | RAMB | DSP | GT | MMCM | PLL | Hard IP | Net                                            |
+-----------+-------+-----------------+------------+-------------+-----------------+------+-------------+------+-----+----+------+-----+---------+------------------------------------------------+
| g0        | n/a   | BUFG/O          | None       |        4665 |               0 | 3979 |         658 |    5 |  20 |  0 |    0 |   0 |       0 | design_1_i/processing_system7_0/inst/FCLK_CLK1 |
| g2        | n/a   | BUFG/O          | None       |          98 |               0 |   86 |          12 |    0 |   0 |  0 |    0 |   0 |       0 | design_1_i/processing_system7_0/inst/FCLK_CLK0 |
+-----------+-------+-----------------+------------+-------------+-----------------+------+-------------+------+-----+----+------+-----+---------+------------------------------------------------+
* Clock Loads column represents cell count of net connects that connect to a clock pin. Internal cell leaf pins are not considered
** Non-Clock Loads column represents cell count of non-clock pin loads
*** Columns FF, LUTRAM, RAMB through 'Hard IP' represents load cell counts


16. Clock Region Cell Placement per Global Clock: Region X1Y1
-------------------------------------------------------------

+-----------+-------+-----------------+------------+-------------+-----------------+------+-------------+------+-----+----+------+-----+---------+------------------------------------------------+
| Global Id | Track | Driver Type/Pin | Constraint | Clock Loads | Non-Clock Loads | FF   | Memory LUTs | RAMB | DSP | GT | MMCM | PLL | Hard IP | Net                                            |
+-----------+-------+-----------------+------------+-------------+-----------------+------+-------------+------+-----+----+------+-----+---------+------------------------------------------------+
| g0        | n/a   | BUFG/O          | None       |        9607 |               0 | 8584 |         943 |   29 |  40 |  0 |    0 |   0 |       0 | design_1_i/processing_system7_0/inst/FCLK_CLK1 |
| g6        | n/a   | BUFG/O          | None       |           0 |               1 |    0 |           0 |    0 |   0 |  0 |    0 |   0 |       0 | design_1_i/clk_wiz_0/inst/clk_out1             |
+-----------+-------+-----------------+------------+-------------+-----------------+------+-------------+------+-----+----+------+-----+---------+------------------------------------------------+
* Clock Loads column represents cell count of net connects that connect to a clock pin. Internal cell leaf pins are not considered
** Non-Clock Loads column represents cell count of non-clock pin loads
*** Columns FF, LUTRAM, RAMB through 'Hard IP' represents load cell counts


17. Clock Region Cell Placement per Global Clock: Region X0Y2
-------------------------------------------------------------

+-----------+-------+-----------------+------------+-------------+-----------------+------+-------------+------+-----+----+------+-----+---------+------------------------------------------------+
| Global Id | Track | Driver Type/Pin | Constraint | Clock Loads | Non-Clock Loads | FF   | Memory LUTs | RAMB | DSP | GT | MMCM | PLL | Hard IP | Net                                            |
+-----------+-------+-----------------+------------+-------------+-----------------+------+-------------+------+-----+----+------+-----+---------+------------------------------------------------+
| g0        | n/a   | BUFG/O          | None       |        3931 |               0 | 3556 |         348 |    6 |  20 |  0 |    0 |   0 |       0 | design_1_i/processing_system7_0/inst/FCLK_CLK1 |
| g2        | n/a   | BUFG/O          | None       |         897 |               0 |  843 |          53 |    0 |   0 |  0 |    0 |   0 |       0 | design_1_i/processing_system7_0/inst/FCLK_CLK0 |
+-----------+-------+-----------------+------------+-------------+-----------------+------+-------------+------+-----+----+------+-----+---------+------------------------------------------------+
* Clock Loads column represents cell count of net connects that connect to a clock pin. Internal cell leaf pins are not considered
** Non-Clock Loads column represents cell count of non-clock pin loads
*** Columns FF, LUTRAM, RAMB through 'Hard IP' represents load cell counts


18. Clock Region Cell Placement per Global Clock: Region X1Y2
-------------------------------------------------------------

+-----------+-------+-----------------+------------+-------------+-----------------+------+-------------+------+-----+----+------+-----+---------+------------------------------------------------+
| Global Id | Track | Driver Type/Pin | Constraint | Clock Loads | Non-Clock Loads | FF   | Memory LUTs | RAMB | DSP | GT | MMCM | PLL | Hard IP | Net                                            |
+-----------+-------+-----------------+------------+-------------+-----------------+------+-------------+------+-----+----+------+-----+---------+------------------------------------------------+
| g0        | n/a   | BUFG/O          | None       |        6180 |               0 | 5901 |         213 |   28 |  35 |  0 |    1 |   0 |       0 | design_1_i/processing_system7_0/inst/FCLK_CLK1 |
| g1        | n/a   | BUFR/O          | None       |        2805 |               0 | 2791 |           5 |    1 |   0 |  0 |    0 |   0 |       0 | design_1_i/axi_dynclk_0/U0/PXL_CLK_O           |
| g2        | n/a   | BUFG/O          | None       |         590 |               0 |  588 |           1 |    0 |   0 |  0 |    1 |   0 |       0 | design_1_i/processing_system7_0/inst/FCLK_CLK0 |
+-----------+-------+-----------------+------------+-------------+-----------------+------+-------------+------+-----+----+------+-----+---------+------------------------------------------------+
* Clock Loads column represents cell count of net connects that connect to a clock pin. Internal cell leaf pins are not considered
** Non-Clock Loads column represents cell count of non-clock pin loads
*** Columns FF, LUTRAM, RAMB through 'Hard IP' represents load cell counts



# Location of BUFG Primitives 
set_property LOC BUFGCTRL_X0Y16 [get_cells design_1_i/processing_system7_0/inst/buffer_fclk_clk_1.FCLK_CLK_1_BUFG]
set_property LOC BUFGCTRL_X0Y17 [get_cells design_1_i/processing_system7_0/inst/buffer_fclk_clk_0.FCLK_CLK_0_BUFG]
set_property LOC BUFGCTRL_X0Y3 [get_cells design_1_i/clk_wiz_0/inst/clkf_buf]
set_property LOC BUFGCTRL_X0Y0 [get_cells design_1_i/clk_wiz_0/inst/clkout1_buf]
set_property LOC BUFGCTRL_X0Y2 [get_cells cam_pclk2_IBUF_BUFG_inst]
set_property LOC BUFGCTRL_X0Y1 [get_cells cam_pclk1_IBUF_BUFG_inst]

# Location of BUFIO Primitives 
set_property LOC BUFIO_X1Y9 [get_cells design_1_i/axi_dynclk_0/U0/BUFIO_inst]

# Location of BUFR Primitives 
set_property LOC BUFR_X1Y9 [get_cells design_1_i/axi_dynclk_0/U0/BUFR_inst]

# Location of IO Primitives which is load of clock spine
set_property LOC IOB_X1Y90 [get_cells cam_xclk_OBUF_inst]

# Location of clock ports
set_property LOC IOB_X0Y23 [get_ports cam_pclk1]
set_property LOC IOB_X1Y120 [get_ports cam_pclk2]

# Clock net "design_1_i/processing_system7_0/inst/FCLK_CLK1" driven by instance "design_1_i/processing_system7_0/inst/buffer_fclk_clk_1.FCLK_CLK_1_BUFG" located at site "BUFGCTRL_X0Y16"
#startgroup
create_pblock {CLKAG_design_1_i/processing_system7_0/inst/FCLK_CLK1}
add_cells_to_pblock [get_pblocks  {CLKAG_design_1_i/processing_system7_0/inst/FCLK_CLK1}] [get_cells -filter { PRIMITIVE_GROUP != I/O && IS_PRIMITIVE==1 && PRIMITIVE_LEVEL !=INTERNAL && NAME!=design_1_i/axi_dynclk_0/U0/Inst_mmcme2_drp/mmcm_adv_inst} -of_object [get_pins -leaf -filter {DIRECTION==IN} -of_objects [get_nets {design_1_i/processing_system7_0/inst/FCLK_CLK1}]]]
resize_pblock [get_pblocks {CLKAG_design_1_i/processing_system7_0/inst/FCLK_CLK1}] -add {CLOCKREGION_X0Y0:CLOCKREGION_X0Y0 CLOCKREGION_X0Y1:CLOCKREGION_X0Y1 CLOCKREGION_X0Y2:CLOCKREGION_X0Y2 CLOCKREGION_X1Y0:CLOCKREGION_X1Y0 CLOCKREGION_X1Y1:CLOCKREGION_X1Y1 CLOCKREGION_X1Y2:CLOCKREGION_X1Y2}
#endgroup

# Clock net "design_1_i/processing_system7_0/inst/FCLK_CLK0" driven by instance "design_1_i/processing_system7_0/inst/buffer_fclk_clk_0.FCLK_CLK_0_BUFG" located at site "BUFGCTRL_X0Y17"
#startgroup
create_pblock {CLKAG_design_1_i/processing_system7_0/inst/FCLK_CLK0}
add_cells_to_pblock [get_pblocks  {CLKAG_design_1_i/processing_system7_0/inst/FCLK_CLK0}] [get_cells -filter { PRIMITIVE_GROUP != I/O && IS_PRIMITIVE==1 && PRIMITIVE_LEVEL !=INTERNAL && NAME!=design_1_i/clk_wiz_0/inst/mmcm_adv_inst && NAME!=design_1_i/axi_dynclk_0/U0/Inst_mmcme2_drp/mmcm_adv_inst} -of_object [get_pins -leaf -filter {DIRECTION==IN} -of_objects [get_nets {design_1_i/processing_system7_0/inst/FCLK_CLK0}]]]
resize_pblock [get_pblocks {CLKAG_design_1_i/processing_system7_0/inst/FCLK_CLK0}] -add {CLOCKREGION_X0Y1:CLOCKREGION_X0Y1 CLOCKREGION_X0Y2:CLOCKREGION_X0Y2 CLOCKREGION_X1Y2:CLOCKREGION_X1Y2}
#endgroup

# Clock net "design_1_i/axi_dynclk_0/U0/PXL_CLK_O" driven by instance "design_1_i/axi_dynclk_0/U0/BUFR_inst" located at site "BUFR_X1Y9"
#startgroup
create_pblock {CLKAG_design_1_i/axi_dynclk_0/U0/PXL_CLK_O}
add_cells_to_pblock [get_pblocks  {CLKAG_design_1_i/axi_dynclk_0/U0/PXL_CLK_O}] [get_cells -filter { PRIMITIVE_GROUP != I/O && IS_PRIMITIVE==1 && PRIMITIVE_LEVEL !=INTERNAL } -of_object [get_pins -leaf -filter {DIRECTION==IN} -of_objects [get_nets {design_1_i/axi_dynclk_0/U0/PXL_CLK_O}]]]
resize_pblock [get_pblocks {CLKAG_design_1_i/axi_dynclk_0/U0/PXL_CLK_O}] -add {CLOCKREGION_X1Y2:CLOCKREGION_X1Y2}
#endgroup

# Clock net "cam_pclk2_IBUF_BUFG" driven by instance "cam_pclk2_IBUF_BUFG_inst" located at site "BUFGCTRL_X0Y2"
#startgroup
create_pblock {CLKAG_cam_pclk2_IBUF_BUFG}
add_cells_to_pblock [get_pblocks  {CLKAG_cam_pclk2_IBUF_BUFG}] [get_cells -filter { PRIMITIVE_GROUP != I/O && IS_PRIMITIVE==1 && PRIMITIVE_LEVEL !=INTERNAL } -of_object [get_pins -leaf -filter {DIRECTION==IN} -of_objects [get_nets {cam_pclk2_IBUF_BUFG}]]]
resize_pblock [get_pblocks {CLKAG_cam_pclk2_IBUF_BUFG}] -add {CLOCKREGION_X0Y0:CLOCKREGION_X0Y0 CLOCKREGION_X1Y0:CLOCKREGION_X1Y0}
#endgroup

# Clock net "cam_pclk1_IBUF_BUFG" driven by instance "cam_pclk1_IBUF_BUFG_inst" located at site "BUFGCTRL_X0Y1"
#startgroup
create_pblock {CLKAG_cam_pclk1_IBUF_BUFG}
add_cells_to_pblock [get_pblocks  {CLKAG_cam_pclk1_IBUF_BUFG}] [get_cells -filter { PRIMITIVE_GROUP != I/O && IS_PRIMITIVE==1 && PRIMITIVE_LEVEL !=INTERNAL } -of_object [get_pins -leaf -filter {DIRECTION==IN} -of_objects [get_nets {cam_pclk1_IBUF_BUFG}]]]
resize_pblock [get_pblocks {CLKAG_cam_pclk1_IBUF_BUFG}] -add {CLOCKREGION_X0Y0:CLOCKREGION_X0Y0}
#endgroup
