

================================================================
== Vitis HLS Report for 'FrmbufWrHlsDataFlow'
================================================================
* Date:           Tue Jun 24 20:47:02 2025

* Version:        2023.1 (Build 3854077 on May  4 2023)
* Project:        prj
* Solution:       sol (Vivado IP Flow Target)
* Product family: zynq
* Target device:  xc7z020-clg400-1


================================================================
== Performance Estimates
================================================================
+ Timing: 
    * Summary: 
    +--------+----------+----------+------------+
    |  Clock |  Target  | Estimated| Uncertainty|
    +--------+----------+----------+------------+
    |ap_clk  |  10.00 ns|  7.300 ns|     2.70 ns|
    +--------+----------+----------+------------+

+ Latency: 
    * Summary: 
    +---------+-----------+----------+-----------+-----+-----------+----------+
    |   Latency (cycles)  |  Latency (absolute)  |     Interval    | Pipeline |
    |   min   |    max    |    min   |    max    | min |    max    |   Type   |
    +---------+-----------+----------+-----------+-----+-----------+----------+
    |       12|  283137125|  0.120 us|  2.831 sec|    7|  283137123|  dataflow|
    +---------+-----------+----------+-----------+-----+-----------+----------+

    + Detail: 
        * Instance: 
        +------------------------------------+-------------------------+---------+-----------+-----------+-----------+-----+-----------+---------+
        |                                    |                         |   Latency (cycles)  |   Latency (absolute)  |     Interval    | Pipeline|
        |              Instance              |          Module         |   min   |    max    |    min    |    max    | min |    max    |   Type  |
        +------------------------------------+-------------------------+---------+-----------+-----------+-----------+-----+-----------+---------+
        |grp_AXIvideo2MultiPixStream_fu_208  |AXIvideo2MultiPixStream  |        6|    8868966|  60.000 ns|  88.690 ms|    6|    8868966|       no|
        |call_ln0_entry_proc_fu_234          |entry_proc               |        0|          0|       0 ns|       0 ns|    0|          0|       no|
        |grp_MultiPixStream2Bytes_fu_250     |MultiPixStream2Bytes     |        1|  283137122|  10.000 ns|  2.831 sec|    1|  283137122|       no|
        |grp_Bytes2AXIMMvideo_fu_261         |Bytes2AXIMMvideo         |        1|   35868961|  10.000 ns|  0.359 sec|    1|   35868961|       no|
        +------------------------------------+-------------------------+---------+-----------+-----------+-----------+-----+-----------+---------+

        * Loop: 
        N/A

============================================================
+ Verbose Summary: Synthesis Manager
============================================================
InlineROM: 1
ExposeGlobal: 0
============================================================
+ Verbose Summary: CDFG Model
============================================================
IsTopModel: 0
ResetActiveHigh: 1
IsCombinational: 2
IsDatapathOnly: 0
HasWiredReturn: 1
HasMFsm: 0
HasVarLatency: 1
IsPipeline: 0
IsRtlPipelined: 0
IsInstanceOverlapped: 0
IsDontTouch: 0
HasImplIP: 0
IsGatedGlobalClock: 0


============================================================
+ Verbose Summary: Schedule
============================================================
* Number of FSM states : 6
* Pipeline : 0
* Dataflow Pipeline: 1
  DF-Pipeline-0: Size = 6, States = { 1 2 3 4 5 6 }

* FSM state transitions: 
1 --> 2 
2 --> 3 
3 --> 4 
4 --> 5 
5 --> 6 
6 --> 

* FSM state operations: 

State 1 <SV = 0> <Delay = 3.63>
ST_1 : Operation 7 [1/1] (0.00ns)   --->   "%p_read_6 = read i12 @_ssdm_op_Read.ap_auto.i12, i12 %p_read3"   --->   Operation 7 'read' 'p_read_6' <Predicate = true> <Delay = 0.00>
ST_1 : Operation 8 [1/1] (0.00ns)   --->   "%p_read26 = read i13 @_ssdm_op_Read.ap_auto.i13, i13 %p_read2"   --->   Operation 8 'read' 'p_read26' <Predicate = true> <Delay = 0.00>
ST_1 : Operation 9 [1/1] (0.00ns)   --->   "%p_read15 = read i3 @_ssdm_op_Read.ap_auto.i3, i3 %p_read1"   --->   Operation 9 'read' 'p_read15' <Predicate = true> <Delay = 0.00>
ST_1 : Operation 10 [1/1] (0.00ns)   --->   "%video_format_c = alloca i32 1"   --->   Operation 10 'alloca' 'video_format_c' <Predicate = true> <Delay = 0.00> <CoreInst = "FIFO_SRL">   --->   Core 81 'FIFO_SRL' <Latency = 0> <II = 1> <Delay = 3.63> <Storage> <Opcode : 'read' 'write' 'nbread' 'nbwrite'> <Ports = 0> <Width = 6> <Depth = 3> <FIFO>
ST_1 : Operation 11 [1/1] (0.00ns)   --->   "%stride_c = alloca i32 1"   --->   Operation 11 'alloca' 'stride_c' <Predicate = true> <Delay = 0.00> <CoreInst = "FIFO_SRL">   --->   Core 81 'FIFO_SRL' <Latency = 0> <II = 1> <Delay = 3.63> <Storage> <Opcode : 'read' 'write' 'nbread' 'nbwrite'> <Ports = 0> <Width = 16> <Depth = 4> <FIFO>
ST_1 : Operation 12 [1/1] (0.00ns)   --->   "%height_c10 = alloca i32 1"   --->   Operation 12 'alloca' 'height_c10' <Predicate = true> <Delay = 0.00> <CoreInst = "FIFO_SRL">   --->   Core 81 'FIFO_SRL' <Latency = 0> <II = 1> <Delay = 3.63> <Storage> <Opcode : 'read' 'write' 'nbread' 'nbwrite'> <Ports = 0> <Width = 12> <Depth = 2> <FIFO>
ST_1 : Operation 13 [1/1] (0.00ns)   --->   "%height_c = alloca i32 1"   --->   Operation 13 'alloca' 'height_c' <Predicate = true> <Delay = 0.00> <CoreInst = "FIFO_SRL">   --->   Core 81 'FIFO_SRL' <Latency = 0> <II = 1> <Delay = 3.63> <Storage> <Opcode : 'read' 'write' 'nbread' 'nbwrite'> <Ports = 0> <Width = 12> <Depth = 2> <FIFO>
ST_1 : Operation 14 [1/1] (0.00ns)   --->   "%WidthInBytes_c9 = alloca i32 1"   --->   Operation 14 'alloca' 'WidthInBytes_c9' <Predicate = true> <Delay = 0.00> <CoreInst = "FIFO_SRL">   --->   Core 81 'FIFO_SRL' <Latency = 0> <II = 1> <Delay = 3.63> <Storage> <Opcode : 'read' 'write' 'nbread' 'nbwrite'> <Ports = 0> <Width = 15> <Depth = 3> <FIFO>
ST_1 : Operation 15 [1/1] (0.00ns)   --->   "%WidthInBytes_c = alloca i32 1"   --->   Operation 15 'alloca' 'WidthInBytes_c' <Predicate = true> <Delay = 0.00> <CoreInst = "FIFO_SRL">   --->   Core 81 'FIFO_SRL' <Latency = 0> <II = 1> <Delay = 3.63> <Storage> <Opcode : 'read' 'write' 'nbread' 'nbwrite'> <Ports = 0> <Width = 15> <Depth = 2> <FIFO>
ST_1 : Operation 16 [1/1] (0.00ns)   --->   "%HwReg_frm_buffer_c = alloca i32 1"   --->   Operation 16 'alloca' 'HwReg_frm_buffer_c' <Predicate = true> <Delay = 0.00> <CoreInst = "FIFO_SRL">   --->   Core 81 'FIFO_SRL' <Latency = 0> <II = 1> <Delay = 3.63> <Storage> <Opcode : 'read' 'write' 'nbread' 'nbwrite'> <Ports = 0> <Width = 32> <Depth = 4> <FIFO>
ST_1 : Operation 17 [1/1] (0.00ns)   --->   "%img = alloca i32 1"   --->   Operation 17 'alloca' 'img' <Predicate = true> <Delay = 0.00> <CoreInst = "FIFO_SRL">   --->   Core 81 'FIFO_SRL' <Latency = 0> <II = 1> <Delay = 3.63> <Storage> <Opcode : 'read' 'write' 'nbread' 'nbwrite'> <Ports = 0> <Width = 24> <Depth = 2> <FIFO>
ST_1 : Operation 18 [1/1] (0.00ns)   --->   "%bytePlanes = alloca i32 1" [C:/Users/Santiago/OneDrive/Escritorio/ov5640_sv_ed_800x600_v1/ov5640_sv_ed.runs/design_1_v_frmbuf_wr_0_1_synth_1/prj/sol/.autopilot/db/v_frmbuf_wr.cpp:35]   --->   Operation 18 'alloca' 'bytePlanes' <Predicate = true> <Delay = 0.00> <CoreInst = "FIFO_BRAM">   --->   Core 79 'FIFO_BRAM' <Latency = 0> <II = 1> <Delay = 3.50> <Storage> <Opcode : 'read' 'write' 'nbread' 'nbwrite'> <Ports = 0> <Width = 64> <Depth = 1024> <FIFO>
ST_1 : Operation 19 [2/2] (3.63ns)   --->   "%call_ln57 = call void @AXIvideo2MultiPixStream, i24 %s_axis_video_V_data_V, i3 %s_axis_video_V_keep_V, i3 %s_axis_video_V_strb_V, i1 %s_axis_video_V_user_V, i1 %s_axis_video_V_last_V, i1 %s_axis_video_V_id_V, i1 %s_axis_video_V_dest_V, i24 %img, i12 %p_read_6, i13 %p_read26, i3 %p_read15, i12 %height_c10" [C:/Users/Santiago/OneDrive/Escritorio/ov5640_sv_ed_800x600_v1/ov5640_sv_ed.runs/design_1_v_frmbuf_wr_0_1_synth_1/prj/sol/.autopilot/db/v_frmbuf_wr.cpp:57]   --->   Operation 19 'call' 'call_ln57' <Predicate = true> <Delay = 3.63> <CoreType = "Generic">   --->   Core 0 '' <Latency = 0> <II = 1> <Delay = 1.00> <Generic> <Opcode : >

State 2 <SV = 1> <Delay = 3.63>
ST_2 : Operation 20 [1/1] (0.00ns)   --->   "%p_read_4 = read i6 @_ssdm_op_Read.ap_auto.i6, i6 %p_read25"   --->   Operation 20 'read' 'p_read_4' <Predicate = true> <Delay = 0.00>
ST_2 : Operation 21 [1/1] (0.00ns)   --->   "%p_read_5 = read i16 @_ssdm_op_Read.ap_auto.i16, i16 %p_read14"   --->   Operation 21 'read' 'p_read_5' <Predicate = true> <Delay = 0.00>
ST_2 : Operation 22 [1/1] (0.00ns)   --->   "%p_read_7 = read i15 @_ssdm_op_Read.ap_auto.i15, i15 %p_read"   --->   Operation 22 'read' 'p_read_7' <Predicate = true> <Delay = 0.00>
ST_2 : Operation 23 [1/1] (0.00ns)   --->   "%HwReg_frm_buffer_read = read i32 @_ssdm_op_Read.ap_auto.i32, i32 %HwReg_frm_buffer"   --->   Operation 23 'read' 'HwReg_frm_buffer_read' <Predicate = true> <Delay = 0.00>
ST_2 : Operation 24 [1/1] (3.63ns)   --->   "%call_ln0 = call void @entry_proc, i32 %HwReg_frm_buffer_read, i32 %HwReg_frm_buffer_c, i15 %p_read_7, i15 %WidthInBytes_c9, i16 %p_read_5, i16 %stride_c, i6 %p_read_4, i6 %video_format_c"   --->   Operation 24 'call' 'call_ln0' <Predicate = true> <Delay = 3.63> <CoreType = "Generic">   --->   Core 0 '' <Latency = 0> <II = 1> <Delay = 1.00> <Generic> <Opcode : >
ST_2 : Operation 25 [1/2] (0.00ns)   --->   "%call_ln57 = call void @AXIvideo2MultiPixStream, i24 %s_axis_video_V_data_V, i3 %s_axis_video_V_keep_V, i3 %s_axis_video_V_strb_V, i1 %s_axis_video_V_user_V, i1 %s_axis_video_V_last_V, i1 %s_axis_video_V_id_V, i1 %s_axis_video_V_dest_V, i24 %img, i12 %p_read_6, i13 %p_read26, i3 %p_read15, i12 %height_c10" [C:/Users/Santiago/OneDrive/Escritorio/ov5640_sv_ed_800x600_v1/ov5640_sv_ed.runs/design_1_v_frmbuf_wr_0_1_synth_1/prj/sol/.autopilot/db/v_frmbuf_wr.cpp:57]   --->   Operation 25 'call' 'call_ln57' <Predicate = true> <Delay = 0.00> <CoreType = "Generic">   --->   Core 0 '' <Latency = 0> <II = 1> <Delay = 1.00> <Generic> <Opcode : >

State 3 <SV = 2> <Delay = 0.00>
ST_3 : Operation 26 [2/2] (0.00ns)   --->   "%call_ln60 = call void @MultiPixStream2Bytes, i24 %img, i64 %bytePlanes, i12 %height_c10, i15 %WidthInBytes_c9, i6 %video_format_c, i15 %WidthInBytes_c, i12 %height_c" [C:/Users/Santiago/OneDrive/Escritorio/ov5640_sv_ed_800x600_v1/ov5640_sv_ed.runs/design_1_v_frmbuf_wr_0_1_synth_1/prj/sol/.autopilot/db/v_frmbuf_wr.cpp:60]   --->   Operation 26 'call' 'call_ln60' <Predicate = true> <Delay = 0.00> <CoreType = "Generic">   --->   Core 0 '' <Latency = 0> <II = 1> <Delay = 1.00> <Generic> <Opcode : >

State 4 <SV = 3> <Delay = 0.00>
ST_4 : Operation 27 [1/2] (0.00ns)   --->   "%call_ln60 = call void @MultiPixStream2Bytes, i24 %img, i64 %bytePlanes, i12 %height_c10, i15 %WidthInBytes_c9, i6 %video_format_c, i15 %WidthInBytes_c, i12 %height_c" [C:/Users/Santiago/OneDrive/Escritorio/ov5640_sv_ed_800x600_v1/ov5640_sv_ed.runs/design_1_v_frmbuf_wr_0_1_synth_1/prj/sol/.autopilot/db/v_frmbuf_wr.cpp:60]   --->   Operation 27 'call' 'call_ln60' <Predicate = true> <Delay = 0.00> <CoreType = "Generic">   --->   Core 0 '' <Latency = 0> <II = 1> <Delay = 1.00> <Generic> <Opcode : >

State 5 <SV = 4> <Delay = 0.00>
ST_5 : Operation 28 [2/2] (0.00ns)   --->   "%call_ln63 = call void @Bytes2AXIMMvideo, i64 %bytePlanes, i64 %mm_video, i32 %HwReg_frm_buffer_c, i12 %height_c, i15 %WidthInBytes_c, i16 %stride_c" [C:/Users/Santiago/OneDrive/Escritorio/ov5640_sv_ed_800x600_v1/ov5640_sv_ed.runs/design_1_v_frmbuf_wr_0_1_synth_1/prj/sol/.autopilot/db/v_frmbuf_wr.cpp:63]   --->   Operation 28 'call' 'call_ln63' <Predicate = true> <Delay = 0.00> <CoreType = "Generic">   --->   Core 0 '' <Latency = 0> <II = 1> <Delay = 1.00> <Generic> <Opcode : >

State 6 <SV = 5> <Delay = 0.00>
ST_6 : Operation 29 [1/1] (0.00ns)   --->   "%specstablecontent_ln0 = specstablecontent void @_ssdm_op_SpecStableContent, i16 %p_read14, void "   --->   Operation 29 'specstablecontent' 'specstablecontent_ln0' <Predicate = true> <Delay = 0.00>
ST_6 : Operation 30 [1/1] (0.00ns)   --->   "%empty = specchannel i32 @_ssdm_op_SpecChannel, void @video_format_c_str, i32 1, void @p_str, void @p_str, i32 3, i32 0, i6 %video_format_c, i6 %video_format_c"   --->   Operation 30 'specchannel' 'empty' <Predicate = true> <Delay = 0.00>
ST_6 : Operation 31 [1/1] (0.00ns)   --->   "%specinterface_ln0 = specinterface void @_ssdm_op_SpecInterface, i6 %video_format_c, void @ap_fifo_str, i32 0, i32 0, void @p_str, i32 0, i32 0, void @p_str, void @p_str, void @p_str, i32 2, i32 2, i32 16, i32 16, void @p_str, void @p_str, i32 4294967295, i32 0"   --->   Operation 31 'specinterface' 'specinterface_ln0' <Predicate = true> <Delay = 0.00>
ST_6 : Operation 32 [1/1] (0.00ns)   --->   "%empty_95 = specchannel i32 @_ssdm_op_SpecChannel, void @stride_c_str, i32 1, void @p_str, void @p_str, i32 4, i32 0, i16 %stride_c, i16 %stride_c"   --->   Operation 32 'specchannel' 'empty_95' <Predicate = true> <Delay = 0.00>
ST_6 : Operation 33 [1/1] (0.00ns)   --->   "%specinterface_ln0 = specinterface void @_ssdm_op_SpecInterface, i16 %stride_c, void @ap_fifo_str, i32 0, i32 0, void @p_str, i32 0, i32 0, void @p_str, void @p_str, void @p_str, i32 2, i32 2, i32 16, i32 16, void @p_str, void @p_str, i32 4294967295, i32 0"   --->   Operation 33 'specinterface' 'specinterface_ln0' <Predicate = true> <Delay = 0.00>
ST_6 : Operation 34 [1/1] (0.00ns)   --->   "%empty_96 = specchannel i32 @_ssdm_op_SpecChannel, void @height_c10_str, i32 1, void @p_str, void @p_str, i32 2, i32 0, i12 %height_c10, i12 %height_c10"   --->   Operation 34 'specchannel' 'empty_96' <Predicate = true> <Delay = 0.00>
ST_6 : Operation 35 [1/1] (0.00ns)   --->   "%specinterface_ln0 = specinterface void @_ssdm_op_SpecInterface, i12 %height_c10, void @ap_fifo_str, i32 0, i32 0, void @p_str, i32 0, i32 0, void @p_str, void @p_str, void @p_str, i32 2, i32 2, i32 16, i32 16, void @p_str, void @p_str, i32 4294967295, i32 0"   --->   Operation 35 'specinterface' 'specinterface_ln0' <Predicate = true> <Delay = 0.00>
ST_6 : Operation 36 [1/1] (0.00ns)   --->   "%empty_97 = specchannel i32 @_ssdm_op_SpecChannel, void @height_c_str, i32 1, void @p_str, void @p_str, i32 2, i32 0, i12 %height_c, i12 %height_c"   --->   Operation 36 'specchannel' 'empty_97' <Predicate = true> <Delay = 0.00>
ST_6 : Operation 37 [1/1] (0.00ns)   --->   "%specinterface_ln0 = specinterface void @_ssdm_op_SpecInterface, i12 %height_c, void @ap_fifo_str, i32 0, i32 0, void @p_str, i32 0, i32 0, void @p_str, void @p_str, void @p_str, i32 2, i32 2, i32 16, i32 16, void @p_str, void @p_str, i32 4294967295, i32 0"   --->   Operation 37 'specinterface' 'specinterface_ln0' <Predicate = true> <Delay = 0.00>
ST_6 : Operation 38 [1/1] (0.00ns)   --->   "%empty_98 = specchannel i32 @_ssdm_op_SpecChannel, void @WidthInBytes_c9_str, i32 1, void @p_str, void @p_str, i32 3, i32 0, i15 %WidthInBytes_c9, i15 %WidthInBytes_c9"   --->   Operation 38 'specchannel' 'empty_98' <Predicate = true> <Delay = 0.00>
ST_6 : Operation 39 [1/1] (0.00ns)   --->   "%specinterface_ln0 = specinterface void @_ssdm_op_SpecInterface, i15 %WidthInBytes_c9, void @ap_fifo_str, i32 0, i32 0, void @p_str, i32 0, i32 0, void @p_str, void @p_str, void @p_str, i32 2, i32 2, i32 16, i32 16, void @p_str, void @p_str, i32 4294967295, i32 0"   --->   Operation 39 'specinterface' 'specinterface_ln0' <Predicate = true> <Delay = 0.00>
ST_6 : Operation 40 [1/1] (0.00ns)   --->   "%empty_99 = specchannel i32 @_ssdm_op_SpecChannel, void @WidthInBytes_c_str, i32 1, void @p_str, void @p_str, i32 2, i32 0, i15 %WidthInBytes_c, i15 %WidthInBytes_c"   --->   Operation 40 'specchannel' 'empty_99' <Predicate = true> <Delay = 0.00>
ST_6 : Operation 41 [1/1] (0.00ns)   --->   "%specinterface_ln0 = specinterface void @_ssdm_op_SpecInterface, i15 %WidthInBytes_c, void @ap_fifo_str, i32 0, i32 0, void @p_str, i32 0, i32 0, void @p_str, void @p_str, void @p_str, i32 2, i32 2, i32 16, i32 16, void @p_str, void @p_str, i32 4294967295, i32 0"   --->   Operation 41 'specinterface' 'specinterface_ln0' <Predicate = true> <Delay = 0.00>
ST_6 : Operation 42 [1/1] (0.00ns)   --->   "%empty_100 = specchannel i32 @_ssdm_op_SpecChannel, void @HwReg_frm_buffer_c_str, i32 1, void @p_str, void @p_str, i32 4, i32 0, i32 %HwReg_frm_buffer_c, i32 %HwReg_frm_buffer_c"   --->   Operation 42 'specchannel' 'empty_100' <Predicate = true> <Delay = 0.00>
ST_6 : Operation 43 [1/1] (0.00ns)   --->   "%specinterface_ln0 = specinterface void @_ssdm_op_SpecInterface, i32 %HwReg_frm_buffer_c, void @ap_fifo_str, i32 0, i32 0, void @p_str, i32 0, i32 0, void @p_str, void @p_str, void @p_str, i32 2, i32 2, i32 16, i32 16, void @p_str, void @p_str, i32 4294967295, i32 0"   --->   Operation 43 'specinterface' 'specinterface_ln0' <Predicate = true> <Delay = 0.00>
ST_6 : Operation 44 [1/1] (0.00ns)   --->   "%specdataflowpipeline_ln0 = specdataflowpipeline void @_ssdm_op_SpecDataflowPipeline, i32 4294967295, i32 0, void @empty_14"   --->   Operation 44 'specdataflowpipeline' 'specdataflowpipeline_ln0' <Predicate = true> <Delay = 0.00>
ST_6 : Operation 45 [1/1] (0.00ns)   --->   "%specaxissidechannel_ln0 = specaxissidechannel void @_ssdm_op_SpecAXISSideChannel, i24 %s_axis_video_V_data_V, i3 %s_axis_video_V_keep_V, i3 %s_axis_video_V_strb_V, i1 %s_axis_video_V_user_V, i1 %s_axis_video_V_last_V, i1 %s_axis_video_V_id_V, i1 %s_axis_video_V_dest_V, void @empty_2"   --->   Operation 45 'specaxissidechannel' 'specaxissidechannel_ln0' <Predicate = true> <Delay = 0.00>
ST_6 : Operation 46 [1/1] (0.00ns)   --->   "%specinterface_ln0 = specinterface void @_ssdm_op_SpecInterface, i1 %s_axis_video_V_dest_V, i1 %s_axis_video_V_id_V, i1 %s_axis_video_V_last_V, i1 %s_axis_video_V_user_V, i3 %s_axis_video_V_strb_V, i3 %s_axis_video_V_keep_V, i24 %s_axis_video_V_data_V, void @empty_0, i32 0, i32 0, void @empty_1, i32 0, i32 0, void @empty_14, void @empty_14, void @empty_14, i32 0, i32 0, i32 0, i32 0, void @empty_14, void @empty_14, i32 4294967295, i32 0"   --->   Operation 46 'specinterface' 'specinterface_ln0' <Predicate = true> <Delay = 0.00>
ST_6 : Operation 47 [1/1] (0.00ns)   --->   "%specinterface_ln0 = specinterface void @_ssdm_op_SpecInterface, i64 %mm_video, void @empty_13, i32 0, i32 0, void @empty_14, i32 100, i32 2073600, void @empty_15, void @empty_11, void @empty_14, i32 16, i32 4, i32 16, i32 16, void @empty_14, void @empty_14, i32 4294967295, i32 0"   --->   Operation 47 'specinterface' 'specinterface_ln0' <Predicate = true> <Delay = 0.00>
ST_6 : Operation 48 [1/1] (0.00ns)   --->   "%empty_101 = specchannel i32 @_ssdm_op_SpecChannel, void @img_str, i32 1, void @p_str, void @p_str, i32 2, i32 2, i24 %img, i24 %img"   --->   Operation 48 'specchannel' 'empty_101' <Predicate = true> <Delay = 0.00>
ST_6 : Operation 49 [1/1] (0.00ns)   --->   "%specinterface_ln0 = specinterface void @_ssdm_op_SpecInterface, i24 %img, void @empty_3, i32 0, i32 0, void @empty_14, i32 0, i32 0, void @empty_14, void @empty_14, void @empty_14, i32 0, i32 0, i32 0, i32 0, void @empty_14, void @empty_14, i32 4294967295, i32 0"   --->   Operation 49 'specinterface' 'specinterface_ln0' <Predicate = true> <Delay = 0.00>
ST_6 : Operation 50 [1/1] (0.00ns)   --->   "%empty_102 = specchannel i32 @_ssdm_op_SpecChannel, void @bytePlanes_str, i32 1, void @p_str, void @p_str, i32 1024, i32 1024, i64 %bytePlanes, i64 %bytePlanes"   --->   Operation 50 'specchannel' 'empty_102' <Predicate = true> <Delay = 0.00>
ST_6 : Operation 51 [1/1] (0.00ns)   --->   "%specmemcore_ln51 = specmemcore void @_ssdm_op_SpecMemCore, i64 %bytePlanes, i64 666, i64 8, i64 18446744073709551615" [C:/Users/Santiago/OneDrive/Escritorio/ov5640_sv_ed_800x600_v1/ov5640_sv_ed.runs/design_1_v_frmbuf_wr_0_1_synth_1/prj/sol/.autopilot/db/v_frmbuf_wr.cpp:51]   --->   Operation 51 'specmemcore' 'specmemcore_ln51' <Predicate = true> <Delay = 0.00>
ST_6 : Operation 52 [1/1] (0.00ns)   --->   "%specinterface_ln0 = specinterface void @_ssdm_op_SpecInterface, i64 %bytePlanes, void @empty_3, i32 0, i32 0, void @empty_14, i32 0, i32 0, void @empty_14, void @empty_14, void @empty_14, i32 0, i32 0, i32 0, i32 0, void @empty_14, void @empty_14, i32 4294967295, i32 0"   --->   Operation 52 'specinterface' 'specinterface_ln0' <Predicate = true> <Delay = 0.00>
ST_6 : Operation 53 [1/2] (0.00ns)   --->   "%call_ln63 = call void @Bytes2AXIMMvideo, i64 %bytePlanes, i64 %mm_video, i32 %HwReg_frm_buffer_c, i12 %height_c, i15 %WidthInBytes_c, i16 %stride_c" [C:/Users/Santiago/OneDrive/Escritorio/ov5640_sv_ed_800x600_v1/ov5640_sv_ed.runs/design_1_v_frmbuf_wr_0_1_synth_1/prj/sol/.autopilot/db/v_frmbuf_wr.cpp:63]   --->   Operation 53 'call' 'call_ln63' <Predicate = true> <Delay = 0.00> <CoreType = "Generic">   --->   Core 0 '' <Latency = 0> <II = 1> <Delay = 1.00> <Generic> <Opcode : >
ST_6 : Operation 54 [1/1] (0.00ns)   --->   "%ret_ln65 = ret" [C:/Users/Santiago/OneDrive/Escritorio/ov5640_sv_ed_800x600_v1/ov5640_sv_ed.runs/design_1_v_frmbuf_wr_0_1_synth_1/prj/sol/.autopilot/db/v_frmbuf_wr.cpp:65]   --->   Operation 54 'ret' 'ret_ln65' <Predicate = true> <Delay = 0.00>


============================================================
+ Verbose Summary: Binding
============================================================
STG Binding: 
---------------- STG Properties BEGIN ----------------
- Is combinational: 0
- Is one-state seq: 0
- Is datapath-only: 0
- Is pipelined: 0
- Is top level: 0
Port [ Return ] is wired: 1; IO mode=ap_ctrl_hs:ce=0
Port [ s_axis_video_V_data_V]:  wired=1; compound=1; hidden=0; nouse=0; global=0; static=0; extern=0; dir=0; type=0; pingpong=0; private_global=0; IO mode=axis:ce=0
Port [ s_axis_video_V_keep_V]:  wired=1; compound=1; hidden=0; nouse=0; global=0; static=0; extern=0; dir=0; type=0; pingpong=0; private_global=0; IO mode=axis:ce=0
Port [ s_axis_video_V_strb_V]:  wired=1; compound=1; hidden=0; nouse=0; global=0; static=0; extern=0; dir=0; type=0; pingpong=0; private_global=0; IO mode=axis:ce=0
Port [ s_axis_video_V_user_V]:  wired=1; compound=1; hidden=0; nouse=0; global=0; static=0; extern=0; dir=0; type=0; pingpong=0; private_global=0; IO mode=axis:ce=0
Port [ s_axis_video_V_last_V]:  wired=1; compound=1; hidden=0; nouse=0; global=0; static=0; extern=0; dir=0; type=0; pingpong=0; private_global=0; IO mode=axis:ce=0
Port [ s_axis_video_V_id_V]:  wired=1; compound=1; hidden=0; nouse=0; global=0; static=0; extern=0; dir=0; type=0; pingpong=0; private_global=0; IO mode=axis:ce=0
Port [ s_axis_video_V_dest_V]:  wired=1; compound=1; hidden=0; nouse=0; global=0; static=0; extern=0; dir=0; type=0; pingpong=0; private_global=0; IO mode=axis:ce=0
Port [ mm_video]:  wired=1; compound=1; hidden=0; nouse=0; global=0; static=0; extern=0; dir=1; type=4; pingpong=0; private_global=0; IO mode=m_axi:ce=0
Port [ HwReg_frm_buffer]:  wired=1; compound=0; hidden=0; nouse=0; global=0; static=0; extern=0; dir=0; type=0; pingpong=0; private_global=0; IO mode=ap_none:ce=0
Port [ p_read]:  wired=1; compound=0; hidden=0; nouse=0; global=0; static=0; extern=0; dir=0; type=0; pingpong=0; private_global=0; IO mode=ap_none:ce=0
Port [ p_read1]:  wired=1; compound=0; hidden=0; nouse=0; global=0; static=0; extern=0; dir=0; type=0; pingpong=0; private_global=0; IO mode=ap_none:ce=0
Port [ p_read2]:  wired=1; compound=0; hidden=0; nouse=0; global=0; static=0; extern=0; dir=0; type=0; pingpong=0; private_global=0; IO mode=ap_none:ce=0
Port [ p_read3]:  wired=1; compound=0; hidden=0; nouse=0; global=0; static=0; extern=0; dir=0; type=0; pingpong=0; private_global=0; IO mode=ap_none:ce=0
Port [ p_read14]:  wired=1; compound=0; hidden=0; nouse=0; global=0; static=0; extern=0; dir=0; type=0; pingpong=0; private_global=0; IO mode=ap_none:ce=0
Port [ p_read25]:  wired=1; compound=0; hidden=0; nouse=0; global=0; static=0; extern=0; dir=0; type=0; pingpong=0; private_global=0; IO mode=ap_none:ce=0
---------------- STG Properties END ------------------

---------------- Datapath Model BEGIN ----------------

<LifeTime>
<method=bitvector/>
p_read_6                 (read                ) [ 0010000]
p_read26                 (read                ) [ 0010000]
p_read15                 (read                ) [ 0010000]
video_format_c           (alloca              ) [ 0011111]
stride_c                 (alloca              ) [ 0011111]
height_c10               (alloca              ) [ 0111111]
height_c                 (alloca              ) [ 0011111]
WidthInBytes_c9          (alloca              ) [ 0011111]
WidthInBytes_c           (alloca              ) [ 0011111]
HwReg_frm_buffer_c       (alloca              ) [ 0011111]
img                      (alloca              ) [ 0111111]
bytePlanes               (alloca              ) [ 0011111]
p_read_4                 (read                ) [ 0000000]
p_read_5                 (read                ) [ 0000000]
p_read_7                 (read                ) [ 0000000]
HwReg_frm_buffer_read    (read                ) [ 0000000]
call_ln0                 (call                ) [ 0000000]
call_ln57                (call                ) [ 0000000]
call_ln60                (call                ) [ 0000000]
specstablecontent_ln0    (specstablecontent   ) [ 0000000]
empty                    (specchannel         ) [ 0000000]
specinterface_ln0        (specinterface       ) [ 0000000]
empty_95                 (specchannel         ) [ 0000000]
specinterface_ln0        (specinterface       ) [ 0000000]
empty_96                 (specchannel         ) [ 0000000]
specinterface_ln0        (specinterface       ) [ 0000000]
empty_97                 (specchannel         ) [ 0000000]
specinterface_ln0        (specinterface       ) [ 0000000]
empty_98                 (specchannel         ) [ 0000000]
specinterface_ln0        (specinterface       ) [ 0000000]
empty_99                 (specchannel         ) [ 0000000]
specinterface_ln0        (specinterface       ) [ 0000000]
empty_100                (specchannel         ) [ 0000000]
specinterface_ln0        (specinterface       ) [ 0000000]
specdataflowpipeline_ln0 (specdataflowpipeline) [ 0000000]
specaxissidechannel_ln0  (specaxissidechannel ) [ 0000000]
specinterface_ln0        (specinterface       ) [ 0000000]
specinterface_ln0        (specinterface       ) [ 0000000]
empty_101                (specchannel         ) [ 0000000]
specinterface_ln0        (specinterface       ) [ 0000000]
empty_102                (specchannel         ) [ 0000000]
specmemcore_ln51         (specmemcore         ) [ 0000000]
specinterface_ln0        (specinterface       ) [ 0000000]
call_ln63                (call                ) [ 0000000]
ret_ln65                 (ret                 ) [ 0000000]
</LifeTime>

<model>

<comp_list>
<comp id="0" class="1000" name="s_axis_video_V_data_V">
<pin_list>
<pin id="1" dir="1" index="0" bw="1" slack="0"/>
</pin_list>
<bind>
<StgValue><ssdm name="s_axis_video_V_data_V"/></StgValue>
</bind>
</comp>

<comp id="2" class="1000" name="s_axis_video_V_keep_V">
<pin_list>
<pin id="3" dir="1" index="0" bw="1" slack="0"/>
</pin_list>
<bind>
<StgValue><ssdm name="s_axis_video_V_keep_V"/></StgValue>
</bind>
</comp>

<comp id="4" class="1000" name="s_axis_video_V_strb_V">
<pin_list>
<pin id="5" dir="1" index="0" bw="1" slack="0"/>
</pin_list>
<bind>
<StgValue><ssdm name="s_axis_video_V_strb_V"/></StgValue>
</bind>
</comp>

<comp id="6" class="1000" name="s_axis_video_V_user_V">
<pin_list>
<pin id="7" dir="1" index="0" bw="1" slack="0"/>
</pin_list>
<bind>
<StgValue><ssdm name="s_axis_video_V_user_V"/></StgValue>
</bind>
</comp>

<comp id="8" class="1000" name="s_axis_video_V_last_V">
<pin_list>
<pin id="9" dir="1" index="0" bw="1" slack="0"/>
</pin_list>
<bind>
<StgValue><ssdm name="s_axis_video_V_last_V"/></StgValue>
</bind>
</comp>

<comp id="10" class="1000" name="s_axis_video_V_id_V">
<pin_list>
<pin id="11" dir="1" index="0" bw="1" slack="0"/>
</pin_list>
<bind>
<StgValue><ssdm name="s_axis_video_V_id_V"/></StgValue>
</bind>
</comp>

<comp id="12" class="1000" name="s_axis_video_V_dest_V">
<pin_list>
<pin id="13" dir="1" index="0" bw="1" slack="0"/>
</pin_list>
<bind>
<StgValue><ssdm name="s_axis_video_V_dest_V"/></StgValue>
</bind>
</comp>

<comp id="14" class="1000" name="mm_video">
<pin_list>
<pin id="15" dir="1" index="0" bw="1" slack="0"/>
</pin_list>
<bind>
<StgValue><ssdm name="mm_video"/></StgValue>
</bind>
</comp>

<comp id="16" class="1000" name="HwReg_frm_buffer">
<pin_list>
<pin id="17" dir="1" index="0" bw="1" slack="0"/>
</pin_list>
<bind>
<StgValue><ssdm name="HwReg_frm_buffer"/></StgValue>
</bind>
</comp>

<comp id="18" class="1000" name="p_read">
<pin_list>
<pin id="19" dir="1" index="0" bw="1" slack="0"/>
</pin_list>
<bind>
<StgValue><ssdm name="p_read"/></StgValue>
</bind>
</comp>

<comp id="20" class="1000" name="p_read1">
<pin_list>
<pin id="21" dir="1" index="0" bw="1" slack="0"/>
</pin_list>
<bind>
<StgValue><ssdm name="p_read1"/></StgValue>
</bind>
</comp>

<comp id="22" class="1000" name="p_read2">
<pin_list>
<pin id="23" dir="1" index="0" bw="1" slack="0"/>
</pin_list>
<bind>
<StgValue><ssdm name="p_read2"/></StgValue>
</bind>
</comp>

<comp id="24" class="1000" name="p_read3">
<pin_list>
<pin id="25" dir="1" index="0" bw="1" slack="0"/>
</pin_list>
<bind>
<StgValue><ssdm name="p_read3"/></StgValue>
</bind>
</comp>

<comp id="26" class="1000" name="p_read14">
<pin_list>
<pin id="27" dir="1" index="0" bw="1" slack="0"/>
</pin_list>
<bind>
<StgValue><ssdm name="p_read14"/></StgValue>
</bind>
</comp>

<comp id="28" class="1000" name="p_read25">
<pin_list>
<pin id="29" dir="1" index="0" bw="1" slack="0"/>
</pin_list>
<bind>
<StgValue><ssdm name="p_read25"/></StgValue>
</bind>
</comp>

<comp id="30" class="1001" name="const_30">
<pin_list>
<pin id="31" dir="1" index="0" bw="1" slack="0"/>
</pin_list>
<bind>
<StgValue><ssdm name="_ssdm_op_Read.ap_auto.i12"/></StgValue>
</bind>
</comp>

<comp id="32" class="1001" name="const_32">
<pin_list>
<pin id="33" dir="1" index="0" bw="1" slack="0"/>
</pin_list>
<bind>
<StgValue><ssdm name="_ssdm_op_Read.ap_auto.i13"/></StgValue>
</bind>
</comp>

<comp id="34" class="1001" name="const_34">
<pin_list>
<pin id="35" dir="1" index="0" bw="1" slack="0"/>
</pin_list>
<bind>
<StgValue><ssdm name="_ssdm_op_Read.ap_auto.i3"/></StgValue>
</bind>
</comp>

<comp id="36" class="1001" name="const_36">
<pin_list>
<pin id="37" dir="1" index="0" bw="1" slack="0"/>
</pin_list>
<bind>
<StgValue><ssdm name=""/></StgValue>
</bind>
</comp>

<comp id="38" class="1001" name="const_38">
<pin_list>
<pin id="39" dir="1" index="0" bw="1" slack="0"/>
</pin_list>
<bind>
<StgValue><ssdm name="AXIvideo2MultiPixStream"/></StgValue>
</bind>
</comp>

<comp id="40" class="1001" name="const_40">
<pin_list>
<pin id="41" dir="1" index="0" bw="1" slack="0"/>
</pin_list>
<bind>
<StgValue><ssdm name="_ssdm_op_Read.ap_auto.i6"/></StgValue>
</bind>
</comp>

<comp id="42" class="1001" name="const_42">
<pin_list>
<pin id="43" dir="1" index="0" bw="1" slack="0"/>
</pin_list>
<bind>
<StgValue><ssdm name="_ssdm_op_Read.ap_auto.i16"/></StgValue>
</bind>
</comp>

<comp id="44" class="1001" name="const_44">
<pin_list>
<pin id="45" dir="1" index="0" bw="1" slack="0"/>
</pin_list>
<bind>
<StgValue><ssdm name="_ssdm_op_Read.ap_auto.i15"/></StgValue>
</bind>
</comp>

<comp id="46" class="1001" name="const_46">
<pin_list>
<pin id="47" dir="1" index="0" bw="1" slack="0"/>
</pin_list>
<bind>
<StgValue><ssdm name="_ssdm_op_Read.ap_auto.i32"/></StgValue>
</bind>
</comp>

<comp id="48" class="1001" name="const_48">
<pin_list>
<pin id="49" dir="1" index="0" bw="1" slack="0"/>
</pin_list>
<bind>
<StgValue><ssdm name="entry_proc"/></StgValue>
</bind>
</comp>

<comp id="50" class="1001" name="const_50">
<pin_list>
<pin id="51" dir="1" index="0" bw="1" slack="0"/>
</pin_list>
<bind>
<StgValue><ssdm name="MultiPixStream2Bytes"/></StgValue>
</bind>
</comp>

<comp id="52" class="1001" name="const_52">
<pin_list>
<pin id="53" dir="1" index="0" bw="1" slack="0"/>
</pin_list>
<bind>
<StgValue><ssdm name="Bytes2AXIMMvideo"/></StgValue>
</bind>
</comp>

<comp id="54" class="1001" name="const_54">
<pin_list>
<pin id="55" dir="1" index="0" bw="1" slack="2147483647"/>
</pin_list>
<bind>
<StgValue><ssdm name="_ssdm_op_SpecStableContent"/></StgValue>
</bind>
</comp>

<comp id="56" class="1001" name="const_56">
<pin_list>
<pin id="57" dir="1" index="0" bw="1" slack="2147483647"/>
</pin_list>
<bind>
<StgValue><ssdm name=""/></StgValue>
</bind>
</comp>

<comp id="58" class="1001" name="const_58">
<pin_list>
<pin id="59" dir="1" index="0" bw="1" slack="2147483647"/>
</pin_list>
<bind>
<StgValue><ssdm name="_ssdm_op_SpecChannel"/></StgValue>
</bind>
</comp>

<comp id="60" class="1001" name="const_60">
<pin_list>
<pin id="61" dir="1" index="0" bw="1" slack="2147483647"/>
</pin_list>
<bind>
<StgValue><ssdm name="video_format_c_str"/></StgValue>
</bind>
</comp>

<comp id="62" class="1001" name="const_62">
<pin_list>
<pin id="63" dir="1" index="0" bw="1" slack="2147483647"/>
</pin_list>
<bind>
<StgValue><ssdm name="p_str"/></StgValue>
</bind>
</comp>

<comp id="64" class="1001" name="const_64">
<pin_list>
<pin id="65" dir="1" index="0" bw="1" slack="2147483647"/>
</pin_list>
<bind>
<StgValue><ssdm name=""/></StgValue>
</bind>
</comp>

<comp id="66" class="1001" name="const_66">
<pin_list>
<pin id="67" dir="1" index="0" bw="1" slack="2147483647"/>
</pin_list>
<bind>
<StgValue><ssdm name=""/></StgValue>
</bind>
</comp>

<comp id="68" class="1001" name="const_68">
<pin_list>
<pin id="69" dir="1" index="0" bw="1" slack="2147483647"/>
</pin_list>
<bind>
<StgValue><ssdm name="_ssdm_op_SpecInterface"/></StgValue>
</bind>
</comp>

<comp id="70" class="1001" name="const_70">
<pin_list>
<pin id="71" dir="1" index="0" bw="1" slack="2147483647"/>
</pin_list>
<bind>
<StgValue><ssdm name="ap_fifo_str"/></StgValue>
</bind>
</comp>

<comp id="72" class="1001" name="const_72">
<pin_list>
<pin id="73" dir="1" index="0" bw="1" slack="2147483647"/>
</pin_list>
<bind>
<StgValue><ssdm name=""/></StgValue>
</bind>
</comp>

<comp id="74" class="1001" name="const_74">
<pin_list>
<pin id="75" dir="1" index="0" bw="1" slack="2147483647"/>
</pin_list>
<bind>
<StgValue><ssdm name=""/></StgValue>
</bind>
</comp>

<comp id="76" class="1001" name="const_76">
<pin_list>
<pin id="77" dir="1" index="0" bw="1" slack="2147483647"/>
</pin_list>
<bind>
<StgValue><ssdm name=""/></StgValue>
</bind>
</comp>

<comp id="78" class="1001" name="const_78">
<pin_list>
<pin id="79" dir="1" index="0" bw="1" slack="2147483647"/>
</pin_list>
<bind>
<StgValue><ssdm name="stride_c_str"/></StgValue>
</bind>
</comp>

<comp id="80" class="1001" name="const_80">
<pin_list>
<pin id="81" dir="1" index="0" bw="1" slack="2147483647"/>
</pin_list>
<bind>
<StgValue><ssdm name=""/></StgValue>
</bind>
</comp>

<comp id="82" class="1001" name="const_82">
<pin_list>
<pin id="83" dir="1" index="0" bw="1" slack="2147483647"/>
</pin_list>
<bind>
<StgValue><ssdm name="height_c10_str"/></StgValue>
</bind>
</comp>

<comp id="84" class="1001" name="const_84">
<pin_list>
<pin id="85" dir="1" index="0" bw="1" slack="2147483647"/>
</pin_list>
<bind>
<StgValue><ssdm name="height_c_str"/></StgValue>
</bind>
</comp>

<comp id="86" class="1001" name="const_86">
<pin_list>
<pin id="87" dir="1" index="0" bw="1" slack="2147483647"/>
</pin_list>
<bind>
<StgValue><ssdm name="WidthInBytes_c9_str"/></StgValue>
</bind>
</comp>

<comp id="88" class="1001" name="const_88">
<pin_list>
<pin id="89" dir="1" index="0" bw="1" slack="2147483647"/>
</pin_list>
<bind>
<StgValue><ssdm name="WidthInBytes_c_str"/></StgValue>
</bind>
</comp>

<comp id="90" class="1001" name="const_90">
<pin_list>
<pin id="91" dir="1" index="0" bw="1" slack="2147483647"/>
</pin_list>
<bind>
<StgValue><ssdm name="HwReg_frm_buffer_c_str"/></StgValue>
</bind>
</comp>

<comp id="92" class="1001" name="const_92">
<pin_list>
<pin id="93" dir="1" index="0" bw="1" slack="2147483647"/>
</pin_list>
<bind>
<StgValue><ssdm name="_ssdm_op_SpecDataflowPipeline"/></StgValue>
</bind>
</comp>

<comp id="94" class="1001" name="const_94">
<pin_list>
<pin id="95" dir="1" index="0" bw="1" slack="2147483647"/>
</pin_list>
<bind>
<StgValue><ssdm name="empty_14"/></StgValue>
</bind>
</comp>

<comp id="96" class="1001" name="const_96">
<pin_list>
<pin id="97" dir="1" index="0" bw="1" slack="2147483647"/>
</pin_list>
<bind>
<StgValue><ssdm name="_ssdm_op_SpecAXISSideChannel"/></StgValue>
</bind>
</comp>

<comp id="98" class="1001" name="const_98">
<pin_list>
<pin id="99" dir="1" index="0" bw="1" slack="2147483647"/>
</pin_list>
<bind>
<StgValue><ssdm name="empty_2"/></StgValue>
</bind>
</comp>

<comp id="100" class="1001" name="const_100">
<pin_list>
<pin id="101" dir="1" index="0" bw="1" slack="2147483647"/>
</pin_list>
<bind>
<StgValue><ssdm name="empty_0"/></StgValue>
</bind>
</comp>

<comp id="102" class="1001" name="const_102">
<pin_list>
<pin id="103" dir="1" index="0" bw="1" slack="2147483647"/>
</pin_list>
<bind>
<StgValue><ssdm name="empty_1"/></StgValue>
</bind>
</comp>

<comp id="104" class="1001" name="const_104">
<pin_list>
<pin id="105" dir="1" index="0" bw="1" slack="2147483647"/>
</pin_list>
<bind>
<StgValue><ssdm name="empty_13"/></StgValue>
</bind>
</comp>

<comp id="106" class="1001" name="const_106">
<pin_list>
<pin id="107" dir="1" index="0" bw="1" slack="2147483647"/>
</pin_list>
<bind>
<StgValue><ssdm name=""/></StgValue>
</bind>
</comp>

<comp id="108" class="1001" name="const_108">
<pin_list>
<pin id="109" dir="1" index="0" bw="1" slack="2147483647"/>
</pin_list>
<bind>
<StgValue><ssdm name=""/></StgValue>
</bind>
</comp>

<comp id="110" class="1001" name="const_110">
<pin_list>
<pin id="111" dir="1" index="0" bw="1" slack="2147483647"/>
</pin_list>
<bind>
<StgValue><ssdm name="empty_15"/></StgValue>
</bind>
</comp>

<comp id="112" class="1001" name="const_112">
<pin_list>
<pin id="113" dir="1" index="0" bw="1" slack="2147483647"/>
</pin_list>
<bind>
<StgValue><ssdm name="empty_11"/></StgValue>
</bind>
</comp>

<comp id="114" class="1001" name="const_114">
<pin_list>
<pin id="115" dir="1" index="0" bw="1" slack="2147483647"/>
</pin_list>
<bind>
<StgValue><ssdm name="img_str"/></StgValue>
</bind>
</comp>

<comp id="116" class="1001" name="const_116">
<pin_list>
<pin id="117" dir="1" index="0" bw="1" slack="2147483647"/>
</pin_list>
<bind>
<StgValue><ssdm name="empty_3"/></StgValue>
</bind>
</comp>

<comp id="118" class="1001" name="const_118">
<pin_list>
<pin id="119" dir="1" index="0" bw="1" slack="2147483647"/>
</pin_list>
<bind>
<StgValue><ssdm name="bytePlanes_str"/></StgValue>
</bind>
</comp>

<comp id="120" class="1001" name="const_120">
<pin_list>
<pin id="121" dir="1" index="0" bw="1" slack="2147483647"/>
</pin_list>
<bind>
<StgValue><ssdm name=""/></StgValue>
</bind>
</comp>

<comp id="122" class="1001" name="const_122">
<pin_list>
<pin id="123" dir="1" index="0" bw="1" slack="2147483647"/>
</pin_list>
<bind>
<StgValue><ssdm name="_ssdm_op_SpecMemCore"/></StgValue>
</bind>
</comp>

<comp id="124" class="1001" name="const_124">
<pin_list>
<pin id="125" dir="1" index="0" bw="1" slack="2147483647"/>
</pin_list>
<bind>
<StgValue><ssdm name=""/></StgValue>
</bind>
</comp>

<comp id="126" class="1001" name="const_126">
<pin_list>
<pin id="127" dir="1" index="0" bw="1" slack="2147483647"/>
</pin_list>
<bind>
<StgValue><ssdm name=""/></StgValue>
</bind>
</comp>

<comp id="128" class="1001" name="const_128">
<pin_list>
<pin id="129" dir="1" index="0" bw="1" slack="2147483647"/>
</pin_list>
<bind>
<StgValue><ssdm name=""/></StgValue>
</bind>
</comp>

<comp id="130" class="1004" name="video_format_c_fu_130">
<pin_list>
<pin id="131" dir="0" index="0" bw="1" slack="0"/>
<pin id="132" dir="1" index="1" bw="6" slack="1"/>
</pin_list>
<bind>
<opcode="alloca(26) " fcode="alloca"/>
<opset="video_format_c/1 "/>
</bind>
</comp>

<comp id="134" class="1004" name="stride_c_fu_134">
<pin_list>
<pin id="135" dir="0" index="0" bw="1" slack="0"/>
<pin id="136" dir="1" index="1" bw="16" slack="1"/>
</pin_list>
<bind>
<opcode="alloca(26) " fcode="alloca"/>
<opset="stride_c/1 "/>
</bind>
</comp>

<comp id="138" class="1004" name="height_c10_fu_138">
<pin_list>
<pin id="139" dir="0" index="0" bw="1" slack="0"/>
<pin id="140" dir="1" index="1" bw="12" slack="0"/>
</pin_list>
<bind>
<opcode="alloca(26) " fcode="alloca"/>
<opset="height_c10/1 "/>
</bind>
</comp>

<comp id="142" class="1004" name="height_c_fu_142">
<pin_list>
<pin id="143" dir="0" index="0" bw="1" slack="0"/>
<pin id="144" dir="1" index="1" bw="12" slack="2"/>
</pin_list>
<bind>
<opcode="alloca(26) " fcode="alloca"/>
<opset="height_c/1 "/>
</bind>
</comp>

<comp id="146" class="1004" name="WidthInBytes_c9_fu_146">
<pin_list>
<pin id="147" dir="0" index="0" bw="1" slack="0"/>
<pin id="148" dir="1" index="1" bw="15" slack="1"/>
</pin_list>
<bind>
<opcode="alloca(26) " fcode="alloca"/>
<opset="WidthInBytes_c9/1 "/>
</bind>
</comp>

<comp id="150" class="1004" name="WidthInBytes_c_fu_150">
<pin_list>
<pin id="151" dir="0" index="0" bw="1" slack="0"/>
<pin id="152" dir="1" index="1" bw="15" slack="2"/>
</pin_list>
<bind>
<opcode="alloca(26) " fcode="alloca"/>
<opset="WidthInBytes_c/1 "/>
</bind>
</comp>

<comp id="154" class="1004" name="HwReg_frm_buffer_c_fu_154">
<pin_list>
<pin id="155" dir="0" index="0" bw="1" slack="0"/>
<pin id="156" dir="1" index="1" bw="32" slack="1"/>
</pin_list>
<bind>
<opcode="alloca(26) " fcode="alloca"/>
<opset="HwReg_frm_buffer_c/1 "/>
</bind>
</comp>

<comp id="158" class="1004" name="img_fu_158">
<pin_list>
<pin id="159" dir="0" index="0" bw="1" slack="0"/>
<pin id="160" dir="1" index="1" bw="24" slack="0"/>
</pin_list>
<bind>
<opcode="alloca(26) " fcode="alloca"/>
<opset="img/1 "/>
</bind>
</comp>

<comp id="162" class="1004" name="bytePlanes_fu_162">
<pin_list>
<pin id="163" dir="0" index="0" bw="1" slack="0"/>
<pin id="164" dir="1" index="1" bw="64" slack="2"/>
</pin_list>
<bind>
<opcode="alloca(26) " fcode="alloca"/>
<opset="bytePlanes/1 "/>
</bind>
</comp>

<comp id="166" class="1004" name="p_read_6_read_fu_166">
<pin_list>
<pin id="167" dir="0" index="0" bw="12" slack="0"/>
<pin id="168" dir="0" index="1" bw="12" slack="0"/>
<pin id="169" dir="1" index="2" bw="12" slack="0"/>
</pin_list>
<bind>
<opcode="read(1150) " fcode="read"/>
<opset="p_read_6/1 "/>
</bind>
</comp>

<comp id="172" class="1004" name="p_read26_read_fu_172">
<pin_list>
<pin id="173" dir="0" index="0" bw="13" slack="0"/>
<pin id="174" dir="0" index="1" bw="13" slack="0"/>
<pin id="175" dir="1" index="2" bw="13" slack="0"/>
</pin_list>
<bind>
<opcode="read(1150) " fcode="read"/>
<opset="p_read26/1 "/>
</bind>
</comp>

<comp id="178" class="1004" name="p_read15_read_fu_178">
<pin_list>
<pin id="179" dir="0" index="0" bw="3" slack="0"/>
<pin id="180" dir="0" index="1" bw="3" slack="0"/>
<pin id="181" dir="1" index="2" bw="3" slack="0"/>
</pin_list>
<bind>
<opcode="read(1150) " fcode="read"/>
<opset="p_read15/1 "/>
</bind>
</comp>

<comp id="184" class="1004" name="p_read_4_read_fu_184">
<pin_list>
<pin id="185" dir="0" index="0" bw="6" slack="0"/>
<pin id="186" dir="0" index="1" bw="6" slack="0"/>
<pin id="187" dir="1" index="2" bw="6" slack="0"/>
</pin_list>
<bind>
<opcode="read(1150) " fcode="read"/>
<opset="p_read_4/2 "/>
</bind>
</comp>

<comp id="190" class="1004" name="p_read_5_read_fu_190">
<pin_list>
<pin id="191" dir="0" index="0" bw="16" slack="0"/>
<pin id="192" dir="0" index="1" bw="16" slack="0"/>
<pin id="193" dir="1" index="2" bw="16" slack="0"/>
</pin_list>
<bind>
<opcode="read(1150) " fcode="read"/>
<opset="p_read_5/2 "/>
</bind>
</comp>

<comp id="196" class="1004" name="p_read_7_read_fu_196">
<pin_list>
<pin id="197" dir="0" index="0" bw="15" slack="0"/>
<pin id="198" dir="0" index="1" bw="15" slack="0"/>
<pin id="199" dir="1" index="2" bw="15" slack="0"/>
</pin_list>
<bind>
<opcode="read(1150) " fcode="read"/>
<opset="p_read_7/2 "/>
</bind>
</comp>

<comp id="202" class="1004" name="HwReg_frm_buffer_read_read_fu_202">
<pin_list>
<pin id="203" dir="0" index="0" bw="32" slack="0"/>
<pin id="204" dir="0" index="1" bw="32" slack="0"/>
<pin id="205" dir="1" index="2" bw="32" slack="0"/>
</pin_list>
<bind>
<opcode="read(1150) " fcode="read"/>
<opset="HwReg_frm_buffer_read/2 "/>
</bind>
</comp>

<comp id="208" class="1004" name="grp_AXIvideo2MultiPixStream_fu_208">
<pin_list>
<pin id="209" dir="0" index="0" bw="0" slack="0"/>
<pin id="210" dir="0" index="1" bw="24" slack="0"/>
<pin id="211" dir="0" index="2" bw="3" slack="0"/>
<pin id="212" dir="0" index="3" bw="3" slack="0"/>
<pin id="213" dir="0" index="4" bw="1" slack="0"/>
<pin id="214" dir="0" index="5" bw="1" slack="0"/>
<pin id="215" dir="0" index="6" bw="1" slack="0"/>
<pin id="216" dir="0" index="7" bw="1" slack="0"/>
<pin id="217" dir="0" index="8" bw="24" slack="0"/>
<pin id="218" dir="0" index="9" bw="12" slack="0"/>
<pin id="219" dir="0" index="10" bw="13" slack="0"/>
<pin id="220" dir="0" index="11" bw="3" slack="0"/>
<pin id="221" dir="0" index="12" bw="12" slack="0"/>
<pin id="222" dir="1" index="13" bw="0" slack="2147483647"/>
</pin_list>
<bind>
<opcode="call(48) " fcode="call"/>
<opset="call_ln57/1 "/>
</bind>
</comp>

<comp id="234" class="1004" name="call_ln0_entry_proc_fu_234">
<pin_list>
<pin id="235" dir="0" index="0" bw="0" slack="0"/>
<pin id="236" dir="0" index="1" bw="32" slack="0"/>
<pin id="237" dir="0" index="2" bw="32" slack="1"/>
<pin id="238" dir="0" index="3" bw="15" slack="0"/>
<pin id="239" dir="0" index="4" bw="15" slack="1"/>
<pin id="240" dir="0" index="5" bw="16" slack="0"/>
<pin id="241" dir="0" index="6" bw="16" slack="1"/>
<pin id="242" dir="0" index="7" bw="6" slack="0"/>
<pin id="243" dir="0" index="8" bw="6" slack="1"/>
<pin id="244" dir="1" index="9" bw="0" slack="2147483647"/>
</pin_list>
<bind>
<opcode="call(48) " fcode="call"/>
<opset="call_ln0/2 "/>
</bind>
</comp>

<comp id="250" class="1004" name="grp_MultiPixStream2Bytes_fu_250">
<pin_list>
<pin id="251" dir="0" index="0" bw="0" slack="0"/>
<pin id="252" dir="0" index="1" bw="24" slack="2"/>
<pin id="253" dir="0" index="2" bw="64" slack="2"/>
<pin id="254" dir="0" index="3" bw="12" slack="2"/>
<pin id="255" dir="0" index="4" bw="15" slack="2"/>
<pin id="256" dir="0" index="5" bw="6" slack="2"/>
<pin id="257" dir="0" index="6" bw="15" slack="2"/>
<pin id="258" dir="0" index="7" bw="12" slack="2"/>
<pin id="259" dir="1" index="8" bw="0" slack="2147483647"/>
</pin_list>
<bind>
<opcode="call(48) " fcode="call"/>
<opset="call_ln60/3 "/>
</bind>
</comp>

<comp id="261" class="1004" name="grp_Bytes2AXIMMvideo_fu_261">
<pin_list>
<pin id="262" dir="0" index="0" bw="0" slack="0"/>
<pin id="263" dir="0" index="1" bw="64" slack="4"/>
<pin id="264" dir="0" index="2" bw="64" slack="0"/>
<pin id="265" dir="0" index="3" bw="32" slack="4"/>
<pin id="266" dir="0" index="4" bw="12" slack="4"/>
<pin id="267" dir="0" index="5" bw="15" slack="4"/>
<pin id="268" dir="0" index="6" bw="16" slack="4"/>
<pin id="269" dir="1" index="7" bw="0" slack="2147483647"/>
</pin_list>
<bind>
<opcode="call(48) " fcode="call"/>
<opset="call_ln63/5 "/>
</bind>
</comp>

<comp id="272" class="1005" name="p_read_6_reg_272">
<pin_list>
<pin id="273" dir="0" index="0" bw="12" slack="1"/>
<pin id="274" dir="1" index="1" bw="12" slack="1"/>
</pin_list>
<bind>
<opset="p_read_6 "/>
</bind>
</comp>

<comp id="277" class="1005" name="p_read26_reg_277">
<pin_list>
<pin id="278" dir="0" index="0" bw="13" slack="1"/>
<pin id="279" dir="1" index="1" bw="13" slack="1"/>
</pin_list>
<bind>
<opset="p_read26 "/>
</bind>
</comp>

<comp id="282" class="1005" name="p_read15_reg_282">
<pin_list>
<pin id="283" dir="0" index="0" bw="3" slack="1"/>
<pin id="284" dir="1" index="1" bw="3" slack="1"/>
</pin_list>
<bind>
<opset="p_read15 "/>
</bind>
</comp>

<comp id="287" class="1005" name="video_format_c_reg_287">
<pin_list>
<pin id="288" dir="0" index="0" bw="6" slack="1"/>
<pin id="289" dir="1" index="1" bw="6" slack="1"/>
</pin_list>
<bind>
<opset="video_format_c "/>
</bind>
</comp>

<comp id="293" class="1005" name="stride_c_reg_293">
<pin_list>
<pin id="294" dir="0" index="0" bw="16" slack="1"/>
<pin id="295" dir="1" index="1" bw="16" slack="1"/>
</pin_list>
<bind>
<opset="stride_c "/>
</bind>
</comp>

<comp id="299" class="1005" name="height_c10_reg_299">
<pin_list>
<pin id="300" dir="0" index="0" bw="12" slack="0"/>
<pin id="301" dir="1" index="1" bw="12" slack="0"/>
</pin_list>
<bind>
<opset="height_c10 "/>
</bind>
</comp>

<comp id="305" class="1005" name="height_c_reg_305">
<pin_list>
<pin id="306" dir="0" index="0" bw="12" slack="2"/>
<pin id="307" dir="1" index="1" bw="12" slack="2"/>
</pin_list>
<bind>
<opset="height_c "/>
</bind>
</comp>

<comp id="311" class="1005" name="WidthInBytes_c9_reg_311">
<pin_list>
<pin id="312" dir="0" index="0" bw="15" slack="1"/>
<pin id="313" dir="1" index="1" bw="15" slack="1"/>
</pin_list>
<bind>
<opset="WidthInBytes_c9 "/>
</bind>
</comp>

<comp id="317" class="1005" name="WidthInBytes_c_reg_317">
<pin_list>
<pin id="318" dir="0" index="0" bw="15" slack="2"/>
<pin id="319" dir="1" index="1" bw="15" slack="2"/>
</pin_list>
<bind>
<opset="WidthInBytes_c "/>
</bind>
</comp>

<comp id="323" class="1005" name="HwReg_frm_buffer_c_reg_323">
<pin_list>
<pin id="324" dir="0" index="0" bw="32" slack="1"/>
<pin id="325" dir="1" index="1" bw="32" slack="1"/>
</pin_list>
<bind>
<opset="HwReg_frm_buffer_c "/>
</bind>
</comp>

<comp id="329" class="1005" name="img_reg_329">
<pin_list>
<pin id="330" dir="0" index="0" bw="24" slack="0"/>
<pin id="331" dir="1" index="1" bw="24" slack="0"/>
</pin_list>
<bind>
<opset="img "/>
</bind>
</comp>

<comp id="335" class="1005" name="bytePlanes_reg_335">
<pin_list>
<pin id="336" dir="0" index="0" bw="64" slack="2"/>
<pin id="337" dir="1" index="1" bw="64" slack="2"/>
</pin_list>
<bind>
<opset="bytePlanes "/>
</bind>
</comp>

</comp_list>

<net_list>
<net id="133"><net_src comp="36" pin="0"/><net_sink comp="130" pin=0"/></net>

<net id="137"><net_src comp="36" pin="0"/><net_sink comp="134" pin=0"/></net>

<net id="141"><net_src comp="36" pin="0"/><net_sink comp="138" pin=0"/></net>

<net id="145"><net_src comp="36" pin="0"/><net_sink comp="142" pin=0"/></net>

<net id="149"><net_src comp="36" pin="0"/><net_sink comp="146" pin=0"/></net>

<net id="153"><net_src comp="36" pin="0"/><net_sink comp="150" pin=0"/></net>

<net id="157"><net_src comp="36" pin="0"/><net_sink comp="154" pin=0"/></net>

<net id="161"><net_src comp="36" pin="0"/><net_sink comp="158" pin=0"/></net>

<net id="165"><net_src comp="36" pin="0"/><net_sink comp="162" pin=0"/></net>

<net id="170"><net_src comp="30" pin="0"/><net_sink comp="166" pin=0"/></net>

<net id="171"><net_src comp="24" pin="0"/><net_sink comp="166" pin=1"/></net>

<net id="176"><net_src comp="32" pin="0"/><net_sink comp="172" pin=0"/></net>

<net id="177"><net_src comp="22" pin="0"/><net_sink comp="172" pin=1"/></net>

<net id="182"><net_src comp="34" pin="0"/><net_sink comp="178" pin=0"/></net>

<net id="183"><net_src comp="20" pin="0"/><net_sink comp="178" pin=1"/></net>

<net id="188"><net_src comp="40" pin="0"/><net_sink comp="184" pin=0"/></net>

<net id="189"><net_src comp="28" pin="0"/><net_sink comp="184" pin=1"/></net>

<net id="194"><net_src comp="42" pin="0"/><net_sink comp="190" pin=0"/></net>

<net id="195"><net_src comp="26" pin="0"/><net_sink comp="190" pin=1"/></net>

<net id="200"><net_src comp="44" pin="0"/><net_sink comp="196" pin=0"/></net>

<net id="201"><net_src comp="18" pin="0"/><net_sink comp="196" pin=1"/></net>

<net id="206"><net_src comp="46" pin="0"/><net_sink comp="202" pin=0"/></net>

<net id="207"><net_src comp="16" pin="0"/><net_sink comp="202" pin=1"/></net>

<net id="223"><net_src comp="38" pin="0"/><net_sink comp="208" pin=0"/></net>

<net id="224"><net_src comp="0" pin="0"/><net_sink comp="208" pin=1"/></net>

<net id="225"><net_src comp="2" pin="0"/><net_sink comp="208" pin=2"/></net>

<net id="226"><net_src comp="4" pin="0"/><net_sink comp="208" pin=3"/></net>

<net id="227"><net_src comp="6" pin="0"/><net_sink comp="208" pin=4"/></net>

<net id="228"><net_src comp="8" pin="0"/><net_sink comp="208" pin=5"/></net>

<net id="229"><net_src comp="10" pin="0"/><net_sink comp="208" pin=6"/></net>

<net id="230"><net_src comp="12" pin="0"/><net_sink comp="208" pin=7"/></net>

<net id="231"><net_src comp="166" pin="2"/><net_sink comp="208" pin=9"/></net>

<net id="232"><net_src comp="172" pin="2"/><net_sink comp="208" pin=10"/></net>

<net id="233"><net_src comp="178" pin="2"/><net_sink comp="208" pin=11"/></net>

<net id="245"><net_src comp="48" pin="0"/><net_sink comp="234" pin=0"/></net>

<net id="246"><net_src comp="202" pin="2"/><net_sink comp="234" pin=1"/></net>

<net id="247"><net_src comp="196" pin="2"/><net_sink comp="234" pin=3"/></net>

<net id="248"><net_src comp="190" pin="2"/><net_sink comp="234" pin=5"/></net>

<net id="249"><net_src comp="184" pin="2"/><net_sink comp="234" pin=7"/></net>

<net id="260"><net_src comp="50" pin="0"/><net_sink comp="250" pin=0"/></net>

<net id="270"><net_src comp="52" pin="0"/><net_sink comp="261" pin=0"/></net>

<net id="271"><net_src comp="14" pin="0"/><net_sink comp="261" pin=2"/></net>

<net id="275"><net_src comp="166" pin="2"/><net_sink comp="272" pin=0"/></net>

<net id="276"><net_src comp="272" pin="1"/><net_sink comp="208" pin=9"/></net>

<net id="280"><net_src comp="172" pin="2"/><net_sink comp="277" pin=0"/></net>

<net id="281"><net_src comp="277" pin="1"/><net_sink comp="208" pin=10"/></net>

<net id="285"><net_src comp="178" pin="2"/><net_sink comp="282" pin=0"/></net>

<net id="286"><net_src comp="282" pin="1"/><net_sink comp="208" pin=11"/></net>

<net id="290"><net_src comp="130" pin="1"/><net_sink comp="287" pin=0"/></net>

<net id="291"><net_src comp="287" pin="1"/><net_sink comp="234" pin=8"/></net>

<net id="292"><net_src comp="287" pin="1"/><net_sink comp="250" pin=5"/></net>

<net id="296"><net_src comp="134" pin="1"/><net_sink comp="293" pin=0"/></net>

<net id="297"><net_src comp="293" pin="1"/><net_sink comp="234" pin=6"/></net>

<net id="298"><net_src comp="293" pin="1"/><net_sink comp="261" pin=6"/></net>

<net id="302"><net_src comp="138" pin="1"/><net_sink comp="299" pin=0"/></net>

<net id="303"><net_src comp="299" pin="1"/><net_sink comp="208" pin=12"/></net>

<net id="304"><net_src comp="299" pin="1"/><net_sink comp="250" pin=3"/></net>

<net id="308"><net_src comp="142" pin="1"/><net_sink comp="305" pin=0"/></net>

<net id="309"><net_src comp="305" pin="1"/><net_sink comp="250" pin=7"/></net>

<net id="310"><net_src comp="305" pin="1"/><net_sink comp="261" pin=4"/></net>

<net id="314"><net_src comp="146" pin="1"/><net_sink comp="311" pin=0"/></net>

<net id="315"><net_src comp="311" pin="1"/><net_sink comp="234" pin=4"/></net>

<net id="316"><net_src comp="311" pin="1"/><net_sink comp="250" pin=4"/></net>

<net id="320"><net_src comp="150" pin="1"/><net_sink comp="317" pin=0"/></net>

<net id="321"><net_src comp="317" pin="1"/><net_sink comp="250" pin=6"/></net>

<net id="322"><net_src comp="317" pin="1"/><net_sink comp="261" pin=5"/></net>

<net id="326"><net_src comp="154" pin="1"/><net_sink comp="323" pin=0"/></net>

<net id="327"><net_src comp="323" pin="1"/><net_sink comp="234" pin=2"/></net>

<net id="328"><net_src comp="323" pin="1"/><net_sink comp="261" pin=3"/></net>

<net id="332"><net_src comp="158" pin="1"/><net_sink comp="329" pin=0"/></net>

<net id="333"><net_src comp="329" pin="1"/><net_sink comp="208" pin=8"/></net>

<net id="334"><net_src comp="329" pin="1"/><net_sink comp="250" pin=1"/></net>

<net id="338"><net_src comp="162" pin="1"/><net_sink comp="335" pin=0"/></net>

<net id="339"><net_src comp="335" pin="1"/><net_sink comp="250" pin=2"/></net>

<net id="340"><net_src comp="335" pin="1"/><net_sink comp="261" pin=1"/></net>

</net_list>

</model> 
---------------- Datapath Model END ------------------

* FSMD analyzer results:
  - Output states:
	Port: mm_video | {5 6 }
 - Input state : 
	Port: FrmbufWrHlsDataFlow : s_axis_video_V_data_V | {1 2 }
	Port: FrmbufWrHlsDataFlow : s_axis_video_V_keep_V | {1 2 }
	Port: FrmbufWrHlsDataFlow : s_axis_video_V_strb_V | {1 2 }
	Port: FrmbufWrHlsDataFlow : s_axis_video_V_user_V | {1 2 }
	Port: FrmbufWrHlsDataFlow : s_axis_video_V_last_V | {1 2 }
	Port: FrmbufWrHlsDataFlow : s_axis_video_V_id_V | {1 2 }
	Port: FrmbufWrHlsDataFlow : s_axis_video_V_dest_V | {1 2 }
	Port: FrmbufWrHlsDataFlow : HwReg_frm_buffer | {2 }
	Port: FrmbufWrHlsDataFlow : p_read | {2 }
	Port: FrmbufWrHlsDataFlow : p_read1 | {1 }
	Port: FrmbufWrHlsDataFlow : p_read2 | {1 }
	Port: FrmbufWrHlsDataFlow : p_read3 | {1 }
	Port: FrmbufWrHlsDataFlow : p_read14 | {2 }
	Port: FrmbufWrHlsDataFlow : p_read25 | {2 }
  - Chain level:
	State 1
		call_ln57 : 1
	State 2
	State 3
	State 4
	State 5
	State 6


============================================================
+ Verbose Summary: Datapath Resource usage 
============================================================

* Functional unit list:
|----------|------------------------------------|---------|---------|---------|
| Operation|           Functional Unit          |  Delay  |    FF   |   LUT   |
|----------|------------------------------------|---------|---------|---------|
|          | grp_AXIvideo2MultiPixStream_fu_208 |  1.588  |   230   |   112   |
|   call   |     call_ln0_entry_proc_fu_234     |    0    |    0    |    0    |
|          |   grp_MultiPixStream2Bytes_fu_250  |    0    |   227   |   202   |
|          |     grp_Bytes2AXIMMvideo_fu_261    |  3.176  |   418   |   152   |
|----------|------------------------------------|---------|---------|---------|
|          |        p_read_6_read_fu_166        |    0    |    0    |    0    |
|          |        p_read26_read_fu_172        |    0    |    0    |    0    |
|          |        p_read15_read_fu_178        |    0    |    0    |    0    |
|   read   |        p_read_4_read_fu_184        |    0    |    0    |    0    |
|          |        p_read_5_read_fu_190        |    0    |    0    |    0    |
|          |        p_read_7_read_fu_196        |    0    |    0    |    0    |
|          |  HwReg_frm_buffer_read_read_fu_202 |    0    |    0    |    0    |
|----------|------------------------------------|---------|---------|---------|
|   Total  |                                    |  4.764  |   875   |   466   |
|----------|------------------------------------|---------|---------|---------|

Memories:
N/A

* Register list:
+--------------------------+--------+
|                          |   FF   |
+--------------------------+--------+
|HwReg_frm_buffer_c_reg_323|   32   |
|  WidthInBytes_c9_reg_311 |   15   |
|  WidthInBytes_c_reg_317  |   15   |
|    bytePlanes_reg_335    |   64   |
|    height_c10_reg_299    |   12   |
|     height_c_reg_305     |   12   |
|        img_reg_329       |   24   |
|     p_read15_reg_282     |    3   |
|     p_read26_reg_277     |   13   |
|     p_read_6_reg_272     |   12   |
|     stride_c_reg_293     |   16   |
|  video_format_c_reg_287  |    6   |
+--------------------------+--------+
|           Total          |   224  |
+--------------------------+--------+

* Multiplexer (MUX) list: 
|------------------------------------|------|------|------|--------||---------||---------|
|                Comp                |  Pin | Size |  BW  | S x BW ||  Delay  ||   LUT   |
|------------------------------------|------|------|------|--------||---------||---------|
| grp_AXIvideo2MultiPixStream_fu_208 |  p9  |   2  |  12  |   24   ||    9    |
| grp_AXIvideo2MultiPixStream_fu_208 |  p10 |   2  |  13  |   26   ||    9    |
| grp_AXIvideo2MultiPixStream_fu_208 |  p11 |   2  |   3  |    6   ||    9    |
|------------------------------------|------|------|------|--------||---------||---------|
|                Total               |      |      |      |   56   ||  4.764  ||    27   |
|------------------------------------|------|------|------|--------||---------||---------|



* Summary:
+-----------+--------+--------+--------+
|           |  Delay |   FF   |   LUT  |
+-----------+--------+--------+--------+
|  Function |    4   |   875  |   466  |
|   Memory  |    -   |    -   |    -   |
|Multiplexer|    4   |    -   |   27   |
|  Register |    -   |   224  |    -   |
+-----------+--------+--------+--------+
|   Total   |    9   |  1099  |   493  |
+-----------+--------+--------+--------+
