

================================================================
== Vitis HLS Report for 'v_frmbuf_wr'
================================================================
* Date:           Tue Jun 24 20:47:02 2025

* Version:        2023.1 (Build 3854077 on May  4 2023)
* Project:        prj
* Solution:       sol (Vivado IP Flow Target)
* Product family: zynq
* Target device:  xc7z020-clg400-1


================================================================
== Performance Estimates
================================================================
+ Timing: 
    * Summary: 
    +--------+----------+----------+------------+
    |  Clock |  Target  | Estimated| Uncertainty|
    +--------+----------+----------+------------+
    |ap_clk  |  10.00 ns|  7.300 ns|     2.70 ns|
    +--------+----------+----------+------------+

+ Latency: 
    * Summary: 
    +---------+-----------+----------+-----------+-----+-----------+---------+
    |   Latency (cycles)  |  Latency (absolute)  |     Interval    | Pipeline|
    |   min   |    max    |    min   |    max    | min |    max    |   Type  |
    +---------+-----------+----------+-----------+-----+-----------+---------+
    |       16|  283137129|  0.160 us|  2.831 sec|   17|  283137130|       no|
    +---------+-----------+----------+-----------+-----+-----------+---------+

    + Detail: 
        * Instance: 
        +--------------------------------+---------------------+---------+-----------+----------+-----------+-----+-----------+----------+
        |                                |                     |   Latency (cycles)  |  Latency (absolute)  |     Interval    | Pipeline |
        |            Instance            |        Module       |   min   |    max    |    min   |    max    | min |    max    |   Type   |
        +--------------------------------+---------------------+---------+-----------+----------+-----------+-----+-----------+----------+
        |grp_FrmbufWrHlsDataFlow_fu_160  |FrmbufWrHlsDataFlow  |       12|  283137125|  0.120 us|  2.831 sec|    7|  283137123|  dataflow|
        +--------------------------------+---------------------+---------+-----------+----------+-----------+-----+-----------+----------+

        * Loop: 
        N/A

============================================================
+ Verbose Summary: Synthesis Manager
============================================================
InlineROM: 1
ExposeGlobal: 0
============================================================
+ Verbose Summary: CDFG Model
============================================================
IsTopModel: 1
ResetActiveHigh: 1
IsCombinational: 0
IsDatapathOnly: 0
HasWiredReturn: 1
HasMFsm: 0
HasVarLatency: 1
IsPipeline: 0
IsRtlPipelined: 0
IsInstanceOverlapped: 0
IsDontTouch: 0
HasImplIP: 0
IsGatedGlobalClock: 0


============================================================
+ Verbose Summary: Schedule
============================================================
* Number of FSM states : 5
* Pipeline : 0
* Dataflow Pipeline: 0

* FSM state transitions: 
1 --> 2 
2 --> 3 
3 --> 4 
4 --> 5 
5 --> 

* FSM state operations: 

State 1 <SV = 0> <Delay = 3.32>
ST_1 : Operation 6 [1/1] (1.00ns)   --->   "%frm_buffer_read = read i32 @_ssdm_op_Read.s_axilite.i32, i32 %frm_buffer"   --->   Operation 6 'read' 'frm_buffer_read' <Predicate = true> <Delay = 1.00> <CoreInst = "s_axilite">   --->   Core 114 's_axilite' <Latency = 0> <II = 1> <Delay = 1.00> <Adapter> <Opcode : 'read' 'write'>
ST_1 : Operation 7 [1/1] (1.00ns)   --->   "%video_format_read = read i16 @_ssdm_op_Read.s_axilite.i16, i16 %video_format"   --->   Operation 7 'read' 'video_format_read' <Predicate = true> <Delay = 1.00> <CoreInst = "s_axilite">   --->   Core 114 's_axilite' <Latency = 0> <II = 1> <Delay = 1.00> <Adapter> <Opcode : 'read' 'write'>
ST_1 : Operation 8 [1/1] (1.00ns)   --->   "%stride_read = read i16 @_ssdm_op_Read.s_axilite.i16, i16 %stride"   --->   Operation 8 'read' 'stride_read' <Predicate = true> <Delay = 1.00> <CoreInst = "s_axilite">   --->   Core 114 's_axilite' <Latency = 0> <II = 1> <Delay = 1.00> <Adapter> <Opcode : 'read' 'write'>
ST_1 : Operation 9 [1/1] (1.00ns)   --->   "%height_read = read i16 @_ssdm_op_Read.s_axilite.i16, i16 %height"   --->   Operation 9 'read' 'height_read' <Predicate = true> <Delay = 1.00> <CoreInst = "s_axilite">   --->   Core 114 's_axilite' <Latency = 0> <II = 1> <Delay = 1.00> <Adapter> <Opcode : 'read' 'write'>
ST_1 : Operation 10 [1/1] (1.00ns)   --->   "%width_read = read i16 @_ssdm_op_Read.s_axilite.i16, i16 %width"   --->   Operation 10 'read' 'width_read' <Predicate = true> <Delay = 1.00> <CoreInst = "s_axilite">   --->   Core 114 's_axilite' <Latency = 0> <II = 1> <Delay = 1.00> <Adapter> <Opcode : 'read' 'write'>
ST_1 : Operation 11 [1/1] (0.00ns)   --->   "%empty = trunc i16 %video_format_read"   --->   Operation 11 'trunc' 'empty' <Predicate = true> <Delay = 0.00>
ST_1 : Operation 12 [1/1] (0.00ns)   --->   "%empty_45 = trunc i16 %height_read"   --->   Operation 12 'trunc' 'empty_45' <Predicate = true> <Delay = 0.00>
ST_1 : Operation 13 [1/1] (0.00ns)   --->   "%empty_46 = trunc i16 %width_read"   --->   Operation 13 'trunc' 'empty_46' <Predicate = true> <Delay = 0.00>
ST_1 : Operation 14 [1/1] (0.00ns)   --->   "%zext_ln150 = zext i16 %video_format_read" [C:/Users/Santiago/OneDrive/Escritorio/ov5640_sv_ed_800x600_v1/ov5640_sv_ed.runs/design_1_v_frmbuf_wr_0_1_synth_1/prj/sol/.autopilot/db/v_frmbuf_wr.cpp:150]   --->   Operation 14 'zext' 'zext_ln150' <Predicate = true> <Delay = 0.00>
ST_1 : Operation 15 [1/1] (0.00ns)   --->   "%BYTES_PER_PIXEL_addr = getelementptr i3 %BYTES_PER_PIXEL, i32 0, i32 %zext_ln150" [C:/Users/Santiago/OneDrive/Escritorio/ov5640_sv_ed_800x600_v1/ov5640_sv_ed.runs/design_1_v_frmbuf_wr_0_1_synth_1/prj/sol/.autopilot/db/v_frmbuf_wr.cpp:150]   --->   Operation 15 'getelementptr' 'BYTES_PER_PIXEL_addr' <Predicate = true> <Delay = 0.00>
ST_1 : Operation 16 [2/2] (2.32ns)   --->   "%BYTES_PER_PIXEL_load = load i6 %BYTES_PER_PIXEL_addr" [C:/Users/Santiago/OneDrive/Escritorio/ov5640_sv_ed_800x600_v1/ov5640_sv_ed.runs/design_1_v_frmbuf_wr_0_1_synth_1/prj/sol/.autopilot/db/v_frmbuf_wr.cpp:150]   --->   Operation 16 'load' 'BYTES_PER_PIXEL_load' <Predicate = true> <Delay = 2.32> <CoreInst = "ROM">   --->   Core 95 'ROM' <Latency = 1> <II = 1> <Delay = 2.32> <Storage> <Opcode : 'load'> <Ports = 0> <Width = 3> <Depth = 44> <ROM>
ST_1 : Operation 17 [1/1] (0.00ns)   --->   "%trunc_ln150 = trunc i16 %width_read" [C:/Users/Santiago/OneDrive/Escritorio/ov5640_sv_ed_800x600_v1/ov5640_sv_ed.runs/design_1_v_frmbuf_wr_0_1_synth_1/prj/sol/.autopilot/db/v_frmbuf_wr.cpp:150]   --->   Operation 17 'trunc' 'trunc_ln150' <Predicate = true> <Delay = 0.00>
ST_1 : Operation 18 [1/1] (0.00ns)   --->   "%MEMORY2LIVE_addr = getelementptr i3 %MEMORY2LIVE, i32 0, i32 %zext_ln150" [C:/Users/Santiago/OneDrive/Escritorio/ov5640_sv_ed_800x600_v1/ov5640_sv_ed.runs/design_1_v_frmbuf_wr_0_1_synth_1/prj/sol/.autopilot/db/v_frmbuf_wr.cpp:153]   --->   Operation 18 'getelementptr' 'MEMORY2LIVE_addr' <Predicate = true> <Delay = 0.00>
ST_1 : Operation 19 [2/2] (2.32ns)   --->   "%colorFormat = load i6 %MEMORY2LIVE_addr" [C:/Users/Santiago/OneDrive/Escritorio/ov5640_sv_ed_800x600_v1/ov5640_sv_ed.runs/design_1_v_frmbuf_wr_0_1_synth_1/prj/sol/.autopilot/db/v_frmbuf_wr.cpp:153]   --->   Operation 19 'load' 'colorFormat' <Predicate = true> <Delay = 2.32> <CoreInst = "ROM">   --->   Core 95 'ROM' <Latency = 1> <II = 1> <Delay = 2.32> <Storage> <Opcode : 'load'> <Ports = 0> <Width = 3> <Depth = 44> <ROM>

State 2 <SV = 1> <Delay = 2.32>
ST_2 : Operation 20 [1/2] (2.32ns)   --->   "%BYTES_PER_PIXEL_load = load i6 %BYTES_PER_PIXEL_addr" [C:/Users/Santiago/OneDrive/Escritorio/ov5640_sv_ed_800x600_v1/ov5640_sv_ed.runs/design_1_v_frmbuf_wr_0_1_synth_1/prj/sol/.autopilot/db/v_frmbuf_wr.cpp:150]   --->   Operation 20 'load' 'BYTES_PER_PIXEL_load' <Predicate = true> <Delay = 2.32> <CoreInst = "ROM">   --->   Core 95 'ROM' <Latency = 1> <II = 1> <Delay = 2.32> <Storage> <Opcode : 'load'> <Ports = 0> <Width = 3> <Depth = 44> <ROM>
ST_2 : Operation 21 [1/2] (2.32ns)   --->   "%colorFormat = load i6 %MEMORY2LIVE_addr" [C:/Users/Santiago/OneDrive/Escritorio/ov5640_sv_ed_800x600_v1/ov5640_sv_ed.runs/design_1_v_frmbuf_wr_0_1_synth_1/prj/sol/.autopilot/db/v_frmbuf_wr.cpp:153]   --->   Operation 21 'load' 'colorFormat' <Predicate = true> <Delay = 2.32> <CoreInst = "ROM">   --->   Core 95 'ROM' <Latency = 1> <II = 1> <Delay = 2.32> <Storage> <Opcode : 'load'> <Ports = 0> <Width = 3> <Depth = 44> <ROM>

State 3 <SV = 2> <Delay = 5.59>
ST_3 : Operation 22 [1/1] (0.00ns)   --->   "%zext_ln150_1 = zext i3 %BYTES_PER_PIXEL_load" [C:/Users/Santiago/OneDrive/Escritorio/ov5640_sv_ed_800x600_v1/ov5640_sv_ed.runs/design_1_v_frmbuf_wr_0_1_synth_1/prj/sol/.autopilot/db/v_frmbuf_wr.cpp:150]   --->   Operation 22 'zext' 'zext_ln150_1' <Predicate = true> <Delay = 0.00>
ST_3 : Operation 23 [1/1] (5.59ns)   --->   "%mul_ln150 = mul i15 %zext_ln150_1, i15 %trunc_ln150" [C:/Users/Santiago/OneDrive/Escritorio/ov5640_sv_ed_800x600_v1/ov5640_sv_ed.runs/design_1_v_frmbuf_wr_0_1_synth_1/prj/sol/.autopilot/db/v_frmbuf_wr.cpp:150]   --->   Operation 23 'mul' 'mul_ln150' <Predicate = true> <Delay = 5.59> <CoreInst = "Multiplier">   --->   Core 3 'Multiplier' <Latency = 0> <II = 1> <Delay = 5.59> <FuncUnit> <Opcode : 'mul'> <InPorts = 2> <OutPorts = 1>

State 4 <SV = 3> <Delay = 3.63>
ST_4 : Operation 24 [2/2] (3.63ns)   --->   "%call_ln154 = call void @FrmbufWrHlsDataFlow, i24 %s_axis_video_V_data_V, i3 %s_axis_video_V_keep_V, i3 %s_axis_video_V_strb_V, i1 %s_axis_video_V_user_V, i1 %s_axis_video_V_last_V, i1 %s_axis_video_V_id_V, i1 %s_axis_video_V_dest_V, i64 %mm_video, i32 %frm_buffer_read, i15 %mul_ln150, i3 %colorFormat, i13 %empty_46, i12 %empty_45, i16 %stride_read, i6 %empty" [C:/Users/Santiago/OneDrive/Escritorio/ov5640_sv_ed_800x600_v1/ov5640_sv_ed.runs/design_1_v_frmbuf_wr_0_1_synth_1/prj/sol/.autopilot/db/v_frmbuf_wr.cpp:154]   --->   Operation 24 'call' 'call_ln154' <Predicate = true> <Delay = 3.63> <CoreType = "Generic">   --->   Core 0 '' <Latency = 0> <II = 1> <Delay = 1.00> <Generic> <Opcode : >

State 5 <SV = 4> <Delay = 0.00>
ST_5 : Operation 25 [1/1] (0.00ns)   --->   "%spectopmodule_ln73 = spectopmodule void @_ssdm_op_SpecTopModule, void @empty_21" [C:/Users/Santiago/OneDrive/Escritorio/ov5640_sv_ed_800x600_v1/ov5640_sv_ed.runs/design_1_v_frmbuf_wr_0_1_synth_1/prj/sol/.autopilot/db/v_frmbuf_wr.cpp:73]   --->   Operation 25 'spectopmodule' 'spectopmodule_ln73' <Predicate = true> <Delay = 0.00>
ST_5 : Operation 26 [1/1] (0.00ns)   --->   "%specinterface_ln0 = specinterface void @_ssdm_op_SpecInterface, i64 %mm_video, void @empty_13, i32 0, i32 0, void @empty_14, i32 100, i32 2073600, void @empty_15, void @empty_11, void @empty_14, i32 16, i32 4, i32 16, i32 16, void @empty_14, void @empty_14, i32 4294967295, i32 0"   --->   Operation 26 'specinterface' 'specinterface_ln0' <Predicate = true> <Delay = 0.00>
ST_5 : Operation 27 [1/1] (0.00ns)   --->   "%specbitsmap_ln0 = specbitsmap void @_ssdm_op_SpecBitsMap, i64 %mm_video"   --->   Operation 27 'specbitsmap' 'specbitsmap_ln0' <Predicate = true> <Delay = 0.00>
ST_5 : Operation 28 [1/1] (0.00ns)   --->   "%specbitsmap_ln0 = specbitsmap void @_ssdm_op_SpecBitsMap, i16 %width"   --->   Operation 28 'specbitsmap' 'specbitsmap_ln0' <Predicate = true> <Delay = 0.00>
ST_5 : Operation 29 [1/1] (0.00ns)   --->   "%specinterface_ln0 = specinterface void @_ssdm_op_SpecInterface, i16 %width, void @empty_16, i32 0, i32 0, void @empty_14, i32 0, i32 0, void @empty_17, void @empty_18, void @empty_14, i32 0, i32 0, i32 0, i32 0, void @empty_14, void @empty_14, i32 4294967295, i32 0"   --->   Operation 29 'specinterface' 'specinterface_ln0' <Predicate = true> <Delay = 0.00>
ST_5 : Operation 30 [1/1] (0.00ns)   --->   "%specinterface_ln0 = specinterface void @_ssdm_op_SpecInterface, i16 %width, void @empty_19, i32 0, i32 0, void @empty_14, i32 0, i32 0, void @empty_14, void @empty_14, void @empty_14, i32 0, i32 0, i32 0, i32 0, void @empty_14, void @empty_14, i32 4294967295, i32 0"   --->   Operation 30 'specinterface' 'specinterface_ln0' <Predicate = true> <Delay = 0.00>
ST_5 : Operation 31 [1/1] (0.00ns)   --->   "%specbitsmap_ln0 = specbitsmap void @_ssdm_op_SpecBitsMap, i16 %height"   --->   Operation 31 'specbitsmap' 'specbitsmap_ln0' <Predicate = true> <Delay = 0.00>
ST_5 : Operation 32 [1/1] (0.00ns)   --->   "%specinterface_ln0 = specinterface void @_ssdm_op_SpecInterface, i16 %height, void @empty_16, i32 0, i32 0, void @empty_14, i32 0, i32 0, void @empty_17, void @empty_4, void @empty_14, i32 0, i32 0, i32 0, i32 0, void @empty_14, void @empty_14, i32 4294967295, i32 0"   --->   Operation 32 'specinterface' 'specinterface_ln0' <Predicate = true> <Delay = 0.00>
ST_5 : Operation 33 [1/1] (0.00ns)   --->   "%specinterface_ln0 = specinterface void @_ssdm_op_SpecInterface, i16 %height, void @empty_19, i32 0, i32 0, void @empty_14, i32 0, i32 0, void @empty_14, void @empty_14, void @empty_14, i32 0, i32 0, i32 0, i32 0, void @empty_14, void @empty_14, i32 4294967295, i32 0"   --->   Operation 33 'specinterface' 'specinterface_ln0' <Predicate = true> <Delay = 0.00>
ST_5 : Operation 34 [1/1] (0.00ns)   --->   "%specbitsmap_ln0 = specbitsmap void @_ssdm_op_SpecBitsMap, i16 %stride"   --->   Operation 34 'specbitsmap' 'specbitsmap_ln0' <Predicate = true> <Delay = 0.00>
ST_5 : Operation 35 [1/1] (0.00ns)   --->   "%specinterface_ln0 = specinterface void @_ssdm_op_SpecInterface, i16 %stride, void @empty_16, i32 0, i32 0, void @empty_14, i32 0, i32 0, void @empty_17, void @empty_22, void @empty_14, i32 0, i32 0, i32 0, i32 0, void @empty_14, void @empty_14, i32 4294967295, i32 0"   --->   Operation 35 'specinterface' 'specinterface_ln0' <Predicate = true> <Delay = 0.00>
ST_5 : Operation 36 [1/1] (0.00ns)   --->   "%specinterface_ln0 = specinterface void @_ssdm_op_SpecInterface, i16 %stride, void @empty_19, i32 0, i32 0, void @empty_14, i32 0, i32 0, void @empty_14, void @empty_14, void @empty_14, i32 0, i32 0, i32 0, i32 0, void @empty_14, void @empty_14, i32 4294967295, i32 0"   --->   Operation 36 'specinterface' 'specinterface_ln0' <Predicate = true> <Delay = 0.00>
ST_5 : Operation 37 [1/1] (0.00ns)   --->   "%specbitsmap_ln0 = specbitsmap void @_ssdm_op_SpecBitsMap, i16 %video_format"   --->   Operation 37 'specbitsmap' 'specbitsmap_ln0' <Predicate = true> <Delay = 0.00>
ST_5 : Operation 38 [1/1] (0.00ns)   --->   "%specinterface_ln0 = specinterface void @_ssdm_op_SpecInterface, i16 %video_format, void @empty_16, i32 0, i32 0, void @empty_14, i32 0, i32 0, void @empty_17, void @empty_23, void @empty_14, i32 0, i32 0, i32 0, i32 0, void @empty_14, void @empty_14, i32 4294967295, i32 0"   --->   Operation 38 'specinterface' 'specinterface_ln0' <Predicate = true> <Delay = 0.00>
ST_5 : Operation 39 [1/1] (0.00ns)   --->   "%specinterface_ln0 = specinterface void @_ssdm_op_SpecInterface, i16 %video_format, void @empty_19, i32 0, i32 0, void @empty_14, i32 0, i32 0, void @empty_14, void @empty_14, void @empty_14, i32 0, i32 0, i32 0, i32 0, void @empty_14, void @empty_14, i32 4294967295, i32 0"   --->   Operation 39 'specinterface' 'specinterface_ln0' <Predicate = true> <Delay = 0.00>
ST_5 : Operation 40 [1/1] (0.00ns)   --->   "%specinterface_ln0 = specinterface void @_ssdm_op_SpecInterface, i32 %frm_buffer, void @empty_16, i32 0, i32 0, void @empty_14, i32 0, i32 0, void @empty_17, void @empty_24, void @empty_14, i32 0, i32 0, i32 0, i32 0, void @empty_14, void @empty_25, i32 4294967295, i32 0"   --->   Operation 40 'specinterface' 'specinterface_ln0' <Predicate = true> <Delay = 0.00>
ST_5 : Operation 41 [1/1] (0.00ns)   --->   "%specinterface_ln0 = specinterface void @_ssdm_op_SpecInterface, i32 %frm_buffer, void @empty_19, i32 0, i32 0, void @empty_14, i32 0, i32 0, void @empty_14, void @empty_14, void @empty_14, i32 0, i32 0, i32 0, i32 0, void @empty_14, void @empty_25, i32 4294967295, i32 0"   --->   Operation 41 'specinterface' 'specinterface_ln0' <Predicate = true> <Delay = 0.00>
ST_5 : Operation 42 [1/1] (0.00ns)   --->   "%specinterface_ln0 = specinterface void @_ssdm_op_SpecInterface, i32 %frm_buffer2, void @empty_16, i32 0, i32 0, void @empty_14, i32 0, i32 0, void @empty_17, void @empty_26, void @empty_14, i32 0, i32 0, i32 0, i32 0, void @empty_14, void @empty_25, i32 4294967295, i32 0"   --->   Operation 42 'specinterface' 'specinterface_ln0' <Predicate = true> <Delay = 0.00>
ST_5 : Operation 43 [1/1] (0.00ns)   --->   "%specinterface_ln0 = specinterface void @_ssdm_op_SpecInterface, i32 %frm_buffer2, void @empty_19, i32 0, i32 0, void @empty_14, i32 0, i32 0, void @empty_14, void @empty_14, void @empty_14, i32 0, i32 0, i32 0, i32 0, void @empty_14, void @empty_25, i32 4294967295, i32 0"   --->   Operation 43 'specinterface' 'specinterface_ln0' <Predicate = true> <Delay = 0.00>
ST_5 : Operation 44 [1/1] (0.00ns)   --->   "%specinterface_ln0 = specinterface void @_ssdm_op_SpecInterface, i32 %frm_buffer3, void @empty_16, i32 0, i32 0, void @empty_14, i32 0, i32 0, void @empty_17, void @empty, void @empty_14, i32 0, i32 0, i32 0, i32 0, void @empty_14, void @empty_25, i32 4294967295, i32 0"   --->   Operation 44 'specinterface' 'specinterface_ln0' <Predicate = true> <Delay = 0.00>
ST_5 : Operation 45 [1/1] (0.00ns)   --->   "%specinterface_ln0 = specinterface void @_ssdm_op_SpecInterface, i32 %frm_buffer3, void @empty_19, i32 0, i32 0, void @empty_14, i32 0, i32 0, void @empty_14, void @empty_14, void @empty_14, i32 0, i32 0, i32 0, i32 0, void @empty_14, void @empty_25, i32 4294967295, i32 0"   --->   Operation 45 'specinterface' 'specinterface_ln0' <Predicate = true> <Delay = 0.00>
ST_5 : Operation 46 [1/1] (0.00ns)   --->   "%specinterface_ln0 = specinterface void @_ssdm_op_SpecInterface, i24 %s_axis_video_V_data_V, i3 %s_axis_video_V_keep_V, i3 %s_axis_video_V_strb_V, i1 %s_axis_video_V_user_V, i1 %s_axis_video_V_last_V, i1 %s_axis_video_V_id_V, i1 %s_axis_video_V_dest_V, void @empty_0, i32 1, i32 1, void @empty_1, i32 0, i32 0, void @empty_14, void @empty_14, void @empty_14, i32 0, i32 0, i32 0, i32 0, void @empty_14, void @empty_14, i32 4294967295, i32 0"   --->   Operation 46 'specinterface' 'specinterface_ln0' <Predicate = true> <Delay = 0.00>
ST_5 : Operation 47 [1/1] (0.00ns)   --->   "%specbitsmap_ln0 = specbitsmap void @_ssdm_op_SpecBitsMap, i24 %s_axis_video_V_data_V"   --->   Operation 47 'specbitsmap' 'specbitsmap_ln0' <Predicate = true> <Delay = 0.00>
ST_5 : Operation 48 [1/1] (0.00ns)   --->   "%specbitsmap_ln0 = specbitsmap void @_ssdm_op_SpecBitsMap, i3 %s_axis_video_V_keep_V"   --->   Operation 48 'specbitsmap' 'specbitsmap_ln0' <Predicate = true> <Delay = 0.00>
ST_5 : Operation 49 [1/1] (0.00ns)   --->   "%specbitsmap_ln0 = specbitsmap void @_ssdm_op_SpecBitsMap, i3 %s_axis_video_V_strb_V"   --->   Operation 49 'specbitsmap' 'specbitsmap_ln0' <Predicate = true> <Delay = 0.00>
ST_5 : Operation 50 [1/1] (0.00ns)   --->   "%specbitsmap_ln0 = specbitsmap void @_ssdm_op_SpecBitsMap, i1 %s_axis_video_V_user_V"   --->   Operation 50 'specbitsmap' 'specbitsmap_ln0' <Predicate = true> <Delay = 0.00>
ST_5 : Operation 51 [1/1] (0.00ns)   --->   "%specbitsmap_ln0 = specbitsmap void @_ssdm_op_SpecBitsMap, i1 %s_axis_video_V_last_V"   --->   Operation 51 'specbitsmap' 'specbitsmap_ln0' <Predicate = true> <Delay = 0.00>
ST_5 : Operation 52 [1/1] (0.00ns)   --->   "%specbitsmap_ln0 = specbitsmap void @_ssdm_op_SpecBitsMap, i1 %s_axis_video_V_id_V"   --->   Operation 52 'specbitsmap' 'specbitsmap_ln0' <Predicate = true> <Delay = 0.00>
ST_5 : Operation 53 [1/1] (0.00ns)   --->   "%specbitsmap_ln0 = specbitsmap void @_ssdm_op_SpecBitsMap, i1 %s_axis_video_V_dest_V"   --->   Operation 53 'specbitsmap' 'specbitsmap_ln0' <Predicate = true> <Delay = 0.00>
ST_5 : Operation 54 [1/1] (0.00ns)   --->   "%specinterface_ln0 = specinterface void @_ssdm_op_SpecInterface, i32 0, void @empty_16, i32 0, i32 0, void @empty_14, i32 0, i32 0, void @empty_17, void @empty_14, void @empty_14, i32 0, i32 0, i32 0, i32 0, void @empty_14, void @empty_14, i32 4294967295, i32 0"   --->   Operation 54 'specinterface' 'specinterface_ln0' <Predicate = true> <Delay = 0.00>
ST_5 : Operation 55 [1/1] (0.00ns)   --->   "%specstablecontent_ln99 = specstablecontent void @_ssdm_op_SpecStableContent, i16 %width, void " [C:/Users/Santiago/OneDrive/Escritorio/ov5640_sv_ed_800x600_v1/ov5640_sv_ed.runs/design_1_v_frmbuf_wr_0_1_synth_1/prj/sol/.autopilot/db/v_frmbuf_wr.cpp:99]   --->   Operation 55 'specstablecontent' 'specstablecontent_ln99' <Predicate = true> <Delay = 0.00>
ST_5 : Operation 56 [1/1] (0.00ns)   --->   "%specstablecontent_ln101 = specstablecontent void @_ssdm_op_SpecStableContent, i16 %height, void " [C:/Users/Santiago/OneDrive/Escritorio/ov5640_sv_ed_800x600_v1/ov5640_sv_ed.runs/design_1_v_frmbuf_wr_0_1_synth_1/prj/sol/.autopilot/db/v_frmbuf_wr.cpp:101]   --->   Operation 56 'specstablecontent' 'specstablecontent_ln101' <Predicate = true> <Delay = 0.00>
ST_5 : Operation 57 [1/1] (0.00ns)   --->   "%specstablecontent_ln103 = specstablecontent void @_ssdm_op_SpecStableContent, i16 %stride, void " [C:/Users/Santiago/OneDrive/Escritorio/ov5640_sv_ed_800x600_v1/ov5640_sv_ed.runs/design_1_v_frmbuf_wr_0_1_synth_1/prj/sol/.autopilot/db/v_frmbuf_wr.cpp:103]   --->   Operation 57 'specstablecontent' 'specstablecontent_ln103' <Predicate = true> <Delay = 0.00>
ST_5 : Operation 58 [1/1] (0.00ns)   --->   "%specstablecontent_ln105 = specstablecontent void @_ssdm_op_SpecStableContent, i16 %video_format, void " [C:/Users/Santiago/OneDrive/Escritorio/ov5640_sv_ed_800x600_v1/ov5640_sv_ed.runs/design_1_v_frmbuf_wr_0_1_synth_1/prj/sol/.autopilot/db/v_frmbuf_wr.cpp:105]   --->   Operation 58 'specstablecontent' 'specstablecontent_ln105' <Predicate = true> <Delay = 0.00>
ST_5 : Operation 59 [1/2] (0.00ns)   --->   "%call_ln154 = call void @FrmbufWrHlsDataFlow, i24 %s_axis_video_V_data_V, i3 %s_axis_video_V_keep_V, i3 %s_axis_video_V_strb_V, i1 %s_axis_video_V_user_V, i1 %s_axis_video_V_last_V, i1 %s_axis_video_V_id_V, i1 %s_axis_video_V_dest_V, i64 %mm_video, i32 %frm_buffer_read, i15 %mul_ln150, i3 %colorFormat, i13 %empty_46, i12 %empty_45, i16 %stride_read, i6 %empty" [C:/Users/Santiago/OneDrive/Escritorio/ov5640_sv_ed_800x600_v1/ov5640_sv_ed.runs/design_1_v_frmbuf_wr_0_1_synth_1/prj/sol/.autopilot/db/v_frmbuf_wr.cpp:154]   --->   Operation 59 'call' 'call_ln154' <Predicate = true> <Delay = 0.00> <CoreType = "Generic">   --->   Core 0 '' <Latency = 0> <II = 1> <Delay = 1.00> <Generic> <Opcode : >
ST_5 : Operation 60 [1/1] (0.00ns)   --->   "%specaxissidechannel_ln160 = specaxissidechannel void @_ssdm_op_SpecAXISSideChannel, i24 %s_axis_video_V_data_V, i3 %s_axis_video_V_keep_V, i3 %s_axis_video_V_strb_V, i1 %s_axis_video_V_user_V, i1 %s_axis_video_V_last_V, i1 %s_axis_video_V_id_V, i1 %s_axis_video_V_dest_V, void @empty_2" [C:/Users/Santiago/OneDrive/Escritorio/ov5640_sv_ed_800x600_v1/ov5640_sv_ed.runs/design_1_v_frmbuf_wr_0_1_synth_1/prj/sol/.autopilot/db/v_frmbuf_wr.cpp:160]   --->   Operation 60 'specaxissidechannel' 'specaxissidechannel_ln160' <Predicate = true> <Delay = 0.00>
ST_5 : Operation 61 [1/1] (0.00ns)   --->   "%ret_ln160 = ret" [C:/Users/Santiago/OneDrive/Escritorio/ov5640_sv_ed_800x600_v1/ov5640_sv_ed.runs/design_1_v_frmbuf_wr_0_1_synth_1/prj/sol/.autopilot/db/v_frmbuf_wr.cpp:160]   --->   Operation 61 'ret' 'ret_ln160' <Predicate = true> <Delay = 0.00>


============================================================
+ Verbose Summary: Binding
============================================================
STG Binding: 
---------------- STG Properties BEGIN ----------------
- Is combinational: 0
- Is one-state seq: 0
- Is datapath-only: 0
- Is pipelined: 0
- Is top level: 1
Port [ Return ] is wired: 1; IO mode=ap_ctrl_hs:ce=0
Port [ mm_video]:  wired=1; compound=1; hidden=0; nouse=0; global=0; static=0; extern=0; dir=1; type=4; pingpong=0; private_global=0; IO mode=m_axi:ce=0
Port [ width]:  wired=1; compound=0; hidden=0; nouse=0; global=0; static=0; extern=0; dir=0; type=0; pingpong=0; private_global=0; IO mode=ap_none:ce=0
Port [ height]:  wired=1; compound=0; hidden=0; nouse=0; global=0; static=0; extern=0; dir=0; type=0; pingpong=0; private_global=0; IO mode=ap_none:ce=0
Port [ stride]:  wired=1; compound=0; hidden=0; nouse=0; global=0; static=0; extern=0; dir=0; type=0; pingpong=0; private_global=0; IO mode=ap_none:ce=0
Port [ video_format]:  wired=1; compound=0; hidden=0; nouse=0; global=0; static=0; extern=0; dir=0; type=0; pingpong=0; private_global=0; IO mode=ap_none:ce=0
Port [ frm_buffer]:  wired=1; compound=0; hidden=0; nouse=0; global=0; static=0; extern=0; dir=0; type=0; pingpong=0; private_global=0; IO mode=ap_none:ce=0
Port [ frm_buffer2]:  wired=1; compound=0; hidden=0; nouse=1; global=0; static=0; extern=0; dir=0; type=0; pingpong=0; private_global=0; IO mode=ap_none:ce=0
Port [ frm_buffer3]:  wired=1; compound=0; hidden=0; nouse=1; global=0; static=0; extern=0; dir=0; type=0; pingpong=0; private_global=0; IO mode=ap_none:ce=0
Port [ s_axis_video_V_data_V]:  wired=1; compound=1; hidden=0; nouse=0; global=0; static=0; extern=0; dir=0; type=0; pingpong=0; private_global=0; IO mode=axis:ce=0
Port [ s_axis_video_V_keep_V]:  wired=1; compound=1; hidden=0; nouse=0; global=0; static=0; extern=0; dir=0; type=0; pingpong=0; private_global=0; IO mode=axis:ce=0
Port [ s_axis_video_V_strb_V]:  wired=1; compound=1; hidden=0; nouse=0; global=0; static=0; extern=0; dir=0; type=0; pingpong=0; private_global=0; IO mode=axis:ce=0
Port [ s_axis_video_V_user_V]:  wired=1; compound=1; hidden=0; nouse=0; global=0; static=0; extern=0; dir=0; type=0; pingpong=0; private_global=0; IO mode=axis:ce=0
Port [ s_axis_video_V_last_V]:  wired=1; compound=1; hidden=0; nouse=0; global=0; static=0; extern=0; dir=0; type=0; pingpong=0; private_global=0; IO mode=axis:ce=0
Port [ s_axis_video_V_id_V]:  wired=1; compound=1; hidden=0; nouse=0; global=0; static=0; extern=0; dir=0; type=0; pingpong=0; private_global=0; IO mode=axis:ce=0
Port [ s_axis_video_V_dest_V]:  wired=1; compound=1; hidden=0; nouse=0; global=0; static=0; extern=0; dir=0; type=0; pingpong=0; private_global=0; IO mode=axis:ce=0
Port [ BYTES_PER_PIXEL]:  wired=0; compound=1; hidden=1; nouse=0; global=1; static=1; extern=0; dir=0; type=1; pingpong=0; private_global=1; MemPort=[1]; IO mode=ap_memory:ce=0
Port [ MEMORY2LIVE]:  wired=0; compound=1; hidden=1; nouse=0; global=1; static=1; extern=0; dir=0; type=1; pingpong=0; private_global=1; MemPort=[1]; IO mode=ap_memory:ce=0
---------------- STG Properties END ------------------

---------------- Datapath Model BEGIN ----------------

<LifeTime>
<method=bitvector/>
frm_buffer_read           (read               ) [ 001111]
video_format_read         (read               ) [ 000000]
stride_read               (read               ) [ 001111]
height_read               (read               ) [ 000000]
width_read                (read               ) [ 000000]
empty                     (trunc              ) [ 001111]
empty_45                  (trunc              ) [ 001111]
empty_46                  (trunc              ) [ 001111]
zext_ln150                (zext               ) [ 000000]
BYTES_PER_PIXEL_addr      (getelementptr      ) [ 001000]
trunc_ln150               (trunc              ) [ 001100]
MEMORY2LIVE_addr          (getelementptr      ) [ 001000]
BYTES_PER_PIXEL_load      (load               ) [ 000100]
colorFormat               (load               ) [ 000111]
zext_ln150_1              (zext               ) [ 000000]
mul_ln150                 (mul                ) [ 000011]
spectopmodule_ln73        (spectopmodule      ) [ 000000]
specinterface_ln0         (specinterface      ) [ 000000]
specbitsmap_ln0           (specbitsmap        ) [ 000000]
specbitsmap_ln0           (specbitsmap        ) [ 000000]
specinterface_ln0         (specinterface      ) [ 000000]
specinterface_ln0         (specinterface      ) [ 000000]
specbitsmap_ln0           (specbitsmap        ) [ 000000]
specinterface_ln0         (specinterface      ) [ 000000]
specinterface_ln0         (specinterface      ) [ 000000]
specbitsmap_ln0           (specbitsmap        ) [ 000000]
specinterface_ln0         (specinterface      ) [ 000000]
specinterface_ln0         (specinterface      ) [ 000000]
specbitsmap_ln0           (specbitsmap        ) [ 000000]
specinterface_ln0         (specinterface      ) [ 000000]
specinterface_ln0         (specinterface      ) [ 000000]
specinterface_ln0         (specinterface      ) [ 000000]
specinterface_ln0         (specinterface      ) [ 000000]
specinterface_ln0         (specinterface      ) [ 000000]
specinterface_ln0         (specinterface      ) [ 000000]
specinterface_ln0         (specinterface      ) [ 000000]
specinterface_ln0         (specinterface      ) [ 000000]
specinterface_ln0         (specinterface      ) [ 000000]
specbitsmap_ln0           (specbitsmap        ) [ 000000]
specbitsmap_ln0           (specbitsmap        ) [ 000000]
specbitsmap_ln0           (specbitsmap        ) [ 000000]
specbitsmap_ln0           (specbitsmap        ) [ 000000]
specbitsmap_ln0           (specbitsmap        ) [ 000000]
specbitsmap_ln0           (specbitsmap        ) [ 000000]
specbitsmap_ln0           (specbitsmap        ) [ 000000]
specinterface_ln0         (specinterface      ) [ 000000]
specstablecontent_ln99    (specstablecontent  ) [ 000000]
specstablecontent_ln101   (specstablecontent  ) [ 000000]
specstablecontent_ln103   (specstablecontent  ) [ 000000]
specstablecontent_ln105   (specstablecontent  ) [ 000000]
call_ln154                (call               ) [ 000000]
specaxissidechannel_ln160 (specaxissidechannel) [ 000000]
ret_ln160                 (ret                ) [ 000000]
</LifeTime>

<model>

<comp_list>
<comp id="0" class="1000" name="mm_video">
<pin_list>
<pin id="1" dir="1" index="0" bw="1" slack="0"/>
</pin_list>
<bind>
<StgValue><ssdm name="mm_video"/></StgValue>
</bind>
</comp>

<comp id="2" class="1000" name="width">
<pin_list>
<pin id="3" dir="1" index="0" bw="1" slack="0"/>
</pin_list>
<bind>
<StgValue><ssdm name="width"/></StgValue>
</bind>
</comp>

<comp id="4" class="1000" name="height">
<pin_list>
<pin id="5" dir="1" index="0" bw="1" slack="0"/>
</pin_list>
<bind>
<StgValue><ssdm name="height"/></StgValue>
</bind>
</comp>

<comp id="6" class="1000" name="stride">
<pin_list>
<pin id="7" dir="1" index="0" bw="1" slack="0"/>
</pin_list>
<bind>
<StgValue><ssdm name="stride"/></StgValue>
</bind>
</comp>

<comp id="8" class="1000" name="video_format">
<pin_list>
<pin id="9" dir="1" index="0" bw="1" slack="0"/>
</pin_list>
<bind>
<StgValue><ssdm name="video_format"/></StgValue>
</bind>
</comp>

<comp id="10" class="1000" name="frm_buffer">
<pin_list>
<pin id="11" dir="1" index="0" bw="1" slack="0"/>
</pin_list>
<bind>
<StgValue><ssdm name="frm_buffer"/></StgValue>
</bind>
</comp>

<comp id="12" class="1000" name="frm_buffer2">
<pin_list>
<pin id="13" dir="1" index="0" bw="1" slack="2147483647"/>
</pin_list>
<bind>
<StgValue><ssdm name="frm_buffer2"/></StgValue>
</bind>
</comp>

<comp id="14" class="1000" name="frm_buffer3">
<pin_list>
<pin id="15" dir="1" index="0" bw="1" slack="2147483647"/>
</pin_list>
<bind>
<StgValue><ssdm name="frm_buffer3"/></StgValue>
</bind>
</comp>

<comp id="16" class="1000" name="s_axis_video_V_data_V">
<pin_list>
<pin id="17" dir="1" index="0" bw="1" slack="0"/>
</pin_list>
<bind>
<StgValue><ssdm name="s_axis_video_V_data_V"/></StgValue>
</bind>
</comp>

<comp id="18" class="1000" name="s_axis_video_V_keep_V">
<pin_list>
<pin id="19" dir="1" index="0" bw="1" slack="0"/>
</pin_list>
<bind>
<StgValue><ssdm name="s_axis_video_V_keep_V"/></StgValue>
</bind>
</comp>

<comp id="20" class="1000" name="s_axis_video_V_strb_V">
<pin_list>
<pin id="21" dir="1" index="0" bw="1" slack="0"/>
</pin_list>
<bind>
<StgValue><ssdm name="s_axis_video_V_strb_V"/></StgValue>
</bind>
</comp>

<comp id="22" class="1000" name="s_axis_video_V_user_V">
<pin_list>
<pin id="23" dir="1" index="0" bw="1" slack="0"/>
</pin_list>
<bind>
<StgValue><ssdm name="s_axis_video_V_user_V"/></StgValue>
</bind>
</comp>

<comp id="24" class="1000" name="s_axis_video_V_last_V">
<pin_list>
<pin id="25" dir="1" index="0" bw="1" slack="0"/>
</pin_list>
<bind>
<StgValue><ssdm name="s_axis_video_V_last_V"/></StgValue>
</bind>
</comp>

<comp id="26" class="1000" name="s_axis_video_V_id_V">
<pin_list>
<pin id="27" dir="1" index="0" bw="1" slack="0"/>
</pin_list>
<bind>
<StgValue><ssdm name="s_axis_video_V_id_V"/></StgValue>
</bind>
</comp>

<comp id="28" class="1000" name="s_axis_video_V_dest_V">
<pin_list>
<pin id="29" dir="1" index="0" bw="1" slack="0"/>
</pin_list>
<bind>
<StgValue><ssdm name="s_axis_video_V_dest_V"/></StgValue>
</bind>
</comp>

<comp id="30" class="1000" name="BYTES_PER_PIXEL">
<pin_list>
<pin id="31" dir="1" index="0" bw="1" slack="0"/>
</pin_list>
<bind>
<StgValue><ssdm name="BYTES_PER_PIXEL"/><MemPortTyVec>1 </MemPortTyVec>
</StgValue>
</bind>
</comp>

<comp id="32" class="1000" name="MEMORY2LIVE">
<pin_list>
<pin id="33" dir="1" index="0" bw="1" slack="0"/>
</pin_list>
<bind>
<StgValue><ssdm name="MEMORY2LIVE"/><MemPortTyVec>1 </MemPortTyVec>
</StgValue>
</bind>
</comp>

<comp id="34" class="1001" name="const_34">
<pin_list>
<pin id="35" dir="1" index="0" bw="1" slack="0"/>
</pin_list>
<bind>
<StgValue><ssdm name="_ssdm_op_Read.s_axilite.i32"/></StgValue>
</bind>
</comp>

<comp id="36" class="1001" name="const_36">
<pin_list>
<pin id="37" dir="1" index="0" bw="1" slack="0"/>
</pin_list>
<bind>
<StgValue><ssdm name="_ssdm_op_Read.s_axilite.i16"/></StgValue>
</bind>
</comp>

<comp id="38" class="1001" name="const_38">
<pin_list>
<pin id="39" dir="1" index="0" bw="1" slack="0"/>
</pin_list>
<bind>
<StgValue><ssdm name=""/></StgValue>
</bind>
</comp>

<comp id="40" class="1001" name="const_40">
<pin_list>
<pin id="41" dir="1" index="0" bw="1" slack="0"/>
</pin_list>
<bind>
<StgValue><ssdm name="FrmbufWrHlsDataFlow"/></StgValue>
</bind>
</comp>

<comp id="42" class="1001" name="const_42">
<pin_list>
<pin id="43" dir="1" index="0" bw="1" slack="2147483647"/>
</pin_list>
<bind>
<StgValue><ssdm name="_ssdm_op_SpecTopModule"/></StgValue>
</bind>
</comp>

<comp id="44" class="1001" name="const_44">
<pin_list>
<pin id="45" dir="1" index="0" bw="1" slack="2147483647"/>
</pin_list>
<bind>
<StgValue><ssdm name="empty_21"/></StgValue>
</bind>
</comp>

<comp id="46" class="1001" name="const_46">
<pin_list>
<pin id="47" dir="1" index="0" bw="1" slack="2147483647"/>
</pin_list>
<bind>
<StgValue><ssdm name="_ssdm_op_SpecInterface"/></StgValue>
</bind>
</comp>

<comp id="48" class="1001" name="const_48">
<pin_list>
<pin id="49" dir="1" index="0" bw="1" slack="2147483647"/>
</pin_list>
<bind>
<StgValue><ssdm name="empty_13"/></StgValue>
</bind>
</comp>

<comp id="50" class="1001" name="const_50">
<pin_list>
<pin id="51" dir="1" index="0" bw="1" slack="2147483647"/>
</pin_list>
<bind>
<StgValue><ssdm name="empty_14"/></StgValue>
</bind>
</comp>

<comp id="52" class="1001" name="const_52">
<pin_list>
<pin id="53" dir="1" index="0" bw="1" slack="2147483647"/>
</pin_list>
<bind>
<StgValue><ssdm name=""/></StgValue>
</bind>
</comp>

<comp id="54" class="1001" name="const_54">
<pin_list>
<pin id="55" dir="1" index="0" bw="1" slack="2147483647"/>
</pin_list>
<bind>
<StgValue><ssdm name=""/></StgValue>
</bind>
</comp>

<comp id="56" class="1001" name="const_56">
<pin_list>
<pin id="57" dir="1" index="0" bw="1" slack="2147483647"/>
</pin_list>
<bind>
<StgValue><ssdm name="empty_15"/></StgValue>
</bind>
</comp>

<comp id="58" class="1001" name="const_58">
<pin_list>
<pin id="59" dir="1" index="0" bw="1" slack="2147483647"/>
</pin_list>
<bind>
<StgValue><ssdm name="empty_11"/></StgValue>
</bind>
</comp>

<comp id="60" class="1001" name="const_60">
<pin_list>
<pin id="61" dir="1" index="0" bw="1" slack="2147483647"/>
</pin_list>
<bind>
<StgValue><ssdm name=""/></StgValue>
</bind>
</comp>

<comp id="62" class="1001" name="const_62">
<pin_list>
<pin id="63" dir="1" index="0" bw="1" slack="2147483647"/>
</pin_list>
<bind>
<StgValue><ssdm name=""/></StgValue>
</bind>
</comp>

<comp id="64" class="1001" name="const_64">
<pin_list>
<pin id="65" dir="1" index="0" bw="1" slack="2147483647"/>
</pin_list>
<bind>
<StgValue><ssdm name=""/></StgValue>
</bind>
</comp>

<comp id="66" class="1001" name="const_66">
<pin_list>
<pin id="67" dir="1" index="0" bw="1" slack="2147483647"/>
</pin_list>
<bind>
<StgValue><ssdm name="_ssdm_op_SpecBitsMap"/></StgValue>
</bind>
</comp>

<comp id="68" class="1001" name="const_68">
<pin_list>
<pin id="69" dir="1" index="0" bw="1" slack="2147483647"/>
</pin_list>
<bind>
<StgValue><ssdm name="empty_16"/></StgValue>
</bind>
</comp>

<comp id="70" class="1001" name="const_70">
<pin_list>
<pin id="71" dir="1" index="0" bw="1" slack="2147483647"/>
</pin_list>
<bind>
<StgValue><ssdm name="empty_17"/></StgValue>
</bind>
</comp>

<comp id="72" class="1001" name="const_72">
<pin_list>
<pin id="73" dir="1" index="0" bw="1" slack="2147483647"/>
</pin_list>
<bind>
<StgValue><ssdm name="empty_18"/></StgValue>
</bind>
</comp>

<comp id="74" class="1001" name="const_74">
<pin_list>
<pin id="75" dir="1" index="0" bw="1" slack="2147483647"/>
</pin_list>
<bind>
<StgValue><ssdm name="empty_19"/></StgValue>
</bind>
</comp>

<comp id="76" class="1001" name="const_76">
<pin_list>
<pin id="77" dir="1" index="0" bw="1" slack="2147483647"/>
</pin_list>
<bind>
<StgValue><ssdm name="empty_4"/></StgValue>
</bind>
</comp>

<comp id="78" class="1001" name="const_78">
<pin_list>
<pin id="79" dir="1" index="0" bw="1" slack="2147483647"/>
</pin_list>
<bind>
<StgValue><ssdm name="empty_22"/></StgValue>
</bind>
</comp>

<comp id="80" class="1001" name="const_80">
<pin_list>
<pin id="81" dir="1" index="0" bw="1" slack="2147483647"/>
</pin_list>
<bind>
<StgValue><ssdm name="empty_23"/></StgValue>
</bind>
</comp>

<comp id="82" class="1001" name="const_82">
<pin_list>
<pin id="83" dir="1" index="0" bw="1" slack="2147483647"/>
</pin_list>
<bind>
<StgValue><ssdm name="empty_24"/></StgValue>
</bind>
</comp>

<comp id="84" class="1001" name="const_84">
<pin_list>
<pin id="85" dir="1" index="0" bw="1" slack="2147483647"/>
</pin_list>
<bind>
<StgValue><ssdm name="empty_25"/></StgValue>
</bind>
</comp>

<comp id="86" class="1001" name="const_86">
<pin_list>
<pin id="87" dir="1" index="0" bw="1" slack="2147483647"/>
</pin_list>
<bind>
<StgValue><ssdm name="empty_26"/></StgValue>
</bind>
</comp>

<comp id="88" class="1001" name="const_88">
<pin_list>
<pin id="89" dir="1" index="0" bw="1" slack="2147483647"/>
</pin_list>
<bind>
<StgValue><ssdm name="empty"/></StgValue>
</bind>
</comp>

<comp id="90" class="1001" name="const_90">
<pin_list>
<pin id="91" dir="1" index="0" bw="1" slack="2147483647"/>
</pin_list>
<bind>
<StgValue><ssdm name="empty_0"/></StgValue>
</bind>
</comp>

<comp id="92" class="1001" name="const_92">
<pin_list>
<pin id="93" dir="1" index="0" bw="1" slack="2147483647"/>
</pin_list>
<bind>
<StgValue><ssdm name=""/></StgValue>
</bind>
</comp>

<comp id="94" class="1001" name="const_94">
<pin_list>
<pin id="95" dir="1" index="0" bw="1" slack="2147483647"/>
</pin_list>
<bind>
<StgValue><ssdm name="empty_1"/></StgValue>
</bind>
</comp>

<comp id="96" class="1001" name="const_96">
<pin_list>
<pin id="97" dir="1" index="0" bw="1" slack="2147483647"/>
</pin_list>
<bind>
<StgValue><ssdm name="_ssdm_op_SpecStableContent"/></StgValue>
</bind>
</comp>

<comp id="98" class="1001" name="const_98">
<pin_list>
<pin id="99" dir="1" index="0" bw="1" slack="2147483647"/>
</pin_list>
<bind>
<StgValue><ssdm name=""/></StgValue>
</bind>
</comp>

<comp id="100" class="1001" name="const_100">
<pin_list>
<pin id="101" dir="1" index="0" bw="1" slack="2147483647"/>
</pin_list>
<bind>
<StgValue><ssdm name="_ssdm_op_SpecAXISSideChannel"/></StgValue>
</bind>
</comp>

<comp id="102" class="1001" name="const_102">
<pin_list>
<pin id="103" dir="1" index="0" bw="1" slack="2147483647"/>
</pin_list>
<bind>
<StgValue><ssdm name="empty_2"/></StgValue>
</bind>
</comp>

<comp id="104" class="1004" name="frm_buffer_read_read_fu_104">
<pin_list>
<pin id="105" dir="0" index="0" bw="32" slack="0"/>
<pin id="106" dir="0" index="1" bw="32" slack="0"/>
<pin id="107" dir="1" index="2" bw="32" slack="3"/>
</pin_list>
<bind>
<opcode="read(1150) " fcode="read"/>
<opset="frm_buffer_read/1 "/>
</bind>
</comp>

<comp id="110" class="1004" name="video_format_read_read_fu_110">
<pin_list>
<pin id="111" dir="0" index="0" bw="16" slack="0"/>
<pin id="112" dir="0" index="1" bw="16" slack="0"/>
<pin id="113" dir="1" index="2" bw="16" slack="0"/>
</pin_list>
<bind>
<opcode="read(1150) " fcode="read"/>
<opset="video_format_read/1 "/>
</bind>
</comp>

<comp id="116" class="1004" name="stride_read_read_fu_116">
<pin_list>
<pin id="117" dir="0" index="0" bw="16" slack="0"/>
<pin id="118" dir="0" index="1" bw="16" slack="0"/>
<pin id="119" dir="1" index="2" bw="16" slack="3"/>
</pin_list>
<bind>
<opcode="read(1150) " fcode="read"/>
<opset="stride_read/1 "/>
</bind>
</comp>

<comp id="122" class="1004" name="height_read_read_fu_122">
<pin_list>
<pin id="123" dir="0" index="0" bw="16" slack="0"/>
<pin id="124" dir="0" index="1" bw="16" slack="0"/>
<pin id="125" dir="1" index="2" bw="16" slack="0"/>
</pin_list>
<bind>
<opcode="read(1150) " fcode="read"/>
<opset="height_read/1 "/>
</bind>
</comp>

<comp id="128" class="1004" name="width_read_read_fu_128">
<pin_list>
<pin id="129" dir="0" index="0" bw="16" slack="0"/>
<pin id="130" dir="0" index="1" bw="16" slack="0"/>
<pin id="131" dir="1" index="2" bw="16" slack="0"/>
</pin_list>
<bind>
<opcode="read(1150) " fcode="read"/>
<opset="width_read/1 "/>
</bind>
</comp>

<comp id="134" class="1004" name="BYTES_PER_PIXEL_addr_gep_fu_134">
<pin_list>
<pin id="135" dir="0" index="0" bw="3" slack="0"/>
<pin id="136" dir="0" index="1" bw="1" slack="0"/>
<pin id="137" dir="0" index="2" bw="16" slack="0"/>
<pin id="138" dir="1" index="3" bw="6" slack="0"/>
</pin_list>
<bind>
<opcode="getelementptr(29) " fcode="getelementptr"/>
<opset="BYTES_PER_PIXEL_addr/1 "/>
</bind>
</comp>

<comp id="141" class="1004" name="grp_access_fu_141">
<pin_list>
<pin id="142" dir="0" index="0" bw="6" slack="0"/>
<pin id="143" dir="0" index="1" bw="3" slack="2147483647"/>
<pin id="144" dir="0" index="2" bw="0" slack="2147483647"/>
<pin id="145" dir="1" index="3" bw="3" slack="1"/>
</pin_list>
<bind>
<opcode="load(27) " fcode="load"/>
<opset="BYTES_PER_PIXEL_load/1 "/>
</bind>
</comp>

<comp id="147" class="1004" name="MEMORY2LIVE_addr_gep_fu_147">
<pin_list>
<pin id="148" dir="0" index="0" bw="3" slack="0"/>
<pin id="149" dir="0" index="1" bw="1" slack="0"/>
<pin id="150" dir="0" index="2" bw="16" slack="0"/>
<pin id="151" dir="1" index="3" bw="6" slack="0"/>
</pin_list>
<bind>
<opcode="getelementptr(29) " fcode="getelementptr"/>
<opset="MEMORY2LIVE_addr/1 "/>
</bind>
</comp>

<comp id="154" class="1004" name="grp_access_fu_154">
<pin_list>
<pin id="155" dir="0" index="0" bw="6" slack="0"/>
<pin id="156" dir="0" index="1" bw="3" slack="2147483647"/>
<pin id="157" dir="0" index="2" bw="0" slack="2147483647"/>
<pin id="158" dir="1" index="3" bw="3" slack="2"/>
</pin_list>
<bind>
<opcode="load(27) " fcode="load"/>
<opset="colorFormat/1 "/>
</bind>
</comp>

<comp id="160" class="1004" name="grp_FrmbufWrHlsDataFlow_fu_160">
<pin_list>
<pin id="161" dir="0" index="0" bw="0" slack="0"/>
<pin id="162" dir="0" index="1" bw="24" slack="0"/>
<pin id="163" dir="0" index="2" bw="3" slack="0"/>
<pin id="164" dir="0" index="3" bw="3" slack="0"/>
<pin id="165" dir="0" index="4" bw="1" slack="0"/>
<pin id="166" dir="0" index="5" bw="1" slack="0"/>
<pin id="167" dir="0" index="6" bw="1" slack="0"/>
<pin id="168" dir="0" index="7" bw="1" slack="0"/>
<pin id="169" dir="0" index="8" bw="64" slack="0"/>
<pin id="170" dir="0" index="9" bw="32" slack="3"/>
<pin id="171" dir="0" index="10" bw="15" slack="1"/>
<pin id="172" dir="0" index="11" bw="3" slack="2"/>
<pin id="173" dir="0" index="12" bw="13" slack="3"/>
<pin id="174" dir="0" index="13" bw="12" slack="3"/>
<pin id="175" dir="0" index="14" bw="16" slack="3"/>
<pin id="176" dir="0" index="15" bw="6" slack="3"/>
<pin id="177" dir="1" index="16" bw="0" slack="2147483647"/>
</pin_list>
<bind>
<opcode="call(48) " fcode="call"/>
<opset="call_ln154/4 "/>
</bind>
</comp>

<comp id="187" class="1004" name="empty_fu_187">
<pin_list>
<pin id="188" dir="0" index="0" bw="16" slack="0"/>
<pin id="189" dir="1" index="1" bw="6" slack="3"/>
</pin_list>
<bind>
<opcode="trunc(33) " fcode="trunc"/>
<opset="empty/1 "/>
</bind>
</comp>

<comp id="191" class="1004" name="empty_45_fu_191">
<pin_list>
<pin id="192" dir="0" index="0" bw="16" slack="0"/>
<pin id="193" dir="1" index="1" bw="12" slack="3"/>
</pin_list>
<bind>
<opcode="trunc(33) " fcode="trunc"/>
<opset="empty_45/1 "/>
</bind>
</comp>

<comp id="195" class="1004" name="empty_46_fu_195">
<pin_list>
<pin id="196" dir="0" index="0" bw="16" slack="0"/>
<pin id="197" dir="1" index="1" bw="13" slack="3"/>
</pin_list>
<bind>
<opcode="trunc(33) " fcode="trunc"/>
<opset="empty_46/1 "/>
</bind>
</comp>

<comp id="199" class="1004" name="zext_ln150_fu_199">
<pin_list>
<pin id="200" dir="0" index="0" bw="16" slack="0"/>
<pin id="201" dir="1" index="1" bw="32" slack="0"/>
</pin_list>
<bind>
<opcode="zext(34) " fcode="zext"/>
<opset="zext_ln150/1 "/>
</bind>
</comp>

<comp id="205" class="1004" name="trunc_ln150_fu_205">
<pin_list>
<pin id="206" dir="0" index="0" bw="16" slack="0"/>
<pin id="207" dir="1" index="1" bw="15" slack="2"/>
</pin_list>
<bind>
<opcode="trunc(33) " fcode="trunc"/>
<opset="trunc_ln150/1 "/>
</bind>
</comp>

<comp id="209" class="1004" name="zext_ln150_1_fu_209">
<pin_list>
<pin id="210" dir="0" index="0" bw="3" slack="1"/>
<pin id="211" dir="1" index="1" bw="15" slack="0"/>
</pin_list>
<bind>
<opcode="zext(34) " fcode="zext"/>
<opset="zext_ln150_1/3 "/>
</bind>
</comp>

<comp id="212" class="1004" name="mul_ln150_fu_212">
<pin_list>
<pin id="213" dir="0" index="0" bw="3" slack="0"/>
<pin id="214" dir="0" index="1" bw="15" slack="2"/>
<pin id="215" dir="1" index="2" bw="15" slack="1"/>
</pin_list>
<bind>
<opcode="mul(12) " fcode="mul"/>
<opset="mul_ln150/3 "/>
</bind>
</comp>

<comp id="217" class="1005" name="frm_buffer_read_reg_217">
<pin_list>
<pin id="218" dir="0" index="0" bw="32" slack="3"/>
<pin id="219" dir="1" index="1" bw="32" slack="3"/>
</pin_list>
<bind>
<opset="frm_buffer_read "/>
</bind>
</comp>

<comp id="222" class="1005" name="stride_read_reg_222">
<pin_list>
<pin id="223" dir="0" index="0" bw="16" slack="3"/>
<pin id="224" dir="1" index="1" bw="16" slack="3"/>
</pin_list>
<bind>
<opset="stride_read "/>
</bind>
</comp>

<comp id="227" class="1005" name="empty_reg_227">
<pin_list>
<pin id="228" dir="0" index="0" bw="6" slack="3"/>
<pin id="229" dir="1" index="1" bw="6" slack="3"/>
</pin_list>
<bind>
<opset="empty "/>
</bind>
</comp>

<comp id="232" class="1005" name="empty_45_reg_232">
<pin_list>
<pin id="233" dir="0" index="0" bw="12" slack="3"/>
<pin id="234" dir="1" index="1" bw="12" slack="3"/>
</pin_list>
<bind>
<opset="empty_45 "/>
</bind>
</comp>

<comp id="237" class="1005" name="empty_46_reg_237">
<pin_list>
<pin id="238" dir="0" index="0" bw="13" slack="3"/>
<pin id="239" dir="1" index="1" bw="13" slack="3"/>
</pin_list>
<bind>
<opset="empty_46 "/>
</bind>
</comp>

<comp id="242" class="1005" name="BYTES_PER_PIXEL_addr_reg_242">
<pin_list>
<pin id="243" dir="0" index="0" bw="6" slack="1"/>
<pin id="244" dir="1" index="1" bw="6" slack="1"/>
</pin_list>
<bind>
<opset="BYTES_PER_PIXEL_addr "/>
</bind>
</comp>

<comp id="247" class="1005" name="trunc_ln150_reg_247">
<pin_list>
<pin id="248" dir="0" index="0" bw="15" slack="2"/>
<pin id="249" dir="1" index="1" bw="15" slack="2"/>
</pin_list>
<bind>
<opset="trunc_ln150 "/>
</bind>
</comp>

<comp id="252" class="1005" name="MEMORY2LIVE_addr_reg_252">
<pin_list>
<pin id="253" dir="0" index="0" bw="6" slack="1"/>
<pin id="254" dir="1" index="1" bw="6" slack="1"/>
</pin_list>
<bind>
<opset="MEMORY2LIVE_addr "/>
</bind>
</comp>

<comp id="257" class="1005" name="BYTES_PER_PIXEL_load_reg_257">
<pin_list>
<pin id="258" dir="0" index="0" bw="3" slack="1"/>
<pin id="259" dir="1" index="1" bw="3" slack="1"/>
</pin_list>
<bind>
<opset="BYTES_PER_PIXEL_load "/>
</bind>
</comp>

<comp id="262" class="1005" name="colorFormat_reg_262">
<pin_list>
<pin id="263" dir="0" index="0" bw="3" slack="2"/>
<pin id="264" dir="1" index="1" bw="3" slack="2"/>
</pin_list>
<bind>
<opset="colorFormat "/>
</bind>
</comp>

<comp id="267" class="1005" name="mul_ln150_reg_267">
<pin_list>
<pin id="268" dir="0" index="0" bw="15" slack="1"/>
<pin id="269" dir="1" index="1" bw="15" slack="1"/>
</pin_list>
<bind>
<opset="mul_ln150 "/>
</bind>
</comp>

</comp_list>

<net_list>
<net id="108"><net_src comp="34" pin="0"/><net_sink comp="104" pin=0"/></net>

<net id="109"><net_src comp="10" pin="0"/><net_sink comp="104" pin=1"/></net>

<net id="114"><net_src comp="36" pin="0"/><net_sink comp="110" pin=0"/></net>

<net id="115"><net_src comp="8" pin="0"/><net_sink comp="110" pin=1"/></net>

<net id="120"><net_src comp="36" pin="0"/><net_sink comp="116" pin=0"/></net>

<net id="121"><net_src comp="6" pin="0"/><net_sink comp="116" pin=1"/></net>

<net id="126"><net_src comp="36" pin="0"/><net_sink comp="122" pin=0"/></net>

<net id="127"><net_src comp="4" pin="0"/><net_sink comp="122" pin=1"/></net>

<net id="132"><net_src comp="36" pin="0"/><net_sink comp="128" pin=0"/></net>

<net id="133"><net_src comp="2" pin="0"/><net_sink comp="128" pin=1"/></net>

<net id="139"><net_src comp="30" pin="0"/><net_sink comp="134" pin=0"/></net>

<net id="140"><net_src comp="38" pin="0"/><net_sink comp="134" pin=1"/></net>

<net id="146"><net_src comp="134" pin="3"/><net_sink comp="141" pin=0"/></net>

<net id="152"><net_src comp="32" pin="0"/><net_sink comp="147" pin=0"/></net>

<net id="153"><net_src comp="38" pin="0"/><net_sink comp="147" pin=1"/></net>

<net id="159"><net_src comp="147" pin="3"/><net_sink comp="154" pin=0"/></net>

<net id="178"><net_src comp="40" pin="0"/><net_sink comp="160" pin=0"/></net>

<net id="179"><net_src comp="16" pin="0"/><net_sink comp="160" pin=1"/></net>

<net id="180"><net_src comp="18" pin="0"/><net_sink comp="160" pin=2"/></net>

<net id="181"><net_src comp="20" pin="0"/><net_sink comp="160" pin=3"/></net>

<net id="182"><net_src comp="22" pin="0"/><net_sink comp="160" pin=4"/></net>

<net id="183"><net_src comp="24" pin="0"/><net_sink comp="160" pin=5"/></net>

<net id="184"><net_src comp="26" pin="0"/><net_sink comp="160" pin=6"/></net>

<net id="185"><net_src comp="28" pin="0"/><net_sink comp="160" pin=7"/></net>

<net id="186"><net_src comp="0" pin="0"/><net_sink comp="160" pin=8"/></net>

<net id="190"><net_src comp="110" pin="2"/><net_sink comp="187" pin=0"/></net>

<net id="194"><net_src comp="122" pin="2"/><net_sink comp="191" pin=0"/></net>

<net id="198"><net_src comp="128" pin="2"/><net_sink comp="195" pin=0"/></net>

<net id="202"><net_src comp="110" pin="2"/><net_sink comp="199" pin=0"/></net>

<net id="203"><net_src comp="199" pin="1"/><net_sink comp="134" pin=2"/></net>

<net id="204"><net_src comp="199" pin="1"/><net_sink comp="147" pin=2"/></net>

<net id="208"><net_src comp="128" pin="2"/><net_sink comp="205" pin=0"/></net>

<net id="216"><net_src comp="209" pin="1"/><net_sink comp="212" pin=0"/></net>

<net id="220"><net_src comp="104" pin="2"/><net_sink comp="217" pin=0"/></net>

<net id="221"><net_src comp="217" pin="1"/><net_sink comp="160" pin=9"/></net>

<net id="225"><net_src comp="116" pin="2"/><net_sink comp="222" pin=0"/></net>

<net id="226"><net_src comp="222" pin="1"/><net_sink comp="160" pin=14"/></net>

<net id="230"><net_src comp="187" pin="1"/><net_sink comp="227" pin=0"/></net>

<net id="231"><net_src comp="227" pin="1"/><net_sink comp="160" pin=15"/></net>

<net id="235"><net_src comp="191" pin="1"/><net_sink comp="232" pin=0"/></net>

<net id="236"><net_src comp="232" pin="1"/><net_sink comp="160" pin=13"/></net>

<net id="240"><net_src comp="195" pin="1"/><net_sink comp="237" pin=0"/></net>

<net id="241"><net_src comp="237" pin="1"/><net_sink comp="160" pin=12"/></net>

<net id="245"><net_src comp="134" pin="3"/><net_sink comp="242" pin=0"/></net>

<net id="246"><net_src comp="242" pin="1"/><net_sink comp="141" pin=0"/></net>

<net id="250"><net_src comp="205" pin="1"/><net_sink comp="247" pin=0"/></net>

<net id="251"><net_src comp="247" pin="1"/><net_sink comp="212" pin=1"/></net>

<net id="255"><net_src comp="147" pin="3"/><net_sink comp="252" pin=0"/></net>

<net id="256"><net_src comp="252" pin="1"/><net_sink comp="154" pin=0"/></net>

<net id="260"><net_src comp="141" pin="3"/><net_sink comp="257" pin=0"/></net>

<net id="261"><net_src comp="257" pin="1"/><net_sink comp="209" pin=0"/></net>

<net id="265"><net_src comp="154" pin="3"/><net_sink comp="262" pin=0"/></net>

<net id="266"><net_src comp="262" pin="1"/><net_sink comp="160" pin=11"/></net>

<net id="270"><net_src comp="212" pin="2"/><net_sink comp="267" pin=0"/></net>

<net id="271"><net_src comp="267" pin="1"/><net_sink comp="160" pin=10"/></net>

</net_list>

</model> 
---------------- Datapath Model END ------------------

* FSMD analyzer results:
  - Output states:
	Port: mm_video | {4 5 }
 - Input state : 
	Port: v_frmbuf_wr : width | {1 }
	Port: v_frmbuf_wr : height | {1 }
	Port: v_frmbuf_wr : stride | {1 }
	Port: v_frmbuf_wr : video_format | {1 }
	Port: v_frmbuf_wr : frm_buffer | {1 }
	Port: v_frmbuf_wr : s_axis_video_V_data_V | {4 5 }
	Port: v_frmbuf_wr : s_axis_video_V_keep_V | {4 5 }
	Port: v_frmbuf_wr : s_axis_video_V_strb_V | {4 5 }
	Port: v_frmbuf_wr : s_axis_video_V_user_V | {4 5 }
	Port: v_frmbuf_wr : s_axis_video_V_last_V | {4 5 }
	Port: v_frmbuf_wr : s_axis_video_V_id_V | {4 5 }
	Port: v_frmbuf_wr : s_axis_video_V_dest_V | {4 5 }
	Port: v_frmbuf_wr : BYTES_PER_PIXEL | {1 2 }
	Port: v_frmbuf_wr : MEMORY2LIVE | {1 2 }
  - Chain level:
	State 1
		BYTES_PER_PIXEL_addr : 1
		BYTES_PER_PIXEL_load : 2
		MEMORY2LIVE_addr : 1
		colorFormat : 2
	State 2
	State 3
		mul_ln150 : 1
	State 4
	State 5


============================================================
+ Verbose Summary: Datapath Resource usage 
============================================================

* Functional unit list:
|----------|--------------------------------|---------|---------|---------|---------|
| Operation|         Functional Unit        |   DSP   |  Delay  |    FF   |   LUT   |
|----------|--------------------------------|---------|---------|---------|---------|
|   call   | grp_FrmbufWrHlsDataFlow_fu_160 |    0    |  9.528  |   1099  |   493   |
|----------|--------------------------------|---------|---------|---------|---------|
|    mul   |        mul_ln150_fu_212        |    0    |    0    |    0    |    6    |
|----------|--------------------------------|---------|---------|---------|---------|
|          |   frm_buffer_read_read_fu_104  |    0    |    0    |    0    |    0    |
|          |  video_format_read_read_fu_110 |    0    |    0    |    0    |    0    |
|   read   |     stride_read_read_fu_116    |    0    |    0    |    0    |    0    |
|          |     height_read_read_fu_122    |    0    |    0    |    0    |    0    |
|          |     width_read_read_fu_128     |    0    |    0    |    0    |    0    |
|----------|--------------------------------|---------|---------|---------|---------|
|          |          empty_fu_187          |    0    |    0    |    0    |    0    |
|   trunc  |         empty_45_fu_191        |    0    |    0    |    0    |    0    |
|          |         empty_46_fu_195        |    0    |    0    |    0    |    0    |
|          |       trunc_ln150_fu_205       |    0    |    0    |    0    |    0    |
|----------|--------------------------------|---------|---------|---------|---------|
|   zext   |        zext_ln150_fu_199       |    0    |    0    |    0    |    0    |
|          |       zext_ln150_1_fu_209      |    0    |    0    |    0    |    0    |
|----------|--------------------------------|---------|---------|---------|---------|
|   Total  |                                |    0    |  9.528  |   1099  |   499   |
|----------|--------------------------------|---------|---------|---------|---------|

Memories:
+---------------+--------+--------+--------+
|               |  BRAM  |   FF   |   LUT  |
+---------------+--------+--------+--------+
|BYTES_PER_PIXEL|    0   |    3   |    3   |
|  MEMORY2LIVE  |    0   |    3   |    3   |
+---------------+--------+--------+--------+
|     Total     |    0   |    6   |    6   |
+---------------+--------+--------+--------+

* Register list:
+----------------------------+--------+
|                            |   FF   |
+----------------------------+--------+
|BYTES_PER_PIXEL_addr_reg_242|    6   |
|BYTES_PER_PIXEL_load_reg_257|    3   |
|  MEMORY2LIVE_addr_reg_252  |    6   |
|     colorFormat_reg_262    |    3   |
|      empty_45_reg_232      |   12   |
|      empty_46_reg_237      |   13   |
|        empty_reg_227       |    6   |
|   frm_buffer_read_reg_217  |   32   |
|      mul_ln150_reg_267     |   15   |
|     stride_read_reg_222    |   16   |
|     trunc_ln150_reg_247    |   15   |
+----------------------------+--------+
|            Total           |   127  |
+----------------------------+--------+

* Multiplexer (MUX) list: 
|-------------------|------|------|------|--------||---------||---------|
|        Comp       |  Pin | Size |  BW  | S x BW ||  Delay  ||   LUT   |
|-------------------|------|------|------|--------||---------||---------|
| grp_access_fu_141 |  p0  |   2  |   6  |   12   ||    9    |
| grp_access_fu_154 |  p0  |   2  |   6  |   12   ||    9    |
|-------------------|------|------|------|--------||---------||---------|
|       Total       |      |      |      |   24   ||  3.176  ||    18   |
|-------------------|------|------|------|--------||---------||---------|



* Summary:
+-----------+--------+--------+--------+--------+--------+
|           |  BRAM  |   DSP  |  Delay |   FF   |   LUT  |
+-----------+--------+--------+--------+--------+--------+
|  Function |    -   |    0   |    9   |  1099  |   499  |
|   Memory  |    0   |    -   |    -   |    6   |    6   |
|Multiplexer|    -   |    -   |    3   |    -   |   18   |
|  Register |    -   |    -   |    -   |   127  |    -   |
+-----------+--------+--------+--------+--------+--------+
|   Total   |    0   |    0   |   12   |  1232  |   523  |
+-----------+--------+--------+--------+--------+--------+
